592139741195915	5150271
592139841223247	488790
592139941235508	1333108355
592141374018673	323666
592141474020040	323232
592141574041926	333543
592141674043056	325539
592141774049991	324131
592141874051858	323778
592141974059024	324934
592142074060296	3720103
592142174067131	265768
592142274069363	263950
592142374072342	263546
592142474073515	263786
592142574081705	265077
592142674084151	263555
592142774085492	263735
592142874086814	263971
592142974099418	265318
592143074100867	3400462
592143174102999	263767
592143274106039	263609
592143374108297	263771
592143474109721	263815
592143574120613	265291
592143674121262	263912
592143774122697	263614
592143874124136	263784
592143974125297	263841
592144074128938	3453198
592144174142269	266945
592144274143707	264126
592144374144892	263956
592144474146000	264238
592144574148986	263996
592144674149778	264160
592144774151024	264480
592144874152407	263906
592144974153565	263700
592145074154696	3449479
592145174156604	264021
592145274157865	263635
592145374159083	263886
592145474160577	264042
592145574162114	263916
592145674162615	264063
592145774163868	263924
592145874165108	263726
592145974174665	265308
592146074175973	3422141
592146174177461	263948
592146274178976	263708
592146374180134	263767
592146474181336	263911
592146574182518	263784
592146674183319	263751
592146774184500	263711
592146874193676	265417
592146974195613	369187
592147074197171	4053913
592147174200020	369509
592147274201359	263328
592147374205468	264048
592147474206766	264105
592147574207965	263880
592147674208750	264114
592147774209849	263777
592147874211211	263849
592147974212308	263620
592148074213431	3296891
592148174214950	263793
592148274216420	263880
592148374217578	264076
592148474218739	263542
592148574219989	263839
592148674220812	265648
592148774222147	263626
592148874232463	265399
592148974233724	264156
592149074236719	3404630
592149174238559	263725
592149274240019	263878
592149374241209	263557
592149474242377	263687
592149574243514	263802
592149674247245	264059
592149774248896	263688
592149874251045	264157
592149974252317	636219716
592150710209855	3556816
592150810211968	263994
592150910212724	264273
592151010213927	264298
592151110215117	263966
592151210216336	263828
592151310217596	264310
592151410219573	263951
592151510220935	263685
592151610222348	263850
592151710224495	3350028
592151810226615	263552
592151910229719	263874
592152010230944	263832
592152110232188	263968
592152210233310	263943
592152310234566	263905
592152410235436	264029
592152510238496	263719
592152610239593	263830
592152710248656	3403966
592152810250788	264035
592152910251662	263939
592153010255489	263822
592153110256770	263880
592153210258045	263933
592153310259162	264012
592153410260021	263836
592153510261976	264069
592153610263251	263790
592153710264524	3307694
592153810266544	264287
592153910267825	263787
592154010269137	265769
592154110270298	263725
592154210271439	263988
592154310272537	263956
592154410273498	264013
592154510274659	263912
592154610275805	264130
592154710279680	3299156
592154810281754	264095
592154910282961	263819
592155010284213	263710
592155110285471	263607
592155210286734	263834
592155310287818	263944
592155410289804	263960
592155510291356	263897
592155610292965	263793
592155710295066	3279435
592155810297144	264067
592155910298325	264027
592156010300263	264048
592156110301460	263830
592156210302537	263706
592156310305605	263922
592156410306508	263855
592156510307691	263697
592156610308825	263897
592156710309978	3301870
592156810312179	263913
592156910320577	264368
592157010324093	265969
592157110325331	263817
592157210329248	263954
592157310330325	263920
592157410333120	264134
592157510334295	263723
592157610335464	263765
592157710337622	3385022
592157810340087	264319
592157910340841	264155
592158010342107	264029
592158110343307	263656
592158210344421	263929
592158310345592	263805
592158410346147	263772
592158510347335	263983
592158610348443	263592
592158710349649	3305448
592158810353106	264359
592158910354302	263969
592159010369814	230762
592159110370774	221667
592159210371802	221721
592159310372813	221742
592159410374467	221887
592159510437154	231207
592159610438408	221528
592159710439788	2936211
592159810445530	232291
592159910452035	222880
592160010460646	378255077
592160488506612	223470
592160588512742	227944
592160688519401	224288
592160788524476	223313
592160888530379	225925
592160988536323	223656
592161088542319	3674343
592161188547406	254232
592161288552661	222695
592161388557926	244115
592161488560066	231837
592161588562909	224375
592161688564211	222115
592161788565021	221527
592161888566223	221618
592161988567468	224272
592162088568661	2992850
592162188571299	222607
592162288572621	222147
592162388573990	230972
592162488575404	230801
592162588576902	231268
592162688578144	222350
592162788587365	222512
592162888588920	231138
592162988590736	231171
592163088592213	3045890
592163188594126	231192
592163288595323	230910
592163388597280	230928
592163488598862	231001
592163588600942	221935
592163688602526	222449
592163788603623	221523
592163888605346	221803
592163988606761	221702
592164088608529	3008480
592164188610593	221763
592164288611857	230897
592164388612983	231194
592164488614087	221755
592164588615167	230842
592164688616083	221547
592164788616855	231043
592164888618023	221927
592164988619110	221564
592165088620505	3028461
592165188622242	221785
592165288623050	221654
592165388624058	221608
592165488625284	221743
592165588626730	230868
592165688628495	222223
592165788629309	230813
592165888630617	230845
592165988631688	230891
592166088632706	2907630
592166188634436	221722
592166288635040	221614
592166388636111	221905
592166488637134	221596
592166588638071	221462
592166688639888	221942
592166788641071	230940
592166888642612	231085
592166988643633	221569
592167088644678	2981185
592167188646588	230953
592167288647097	231067
592167388648829	235756
592167488649826	221581
592167588650741	221832
592167688652474	222341
592167788653241	221730
592167888654398	221619
592167988655353	221681
592168088656420	2915425
592168188658417	221740
592168288659254	221499
592168388660346	221381
592168488661635	221760
592168588664515	230744
592168688666313	231660
592168788667035	240446
592168888668272	221590
592168988669310	221747
592169088670379	2919004
592169188672245	221542
592169288673033	221730
592169388674054	221509
592169488675109	221789
592169588676017	221696
592169688676952	221554
592169788682308	223416
592169888688944	223238
592169988706528	379026084
592170467515532	3664661
592170567522341	226039
592170667528084	223410
592170767534479	225619
592170867541023	224857
592170967547289	224073
592171067553212	223776
592171167557605	241115
592171267563023	223224
592171367569022	241071
592171467570532	3223551
592171567575108	225466
592171667576821	222459
592171767578638	222004
592171867579870	222148
592171967580875	227475
592172067581813	227429
592172167582707	222260
592172267583803	227369
592172367584708	223522
592172467585649	2971987
592172567589258	234079
592172667589954	221709
592172767591011	221516
592172867594123	221705
592172967595816	221825
592173067596858	221554
592173167599807	221368
592173267600988	293613
592173367609325	294341
592173467612041	3060776
592173567622972	226452
592173667625405	221627
592173767626453	221330
592173867628070	222457
592173967630911	225942
592174067631933	243095
592174167632663	225443
592174267636376	231918
592174367638395	236935
592174467639965	3052343
592174567641938	232504
592174667643559	225596
592174767644689	230909
592174867645898	221599
592174967647297	222200
592175067655685	223750
592175167660522	231051
592175267669018	225796
592175367673204	232446
592175467679719	3621992
592175567689629	234917
592175667690684	230789
592175767691712	231050
592175867694173	225696
592175967699007	224164
592176067702440	222343
592176167705255	231571
592176267709103	224516
592176367711236	222041
592176467716555	3958967
592176567724003	303798
592176667730562	539027
592176767736041	233608
592176867740088	222179
592176967742155	224030
592177067760579	231479
592177167761502	222071
592177267762662	230987
592177367763683	233884
592177467764644	3114655
592177567769878	223028
592177667770490	238212
592177767771509	257967
592177867772742	237952
592177967815851	248013
592178067817061	245292
592178167817807	241359
592178267818876	241342
592178367820056	233575
592178467821007	2975210
592178567822791	236779
592178667823262	234124
592178767824233	256647
592178867825331	242267
592178967826238	245901
592179067827122	240825
592179167827733	241259
592179267828736	238253
592179367830669	237726
592179467831883	2972973
592179567833610	240693
592179667834266	247073
592179767838305	236681
592179867845036	244402
592179967849522	378568766
592180446197994	224043
592180546203747	223187
592180646210302	223539
592180746216058	234820
592180846221667	3080069
592180946227405	223751
592181046231987	223198
592181146244112	237066
592181246254731	223364
592181346260373	239581
592181446262152	222500
592181546269627	221957
592181646274545	223525
592181746277978	222494
592181846279085	3213882
592181946280793	225643
592182046281451	223261
592182146282536	221702
592182246283516	223133
592182346284487	223519
592182446285533	222021
592182546286229	221616
592182646287244	221825
592182746289006	221492
592182846290269	2927761
592182946291978	221932
592183046293614	221596
592183146294667	221788
592183246295708	221879
592183346296627	223590
592183446298692	222197
592183546300178	222001
592183646301267	221500
592183746303059	221569
592183846304320	2944481
592183946306044	221765
592184046306835	235777
592184146308020	221497
592184246309163	221931
592184346310243	221729
592184446311238	221689
592184546312993	221951
592184646314329	221546
592184746316166	238957
592184846319161	2892500
592184946320917	221739
592185046321574	221429
592185146322642	221709
592185246323873	221443
592185346324851	221605
592185446326152	221844
592185546327234	239877
592185646328453	221848
592185746329516	240140
592185846330576	2967102
592185946332335	221710
592186046332978	221434
592186146333985	221699
592186246336809	221339
592186346337755	221502
592186446338677	221590
592186546339398	221503
592186646340386	221722
592186746342220	221750
592186846346337	2914000
592186946348058	221929
592187046350555	239283
592187146351529	221648
592187246352457	221529
592187346353510	221663
592187446355306	221838
592187546356141	221400
592187646359022	221490
592187746360787	221969
592187846361951	2882384
592187946363753	221492
592188046364366	221477
592188146365742	221791
592188246366806	221539
592188346368156	221721
592188446369248	236213
592188546369966	221691
592188646371003	236487
592188746372024	221580
592188846373809	2959460
592188946375537	221584
592189046378018	221393
592189146379042	223610
592189246380017	221380
592189346381718	221819
592189446382787	221744
592189546383624	221484
592189646384597	221840
592189746385604	221732
592189846391726	3568798
592189946395873	378297623
592190424485420	223039
592190524491615	226856
592190624497413	227529
592190724503694	227559
592190824510284	226522
592190924515522	223179
592191024521856	226019
592191124526832	232254
592191224530486	3414816
592191324535548	224074
592191424537821	233623
592191524539107	233257
592191624540238	222208
592191724541249	221760
592191824542252	222056
592191924543208	221384
592192024547223	340516
592192124552231	223246
592192224555928	3069130
592192324558236	231960
592192424560203	222112
592192524561607	241493
592192624562744	241904
592192724564002	224466
592192824567272	231389
592192924572173	232086
592193024574851	221712
592193124575973	221752
592193224577059	3027418
592193324578788	221951
592193424579381	221665
592193524581176	221970
592193624582180	222337
592193724583249	222192
592193824584408	222015
592193924585127	221632
592194024586911	236314
592194124588017	240475
592194224588984	2977553
592194324590883	221702
592194424591652	221716
592194524592731	221601
592194624593762	221357
592194724594798	221707
592194824595782	230876
592194924596724	221718
592195024597781	221547
592195124598777	221576
592195224599838	2946217
592195324601532	221675
592195424603335	222338
592195524604809	235950
592195624606056	230887
592195724607216	230687
592195824608178	235579
592195924608955	221722
592196024611809	221429
592196124612890	221681
592196224614131	2971163
592196324618492	233835
592196424660012	231130
592196524661368	231029
592196624662539	230557
592196724663791	221673
592196824664876	230756
592196924665903	231421
592197024667802	231528
592197124669020	231118
592197224670301	3095646
592197324672107	231383
592197424672911	230985
592197524673973	230901
592197624674973	230884
592197724676973	232506
592197824678447	221840
592197924679300	221772
592198024680273	221882
592198124681273	221847
592198224682394	3014196
592198324684112	221970
592198424685186	230912
592198524686174	231019
592198624687160	236444
592198724688954	223575
592198824690094	221793
592198924690940	221754
592199024694458	223784
592199124698487	223460
592199224701445	3565216
592199324704372	235711
592199424706624	222226
592199524708194	221638
592199624709296	221712
592199724712530	224190
592199824717918	232710
592199924723949	379432588
592200403916639	251318
592200503922603	256248
592200603928418	3095415
592200703935080	258111
592200803941474	241851
592200903948512	255566
592201003952762	252863
592201103958772	248757
592201203964176	238513
592201303969479	248656
592201403971620	250607
592201503978613	254267
592201603981772	3095604
592201703999330	235013
592201804019266	231426
592201904020817	231608
592202004022121	231407
592202104023958	231214
592202204056090	230976
592202304057180	230879
592202404058235	230975
592202504059429	231106
592202604060412	2968416
592202704062498	231199
592202804063648	231082
592202904065154	231378
592203004066937	230881
592203104069776	230942
592203204070888	230998
592203304071937	230982
592203404073823	230906
592203504075135	231052
592203604076850	2903664
592203704086556	233675
592203804087672	231079
592203904089083	230903
592204004090064	230592
592204104091125	231206
592204204092545	230703
592204304093701	230776
592204404094898	243166
592204504095968	230753
592204604097085	3040161
592204704099092	230906
592204804100431	230844
592204904101724	230700
592205004102770	243469
592205104103803	243198
592205204104913	232830
592205304107577	242508
592205404108594	242741
592205504110109	242658
592205604111533	2936356
592205704113282	231309
592205804114141	242381
592205904115422	230939
592206004116508	230823
592206104119314	230602
592206204120364	230869
592206304120845	230839
592206404121924	241035
592206504122899	242317
592206604123864	2929916
592206704125764	240533
592206804126542	242183
592206904129621	241919
592207004131075	230651
592207104132910	240763
592207204133904	241719
592207304134739	241162
592207404136636	241746
592207504139683	241252
592207604140667	3034268
592207704142438	240793
592207804143267	241037
592207904144672	241565
592208004145833	241595
592208104146913	241077
592208204147919	241345
592208304148779	241318
592208404149815	241669
592208504150787	240772
592208604151834	2886846
592208704153624	239303
592208804154408	240543
592208904155599	240675
592209004156758	230517
592209104157933	240273
592209204158971	241221
592209304159915	230793
592209404160902	230905
592209504161912	230808
592209604162886	2923754
592209704164671	230821
592209804168460	232063
592209904174342	378286954
592210382243792	224421
592210482250696	225785
592210582256364	225475
592210682261244	223084
592210782267349	223266
592210882274316	223637
592210982280588	3126739
592211082286135	232116
592211182291664	232189
592211282297189	223114
592211382301740	223240
592211482303156	222110
592211582304470	221741
592211682305819	241478
592211782309035	242956
592211882310418	221541
592211982311790	3187443
592212082313657	236164
592212182314935	223808
592212282318145	221599
592212382319563	221635
592212482320889	221651
592212582324038	230842
592212682325152	221616
592212782326474	221849
592212882327837	221648
592212982329180	2923477
592213082332792	221841
592213182333967	221522
592213282335215	221773
592213382336682	230733
592213482338009	221720
592213582339532	232959
592213682342788	221664
592213782344587	221639
592213882346582	231488
592213982348666	2932844
592214082350929	230953
592214182352752	231067
592214282354183	221772
592214382355649	230854
592214482358880	221622
592214582360228	221766
592214682361342	221718
592214782362900	230865
592214882413590	230932
592214982415245	2964658
592215082417083	221788
592215182418322	221720
592215282420060	231073
592215382421512	230888
592215482423020	231244
592215582424486	221937
592215682425743	231121
592215782427199	231087
592215882428796	234041
592215982430319	2933825
592216082432186	222925
592216182433894	230953
592216282435975	231007
592216382437727	221660
592216482439603	221696
592216582441409	221972
592216682442894	231082
592216782444520	231136
592216882446373	221905
592216982456263	2995966
592217082458131	222966
592217182459523	221671
592217282461027	231335
592217382462475	221992
592217482463889	227110
592217582465803	234888
592217682467075	221731
592217782468615	221652
592217882470033	221512
592217982471497	2901334
592218082473641	231135
592218182474848	221785
592218282476279	221980
592218382477744	250167
592218482479193	230915
592218582480532	221827
592218682481679	221626
592218782483124	240081
592218882484462	221705
592218982485776	2920950
592219082487625	230810
592219182488753	221770
592219282490229	231105
592219382491604	221771
592219482494829	221943
592219582496391	225678
592219682497952	221450
592219782504022	232761
592219882510465	224479
592219982512091	381126792
592220459985967	276800
592220560009119	254779
592220660016229	248728
592220760023775	246603
592220860030419	246125
592220960037665	241926
592221060044599	253783
592221160050425	240541
592221260053879	222537
592221360055809	3381689
592221460057781	222222
592221560059137	222425
592221660060537	231663
592221760062412	234003
592221860064567	243241
592221960067269	243302
592222060069717	231677
592222160071292	243336
592222260072857	221852
592222360074412	2984246
592222460076280	221976
592222560077600	230951
592222660078979	222076
592222760080344	221779
592222860081790	221974
592222960083166	222018
592223060084291	221823
592223160085765	231114
592223260087083	221486
592223360088477	2876747
592223460090334	221788
592223560091532	221779
592223660092805	221886
592223760094145	221622
592223860095410	221569
592223960096790	235887
592224060100183	221540
592224160101711	241655
592224260103215	221638
592224360104684	2899285
592224460106491	221759
592224560107596	221722
592224660108950	221634
592224760110221	221648
592224860111540	221766
592224960112773	222083
592225060113868	221817
592225160115300	240652
592225260116606	221961
592225360117998	2895979
592225460119813	221657
592225560121275	221738
592225660122687	221588
592225760124009	221534
592225860125357	221706
592225960126766	221871
592226060127901	221551
592226160129161	221613
592226260130560	221457
592226360132313	2896983
592226460134289	221748
592226560135374	221768
592226660136756	222234
592226760138252	221980
592226860139616	231149
592226960140905	222017
592227060142109	239422
592227160143381	222032
592227260144875	239694
592227360146501	2900912
592227460148760	230701
592227560150039	242866
592227660151420	221619
592227760152785	221705
592227860154110	221533
592227960155516	221729
592228060156704	221812
592228160159445	221754
592228260160946	242624
592228360162363	2903155
592228460164271	221650
592228560165428	221721
592228660166833	221643
592228760168314	221980
592228860169675	239432
592228960171074	221791
592229060172101	221513
592229160173351	221607
592229260174679	221397
592229360176002	2850877
592229460177854	221694
592229560179311	230771
592229660180706	221622
592229760183826	222325
592229860190291	239155
592229960192337	376849294
592230436805718	223034
592230536812033	236772
592230636818370	224631
592230736824758	3095676
592230836831066	225466
592230936836590	222880
592231036842814	226365
592231136847982	222868
592231236854120	223158
592231336859125	224650
