593445899769223	6878310
593445999786901	1296445
593446099796036	1360391659
593447558885724	1296254
593447658887024	1299443
593447758887681	1293758
593447858889185	1298664
593447958890428	1294954
593448058891621	1296941
593448158892977	1297873
593448258894254	4515057
593448358896294	1054701
593448458898093	1056513
593448558899197	1054147
593448658928726	1066263
593448758930342	1054598
593448858931660	1055109
593448958932824	1055632
593449058935820	1054808
593449158936932	1054714
593449258937410	4216873
593449358944184	1055050
593449458945521	1061766
593449558946679	1058976
593449658949563	1060304
593449758950448	1062400
593449858952095	1061858
593449958953442	1063097
593450058954701	1061090
593450158962165	1059692
593450258962696	4122010
593450358967569	1063089
593450458968639	1061722
593450558969746	1060462
593450658971270	1063430
593450758978648	1064256
593450858980095	1062518
593450958981239	1059731
593451058982367	1057044
593451158983549	1062306
593451258984434	4190646
593451358989143	1062266
593451458990406	1057905
593451558991660	1060151
593451658992800	1062675
593451758993221	1061258
593451858994615	1063007
593451958995831	1060034
593452058996915	1062433
593452158998179	1064224
593452258999126	4087529
593452359004056	1061142
593452459005276	1062016
593452559006444	1061887
593452659007546	1066164
593452759008023	1063153
593452859009453	1058990
593452959010658	1060890
593453059011737	1063239
593453159012954	1064208
593453259013899	4124628
593453359018639	1060402
593453459019823	1063622
593453559020877	1061891
593453659021943	1063555
593453759022407	1061898
593453859023749	1062941
593453959024909	1062043
593454059025992	1057590
593454159027129	1059240
593454259027990	4119365
593454359032814	1061606
593454459035697	1062274
593454559036772	1060382
593454659037836	1065593
593454759038274	1058539
593454859046293	1067405
593454959047622	1060689
593455059048738	1060515
593455159049894	1060330
593455259050821	4171469
593455359055619	1060637
593455459058576	1062331
593455559059675	1063492
593455659061022	1062308
593455759061565	1058130
593455859062858	1060634
593455959067818	1059005
593456059070052	1059305
593456159071447	1065509
593456259076107	638548908
593456993246944	1055204
593457093248902	1847344
593457193250066	1054731
593457293251519	1055417
593457393252043	1054358
593457493253208	1054498
593457593254361	1054756
593457693255552	1054294
593457793256652	1054353
593457893257367	4153261
593457993262347	1054585
593458093263523	1057065
593458193264751	1054602
593458293265889	1054762
593458393266388	1054498
593458493267514	1056238
593458593268677	1054560
593458693269749	1056711
593458793272670	1054352
593458893273291	4105270
593458993278137	1054669
593459093279222	1056326
593459193280353	1055043
593459293283365	1056684
593459393283920	1054661
593459493285112	1056561
593459593288046	1055268
593459693295171	1056070
593459793300076	1055366
593459893300789	4129736
593459993305149	1054657
593460093306437	1056710
593460193307885	1055035
593460293309138	1056506
593460393311864	1054460
593460493313014	1056543
593460593314449	1057023
593460693317380	1054774
593460793318460	1054890
593460893320926	4102504
593460993325886	1054817
593461093327040	1054833
593461193329944	1054086
593461293331060	1057053
593461393331985	1054210
593461493334933	1056864
593461593336024	1055522
593461693339010	1056093
593461793340070	1054657
593461893340709	4062983
593461993345500	1055136
593462093346637	1056698
593462193347797	1055123
593462293348914	1056293
593462393349824	1054888
593462493359106	1057170
593462593360267	1054739
593462693361457	1055595
593462793362522	1055064
593462893363188	4180946
593462993368586	1055402
593463093371483	1056194
593463193372533	1054479
593463293375410	1054606
593463393376351	1054568
593463493377650	1060034
593463593380580	1055013
593463693381665	1056907
593463793384495	1054578
593463893385222	4081616
593463993390324	1054995
593464093391594	1056387
593464193392708	1054657
593464293393886	1056511
593464393394510	1054405
593464493395683	1054602
593464593396812	1054180
593464693399724	1054838
593464793400801	1054758
593464893401460	4130492
593464993445286	1054649
593465093446734	1055150
593465193447846	1054164
593465293448948	1056509
593465393449464	1054857
593465493450660	1056284
593465593452247	1054987
593465693453443	1056251
593465793454620	1054359
593465893455716	4105204
593465993465721	1055117
593466093467142	1054439
593466193468325	1063926
593466293469516	1062669
593466393470507	636873891
593467129289400	1054571
593467229291446	1844791
593467329293290	1704142
593467429294431	1054982
593467529295666	4380149
593467629297554	1055071
593467729298792	1055654
593467829299970	1054502
593467929301386	1054932
593468029302482	1054620
593468129303129	1054240
593468229304675	1055021
593468329305831	1056481
593468429306925	1054300
593468529309928	4107278
593468629314662	1054158
593468729315964	1056530
593468829317344	1055386
593468929318468	1056981
593469029319631	1054727
593469129320614	1055347
593469229321989	1055484
593469329323045	1056639
593469429324145	1054405
593469529325191	4142581
593469629330530	1054065
593469729331781	1056331
593469829333178	1056640
593469929334340	1058502
593470029344498	1056118
593470129345570	1054785
593470229346777	1054962
593470329348055	1054630
593470429349189	1054396
593470529350310	4205139
593470629355418	1054764
593470729356632	1056935
593470829357800	1054421
593470929360680	1057334
593471029361844	1054460
593471129362419	1056379
593471229363661	1054544
593471329364778	1056189
593471429365973	1054215
593471529367035	4099468
593471629371956	1054730
593471729375107	1056519
593471829376179	1054438
593471929377423	1056721
593472029378472	1054722
593472129379609	1056743
593472229381218	1054583
593472329382506	1056265
593472429383679	1054982
593472529386627	4103149
593472629391266	1055217
593472729392726	1054981
593472829394153	1054390
593472929395424	1054842
593473029396559	1054016
593473129397483	1056727
593473229398624	1054279
593473329399991	1057347
593473429401101	1054698
593473529402275	4079895
593473629406985	1055047
593473729408195	1056691
593473829411525	1055646
593473929412632	1056563
593474029413773	1054671
593474129416128	1056306
593474229417302	1054109
593474329420317	1054922
593474429421500	1054846
593474529422628	4146261
593474629426000	1054718
593474729438268	1056794
593474829441287	1054653
593474929444602	1055436
593475029445709	1054358
593475129448225	885533
593475229449197	885959
593475329450170	886113
593475429451202	886367
593475529452160	3678660
593475629453921	886338
593475729455062	922239
593475829456083	922247
593475929461443	925058
593476029467425	924251
593476129478664	378115712
593476606711706	887816
593476706718168	888867
593476806724767	1116498
593476906731321	4320123
593477006737865	888887
593477106744058	888802
593477206750391	903643
593477306755418	887706
593477406758984	887796
593477506763423	924632
593477606766766	886918
593477706774273	925557
593477806775429	886252
593477906776492	3819812
593478006778185	885888
593478106779268	885688
593478206780248	943610
593478306781197	902649
593478406782080	885906
593478506782841	885524
593478606783828	886052
593478706785066	888197
593478806787914	885871
593478906789034	3531560
593479006793395	885859
593479106794528	885853
593479206795500	921572
593479306796422	887897
593479406797299	885851
593479506797935	887750
593479606798939	903742
593479706800016	921899
593479806803991	1253844
593479906808855	3887626
593480006818405	887036
593480106819945	925248
593480206821018	928603
593480306822034	889922
593480406822951	889076
593480506825623	892274
593480606826964	885922
593480706828078	923278
593480806829205	923729
593480906830358	3711922
593481006832082	901211
593481106833278	922384
593481206834254	886723
593481306837227	885781
593481406838208	885621
593481506838880	885804
593481606841648	886003
593481706842564	886413
593481806843643	922626
593481906846727	3606195
593482006848370	886076
593482106850828	885666
593482206851804	923322
593482306852873	925000
593482406853920	885815
593482506854628	922723
593482606855601	922406
593482706856685	886204
593482806857654	885461
593482906858857	3605001
593483006860558	885911
593483106861631	887851
593483206862596	886185
593483306899731	923068
593483406901096	922996
593483506901568	925362
593483606902517	922630
593483706903430	898553
593483806904359	923236
593483906905568	3555420
593484006909726	921982
593484106911511	923388
593484206912642	922434
593484306913729	885815
593484406914654	886061
593484506915482	885624
593484606916468	885806
593484706917450	887529
593484806918465	926508
593484906919778	3660701
593485006921466	922789
593485106922526	923117
593485206923507	908344
593485306924448	924855
593485406925386	907929
593485506931237	924371
593485606932778	923235
593485706933711	885919
593485806934646	885815
593485906936071	3772242
593486006941927	888763
593486106948535	887833
593486206953973	378405704
593486684483920	889403
593486784490029	888035
593486884495141	887891
593486984501756	925350
593487084508509	926447
593487184514638	909679
593487284520704	4003032
593487384525469	900237
593487484530843	925755
593487584536698	903798
593487684538141	923070
593487784540674	1031350
593487884542942	923448
593487984544180	909451
593488084545176	887441
593488184546317	921588
593488284547553	3779682
593488384549345	923329
593488484550380	885946
593488584551331	923294
593488684552294	903530
593488784553237	921676
593488884554131	885974
593488984555207	921725
593489084556164	886124
593489184557254	943928
593489284558299	3638316
593489384559875	922410
593489484561008	885304
593489584561992	921689
593489684562871	885821
593489784563753	922268
593489884564678	886146
593489984565751	908781
593490084567097	900073
593490184568120	928098
593490284569134	3684277
593490384570757	923614
593490484571817	923867
593490584573204	922945
593490684574219	922560
593490784575314	922188
593490884575984	923173
593490984577101	922602
593491084578189	886279
593491184579144	885571
593491284580053	3581260
593491384581852	923209
593491484583024	885676
593491584583984	885493
593491684584976	885880
593491784585993	907520
593491884586986	885897
593491984587989	886335
593492084589090	922755
593492184590225	903553
593492284591385	3667603
593492384593117	922640
593492484594222	922744
593492584595277	923364
593492684596299	923448
593492784597354	923144
593492884598307	885412
593492984599380	885906
593493084600401	887110
593493184601379	886017
593493284602397	3560431
593493384604128	886106
593493484610417	886999
593493584611455	922913
593493684612480	885763
593493784613365	886053
593493884614466	899058
593493984615462	886267
593494084616383	885939
593494184617424	885608
593494284618421	3868106
593494384620276	885626
593494484621384	886075
593494584622566	885915
593494684623543	886592
593494784624475	886023
593494884626082	902730
593494984627536	923513
593495084628527	923298
593495184629496	886292
593495284630534	3662707
593495384632387	922065
593495484633424	923080
593495584634772	922989
593495684635823	923916
593495784636908	922956
593495884637858	904623
593495984643889	901955
593496084648782	377525336
593496561256367	928289
593496661262567	3877601
593496761268275	931267
593496861275203	925318
593496961281658	924516
593497061287773	930743
593497161293697	925318
593497261298260	891622
593497361304280	928701
593497461306575	938411
593497561311027	960712
593497661312942	4215878
593497761315486	925486
593497861316851	922821
593497961317878	924900
593498061318867	923685
593498161319929	949702
593498261320760	940763
593498361321868	925761
593498461322842	923712
593498561323847	944250
593498661324877	4242165
593498761326618	926157
593498861327820	885713
593498961328911	886302
593499061329860	887702
593499161330774	885691
593499261331653	888284
593499361332804	923013
593499461335581	886125
593499561336570	885275
593499661337505	3646010
593499761339129	923279
593499861340368	886063
593499961341391	922323
593500061342310	889102
593500161343367	886194
593500261344626	922486
593500361345587	885609
593500461346610	924689
593500561347533	885938
593500661348886	3664672
593500761350366	886068
593500861351619	925156
593500961352742	886196
593501061353681	922719
593501161354626	885557
593501261355317	924772
593501361362062	887310
593501461363137	922813
593501561364134	884899
593501661365145	3773464
593501761403586	886363
593501861405231	922919
593501961406244	922666
593502061407172	924382
593502161408131	922855
593502261408785	886313
593502361409825	886083
593502461410742	887218
593502561411780	895173
593502661412751	3620607
593502761414190	886122
593502861415546	923470
593502961416556	922916
593503061417525	885690
593503161418443	885970
593503261419068	887973
593503361420162	922642
593503461421217	887666
593503561422154	886501
593503661423054	3686156
593503761427751	886524
593503861429078	886044
593503961430029	886149
593504061430941	885794
593504161431952	885525
593504261432807	886508
593504361433929	923089
593504461434940	887571
593504561435894	889688
593504661436779	3644261
593504761441930	885435
593504861443177	885798
593504961444221	901634
593505061445137	886239
593505161446040	885741
593505261447060	886152
593505361448141	885304
593505461449144	886182
593505561450100	885789
593505661451272	3626315
593505761452874	923608
593505861454189	886059
593505961460372	921034
593506061468733	378507586
593506539095005	888694
593506639100877	908269
593506739106864	907470
593506839113554	909791
593506939119979	908935
593507039126198	3774843
593507139132313	909459
593507239137595	906558
593507339139141	928919
593507439142078	929695
593507539146252	905645
593507639147018	907876
593507739148169	904737
593507839152351	927514
593507939153378	927102
593508039154347	3788243
593508139155462	927161
593508239156790	907571
593508339157905	927649
593508439158931	926727
593508539159958	903386
593508639160756	928867
593508739161805	927074
593508839163028	926405
593508939164038	926935
593509039165075	3725357
593509139169836	924669
593509239170930	907925
593509339178186	927611
593509439179222	926482
593509539182031	905596
593509639182689	907475
593509739183640	929284
593509839185725	927841
593509939186722	905222
593510039187631	3799609
593510139189380	905343
593510239190445	919422
593510339191646	927754
593510439192812	927528
593510539193785	905051
593510639196663	906492
593510739197601	906113
593510839198836	927700
593510939200016	908294
593511039200926	3557337
593511139202838	908373
593511239205744	906351
593511339207031	928127
593511439208503	921987
593511539211325	908069
593511639212104	907472
593511739214533	929600
593511839215916	912696
593511939220927	909620
593512039222019	3613581
593512139223633	907032
593512239224965	929088
593512339226871	929066
593512439228077	910341
593512539229251	906981
593512639230160	911419
593512739231159	908658
593512839233103	911701
593512939236825	908476
593513039238157	3683999
593513139243041	927057
593513239244966	911959
593513339246995	926883
593513439249962	926662
593513539251873	926468
593513639253461	928962
593513739256252	927744
593513839257863	929796
593513939259194	910190
593514039260595	3597683
593514139265115	909777
593514239267692	911256
593514339268941	910061
593514439269961	911016
593514539271422	909924
593514639272719	914494
593514739275896	912171
593514839277349	929450
593514939278822	912437
593515039280565	3614820
593515139286183	910637
593515239287962	909630
593515339289445	910786
593515439290490	920486
593515539291967	911187
593515639295046	910266
593515739296219	910012
593515839297647	913784
593515939303283	928257
593516039309413	4243570
593516139312032	377607114
593516616012239	916323
593516716019225	911673
593516816026311	911535
593516916032909	911972
593517016039128	910406
593517116046067	910632
593517216053613	911033
593517316059516	923731
593517416065661	4251040
593517516071317	924615
593517616074618	910189
593517716076077	909326
593517816077499	908280
593517916079953	923579
593518016080678	908371
593518116081612	907708
593518216088275	908457
593518316089776	907890
593518416090991	3997996
593518516092674	906918
593518616093875	906932
593518716095018	907369
593518816096455	907657
593518916097700	907787
593519016098371	907972
593519116099324	907456
593519216100282	905959
593519316101628	922783
593519416102873	3564600
593519516107576	906490
593519616108668	906857
593519716109846	907051
593519816111208	907123
593519916112362	907004
593520016113503	906654
593520116114650	906024
593520216158281	914213
593520316160025	904823
593520416161004	3610658
593520516165406	903815
593520616166866	904892
593520716167829	904072
593520816169302	904662
593520916170458	904982
593521016171654	904793
593521116172705	904454
593521216173635	904400
593521316174989	903742
593521416176314	3637563
593521516178111	923538
593521616179134	903882
593521716180319	904293
593521816182277	905000
593521916183732	903991
593522016185170	902363
593522116186756	922243
593522216188754	923640
593522316190736	923052
593522416192760	3706792
593522516194979	923339
593522616196903	903994
593522716198894	923175
593522816200773	903614
593522916202774	922887
593523016204741	923520
593523116206672	903636
593523216208546	902819
593523316210315	922493
593523416211735	3681614
593523516213622	901392
593523616214692	901771
593523716215638	903147
593523816216695	902171
593523916217907	902225
593524016219539	923208
593524116221003	911258
593524216221983	901397
593524316223408	902707
593524416224380	3639353
593524516226365	901434
593524616227447	924874
593524716228431	918453
593524816229512	923081
593524916231380	978100
593525016233474	1035679
593525116235512	922363
593525216237506	926117
593525316239432	1082492
593525416242000	4171206
593525516244199	922684
593525616245983	923362
593525716247419	923071
593525816248827	946292
593525916255413	924502
593526016261892	924679
593526116264365	379479467
593526594825834	925395
593526694832291	888200
593526794838068	3934103
593526894843818	888130
593526994849410	889397
593527094855402	888761
593527194861145	890214
593527294866756	923941
593527394872125	887300
593527494878216	887242
593527594881906	885854
593527694884716	890412
593527794887533	3792887
593527894892865	887053
593527994895430	923103
593528094896498	889127
593528194897586	923531
593528294898931	910982
593528394900200	924948
593528494901234	922491
593528594902347	923100
593528694903300	885596
593528794904256	3705732
593528894906015	885728
593528994907321	886479
593529094910203	886315
593529194911153	887258
593529294912313	886617
593529394915185	924966
593529494916196	923449
593529594917123	885764
593529694919908	885439
593529794920883	3621323
593529894923023	887490
593529994924132	886071
593530094925079	889890
593530194926159	922716
593530294927123	922876
593530394927992	923108
593530494929246	922715
593530594930674	924925
593530694931616	886173
593530794932744	3624566
593530894934634	885776
593530994935847	922712
593531094936885	922358
593531194937921	926382
593531294938974	923108
593531394940642	922568
593531494941951	885484
593531594944315	886236
593531694945341	886134
593531794948935	3648609
593531894950983	922773
593531994952067	923581
593532094953288	924655
593532194954293	923273
593532294955455	922650
593532394956949	924734
593532494958227	886815
593532594959413	885700
593532694961308	886136
593532794962771	3593263
593532894964998	885930
593532994967072	923859
593533094969072	915488
593533194970945	886417
593533294972794	930750
593533394981523	923072
593533494983296	934033
593533594986181	905764
593533694987585	932804
593533794991106	3749831
593533894993214	923082
593533994995070	923322
593534094998726	907747
593534195000675	922736
593534295001716	885811
593534395005414	924945
593534495006752	922729
593534595008129	925409
593534695009288	886311
593534795010246	3685774
593534895012243	922532
593534995013632	922851
593535095014743	885765
593535195015817	925128
593535295016824	922585
593535395017619	922701
593535495018666	922671
593535595019990	923160
593535695021876	886368
593535795024827	3635887
593535895029691	886014
593535995035908	925309
593536095041662	373459850
593536567576213	934163
593536667582453	936549
593536767588057	932842
593536867594954	933638
593536967601273	933742
593537067608096	937119
593537167615140	3818783
593537267621480	931639
593537367627300	930214
593537467633537	929757
593537567636407	929879
