593539398221527	13315513
593539498243122	1468389
593539598246457	3526100
593539700307799	1466896
593539800310680	1470106
593539900319001	1471318
593540000327908	1474192
593540100334209	1469372
593540200335746	1471980
593540300341416	1467895
593540400343306	6187578
593540500345654	1230026
593540600347479	1233442
593540700348742	1231991
593540800350046	1242654
593540900351930	1230718
593541000354225	1233969
593541100355771	1231361
593541200372000	1250502
593541300379518	1234296
593541400395893	6312971
593541500408752	1236400
593541600410405	1232759
593541700411635	1237315
593541800414963	1233032
593541900418804	1232097
593542000422004	1245290
593542100472337	1232650
593542200473961	1232380
593542300477722	1231852
593542400478310	6324608
593542500482206	1231504
593542600485030	1231128
593542700486378	1232505
593542800487533	1231711
593542900488307	1233633
593543000489468	1231722
593543100490619	1231606
593543200491867	1232753
593543300493068	1231382
593543400494038	6168378
593543500513806	1237019
593543600521273	1236005
593543700533421	1234153
593543800535616	1234250
593543900543410	1231908
593544000545368	1233116
593544100555917	1237258
593544200558956	1233490
593544300560381	1231510
593544400561809	6341458
593544500565868	1244498
593544600567108	1233542
593544700568472	1232199
593544800569879	1233874
593544900571908	1232409
593545000573314	1232432
593545100579192	1233437
593545200580480	1243529
593545300581625	1231262
593545400582684	6175515
593545500586945	1238119
593545600588511	1234377
593545700589763	1231491
593545800593105	1235839
593545900594363	1230546
593546000597402	1235357
593546100598573	1231314
593546200599825	1232532
593546300602408	1231898
593546400612501	6266936
593546500616533	1230762
593546600619504	1231859
593546700620702	1230481
593546800622067	1231543
593546900623458	1231346
593547000624768	1233880
593547100626182	1230976
593547200627303	1232879
593547300628381	1232431
593547400629391	6172991
593547500633872	1232343
593547600636988	1232940
593547700638152	1232196
593547800639242	1231943
593547900640599	1231279
593548000641953	1233914
593548100643364	1231141
593548200646335	1232744
593548300647807	1232230
593548400648857	6214508
593548500652970	1231168
593548600655021	2156636
593548700656858	1846775
593548800658178	1234674
593548900661601	1230922
593549000664996	1231657
593549100666232	1230263
593549200667487	1232767
593549300668707	1231023
593549400670029	6106898
593549500677316	1231277
593549600679240	3331655
593549702775351	1239429
593549802776930	1237254
593549902778576	1239259
593550002780480	1242110
593550102782189	1239952
593550202785449	1238199
593550302787214	1237119
593550402788714	6225747
593550502790757	1237510
593550602792634	1245017
593550702795980	1240586
593550802797678	1239998
593550902799287	1240443
593551002800944	1239086
593551102802417	1238436
593551202805724	1241139
593551302806883	1241488
593551402807436	6149817
593551502811443	1237853
593551602812591	1239566
593551702821698	1239981
593551802822938	1239916
593551902826001	1239941
593552002827282	1238627
593552102828574	1238862
593552202831800	1241214
593552302833203	1241567
593552402836081	6266039
593552502839571	1239621
593552602840828	1241028
593552702842036	1239893
593552802843156	1242144
593552902843850	1238153
593553002846536	1240061
593553102847706	1239262
593553202850657	1240340
593553302852207	1239830
593553402852886	6173969
593553502857337	1240242
593553602858472	1240120
593553702859362	993597
593553802860245	994902
593553902861148	995168
593554002862085	995320
593554102863009	995271
593554202863900	995056
593554302864961	994244
593554402865870	5708263
593554502869692	993649
593554602874355	996390
593554702876275	994821
593554802877257	997638
593554902883644	1705462
593555002900865	1240802
593555102902479	1238741
593555202903747	1235632
593555302904934	1234768
593555402906832	5156387
593555502910865	1235927
593555602912087	1235262
593555702913261	1239196
593555802914638	1239471
593555902915890	1238308
593556002917277	1239643
593556102918491	1238158
593556202920292	1238965
593556302921518	1034858
593556402922712	3986655
593556502926709	1035058
593556602979120	1042155
593556702980307	1075037
593556802981294	1092566
593556902982476	1039848
593557002984544	1062809
593557102986289	1060890
593557202987348	1043478
593557302989283	1085670
593557402990984	4417289
593557502994921	1040421
593557602995924	1075342
593557702996870	1043011
593557802998092	1057929
593557902998813	1074426
593558003000060	1042167
593558103001112	1057721
593558203002296	1095038
593558303003317	1062449
593558403004250	4196274
593558503007791	1041330
593558603008808	1042991
593558703009776	1041958
593558803010830	1066118
593558903011491	1080134
593559003012477	1079029
593559103013490	1063092
593559203014556	1055020
593559303015560	1039204
593559403016591	4610729
593559503026314	1072198
593559603038096	2896224
593559704811592	1100886
593559804821541	1124223
593559904827190	1103812
593560004834415	1072653
593560104840015	1068769
593560204846636	1097042
593560304851496	1040974
593560404857239	4886129
593560504862798	1083973
593560604868911	1055612
593560704874314	1079334
593560804881788	1082343
593560904892765	1082144
593561004897168	1093305
593561104899119	1034768
593561204901068	1100308
593561304903245	1078661
593561404905376	4687800
593561504909475	1078034
593561604911605	1115832
593561704913683	1040861
593561804915691	1042744
593561904917675	1033092
593562004919093	1042028
593562104920225	1050479
593562204921246	1042739
593562304922217	1071115
593562404923923	4619263
593562504927495	1088633
593562604928653	1034903
593562704929636	1070709
593562804930603	1059632
593562904932210	1034495
593563004933276	1036238
593563104934321	1034537
593563204935347	1036968
593563304936428	1049442
593563404938149	4157284
593563504941774	1078176
593563604942840	1079125
593563704943916	1033761
593563804945379	1036445
593563904947054	1046780
593564004948141	1036093
593564104949185	1057634
593564204950333	1074075
593564304951446	1033271
593564404953102	4248704
593564504956684	1034109
593564604957778	1036178
593564704958816	1034704
593564804959795	1074996
593564904961356	1077618
593565004962630	1036664
593565104963674	1034661
593565204964688	1037352
593565304965719	1035509
593565404967520	4082805
593565504969363	1059113
593565604970467	1073065
593565704971477	1048762
593565804972578	1046789
593565904974500	1078113
593566004975962	1078482
593566104977068	1050661
593566204978596	1059342
593566304979685	1060887
593566404980829	4127354
593566504984371	1077306
593566604985467	1079217
593566704986491	1070723
593566804987554	1061458
593566904988306	1077160
593567004989531	1086933
593567104990534	1070526
593567204992141	1036076
593567304993243	1049193
593567404994253	4193368
593567504996381	1058288
593567605003479	1076754
593567705004624	1056112
593567805005815	1034923
593567905006859	1034130
593568005007941	1052557
593568105008930	1034933
593568205022685	1034681
593568305024040	1070534
593568405025085	4181945
593568505028698	1034890
593568605029748	1036138
593568705030782	1049060
593568805031891	1052152
593568905032576	1076941
593569005033584	1036117
593569105034613	1034370
593569205035651	1036573
593569305036790	1053758
593569405038021	4624017
593569505053272	1039970
593569605060580	2743561
593569706721674	1068417
593569806729898	1095531
593569906737634	1491791
593570006749291	1068567
593570106757396	1053249
593570206766041	1109488
593570306775056	1074742
593570406781812	4784738
593570506792354	1081097
593570606799462	1076975
593570706805683	1044225
593570806812272	1058424
593570906819543	1496422
593571006824541	1099665
593571106826662	1076924
593571206828749	1102950
593571306830867	1077365
593571406833015	4685359
593571506839078	1074602
593571606841059	1082750
593571706843098	1078216
593571806845202	1097448
593571906847270	1456328
593572006849164	1038954
593572106851138	1033928
593572206853187	1034681
593572306857062	1036394
593572406859044	4571026
593572506863060	1034008
593572606865096	1058256
593572706867114	1071679
593572806870812	1052875
593572906872818	1457438
593573006875738	1037115
593573106878201	1190964
593573206881561	1078048
593573306885230	1034241
593573406887262	4596799
593573506891494	1034862
593573606927092	1034982
593573706929020	1035042
593573806930920	1035908
593573906932922	1442799
593574006934961	1054639
593574106936927	1079968
593574206938771	1037148
593574306940746	1035884
593574406942776	4602066
593574506946834	1087297
593574606948874	1036443
593574706950889	1091111
593574806952809	1056327
593574906954908	1447171
593575006956920	1083874
593575106965090	1095678
593575206967065	1059974
593575306969094	1088358
593575406971140	4700342
593575506973467	1089062
593575606975518	1101827
593575706977687	1096766
593575806979790	1095470
593575906981787	1438899
593576006983864	1089835
593576106985808	1044506
593576206987772	1061545
593576306989655	1043664
593576406991675	4583956
593576507005103	1073186
593576607007165	1088273
593576707009177	1087550
593576807011159	1090452
593576907013077	1427400
593577007015257	1093511
593577107017779	1088762
593577207019780	1060124
593577307023463	1059208
593577407025470	4578452
593577507031414	1041954
593577607035078	1062999
593577707037011	1063769
593577807039543	1060533
593577907041498	1422339
593578007043395	1044745
593578107045588	1088191
593578207047648	1087041
593578307049573	1060045
593578407051572	4514591
593578507055943	1088543
593578607057883	1083377
593578707059824	1043769
593578807070383	1064052
593578907072404	1461103
593579007074322	1079913
593579107076291	1056569
593579207078205	1043968
593579307080139	1062974
593579407082402	4588625
593579507089923	1089519
593579607099788	2781646
593579708793938	1062343
593579808801427	1108168
593579908807902	1103474
593580008816700	1069971
593580108828680	1112096
593580208835120	1118131
593580308844095	1074923
593580408852950	4388568
593580508859777	1080839
593580608868488	1080690
593580708875905	1077221
593580808883155	1104549
593580908892083	1082622
593581008894296	1097449
593581108896331	1078382
593581208898370	1105427
593581308900584	1076665
593581408902593	4315775
593581508906642	1035156
593581608908627	1061618
593581708910513	1076219
593581808912587	1087205
593581908914523	1037464
593582008916523	1036010
593582108918356	1034065
593582208919445	1036845
593582308920494	1033800
593582408922455	4047810
593582508926574	1079058
593582608928572	1079286
593582708930448	1072346
593582808932424	1082385
593582908937739	1076492
593583008939954	1102244
593583108941916	1077642
593583208943870	1101235
593583308945874	1078047
593583408956019	4393306
593583508960108	1077580
593583608962146	1080747
593583708964249	1077380
593583808966262	1049356
593583908967655	1077037
593584008968470	1098919
593584108970380	1076947
593584208972336	1072147
593584308974207	1071068
593584408975734	3934206
593584508980224	1071888
593584608982082	1097668
593584708984042	1093038
593584808986050	1036212
593584908987958	1078788
593585008990046	1080505
593585108992037	1078082
593585208994002	1080502
593585308995950	1034876
593585408997910	4240948
593585509000254	1057106
593585609002400	1037695
593585709004511	1078276
593585809006631	1078964
593585909008605	1077340
593586009010711	1080407
593586109012821	1078077
593586209014939	1080643
593586309017315	1249489
593586409019295	4103950
593586509023416	1077138
593586609025365	1037084
593586709027371	1076483
593586809029440	1082661
593586909031278	1034662
593587009033324	1078428
593587109035361	1077780
593587209037271	1059921
593587309039311	1078090
593587409041244	4327776
593587509045356	1078418
593587609047337	1079780
593587709049312	1077603
593587809050493	1036229
593587909052371	1034569
593588009054263	1038665
593588109056224	1075093
593588209058229	1083046
593588309060140	1047744
593588409062025	4179726
593588509065730	1033988
593588609067764	1080061
593588709069727	1034734
593588809071623	1033600
593588909073563	1051848
593589009075478	1075681
593589109077624	1078195
593589209079629	1080317
593589309081557	1033776
593589409083924	4244332
593589509092715	1038234
593589609102427	2763200
593589710781108	1068947
593589810788511	1065933
593589910794501	1061075
593590010801643	1106886
593590110810459	1082792
593590210819677	1056777
593590310826130	1089256
593590410833809	4407184
593590510839687	1082416
593590610850621	1081498
593590710881727	1074581
593590810892248	1043531
593590910914648	1039935
593591010925674	1090000
593591110929580	1034243
593591210931534	1060176
593591310933632	1086569
593591410937249	4366356
593591510941905	1082118
593591610943874	1042685
593591710945820	1034416
593591810947677	1043157
593591910949623	1095280
593592010951656	1087792
593592110953668	1092990
593592210955686	1069780
593592310957710	1057996
593592410959607	4217440
593592510965872	1115286
593592610967893	1083726
593592710969882	1044580
593592810972824	1071577
593592910974698	1060854
593593010976696	1082352
593593110978613	1045102
593593210980509	1059717
593593310982704	1087513
593593410984552	4022625
593593510987027	1062399
593593611000158	1079230
593593711002111	1042523
593593811004095	1045276
593593911006080	1083454
593594011008078	1046117
593594111010034	1043704
593594211011926	1084193
593594311013884	1045767
593594411015752	4167963
593594511019497	1101972
593594611021479	1092810
593594711023432	1080554
593594811025372	1084438
593594911027281	1094133
593595011029098	1093925
593595111031174	1091486
593595211033190	1093394
593595311035179	1090061
593595411036988	4276729
593595511040196	1090323
593595611042141	1066477
593595711045916	1091838
593595811047784	1067164
593595911049627	1062685
593596011051680	1092873
593596111053698	1090611
593596211055813	1088531
593596311057803	1090313
593596411059779	4240328
593596511063949	1090681
593596611065986	1092767
593596711067969	1089909
593596811071698	1092746
593596911073640	1089863
593597011077536	1092343
593597111079557	1090098
593597211081634	1093621
593597311083554	1086121
593597411085642	4266626
593597511089413	1108305
593597611091574	1099341
593597711093682	1121322
593597811096035	1098525
593597911098517	1124037
593598011100623	1157929
593598111102686	1153269
593598211104737	1138624
593598311106782	1225378
593598411109332	4293989
593598511112070	1093990
593598611114066	1096133
593598711116524	1091021
593598811117822	1043623
593598911120210	1041623
593599011122172	1086862
593599111124134	1092727
593599211126142	1196972
593599311136952	1088494
593599411139605	4385460
593599511148784	1090387
593599611161734	2798672
593599712888866	1077786
593599812897227	1087047
593599912903725	1089723
593600012915507	1081922
593600112922458	1096222
593600212930617	1078199
593600312939167	1045076
593600412947803	4361676
593600512956922	1080307
593600612965724	1081600
593600712973385	1041356
593600812981189	1039169
593600912987515	1039437
593601012996308	1041691
593601112998368	1051072
593601213000246	1095055
593601313002241	1056620
593601413004162	4224298
593601513008205	1034480
593601613010131	1043258
593601713012102	1077625
593601813013997	1042257
593601913015102	1040905
593602013021662	1072775
593602113023590	1078809
593602213025547	1077229
593602313027383	1035028
593602413028754	4261888
593602513032530	1078220
593602613033713	1052302
593602713034736	1090590
593602813036671	1055249
593602913038491	1217774
593603013046185	1182747
593603113048084	1167532
593603213049921	1177989
593603313052138	1173828
593603413054102	4367501
593603513058137	1208635
593603613063667	1116091
593603713069521	1284021
593603813090758	1089115
593603913092944	1169552
593604013094998	1217195
593604113096997	1311540
593604213099100	1188500
593604313101180	1209326
593604413103376	4405710
593604513106020	1111553
593604613110036	1224345
593604713112366	1195901
593604813114502	1170972
593604913121607	1240643
593605013123926	1191714
593605113125978	1218331
593605213127959	1165328
593605313129922	1198579
593605413131823	4416449
593605513134516	1163103
593605613136566	1160624
593605713138594	1157068
593605813140677	1160848
593605913142659	1147915
593606013144774	1081072
593606113146723	1178347
593606213148723	1151446
593606313150693	1189136
593606413152694	4315640
593606513154967	1149497
593606613156930	1078100
593606713158009	1034765
593606813160004	1078317
593606913162037	1050710
593607013165959	1069855
593607113169884	1089342
593607213172778	1102369
593607313180039	1088888
593607413191595	4294083
593607513195832	1081150
593607613204544	1109219
593607713206444	1052375
593607813244382	1052850
593607913245820	1034439
593608013247869	1034996
593608113249821	1035117
593608213251790	1035568
593608313253744	1035211
593608413255677	4327344
593608513259674	1034717
593608613261511	1071797
593608713263443	1092041
593608813265569	1078933
593608913267493	1050019
593609013269458	1036781
593609113271372	1035317
593609213273285	1037212
593609313275142	1034716
593609413277582	4240865
593609513288541	1082080
593609613296321	2723891
593609714955595	1093346
593609814963921	1086577
593609914971939	1110179
593610014981106	1099760
593610114987435	1073171
593610214995390	1083376
593610315003226	1113333
593610415009970	4384465
593610515019345	1093053
593610615030266	1069931
593610715042554	1064813
593610815048753	1068098
593610915056265	1093950
593611015065479	1064955
593611115066685	1060967
593611215068608	1106431
593611315070665	1088517
593611415072668	4220692
593611515076713	1077201
593611615078685	1093810
593611715080628	1088508
593611815082656	1100468
593611915084507	1064140
593612015088293	1090247
593612115090253	1062999
593612215092304	1091176
593612315094267	1065644
593612415096163	4182016
593612515100200	1062746
593612615102160	1090324
593612715104149	1090312
593612815107877	1092632
593612915109900	1089798
593613015111932	1090035
593613115113954	1087381
593613215115974	1088601
593613315119686	1090913
593613415121602	4278945
593613515123888	1087466
593613615127670	1091049
593613715129668	1091887
593613815133454	1092388
593613915135444	1087341
593614015137518	1092388
593614115139411	1044599
593614215141424	1092163
593614315143499	1065617
593614415145404	4202967
593614515147598	1066969
593614615149610	1091758
593614715151572	1094610
593614815153586	1095294
593614915155576	1086991
593615015157546	1090975
593615115165714	1088848
593615215169329	1066024
593615315171321	1078114
593615415175081	4345835
593615515179316	1084507
593615615180433	1044515
593615715182820	1044254
593615815184706	1046515
593615915186083	1067914
593616015187752	1084873
593616115188823	1065936
593616215191781	1118807
593616315192962	1059145
593616415194201	3742293
593616515198198	1041882
593616615199272	1044323
593616715200315	1066046
593616815202232	1091656
593616915203748	1045557
593617015204807	1071306
593617115205889	1083869
593617215206895	1065265
593617315208002	1058952
593617415209321	3659362
593617515212707	1079198
593617615222320	1093492
593617715223477	1083224
593617815224470	1077892
593617915225861	1090622
593618015227797	1095313
593618115229316	1056557
593618215231319	1061539
593618315233387	1041233
593618415235317	4208358
593618515239430	1043287
593618615241465	1047397
593618715243442	1446083
593618815245387	1045376
593618915247345	1047213
593619015249299	1068399
593619115251116	1084504
593619215252147	1044043
593619315254074	1080884
593619415256549	4276020
593619515264712	1086256
593619615275620	2759748
593619716965135	1081056
593619816977649	1090458
593619916983621	1070356
593620016991503	1075275
593620116998434	1085174
593620217005864	1100778
593620317014655	1076884
593620417021099	4378505
593620517027040	1081789
593620617034821	1038398
593620717040620	1061425
593620817050250	1076406
593620917056437	1058932
593621017060928	1099628
593621117062809	1061582
593621217064744	1060408
593621317066867	1077271
593621417068791	4252024
593621517072921	1079697
593621617074960	1086995
593621717076914	1047107
593621817078829	1060663
593621917080864	1077116
593622017082810	1074018
593622117084775	1072124
593622217086748	1121915
593622317088715	1076758
593622417090694	4235402
593622517094754	1052616
593622617103610	1048913
593622717105567	1035539
593622817107527	1034383
593622917109436	1034902
593623017111471	1035374
593623117113415	1034673
593623217115261	1035999
593623317117085	1033616
593623417118400	4258155
593623517122437	1033892
593623617123739	1054524
593623717124881	1070583
593623817126757	1036751
593623917128662	1034647
593624017130568	1035616
593624117132591	1055072
593624217134494	1074115
593624317136358	1060430
593624417138267	4237434
593624517142387	1072284
593624617144311	1079373
593624717146177	1034649
593624817198366	1077687
593624917200269	1034244
593625017202115	1037435
593625117204118	1077879
593625217206082	1079155
593625317208026	1062265
593625417210037	4251579
593625517214074	1035406
593625617215946	1036694
593625717217977	1078276
593625817219947	1036240
593625917221968	1145660
593626017223927	1036990
593626117225850	1034565
593626217227700	1037126
593626317229655	1034032
593626417231539	4163848
593626517234101	1034435
593626617236105	1073216
593626717238023	1034018
593626817239916	1074621
593626917241799	1034612
593627017243760	1081092
593627117245696	1035919
593627217247621	1036588
593627317249549	1035439
593627417251451	4166835
593627517255426	1034955
593627617257424	1079926
593627717259524	1072841
593627817261464	1036277
593627917263382	1034289
593628017265356	1078224
593628117267240	1058015
593628217268916	1044843
593628317270945	1054557
593628417272817	4193094
593628517276837	1057851
593628617278774	1036994
593628717280762	1078149
593628817282686	1035892
593628917284565	1034203
593629017286512	1036592
593629117288572	1057200
593629217290551	1036324
593629317292567	1057906
593629417295860	4230187
593629517306251	1081861
593629617316212	2770498
593629719010678	1095565
593629819017576	1097516
593629919024264	1086862
593630019033044	1101123
593630119043231	1219638
593630219068148	1087903
593630319074392	1056417
593630419082242	4506088
593630519088652	1094283
593630619097784	1098139
593630719105969	1069126
593630819116887	1066600
593630919126352	1070699
