12944472928469352	12725224
12944473028384264	9109101
12944473131379110	12190508
12944473231282184	9090666
12944473331183357	9117617
12944473431084500	9104770
12944473530985655	9128043
12944473630886887	7348327
12944473730788068	7348849
12944473830689009	7342967
12944473930590225	7352596
12944474030491440	7349106
12944474130392608	7358896
12944474230294062	7366475
12944474330195622	7340463
12944474430096572	7348306
12944474529998034	7641202
12944474629899491	8040621
12944474729800990	7717527
12944474829702414	7728943
12944474929603724	7713507
12944475029510367	7400493
12944475129439265	7578712
12944475229340569	7519461
12944475329241903	7517602
12944475429146947	7676569
12944475529048261	7507610
12944475628949679	7515326
12944475728850933	7492795
12944475828755854	7703086
12944475928657332	7435059
12944476028559308	7557292
12944476128460797	7542981
12944476228362157	7390783
12944476328263535	7405014
12944476432152637	12276638
12944476532054422	7872706
12944476631959302	8284465
12944476731860319	8013369
12944476831764845	8310459
12944476931666189	8040943
12944477031567425	8083892
12944477131471374	8343246
12944477231372746	8074618
12944477331276927	8342295
12944477431178208	8102495
12944477531079455	8090639
12944477630983497	8331462
12944477730884873	8118414
12944477830785805	8083892
12944477930687112	8128680
12944478030591204	8347279
12944478130492482	8083077
12944478230393804	8071066
12944478330294844	8088624
12944478430195783	8069894
12944478530096741	8325198
12944478630003876	8141128
12944478729904915	7368452
12944478829805881	7375961
12944478929707106	7723062
12944479029608530	8073473
12944479129509872	7970610
12944479229411317	8023780
12944479329312691	7631568
12944479429214049	7558767
12944479529115404	7524621
12944479629027263	7722528
12944479728928674	7517796
12944479828830005	7506565
12944479928731462	7602288
12944480028632774	7490209
12944480128534116	7477847
12944480228435377	7494398
12944480328336645	7518024
12944480428237857	7509998
12944480528139289	7481530
12944480628040606	7504241
12944480727941880	7501316
12944480827843093	7508922
12944480927744384	7498726
12944481027645639	7510743
12944481127547338	7521280
12944481227448684	7471260
12944481327350038	7450082
12944481427251313	7468807
12944481527152541	7425654
12944481631031543	11847362
12944481730932951	7879482
12944481830833956	7880330
12944481930734987	7987339
12944482030636275	7870117
12944482130537523	7876969
12944482230438774	7925922
12944482330340000	7789625
12944482430240961	7935972
12944482530141950	7913903
12944482630042914	7905526
12944482729944191	7906696
12944482829845171	7908269
12944482929746457	7906682
12944483029647673	7916899
12944483129548951	7919412
12944483229450166	7914337
12944483329353963	8140641
12944483429255006	7909890
12944483529156292	7916580
12944483629057258	7918670
12944483728958476	7899890
12944483828859462	7914920
12944483928760938	7353047
12944484028662218	7347397
12944484128563517	7649971
12944484228464922	7994964
12944484328366329	7742672
12944484428267742	7746850
12944484528169071	7502163
12944484628070352	7501113
12944484727971630	7348891
12944484827872853	7498558
12944484927774085	7518347
12944485027675356	7528154
12944485127576717	7567017
12944485227477980	7490706
12944485327379218	7539939
12944485427280585	7471709
12944485527181785	7415547
12944485627083085	7424401
12944485726984357	7503055
12944485826885625	7499286
12944485926786957	7526717
12944486026688208	7495764
12944486126589905	7634779
12944486226491349	7526077
12944486326392706	7496000
12944486426294194	7511141
12944486526195551	7505321
12944486626096826	7512395
12944486729953603	11831530
12944486829854607	7882937
12944486929755959	7888780
12944487029657213	7890673
12944487129561130	8217668
12944487229462498	7878026
12944487329363533	7912739
12944487429264507	7919582
12944487529165554	7915856
12944487629066513	7897664
12944487728967813	7904637
12944487828868854	7911782
12944487928770183	7913430
12944488028671442	7924465
12944488128572445	8011861
12944488228473677	7901639
12944488328374601	7908481
12944488428275851	7918055
12944488528177113	7915110
12944488628078022	7917184
12944488728006875	7782831
12944488827908206	7896085
12944488927809151	7912274
12944489027710500	7363388
12944489127611732	7357275
12944489227513081	7666226
12944489327414591	7655942
12944489427315980	7651428
12944489527217389	8171568
12944489627118762	7804386
12944489727020089	7746991
12944489826921431	7733007
12944489926822691	7498344
12944490026724299	7562502
12944490126625642	7549288
12944490226526982	7527618
12944490326428273	7429853
12944490426329575	7488775
12944490526230858	7495524
12944490626132150	7500078
12944490726033412	7514209
12944490825934693	7628327
12944490925856298	7613163
12944491025757860	7517522
12944491125659623	7669986
12944491225561056	8006050
12944491325462414	7647097
12944491425363849	7675761
12944491525265153	7663942
12944491625166454	7575078
12944491729024975	11821495
12944491828926024	7881460
12944491928827461	7748452
12944492028728744	7872128
12944492128629683	7867308
12944492228530909	7937147
12944492328431929	7930954
12944492428332860	7894484
12944492528234194	7923585
12944492628135142	7905375
12944492728036489	7900456
12944492827937744	7926498
12944492927839038	7923568
12944493027740311	7919845
12944493127641548	7917132
12944493227542791	7911462
12944493327443867	7914885
12944493427345056	7915675
12944493527246274	7921794
12944493627147311	7919114
12944493727048520	7920781
12944493826949522	7921751
12944493926850459	7927806
12944494026751738	7360216
12944494126652946	7370284
12944494226554281	7943104
12944494326455662	7941857
12944494426357041	7730754
12944494526258392	7749698
12944494626176206	8087552
12944494726077714	7345971
12944494825979131	7478725
12944494925880416	7502790
12944495025781637	7498988
12944495125682897	7432941
12944495225584184	7547645
12944495325485423	7520661
12944495425386689	7552921
12944495525287976	7549203
12944495625189235	7481875
12944495725090547	7384775
12944495824991844	7468963
12944495924893225	7502174
12944496024794546	7491890
12944496124695828	7500910
12944496224601309	7497103
12944496324503267	7503369
12944496424404635	7503903
12944496524306052	7425504
12944496624207444	7440367
12944496724108715	7432809
12944496827943182	11817685
12944496927844551	7874229
12944497027745904	7863137
12944497127647172	7867043
12944497227548421	7885626
12944497327449385	7860638
12944497427350643	7925353
12944497527251878	7925407
12944497627152811	7927541
12944497727054087	7953976
12944497826955425	7912658
12944497926856743	7923688
12944498026758011	7933314
12944498126659309	7914036
12944498226560602	7917902
12944498326461605	7845569
12944498426365312	8143514
12944498526266397	7915925
12944498626167381	7907486
12944498726068594	7904068
12944498825969606	7930980
12944498925870569	7919799
12944499025771815	7908586
12944499125672758	7347062
12944499225573952	7351901
12944499325475269	7644686
12944499425376710	7759031
12944499525278087	8370410
12944499625179482	7719838
12944499725080895	7765170
12944499824982260	7817378
12944499924883636	7689656
12944500024784867	7494566
12944500124686132	7499408
12944500224587446	7525205
12944500324488956	7492068
12944500424390301	7495906
12944500524296046	7500966
12944500624197299	7506905
12944500724098614	7500575
12944500823999898	7532518
12944500923901160	7460656
12944501023802423	7492415
12944501123703701	7549165
12944501223604919	7488048
12944501323506556	7527726
12944501423407890	7505135
12944501523309298	7419898
12944501623210605	7573379
12944501723111881	7574935
12944501826977114	12173153
12944501926878199	8196992
12944502026779517	8213850
12944502126683349	8088389
12944502226584688	7851161
12944502326485833	7865579
12944502426386801	7907711
12944502526287751	7913400
12944502626188670	7937864
12944502726089610	7917964
12944502825990909	7918181
12944502925892208	7954777
12944503025793523	7919116
12944503125694462	7906299
12944503225595750	7907186
12944503325496700	7917078
12944503425397661	7916636
12944503525298667	7912661
12944503625199635	7918559
12944503725100893	7916283
12944503825003669	7925127
12944503924905021	7905556
12944504024806246	7929881
12944504124707210	7346482
12944504224608500	7350802
12944504324509802	7673230
12944504424430113	7675538
12944504524331625	8129505
12944504624233033	8043300
12944504724134470	7580730
12944504824035829	7884008
12944504923945126	7708211
12944505023846519	7503983
12944505123747761	7540522
12944505223649018	7471768
12944505323550291	7498209
12944505423451498	7506893
12944505523352753	7513742
12944505623254062	7540723
12944505723155351	7335772
12944505823056589	7503898
12944505922961827	7725123
12944506022863288	7500001
12944506122764586	7510046
12944506222665860	7540914
12944506322567586	7814192
12944506422468948	7515664
12944506522370283	7509702
12944506622271537	7509037
12944506722172769	7505236
12944506826041229	11831227
12944506925942589	7866659
12944507025843912	7900697
12944507125744882	7877791
12944507225646139	7876767
12944507325547113	7877086
12944507425448090	7922252
12944507525349073	7919736
12944507625250076	7924258
12944507725151379	7917876
12944507825052640	7923127
12944507924954017	7793356
12944508024855277	7906080
12944508124756227	7922994
12944508224657497	7922478
12944508324558494	7902417
12944508424459474	7921492
12944508524360845	7914210
12944508624261792	7925264
12944508724163051	7922167
12944508824064259	7970991
12944508923965527	7906632
12944509023866756	7920956
12944509123768041	7390652
12944509223669352	7352203
12944509323570718	7660034
12944509423472194	7643309
12944509523373655	7809133
12944509623279149	7879857
12944509723180491	7516272
12944509823081785	7741929
12944509922983069	7675465
12944510022884303	7499624
12944510122785507	7509690
12944510222686742	7501072
12944510322588015	7507783
12944510422489287	7482446
12944510522390545	7515677
12944510622291815	7510722
12944510722193095	7477719
12944510822094316	7422520
12944510921995535	7513292
12944511021896799	7504753
12944511121798008	7441132
12944511221699245	7501176
12944511321600994	7528935
12944511421502347	7829652
12944511521403702	7822731
12944511621305067	7512606
12944511721206391	7552794
12944511821107663	7509888
12944511924957284	11824882
12944512024858679	7873787
12944512124759693	7895498
12944512224661018	7861984
12944512324562010	7862649
12944512424462993	7881649
12944512524364293	7910999
12944512624265246	7914288
12944512724166187	7907597
12944512824067435	7945309
12944512923968717	7927776
12944513023869977	7920248
12944513123771216	7953085
12944513223672484	7909672
12944513323573465	7911231
12944513423477394	8128352
12944513523378746	7920964
12944513623279705	7922341
12944513723180925	7923481
12944513823081918	7925645
12944513922982912	7899523
12944514022884179	7936286
12944514122785425	7928098
12944514222686759	7365642
12944514322587725	7298421
12944514422488712	7440529
12944514522390097	8057067
12944514622291478	8025501
12944514722192832	7760920
12944514822094098	7488688
12944514921995429	7760083
12944515021896740	8058857
12944515121798085	7458760
12944515221699346	7518710
12944515321600586	7485929
12944515421501866	7556751
12944515521403146	7506830
12944515621304460	7518117
12944515721205712	7530068
12944515821107102	7565032
12944515921008470	7510773
12944516020909825	7564066
12944516120811163	7499373
12944516220712434	7500831
12944516320613676	7487402
12944516420515292	7800823
12944516520416684	7825868
12944516620318109	7804367
12944516720219483	7521864
12944516820120732	7539698
12944516920026499	7560446
12944517023882677	11818343
12944517123786364	8130379
12944517223687748	7865976
12944517323588739	7874198
12944517423490037	7875582
12944517523391328	7752036
12944517623292260	7919015
12944517723193478	7915269
12944517823094458	7916101
12944517922995498	7910488
12944518022896770	7939624
12944518122798001	7929318
12944518222699186	7904947
12944518322600149	7908102
12944518422501123	7931251
12944518522402081	7917092
12944518622303071	7922694
12944518722204089	7917616
12944518822105100	7909313
12944518922006048	7913006
12944519021907281	7900703
12944519121808228	7907124
12944519221709411	7927357
12944519321610355	7353003
12944519421511286	7355510
12944519521412561	7648870
12944519621313932	7651890
12944519721215306	8048008
12944519821116690	7705635
12944519921018082	7516413
12944520020919327	7362097
12944520120820610	7565353
12944520220738540	7501832
12944520320639914	7558892
12944520420541162	7506904
12944520520442434	7435908
12944520620343714	7497076
12944520720245001	7439816
12944520820146329	7541308
12944520920051526	7726087
12944521019952828	7437586
12944521119854152	7535416
12944521219755429	7502584
12944521319656637	7526100
12944521419557905	7506172
