578774210735348	590558433
578774801325568	429061310
578775230397478	361220326
578775591627603	12139230
578775699692825	4071157
578775799694194	4071651
578775899696068	4064690
578775999698232	4073972
578776099701173	4074238
578776199705128	4071288
578776299716752	46212978
578776399725841	46756088
578776499770612	50023880
578776599788532	6331175
578776699795408	3613182
578776799797135	3614889
578776899800324	3613272
578776999806256	3612723
578777099809184	3614434
578777199810817	3613959
578777299812267	46912413
578777399823068	46568118
578777499833901	45069248
578777599841660	3624957
578777699843322	3615881
578777799844767	3612242
578777899846349	3621402
578777999855471	3613480
578778099858027	3614375
578778199859878	3611616
578778299861349	46707094
578778399868994	51270507
578778499879868	48874389
578778599890486	3616836
578778699898688	3615939
578778799907343	3613999
578778899918526	3621672
578778999924527	3637039
578779099933755	3618740
578779199938766	3628245
578779299951254	47637779
578779399961052	47480663
578779499968726	46284582
578779599987946	3616637
578779699998219	3614931
578779800018303	3613905
578779900030587	3615267
578780000037472	3612493
578780100048007	3625652
578780200054792	3613140
578780300062664	47200331
578780400072192	46731330
578780500089127	45594924
578780600099482	3604575
578780700102720	3611129
578780800106582	3619168
578780900113127	3608755
578781000117908	3606613
578781100122992	3607239
578781200135818	3621488
578781300143031	48130391
578781400154228	49879584
578781500161104	47366400
578781600172099	3611598
578781700176902	3611194
578781800184374	3606458
578781900192849	3611977
578782000195499	3621160
578782100199813	3609740
578782200201317	3608618
578782300214116	47268043
578782400227686	46778269
578782500234064	45607783
578782600242664	3610411
578782700247586	3611131
578782800254867	3614367
578782900263188	3616833
578783000266041	3608621
578783100271939	3608832
578783200277797	3609382
578783300280720	46038286
578783400290107	45707385
578783500302198	44514033
578783600311600	3608952
578783700321613	3614404
578783800325424	3613635
578783900340162	3612091
578784000347626	3610455
578784100353607	3613806
578784200355587	3606893
578784300357124	47051525
578784400366549	46378432
578784500374830	45358807
578784600382428	3611950
578784700384338	3608429
578784800386594	3609474
578784900389044	3609147
578785000391047	3617910
578785100392793	3616145
578785200394206	3615880
578785300397245	45940318
578785400403944	45736402
578785500412071	45266981
578785600426385	3616094
578785700429780	3616959
578785800440355	3620941
578785900452572	3619617
578786000462689	3617766
578786100472086	3617780
578786200476625	3615957
578786300479329	46983398
578786400486538	46425840
578786500494518	49147927
578786600510296	5063645
578786700512655	3620358
578786800514778	3617576
578786900517782	3618485
578787000520152	3615641
578787100522679	3617138
578787200537134	3621021
578787300539922	46895127
578787400549567	46514497
578787500561808	45257208
578787600573328	3613964
578787700576094	3617537
578787800579560	3642480
578787900587187	3623377
578788000589689	3615676
578788100596762	3618783
578788200607236	3679454
578788300612788	50040699
578788400628490	49916515
578788500638212	48693202
578788600647659	3634679
578788700660448	3635847
578788800671483	3640842
578788900682089	3640269
578789000686126	3640026
578789100700645	3636925
578789200704894	3634758
578789300710652	52383900
578789400724695	51964676
578789500734694	50584064
578789600743698	3621949
578789700746394	3624031
578789800752105	3627399
578789900760506	3616453
578790000766098	3613155
578790100774105	3672779
578790200783319	3621015
578790300796851	48967234
578790400807368	49741356
578790500819697	36930253
578790600829329	5420380
578790700834978	3615980
578790800846453	3873416
578790900848651	3612152
578791000849699	3614415
578791100851770	4137746
578791200853407	3613799
578791300855176	35501584
578791400864722	35295777
578791500869432	33692426
578791600878399	3625622
578791700880517	3663811
578791800882183	3742918
578791900887145	3628149
578792000888604	3612594
578792100892033	3668643
578792200957734	3674434
578792300961224	34936445
578792400973764	35271289
578792500984004	34278623
578792600995256	3616503
578792700998908	3615590
578792801003248	3722230
578792901008403	3619720
578793001010617	3617608
578793101012293	3615091
578793201015785	3635011
578793301017590	35158861
578793401028436	34299055
578793501039086	33538806
578793601046072	3624536
578793701049492	3629090
578793801051683	3669042
578793901053846	3619558
578794001064919	3612996
578794101066371	3610742
578794201072359	3623169
578794301082840	36059287
578794401088913	35714112
578794501097884	34178762
578794601107837	3618669
578794701116042	3622329
578794801125119	3628241
578794901140410	3620523
578795001149837	3628791
578795101161869	3623988
578795201173713	3628258
578795301182810	34897313
578795401192145	34839317
578795501203176	34069657
578795601215878	11649535
578795709261623	3616205
578795809268220	3634947
578795909272917	3612411
578796009280951	4022576
578796109288533	3624933
578796209296887	3614898
578796309306739	41516951
578796409312657	40902889
578796509317331	38527427
578796609324312	3608368
578796709334346	3613142
578796809341776	3617692
578796909350787	3617345
578797009356162	4005366
578797109365242	3613699
578797209372500	3619311
578797309397304	43121491
578797409404509	42927413
578797509409366	41896781
578797609420558	3613304
578797709426501	3610646
578797809435387	3627584
578797909446655	3617685
578798009454765	4027290
578798109463765	3632208
578798209470956	3615313
578798309479503	41791958
578798409488686	41720992
578798509495616	40891187
578798609502731	3610854
578798709513153	3615626
578798809520819	3609472
578798909544721	3616999
578799009552365	3975847
578799109560939	3643049
578799209569097	3605253
578799309577613	43190267
578799409585318	39398350
578799509593027	38646716
578799609603849	3612171
578799709610290	3609267
578799809619276	3614225
578799909627455	3624446
578800009634660	3987090
578800109641504	3619852
578800209649364	3609704
578800309658469	36011969
578800409664198	39072299
578800509689128	39641316
578800609696337	3032165
578800709703233	3037841
578800809709037	3080944
578800909716201	3075030
578801009722140	3467603
578801109731879	3169605
578801209739886	3074649
578801309747094	40536499
578801409755567	38495596
578801509759991	33426679
578801609769820	3036279
578801709775842	3064550
578801809782673	3104964
578801909790369	3081688
578802009796128	3469032
578802109803246	3215230
578802209821986	3157954
578802309828892	39612749
578802409835650	40523134
578802509844342	39701834
578802609851586	3153831
578802709857964	3037240
578802809866540	3116708
578802909872739	3043949
578803009881555	3439601
578803109887946	3038555
578803209895890	3037609
578803309903237	38656255
578803409909709	38512528
578803509918798	37871578
578803609924786	3040182
578803709933292	3075282
578803809955754	3088495
578803909967473	3080280
578804009976298	3544373
578804109982533	3173949
578804209989688	3068326
578804310000216	39345557
578804410010262	39448668
578804510016588	38697816
578804610026431	3162351
578804710032850	3050546
578804810041821	3090060
578804910045783	3181054
578805010053740	3493660
578805110059987	3171805
578805210067565	3113930
578805310072937	38880471
578805410091313	41167649
578805510099670	40008443
578805610107009	3066474
578805710113716	3173894
578805810121867	3087530
578805910129666	3179981
578806010134183	3542125
578806110141440	3175422
578806210149538	3162682
578806310157307	40923749
578806410161774	39740663
578806510167434	38483360
578806610178220	3157267
578806710187054	3155793
578806810193268	3159817
578806910199054	3079110
578807010211147	3496838
578807110216796	3184176
578807210230186	3032593
578807310232701	39544586
578807410239050	38479713
578807510244567	35947835
578807610249153	2994926
578807710250844	3100697
578807810252108	3121002
578807910254202	3130464
578808010255979	3524510
578808110257728	3055200
578808210260088	3075077
578808310262104	37456950
578808410269448	35629774
578808510276333	34869427
578808610281892	2989604
578808710291530	3001137
578808810292559	3043959
578808910294029	3003014
578809010339904	3524116
578809110353267	3111462
578809210359999	3097074
578809310362104	39190428
578809410369960	44156276
578809510379608	42425783
578809610385672	4053308
578809710388234	3599936
578809810398641	3610942
578809910402268	3607360
578810010404810	3967223
578810110407166	3601581
578810210411126	3617969
578810310423546	38002402
578810410431647	38529638
578810510439910	38095513
578810610445577	3599471
578810710447433	3604289
578810810449256	3604381
578810910450585	3604805
578811010453149	3952828
578811110459932	3607962
578811210463111	3614931
578811310469531	39478225
578811410482317	37673966
578811510490341	36863312
578811610501443	3613130
578811710513897	3605082
578811810515214	3601792
578811910524317	3608284
578812010528741	3959932
578812110533619	3608257
578812210540659	3600581
578812310547455	40746673
578812410560602	36628295
578812510569946	37771219
578812610576026	3601173
578812710577384	3602839
578812810584516	3600842
578812910591260	3612403
578813010596216	3991388
578813110601761	3612777
578813210604353	3608307
578813310617046	40579745
578813410628553	40231791
578813510634436	40969138
578813610666795	3609424
578813710674865	3605909
578813810682620	3723500
578813910691408	3637935
578814010702663	3982555
578814110714210	3620509
578814210722897	3622697
578814310731668	41942931
578814410741084	41418601
578814510753367	39493797
578814610767950	11651390
578814718786946	3620324
578814818795981	3630979
578814918802899	3621044
578815018809050	3624011
578815118814984	3622540
578815218838594	3624284
578815318849331	36277628
578815418856815	36187572
578815518864061	35011995
578815618868621	3620696
578815718875517	3628558
578815818883917	3088118
578815918892642	3124722
578816018899379	3131264
578816118906994	3105962
578816218915766	3135783
578816318924843	32111076
578816418932031	32083549
578816518940156	31093775
578816618949297	3042252
578816718955347	3048331
578816818976493	3091861
578816918984203	3045944
578817018993801	3043917
578817119002586	3047571
578817219009287	3123498
578817319016927	33464526
578817419024022	33093808
578817519034776	32449573
578817619043690	3169702
578817719051203	3170895
578817819057726	3172561
578817919064080	3166451
578818019070926	3085482
578818119077319	3173862
578818219084189	3046350
578818319090878	32411138
578818419110711	33015091
578818519116819	31977866
578818619125113	3080515
578818719135386	3081694
578818819141846	3121774
578818919148652	3044857
578819019155224	3043679
578819119163139	3046127
578819219171351	3072630
578819319177099	33262228
578819419183969	32315739
578819519191094	31058290
578819619197199	3044013
578819719205750	3043181
578819819212157	3090553
578819919220193	3081535
578820019226387	3088126
578820119251612	3083156
578820219259731	3050483
578820319267714	33174215
578820419273626	33115037
578820519280206	31980294
578820619287243	3042813
578820719295916	3045051
578820819302660	3089586
578820919309307	3054234
578821019316548	3059970
578821119322933	3089475
578821219330009	3118465
578821319338124	32219716
578821419345014	32137196
578821519354380	31031048
578821619361214	3042990
578821719383637	3043553
578821819391077	3049824
578821919396809	3059554
578822019403174	3088217
578822119407761	3182093
578822219415819	4876969
578822319423348	33448220
578822419431678	33339672
578822519440233	32119996
578822619446981	3133215
578822719455124	3119214
578822819464672	3113739
578822919472169	3089752
578823019478366	3047329
578823119486725	3052162
578823219494379	3050647
578823319517385	33176907
578823419523202	33313095
578823519528480	32968324
578823619538100	3079628
578823719544106	3086428
578823819550554	3174301
578823919556334	3123460
578824019563123	3123963
578824119568165	3149062
578824219574133	3081275
578824319579651	30135427
578824419587073	30052439
578824519593657	31049097
578824619603487	3049901
578824719609724	3042177
578824819617050	3046572
578824919623776	3284761
578825019642188	3132928
578825119647797	3146222
578825219654920	3179776
578825319661924	32702356
578825419666448	31373910
578825519672778	30232916
578825619677116	3029775
578825719678402	3040486
578825819679850	3072456
578825919725242	3057085
578826019727363	2995098
578826119728841	3012977
578826219732509	3002405
578826319735458	32060685
578826419740734	30138336
578826519747607	30574284
578826619756278	3057420
578826719757393	3143770
578826819762324	3093547
578826919763926	3114429
578827019766475	3045686
578827119767683	3006520
578827219768874	2983085
578827319770119	32221566
578827419776131	38034175
578827519781060	31120833
578827619787049	3049066
578827719788112	2967886
578827819789427	2961246
578827919790441	2980873
578828019791511	3071535
578828119792641	3046039
578828219800480	3096223
578828319801654	31053483
578828419806103	32575830
578828519810654	30704520
578828619818869	3002458
578828719820044	3003224
578828819821410	3019324
578828919823467	3151779
578829019824910	3081995
578829119829795	3166719
578829219831698	3204155
578829319832724	31638727
578829419839064	31758977
578829519845928	30692740
578829619852017	3118744
578829719853088	3118093
578829819861342	3164808
578829919862581	3169102
578830019863908	3079709
578830119866133	3167806
578830219867453	3116180
578830319868688	31961363
578830419873526	32257714
578830519878157	31575508
578830619883051	3171849
578830719884423	3163975
578830819885656	3170586
578830919893372	3175999
578831019898242	3133129
578831119899937	3123298
578831219901595	3046931
578831319904169	31287218
578831419908813	31222633
578831519920068	30302646
578831619923580	3149891
578831719924940	3125116
578831819926308	3143891
578831919929468	3161870
578832019930889	3158140
578832119932643	3192480
578832219934717	3145068
578832319936528	32123370
578832419946080	30537918
578832519951196	28799924
578832619956886	3028681
578832719958159	3140629
578832819963036	3033953
578832919964196	2961255
578833019965831	2990384
578833119973929	3171859
578833219976056	3166515
578833319977161	32532328
578833419982428	32504906
578833519992912	30409806
578833619996638	3038719
578833720006793	3141652
578833820009521	2974706
578833920011009	3003383
578834020012469	3068877
578834120014559	3179563
578834220016288	3112768
578834320018335	30750118
578834420024495	30985316
578834520029229	28679821
578834620033273	3139689
578834720040941	3023998
578834820042021	3017700
578834920043619	3033507
578835020044982	3153503
578835120046195	3071004
578835220047486	2955063
578835320049164	30446828
578835420053595	32167306
578835520057844	30081258
578835620061773	3035570
578835720063295	3006914
578835820064589	3012180
578835920066906	5057612
578836020070134	2995244
578836120073985	2992506
578836220075492	3027113
578836320082522	31095372
578836420097857	32929304
578836520102727	31562660
578836620106759	3160940
578836720108314	2977324
578836820109943	2970320
578836920111141	3098468
578837020113484	3140446
578837120114726	3150886
578837220117265	3083646
578837320118513	30807000
578837420127172	29399135
578837520132223	30498807
578837620135828	3092475
578837720137414	3164606
578837820138643	2992166
578837920139748	3138752
578838020147943	3155232
578838120148993	3098396
578838220150532	3017279
578838320151532	32114946
578838420156180	31040805
578838520169884	30554104
578838620173714	3204142
578838720175245	3100551
578838820176332	3018653
578838920183910	3131379
578839020192690	3164208
578839120202304	3166878
578839220210423	3163602
578839320217181	31865076
578839420226744	32002665
578839520235926	30819924
578839620256672	3070445
578839720266464	3072716
578839820275459	3160694
578839920282070	3143019
578840020287391	9768770
578840126997467	3092947
578840227005399	3076704
578840327013023	40673742
578840427022005	40813164
578840527029843	39444645
578840627034465	3176242
578840727040343	3109635
578840827048004	3117737
578840927054322	3124001
578841027062400	3113770
578841127070796	3079441
578841227093553	3075608
578841327101384	40613854
578841427108377	40819109
578841527114328	39505360
578841627118449	3159020
578841727125106	3041025
578841827130898	3037303
578841927140417	3163443
578842027148241	3175459
578842127155462	3164730
578842227161573	3113358
578842327169669	39727224
578842427177897	39290091
578842527185496	38511104
578842627189849	3159380
578842727230963	3034527
578842827238156	3032433
578842927263854	3169388
578843027272384	3172036
578843127276277	3161863
578843227281958	3077770
578843327292215	40721886
578843427299491	40953861
578843527307731	39548740
578843627314676	3164256
578843727322808	3098020
578843827328838	3058251
578843927339390	3169079
578844027347432	3167163
578844127354541	3085801
578844227363783	3037451
578844327370602	39522767
578844427376889	39625327
578844527397987	39476196
578844627402896	3156991
578844727411688	3076569
578844827420934	3078819
578844927427550	3173171
578845027435609	3118722
578845127441988	3087235
578845227450442	3042319
578845327457798	40608266
578845427473634	40854935
578845527482072	38584270
578845627490042	3071946
578845727496990	3079780
578845827503309	3047522
578845927509454	3064387
578846027516381	3080892
578846127536782	3178166
578846227545865	3118886
578846327552670	40902178
578846427560898	40798731
578846527567042	39563941
578846627571905	3154198
578846727580356	3042698
578846827589039	3052376
578846927597377	3053045
578847027604359	3042208
578847127613070	3043266
578847227618493	3075341
578847327626152	39221078
578847427634207	39138494
578847527641868	38034496
578847627649154	3036684
578847727663050	3043156
578847827669046	3052345
578847927676079	3041051
578848027682003	3078248
578848127690786	3074731
578848227699275	3046679
578848327707322	40565802
578848427715573	39850434
578848527723684	39294692
578848627729364	3065746
578848727737062	3073617
578848827744235	3051096
578848927750424	3157331
578849027757072	3163904
578849127762189	3163211
578849227769583	3040122
578849327777539	40076964
578849427800387	40368362
578849527808720	39179975
578849627816411	3104416
578849727825398	3079594
578849827834016	3114865
578849927842823	3071165
578850027852208	3073958
578850127863449	3050517
578850227871735	3049571
578850327878247	38923050
578850427885907	36694720
578850527892941	34807008
578850627898923	3146001
578850727903673	3071787
578850827904970	3143082
578850927906857	3140121
578851027916532	3127392
578851127920817	3150357
578851227923078	3063502
578851327924675	38593177
578851427930496	36536559
578851527935675	35206786
578851627939637	3110483
578851727943351	3059920
578851827944873	3083951
578851927948576	3075423
578852027950758	3111664
578852127962529	3217509
578852227964806	3088333
578852327966876	39346409
578852428099510	36634253
578852528104940	35137933
578852628117371	3353020
578852728119502	3008023
578852828121347	3228171
578852928124856	5688928
578853028128095	5083034
578853128131163	5088771
578853228188452	3621765
578853328192194	41333201
578853428198465	39294879
578853528212840	37958952
578853628218729	3598916
578853728227243	3603706
578853828229510	3605775
578853928236562	3603193
578854028241044	3599154
578854128245548	3600665
578854228251932	3614349
578854328265850	41220464
578854428274730	39346528
578854528283286	37879231
578854628291560	3601603
578854728297822	3603327
578854828301429	3608064
578854928304568	3602460
578855028305811	3594408
578855128309203	3597602
578855228312971	3600567
578855328315850	39927543
578855428329066	38215907
578855528340728	36605672
578855628349413	3595866
578855728360011	3595107
578855828365039	3602236
578855928377082	3596117
578856028378515	3599752
578856128381998	3597035
578856228387204	3599546
578856328389631	41244788
578856428403389	39527232
578856528409848	38073902
578856628416306	3611044
578856728424959	3620713
578856828432150	3607647
578856928437165	3601303
578857028445730	3610323
578857128450085	3602371
578857228454442	3603655
578857328456016	39968027
578857428469028	38000247
578857528485364	38041678
578857628493148	3612365
578857728498052	3599034
578857828503733	3599974
578857928511440	3614208
578858028515457	3612546
578858128517638	3609634
578858228524329	3616641
578858328530424	41264094
578858428543334	39236408
578858528555170	36931896
578858628563305	3617500
578858728570833	3605647
578858828573614	3606575
578858928579947	3606758
578859028586338	3618365
578859128597212	3606048
578859228599336	3606703
578859328605428	41247211
578859428618624	39267439
578859528630744	38024058
578859628690983	3615232
578859728696002	3604440
578859828701153	3603084
578859928708163	3602382
578860028712938	3607639
578860128713712	3615019
578860228721341	3612106
578860328730445	40013998
578860428746954	38157549
578860528759922	36846374
578860628766068	3609548
578860728772811	3595424
578860828784758	3602210
578860928786252	3603988
578861028792167	3607564
578861128796636	3612212
578861228802902	3610574
578861328804232	41211497
578861428817317	39313817
578861528827362	37955244
578861628837205	3617246
578861728839366	3612760
578861828840814	3607240
578861928846133	3614687
578862028851426	3613646
578862128854953	3598647
578862228862575	3607674
578862328881387	39885221
578862428895492	39279303
578862528907126	37727106
578862628912180	3609134
578862728919968	3605542
578862828924237	3602359
578862928928391	3615094
578863028936049	6304195
578863128943147	6300359
578863228947587	3607164
578863328951517	41206618
578863428963223	37739254
578863528975279	36759537
578863628982462	3600736
578863728989685	3605621
578863828991050	3607755
578863928996984	3606176
578864029007343	3603115
578864129011703	3594664
578864229020800	3616476
578864329031197	41597475
578864429036216	40683004
578864529043134	40043093
578864629047454	3613467
578864729059692	3617267
578864829068538	3621203
578864929076422	3614733
578865029083980	3619375
578865129089110	3617540
578865229100168	3625525
578865329110588	40327643
578865429117242	37866393
578865529122809	37609865
578865635819030	3167730
578865735838050	3174879
578865835846604	3175306
578865935852582	3179390
578866035859081	3169987
578866135864516	3130722
578866235872189	3150874
578866335878060	30786471
578866435884013	33037327
578866535892235	32147476
578866635899360	3084380
578866735908489	3082300
578866835916337	3084217
578866935921872	3073439
578867035930504	3076341
578867135936133	3043796
578867235943407	3052460
578867335964128	33185728
578867435972237	33024627
578867535982025	31882255
578867635987953	3065059
578867735995082	3047736
578867836012428	3058246
578867936018875	3039202
578868036025801	3035713
578868136031616	3040145
578868236037619	3031808
578868336043486	32168909
578868436049598	30536008
578868536058448	29519251
578868636064161	3069632
578868736069886	3094128
578868836077869	3103113
578868936096696	3108703
578869036102233	3031325
578869136107639	3039663
578869236113431	3072012
578869336121461	31417087
578869436128809	31611812
578869536135435	31285411
578869636141219	3033830
578869736147880	3043657
578869836154630	3042733
578869936160309	3071503
578870036168532	3080806
578870136174354	3092750
578870236180442	3071212
578870336186423	32281071
578870436194784	32032178
578870536204690	32033401
578870636212282	3033769
578870736219724	3054488
578870836226312	3038367
578870936231690	3035369
578871036238166	3035533
578871136244129	3040650
578871236245497	2964206
578871336251509	32575547
578871436261102	32986667
578871536267399	31108604
578871636274804	3045533
578871736286127	3035133
578871836292056	3078045
578871936299526	3074491
578872036309302	3034843
578872136325442	3037360
578872236343110	3034982
578872336350738	32992229
578872436356704	32517788
578872536363260	31659923
578872636369671	3070547
578872736375324	3076883
578872836381585	3072953
578872936388374	3038971
578873036396830	3037200
578873136404570	3036379
578873236411333	3078747
578873336417498	31810319
578873436423699	30313769
578873536431743	30771931
578873636439380	3033994
578873736445964	3038636
578873836467484	3076042
578873936473525	3102005
578874036479260	3114673
578874136496321	3076349
578874236502538	3048153
578874336509481	32618400
578874436519044	33158690
578874536526821	31857697
578874636533752	3035949
578874736541892	3035614
578874836550133	3045343
578874936556353	3044886
578875036563144	3034736
578875136569314	3060404
578875236575055	3077546
578875336582533	31918939
578875436601288	32882452
578875536608672	31590220
578875636616178	3035471
578875736626811	3041753
578875836635451	3035918
578875936641492	3038584
578876036658586	3043919
578876136664863	3039650
578876236671284	3036476
578876336677854	32938815
578876436683641	31303727
578876536738748	30196365
578876636744519	3037439
578876736745918	3024362
578876836747199	3018088
578876936748402	3006341
578877036749972	3037358
578877136758250	2993275
578877236760146	3014391
578877336761297	32245599
578877436767702	31809077
578877536778429	30818027
578877636782341	3031275
578877736785912	3015718
578877836789485	3060527
578877936790673	3042263
578878036792019	3031122
578878136798080	2975415
578878236800043	2987971
578878336801371	31627349
578878436806158	31257378
578878536811557	30189353
578878636816246	3073614
578878736823096	2974701
578878836824567	2966220
578878936827029	2992078
578879036829121	2993012
578879136830702	3022683
578879236840199	3019926
578879336842149	32528985
578879436859795	32108695
578879536864854	31106257
578879636868753	2997446
578879736872292	2998825
578879836873778	2979574
578879936877065	3001443
578880036878812	3028464
578880136881044	3017715
578880236884995	2993810
578880336897859	42789592
578880436902858	32106399
578880536907378	30955389
578880636910915	3033236
578880736912314	2989318
578880836913655	2997253
578880936915071	2993153
578881036916854	2994516
578881136918645	2951920
578881236920653	3177967
578881336922542	32809483
578881436928743	32594584
578881536938586	30238434
578881636944262	3048310
578881736946166	2972497
578881836947956	2969466
578881936955206	2952354
578882036956609	2950192
578882136957748	2960778
578882236959077	2950090
578882336960759	33790261
578882436965283	33794395
578882536969663	32440036
578882636975366	2921546
578882736976781	2935146
578882836978489	2995067
578882936980226	3220375
578883036981985	3176270
578883136983711	2981195
578883236985430	3126387
578883336987100	33243378
578883436991850	31843143
578883536996855	31214466
578883637007428	2958232
578883737009252	3017681
578883837010956	2975787
578883937012808	3057263
578884037014616	3059509
578884137016253	3282797
578884237025586	3148742
578884337035157	32695687
578884437044131	32637860
578884537053802	31393785
578884637060212	3046091
578884737069983	3055623
578884837075682	3052360
578884937083484	3052756
578885037090288	3044230
578885137099879	3045307
578885237122096	3086271
578885337123318	46820446
578885443798375	40264023
578885543806735	39231014
578885643813863	3482293
578885743822900	3113988
578885843832445	3102486
578885943840012	3088728
578886043849812	3073551
578886143858059	3471230
578886243864826	3095106
578886343873296	39554563
578886443880552	39407304
578886543888686	38289490
578886643894609	3457238
578886743902386	3044021
578886843924247	3039587
578886943929792	3041761
578887043939020	3046841
578887143946358	3415803
578887243952434	3054475
578887343962576	40604267
578887443970301	40433903
578887543978823	39219028
578887643987198	3451232
578887743995477	3077021
578887844013044	3072361
578887944019015	3035095
578888044025858	3025683
578888144032148	3485983
578888244038238	3152283
578888344045473	39420754
578888444052273	40438793
578888544071968	39209967
578888644077442	3412347
578888744083195	3050787
578888844089919	3099348
578888944095711	3069898
578889044103691	3061738
578889144110787	3518088
578889244119414	3023119
578889344128349	40493283
578889444134332	39423992
578889544141247	38110612
578889644149144	3401956
578889744158899	3024944
578889844166233	3024025
578889944171868	3047561
578890044178524	3074389
578890144198393	3453250
578890244207444	3081984
578890344215733	40654701
578890444225666	40459504
578890544232789	39219258
578890644240322	3406425
578890744248555	3019602
578890844255853	3035470
578890944261868	3028793
578891044267597	3026594
578891144274037	3413304
578891244281582	3060123
578891344289816	39464364
578891444296821	39246546
578891544306181	38109088
578891644314217	3424195
578891744334409	3032298
578891844342085	3061662
578891944349416	3029066
578892044357433	3026267
578892144363826	3438891
578892244374308	3028054
578892344380363	40431949
578892444386476	40390620
578892544395988	39060371
578892644404896	3464133
578892744412547	3063075
578892844420264	3027358
578892944429461	3022582
578893044435700	3023728
578893144441905	3699424
578893244451880	3027893
578893344487939	40559961
578893444497409	40457144
578893544504334	39261945
578893644512238	3419009
578893744519436	3064746
578893844525036	3067653
578893944532628	3103284
578894044542489	3046382
578894144550684	3415722
578894244557566	3019989
578894344566014	39574277
578894444572107	39384264
578894544582405	38188756
578894644590310	3436394
578894744596650	3029970
578894844602882	3065966
578894944610925	3089802
578895044624469	3060677
578895144633134	3476650
578895244643137	3053714
578895344650127	39043890
578895444656423	38753983
578895544662334	36034582
578895644666694	3398847
578895744679133	2943315
578895844682807	2998271
578895944684186	3011616
578896044694036	2975734
578896144698450	3329956
578896244708139	2922093
578896344727932	37619826
578896444736083	35706280
578896544743204	34279300
578896644754107	3414884
578896744755575	2966503
578896844757187	2984388
578896944758639	2987582
578897044762787	2958700
578897144764725	4939722
578897244768933	5044045
578897344774487	45547067
578897444781979	39376283
578897544791963	38189411
578897644795513	3993056
578897744803101	3608926
578897844808310	3609404
578897944813263	3615634
578898044820187	3621017
578898144825344	3954589
578898244839879	3607544
578898344845140	41227864
578898444856939	39468311
578898544867004	38169016
578898644872784	3963139
578898744883691	3600117
578898844889472	3596097
578898944891143	3604922
578899044899062	3615225
578899144905648	3973730
578899244912522	3617790
578899344920641	40027130
578899444930901	38193200
578899544939727	36980394
578899644943481	3975261
578899744945988	3614235
578899844949081	3597849
578899944961316	3612407
578900044962948	3613263
578900144969172	3971806
578900244975601	3613711
578900344980088	41249421
578900444993535	39324575
578900545004926	38061824
578900645014189	3974824
578900745024833	3615764
578900845030783	3606056
578900945035085	3610165
578901045037825	3604206
578901145043466	4068094
578901245049939	3598168
578901345055264	40042134
578901445068019	38331680
578901545086108	38129550
578901645094852	3975044
578901745103753	3605733
578901845109235	3607857
578901945111397	3612612
578902045115961	3615359
578902145121934	3982841
578902245127988	3605573
578902345137748	41325416
578902445150523	39262971
578902545157397	36927930
578902645165089	3985655
578902745172313	3608046
578902845173671	3603652
578902945179108	3617175
578903045183815	3603469
578903145192800	3965146
578903245195823	3593738
578903345200208	41199070
578903445207846	39432048
578903545216323	38186130
578903645220973	3966472
578903745227794	3604302
578903845233206	3615214
578903945237522	3613440
578904045243511	3614785
578904145249530	3982707
578904245256411	3602115
578904345260207	40030716
578904445268387	38198012
578904545282852	37012228
578904645289608	3976251
578904745298305	3608767
578904845299875	3602264
578904945309939	3611748
578905045315158	3603545
578905145319961	4050720
578905245326278	3611945
578905345328502	41284193
578905445341980	39320108
578905545357071	38053272
578905645361922	3982000
578905745364524	3611549
578905845369052	3606791
578905945371168	3607168
578906045375400	3606033
578906145382046	4001128
578906245386830	3602678
578906345390627	40553714
578906445406483	39231176
578906545418680	37959865
578906645426036	3990446
578906745431276	3610133
578906845432620	3609653
578906945435907	3602206
578907045443506	3619688
578907145445504	6442241
578907245453650	6310705
578907345461614	40747514
578907445473987	38172587
578907545485233	36903100
578907645493243	3991234
578907745500181	3602842
578907845502248	3601146
578907945504695	3611337
578908045516302	3603493
578908145517265	3981118
578908245523468	3603751
578908345528612	41223409
578908445537896	39335158
578908545548946	38096168
578908645552455	3983741
578908745559596	3604144
578908845562285	3604435
578908945568647	3608502
578909045574737	3603076
578909145581181	4071796
578909245587829	3600351
578909345591589	39954260
578909445606885	38045912
578909545618804	37004248
578909645633588	3997683
578909745646085	3618745
578909845656606	3620076
578909945666926	3627995
578910045675014	3622434
578910145683511	4014938
578910245767784	3611324
578910345778284	41579791
578910445787682	41400629
578910545795159	40204256
578910645803092	4003872
578910745813305	3631217
578910845826784	11760619
578910953964986	3056335
578911053973500	3047465
578911153986840	3053248
578911253993739	3081677
578911354013594	33077024
578911454019211	33127055
578911554026272	32373777
578911654034958	3046601
578911754043052	3130137
578911854052103	3074486
578911954059249	3091800
578912054065014	3103805
578912154074085	3102135
578912254080886	3087379
578912354087795	32134890
578912454097383	32081631
578912554105500	31023167
578912654112159	3083722
578912754120538	3085904
578912854126912	3093820
578912954151210	3054279
578913054158926	3046612
578913154164356	3097145
578913254173475	3121437
578913354179577	33106825
578913454187551	33025442
578913554193196	31856788
578913654200244	3043478
578913754208501	3058343
578913854216854	3098403
578913954224334	3098069
578914054232540	3093024
578914154239724	3098722
578914254245586	3046307
578914354253960	32149275
578914454260118	32076206
578914554283097	31863822
578914654290057	3044374
578914754298469	3132050
578914854306502	3104727
578914954314000	3057042
578915054322902	3060504
578915154333126	3086936
578915254341693	3082539
578915354347518	33070492
578915454354930	32981204
578915554360748	31003162
578915654368114	3048818
578915754378180	3052008
578915854386590	3053365
578915954394748	3049542
578916054401582	3047159
578916154416291	3043565
578916254423707	3101799
578916354432799	33112355
578916454441658	33028512
578916554449887	31883377
578916654457219	3094793
578916754465028	3066040
578916854474559	3091856
578916954481885	3100157
578917054487206	3091793
578917154494516	3133534
578917254500517	3123996
578917354506918	32151927
578917454515044	32097541
578917554522169	31047752
578917654529460	3121134
578917754536713	3127997
578917854555755	3101382
578917954561290	3129270
578918054569609	3090909
578918154578905	3081488
578918254584379	3066052
578918354590587	33179454
578918454597164	33059141
578918554605285	31913722
578918654611595	3049297
578918754620301	3049617
578918854629813	3076401
578918954636664	3082807
578919054642490	3086828
578919154649345	3090478
578919254656824	3050059
578919354663831	32234455
578919454685028	33120986
578919554695418	31949862
578919654701285	3044194
578919754708726	3087702
578919854718443	3061855
578919954724025	3081421
578920054729684	3167913
578920154735352	3125705
578920254744554	3118075
578920354752146	33637104
578920454757990	32464862
578920554764554	31069262
578920654770283	3048521
578920754775825	3042531
578920854786286	3144478
578920954791301	3213740
578921054803273	3173413
578921154805599	3113359
578921254810200	3215544
578921354816426	33477625
578921454825012	32986040
578921554830602	31572543
578921654837910	3076566
578921754841024	3075754
578921854842368	3092104
578921954844131	3078019
578922054847818	3002023
578922154850212	2987209
578922254852083	2998443
578922354854365	31739668
578922454859406	31286289
578922554864313	30323434
578922654873075	3027893
578922754881990	3039618
578922854883438	3035758
578922954884918	3076268
578923054887768	3003806
578923154888976	3081384
578923254892823	3073773
578923354895104	32575971
578923454900929	32115088
578923554906013	31715791
578923654911262	3270691
578923754913510	3167143
578923854915742	3220899
578923954916973	3175304
578924054920559	3091514
578924154923212	3084210
578924254925834	3164047
578924354934616	32793088
578924454939812	32468625
578924554945256	31339593
578924654950704	3110765
578924754952068	3076733
578924854955152	5417082
578924954958580	3089336
578925054960359	3006879
578925154963480	3052485
578925254964684	3080113
578925354969524	32073357
578925454975508	31517390
578925554983285	30753493
578925654988997	3037200
578925754990479	3114476
578925854994024	3084327
578925955002492	3071419
578926055004051	3079100
578926155007959	3078374
578926255013800	3076594
578926355015978	32879808
578926455021847	32321440
578926555026999	31279051
578926655038004	3042402
578926755039359	3041659
578926855040906	3030973
578926955043323	3053771
578927055094875	3074526
578927155099947	2924442
578927255103166	3139845
578927355104329	31918817
578927455109797	31568260
578927555119893	31276547
578927655124752	3053170
578927755126089	3039011
578927855127598	3083911
578927955132487	3043783
578928055137852	3052948
578928155139842	3081415
578928255143681	3076858
578928355146915	32945155
578928455155566	32285278
578928555160976	30451276
578928655168190	3051740
578928755169500	3063239
578928855172929	3072660
578928955176297	3167706
578929055178268	3110586
578929155182339	3213067
578929255190439	3083006
578929355191945	32990553
578929455197731	32471294
578929555202866	31262906
578929655209507	3041714
578929755216601	3176307
578929855218292	3038964
578929955219880	2989476
578930055221771	3027710
578930155227279	3043854
578930255231601	3168620
578930355234384	31725057
578930455241114	31763499
578930555248093	30404990
578930655255042	3167248
578930755256388	3178184
578930855264940	3167460
578930955266444	3165349
578931055267975	2983567
578931155272876	3132574
578931255275417	3057489
578931355277035	32633532
578931455282024	31940741
578931555291555	30378583
578931655296725	3021464
578931755299914	3046611
578931855301777	3165357
578931955303668	3103554
578932055307206	3121801
578932155309771	3173336
578932255312533	3156654
578932355315045	31925334
578932455325938	32693877
578932555331530	31673554
578932655341205	3173611
578932755342766	3177076
578932855344752	3051662
578932955346122	3042450
578933055348571	3139524
578933155352927	3084260
578933255354296	3047441
578933355356439	33135267
578933455363471	42766844
578933555377533	38903656
578933655388013	3624861
578933755393603	3624129
578933855396863	3669946
578933955406211	3666267
578934055417026	3678422
578934155429564	3666823
578934255435694	3665429
578934355440968	36053526
578934455453650	35618185
578934555462529	34500378
578934655472466	3627718
578934755474049	3618528
578934855475369	3627063
578934955478485	3622075
578935055482922	3624713
578935155487374	3627005
578935255495568	3616020
578935355503519	34841265
578935455514297	34689531
578935555522160	33796155
578935655530893	3619341
578935755556237	3620257
578935855565481	3630552
578935955576153	3629901
578936055584559	3633149
578936155593003	3629974
578936255604803	3627368
578936355612711	35922172
578936455624201	35833919
578936555634369	34639767
578936655645140	11632183
578936763679969	3609539
578936863689062	3625744
578936963696498	3614193
578937063704450	3617511
578937163711506	3617643
578937263719735	3608617
578937363740931	43318981
578937463749433	42847420
578937563760451	41556472
578937663771193	3605397
578937763777827	3615202
578937863783760	3606341
578937963790332	3609157
578938063798583	3620758
578938163804173	3616066
578938263810177	3608819
578938363821948	42241293
578938463827541	41444296
578938563834953	40382229
578938663842832	3607004
578938763849791	3611244
578938863859238	3615453
578938963873919	3600788
578939063882089	3613767
578939163888794	3616400
578939263895277	3612662
578939363902009	42036524
578939463909671	41373947
578939563917756	43708078
578939663923946	3611311
578939763932241	3620332
578939863937843	3627202
578939963945716	3615488
578940063954749	3610847
578940163964880	3618343
578940263974396	3622786
578940363983385	42270971
578940463991580	41819671
578940563999803	41533924
578940664030940	3597214
578940764038324	3608955
578940864044088	3595590
578940964051721	3604391
578941064058766	3606396
578941164065297	3605961
578941264071433	3605654
578941364078041	41667629
578941464085453	39319075
578941564092399	37431163
578941664099658	3599728
578941764109961	3602825
578941864118132	3600339
578941964128201	3605638
578942064134782	3610272
578942164143460	3597031
578942264167023	3606256
578942364173978	43489440
578942464180926	42938305
578942564187287	41790704
578942664195704	3601788
578942764202860	3071657
578942864211113	3067355
578942964219125	3162413
578943064227429	3157873
578943164235284	3042071
578943264241114	3076736
578943364248033	39977520
578943464255486	39456396
578943564263418	38486073
578943664271790	3038723
578943764281469	3033531
578943864298633	3041446
578943964351539	3025254
578944064356062	3089456
578944164365379	3111576
578944264371595	3096338
578944364377669	37482897
578944464384854	36900580
578944564390840	37726618
578944664399817	3024247
578944764405732	3027178
578944864412585	3026111
578944964418788	3027352
578945064425091	3022698
578945164433557	3033878
578945264439132	3028284
578945364448239	39385396
578945464453982	39824375
578945564473753	37096879
578945664479715	3059912
578945764486164	3064625
578945864492651	3053501
578945964501230	3029863
578946064507177	3034964
578946164515757	3033674
578946264524839	3027393
578946364530886	40515995
578946464537602	39316534
578946564545730	37957663
578946664560926	3026341
578946764567783	3037336
578946864575519	3057890
578946964581150	3069780
578947064589568	3072963
578947164610453	3113156
578947264618484	3026055
578947364625429	40939212
578947464634116	40178316
578947564643556	39023816
578947664652174	3027144
578947764658509	3029291
578947864664773	3032753
578947964672327	3031846
578948064678284	3054081
578948164687151	3067025
578948264691573	3058811
578948364692702	35869339
578948464697050	32961024
578948564705779	32876890
578948664710632	3049808
578948764719423	3100920
578948864720483	2936952
578948964721512	2999921
578949064736094	2972932
578949164738939	3005160
578949264740366	2972706
578949364741997	38765116
578949464746934	35622912
578949564750504	33682904
578949664755499	3067664
578949764757491	3439468
578949864759448	3352966
578949964761360	3080100
578950064763268	3089305
578950164764378	3158324
578950264765585	3145994
578950364775548	40205378
578950464780208	36695616
578950564784445	34776162
578950664788942	3138110
578950764790304	3058694
578950864791576	3109558
578950964792614	3097824
578951064794467	3101678
578951164796370	3057204
578951264798158	3236014
578951364800016	36885441
578951464806017	32672108
578951564810326	31376753
578951664814673	2983794
578951764815801	2961984
578951864817184	3644178
578951964818736	3781324
578952064832823	3607985
578952164834139	3600349
578952264835829	3612795
578952364838052	41612252
578952464846487	38748981
578952564861161	36661808
578952664870654	3624369
578952764874185	3608321
578952864876379	3617141
578952964879482	3607214
578953064881610	3597912
578953164883859	3615467
578953264887184	3625507
578953364890453	38122195
578953464900435	38595344
578953564912328	37067916
578953664927157	3897464
578953764932126	3865074
578953864934239	4077692
578953964937728	3611504
578954064938984	3612034
578954164940199	3602188
578954264941557	3611957
578954364943206	39923249
578954464948218	35896941
578954564953111	37082687
578954664958693	3599087
578954764962814	3618579
578954864965032	3855252
578954964973258	4130626
578955064981468	3609434
578955164987491	4193063
578955265011678	3616662
578955365024025	42080511
578955465034312	41466037
578955565044726	40271442
578955665054948	3614977
578955765062132	3610864
578955865071006	3621136
578955965080780	3610387
578956065092411	3621321
578956165103290	3616085
578956265106825	12057793
578956373186105	35766248
578956473193247	35134001
578956573200390	34214334
578956673207221	3619801
578956773214382	3972518
578956873220608	3849530
578956973240242	3624680
578957073248712	3637958
578957173258327	3671840
578957273264398	4060603
578957373270543	33502995
578957473275999	33047749
578957573283510	32050353
578957673291673	3095857
578957773299489	3507852
578957873308417	3092232
578957973315174	3044124
578958073324327	3047903
578958173329784	3049753
578958273338687	3443639
578958373346645	32702705
578958473355133	32123788
578958573379038	31917506
578958673386568	3047696
578958773392760	3483138
578958873401155	3131532
578958973407260	3163254
578959073413243	3169559
578959173419304	3176382
578959273424725	3496079
578959373431732	33842858
578959473435472	31855227
578959573440937	31389061
578959673446676	3080140
578959773452117	3506657
578959873461496	3045545
578959973471137	3087070
578960073477355	3060083
578960173503649	3088968
578960273510585	3470052
578960373519592	33135717
578960473528197	32481789
578960573537910	31754644
578960673546141	3168828
578960773581507	3422193
578960873586598	3044845
578960973596255	3088412
578961073603668	3171630
578961173613968	3094772
578961273622029	3443988
578961373627621	32228335
578961473634922	32174066
578961573644314	31387730
578961673651703	3081949
578961773663175	3480344
578961873668608	3068439
578961973674394	3073091
578962073680570	3171546
578962173687963	3045974
578962273696388	3469553
578962373704749	33594102
578962473710691	31939818
578962573718323	32463283
578962673728281	3043768
578962773734765	3489187
578962873743084	3097619
578962973748505	3093505
578963073758094	3106545
578963173764980	3095760
578963273771902	3510131
578963373780729	33188263
578963473805453	32839814
578963573812311	31166960
578963673819518	3044664
578963773835709	3456865
578963873844052	3046374
578963973850139	3088231
578964073857003	3068868
578964173863655	3096321
578964273871258	3484391
578964373878980	33145960
578964473885606	32210597
578964573893607	30702164
578964673901743	3043542
578964773909805	3438585
578964873914971	3058940
578964973924432	3048107
578965073945932	3061713
578965173952637	3101599
578965273960677	3422354
578965373969078	33793134
578965473974777	33068534
578965573980239	31295366
578965673986126	3080344
578965773995393	3453784
578965874002204	3112307
578965974010735	3102919
578966074016930	3062285
578966174022825	3059467
578966274030174	3456749
578966374038002	32576209
578966474046443	32108232
578966574056128	31376844
578966674078407	3043258
578966774088894	3453616
578966874096291	3064707
578966974105432	3079696
578967074113685	3121136
578967174120627	3102101
578967274121813	3391755
578967374124664	43134948
578967474131519	34943735
578967574384185	36701054
578967674396001	3126031
578967774397917	3356358
578967874399751	3182837
578967974401593	3083323
578968074403298	3121267
578968174406331	2956929
578968274408103	3665861
578968374419629	34577833
578968474424471	33820512
578968574431302	32517980
578968674436432	2996293
578968774438342	3577486
578968874440037	3206221
578968974441814	3184199
578969074443742	3023501
578969174445714	3257553
578969274447481	3415142
578969374449144	33002287
578969474454175	32614961
578969574461205	40564625
578969674467836	3046153
578969774469608	3598233
578969874471311	2993397
578969974480246	3194399
578970074482171	2968604
578970174483984	3195658
578970274485662	3537164
578970374487689	34083722
578970474492648	33397178
578970574497967	32269808
578970674504236	3203137
578970774505979	3338837
578970874507780	2994701
578970974509472	2963828
578971074510808	2974565
578971174512392	2966644
578971274513842	3364666
578971374515309	31353465
578971474526626	31676726
578971574539467	32118326
578971674544896	3001346
578971774548617	3328861
578971874549981	2938069
578971974551830	3076884
578972074553654	3161250
578972174555361	2961697
578972274557259	3616741
578972374559010	34233994
578972474563455	32802741
578972574568778	31299073
578972674575622	3235604
578972774577805	3566000
578972874579773	3163748
578972974581707	3014008
578973074583406	2958171
578973174592123	3021545
578973274595978	3326260
578973374597820	32910560
578973474602351	32332920
578973574607322	31050056
578973674612133	3051121
578973774613575	3455444
578973874614961	3055791
578973974616617	3045845
578974074618137	3023910
578974174619551	2976950
578974274620960	3359178
578974374622835	31980092
578974474627711	31220860
578974574632304	30142343
578974674638655	2985648
578974774640225	3365806
578974874648238	3012345
578974974649736	3163341
578975074657636	3177242
578975174662364	3171137
578975274671784	3510895
578975374677784	33110613
578975474684969	32815979
578975574695146	31657417
578975674703776	3051040
578975774710665	3476030
578975874715714	3087876
578975974724375	3054294
578976074731604	3054517
578976174734844	9786219
578976281408947	3102300
578976381414656	40125610
578976481435717	40676018
578976581442204	39547703
578976681449755	3120648
578976781455767	3111223
578976881465309	3078415
578976981470957	3179605
578977081477062	3112882
578977181482829	3106901
578977281488941	3140604
578977381497862	41497940
578977481504504	39975599
578977581512919	38132506
578977681554249	3087033
578977781563786	3031152
578977881572300	3052583
578977981576964	3090734
578978081597665	3110967
578978181603475	3094523
578978281609405	3131066
578978381616514	41245167
578978481623299	40903218
578978581633881	39441870
578978681641132	3135987
578978781646955	3112689
578978881655672	3087503
578978981662866	3090869
578979081670034	3063314
578979181678014	3045233
578979281685061	3051032
578979381691483	39848918
578979481699896	39693941
578979581706739	38521865
578979681714965	3047068
578979781736240	3037747
578979881744456	3038790
578979981750012	3087407
578980081757273	3111237
578980181767264	3085234
578980281773238	3047215
578980381789489	41145193
578980481798285	40749556
578980581806126	39269732
578980681814644	3037124
578980781820583	3048823
578980881829503	3050068
578980981838689	3058685
578981081846515	3050598
578981181854867	3091821
578981281861882	3074486
578981381882140	41050805
578981481891216	40846471
578981581899614	39518891
578981681906376	3044744
578981781912680	3075389
578981881920996	3075128
578981981931055	3081722
578982081938301	3074766
578982181947475	3082482
578982281953506	3086216
578982381960957	40139332
578982481966973	39743474
578982581976401	38411452
578982681982929	3078408
578982781991497	3074589
578982881997734	3039439
578982982020183	3055731
578983082026624	3120336
578983182032377	3163311
578983282040085	5166406
578983382048259	41124835
578983482054396	39613708
578983582064295	39386445
578983682068781	3153591
578983782076229	3119881
578983882081782	3134645
578983982085252	3182810
578984082091508	3180875
578984182097925	3059114
578984282103939	3069564
578984382111205	36522531
578984482120929	36221347
578984582131735	35885080
578984682142256	3027815
578984782149769	3069167
578984882155359	3084597
578984982164748	3050085
578985082172863	3068487
578985182179753	3083066
578985282186028	3071780
578985382192507	40677134
578985482198597	39920815
578985582207750	36938574
578985682214375	3055337
578985782220825	3039495
578985882226507	3041730
578985982232891	3046348
578986082241205	3077781
578986182249802	3043267
578986282269467	3029866
578986382280136	38617532
578986482284280	35262954
578986582289559	32756554
578986682294850	3063816
578986782296099	3013410
578986882297331	3053560
578986982298742	3046171
578987082300221	3056711
578987182301459	2946847
578987282302923	3047414
578987382304396	37663989
578987482311858	32641934
578987582316293	32630964
578987682320650	3161565
578987782322150	3162971
578987882333905	3156636
578987982335714	3020680
578988082337240	3061560
578988182338561	3033885
578988282340189	3043836
578988382341534	36496469
578988482346524	33534731
578988582351554	34719577
578988682355753	3147272
578988782357124	3047891
578988882358287	2991728
578988982359764	3119421
578989082362038	3015568
578989182363860	3024262
578989282365972	3161465
578989382367489	36353745
578989482379246	36321954
578989582384066	34343101
578989682388308	2919764
578989782389717	3026996
578989882390948	3048931
578989982392237	2922539
578990082393630	2914563
578990182394886	2913557
578990282396240	2919596
578990382401256	35234907
578990482413619	33951636
578990582418644	32744107
578990682425305	3075337
578990782426641	3029861
578990882427892	2954410
578990982429326	3063298
578991082430749	2987318
578991182442117	3003821
578991282443483	3102556
578991382444794	37300597
578991482454238	36205749
578991582458968	33929790
578991682463255	3114272
578991782464743	3022854
578991882466073	2997983
578991982468377	5056644
578992082470530	4753350
578992182472686	4466643
578992282474534	3999106
578992382475947	39028048
578992482489654	35408262
578992582495112	35310582
578992682500902	3617265
578992782516402	3602997
578992882518093	3602252
578992982521507	3596098
578993082523255	3603614
578993182525012	3600649
578993282529968	3611972
578993382534760	41706539
578993482547436	38621727
578993582559701	37393433
578993682565352	3610697
578993782567627	3628617
578993882569081	3621310
578993982572179	3611326
578994082574222	3603951
578994182575724	3606658
578994282577565	3607583
578994382589380	40980772
578994482649539	36091039
578994582660157	37069972
578994682669213	3610698
578994782670766	3613436
578994882672416	3614327
578994982674103	3608478
578995082675744	3603492
578995182677301	3610628
578995282678871	3615612
578995382680850	37894956
578995482686486	35166019
578995582697711	34161736
578995682707529	3610242
578995782709861	3900106
578995882712108	3867920
578995982723084	3813624
578996082727265	3976366
578996182729321	3604244
578996282731063	3604399
578996382732544	41968675
578996482742824	38548561
578996582754028	37607247
578996682762131	3608462
578996782765489	3917480
578996882767775	3897462
578996982770033	3854440
578997082774033	3887488
578997182781475	3965886
578997282783668	3859086
578997382791508	41229861
578997482805179	40324701
578997582818283	36485840
578997682829959	3603612
578997782832038	3610267
578997882833578	3613618
578997982835893	3607554
578998082838214	3880599
578998182841897	3845829
578998282844222	3855704
578998382846423	42396824
578998482861836	37215538
578998582873668	39326637
578998682884819	3660245
