591673104980051	42819427
591673205017330	36541500
591673305052594	1230605
591673406052018	214256
591673506053470	212618
591673606055157	212649
591673706056954	213053
591673806058505	213680
591673906060095	212331
591674006061372	212570
591674106063418	2951834
591674206070761	2816464
591674306073469	184024
591674406076771	184267
591674506078035	183443
591674606080308	183929
591674706082016	183727
591674806083771	185323
591674906085609	183461
591675006099135	185879
591675106105431	2622650
591675206114711	2543967
591675306121175	184326
591675406122972	189239
591675506124252	183849
591675606127174	183768
591675706131991	183724
591675806144011	184893
591675906146968	183814
591676006148411	187047
591676106159637	2563460
591676206164103	2477940
591676306168569	185319
591676406171547	186984
591676506172043	183675
591676606173236	187282
591676706176163	183381
591676806178316	183633
591676906180605	183572
591677006182662	183247
591677106185056	2696059
591677206190698	2483633
591677306192764	183538
591677406193875	183249
591677506196128	185008
591677606197619	183291
591677706198719	182949
591677806200017	183184
591677906202182	183602
591678006204421	183314
591678106206837	2526465
591678206214769	2950240
591678306219591	275072
591678406239275	258690
591678506242110	256784
591678606245429	183165
591678706246550	183129
591678806276117	184758
591678906280562	183637
591679006281215	182947
591679106283751	2551570
591679206287512	2591459
591679306289896	183898
591679406292878	183196
591679506293333	183086
591679606305428	184578
591679706306701	183301
591679806308005	183218
591679906309958	183150
591680006311837	183297
591680106313770	2619435
591680206317749	2554677
591680306321691	183738
591680406323715	183386
591680506326495	183209
591680606328470	183140
591680706330402	183757
591680806334087	183339
591680906336323	183706
591681006338372	183286
591681106342102	2530357
591681206352482	2535476
591681306358039	183591
591681406359981	183091
591681506361679	183299
591681606363075	183102
591681706364858	183435
591681806367009	183700
591681906371065	184671
591682006383013	185109
591682106389053	2657177
591682206401058	2508873
591682306404551	184621
591682406413731	185464
591682506427083	185441
591682606433835	188403
591682706437274	183654
591682806439104	185324
591682906441130	185372
591683006446756	185397
591683106449072	2544219
591683206454956	2514349
591683306460547	1203939
591683407482282	183654
591683507485923	184240
591683607487608	183595
591683707489566	183906
591683807491506	182824
591683907493660	183597
591684007495362	183666
591684107497528	2581283
591684207504260	2494973
591684307507961	186323
591684407516736	182856
591684507519194	183278
591684607521669	183391
591684707524099	183266
591684807532524	183283
591684907536695	183497
591685007538522	184989
591685107540738	2719759
591685207544894	2630613
591685307548809	186839
591685407550784	186952
591685507553351	183245
591685607556166	183555
591685707558065	183333
591685807561805	183214
591685907563879	183138
591686007566517	182806
591686107568782	2540225
591686207572760	2487280
591686307576683	183354
591686407578426	182907
591686507579448	182764
591686607581216	182929
591686707582695	182867
591686807584878	183104
591686907586878	183286
591687007588626	182873
591687107591421	2554426
591687207595348	2749047
591687307599202	186429
591687407600847	183075
591687507601917	182755
591687607603556	182808
591687707605470	182938
591687807607346	183160
591687907609249	183054
591688007612624	182860
591688107616360	2566040
591688207622099	2484511
591688307627340	321635
591688407628976	183050
591688507631869	182640
591688607633705	182869
591688707635564	182871
591688807637349	183037
591688907639437	183136
591689007640975	182882
591689107645102	2525889
591689207649102	2474806
591689307653063	186190
591689407654878	182776
591689507656566	182708
591689607660176	182989
591689707661685	182974
591689807663462	183001
591689907667120	182953
591690007667744	182884
591690107669633	2554855
591690207675403	2496629
591690307679298	184232
591690407682944	182992
591690507684082	182735
591690607685948	182890
591690707687769	183232
591690807748563	194534
591690907750882	182924
591691007751605	182753
591691107753588	2607212
591691207759985	2520702
591691307764332	184097
591691407766634	183297
591691507769011	183314
591691607771334	183123
591691707772804	182985
591691807775024	183096
591691907777045	183322
591692007778798	183068
591692107780690	2555146
591692207782856	2469615
591692307784958	183058
591692407786547	182878
591692507787921	182749
591692607789801	182797
591692707791605	182900
591692807793295	183041
591692907797530	183197
591693007799257	182735
591693107802027	2510737
591693207811135	2526750
591693307815189	1233714
591693408865995	183513
591693508867797	183544
591693608869705	183380
591693708871658	183417
591693808873590	183106
591693908875908	184003
591694008878038	183419
591694108880425	2562047
591694208883364	2480857
591694308888240	183581
591694408890256	183803
591694508892232	183368
591694608894254	183419
591694708896295	183297
591694808898306	183325
591694908900595	183486
591695008902485	185936
591695108904188	2506665
591695208906305	2475966
591695308910180	183969
591695408911957	183353
591695508913519	183078
591695608915215	183268
591695708917135	183328
591695808919011	183146
591695908928296	286023
591696008933328	183978
591696108935072	1993710
591696208938936	1927329
591696308943211	184782
591696408944446	183662
591696508947754	183390
591696608950154	183468
591696708951568	183519
591696808954593	183438
591696908955674	183178
591697008957136	183053
591697108959634	1740352
591697208963793	1808938
591697308969845	183951
591697408971733	183841
591697508974227	184141
591697608976326	183623
591697708978586	183454
591697808979870	183384
591697908982297	183425
591698008984672	185237
591698108987042	1905815
591698208991476	1910532
591698308995838	184053
591698409000093	183367
591698509002266	183291
591698609003559	183232
591698709006580	183037
591698809007705	183329
591698909008843	183157
591699009011759	183239
591699109012913	1900441
591699209017406	1890936
591699309023727	183766
591699409024871	182880
591699509027814	183377
591699609030187	183648
591699709031878	183407
591699809033287	183272
591699909035332	183750
591700009036756	183529
591700109038850	1870554
591700209043254	1873577
591700309046856	183952
591700409048042	183219
591700509048529	183011
591700609049645	182898
591700709050734	183016
591700809051824	183398
591700909054814	183371
591701009055917	183142
591701109057073	1822618
591701209062684	1887285
591701309066534	183591
591701409067678	183049
591701509070119	183184
591701609071546	185021
591701709074858	183230
591701809076429	183309
591701909077899	183373
591702009079499	183077
591702109080900	1894586
591702209087438	1739147
591702309091841	183619
591702409094228	183891
591702509096526	184135
591702609100683	183232
591702709103052	183999
591702809112829	184683
591702909114331	183297
591703009115403	183107
591703109116740	1956840
591703209126247	2002011
591703309138090	1239183
591703410198075	184502
591703510207560	184406
591703610216692	184998
591703710223777	184508
591703810232407	185957
591703910245746	184076
591704010253268	184706
591704110260409	2083987
591704210268317	2069341
591704310282970	184903
591704410290792	184426
591704510302563	184428
591704610313447	184927
591704710327242	184639
591704810336462	184756
591704910347536	185399
591705010348649	186411
591705110351351	1831832
591705210355284	1771347
591705310359473	184549
591705410361492	187160
591705510363427	185558
591705610365235	187333
591705710367342	185225
591705810369611	185048
591705910373622	183104
591706010375498	182930
591706110377693	1664566
591706210383925	1644458
591706310388299	184494
591706410390666	182925
591706510392082	182596
591706610394359	183049
591706710396074	153765
591706810397160	153382
591706910398241	153709
591707010399238	160139
591707110400271	1400553
591707210403854	1416290
591707310407357	153947
591707410408341	153662
591707510410941	153543
591707610412837	172433
591707710414553	153480
591707810415532	155472
591707910416561	153954
591708010418305	159999
591708110421486	1378849
591708210425207	1381242
591708310428772	154110
591708410493038	153751
591708510493983	153517
591708610495727	153811
591708710496885	153498
591708810497835	153431
591708910498824	153679
591709010499817	153569
591709110500806	1460646
591709210504399	1400290
591709310509765	153979
591709410510751	153492
591709510511380	169759
591709610513281	153951
591709710514364	153617
591709810515587	160001
591709910516683	153589
591710010517600	153642
591710110518593	1467843
591710210522247	1374995
591710310526037	153844
591710410536926	153483
591710510537579	153557
591710610539471	160306
591710710541352	153948
591710810542849	171138
591710910544031	171217
591711010545204	153652
591711110546507	1360103
591711210550055	1384182
591711310553600	154001
591711410558745	159982
591711510559446	153472
591711610561350	153518
591711710562449	153457
591711810563428	153468
591711910564361	169292
591712010565527	153603
591712110567334	1367472
591712210571332	1465030
591712310575312	154158
591712410577261	153558
591712510579259	153575
591712610581170	160077
591712710582574	153873
591712810583783	153633
591712910585001	153813
591713010586003	155466
591713110587298	1737309
591713210596850	1867453
591713310609409	1007649
591713411457281	169598
591713511466361	155186
591713611475384	162413
591713711482240	155710
591713811490175	156150
591713911503012	155201
591714011511093	161444
591714111517083	1852533
591714211523567	1709735
591714311529435	161704
591714411538002	155520
591714511547041	155533
591714611554197	155921
591714711562632	158038
591714811606869	161292
591714911608742	160640
591715011609841	160319
591715111611129	2114727
591715211614820	2030573
591715311618897	154035
591715411620115	170652
591715511621103	153946
591715611622909	153892
591715711625343	154039
591715811628476	153914
591715911629818	153832
591716011630981	153743
591716111632257	1744591
591716211635976	1734695
591716311639868	154425
591716411640973	158122
591716511641942	153767
591716611643205	160261
591716711644717	170796
591716811646456	172466
591716911650099	154168
591717011652041	154444
591717111653968	1653176
591717211656456	1574152
591717311660261	154467
591717411662204	160642
591717511664180	160482
591717611666182	154465
591717711668303	160486
591717811669722	160469
591717911670954	154021
591718011672071	160348
591718111673295	1605604
591718211677038	1731024
591718311679299	160705
591718411680592	153927
591718511681781	160255
591718611683005	154009
591718711684131	153719
591718811685279	153809
591718911686422	154070
591719011687395	153906
591719111688367	1587657
591719211691993	1459434
591719311695925	155575
591719411696860	154177
591719511697468	153834
591719611698533	153933
591719711701345	153762
591719811702268	153880
591719911705020	153957
591720011705688	155731
591720111706792	1480627
591720211710435	1558047
591720311714088	154236
591720411715766	154239
591720511717568	154379
591720611719023	153954
591720711720284	153700
591720811721331	153718
591720911722544	153847
591721011723374	153669
591721111725267	1620146
591721211728841	1726482
591721311732705	154707
591721411734512	172622
591721511736210	153908
591721611737471	154048
591721711738708	154203
591721811740006	153842
591721911741222	155789
591722011742321	155745
591722111743519	1718068
591722211750269	1585689
591722311752164	172086
591722411753459	160636
591722511755355	160740
591722611757358	160702
591722711760859	161024
591722811762691	154314
591722911764610	160665
591723011766560	154163
591723111768025	1772113
591723211773867	1784815
591723311783572	1036448
591723412663381	162066
591723512667889	154722
591723612673181	161665
591723712678401	161388
591723812683264	155881
591723912687847	154645
591724012692079	160880
591724112696708	1771702
591724212702108	1841828
591724312708977	154799
591724412713909	154989
591724512722810	155194
591724612728621	156022
591724712735538	157066
591724812737013	170841
591724912738334	153732
591725012739001	155274
591725112740912	1733670
591725212744671	1551694
591725312748465	154262
591725412749465	157934
591725512750138	162524
591725612751910	157809
591725712758052	156987
591725812759226	155484
591725912760186	153584
591726012760851	157510
591726112823914	1795775
591726212825797	1648070
591726312829352	153930
591726412830278	157859
591726512831244	168558
591726612833003	153779
591726712834270	153632
591726812840372	154576
591726912841489	153590
591727012842160	153800
591727112843175	1423012
591727212846743	1429096
591727312850298	153960
591727412851282	153495
591727512851888	153291
591727612853651	153981
591727712854941	153730
591727812856001	167615
591727912856941	153558
591728012858067	160006
591728112859477	1392622
591728212863159	1423514
591728312866767	153745
591728412867982	153674
591728512868948	153561
591728612870630	153764
591728712871932	153614
591728812872915	153579
591728912874668	153594
591729012881599	153763
591729112883590	1377277
591729212887573	1490471
591729312889671	172474
591729412890965	160022
591729512892890	160165
591729612894823	160191
591729712896176	170611
591729812898080	153625
591729912900019	160135
591730012901072	165720
591730112903008	1447883
591730212909093	1404334
591730312913088	154018
591730412914543	160167
591730512916443	153771
591730612918248	153960
591730712919337	153576
591730812921298	160219
591730912923099	153972
591731012924945	153830
591731112926245	1386332
591731212930066	1393390
591731312932254	153854
591731412934169	160146
591731512936057	166420
591731612938059	160040
591731712940207	160087
591731812942124	153815
591731912944028	153816
591732012945995	153824
591732112947142	1438984
591732212950842	1581884
591732312954922	171990
591732412956840	153797
591732512957784	160017
591732612959178	160077
591732712961222	160009
591732812962482	153858
591732912963800	153532
591733012965785	168479
591733112967900	1750682
591733212974123	1871612
591733312979810	1020961
591733413845039	168958
591733513850827	162060
591733613856130	172353
591733713861833	162235
591733813867541	159814
591733913872085	161312
591734013875996	161308
591734113881215	1837019
591734213886202	1823980
591734313891334	161653
591734413896348	155809
591734513901773	162173
591734613906398	156099
591734713918501	156964
591734813921381	177557
591734913922517	156104
591735013923464	154555
591735113925792	1754576
591735213929461	1714711
591735313933429	154756
591735413935082	158634
591735513937028	156687
591735613938941	158488
591735713941977	154077
591735813943832	154144
591735913945717	154257
591736013947854	160283
591736113949870	1468393
591736213954002	1496446
591736313958402	154163
591736413959725	154003
591736513960978	153783
591736613962463	160390
591736713963838	153883
591736813965148	154041
591736913966337	154001
591737013967295	153749
591737113968703	1610740
591737213970831	1684372
591737313972805	160664
591737413973977	160274
591737513975062	168516
591737613977007	154332
591737713979015	154172
591737813980272	154073
591737913981503	153839
591738013982471	153757
591738113984406	1709430
591738213988217	1718193
591738313990181	168442
591738413991376	160380
591738513992404	153813
591738613993733	153838
591738713995788	153782
591738814004347	155665
591738914005762	169244
591739014009452	169231
591739114010742	1494796
591739214018548	1741621
591739314022209	162753
591739414024086	160525
591739514027113	162209
591739614028562	162737
591739714030452	153989
591739814031877	153911
591739914033207	160393
591740014035168	154902
591740114037909	1710036
591740214041556	1418087
591740314045134	154139
591740414046139	169011
591740514046783	153591
591740614047713	153629
591740714049550	160940
591740814050620	153838
591740914051518	153722
591741014052461	160356
591741114053518	1453024
591741214058981	1639127
591741314064421	154534
591741414066350	153896
591741514068350	160510
591741614070281	154221
591741714072452	160735
591741814073988	154073
591741914075205	153977
591742014078407	162327
591742114081895	1704859
591742214091872	1732907
591742314096839	154674
591742414097997	158249
591742514098962	153887
591742614100343	160363
591742714102504	161588
591742814104996	167585
591742914107220	160743
591743014108240	154448
591743114109708	1675006
591743214119951	1744234
591743314131513	1001159
591743414967061	161634
591743514976364	161892
591743614982078	161835
591743715017789	161313
591743815028624	155999
591743915034010	167389
591744015038679	161893
591744115044407	1921045
591744215050479	1927673
591744315055442	154909
591744415060190	155524
591744515065081	155210
591744615069815	155053
591744715081544	157101
591744815084194	155761
591744915085521	153826
591745015094111	156746
591745115095698	1650475
591745215099264	1549877
591745315109710	162613
591745415111742	161069
591745515113849	154185
591745615115904	160981
591745715118001	160786
591745815121094	160785
591745915122440	155961
591746015124410	166265
591746115126531	1701543
591746215130530	1517127
591746315132491	168405
591746415133742	171194
591746515134762	160162
591746615135949	164022
591746715138752	153766
591746815139956	160234
591746915141116	153625
591747015142956	153655
591747115144800	1435494
591747215148418	1477366
591747315150346	171189
591747415151572	169743
591747515152484	153673
591747615154273	153813
591747715156298	171856
591747815159551	160170
591747915160890	153618
591748015162094	155641
591748115163515	1409445
591748215167183	1389114
591748315170903	153902
591748415172253	153444
591748515173537	153772
591748615175654	160315
591748715176970	153649
591748815178163	153506
591748915179334	160278
591749015180315	159904
591749115181568	1500444
591749215185255	1479475
591749315189175	153983
591749415190504	153983
591749515191592	159739
591749615192875	153543
591749715194195	160089
591749815195392	153796
591749915196498	153857
591750015197646	168148
591750115198888	1372067
591750215202535	1480410
591750315206151	154063
591750415207360	167505
591750515208340	160054
591750615209634	160166
591750715210867	172585
591750815218524	167870
591750915219801	153558
591751015220763	166643
591751115224509	1561356
591751215228197	1571258
591751315231804	153859
591751415232983	153640
591751515233962	153531
591751615235109	153794
591751715236606	153747
591751815237832	153878
591751915239058	153619
591752015240137	160038
591752115241431	1410243
591752215246007	1441163
591752315249611	153868
591752415250801	153618
591752515251841	159772
591752615253066	159913
591752715254248	153588
591752815257259	153573
591752915258360	153845
591753015260293	168807
591753115261686	1834470
591753215267957	1903489
591753315277383	1027599
591753416147968	162279
591753516152417	172426
591753616157711	173424
591753716162865	161784
591753816168896	173411
591753916174376	171515
591754016178932	176647
591754116185143	1834671
591754216190695	1820594
591754316195995	171715
591754416201227	162566
591754516206050	161420
591754616213633	163128
591754716223162	158008
591754816224489	159867
591754916225730	154312
591755016226939	154017
591755116228308	1759298
591755216230547	1691854
591755316232506	170372
591755416233841	161462
591755516234992	154468
591755616236267	154664
591755716238144	154214
591755816240002	153941
591755916241404	153883
591756016242534	169845
591756116243878	1467995
591756216245878	1530985
591756316247802	160747
591756416249127	172092
591756516250249	153932
591756616251539	153825
591756716253375	154297
591756816254745	153908
591756916256248	153834
591757016257506	153910
591757116258888	1471052
591757216263737	1471712
591757316266240	160598
591757416267497	169205
591757516281170	169821
591757616282547	160442
591757716284622	160883
591757816296911	168655
591757916298022	153789
591758016298946	153518
591758116300183	1637902
591758216302238	1725655
591758316304116	154408
591758416305285	168158
591758516306386	160499
591758616307577	153824
591758716309440	160480
591758816311404	160938
591758916312612	154402
591759016313628	160326
591759116314985	1522215
591759216317157	1508737
591759316319467	160701
591759416321134	160340
591759516322407	160012
591759616323819	166948
591759716325751	160502
591759816327106	160289
591759916328266	154107
591760016329267	160302
591760116330467	1756905
591760216332490	1661531
591760316334372	154192
591760416335577	160302
591760516336642	160098
591760616337864	160241
591760716339730	160373
591760816341006	160228
591760916342247	160231
591761016343343	153661
591761116344616	1474505
591761216346485	1642988
591761316352864	154669
591761416391034	160456
591761516392968	161023
591761616394973	156006
591761716397022	162461
591761816398960	156062
591761916400702	154512
591762016401731	155828
591762116402859	1771398
591762216404827	1732043
591762316408496	160608
591762416409639	153938
591762516410679	160298
591762616411921	164219
591762716413284	160356
591762816419266	161320
591762916420500	160321
591763016421521	153917
591763116423187	1805851
591763216429231	1815862
591763316434449	1044401
591763417312766	155265
591763517317401	161249
591763617322435	163327
591763717330592	155760
591763817336154	162647
591763917341008	154849
591764017345094	161273
591764117350592	1911027
591764217355986	1902234
591764317374035	155254
591764417381999	155780
591764517389444	155453
