109050938960532	3106981
109051038872960	1197778
109051138778718	1953770
109051238682177	1813946
109051338584135	1191929
109051438485959	1192533
109051538387629	1193289
109051638289389	1193648
109051738191101	1191436
109051838092814	1216601
109051937994662	1192466
109052037896370	1190528
109052137797991	1193584
109052237699802	1197699
109052337601545	1193432
109052437503339	1193618
109052537404989	1192749
109052637307013	1207088
109052737208808	1191502
109052837110823	1193036
109052937012531	1191813
109053036917746	1272190
109053136819526	1192529
109053236723906	1213831
109053336625679	1190691
109053436527518	1189820
109053536429147	1187028
109053636330845	1194955
109053736232514	1188271
109053836137590	1188468
109053936039314	1187188
109054035948927	1276965
109054135851295	1197470
109054235753043	1199654
109054335655142	1212457
109054435558820	1201562
109054535460571	1204201
109054635362385	1200855
109054735264209	1205708
109054835172659	1235246
109054935074502	1200882
109055034976120	1218511
109055134877900	1204195
109055234779576	1194488
109055334681301	1194413
109055434583318	1199341
109055534484825	1191613
109055634386373	1192758
109055734287913	1194223
109055834189527	1214338
109055934136834	1263775
109056034038684	1191974
109056133940632	1193595
109056233842410	1195122
109056333744187	1200177
109056433647233	1225345
109056533548871	1191941
109056633450473	1195123
109056733352036	1193983
109056833253728	1194073
109056933155361	1207048
109057033056992	1188498
109057132958776	1190185
109057232860380	1189201
109057332762076	1189581
109057432663766	1195808
109057532565340	1189474
109057632467357	1197702
109057732369013	1197712
109057832270987	1194960
109057932172645	1194737
109058032074242	1190618
109058131975962	1203843
109058231877804	1197781
109058331779583	1204195
109058431681199	1199337
109058531581982	1201206
109058631489227	1233251
109058731390941	1203385
109058831292593	1201439
109058931194497	1199012
109059031095305	1227459
109059130996817	1200671
109059230898532	1199873
109059330800406	1196934
109059430702375	1193568
109059530603861	1192749
109059630511762	1270862
109059730413510	1193135
109059830315109	1221022
109059930216772	1192390
109060030124174	1261769
109060130027680	1194428
109060229929786	1193455
109060329831541	1192885
109060429733205	1193135
109060529634045	1192344
109060629540093	1239980
109060729441716	1197211
109060829345247	1189770
109060929246894	1194649
109061029148477	1194082
109061129050662	1190988
109061228954541	2088076
109061328856800	1194815
109061428759055	1196610
109061528661276	1195115
109061628564897	1196341
109061728466624	1194492
109061828368411	1192627
109061928273615	1234904
109062028174497	1188853
109062128081933	1194349
109062227983622	1204006
109062327885373	1200111
109062427787311	1203385
109062527688234	1196030
109062627592095	1202333
109062727493837	1208047
109062827395839	1202258
109062927297638	1203362
109063027198619	1206618
109063127105696	1281090
109063227011990	1287117
109063326914563	1210353
109063426816264	1205210
109063526717911	1194006
109063626619664	1194008
109063726521465	1194077
109063826423285	1220288
109063926324869	1193242
109064026225828	1192041
109064126127426	1195495
109064226029162	1195621
109064325931217	1196704
109064425839650	1268791
109064525744445	1207540
109064625647281	1280118
109064725551774	1269531
109064825453426	1192992
109064925354551	1550915
109065025256574	1192799
109065125158153	1192685
109065225063384	1232939
109065324965209	1192818
109065424866716	1517653
109065524768324	1189373
109065624671659	1193916
109065724573423	1188959
109065824475091	1194492
109065924376751	1189679
109066024278298	1189784
109066124179963	1189994
109066224081632	1194049
109066323983238	1195632
109066423885276	1201596
109066523786924	1201223
109066623690345	1202264
109066723591926	1202133
109066823494156	1208260
109066923395892	1195783
109067023297474	1200030
109067123199107	1203345
109067223100896	1195038
109067323005067	1246630
109067422914225	1262480
109067522822612	1292644
109067622724581	1198967
109067722626440	1194790
109067822528273	1215543
109067922430216	1193792
109068022363041	1561234
109068122268416	1220309
109068222170557	1206479
109068322072330	1203175
109068421974216	1198074
109068521877663	1235223
109068621779823	1224073
109068721682879	1212009
109068821589190	1231937
109068921499216	1283546
109069021403222	1216653
109069121305216	1198216
109069221208338	1210945
109069321114478	1217665
109069421016926	1225169
109069520918727	1203307
109069620824202	1245698
109069720726479	1193263
109069820628736	1196192
109069920530997	1195247
109070020433207	1190182
109070120335168	1195392
109070220236896	1196131
109070320138606	1194626
109070420040185	1195056
109070519941877	1197202
109070619843579	1203828
109070719745300	1201122
109070819646929	1201762
109070919561725	1204429
109071019463401	1206469
109071119365172	1202873
109071219268198	1973733
109071319172665	1676299
109071419076371	1695356
109071518978478	1202029
109071618880482	1197118
