591767297689726	3719114
591767397713954	2872175
591767497718609	632930
591767597720996	389825
591767697722966	388529
591767797725414	391047
591767897727669	389546
591767997730120	391378
591768097732221	389932
591768197734638	391083
591768297737030	2844185
591768397739062	2666710
591768497741458	355072
591768597743156	355029
591768697745193	355310
591768797747167	355335
591768897749103	355146
591768997751492	355346
591769097753004	355108
591769197755534	355266
591769297757904	2785617
591769397767100	2598186
591769497774923	354999
591769597780408	378526
591769697782573	355264
591769797784639	354987
591769897786917	357296
591769997789266	355111
591770097791345	355302
591770197793761	357280
591770297802186	2709258
591770397805598	2637755
591770497809667	355073
591770597811586	355245
591770697813570	354904
591770797815463	357023
591770897816837	355150
591770997819184	356976
591771097821208	354934
591771197835488	356731
591771297837562	2695076
591771397840896	2622750
591771497847727	355106
591771597849569	354934
591771697851235	355228
591771797853165	357260
591771897855541	358438
591771997898485	356706
591772097900656	355188
591772197903032	355422
591772297905060	2731580
591772397908150	2662000
591772497913856	355243
591772597915651	355071
591772697917721	355455
591772797921445	357500
591772897923532	356303
591772997925946	355413
591773097927988	357345
591773197930421	355674
591773297932380	2641248
591773397936751	2583030
591773497939784	355258
591773597951280	355923
591773697952680	355111
591773797954192	354966
591773897957628	354779
591773997959899	355422
591774097961127	355106
591774197963463	355338
591774297964996	2683573
591774397968016	2609408
591774497973704	354986
591774597975393	354739
591774697978347	354772
591774797980087	354973
591774897981442	355023
591774997985547	355139
591775097987391	356990
591775197989696	355068
591775297993403	2604185
591775397999252	2572010
591775498004745	356713
591775598008406	355067
591775698010236	355346
591775798013843	357186
591775898015490	355125
591775998017797	355335
591776098025820	355818
591776198028144	357819
591776298029766	2706080
591776398033156	2626130
591776498038851	355304
591776598040411	355022
591776698041945	354886
591776798058074	356326
591776898060454	355388
591776998062948	355291
591777098064935	354955
591777198067294	355333
591777298069517	2645850
591777398077452	2830439
591777498084428	646661
591777598086472	592786
591777698089034	550970
591777798090592	367031
591777898092663	367777
591777998095024	367420
591778098097066	366914
591778198099406	367918
591778298101262	2870954
591778398104013	2694361
591778498106473	367417
591778598108317	367452
591778698109833	367623
591778798111853	369227
591778898113883	367003
591778998116263	381490
591779098118405	368919
591779198120795	367773
591779298122642	2709986
591779398124293	2664559
591779498126627	377287
591779598128316	373363
591779698130335	370867
591779798132064	369055
591779898133425	369698
591779998135816	369370
591780098137901	367233
591780198140306	370298
591780298142296	2692701
591780398144665	2640998
591780498160735	369962
591780598162823	366884
591780698164949	366890
591780798166884	377763
591780898168554	366749
591780998170954	367279
591781098172862	368147
591781198175218	366448
591781298176833	2698299
591781398187030	2793024
591781498193104	367348
591781598196811	369231
591781698198566	367804
591781798200447	369170
591781898203580	368267
591781998206043	367901
591782098207835	367686
591782198210112	368282
591782298212105	2730756
591782398217934	2583379
591782498225550	367012
591782598227297	367481
591782698229618	370974
591782798231565	368860
591782898233688	367390
591782998235986	366516
591783098238015	367499
591783198240325	367776
591783298242328	2633701
591783398248142	2577009
591783498254735	367533
591783598256745	366708
591783698258455	369181
591783798262029	368795
591783898264045	366981
591783998266454	367214
591784098268665	370802
591784198271072	493471
591784298287148	2702290
591784398294847	2652159
591784498300590	367073
591784598301834	367016
591784698305458	366882
591784798306991	367077
591784898307744	368721
591784998356943	367539
591785098358698	369639
591785198360030	369269
591785298362229	2631632
591785398365208	2555735
591785498370951	367419
591785598372419	367161
591785698373664	366906
591785798374971	367148
591785898375744	366888
591785998378108	367113
591786098379681	366552
591786198381241	368631
591786298383444	2623569
591786398386508	2541263
591786498392191	366885
591786598393835	366328
591786698395608	366809
591786798397441	366754
591786898399821	370547
591786998402294	367646
591787098404307	366454
591787198406273	369559
591787298408553	2588265
591787398411449	2550954
591787498417309	362769
591787598419121	355209
591787698422279	619975
591787798424192	355499
591787898426279	355519
591787998428698	355316
591788098442892	356156
591788198444948	355030
591788298447186	2853037
591788398451984	2710931
591788498455469	355070
591788598457229	354854
591788698458961	355016
591788798460922	355106
591788898462868	355119
591788998465272	355436
591789098467252	355340
591789198469200	355008
591789298471407	2600128
591789398477065	2555536
591789498482929	355123
591789598484670	354819
591789698486604	354948
591789798488159	355201
591789898489024	355184
591789998491340	355509
591790098492629	357099
591790198494494	356934
591790298496606	2606392
591790398498132	2579833
591790498503943	356945
591790598505877	355192
591790698507949	355579
591790798509765	355058
591790898511088	356821
591790998515152	355304
591791098522087	357436
591791198536635	356945
591791298541056	2274133
591791398547375	2094766
591791498553235	356049
591791598556268	355155
591791698557398	355457
591791798558679	357052
591791898559499	355283
591791998560601	355287
591792098561831	355222
591792198562892	356750
591792298564155	1995099
591792398570300	1969384
591792498575687	355094
591792598576831	354939
591792698589430	356876
591792798591485	355262
591792898594267	355305
591792998595379	355144
591793098596487	354945
591793198599506	354629
591793298600589	2195349
591793398615274	2136898
591793498622822	356712
591793598623919	354924
591793698626232	355376
591793798629724	354967
591793898630311	354372
591793998631587	354775
591794098632612	354711
591794198633577	298085
591794298634944	1846010
591794398640471	1770771
591794498644202	298077
591794598647217	310648
591794698649194	320015
591794798650260	310008
591794898652778	299920
591794998653759	298162
591795098656595	300007
591795198657507	298226
591795298658406	1799819
591795398664141	1746571
591795498668371	298309
591795598669334	298166
591795698673207	298253
591795798674382	298182
591795898676065	298236
591795998679086	298276
591796098680009	299791
591796198681065	297965
591796298682128	1775018
591796398687796	1750940
591796498693555	298130
591796598694511	298216
591796698696403	320840
591796798699460	299914
591796898701182	300407
591796998703261	312642
591797098706965	302200
591797198728996	299891
591797298731012	2068099
591797398738729	2394022
591797498751446	321822
591797598758997	322502
591797698766950	309191
591797798778922	310264
591797898786079	310107
591797998792371	309302
591798098799050	309682
591798198805622	309653
591798298810546	2121111
591798398818541	2104766
591798498828180	322484
591798598834525	325834
591798698836861	309358
591798798838742	310501
591798898842246	308727
591798998845383	308366
591799098846356	307574
591799198847369	307811
591799298851287	2084861
591799398857293	1877104
591799498862982	308802
591799598866569	308767
591799698868545	308976
591799798872348	308912
591799898873439	308529
591799998874660	330924
591800098878132	326625
591800198879639	310342
591800298881463	1803156
591800398887333	1783189
591800498892788	308272
591800598894179	307698
591800698896102	308401
591800798897512	308536
591800898898651	308299
591800998899995	307228
591801098912811	309002
591801198916058	308361
591801298917171	1833861
591801398919096	1805080
591801498924492	322093
591801598925584	307912
591801698927496	308558
591801798928781	323958
591801898929798	307774
591801998931013	307802
591802098932074	307992
591802198933280	308447
591802298936414	1510323
591802398938649	1753618
591802498944219	324161
591802598947279	307816
591802699004137	344833
591802799005729	308539
591802899006960	325957
591802999007942	307974
591803099008836	308436
591803199010033	308489
591803299011930	1650956
591803399017763	1690045
591803499021445	308282
591803599022728	308416
591803699024631	308539
591803799026215	308081
591803899026899	307871
591803999030526	309246
591804099033989	331410
591804199035315	310396
591804299036457	1971469
591804399042357	1873779
591804499047982	308491
591804599048953	307522
591804699050861	308668
591804799089128	315727
591804899090193	307869
591804999091141	307965
591805099093909	308199
591805199095194	308001
591805299097831	2012148
591805399102389	2016473
591805499108225	322155
591805599142716	332628
591805699144786	309087
591805799146230	310329
591805899146851	310485
591805999147880	321323
591806099151461	308699
591806199153670	321439
591806299157156	2030225
591806399159714	1915612
591806499161680	308822
591806599162727	324093
591806699165882	325927
591806799167702	310012
591806899168467	308349
591806999169654	308180
591807099170597	307956
591807199171892	310206
591807299173003	1826717
591807399179394	2070351
591807499188656	299839
591807599202336	299826
591807699209007	300115
591807799218880	317230
591807899227821	299229
591807999234146	300190
591808099240350	299651
591808199246680	299676
591808299250939	2086911
591808399256743	2051464
591808499262370	299813
591808599263864	298640
591808699273507	299258
591808799275616	298515
591808899276388	298087
591808999277342	298207
591809099278302	313388
591809199279668	318570
591809299280640	2159988
591809399286159	1984588
591809499291560	298138
591809599292522	298123
591809699293425	297872
591809799296946	298367
591809899297674	298273
591809999300460	298169
591810099301385	297702
591810199302675	298183
591810299304557	1798861
591810399310326	1790157
591810499315780	298347
591810599316846	298031
591810699317782	297914
591810799319611	298133
591810899320366	299633
591810999321339	297999
591811099324168	298429
591811199326071	298473
591811299327049	1787532
591811399332739	1786889
591811499338136	318069
591811599339178	298098
591811699341922	298158
591811799345535	298580
591811899346247	301725
591811999347180	298038
591812099348173	298170
591812199351376	298386
591812299360198	1919869
591812399362635	1817488
591812499374315	300817
591812599377214	298642
591812699379164	298623
591812799381108	298563
591812899381985	298332
591812999383783	302404
591813099384847	301916
591813199385869	300206
591813299386806	2130703
591813399390466	1950395
591813499393985	298180
591813599394991	298308
591813699395965	298435
591813799398012	317183
591813899406785	311148
591813999408428	300147
591814099410358	302145
591814199414011	300313
591814299415661	1869453
591814399419702	1827451
591814499422017	321552
591814599422998	300126
591814699425822	316951
591814799427695	299029
591814899428468	314455
591814999429523	310499
591815099430500	310337
591815199431420	297973
591815299432339	1764767
591815399436352	1756252
591815499442932	322417
591815599445313	317169
591815699446218	301835
591815799448162	310942
591815899449016	299941
591815999449951	298200
591816099450971	313433
591816199460922	299316
591816299462044	1853779
591816399469386	1827770
591816499474997	298219
591816599476219	298195
591816699479825	302196
591816799481747	299939
591816899484401	298291
591816999486229	315139
591817099488253	300248
591817199490216	298374
591817299492140	1829386
591817399500740	2033218
591817499508178	309884
591817599514380	309916
591817699520507	309420
591817799528943	310174
591817899540550	310254
591817999548941	309359
591818099556106	309799
591818199579633	332658
591818299584279	2124914
591818399594537	2109582
591818499600779	334593
591818599607203	332351
591818699617784	327638
591818799623819	321444
591818899626518	328055
591818999627436	307261
591819099628369	308221
591819199629292	308074
591819299630184	2071835
591819399634066	1937961
591819499639522	308442
591819599640979	308674
591819699642030	308403
591819799643807	308297
591819899644525	308311
591819999647135	308250
591820099648050	308266
591820199656559	309300
591820299706475	1847586
591820399710334	1823037
591820499715754	315359
591820599716749	316370
591820699717629	315482
591820799719399	315687
591820899720094	316051
591820999721007	315991
591821099721908	315531
591821199722849	328140
591821299723740	1798909
591821399728857	1811702
591821499734297	315786
591821599735803	316221
591821699736730	317332
591821799738493	317479
591821899739446	316399
591821999740379	316077
591822099741315	328422
591822199742269	327946
591822299743290	1820345
591822399745447	1798094
591822499751231	332120
591822599754714	331088
591822699758425	333967
591822799760486	329204
591822899761919	332504
591822999765382	328574
591823099767291	334668
591823199769276	332339
591823299773019	1822236
591823399778763	1805731
591823499781235	353333
591823599784769	332913
591823699785929	332617
591823799787825	332369
591823899788523	336140
591823999797222	332416
591824099798246	328250
591824199799220	328614
591824299800259	1868039
591824399808707	1852924
591824499813650	326521
591824599814626	334552
591824699816610	329797
591824799818489	334696
591824899819406	328587
591824999821360	329544
591825099823251	335810
591825199825146	331610
591825299826587	1813017
591825399830514	1811642
591825499834582	328568
591825599836212	349695
591825699838164	332321
591825799840279	330592
591825899841555	329123
591825999843587	329780
591826099845492	349931
591826199847389	335651
591826299849364	1814909
591826399853542	1796025
591826499857701	330416
591826599859429	329199
591826699861191	336509
591826799863210	328872
591826899864339	335128
591826999865720	327142
591827099874406	339303
591827199876332	333174
591827299877727	1846416
591827399885675	2101569
591827499894834	318596
591827599902421	322240
591827699908443	321841
591827799916331	325076
591827899921933	332542
591827999928174	333170
591828099937207	332143
591828199947803	321844
591828299961432	2051571
591828399968488	2041227
591828499975329	321565
591828599996153	318638
591828699998232	318394
591828800008128	311238
591828900009305	321652
591829000010551	321933
591829100017027	322049
591829200017980	321891
591829300019589	2068422
591829400021620	1902824
591829500023483	310811
591829600024489	320532
591829700025545	310680
591829800027407	311660
591829900028217	310600
591830000029203	310451
591830100030192	310010
591830200031263	310820
591830300032204	1824393
591830400034345	1811444
591830500036396	310748
591830600037541	310544
591830700038597	310683
591830800040475	311441
591830900041198	310603
591831000042253	332625
591831100043195	310734
591831200044129	310709
591831300045088	1813600
591831400046799	1778004
591831500048898	320217
591831600050056	310617
591831700051233	310686
591831800053141	311040
591831900054070	310646
591832000055088	310663
591832100056105	310918
591832200057083	310626
591832300058301	1795632
591832400060176	1781984
591832500062334	310751
591832600063438	318999
591832700064427	298022
591832800066211	298364
591832900066922	298012
591833000067852	298092
591833100075358	299242
591833200076410	322235
591833300077323	1816495
591833400078983	1776040
591833500081163	310578
591833600083117	310528
591833700085030	310812
591833800087014	310693
591833900088095	310450
591834000089989	298589
591834100091867	298322
591834200093709	298259
591834300095675	1796580
591834400097994	1747235
591834500100283	298453
591834600102308	311048
591834700103353	298362
591834800105170	298473
591834900105956	310622
591835000107194	310893
591835100108447	298545
591835200110176	298415
591835300111136	1753632
591835400113049	1728363
591835500115235	320053
591835600116238	298058
591835700117530	298457
591835800119944	298955
591835900120909	316913
591836000121957	310648
591836100122958	310576
591836200124211	316932
591836300125331	1844643
591836400127027	1823780
591836500129261	311102
591836600130284	310851
591836700131822	317307
591836800141195	299326
591836900142033	310537
591837000143076	310367
591837100145014	315929
591837200146959	298501
591837300147974	1884793
591837400157350	2016295
591837500174167	309341
591837600181847	326168
591837700187944	323417
591837800194940	340228
591837900203966	326197
591838000255710	322019
591838100262864	329987
591838200273802	322596
591838300281742	2111085
591838400285618	2095552
591838500292499	322595
591838600297907	309512
591838700299451	308375
591838800301348	308754
591838900302056	308403
591839000303541	308476
591839100305423	308400
591839200307334	308631
591839300308406	2077529
591839400310323	1899586
591839500312914	321103
591839600314945	321770
591839700316891	321498
591839800319038	321418
591839900321071	320797
591840000323078	320820
591840100324990	321414
591840200326878	308265
591840300328804	1790801
591840400331291	1770116
591840500333741	321295
591840600339661	325567
591840700341022	320794
591840800342891	323307
591840900348464	323794
591841000349474	324245
591841100350499	324663
591841200352321	339898
591841300353320	1874999
591841400355505	1844330
591841500360253	325715
591841600361191	324429
591841700362628	325204
591841800364441	325040
591841900365315	307528
591842000366421	320787
591842100367493	308438
591842200368784	308142
591842300369828	1779783
591842400371438	1794223
591842500375077	325625
591842600376262	329155
591842700377529	330031
591842800379414	321136
591842900380207	308411
591843000381176	308255
591843100382261	328944
591843200383469	308059
591843300384389	1803181
591843400390274	1761454
591843500392323	308369
591843600393367	307103
591843700394686	308322
591843800396577	325307
591843900397453	308118
591844000398467	308263
591844100399433	308145
591844200400681	308413
591844300406901	1818206
591844400410214	1820837
591844500412545	308659
591844600413610	308417
591844700414879	308394
591844800416753	308774
591844900417506	308315
591845000418442	308156
591845100419422	308168
591845200421319	321327
591845300423073	1775068
591845400429860	1737730
591845500431864	307948
591845600432865	308397
591845700434231	308565
591845800436061	308118
591845900437960	308616
591846000439095	308132
591846100440297	327183
591846200441568	308452
591846300442686	1760310
591846400446525	1753614
591846500450659	321439
591846600452381	308483
591846700454593	431306
591846800460850	308270
591846900462888	332762
591847000464699	324077
591847100465740	308431
591847200466981	307204
591847300467981	1819579
591847400474216	2066208
591847500481826	300400
591847600487572	299859
591847700494957	312521
591847800502151	300193
591847900508588	299594
591848000516507	299915
591848100539279	303158
591848200545991	299845
591848300550286	2167997
591848400558486	2148257
591848500565619	311933
591848600567808	298838
591848700571367	298175
591848800573342	298494
591848900574289	314678
591849000575353	314225
591849100576276	297857
591849200577490	298328
591849300579351	2044278
591849400583269	1858594
591849500587270	298507
591849600589038	298672
591849700590971	298728
591849800592917	298564
591849900593813	311607
591850000594931	318502
591850100595891	297916
591850200597193	298538
591850300598149	1774862
591850400601563	1725834
591850500605519	298509
591850600606579	298290
591850700607799	298465
591850800609658	298384
591850900610461	298124
591851000611422	298101
591851100612372	298112
591851200613577	318710
591851300614471	1746078
591851400618014	1758635
591851500622020	310943
591851600623079	298027
591851700624428	298489
591851800626301	298865
591851900627088	310393
591852000628070	297943
591852100629225	297940
591852200631150	298650
591852300632283	1750943
591852400635736	1727980
591852500639599	298515
591852600640571	298186
591852700642527	298531
591852800644493	298478
591852900646485	298666
591853000648395	298706
591853100650358	322085
591853200652161	298740
591853300653295	1788881
591853400657216	1772098
591853500661063	322959
591853600663065	298223
591853700664842	298803
591853800666758	298654
591853900668731	298649
591854000670610	298795
591854100672476	310798
591854200682027	321536
591854300683932	1852155
591854400687626	1824694
591854500691850	310726
591854600693820	311043
591854700695314	298259
591854800697148	298403
591854900699113	298411
591855000701051	298528
591855100703033	298331
591855200704865	298146
591855300707037	1750300
591855400711067	1726280
591855500715142	298469
591855600764554	322666
591855700766154	298330
591855800768055	298456
591855900769576	298203
591856000771051	298363
591856100773051	310976
591856200774969	298598
591856300776890	1752343
591856400780902	1722916
591856500784989	298360
591856600787017	299219
591856700788972	298738
591856800790879	298289
591856900793117	298514
591857000795149	310939
591857100797058	310842
591857200798849	315665
591857300800390	1833301
591857400806648	2013143
591857500814944	328074
591857600821218	309608
591857700828439	330533
591857800834708	308331
591857900841088	333223
591858000864654	323168
591858100871665	335093
591858200878127	309668
591858300891744	2180698
591858400897838	2035612
591858500905158	322172
