12945827492880503	8684769
12945827592795770	6706619
12945827692697258	6681079
12945827792601248	6682924
12945827892503518	6615458
12945827992404643	6613907
12945828092305837	6191600
12945828192207048	5336809
12945828292108257	5324060
12945828392009181	5335516
12945828491910395	5336824
12945828591811661	5337497
12945828691712902	5335676
12945828791614129	5328895
12945828891515313	5337354
12945828991416260	5327064
12945829091317542	5330181
12945829191218774	5336584
12945829291119721	5336939
12945829391020933	5333956
12945829490922132	5466705
12945829590827669	5535035
12945829690759297	5668246
12945829790660651	5338604
12945829890561982	5335009
12945829990466561	5583194
12945830090367887	5335258
12945830190268844	5335506
12945830290170280	5334281
12945830390075777	6115549
12945830489977365	5539051
12945830589878974	5611404
12945830689780311	5605782
12945830789681589	5612074
12945830889582766	5428835
12945830989483980	5334449
12945831089385192	5439022
12945831189290139	5656317
12945831289191408	5423155
12945831389092646	5441539
12945831488993819	5423073
12945831588895005	5405738
12945831688796246	5450102
12945831788697449	5436885
12945831888598698	5427170
12945831988500031	5440273
12945832088401336	5425183
12945832188302579	5439440
12945832288203839	5451241
12945832388105058	5441285
12945832488010085	5694238
12945832587911467	5475649
12945832687812754	5481191
12945832787713959	5441765
12945832887615175	5402494
12945832987516421	5440614
12945833087428856	5429118
12945833187330079	5406801
12945833287231368	5439837
12945833387132642	5422695
12945833487033905	5444642
12945833586935140	5477952
12945833686836368	5439466
12945833786737647	5459268
12945833886638932	5446227
12945833986540152	5444587
12945834086441402	5402670
12945834186342653	5439868
12945834286243985	5420098
12945834386148843	5691574
12945834486050131	5437431
12945834585951562	5442838
12945834685852832	5444407
12945834785754120	5447441
12945834885655336	5446058
12945834985556526	5437704
12945835085465412	5403264
12945835185366598	5440700
12945835285267874	5440861
12945835385169144	5439462
12945835485070472	5441016
12945835584971774	5445014
12945835684873099	5412627
12945835784774512	5447011
12945835884675924	5412435
12945835984577169	5529511
12945836084478384	5462697
12945836184380303	5458613
12945836284285481	5693112
12945836384186981	5437511
12945836484088250	5375352
12945836583989482	5379309
12945836683890716	5376928
12945836783791978	5376664
12945836883693263	5362370
12945836983594546	5337938
12945837083495807	5334561
12945837183396982	5336092
12945837283297933	5335203
12945837383199374	5445514
12945837483100629	5439380
12945837583006059	5445187
12945837682910705	5494157
12945837782812080	5396643
12945837882713327	5402926
12945837982614267	5398662
12945838082515562	5395471
12945838182416501	5398177
12945838282322677	5792863
12945838382224014	5400908
12945838482124949	5401266
12945838582025964	5398802
12945838681927253	5392325
12945838781828275	5400435
12945838881729518	5407636
12945838981630550	5398035
12945839081531480	5387581
12945839181432494	5399106
12945839281333485	5399406
12945839381234732	5398496
12945839481135786	5390391
12945839581036790	5398549
12945839680938077	5397028
12945839780839292	5390651
12945839880740572	5396905
12945839980641872	5408032
12945840080542875	5372313
12945840180447726	5720279
12945840280349207	5608448
12945840380250738	5630416
12945840480152253	5688843
12945840580053745	5665910
12945840679955012	5677106
12945840779856195	5390249
12945840879757420	5393549
12945840979658662	5515517
12945841079559842	5504198
12945841179461067	5520642
12945841279362332	5499761
12945841379263529	5500764
12945841479164815	5511092
12945841579065965	5387995
12945841678967126	5527378
12945841778868359	5503729
12945841878769577	5484426
12945841978670763	5523007
12945842078571982	5511172
12945842178477040	5779871
12945842278378369	5507335
12945842378279623	5488905
12945842478180850	5507326
12945842578082024	5504657
12945842677983284	5503686
12945842777884522	5508582
12945842877785777	5512720
12945842977687003	5501256
12945843077588175	5503819
12945843177489432	5507766
12945843277413517	5478851
12945843377314806	5498222
12945843477216057	5478696
12945843577117324	5508918
12945843677018724	5500279
12945843776920051	5483362
12945843876821277	5507497
12945843976722598	5497917
12945844076627578	5775776
12945844176528814	5498267
12945844276430245	5501431
12945844376331507	5498168
12945844476232845	5492568
12945844576134063	5481365
12945844676035329	5496237
12945844775936649	5484322
12945844875837895	5500290
12945844975739149	5502695
12945845075640432	5496850
12945845175541693	5494947
12945845275443008	5526224
12945845375344276	5497171
12945845475245508	5500060
12945845575146763	5516747
12945845675047966	5496661
12945845774949210	5503555
12945845874850447	5474991
12945845974755140	5849304
12945846074656522	5483195
12945846174557777	5494460
12945846274459082	5501145
12945846374360652	5502095
12945846474262096	5479998
12945846574163507	5506218
12945846674064689	5477372
12945846773965878	5473249
12945846873867134	5474230
12945846973768397	5441378
12945847073669586	5439830
12945847173570792	5388453
12945847273471997	5392002
12945847373372929	5399098
12945847473273846	5395898
12945847573175270	5496656
12945847673076588	5508606
12945847772977859	5548971
12945847872879071	5545365
12945847972784054	5817166
12945848072686735	5559088
12945848172588139	5335282
12945848272489416	5338537
12945848372390599	5337104
12945848472291852	5409446
12945848572193179	5336847
12945848672094467	5447660
12945848771995806	5338136
12945848871897113	5341590
12945848971798060	5337913
12945849071699375	5339916
12945849171600656	5338914
12945849271501651	5339042
12945849371402975	5336588
12945849471304282	5338388
12945849571205252	5331501
12945849671106507	5431221
12945849771007797	5339255
12945849870912711	5586627
12945849970813815	5340918
12945850070715037	5345398
12945850170616029	5330831
12945850270516962	5337830
12945850370418257	5335842
12945850470319283	5336183
12945850570220247	5335806
12945850670121763	5549737
12945850770023363	5555571
12945850869924844	5664070
12945850969826225	5716509
12945851069727602	5642084
12945851169628835	5419364
12945851269530073	5328996
12945851369431374	5444183
12945851469332640	5441290
12945851569233892	5420786
12945851669135173	5406430
12945851769036491	5436223
12945851868941664	5692076
12945851968843031	5446418
12945852068744373	5444741
12945852168645729	5439296
12945852268547055	5441502
12945852368448363	5442297
12945852468349622	5440524
12945852568250873	5400589
12945852668152135	5437388
12945852768053380	5439225
12945852867954609	5395219
12945852967855798	5445485
12945853067757007	5435708
12945853167658252	5424334
12945853267559483	5446458
12945853367460739	5438809
12945853467361940	5456738
12945853567263147	5443212
12945853667164392	5453632
12945853767069315	5578107
12945853866970647	5440166
12945853966871997	5425810
12945854066773225	5433493
12945854166674459	5441151
12945854266575752	5422144
12945854366476991	5444153
12945854466389657	5403070
12945854566290842	5438021
12945854666192080	5438738
12945854766093389	5440122
12945854865994664	5446106
12945854965895989	5441992
12945855065797248	5410117
12945855165698564	5460837
12945855265599834	5444249
12945855365501072	5425848
12945855465402343	5444502
12945855565303661	5418181
12945855665208407	5690445
12945855765109695	5435930
12945855865011006	5440981
12945855964912354	5689787
12945856064813618	5428067
12945856164714815	5441423
12945856264616031	5445819
12945856364517282	5427169
12945856464418561	5441666
12945856564320288	5425864
12945856664221737	5449683
12945856764123240	5756457
12945856864024647	5512264
12945856963925982	5452548
12945857063827250	5412757
12945857163728500	5381669
12945857263629742	5379712
12945857363531065	5408833
12945857463432344	5345254
12945857563333317	5340454
12945857663238099	5621676
12945857763139540	5442523
12945857863040840	5506475
12945857962942047	5447755
12945858062843308	5448823
12945858162744539	5444801
12945858262645821	5448804
12945858362551551	5480221
12945858462452457	5393336
12945858562353702	5394316
12945858662255005	5393596
12945858762156234	5394763
12945858862057157	5396914
12945858961958406	5400294
12945859061874945	5400042
12945859161775948	5395995
12945859261676937	5382951
12945859361577887	5395126
12945859461478829	5402000
12945859561383890	5681956
12945859661285236	5405564
12945859761186534	5395392
12945859861087500	5403305
12945859960988907	5436969
12945860060890204	5397375
12945860160791166	5394428
12945860260692431	5404614
12945860360593388	5396335
12945860460494700	5402086
12945860560396135	5387896
12945860660297337	5399718
12945860760198621	5389944
12945860860100056	5432984
12945860960003644	5728774
12945861059905078	5615672
12945861159806499	5395649
12945861259707720	5733459
12945861359608991	5643254
12945861459510224	5725167
12945861559415155	5747125
12945861659316489	5716024
12945861759217670	5505210
12945861859118937	5507181
12945861959020230	5511055
12945862058921500	5492716
12945862158822705	5388235
12945862258723904	5497792
12945862358625165	5502984
12945862458526398	5492625
12945862558427598	5472085
12945862658328795	5509490
12945862758229981	5514857
12945862858131212	5511752
12945862958032371	5493564
12945863057933594	5509871
12945863157834824	5492726
12945863257736024	5503745
12945863357637308	5498701
12945863457542398	5777882
12945863557443656	5498309
12945863657344896	5510551
12945863757246184	5508545
12945863857147389	5499839
12945863957048721	5542918
12945864056949925	5504289
12945864156851140	5509189
12945864256752410	5544515
12945864356653703	5495619
12945864456554979	5424439
12945864556456207	5504798
12945864656357460	5500460
12945864756258702	5460520
12945864856159893	5500574
12945864956061113	5496548
12945865055962364	5478458
12945865155863572	5498337
12945865255764817	5505606
12945865355669613	5777918
12945865455570900	5501370
12945865555472109	5383471
12945865655373427	5370838
12945865755274626	5499694
12945865855175847	5458574
12945865955077129	5487444
12945866054978374	5505211
12945866154879590	5502560
12945866254780818	5524680
12945866354682045	5500776
12945866454583296	5496849
12945866554484521	5500885
12945866654385789	5508498
12945866754286992	5508752
12945866854188223	5505595
12945866954089741	5625904
12945867053991148	5509209
12945867153892614	5555299
12945867253793824	5432676
12945867353698702	5713398
12945867453599987	5438101
12945867553501192	5432952
12945867653402431	5475730
12945867753303721	5388012
12945867853204699	5394124
12945867953106004	5391920
12945868053007272	5391237
12945868152908639	5547686
12945868252809951	5542123
12945868352711159	5543923
12945868452612471	5545514
12945868552513716	5549325
12945868652414951	5541699
12945868752316889	5420442
12945868852218223	5326029
12945868952119459	5344542
12945869052020801	5372691
12945869151922041	5348996
12945869251826870	5591660
12945869351727996	5343815
12945869451629204	5337539
12945869551530263	5339243
12945869651431480	5336751
12945869751332741	5338605
12945869851233654	5332132
12945869951134936	5340916
12945870051036198	5378580
12945870150937386	5338560
12945870250838333	5344810
12945870350739293	5352127
12945870450640277	5350674
12945870550541285	5358202
12945870650442924	5381500
12945870750344355	5348251
12945870850245606	5339381
12945870950146943	5335239
12945871050048415	5344422
12945871149949832	5493924
12945871249854576	5487189
12945871349756144	5552086
12945871449657664	5550242
12945871549559147	5338775
12945871649460621	5411682
12945871749361937	5664071
12945871849263291	5539514
12945871949164691	5635126
12945872049065976	5645512
12945872148967251	5445894
12945872248868527	5443502
12945872348769838	5428920
12945872448671117	5483046
12945872548572301	5449980
12945872648486028	5424604
12945872748387233	5473815
12945872848288563	5426264
12945872948189802	5401669
12945873048091075	5474599
12945873147996135	5693912
12945873247897539	5425101
12945873347798875	5439716
12945873447700167	5443879
12945873547601470	5424460
12945873647502738	5406346
12945873747404015	5458804
12945873847305343	5460524
12945873947206542	5437353
12945874047107774	5444020
12945874147009062	5441672
12945874246910398	5448375
12945874346811620	5446632
12945874446712917	5437828
12945874546614163	5443693
12945874646515418	5440712
12945874746437229	5447645
12945874846338640	5428670
12945874946239929	5441426
12945875046144733	5693301
12945875146046092	5439494
12945875245947403	5428058
12945875345848695	5447130
12945875445749978	5443938
12945875545651222	5448265
12945875645558822	5432281
12945875745460042	5439946
12945875845361302	5441502
12945875945262711	5420229
12945876045164002	5441910
12945876145065246	5444034
12945876244966575	5458854
12945876344867824	5446463
12945876444769118	5471837
12945876544670457	5437804
12945876644571738	5466644
12945876744473052	5440825
12945876844374340	5423852
12945876944275630	5422558
12945877044180424	5691987
12945877144081805	5450424
12945877243983077	5447554
12945877343884843	5760424
12945877443786315	5492187
12945877543687721	5445517
12945877643589034	5452238
12945877743490294	5446421
12945877843391532	5481161
12945877943292886	5459252
12945878043194111	5445573
12945878143095437	5341070
12945878242996383	5338761
12945878342897320	5348590
12945878442798263	5328292
12945878542699235	5344169
12945878642600426	5346761
12945878742501710	5341205
12945878842402757	5337983
12945878942307743	5590987
12945879042208999	5339929
12945879142114121	5476485
12945879242015109	5398602
12945879341916042	5395590
12945879441816922	5390174
12945879541717905	5405932
12945879641619191	5403702
12945879741520460	5401598
12945879841421394	5405898
12945879941322793	5409113
12945880041224063	5404322
12945880141125105	5401235
12945880241026337	5401293
12945880340927281	5404551
12945880440828191	5399658
12945880540729505	5388737
12945880640630811	5402046
12945880740532036	5390729
12945880840436583	5678832
12945880940337840	5404091
12945881040239053	5401213
12945881140140208	5406587
12945881240041609	5403242
12945881339942619	5400614
12945881439843834	5403122
12945881539745056	5388514
12945881639646050	5485405
12945881739547556	5666015
12945881839448997	5920431
12945881939350465	5990428
12945882039251974	5721765
12945882139153336	5677958
12945882239054714	5504228
12945882338955918	5387276
12945882438857215	5500217
12945882538758403	5500522
12945882638659609	5543308
12945882738560887	5614322
12945882838465909	5780732
12945882938367175	5501446
12945883038268394	5503801
12945883138169616	5505439
12945883238070820	5506076
12945883337972102	5505404
12945883437873337	5483881
12945883537774533	5503091
12945883637675739	5544138
12945883737576950	5486182
12945883837478186	5497494
12945883937379457	5500826
12945884037280702	5507940
12945884137181942	5505071
12945884237083204	5506374
12945884336984342	5504706
12945884436885537	5534671
12945884536786860	5504723
12945884636688125	5501793
12945884736592948	5774933
12945884836494323	5455800
12945884936395580	5507239
12945885036296906	5481023
12945885136198223	5499119
12945885236099479	5510469
12945885336002884	5480345
12945885435904133	5497507
12945885535805372	5534716
12945885635706664	5495581
12945885735607883	5494110
12945885835509121	5487560
12945885935410329	5505355
12945886035311547	5509986
12945886135212846	5483544
12945886235114102	5547092
12945886335015347	5490105
12945886434916553	5479570
12945886534817827	5500784
12945886634719075	5485160
12945886734623996	5777619
12945886834525247	5500201
12945886934426502	5503228
12945887034327757	5503991
12945887134228974	5492483
12945887234130196	5491878
12945887334031420	5495457
12945887433938836	5487035
12945887533840536	5521654
12945887633741997	5506515
12945887733643474	5487742
12945887833544701	5513843
12945887933446030	5465830
12945888033347327	5461483
12945888133248561	5474457
12945888233149825	5456686
12945888333051093	5471402
12945888432952232	5401464
12945888532853487	5388967
12945888632758286	5673611
12945888732659737	5398847
12945888832561118	5398838
12945888932462360	5401245
12945889032363644	5387479
12945889132264895	5389970
12945889232165829	5398742
12945889332070438	5438094
12945889431971776	5338966
12945889531873032	5345485
12945889631774062	5343112
12945889731675306	5341688
12945889831576567	5335124
12945889931477883	5394018
12945890031379211	5336720
12945890131280452	5333125
12945890231181416	5334719
12945890331082304	5334878
12945890430983303	5335985
12945890530904385	5590393
12945890630805389	5345507
12945890730706595	5342297
12945890830607853	5342009
12945890930508852	5438235
12945891030410188	5341768
12945891130311204	5329661
12945891230212151	5322895
12945891330113399	5336944
12945891430014844	5340932
12945891529915890	5336317
12945891629816870	5344603
12945891729718065	5343234
12945891829619288	5336926
12945891929520812	5550415
12945892029422330	5853466
12945892129323796	5591517
12945892229225266	5609537
12945892329126563	5581986
12945892429027829	5443888
12945892528932591	5581065
12945892628833853	5440985
12945892728735157	5423267
12945892828636436	5443616
12945892928537677	5446731
12945893028438880	5438231
12945893128340111	5445495
12945893228241413	5430851
12945893328142637	5442668
12945893428043837	5436930
12945893527945048	5441084
12945893627854641	5426572
12945893727755876	5482291
12945893827657116	5440306
12945893927558390	5424732
12945894027459659	5420601
12945894127360910	5444164
12945894227262100	5434314
12945894327163364	5418576
12945894427068125	5665453
12945894526969367	5441426
12945894626870656	5407803
12945894726771849	5445417
12945894826673013	5444700
12945894926574226	5435011
12945895026475465	5433798
12945895126376695	5435912
12945895226277927	5439519
12945895326179088	5445768
12945895426080325	5426768
12945895525981541	5447957
12945895625882852	5428288
12945895725784072	5446776
12945895825685476	5449423
12945895925586999	5422495
12945896025488290	5454931
12945896125389571	5424989
12945896225290813	5423707
12945896325192069	5439310
12945896425097010	5692072
12945896524998353	5429721
12945896624899626	5446437
12945896724800880	5407343
12945896824702133	5475977
12945896924603371	5445193
12945897024504645	5422689
12945897124405859	5480347
12945897224307164	5426483
12945897324208451	5440118
12945897424109666	5442536
12945897524010869	5442797
12945897623912063	5429724
12945897723813269	5452767
12945897823714545	5432983
12945897923616208	5464504
12945898023517751	5445904
12945898123419146	5409721
12945898223320573	5412522
12945898323225714	5673425
12945898423127125	5432691
12945898523031092	5425528
12945898622932300	5485436
12945898722833536	5450662
12945898822734758	5348803
12945898922635727	5337547
12945899022536939	5338035
12945899122438248	5443384
12945899222339559	5443217
12945899322240883	5459787
12945899422142239	5468188
12945899522043511	5467841
12945899621944778	5496925
12945899721849245	5474231
12945899821750544	5405963
12945899921651885	5405158
12945900021553183	5394848
12945900121454170	5400170
12945900221358934	5679318
12945900321259980	5399876
12945900421161236	5401115
12945900521062534	5406103
12945900620963476	5391587
12945900720864676	5390046
12945900820765901	5364288
12945900920667290	5399300
12945901020568547	5392492
12945901120469819	5395232
12945901220371022	5398708
12945901320271965	5390344
12945901420173203	5396147
12945901520074411	5410537
12945901619975847	5387431
12945901719877213	5397086
12945901819778428	5402578
12945901919679403	5406220
12945902019580641	5405643
12945902119481831	5399685
12945902219386637	5683388
12945902319288178	5617106
12945902419189714	5615706
12945902519091255	5681534
12945902618992698	5686870
12945902718894014	5717432
12945902818795193	5394279
12945902918696115	5394085
12945903018597266	5491893
12945903118498543	5484395
12945903218399723	5501653
12945903318300941	5503844
12945903418202126	5506530
12945903518103364	5506003
12945903618004576	5502669
12945903717905862	5504571
12945903817807116	5484202
12945903917708435	5502213
12945904017609701	5493433
12945904117514634	5797885
12945904217415910	5504628
12945904317317264	5505339
12945904417218506	5542389
12945904517119707	5508067
12945904617020965	5498932
12945904716922423	5492647
12945904816823622	5504909
12945904916724790	5503526
12945905016626026	5503902
12945905116527251	5496093
12945905216428497	5502788
12945905316329656	5501774
12945905416230868	5506423
12945905516132062	5497764
12945905616033338	5495001
12945905715934786	5495438
12945905815836005	5500934
12945905915737404	5510044
12945906015638621	5507083
12945906115543560	5779272
12945906215462247	5504316
12945906315363612	5472475
12945906415264903	5524573
12945906515166129	5505105
12945906615067416	5498648
12945906714968834	5507992
12945906814870211	5494391
12945906914771460	5484566
12945907014672743	5508941
12945907114573941	5455426
12945907214475186	5488434
12945907314376527	5499000
12945907414277736	5475696
12945907514178977	5511438
12945907614080236	5483558
12945907713981508	5501524
12945907813882726	5506086
12945907913784079	5496487
12945908013689216	5790178
12945908113590473	5500849
12945908213491813	5520825
12945908313393261	5520089
12945908413294725	5510751
12945908513195997	5464342
12945908613097202	5439194
12945908712998416	5423620
12945908812899655	5464270
12945908912800845	5465612
12945909012702089	5460312
12945909112603404	5380966
12945909212504646	5385897
12945909312405612	5397136
12945909412306745	5429424
12945909512207993	5538242
12945909612109239	5538643
12945909712010444	5536430
12945909811911647	5536950
12945909911816537	5816285
12945910011721514	5434129
12945910111622866	5339935
12945910211523918	5336160
12945910311424812	5334173
12945910411325825	5322967
12945910511226805	5341850
12945910611127786	5343194
12945910711029153	5336519
12945910810930405	5348597
12945910910831366	5338471
12945911010732647	5342230
12945911110633671	5338000
12945911210534613	5339218
12945911310435578	5336264
12945911410336551	5342407
12945911510237525	5338796
12945911610138501	5337337
12945911710039947	5337324
12945911809941182	5341984
12945911909846733	5590370
12945912009748045	5342063
12945912109649009	5334736
12945912209550326	5334874
12945912309451574	5336267
12945912409352618	5340442
12945912509253942	5340896
12945912609155432	5853436
12945912709056964	5549578
12945912808958368	5333435
12945912908859880	5503202
12945913008761188	5454620
12945913108662516	5637472
12945913208563765	5645441
12945913308465058	5559339
12945913408374984	5443647
12945913508276271	5422026
12945913608177542	5427414
12945913708078854	5439318
12945913807983813	5689780
12945913907885139	5376916
12945914007786400	5424775
12945914107687667	5442894
12945914207591507	5428596
12945914307492812	5434623
12945914407394048	5442539
12945914507295314	5438115
12945914607196607	5448087
12945914707097896	5457884
12945914806999197	5445565
12945914906908748	5446780
12945915006809964	5445762
12945915106711141	5441442
12945915206612373	5443995
12945915306513666	5421979
12945915406414927	5442960
12945915506316262	5442089
12945915606217551	5422904
12945915706118864	5563696
12945915806023662	5750431
12945915905925186	5440631
12945916005826573	5465209
12945916105727875	5445532
12945916205629097	5478661
12945916305530343	5439943
12945916405431653	5426976
12945916505332938	5475771
12945916605234250	5438824
12945916705135459	5426544
12945916805036672	5529231
12945916904937982	5428992
12945917004839255	5448672
12945917104740459	5438891
12945917204641717	5442228
12945917304543050	5442513
12945917404444317	5439031
12945917504345615	5441791
12945917604246844	5444587
12945917704152116	5708747
12945917804053445	5418548
12945917903954745	5448960
12945918003855921	5461914
12945918103757106	5450050
12945918203658332	5446757
12945918303559554	5326330
12945918403460829	5453486
12945918503362065	5436833
12945918603308012	5491557
12945918703296582	5468422
12945918803197989	5444704
12945918903099264	5411263
12945919003005701	5449753
12945919102906920	5423399
12945919202808140	5400601
12945919302709370	5436181
12945919402610529	5340644
12945919502511570	5344383
12945919602416075	5593309
12945919702317401	5348267
12945919802219034	5459000
12945919902120412	5461738
12945920002021712	5455697
12945920101922964	5486821
12945920201824213	5508113
12945920301725442	5450522
12945920401630065	5490702
12945920501531356	5434573
12945920601432683	5399830
12945920701333976	5406462
12945920801235204	5395600
12945920901136425	5402324
12945921001037710	5479929
12945921100939022	5399434
12945921200840198	5406172
12945921300741583	5483753
12945921400642768	5398082
12945921500544168	5412611
12945921600449502	5688133
12945921700350724	5410258
12945921800251721	5397302
12945921900153117	5401990
12945922000070821	5425753
12945922099972273	5390947
12945922199873202	5398272
12945922299774195	5397165
12945922399675405	5407095
12945922499576371	5399345
12945922599477359	5394867
12945922699378581	5390986
12945922799279536	5394957
12945922899180763	5448063
12945922999082273	5917674
12945923098983803	5623508
12945923198885157	5682730
12945923298786595	5663673
12945923398687863	5674348
12945923498596333	5673826
12945923598497429	5393749
12945923698398727	5515683
12945923798300032	5507933
12945923898201390	5506805
12945923998102609	5616427
12945924098003843	5484796
12945924197905030	5504367
12945924297806284	5493747
12945924397707483	5510926
12945924497608709	5506026
12945924597509918	5503497
12945924697411152	5488675
12945924797312377	5502273
12945924897213666	5514331
12945924997114892	5612672
12945925097016129	5465068
12945925196917368	5500810
12945925296818571	5504142
12945925396729864	5753457
12945925496634698	5523524
12945925596536078	5503159
12945925696437347	5464201
12945925796338548	5497078
12945925896239901	5499111
12945925996141149	5538338
12945926096042461	5503499
12945926195943722	5507644
12945926295844968	5507036
12945926395746213	5493091
12945926495647445	5510345
12945926595548752	5501121
12945926695450067	5499923
12945926795351302	5496303
12945926895252510	5502894
12945926995153802	5478980
12945927095055068	5472272
12945927194956263	5529475
12945927294857494	5498417
12945927394762327	5777340
12945927494663663	5503742
12945927594564913	5503165
12945927694466168	5543428
12945927794367420	5427897
12945927894268790	5503637
12945927994170053	5494118
12945928094071305	5466169
12945928193972641	5503462
12945928293873907	5499115
12945928393775165	5468264
12945928493676447	5491853
12945928593577670	5482373
12945928693478911	5499916
12945928793380116	5494118
12945928893281852	5508411
12945928993183345	5464015
12945929093084615	5476718
12945929192986014	5481377
12945929292890865	5712421
12945929392792313	5425608
12945929492693624	5472103
12945929592594904	5430783
12945929692496195	5426255
12945929792397502	5391542
12945929892298727	5403193
12945929992199692	5394773
