603200181681963	4129246
603200281708828	3878637
603200381716054	3331994
603200481718178	2402145
603200581718940	2401851
603200681720795	2405559
603200781722639	2402937
603200881724584	2403781
603200981726452	2407018
603201081727339	2404740
603201181729102	4352188
603201281736072	2402491
603201381738990	2402995
603201481744336	2405236
603201581745482	2408257
603201681748463	2411569
603201781751233	2408060
603201881764877	2951557
603201981768589	2954129
603202081771184	2955408
603202181774583	2956407
603202281777001	2955341
603202381781440	2961300
603202481783205	2969233
603202581787112	2962804
603202681791221	2960484
603202781794934	2963585
603202881797794	2956329
603202981803320	2960956
603203081808073	2958542
603203181815722	2962980
603203281818166	2959676
603203381821033	5263016
603203481827997	2962203
603203581828953	2958804
603203681844457	2962468
603203781848751	2959583
603203881854193	2969831
603203981856018	2962252
603204081859805	2965379
603204181861846	2961402
603204281863680	2956088
603204381865493	2961120
603204481870343	2960007
603204581872003	2960883
603204681877286	2958036
603204781879044	2958975
603204881880951	2962357
603204981882734	2965412
603205081888245	2958347
603205181890098	2962457
603205281893706	2965403
603205381896218	2962320
603205481900034	2962720
603205581902211	2962435
603205681907560	2959384
603205781909348	2958892
603205881911159	2963381
603205981913216	2961573
603206081915206	2964534
603206181917013	2964164
603206281923861	2957558
603206381927042	2963595
603206481928863	2968120
603206581931630	2966497
603206681936188	2966745
603206781939366	2962458
603206881942935	2964719
603206981944768	2963990
603207086764334	2973167
603207186769770	2959132
603207286771538	3032235
603207386778498	2951267
603207486781531	5120328
603207586783739	5122263
603207686798735	4820977
603207786801491	4180118
603207886803390	3022172
603207986805217	3015179
603208086806189	3033875
603208186807920	2966027
603208286809657	2973698
603208386811843	2990216
603208486813700	2964387
603208586814721	2963931
603208686828429	2965699
603208786831688	2965796
603208886833519	2967620
603208986835407	2968689
603209086838102	2977082
603209186850483	2969273
603209286854453	2972230
603209386856257	2970723
603209486858198	2966722
603209586872033	2969925
603209686876892	2965729
603209786879719	2967458
603209886881574	2970809
603209986900034	2957482
603210086901643	2959534
603210186905880	2967441
603210286907705	2959038
603210386915190	2968687
603210486917131	2964847
603210586918189	2965474
603210686928304	2994747
603210786930461	2996883
603210886934613	2997523
603210986936467	2990716
603211086937385	2991730
603211186939141	2994219
603211286941023	2987437
603211386943153	3099439
603211486944909	2985896
603211586946680	2989088
603211686950556	2992127
603211786966587	2997418
603211886969267	2990029
603211986971089	2993242
603212086971982	3005542
603212186983898	2991739
603212286986868	2991258
603212386988785	2997250
603212486990586	2995088
603212587004798	2985075
603212687008153	2990883
603212787009970	2993281
603212887011757	2989469
603212987015411	2980542
603213087030034	2984336
603213187033168	2971802
603213287035992	2972504
603213387037765	2972147
603213487045137	2967788
603213587046127	2980080
603213687048210	2970783
603213787050558	2976283
603213887063935	2978947
603213987066052	2981376
603214087068290	2973628
603214187071262	2978224
603214287075008	2976258
603214387076803	2978753
603214487078544	2982151
603214587081706	2971962
603214687083487	2974001
603214787085395	2974490
603214887087653	2973054
603214987089440	10702480
603215087096298	2972424
603215187099806	2978380
603215287101586	2980949
603215387103376	2978729
603215487105209	2975560
603215587106235	2981042
603215687107993	2975251
603215787109925	2979461
603215887132885	2979209
603215987136287	2980884
603216087137227	3003771
603216187140822	2991996
603216287144429	2988877
603216387153217	2983876
603216487155044	2984951
603216587157801	2983175
603216687160243	2980731
603216787162222	2971874
603216887173285	2989763
603216987182963	2956773
603217087195338	2987179
603217187206203	4317595
603217287288261	4334611
603217387299670	4320481
603217487313771	4320681
603217587325095	4343196
603217687336578	4547680
603217787340910	4418966
603217887342913	4547159
603217987344732	4546126
603218087346245	4571770
603218187357756	4569177
603218287359616	4549595
603218387361326	4553666
603218487364194	4563773
603218587365721	4511155
603218687378930	4525404
603218787383386	4506106
603218887387858	4546613
603218987391876	4557874
603219087393610	4526070
603219187395436	4544205
603219287397138	4232286
603219387399615	13390771
603219487410155	4545811
603219587413531	4525740
603219687415313	4553050
603219787416925	4554215
603219887418954	4567788
603219987432590	4552275
603220087435819	4538131
603220187439835	4402110
603220287452066	4456700
603220387462053	4448384
603220487466813	4526514
603220587481168	4456595
603220687492973	4422648
603220787521177	4440461
603220887532861	4429350
603220987546429	4423162
603221087558713	4452626
603221187571136	4452598
603221287583058	8261400
603221387595436	4462871
603221487608413	4431551
603221587618544	4457823
603221687631579	4460526
603221787642150	2943534
603221887649211	2941213
603221987655403	2934644
603222087657845	2937122
603222187665253	2943575
603222287668536	2944476
603222387670264	2947606
603222487679081	2955623
603222587681492	2947064
603222687683245	2942201
603222787686148	2945320
603222887687879	2955403
603222987690124	2954748
603223087692787	2956460
603223187705836	2958965
603223287709318	2949948
603223387711594	2952311
603223487713098	2508261
603223587716090	2505444
603223687719149	2497482
603223787726205	2504001
603223887729214	2515175
603223987730747	2541818
603224087731811	2551001
603224187734789	2534789
603224287736330	2499466
603224387748635	2504720
603224487750220	2506394
603224587753174	2498906
603224687754949	2521994
603224787756429	2516511
603224887763185	2499213
603224987764732	2505351
603225087766095	2549781
603225187767690	2500677
603225287769162	2512905
603225387770656	2538718
603225487776068	2541773
603225587777290	2523518
603225687778796	2497135
603225787782039	2493718
603225887783763	2498434
603225987787109	2500620
603226087792481	2499861
603226187795439	2496921
603226287798094	2500084
603226387799796	2501293
603226487801274	2500266
603226587806895	2493913
603226687812908	2531683
603226787824025	2534082
603226887826885	2559546
603226987828611	2563644
603227087829896	2494319
603227187831428	2497542
603227287833069	2495910
603227387834541	2498678
603227487836027	2508719
603227587838389	2497980
603227687850133	2499484
603227787851685	2500472
603227887855047	2496995
603227987856581	2496359
603228087857754	2525085
603228187859355	2533859
603228287861003	2533221
603228387863384	2533915
603228487875307	2497135
603228587876616	2499089
603228687879279	2496569
603228787880836	2495179
603228887882331	2495697
603228987885661	2497221
603229090183585	2505274
603229190185307	2497390
603229290186763	2500753
603229390188198	2503685
603229490189719	2502751
603229590191152	2500577
603229690192648	2498765
603229790197941	2518352
603229890200406	2531375
603229990203708	2536889
603230090204900	2508495
603230190206475	2515560
603230290212352	2506159
603230390218810	2528152
603230490224783	2531693
603230590231652	2531075
603230690237825	2531911
603230790243965	2532270
603230890250385	2535508
603230990267702	2527322
603231090273260	2567586
603231190278608	2554674
603231290283747	2523656
603231390289844	2539012
603231490294582	2515274
603231590296046	2515100
603231690298059	2519153
603231790300255	2516879
603231890303111	2515037
603231990304617	2515232
603232090305891	2583448
603232190307401	2513488
603232290308928	2516202
603232390310819	2531835
603232490312301	2557575
603232590313496	2554174
603232690315483	2507826
603232790317998	2498401
603232890319488	2499576
603232990322805	2508067
603233090323909	2523669
603233190325428	2509350
603233290326875	2504998
603233390330248	2509212
603233490331811	2507336
603233590339749	2508444
603233690341456	2503501
603233790343079	2520959
603233890344670	2537839
603233990348060	2546926
603234090349198	2515872
603234190350671	2521366
603234290353146	2503944
603234390403797	2505268
603234490405300	2502836
603234590414674	2510222
603234690416929	2506551
603234790420110	2506836
603234890421650	2508209
603234990423156	2512148
603235090424211	2508677
603235190425724	2522725
603235290427239	2545428
603235390430539	2519530
603235490432033	2547273
603235590443118	2512488
603235690447290	2504287
603235790448758	2505536
603235890450342	2506916
603235990451847	2508236
603236090453097	2505144
603236190454601	2509303
603236290456112	2504324
603236390458224	2506231
603236490465255	2510605
603236590466581	2539679
603236690468525	2542224
603236790470089	2510407
603236890471623	2522686
603236990473159	2510070
603237090474269	2509515
603237190475782	2506468
603237290477244	2509180
603237390478729	2504789
603237490488671	2503620
603237590490957	2504343
603237690492450	2506349
603237790493975	2509129
603237890495465	2507948
603237990496962	2547046
603238090498136	2540247
603238190499623	2514113
603238290502933	2527663
603238390504501	2511309
603238490505988	2515709
603238590512498	2506414
603238690513962	2509298
603238790516310	2503357
603238890517792	2511838
603238990519262	2505010
603239090520378	2505940
603239190521832	2511261
603239290523326	2533424
603239390524869	2542786
603239490526347	2507196
603239590527890	2539247
603239690530453	2505847
603239790533311	2503129
603239890534844	2504939
603239990536549	2506129
603240090537843	2502132
603240190539387	2534739
603240290546066	2510834
603240390553909	2494656
603240490559735	2507500
603240590564720	2509659
603240690571065	2537923
603240790576981	2537789
603240890583310	2510126
603240990591616	2504940
603241090597580	2502328
603241190603863	2495145
603241290609551	2497370
603241390612538	2512460
603241490614314	2502637
603241590619230	2487873
603241690621157	2492658
603241790622764	2504058
603241890624293	2495219
603241990625917	2504404
603242090639461	2530008
603242190641122	2495153
603242290642882	2532424
603242390644358	2493816
603242490645824	2489840
603242590648272	2491943
603242690649724	2486951
603242790651207	2510494
603242890652886	2493534
603242990654639	2493682
603243090657540	2487992
603243190659008	2490286
603243290660507	2489250
603243390662082	2512922
603243490673658	2531365
603243590676716	2492015
603243690678205	2525360
603243790680439	2490749
603243890683778	2493485
603243990685290	2496785
603244090688379	2489167
603244190689881	2492569
603244290692699	2491242
603244390694255	2491786
603244490695757	2496035
603244590698343	2493891
603244690705376	2493627
603244790707056	2549065
603244890708694	2549991
603244990712068	2556267
603245090713266	2530890
603245190722699	2562291
603245290724254	2489657
603245390725729	2490192
603245490727209	2494758
603245590728550	2493301
603245690730009	2490986
603245790732717	2492134
603245890734217	8623826
603245990740670	2490153
603246090741923	2488352
603246190743436	2507779
603246290744985	2529783
603246390749591	2494991
603246490751071	2534672
603246590752222	2488742
603246690754165	2495685
603246790757310	2492053
603246890758838	2494577
603246990760353	2493315
603247090762821	2488958
603247190769721	2487832
603247290772226	2487458
603247390773734	2492288
603247490775219	2492424
603247590777521	2489082
603247690778997	2528563
603247790780595	2500809
603247890783058	2535251
603247990784616	2510228
603248090785881	2495594
603248190787384	2488848
603248290788873	2492005
603248390796855	2492910
603248490798350	2494481
603248590800764	2487490
603248690802304	2493758
603248790803808	2490653
603248890805276	2488496
603248990806800	2492830
603249090807941	2526675
603249190809463	2503800
603249290810958	2530016
603249390812825	2526107
603249490814494	2507346
603249590821175	2527530
603249690822782	2518917
603249790825352	2521478
603249890826895	2522659
603249990830224	2526426
603250090831317	2525234
603250190832894	2532419
603250290839983	2496489
603250390844852	2517536
603250490850705	2599486
603250590855489	2563431
603250690861409	2586392
603250790871575	2553048
603250899563781	2522191
603250999570086	2520571
603251099575579	2517926
603251199580577	2506165
603251299585590	2513019
603251399626502	2561407
603251499629644	2583151
603251599632935	2511675
603251699634803	2549018
603251799637444	2539866
603251899640538	2507779
603251999642064	2514473
603252099643505	2507073
603252199644733	2555315
603252299646157	2508382
603252399657173	2547838
603252499658794	2515128
603252599660257	2506559
603252699661488	2506829
603252799662924	2507290
603252899664461	2521313
603252999665945	2513138
603253099667369	2548050
603253199669774	2544785
603253299671245	2509324
603253399673712	2543645
603253499675191	2503827
603253599676641	2511494
603253699683923	2511673
603253799688132	2510215
603253899689619	2505162
603253999691200	2503876
603254099692653	2522208
603254199693908	2502713
603254299695475	2522449
603254399697011	2578688
603254499698457	2543271
603254599699928	2542719
603254699701003	2503470
603254799702533	2525139
603254899704072	2528459
603254999717458	2519320
603255099719024	2516138
603255199720278	2518067
603255299722875	2549855
603255399726503	4166119
603255499732819	2635953
603255599739308	2550679
603255699740913	2538616
603255799742453	2584702
603255899745269	2550619
603255999746813	2582229
603256099748376	2570322
603256199755736	2577789
603256299757723	2569374
603256399759463	2571152
603256499761099	2571324
603256599762615	2571440
603256699766546	2569988
603256799768098	2523680
603256899770294	2571600
603256999772084	2573362
603257099773584	2507083
603257199774903	2508967
603257299776393	2547564
603257399783466	2548136
603257499785068	2616019
603257599787204	2554001
603257699788486	2543531
603257799790004	2506387
603257899791822	2527969
603257999795213	2561256
603258099796759	2489359
603258199798174	2525321
603258299801532	2520419
603258399803114	2564878
603258499804714	2574857
603258599818011	2596050
603258699819777	2583787
603258799830099	2619158
603258899832098	2542508
603258999834243	2644046
603259099837277	2526291
603259199838846	2595954
603259299840527	2635726
603259399842235	2592233
603259499843756	2525532
603259599846680	2527725
603259699848180	2525816
603259799849758	2515477
603259899856246	2505037
603259999857819	2510520
603260099860791	2554334
603260199862987	2587088
603260299868582	2532737
603260399877099	2542376
603260499883236	2520933
603260599889148	2518253
603260699895091	2512702
603260799901771	2509288
603260899912512	2583402
603260999918707	2575986
603261099924478	2578703
603261199929650	2572355
603261299934730	2573069
603261399940763	2573560
603261499945028	2605835
603261599951219	2550369
603261699952728	2539995
603261799956110	2542368
603261899957665	2542642
603261999961008	2543315
603262099964092	2546247
603262199965487	2542975
603262299968880	2556145
603262399974699	2586194
603262499976377	2539418
603262599977959	2531894
603262699979351	2560086
603262799992478	2542888
603262899994093	2524897
603262999999241	2490878
603263100009489	2491347
603263200011417	2483610
603263300013257	2479337
603263400015244	2515933
603263500017065	2481825
603263600019010	2483863
603263702605861	2535001
603263802607573	2512096
603263902611046	2573442
603264002612575	2521725
603264102614100	2544908
603264202615474	2547210
603264302617078	2553893
603264402618663	2577602
603264502620212	2568342
603264602621774	2534819
603264702623271	2535283
603264802624829	2512963
603264902626398	2509395
603265002629757	2506944
603265102638887	2507992
603265202640474	2507150
603265302642064	2508649
603265402643637	2507888
603265502645234	2508346
603265602646771	2511134
603265702648307	2508224
603265802649886	2541716
603265902651418	2546288
603266002654753	2525116
603266102656305	2529537
603266202659575	2512763
603266302669580	2505901
603266402671202	2500513
603266502672830	2513158
603266602676206	2511785
603266702679140	2509164
603266802680744	2505991
603266902682316	2502646
603267002683911	2507200
603267102685487	2508698
603267202686944	2543615
603267302688549	2545727
603267402690246	2540922
603267502700446	2530384
603267602702044	2507046
603267702703388	2505419
603267802704956	2512464
603267902706791	2511397
603268002708354	2510330
603268102709880	2506817
603268202711303	2501649
603268302712865	2510240
603268402714454	2556899
603268502767695	2503252
603268602769307	2545603
603268702780187	2520326
603268802783289	2546207
603268902784840	2525650
603269002788229	2509202
603269102789780	2507523
603269202792937	2508525
603269302794497	2507860
603269402796073	2521989
603269502799450	2512820
603269602800969	2505081
603269702802446	2504810
603269802804015	2504356
603269902805645	2503847
603270002807571	2536023
603270102809171	2528547
603270202811234	2595394
603270302817239	2552850
603270402819262	2565046
603270502825070	2559865
603270602833146	2560711
603270702838805	2546193
603270802844683	2570320
603270902851092	2592087
603271002857136	2560422
603271102862527	2560971
603271202868193	2588167
603271302872086	2606893
603271402877167	2614364
603271502886281	2556147
603271602889612	2513554
603271702891058	2515354
603271802892630	2518165
603271902894186	2517616
603272002895770	2521137
603272102897346	2513844
603272202898888	2514189
603272302900445	2516549
603272402909806	2516576
603272502911361	2514931
603272602918032	2556027
603272702919764	2514577
603272802921362	2552822
603272902922898	2532622
603273002924450	2515538
603273102925964	2516590
603273202927464	2525989
603273302929059	2538325
603273402930690	2542361
603273502934021	2556721
603273602935583	2554260
603273702938523	2553742
603273802940117	2528597
603273902948262	2542906
603274002950011	2562713
603274102951574	2536577
603274202953080	2563975
603274302954670	2539631
603274402956306	2536486
603274502957868	2521222
603274602959457	2508925
603274702960918	2534862
603274802964219	2481659
603274902965740	2486723
603275002967292	2517115
603275102970637	2522269
603275202979656	2495381
603275302983345	2490103
603275402984987	2535674
603275502986525	2521304
603275602989850	2520596
603275702991267	2529641
603275802992871	2479751
603275902994448	2481702
603276002996001	2518150
603276102997600	2516189
603276202999081	2477890
603276303000664	2479896
603276403007550	2500724
603276503009147	2480610
603276603010639	2486566
603276703012077	2548199
603276803013702	2523306
603276903015256	2519005
603277003018633	2503183
603277103020132	2520565
603277203023330	2479926
603277303024966	2478726
603277403026596	2536678
603277503029982	2480218
603277603037469	2485106
603277703038893	2541353
603277803042263	2487772
603277903043827	2484605
603278003045441	2518286
603278103046978	2555350
603278203048430	2515014
603278303049990	2521741
603278403051506	2538131
603278503053065	2480160
603278603054623	2484189
603278703056059	2524951
603278803061007	2518713
603278903062720	2481081
603279003064261	2520493
603279103067579	2511230
603279203069108	2480309
603279303070693	2482142
603279403072304	2522889
603279503073798	2523807
603279603077204	2519970
603279703080487	2520527
603279803082051	2517106
603279903085435	2485941
603280003087009	2480135
603280103090497	2516148
603280203092668	2480595
603280303098826	2513530
603280403107262	2506037
603280503113214	2519317
603280603118590	2515548
603280703136582	2513578
603280803142967	2519055
603280903151614	2547905
603281003157340	2533733
603281103164715	2520556
603281203169742	2472743
603281303174822	2599692
603281403180394	2496950
603281503192148	2459947
603281603199855	2522557
603281703201280	2505701
603281803204667	2468884
603281903206206	2504734
603282003207748	2472342
603282103209295	2538935
603282203210649	2545413
603282303213998	2543082
603282403215533	2505345
603282503217062	2473751
603282603218665	2507916
603282703220065	2503778
603282803221640	2472067
603282903223147	2470571
603283003236359	2506139
603283103239782	2507709
603283203241152	2471341
603283303242728	2506562
603283403244395	2504520
603283503245983	2509253
603283603251099	2509522
603283703252593	2528711
603283803254089	2519055
603283903257436	2470694
603284003258987	2507285
603284103260574	2502613
603284203262123	2469205
603284303273851	2472145
603284403277400	2505984
603284503278935	2470891
603284603280484	2470167
603284703281924	2503477
603284803284766	2503310
603284903286271	2505769
603285003287803	2537245
603285103289325	2524393
603285203292484	2470287
603285303294047	2469832
603285403295611	2503486
603285503298963	2507961
603285603365011	2500444
603285703366601	2506571
603285803368147	2472085
603285903369689	2468292
603286003371236	2502213
603286103372806	2505550
603286203374248	2537205
603286303375841	2539763
603286403377421	2543776
603286503378986	2470458
603286603382334	2467537
603286703383768	2472410
603286803385320	2480676
603286903387060	2506241
603287003394154	2504373
603287103397718	2512450
603287203399229	2505037
603287303400763	2504215
603287403404155	2509351
603287503405718	2524875
603287603409031	2508833
603287703410517	2503373
603287803412044	2511968
603287903413661	2507402
603288003415238	2468520
603288103416769	2504412
603288203428367	2473795
603288303430133	2467218
603288403441511	2497914
603288503443042	2460148
603288603444557	2505603
603288703447719	2502861
603288803449263	2470787
603288903450847	2483141
603289003452399	2505241
603289103455264	2536141
603289203456903	2519345
603289303458437	2500857
603289403460039	2509380
603289503461646	2506349
603289609000587	2451990
603289709002212	2481968
603289809004045	2481601
603289909006648	2445739
603290009008790	2443301
603290109010734	2443888
603290209013334	2551948
603290309019520	2453041
603290409021656	2563002
603290509027536	2577151
603290609033720	2572604
603290709040160	2569787
603290809046379	2569257
603290909052567	2570362
603291009058768	2504443
603291109064863	2467771
603291209069957	2462412
603291309075586	2461194
603291409085923	2459128
