103272392619298	16736077
103272492543584	10672665
103272592445400	6094918
103272692350580	6198143
103272792252801	6037406
103272892154690	6045478
103272992056488	6022953
103273091958116	6039289
103273191860093	6051190
103273291765368	6385754
103273391675174	6306613
103273491580872	6385496
103273591483340	6070720
103273691385025	6060737
103273791286840	6050383
103273891188575	6019397
103273991090604	6053286
103274090992403	6102426
103274190894171	6058279
103274290796578	6052557
103274390698795	6285591
103274490606871	6533950
103274590508599	6048507
103274690446247	6664592
103274790350405	6262262
103274890258401	6707578
103274990167991	6621029
103275090069648	6039512
103275189977875	6575459
103275289883900	6021315
103275389785549	6025265
103275489693216	6203373
103275589595650	6068605
103275689497523	6124655
103275789399680	6106864
103275889301392	6065921
103275989203411	6039694
103276089428813	6043802
103276189330537	6080161
103276289232768	6073000
103276389134813	6094114
103276489047259	6749573
103276588949056	6406518
103276688850856	6099046
103276788752815	6067067
103276888654983	6074105
103276988563545	6673350
103277088464639	6373677
103277188366862	6077864
103277288269154	6095777
103277388170928	6025948
103277488072607	6018167
103277587974639	6421290
103277687879506	6355685
103277787782336	6207265
103277887686403	6256901
103277987588533	6136104
103278087494056	10416468
103278187398035	10481962
103278287301558	9128398
103278387203723	6050109
103278487108712	6197244
103278587009569	6394314
103278686911718	6098546
103278786813911	6067691
103278886717335	6120160
103278986620788	6079655
103279086522536	6419348
103279186424698	6080982
103279286326994	6048094
103279386228633	6086906
103279486130306	6058999
103279586034210	6421010
103279685935842	6210046
103279785841766	6701291
103279885743619	6061881
103279985645751	6120866
103280085551492	6536383
103280185453179	6032452
103280285355477	6041750
103280385257607	6043832
103280485159354	6101687
103280585061132	6359966
103280684962781	6040975
103280784864764	6050107
103280884766734	6038405
103280984668387	6034889
103281084569246	6353846
103281184471224	6037878
103281284373488	6088380
103281384275255	6025613
103281484177009	6037612
103281584079069	6369423
103281683980934	6050103
103281783882736	6041733
103281883784504	6036476
103281983686533	6037998
103282083588259	6439444
103282183489973	6059879
103282283392257	6058589
103282383294355	6050808
103282483204399	6555667
103282583105516	6036270
103282683007129	6063760
103282782909208	6065570
103282882810976	6111221
103282982712713	6059572
103283082613586	6034678
103283182515553	6059898
103283282417945	6043458
103283382319622	6060857
103283482221266	6031219
103283582123338	6058073
103283682031306	6631021
103283781932983	6037878
103283881834766	6028441
103283981736771	6040876
103284081638815	6110790
103284181540894	6088329
103284281447931	6409406
103284381350590	6050379
103284481252335	6097630
103284581158056	6314001
103284681064872	6405147
103284780967194	6077188
103284880868989	6060611
103284980772178	6339564
103285080673794	6077173
103285180575908	6055419
103285280478317	6103386
103285380380158	6096770
103285480281839	6079602
103285580183833	6061575
103285680085812	6037656
103285779987544	6066818
103285879889294	6089844
103285979791280	6074385
103286079692895	6122360
103286179594633	6070753
103286279496861	6106885
103286379399031	6082286
103286479300907	6066349
103286579204058	6040517
103286679106054	6165615
103286779009408	6253008
103286878911353	6167498
103286978813032	6065425
103287078713889	6096781
103287178615944	6092672
103287278518309	6094360
103287378419951	6062825
103287478321581	6063816
103287578224162	6077543
103287678125984	6142263
103287778029493	6085164
103287877937692	6697971
103287977839797	6086323
103288077741678	6041099
103288177643396	6056759
103288277547376	10563949
103288377449835	9187630
103288477351924	6106977
103288577252737	6041456
103288677154426	6058161
103288777056092	6136383
103288876959300	6071289
103288976869349	6297511
103289076776445	6451507
103289176686172	6427659
103289276594930	6392672
103289376496669	6048801
103289476436928	6007361
103289576338014	6090156
103289676240052	6036515
103289776142002	6035599
103289876043904	6040221
103289975945606	6028619
103290075847584	6103405
103290175749361	6039218
103290275651638	6041621
103290375553276	6041770
103290475455264	6025648
103290575356875	6024981
103290675258588	6026337
103290775160314	6042156
103290875062344	6117162
103290974964128	6043838
103291074865787	6034601
103291174767474	6071643
103291274672865	6424327
103291374576500	6284247
103291474486795	6547645
103291574397261	6598110
103291674299540	6130208
103291774202257	6187287
103291874112720	6373840
103291974019583	8751446
103292073928906	6443255
103292173833889	6400500
103292273746692	6415604
103292373661641	6321252
103292473564714	6324458
103292573466293	6170912
103292673368645	6178265
103292773270555	6135312
103292873175457	6098134
103292973082085	6172548
103293072983045	6198389
103293172885566	6150728
103293272791966	6232680
103293372694351	6203227
103293472602521	6511165
103293572516197	6327345
103293672418925	8452871
103293772320783	6076401
103293872222481	6033700
103293972132923	6517409
103294072034698	6101065
103294171941883	6299000
103294271850069	6283471
103294371755237	6247486
103294471662883	6228923
103294571570198	6257418
103294671477362	6214446
103294771384082	6195646
103294871290566	6262589
103294971197282	6201633
103295071103550	6206120
103295171010525	6202717
103295270917238	6205033
103295370823537	6197536
103295470729628	6201492
103295570635851	6191236
103295670542383	6276066
103295770448645	6206615
103295870355276	6210592
103295970261694	6203536
103296070168320	6199027
103296170074957	6215773
103296269981646	6270741
103296369889331	6251135
103296469798413	6274373
103296569702186	6290351
103296669605724	6174706
103296769507591	6114907
103296869414148	6190202
103296969318166	6171008
103297069224656	6235178
103297169130186	6437346
103297269039191	6452890
103297368942475	6304828
103297468850301	6304591
103297568757691	6246524
103297668664809	6292277
103297768568869	6176765
103297868476480	6211185
103297968384088	6213556
103298068285799	6203201
103298168189777	6157450
103298268093472	6134349
103298367997689	6182161
103298467902340	6164440
103298567808409	6207970
103298667712062	6195024
103298767619317	6293565
103298867526722	6335577
103298967432144	6250641
103299067338091	6215256
103299167244597	6450725
103299267167634	6598108
103299367074539	6169509
103299466980822	6166716
103299566887130	6178677
103299666794238	6247200
103299766701025	6213250
103299866607180	6168551
103299966513257	6167568
103300066420233	6159415
103300166326856	6169007
103300266235898	6169187
103300366142491	6156892
103300466049116	6634580
103300565955790	6178149
103300665862902	6164151
103300765769130	6189929
103300865675300	6217865
103300965582358	6609596
103301065488368	6215251
103301165397741	6304288
103301265304188	6301935
103301365211073	6124806
103301465115000	6559641
103301565017761	6158382
103301664922726	6134709
103301764826346	6134829
103301864728138	6116452
103301964633769	6540099
103302064537967	6208090
103302164443485	6123854
103302264349643	6161866
103302364256751	6181210
103302464158523	6429156
103302564060246	6146399
103302663965268	6157232
103302763867184	6175262
103302863771696	6214856
103302963677155	6553201
103303063581174	6156781
103303163486236	6112910
103303263392772	6233665
103303363299911	6239548
103303463206054	6614706
103303563116491	6226412
103303663022881	6267294
103303762929531	6208692
103303862835632	6200307
103303962742381	6577512
103304062646741	6237618
103304162554245	6201283
103304262461922	6228110
103304362368953	6185517
103304462296793	7330611
103304562203828	6020140
103304662109921	6208629
103304762016759	6203409
103304861923819	6199055
103304961830661	6594707
103305061737052	6203429
103305161643422	6193216
103305261550083	6289707
103305361454957	6228992
103305461361657	6617374
103305561270371	6225954
103305661180982	6357220
103305761087335	6048293
103305860989421	6145800
103305960890949	6413242
103306060798404	6238305
103306160700571	6202973
103306260604941	6178717
103306360506700	6107847
103306460407772	6057626
103306560347149	6136907
103306660251824	6151171
103306760154013	6181771
103306860056177	6207820
103306959959322	6220259
103307059866618	6172168
103307159770178	6149979
103307259675890	6200109
103307359577599	6163756
103307459479623	6199458
103307559382426	6131330
103307659284438	6240857
103307759187413	6183781
103307859094474	6319789
103307959001284	6187912
103308058914917	6196710
103308158819117	6185682
103308258725857	6164745
103308358633135	6181270
103308458539201	6243157
103308558445691	6188623
103308658352650	6162553
103308758259172	6196205
103308858167529	6167296
103308958074126	6171128
103309057980927	6172666
103309157887258	6181293
103309257794569	6242237
103309357700742	6154108
103309457607849	6150313
103309557514485	6155812
103309657438153	6740587
103309757345321	6166200
103309857251803	6173160
103309957158177	6222180
103310057062908	6287766
103310156969354	6237700
103310256876074	6289116
103310356784527	6325222
103310456689872	6167371
103310556594702	6242553
103310656501998	6183807
103310756405960	6175936
103310856313846	6234429
103310956218230	6166678
103311056120122	6148742
103311156022198	6140860
103311255926108	6170168
103311355828014	6076377
103311455729728	6043981
103311555633268	6054394
103311655534978	6114861
103311755436780	6043382
103311855338592	6079688
103311955240328	6050737
103312055145081	6098911
103312155048717	6117462
103312254950496	6080052
103312354857304	6209819
103312454764757	6303347
103312554673661	6229053
103312654582424	6223455
103312754489455	6201224
103312854398348	6204471
103312954304995	6208173
103313054211114	6201774
103313154117809	6196641
103313254024403	6264190
103313353931232	6205681
103313453837744	6201852
103313553743729	6189032
103313653650352	6200206
103313753556991	6192714
103313853464202	6207345
103313953369700	6200736
103314053275650	5297085
103314153181136	5210085
103314253086810	5414652
103314352991971	5506392
103314452898115	5244566
103314552802378	5275313
103314652707770	5444221
103314752613113	7901659
103314852522091	7894796
103314952425171	7065918
103315052326770	5069737
103315152228107	4983134
103315252129484	4895506
103315352030802	5022853
103315451932175	5017233
103315551833639	5007563
103315651735104	5052896
103315751636708	5364595
103315851541652	5148735
103315951445435	5309205
103316051348941	5210855
103316151252434	5176253
103316251156555	5351373
103316351061718	5299509
103316450963435	5188823
103316550865086	5103190
103316650766678	5092872
103316750668545	5154746
