3285447271396,488192
3285447371360,2258
3285447471312,2277
3285447571264,2282
3285447671216,2225
3285447771168,2287
3285447871120,2313
3285447971072,2288
3285448071024,2295
3285448170976,2271
3285448270928,2313
3285448370880,2285
3285448470832,2281
3285448570784,2258
3285448670736,2275
3285448770688,2294
3285448870640,2288
3285448970592,2256
3285449070544,2284
3285449170496,2302
3285449270448,2304
3285449370400,2250
3285449470352,2281
3285449570304,2259
3285449670256,2254
3285449770208,2296
3285449870160,2255
3285449970112,2290
3285450070064,2322
3285450170016,2278
3285450269968,2292
3285450369920,2262
3285450469872,2248
3285450569824,2304
3285450669776,2267
3285450769728,2272
3285450869680,2263
3285450969632,2264
3285451069584,2309
3285451169536,2274
3285451269488,2252
3285451369440,2249
3285451469392,2285
3285451569344,2245
3285451669296,2258
3285451769248,2268
3285451869200,2275
3285451969152,2273
3285452069104,2291
3285452169056,2244
3285452269008,2280
3285452368960,2313
3285452468912,2266
3285452568864,2236
3285452668816,2243
3285452768768,2291
3285452868720,2241
3285452968672,2274
3285453068624,2321
3285453168576,2293
3285453268528,2281
3285453368480,2245
3285453468432,2263
3285453568384,2313
3285453668336,2253
3285453768288,2261
3285453868240,2280
3285453968192,2274
3285454068144,2271
3285454168096,2291
3285454268048,2267
3285454368003,2283
3285454467955,2278
3285454567907,2316
3285454667859,2260
3285454767811,2301
3285454867763,2272
3285454967715,2263
3285455067667,2291
3285455167619,2301
3285455267571,2272
3285455367523,2262
3285455467475,2264
3285455567427,2254
3285455667379,2241
3285455767331,2251
3285455867283,2241
3285455967235,2240
3285456067187,2288
3285456167139,2290
3285456267091,2260
3285456367043,2260
3285456466995,2259
3285456566947,2319
3285456666899,2288
3285456766851,2271
3285456866804,2402
3285457305684,341234
3285457405636,2303
3285457505588,2256
3285457605540,2254
3285457705492,2272
3285457805444,2305
3285457905396,2291
3285458005348,2282
3285458105300,2304
3285458205252,2299
3285458305205,2224
3285458405157,2275
3285458505109,2268
3285458605061,2286
3285458705013,2280
3285458804965,2300
3285458904917,2309
3285459004869,2281
3285459104821,2278
3285459204773,2301
3285459304725,2229
3285459404677,2289
3285459504629,2292
3285459604581,2284
3285459704533,2240
3285459804485,2289
3285459904437,2265
3285460004389,2264
3285460104341,2280
3285460204293,2286
3285460304245,2279
3285460404197,2279
3285460504149,2252
3285460604101,2273
3285460704053,2292
3285460804006,2294
3285460903958,2319
3285461003910,2268
3285461103862,2331
3285461203814,2285
3285461303766,2320
3285461403718,2309
3285461503670,2313
3285461603622,2247
3285461703574,2311
3285461803526,2305
3285461903478,2329
3285462003430,2310
3285462103382,2292
3285462203334,2327
3285462303286,2276
3285462403238,2316
3285462503190,2318
3285462603142,2264
3285462703094,2317
3285462803046,2249
3285462902998,2316
3285463002950,2333
3285463102902,2328
3285463202854,2368
3285463302806,2302
3285463402758,2297
3285463502710,2253
3285463602662,2253
3285463702614,2341
3285463802566,2286
3285463902518,2291
3285464002470,2283
3285464102422,2299
3285464202374,2328
3285464302326,2303
3285464402278,2274
3285464502230,2262
3285464602182,2265
3285464702134,2298
3285464802086,2267
3285464902038,2273
3285465001990,2331
3285465101942,2254
3285465201894,2273
3285465301846,2271
3285465401798,2278
3285465501750,2281
3285465601702,2252
3285465701654,2273
3285465801606,2273
3285465901558,2270
3285466001510,2306
3285466101462,2295
3285466201414,2266
3285466301366,2258
3285466401318,2255
3285466501270,2309
3285466601222,2288
3285466701174,2292
3285466801126,2288
3285466901078,2294
3285467340254,341539
3285467440206,2296
3285467540158,2263
3285467640110,2289
3285467740062,2261
3285467840014,2287
3285467939966,2287
3285468039918,2313
3285468139870,2383
3285468239822,2293
3285468339774,2280
3285468439727,2266
3285468539679,2268
3285468639631,2265
3285468739583,2288
3285468839535,2289
3285468939487,2263
3285469039439,2257
3285469139391,2253
3285469239343,2270
3285469339295,2254
3285469439247,2294
3285469539228,2263
3285469639180,2383
3285469739132,2261
3285469839084,2280
3285469939036,2280
3285470038988,2277
3285470138940,2271
3285470238892,2290
3285470338844,2260
3285470438796,2228
3285470538748,2270
3285470638700,2252
3285470738652,2250
3285470838604,2263
3285470938556,2266
3285471038508,2251
3285471138460,2286
3285471238412,2232
3285471338364,2243
3285471438316,2280
3285471538268,2236
3285471638220,2253
3285471738172,2281
3285471838124,2288
3285471938076,2236
3285472038028,2268
3285472137980,2264
3285472237932,2250
3285472337884,2264
3285472437836,2272
3285472537788,2256
3285472637740,2274
3285472737692,2264
3285472837644,2272
3285472937596,2262
3285473037548,2263
3285473137500,2280
3285473237452,2258
3285473337404,2268
3285473437356,2266
3285473537308,2291
3285473637260,2248
3285473737212,2260
3285473837164,2283
3285473937116,2254
3285474037068,2285
3285474137020,2271
3285474236972,2263
3285474336924,2246
3285474436876,2245
3285474536828,2288
3285474636780,2248
3285474736732,2258
3285474836684,2282
3285474936636,2260
3285475036588,2246
3285475136540,2261
3285475236492,2279
3285475336444,2282
3285475436396,2261
3285475536348,2270
3285475636300,2251
3285475736252,2433
3285475836204,2277
3285475936156,2251
3285476036108,2272
3285476136060,2299
3285476236012,2251
3285476335964,2270
3285476435916,2252
3285476535868,2228
3285476635820,2261
3285476735772,2279
3285476835724,2267
3285476935676,2313
3285477378745,345437
3285477478697,2259
3285477578649,2279
3285477678601,2264
3285477778553,2263
3285477878505,2297
3285477978457,2345
3285478078409,2284
3285478178361,2299
3285478278313,2287
3285478378265,2293
3285478478217,2245
3285478578169,2269
3285478678121,2291
3285478778073,2271
3285478878025,2269
3285478977977,2273
3285479077929,2254
3285479177881,2274
3285479277833,2259
3285479377785,2268
3285479477737,2316
3285479577689,2260
3285479677641,2244
3285479777593,2266
3285479877545,2300
3285479977497,2246
3285480077449,2270
3285480177401,2306
3285480277353,2263
3285480377305,2250
3285480477257,2324
3285480577209,2268
3285480677161,2272
3285480777113,2281
3285480877065,2265
3285480977017,2256
3285481076969,2266
3285481176921,2254
3285481276873,2295
3285481376825,2254
3285481476777,2253
3285481576729,2248
3285481676681,2281
3285481776633,2246
3285481876585,2260
3285481976537,2269
3285482076489,2303
3285482176441,2268
3285482276393,2270
3285482376345,2381
3285482476297,2281
3285482576249,2257
3285482676201,2284
3285482776153,2274
3285482876105,2278
3285482976057,2268
3285483076009,2272
3285483175961,2263
3285483275913,2261
3285483375865,2260
3285483475817,2257
3285483575769,2271
3285483675721,2257
3285483775673,2268
3285483875625,2260
3285483975577,2246
3285484075529,2271
3285484175481,2292
3285484275433,2260
3285484375385,2275
3285484475337,2241
3285484575289,2278
3285484675241,2273
3285484775193,2280
3285484875145,2279
3285484975097,2261
3285485075049,2281
3285485175004,2268
3285485274956,2286
3285485374908,2277
3285485474860,2270
3285485574812,2269
3285485674764,2252
3285485774716,2263
3285485874668,2270
3285485974620,2259
3285486074572,2285
3285486174524,2285
3285486274476,2248
3285486374428,2247
3285486474380,2268
3285486574332,2231
3285486674284,2276
3285486774236,2246
3285486874188,2271
3285486974140,2345
3285487416866,345059
3285487516818,2270
3285487616770,2257
3285487716722,2264
3285487816674,2228
3285487916626,2295
3285488016578,2285
3285488116530,2284
3285488216482,2267
3285488316434,2302
3285488416386,2280
3285488516338,2286
3285488616290,2263
3285488716242,2275
3285488816194,2279
3285488916146,2272
3285489016098,2273
3285489116050,2248
3285489216005,2275
3285489315957,2243
3285489415909,2256
3285489515861,2273
3285489615813,2245
3285489715765,2256
3285489815717,2273
3285489915669,2271
3285490015621,2246
3285490115573,2282
3285490215525,2270
3285490315477,2266
3285490415429,2274
3285490515381,2268
3285490615333,2285
3285490715285,2259
3285490815237,2261
3285490915189,2253
3285491015141,2271
3285491115093,2278
3285491215045,2247
3285491314997,2304
3285491414949,2258
3285491514901,2269
3285491614853,2262
3285491714822,2324
3285491814774,2280
3285491914726,2277
3285492014678,2272
3285492114630,2266
3285492214582,2278
3285492314534,2271
3285492414486,2271
3285492514438,2266
3285492614390,2253
3285492714342,2268
3285492814294,2277
3285492914246,2266
3285493014198,2281
3285493114150,2305
3285493214102,2289
3285493314054,2266
3285493414007,2260
3285493513959,2267
3285493613911,2265
3285493713863,2298
3285493813815,2255
3285493913767,2275
3285494013719,2307
3285494113671,2246
3285494213623,2335
3285494313575,2279
3285494413527,2243
3285494513479,2314
3285494613431,2277
3285494713383,2259
3285494813335,2257
3285494913287,2285
3285495013239,2319
3285495113191,2270
3285495213143,2263
3285495313095,2279
3285495413047,2276
3285495512999,2314
3285495612951,2329
3285495712903,2335
3285495812855,2280
3285495912807,2278
3285496012759,2271
3285496112711,2313
3285496212663,2279
3285496312615,2255
3285496412567,2312
3285496512519,2246
3285496612471,2267
3285496712423,2295
3285496812375,2289
3285496912327,2254
3285497012279,2317
3285497453640,343752
3285497553592,2269
3285497653544,2295
3285497753496,2274
3285497853448,2277
3285497953400,2309
3285498053352,2299
3285498153304,2302
3285498253256,2310
3285498353208,2307
3285498453160,2348
3285498553112,2300
3285498653064,2383
3285498753016,2268
3285498852968,2294
3285498952920,2256
3285499052872,2299
3285499152824,2286
3285499252776,2651
3285499352728,2317
3285499452680,2338
3285499552632,2280
3285499652584,2268
3285499752536,2297
3285499852488,2246
3285499952440,2326
3285500052392,2278
3285500152344,2299
3285500252296,2238
3285500352248,2330
3285500452200,2309
3285500552152,2365
3285500652104,2340
3285500752056,2285
3285500852008,2297
3285500951960,2314
3285501051912,2367
3285501151864,2292
3285501251816,2255
3285501351768,2266
3285501451720,2275
3285501551672,2364
3285501651624,2279
3285501751576,2264
3285501851528,2286
3285501951480,2279
3285502051432,2396
3285502151384,2281
3285502251336,2292
3285502351288,2277
3285502451240,2269
3285502551192,2339
3285502651144,2308
3285502751096,2264
3285502851048,2284
3285502951003,2255
3285503050955,2283
3285503150907,2291
3285503250859,2258
3285503350811,2273
3285503450763,2269
3285503550715,2283
3285503650667,2323
3285503750619,2293
3285503850571,2264
3285503950523,2263
3285504050475,2301
3285504150427,2302
3285504250379,2289
3285504350331,2276
3285504450283,2264
3285504550235,2233
3285504650187,2259
3285504750139,2327
3285504850091,2281
3285504950043,2268
3285505049995,2271
3285505149947,2271
3285505249899,2251
3285505349851,2252
3285505449803,2239
3285505549755,2284
3285505649707,2252
3285505749659,2308
3285505849611,2259
3285505949563,2267
3285506049515,2268
3285506149467,2256
3285506249419,2243
3285506349371,2286
3285506449323,2277
3285506549275,2232
3285506649227,2271
3285506749179,2319
3285506849131,2272
3285506949083,2253
3285507049035,2298
3285507490427,343732
3285507590379,2298
3285507690331,2267
3285507790283,2260
3285507890235,2268
3285507990187,2274
3285508090139,2304
3285508190091,2283
3285508290043,2296
3285508389995,2280
3285508489947,2285
3285508589899,2266
3285508689851,2274
3285508789803,2250
3285508889755,2286
3285508989707,2243
3285509089659,2299
3285509189611,2282
3285509289563,2257
3285509389515,2285
3285509489467,2245
3285509589419,2306
3285509689371,2292
3285509789323,2301
3285509889275,2284
3285509989227,2278
3285510089179,2277
3285510189131,2276
3285510289083,2329
3285510389035,2263
3285510488987,2265
3285510588939,2285
3285510688891,2309
3285510788843,2250
3285510888795,2284
3285510988747,2268
3285511088699,2276
3285511188651,2285
3285511288603,2270
3285511388555,2268
3285511488507,2262
3285511588459,2257
3285511688411,2289
3285511788363,2253
3285511888315,2266
3285511988267,2264
3285512088219,2294
3285512188171,2254
3285512288123,2265
3285512388075,2292
3285512488027,2273
3285512587979,2257
3285512687931,2257
3285512787883,2259
3285512887835,2246
3285512987787,2262
3285513087739,2255
3285513187691,2264
3285513287643,2272
3285513387595,2262
3285513487547,2277
3285513587499,2271
3285513687451,2320
3285513787403,2285
3285513887355,2277
3285513987323,2254
3285514087275,2271
3285514187227,2272
3285514287179,2247
3285514387131,2266
3285514487083,2259
3285514587035,2290
3285514686987,2263
3285514786939,2314
3285514886891,2281
3285514986843,2266
3285515086795,2258
3285515186747,2261
3285515286699,2282
3285515386651,2266
3285515486603,2276
3285515586555,2267
3285515686507,2249
3285515786459,2268
3285515886411,2267
3285515986363,2263
3285516086315,2284
3285516186267,2297
3285516286219,2273
3285516386171,2255
3285516486123,2276
3285516586075,2247
3285516686027,2348
3285516785979,2283
3285516885931,2256
3285516985883,2262
3285517085836,2343
3285517525642,342132
3285517625594,2285
3285517725546,2301
3285517825498,2268
3285517925450,2294
3285518025402,2314
3285518125354,2321
3285518225306,2284
3285518325258,2279
3285518425210,2295
3285518525162,2322
3285518625114,2296
3285518725066,2268
3285518825018,2263
3285518924970,2265
3285519024922,2321
3285519124874,2294
3285519224826,2281
3285519324778,2249
3285519424730,2292
3285519524682,2264
3285519624634,2325
3285519724586,2271
3285519824538,2257
3285519924490,2251
3285520024442,2287
3285520124394,2293
3285520224346,2241
3285520324298,2271
3285520424250,2229
3285520524202,2257
3285520624154,2289
3285520724106,2280
3285520824058,2298
3285520924010,2286
3285521023962,2271
3285521123914,2264
3285521223866,2368
3285521323818,2279
3285521423770,2253
3285521523722,2273
3285521623674,2261
3285521723626,2303
3285521823578,2330
3285521923530,2308
3285522023482,2330
3285522123434,2300
3285522223386,2278
3285522323338,2332
3285522423290,2274
3285522523242,2278
3285522623194,2271
3285522723146,2316
3285522823098,2288
3285522923050,2267
3285523023004,2296
3285523122956,2254
3285523222908,2287
3285523322860,2279
3285523422812,2303
3285523522764,2281
3285523622716,2265
3285523722668,2263
3285523822620,2284
3285523922572,2271
3285524022524,2277
3285524122476,2301
3285524222428,2343
3285524322380,2271
3285524422332,2282
3285524522284,2256
3285524622236,2263
3285524722188,2269
3285524822140,2262
3285524922092,2281
3285525022044,2314
3285525121996,2277
3285525221948,2284
3285525321900,2274
3285525421852,2268
3285525521804,2282
3285525621756,2279
3285525721708,2261
3285525821660,2240
3285525921612,2261
3285526021564,2272
3285526121516,2336
3285526221468,2263
3285526321420,2255
3285526421372,2289
3285526521324,2260
3285526621276,2292
3285526721228,2258
3285526821180,2275
3285526921132,2279
3285527021084,2268
3285527121036,2282
3285527560548,341869
3285527660500,2257
3285527760452,2265
3285527860404,2270
3285527960356,2299
3285528060308,2285
3285528160260,2315
3285528260212,2302
3285528360164,2310
3285528460116,2302
3285528560075,2295
3285528660027,2311
3285528759979,2262
3285528859931,2281
3285528959883,2272
3285529059835,2255
3285529159787,2273
3285529259739,2274
3285529359691,2255
3285529459643,2244
3285529559595,2277
3285529659547,2283
3285529759499,2259
3285529859451,2267
3285529959403,2270
3285530059355,2263
3285530159307,2267
3285530259259,2269
3285530359211,2274
3285530459163,2269
3285530559115,2301
3285530659067,2299
3285530759019,2273
3285530858971,2241
3285530958923,2253
3285531058875,2281
3285531158827,2265
3285531258779,2241
3285531358731,2291
3285531458683,2241
3285531558635,2284
3285531658587,2277
3285531758539,2287
3285531858491,2277
3285531958443,2257
3285532058395,2295
3285532158347,2301
3285532258299,2272
3285532358251,2253
3285532458203,2269
3285532558155,2256
3285532658107,2310
3285532758059,2274
3285532858011,2261
3285532957963,2261
3285533057915,2285
3285533157867,2282
3285533257819,2313
3285533357771,2273
3285533457723,2274
3285533557675,2273
3285533657627,2287
3285533757579,2304
3285533857531,2277
3285533957483,2263
3285534057435,2250
3285534157387,2288
3285534257339,2254
3285534357291,2247
3285534457243,2306
3285534557195,2270
3285534657147,2301
3285534757099,2276
3285534857051,2277
3285534957005,2262
3285535056957,2286
3285535156909,2263
3285535256861,2270
3285535356813,2256
3285535456765,2291
3285535556717,2257
3285535656669,2261
3285535756621,2258
3285535856573,2269
3285535956525,2292
3285536056477,2261
3285536156444,2262
3285536256396,2297
3285536356348,2275
3285536456300,2262
3285536556252,2277
3285536656204,2294
3285536756156,2263
3285536856108,2272
3285536956060,2262
3285537056012,2296
3285537155964,2329
3285537596147,342495
3285537696099,2393
3285537796051,2256
3285537896004,2306
3285537995956,2249
3285538095908,2288
3285538195860,2293
3285538295812,2285
3285538395764,2264
3285538495716,2291
3285538595668,2260
3285538695621,2327
3285538795573,2264
3285538895525,2254
3285538995477,2265
3285539095429,2287
3285539195381,2275
3285539295333,2260
3285539395285,2240
3285539495237,2261
3285539595189,2275
3285539695141,2290
3285539795093,2278
3285539895045,2271
3285539994997,2228
3285540094949,2616
3285540194901,2272
3285540294853,2275
3285540394805,2284
3285540494757,2288
3285540594709,2263
3285540694661,2293
3285540794613,2275
3285540894565,2280
3285540994517,2264
3285541094469,2282
3285541194421,2307
3285541294373,2241
3285541394325,2260
3285541494277,2277
3285541594229,2284
3285541694181,2276
3285541794133,2272
3285541894085,2257
3285541994037,2270
3285542093989,2268
3285542193941,2312
3285542293893,2268
3285542393845,2266
3285542493797,2284
3285542593749,2280
3285542693701,2318
3285542793653,2326
3285542893605,2291
3285542993557,2309
3285543093509,2338
3285543193461,2308
3285543293413,2327
3285543393365,2296
3285543493317,2272
3285543593269,2268
3285543693221,2301
3285543793173,2297
3285543893125,2293
3285543993077,2253
3285544093029,2274
3285544192981,2317
3285544292933,2306
3285544392885,2264
3285544492837,2303
3285544592789,2268
3285544692741,2335
3285544792693,2338
3285544892645,2285
3285544992597,2311
3285545092549,2287
3285545192501,2269
3285545292453,2279
3285545392405,2244
3285545492357,2258
3285545592309,2298
3285545692261,2265
3285545792213,2315
3285545892165,2288
3285545992117,2288
3285546092069,2327
3285546192021,2265
3285546291973,2331
3285546391925,2269
3285546491877,2276
3285546591829,2251
3285546691781,2324
3285546791733,2297
3285546891685,2254
3285546991637,2245
3285547091589,2320
