3528605068870,118193
3528605168803,4966
3528605268726,5178
3528605368648,4974
3528605468570,4974
3528605568492,4974
3528605668414,4967
3528605768336,4972
3528605868258,4973
3528605968180,4967
3528606068102,4969
3528606168024,4962
3528606267946,4965
3528606367868,4968
3528606467790,4961
3528606567712,4964
3528606667634,4990
3528606767556,4976
3528606867478,4964
3528606967401,4969
3528607067323,4969
3528607167245,4965
3528607267167,4965
3528607367089,4965
3528607467011,4963
3528607566933,4963
3528607666855,4966
3528607766777,4962
3528607866699,4960
3528607966621,4962
3528608066543,4965
3528608166465,4961
3528608266387,4964
3528608366309,4966
3528608466231,4966
3528608566153,4966
3528608666075,4995
3528608765997,4980
3528608865919,4965
3528608965841,4964
3528609065763,4968
3528609165685,4961
3528609265607,4974
3528609365529,4962
3528609465451,4965
3528609565374,4968
3528609665296,4963
3528609765218,4964
3528609865140,4963
3528609965062,4966
3528610064984,4965
3528610164906,4972
3528610264828,4966
3528610364750,4968
3528610464672,4967
3528610564594,4968
3528610664516,5013
3528610764438,4977
3528610864360,4979
3528610964282,4965
3528611064204,4966
3528611164126,4964
3528611264048,4967
3528611363970,4966
3528611463892,4967
3528611563814,4968
3528611663736,4966
3528611763658,4984
3528611863580,4971
3528611963502,4968
3528612063424,4969
3528612163346,4970
3528612263268,4966
3528612363190,5023
3528612463112,4970
3528612563034,4963
3528612662956,5007
3528612762878,4973
3528612862800,4965
3528612962722,4970
3528613062644,4967
3528613162566,4971
3528613262489,4986
3528613362411,4983
3528613462334,4980
3528613562256,4971
3528613662178,4969
3528613762100,4971
3528613862022,4964
3528613961944,4969
3528614061866,4968
3528614161788,4976
3528614261710,4973
3528614361632,4965
3528614461554,4969
3528614561476,4977
3528614661398,5039
3528614761320,4973
3528614861242,4974
3528614961164,5046
3528615129156,73156
3528615229079,5163
3528615329004,5088
3528615428927,4967
3528615528849,5036
3528615628771,4965
3528615728693,4965
3528615828615,4964
3528615928537,4966
3528616028459,5035
3528616128381,4978
3528616228303,4965
3528616328225,4965
3528616428147,4965
3528616528069,5050
3528616627991,5184
3528616727913,4983
3528616827835,4968
3528616927757,4975
3528617027679,4997
3528617127601,4965
3528617227523,4962
3528617327445,4959
3528617427367,4964
3528617527289,4965
3528617627211,4971
3528617727133,4975
3528617827055,4968
3528617926977,4963
3528618026899,4965
3528618126821,4962
3528618226743,4965
3528618326665,4972
3528618426587,4973
3528618526509,4969
3528618626431,4967
3528618726353,4984
3528618826275,4965
3528618926197,4966
3528619026119,4972
3528619126041,4963
3528619225963,4972
3528619325885,4963
3528619425807,4965
3528619525729,4967
3528619625651,4966
3528619725573,4963
3528619825495,4965
3528619925417,4967
3528620025339,4968
3528620125261,4968
3528620225183,4967
3528620325105,4965
3528620425027,4963
3528620524949,4966
3528620624871,4962
3528620724793,4973
3528620824715,4966
3528620924637,4964
3528621024559,4967
3528621124481,4967
3528621224403,4965
3528621324325,4965
3528621424247,4965
3528621524169,4967
3528621624091,4966
3528621724013,4966
3528621823935,4968
3528621923857,4965
3528622023779,4966
3528622123701,4969
3528622223623,4967
3528622323545,4963
3528622423467,4969
3528622523389,4974
3528622623311,4973
3528622723234,4993
3528622823156,4967
3528622923078,4967
3528623023003,4964
3528623122925,4981
3528623222847,4980
3528623322769,4967
3528623422692,4971
3528623522615,4974
3528623622537,4971
3528623722459,4972
3528623822381,4970
3528623922303,4969
3528624022225,4968
3528624122147,4965
3528624222069,4976
3528624321991,4971
3528624421914,4991
3528624521836,4967
3528624621759,5008
3528624721681,4979
3528624821603,4969
3528624921525,4975
3528625021447,5051
3528625189461,73170
3528625289384,5173
3528625389306,4973
3528625489228,4969
3528625589150,4969
3528625689072,5006
3528625788994,4966
3528625888916,4963
3528625988838,4967
3528626088760,4964
3528626188682,4964
3528626288604,4964
3528626388526,4965
3528626488448,4966
3528626588370,4969
3528626688292,5079
3528626788235,4977
3528626888157,4963
3528626988079,4964
3528627088004,4959
3528627187926,4965
3528627287848,4969
3528627387770,4964
3528627487692,4968
3528627587614,4967
3528627687536,4999
3528627787458,4968
3528627887380,4963
3528627987302,4968
3528628087224,4966
3528628187146,4963
3528628287068,4976
3528628386990,4967
3528628486912,4970
3528628586834,4965
3528628686756,5040
3528628786678,4969
3528628886600,4965
3528628986522,4963
3528629086444,4963
3528629186366,5106
3528629286288,4966
3528629386210,4964
3528629486132,4966
3528629586054,4969
3528629685976,5039
3528629785898,4969
3528629885820,4964
3528629985742,4966
3528630085664,4966
3528630185586,4966
3528630285508,4962
3528630385430,4968
3528630485352,4965
3528630585274,4961
3528630685196,5033
3528630785118,4975
3528630885040,4966
3528630984962,5000
3528631084884,4965
3528631184806,4971
3528631284728,4968
3528631384650,4963
3528631484572,4966
3528631584494,4968
3528631684416,4986
3528631784338,4964
3528631884260,4964
3528631984182,4965
3528632084104,4966
3528632184026,4964
3528632283948,4967
3528632383870,4969
3528632483792,4970
3528632583714,4969
3528632683636,4965
3528632783558,4966
3528632883480,4967
3528632983402,4970
3528633083324,4967
3528633183246,4974
3528633283168,4970
3528633383090,4967
3528633483012,4961
3528633582934,4969
3528633682857,4973
3528633782779,4972
3528633882701,4968
3528633982623,4969
3528634082545,4967
3528634182467,4968
3528634282389,4966
3528634382311,4974
3528634482233,4972
3528634582155,4968
3528634682077,4972
3528634781999,4970
3528634881921,4973
3528634981843,4965
3528635081766,5041
3528635249645,73017
3528635349568,5162
3528635449491,5104
3528635549413,4965
3528635649335,5149
3528635749257,4978
3528635849179,4967
3528635949101,4979
3528636049023,4967
3528636148945,4973
3528636248868,5170
3528636348791,5201
3528636448713,5165
3528636548635,5160
3528636648557,5161
3528636748479,4971
3528636848401,4966
3528636948323,4968
3528637048245,4964
3528637148167,5112
3528637248089,4966
3528637348011,4958
3528637447933,4967
3528637547855,4964
3528637647777,4974
3528637747699,5005
3528637847621,4965
3528637947543,4960
3528638047465,4964
3528638147387,4965
3528638247309,4964
3528638347231,4963
3528638447153,4965
3528638547075,4972
3528638646997,4965
3528638746919,4991
3528638846841,4967
3528638946763,4964
3528639046685,4965
3528639146607,4971
3528639246529,4967
3528639346451,4964
3528639446373,4967
3528639546295,4966
3528639646217,4964
3528639746139,4972
3528639846061,4966
3528639945983,4967
3528640045905,4969
3528640145827,4964
3528640245749,4965
3528640345671,4966
3528640445593,4967
3528640545515,4964
3528640645437,4963
3528640745359,4973
3528640845281,4968
3528640945203,4965
3528641045125,4965
3528641145047,4963
3528641244969,4959
3528641344891,4966
3528641444813,4966
3528641544735,4963
3528641644657,4966
3528641744579,5002
3528641844501,4966
3528641944423,4972
3528642044345,4968
3528642144267,4966
3528642244189,4965
3528642344111,4966
3528642444033,4965
3528642543955,4971
3528642643877,4966
3528642743800,4972
3528642843722,4968
3528642943644,4975
3528643043566,4969
3528643143488,4975
3528643243410,4972
3528643343332,4970
3528643443254,4967
3528643543176,4967
3528643643098,4969
3528643743020,4964
3528643842943,5048
3528643942865,4973
3528644042787,4976
3528644142709,4978
3528644242631,5114
3528644342553,4969
3528644442475,4968
3528644542397,4970
3528644642319,4964
3528644742241,4978
3528644842163,4971
3528644942085,4971
3528645042007,4967
3528645141929,5039
3528645309888,73117
3528645409811,5179
3528645509734,5209
3528645609656,5167
3528645709578,5173
3528645809501,5171
3528645909423,5170
3528646009345,5168
3528646109267,5168
3528646209189,5170
3528646309111,5169
3528646409033,5165
3528646508955,5172
3528646608877,5176
3528646708799,4977
3528646808721,4964
3528646908643,4963
3528647008565,4965
3528647108487,4967
3528647208409,4965
3528647308331,4968
3528647408253,4967
3528647508175,4965
3528647608097,4973
3528647708020,4963
3528647807942,4966
3528647907864,4965
3528648007786,4967
3528648107708,4965
3528648207630,4967
3528648307552,4966
3528648407492,4961
3528648507414,4967
3528648607336,4963
3528648707258,4983
3528648807180,4961
3528648907102,4968
3528649007024,4962
3528649106946,4963
3528649206868,4967
3528649306790,4970
3528649406712,4963
3528649506634,4965
3528649606556,4966
3528649706478,4968
3528649806400,4970
3528649906322,4964
3528650006244,4967
3528650106166,4971
3528650206088,4965
3528650306011,4966
3528650405933,4966
3528650505855,4969
3528650605777,4962
3528650705699,5137
3528650805621,4970
3528650905543,4965
3528651005465,4966
3528651105387,4965
3528651205309,4962
3528651305231,4966
3528651405153,4962
3528651505075,4964
3528651604997,4966
3528651704919,5001
3528651804841,4969
3528651904763,4966
3528652004685,4963
3528652104607,4968
3528652204529,4965
3528652304451,4965
3528652404373,5076
3528652504295,4966
3528652604217,4965
3528652704139,4971
3528652804061,4966
3528652903983,4970
3528653003905,4980
3528653103827,4971
3528653203749,4983
3528653303671,4977
3528653403593,4964
3528653503515,4971
3528653603437,4967
3528653703359,5077
3528653803281,4973
3528653903203,4964
3528654003126,5281
3528654103048,4975
3528654202970,4981
3528654302892,4966
3528654402814,4965
3528654502736,4974
3528654602659,4972
3528654702581,5106
3528654802503,4969
3528654902425,4974
3528655002347,4966
3528655102269,4968
3528655202191,5057
3528655370099,73060
3528655470022,5177
3528655569945,5098
3528655669867,4968
3528655769789,4967
3528655869711,4970
3528655969633,4970
3528656069555,4972
3528656169477,4970
3528656269399,4971
3528656369321,4965
3528656469243,4968
3528656569165,4968
3528656669087,4981
3528656769009,4962
3528656868931,4973
3528656968853,4965
3528657068775,4968
3528657168697,4963
3528657268619,4965
3528657368541,4964
3528657468463,4965
3528657568385,4964
3528657668307,4963
3528657768229,4971
3528657868151,4967
3528657968073,4966
3528658067995,4966
3528658167917,4966
3528658267839,4969
3528658367761,4960
3528658467683,4967
3528658567605,4968
3528658667527,4976
3528658767449,4972
3528658867371,4963
3528658967293,4966
3528659067215,4964
3528659167137,4964
3528659267059,4969
3528659366981,4967
3528659466903,4969
3528659566825,4966
3528659666747,4965
3528659766669,4962
3528659866591,4964
3528659966513,4963
3528660066435,4964
3528660166357,4960
3528660266279,4968
3528660366201,4999
3528660466123,4965
3528660566045,4968
3528660665967,4987
3528660765889,4971
3528660865811,4961
3528660965733,4966
3528661065655,4963
3528661165577,4966
3528661265499,4965
3528661365421,4966
3528661465343,4964
3528661565265,4966
3528661665187,4963
3528661765109,4977
3528661865031,4964
3528661964953,4963
3528662064875,4962
3528662164797,4970
3528662264719,4962
3528662364641,4964
3528662464563,4966
3528662564485,4969
3528662664407,5020
3528662764329,4967
3528662864251,4970
3528662964173,4963
3528663064095,4964
3528663164017,4962
3528663263939,4969
3528663363861,4970
3528663463783,4971
3528663563705,4965
3528663663627,4964
3528663763549,4968
3528663863471,4972
3528663963393,4966
3528664063315,4966
3528664163237,4972
3528664263159,4971
3528664363081,4974
3528664463005,4970
3528664562927,4972
3528664662849,5003
3528664762772,4972
3528664862694,4968
3528664962616,4973
3528665062538,4971
3528665162460,4968
3528665262382,5040
3528665430304,73052
3528665530227,5178
3528665630149,5215
3528665730076,5174
3528665829998,5171
3528665929920,5168
3528666029842,5172
3528666129764,5179
3528666229686,5164
3528666329608,5167
3528666429531,5165
3528666529453,5164
3528666629375,5177
3528666729297,4984
3528666829219,4969
3528666929141,4977
3528667029063,4965
3528667128985,4971
3528667228907,4966
3528667328829,4957
3528667428751,4965
3528667528673,4967
3528667628595,4963
3528667728517,4965
3528667828439,4964
3528667928361,4971
3528668028283,4968
3528668128205,4963
3528668228127,4970
3528668328049,4969
3528668427971,4967
3528668527893,5014
3528668627815,4963
3528668727737,4982
3528668827659,4967
3528668927581,4961
3528669027503,5037
3528669127425,4975
3528669227347,4962
3528669327269,4963
3528669427191,4965
3528669527113,4979
3528669627035,4962
3528669726957,4964
3528669826879,4968
3528669926801,4965
3528670026723,4965
3528670126660,4965
3528670226582,4967
3528670326504,4964
3528670426426,4967
3528670526348,4962
3528670626270,4962
3528670726192,4976
3528670826114,4967
3528670926036,4961
3528671025958,4964
3528671125880,4963
3528671225802,4964
3528671325724,4963
3528671425646,4968
3528671525568,4967
3528671625490,4966
3528671725412,4965
3528671825334,4965
3528671925256,4966
3528672025178,4967
3528672125100,4974
3528672225022,4962
3528672324944,4963
3528672424866,4962
3528672524788,4966
3528672624710,4967
3528672724632,4971
3528672824554,4967
3528672924476,4966
3528673024398,4969
3528673124320,4972
3528673224242,4971
3528673324164,4963
3528673424086,4965
3528673524008,4958
3528673623930,4965
3528673723852,4967
3528673823774,4973
3528673923696,4966
3528674023618,4970
3528674123540,4967
3528674223462,4969
3528674323384,4972
3528674423306,4969
3528674523229,4976
3528674623151,4975
3528674723073,4983
3528674822995,4967
3528674922917,4973
3528675022839,4973
3528675122761,4967
3528675222683,4972
3528675322605,5042
3528675490487,73015
3528675590410,5187
3528675690333,5131
3528675790255,4970
3528675890177,4969
3528675990099,4972
3528676090021,4964
3528676189943,4965
3528676289865,4973
3528676389787,4995
3528676489709,4970
3528676589631,5173
3528676689553,5012
3528676789475,4968
3528676889397,4968
3528676989319,4965
3528677089241,4968
3528677189163,4968
3528677289085,4969
3528677389007,4962
3528677488929,4964
3528677588851,4963
3528677688773,5000
3528677788695,4968
3528677888617,4970
3528677988539,4965
3528678088461,4965
3528678188383,4966
3528678288305,4976
3528678388227,4966
3528678488149,4966
3528678588071,4962
3528678687993,5078
3528678787915,4965
3528678887837,4965
3528678987759,4967
3528679087681,4965
3528679187603,4962
3528679287525,4961
3528679387447,4963
3528679487369,4968
3528679587291,4960
3528679687213,5002
3528679787135,4979
3528679887057,4964
3528679986979,4963
3528680086901,4967
3528680186823,4964
3528680286745,4967
3528680386667,4971
3528680486589,4965
3528680586511,4959
3528680686433,5045
3528680786355,4967
3528680886277,4962
3528680986199,4968
3528681086121,5026
3528681186043,4966
3528681285965,4963
3528681385887,4968
3528681485809,4965
3528681585731,4966
3528681685653,5000
3528681785575,4966
3528681885497,4965
3528681985419,4964
3528682085341,4964
3528682185263,4972
3528682285185,4962
3528682385107,4966
3528682485029,4960
3528682584951,5122
3528682684873,5041
3528682784795,4968
3528682884717,4966
3528682984639,4965
3528683084561,4963
3528683184483,4968
3528683284405,4967
3528683384327,4964
3528683484249,4970
3528683584171,4965
3528683684093,4987
3528683784015,4962
3528683883937,4969
3528683983859,4968
3528684083781,4966
3528684183703,4966
3528684283625,4975
3528684383547,4971
3528684483469,4968
3528684583392,4975
3528684683315,4982
3528684783237,4972
3528684883159,4967
3528684983081,4971
3528685083004,4968
3528685182926,4970
3528685282848,4967
3528685382770,5039
3528685550679,73042
3528685650601,5272
3528685750524,5197
3528685850446,5170
3528685950368,5182
3528686050290,5174
3528686150212,5170
3528686250134,5167
3528686350056,5169
3528686449978,5183
3528686549900,5174
3528686649822,5165
3528686749744,4982
3528686849666,4964
3528686949588,4980
3528687049510,4968
3528687149432,4974
3528687249354,4971
3528687349276,4968
3528687449198,4982
3528687549120,4972
3528687649042,4970
3528687748964,4963
3528687848886,4965
3528687948808,4965
3528688048730,4963
3528688148652,4963
3528688248574,4966
3528688348496,4969
3528688448418,4967
3528688548340,4968
3528688648262,4965
3528688748184,5032
3528688848106,5011
3528688948028,4964
3528689047950,5083
3528689147872,5011
3528689247794,5016
3528689347716,5017
3528689447638,5017
3528689547560,4969
3528689647482,4965
3528689747404,5009
3528689847326,4961
3528689947248,4963
3528690047170,4965
3528690147092,4965
3528690247014,4964
3528690346936,4964
3528690446858,4964
3528690546780,4965
3528690646702,4969
3528690746624,4981
3528690846546,5014
3528690946468,4964
3528691046390,4969
3528691146312,4964
3528691246234,4964
3528691346156,4968
3528691446078,5001
3528691546003,4964
3528691645925,4963
3528691745863,4966
3528691845785,4964
3528691945707,4963
3528692045629,4965
3528692145551,4967
3528692245473,4963
3528692345395,4972
3528692445317,4968
3528692545239,4966
3528692645161,4965
3528692745083,4976
3528692845005,4963
3528692944927,4961
3528693044849,4967
3528693144771,4966
3528693244693,4966
3528693344615,4966
3528693444537,4965
3528693544459,4971
3528693644381,4965
3528693744303,4984
3528693844225,4966
3528693944147,4970
3528694044069,4966
3528694143991,4964
3528694243913,4971
3528694343835,4967
3528694443757,4969
3528694543679,4968
3528694643601,4967
3528694743524,4990
3528694843446,4972
3528694943368,4967
3528695043290,4967
3528695143212,4972
3528695243134,4969
3528695343056,4969
3528695442979,5043
3528695610543,72728
3528695710466,5168
3528695810388,4977
3528695910310,4969
3528696010232,4970
3528696110154,4969
3528696210076,5164
3528696309998,5169
3528696409920,5173
3528696509842,5172
3528696609764,5164
3528696709686,4990
3528696809608,4968
3528696909530,4967
3528697009452,4966
3528697109374,4968
3528697209296,4974
3528697309218,4967
3528697409140,4968
3528697509062,4969
3528697608984,4967
3528697708906,4964
3528697808828,4967
3528697908750,4963
3528698008672,4966
3528698108594,4967
3528698208516,4965
3528698308438,4957
3528698408360,4968
3528698508282,4963
3528698608204,4963
3528698708126,5070
3528698808048,4967
3528698907970,4968
3528699007892,4962
3528699107814,4967
3528699207736,4964
3528699307658,4964
3528699407580,4966
3528699507502,4965
3528699607424,4967
3528699707346,4968
3528699807268,4970
3528699907190,4964
3528700007112,4968
3528700107034,4963
3528700206956,4964
3528700306878,4962
3528700406800,4969
3528700506722,4964
3528700606644,4965
3528700706566,4968
3528700806488,4964
3528700906410,4965
3528701006332,4964
3528701106254,4963
3528701206176,4968
3528701306098,4962
3528701406020,4961
3528701505942,4962
3528701605864,4961
3528701705786,5138
3528701805708,4965
3528701905630,4962
3528702005552,4965
3528702105474,4967
3528702205396,4973
3528702305318,4964
3528702405240,4965
3528702505162,4967
3528702605084,4967
3528702705008,4967
3528702804930,4973
3528702904852,4966
3528703004774,4966
3528703104696,4961
3528703204618,4970
3528703304540,4963
3528703404462,4970
3528703504384,4965
3528703604306,4968
3528703704228,4968
3528703804150,4964
3528703904072,4967
3528704003994,4969
3528704103916,4975
3528704203838,4984
3528704303760,4965
3528704403682,4967
3528704503604,4969
3528704603526,4971
3528704703448,5097
3528704803370,4969
3528704903293,4972
3528705003215,4968
3528705103137,4975
3528705203059,4984
3528705302981,4973
3528705402903,4969
