355780037866,157441
355780137834,99950
355780237787,99950
355780337739,99950
355780437690,99950
355780537641,99950
355780637592,99950
355780737544,99950
355780837495,99950
355780937446,99950
355781037397,99950
355781137348,99950
355781237300,99950
355781337252,99950
355781437203,99950
355781537154,99950
355781637105,99950
355781737057,99950
355781837008,99950
355781936959,99950
355782036910,99950
355782136861,99950
355782236812,99950
355782336764,99950
355782436715,99950
355782536666,99950
355782636617,99950
355782736569,99950
355782836520,99950
355782936471,99950
355783036422,99950
355783136373,99950
355783236324,99950
355783336276,99950
355783436227,99950
355783536178,99950
355783636129,99950
355783736080,99950
355783836031,99950
355783935982,99950
355784035933,99950
355784135885,99950
355784235836,99950
355784335788,99951
355784435739,99950
355784535690,99950
355784635642,99951
355784735594,99950
355784835546,99950
355784935497,99950
355785035448,99950
355785135400,99950
355785235351,99950
355785335303,99950
355785435254,99950
355785535205,99950
355785635157,99950
355785735108,99950
355785835059,99957
355785935017,99950
355786034968,99950
355786134919,99950
355786234871,99950
355786334823,99950
355786434775,99950
355786534726,99950
355786634677,99950
355786734631,99950
355786834582,99950
355786934533,99950
355787034484,99950
355787134435,99950
355787234386,99950
355787334338,99951
355787434289,99950
355787534241,99950
355787634192,99950
355787734144,99951
355787834095,99950
355787934047,99951
355788033998,99950
355788133949,99950
355788233901,99950
355788333853,99950
355788433804,99950
355788533755,99950
355788633706,99950
355788733658,99951
355788833609,99950
355788933560,99950
355789033511,99950
355789133462,99950
355789233413,99950
355789333365,99951
355789433316,99950
355789533268,99951
355789633220,99950
355789733171,99950
355789833122,99950
355789933073,99950
355790033025,99951
355790166827,133801
355790266779,99950
355790366731,99950
355790466683,99951
355790566634,99950
355790666585,99950
355790766537,99951
355790866488,99950
355790966440,99950
355791066391,99950
355791166342,99950
355791266294,99950
355791366246,99950
355791466197,99950
355791566148,99950
355791666099,99950
355791766050,99950
355791866004,99950
355791965955,99950
355792065906,99950
355792165857,99950
355792265808,99950
355792365760,99950
355792465712,99950
355792565663,99950
355792665615,99951
355792765567,99950
355792865518,99950
355792965469,99950
355793065420,99950
355793165372,99950
355793265323,99950
355793365275,99950
355793465226,99950
355793565177,99950
355793665128,99950
355793765080,99950
355793865031,99950
355793964983,99950
355794064934,99950
355794164885,99950
355794264837,99950
355794364789,99950
355794464740,99950
355794564691,99950
355794664642,99950
355794764594,99950
355794864545,99950
355794964496,99950
355795064447,99950
355795164398,99950
355795264349,99950
355795364301,99950
355795464252,99950
355795564203,99950
355795664154,99950
355795764106,99950
355795864057,99950
355795964008,99950
355796063959,99950
355796163910,99950
355796263861,99950
355796363813,99950
355796463765,99951
355796563716,99950
355796663667,99950
355796763619,99951
355796863570,99950
355796963521,99950
355797063472,99950
355797163423,99950
355797263375,99950
355797363327,99951
355797463278,99950
355797563229,99950
355797663180,99950
355797763131,99950
355797863082,99950
355797963033,99950
355798062985,99950
355798162936,99950
355798262887,99950
355798362839,99950
355798462790,99950
355798562741,99950
355798662692,99950
355798762644,99951
355798862595,99950
355798962546,99950
355799062497,99950
355799162448,99950
355799262399,99950
355799362351,99950
355799462302,99950
355799562253,99950
355799662204,99950
355799762156,99951
355799862107,99950
355799962058,99950
355800062010,99950
355800195792,133781
355800295744,99950
355800395696,99950
355800495648,99950
355800595599,99950
355800695551,99950
355800795503,99950
355800895455,99951
355800995406,99950
355801095358,99951
355801195310,99950
355801295262,99950
355801395214,99951
355801495165,99950
355801595117,99950
355801695097,99950
355801795048,99950
355801895000,99951
355801994951,99950
355802094902,99950
355802194853,99950
355802294805,99950
355802394757,99950
355802494708,99950
355802594659,99950
355802694611,99950
355802794563,99951
355802894514,99950
355802994465,99950
355803094416,99950
355803194367,99950
355803294318,99950
355803394270,99951
355803494221,99950
355803594172,99950
355803694123,99950
355803794074,99950
355803894025,99950
355803993976,99950
355804093928,99951
355804193879,99950
355804293830,99950
355804393782,99950
355804493733,99950
355804593684,99950
355804693636,99951
355804793587,99950
355804893539,99951
355804993490,99950
355805093441,99950
355805193392,99950
355805293343,99950
355805393294,99950
355805493246,99950
355805593197,99950
355805693148,99950
355805793100,99951
355805893051,99952
355805993005,99950
355806092956,99950
355806192907,99950
355806292859,99950
355806392811,99950
355806492762,99950
355806592714,99951
355806692665,99950
355806792617,99951
355806892568,99950
355806992519,99950
355807092470,99950
355807192421,99950
355807292372,99950
355807392324,99950
355807492276,99950
355807592227,99950
355807692178,99950
355807792129,99950
355807892080,99950
355807992031,99950
355808091982,99950
355808191933,99950
355808291884,99950
355808391836,99951
355808491787,99950
355808591738,99950
355808691689,99950
355808791641,99950
355808891592,99950
355808991543,99950
355809091494,99950
355809191445,99950
355809291396,99950
355809391348,99951
355809491300,99950
355809591251,99950
355809691202,99950
355809791153,99950
355809891104,99950
355809991055,99950
355810091007,99951
355810224754,133746
355810324706,99950
355810424658,99950
355810524610,99951
355810624561,99950
355810724513,99950
355810824464,99950
355810924415,99950
355811024366,99950
355811124317,99950
355811224269,99950
355811324220,99950
355811424172,99950
355811524123,99950
355811624074,99950
355811724026,99950
355811823977,99950
355811923928,99950
355812023879,99950
355812123830,99950
355812223781,99950
355812323732,99950
355812423684,99951
355812523635,99950
355812623586,99950
355812723538,99950
355812823489,99950
355812923440,99950
355813023391,99950
355813123342,99950
355813223294,99951
355813323245,99950
355813423197,99951
355813523148,99950
355813623099,99950
355813723050,99953
355813823005,99951
355813922956,99950
355814022907,99950
355814122858,99950
355814222809,99950
355814322761,99950
355814422713,99950
355814522664,99950
355814622615,99950
355814722567,99950
355814822518,99950
355814922469,99950
355815022421,99950
355815122372,99950
355815222323,99950
355815322274,99950
355815422226,99950
355815522177,99950
355815622128,99950
355815722079,99950
355815822031,99950
355815921982,99950
355816021933,99950
355816121884,99950
355816221835,99950
355816321786,99950
355816421738,99951
355816521690,99951
355816621641,99950
355816721593,99950
355816821544,99950
355816921495,99950
355817021447,99951
355817121398,99950
355817221349,99950
355817321300,99950
355817421252,99950
355817521203,99950
355817621154,99950
355817721105,99950
355817821057,99950
355817921008,99950
355818020959,99950
355818120910,99950
355818220861,99950
355818320813,99950
355818420765,99950
355818520716,99950
355818620668,99950
355818720620,99950
355818820571,99950
355818920522,99950
355819020475,99950
355819120426,99950
355819220377,99950
355819320329,99950
355819420280,99950
355819520232,99950
355819620183,99950
355819720134,99950
355819820085,99950
355819920036,99950
355820019987,99950
355820119939,99950
355820254230,134290
355820354182,99950
355820454133,99950
355820554085,99951
355820654037,99950
355820753990,99950
355820853941,99950
355820953893,99951
355821053845,99951
355821153796,99950
355821253748,99950
355821353700,99950
355821453651,99950
355821553602,99950
355821653553,99950
355821753504,99950
355821853455,99950
355821953406,99950
355822053357,99950
355822153308,99950
355822253260,99951
355822353212,99950
355822453163,99950
355822553114,99950
355822653066,99951
355822753018,99950
355822852970,99951
355822952921,99950
355823052873,99950
355823152824,99950
355823252796,99950
355823352748,99950
355823452700,99950
355823552651,99950
355823652602,99950
355823752553,99950
355823852504,99950
355823952455,99950
355824052406,99950
355824152358,99951
355824252310,99950
355824352262,99951
355824452213,99950
355824552164,99950
355824652115,99950
355824752066,99950
355824852017,99950
355824951968,99950
355825051919,99950
355825151871,99951
355825251822,99950
355825351774,99951
355825451725,99950
355825551676,99950
355825651627,99950
355825751578,99950
355825851529,99950
355825951480,99950
355826051431,99950
355826151382,99950
355826251333,99950
355826351285,99950
355826451236,99950
355826551188,99950
355826651139,99950
355826751090,99950
355826851041,99950
355826950993,99950
355827050945,99950
355827150896,99950
355827250847,99950
355827350799,99950
355827450750,99950
355827550701,99950
355827650653,99950
355827750604,99950
355827850555,99950
355827950506,99950
355828050458,99950
355828150410,99951
355828250361,99950
355828350313,99951
355828450264,99950
355828550215,99950
355828650167,99950
355828750119,99951
355828850070,99950
355828950021,99950
355829049972,99950
355829149924,99950
355829249875,99950
355829349827,99951
355829449778,99950
355829549729,99950
355829649680,99950
355829749632,99951
355829849583,99950
355829949535,99950
355830049486,99950
355830149438,99951
355830282678,133238
355830382630,99950
355830482581,99950
355830582533,99951
355830682485,99950
355830782436,99950
355830882387,99950
355830982339,99950
355831082290,99950
355831182241,99950
355831282193,99950
355831382145,99950
355831482096,99950
355831582047,99950
355831681998,99950
355831781950,99950
355831881901,99950
355831981852,99950
355832081803,99950
355832181754,99950
355832281706,99951
355832381658,99950
355832481609,99950
355832581561,99950
355832681513,99951
355832781464,99950
355832881415,99950
355832981367,99950
355833081318,99950
355833181269,99950
355833281221,99950
355833381173,99950
355833481124,99950
355833581075,99950
355833681026,99950
355833780978,99950
355833880929,99950
355833980880,99950
355834080831,99950
355834180782,99950
355834280734,99950
355834380686,99950
355834480638,99950
355834580589,99950
355834680540,99950
355834780491,99950
355834880442,99950
355834980393,99950
355835080344,99950
355835180296,99951
355835280247,99950
355835380199,99950
355835480150,99950
355835580101,99950
355835680052,99951
355835780005,99950
355835879957,99950
355835979909,99950
355836079860,99950
355836179811,99950
355836279763,99951
355836379715,99950
355836479666,99950
355836579617,99950
355836679569,99950
355836779521,99951
355836879472,99950
355836979423,99950
355837079375,99951
355837179327,99951
355837279278,99950
355837379230,99951
355837479182,99951
355837579133,99950
355837679084,99950
355837779035,99950
355837878986,99950
355837978937,99950
355838078888,99950
355838178839,99950
355838278791,99950
355838378743,99950
355838478694,99950
355838578645,99950
355838678597,99951
355838778548,99950
355838878499,99950
355838978450,99950
355839078401,99950
355839178352,99950
355839278304,99951
355839378256,99950
355839478207,99950
355839578158,99950
355839678110,99951
355839778061,99950
355839878013,99950
355839977964,99950
355840077916,99950
355840177868,99950
355840311759,133890
355840411711,99950
355840511662,99950
355840611613,99950
355840711565,99950
355840811517,99951
355840911469,99950
355841011420,99950
355841111372,99950
355841211324,99950
355841311275,99950
355841411227,99951
355841511178,99950
355841611129,99950
355841711081,99950
355841811033,99951
355841910984,99950
355842010935,99950
355842110886,99950
355842210837,99950
355842310789,99950
355842410741,99950
355842510692,99950
355842610643,99950
355842710595,99950
355842810546,99950
355842910497,99950
355843010449,99950
355843110400,99950
355843210352,99950
355843310303,99950
355843410255,99950
355843510206,99950
355843610157,99950
355843710108,99950
355843810059,99950
355843910010,99950
355844009961,99950
355844109912,99950
355844209863,99950
355844309814,99950
355844409766,99950
355844509717,99950
355844609669,99951
355844709621,99951
355844809572,99950
355844909544,99950
355845009495,99950
355845109446,99950
355845209397,99950
355845309348,99950
355845409300,99950
355845509251,99950
355845609202,99950
355845709153,99950
355845809104,99950
355845909055,99950
355846009006,99950
355846108957,99950
355846208908,99950
355846308860,99950
355846408812,99950
355846508763,99950
355846608715,99951
355846708667,99950
355846808619,99951
355846908571,99950
355847008522,99950
355847108473,99950
355847208425,99951
355847308377,99950
355847408329,99950
355847508280,99950
355847608232,99950
355847708184,99950
355847808135,99950
355847908086,99950
355848008037,99950
355848107989,99950
355848207941,99961
355848307903,99950
355848407855,99950
355848507806,99950
355848607757,99950
355848707709,99950
355848807661,99950
355848907612,99950
355849007564,99951
355849107515,99950
355849207467,99950
355849307418,99950
355849407370,99950
355849507322,99950
355849607274,99950
355849707225,99950
355849807176,99950
355849907127,99950
355850007078,99950
355850107029,99950
355850206981,99950
355850341053,134070
355850441006,99951
355850540958,99952
355850640912,99950
355850740864,99950
355850840816,99951
355850940767,99950
355851040719,99950
355851140671,99951
355851240623,99950
355851340575,99950
355851440527,99950
355851540478,99950
355851640429,99950
355851740381,99950
355851840333,99951
355851940284,99950
355852040236,99951
355852140188,99950
355852240140,99950
355852340092,99950
355852440043,99950
355852539995,99951
355852639946,99950
355852739898,99950
355852839849,99950
355852939801,99951
355853039753,99950
355853139705,99950
355853239657,99950
355853339609,99950
355853439560,99950
355853539511,99950
355853639462,99950
355853739414,99950
355853839365,99950
355853939316,99950
355854039267,99950
355854139218,99950
355854239170,99951
355854339122,99950
355854439073,99950
355854539024,99950
355854638975,99950
355854738927,99950
355854838878,99950
355854938829,99954
355855038785,99950
355855138736,99950
355855238688,99950
355855338640,99950
355855438591,99950
355855538543,99951
355855638494,99950
355855738445,99950
355855838396,99950
355855938348,99950
355856038299,99950
355856138250,99950
355856238202,99950
355856338154,99950
355856438105,99950
355856538056,99950
355856638008,99950
355856737960,99950
355856837911,99950
355856937863,99951
355857037814,99950
355857137765,99950
355857237716,99950
355857337668,99950
355857437620,99950
355857537571,99950
355857637523,99950
355857737474,99950
355857837425,99950
355857937376,99950
355858037327,99950
355858137279,99950
355858237230,99950
355858337182,99950
355858437134,99951
355858537086,99950
355858637038,99951
355858736990,99950
355858836942,99951
355858936893,99950
355859036844,99950
355859136795,99950
355859236746,99950
355859336698,99950
355859436649,99950
355859536600,99950
355859636551,99950
355859736502,99950
355859836453,99950
355859936404,99950
355860036356,99950
355860136307,99950
355860236259,99950
355860370521,134260
355860470473,99950
355860570425,99951
355860670377,99950
355860770328,99950
355860870280,99951
355860970231,99950
355861070182,99950
355861170133,99950
355861270085,99950
355861370037,99950
355861469988,99950
355861569940,99950
355861669891,99950
355861769842,99950
355861869793,99950
355861969744,99950
355862069695,99950
355862169646,99950
355862269598,99950
355862369550,99950
355862469501,99950
355862569452,99950
355862669404,99950
355862769355,99950
355862869306,99950
355862969257,99950
355863069208,99950
355863169159,99950
355863269110,99950
355863369062,99950
355863469014,99951
355863568965,99950
355863668916,99950
355863768867,99950
355863868818,99950
355863968769,99950
355864068720,99950
355864168672,99950
355864268623,99950
355864368575,99951
355864468526,99950
355864568477,99950
355864668429,99950
355864768380,99950
355864868331,99950
355864968282,99950
355865068233,99950
355865168184,99950
355865268135,99950
355865368086,99950
355865468037,99950
355865567988,99950
355865667940,99950
355865767891,99950
355865867842,99950
355865967793,99950
355866067744,99950
355866167696,99950
355866267648,99950
355866367600,99951
355866467570,99950
355866567521,99950
355866667472,99950
355866767424,99950
355866867376,99950
355866967327,99950
355867067278,99950
355867167230,99951
355867267181,99950
355867367133,99950
355867467084,99950
355867567036,99950
355867666988,99950
355867766940,99950
355867866891,99950
355867966842,99950
355868066793,99950
355868166745,99950
355868266696,99950
355868366648,99951
355868466599,99950
355868566550,99950
355868666502,99951
355868766454,99950
355868866405,99950
355868966357,99951
355869066308,99950
355869166259,99950
355869266210,99950
355869366162,99950
355869466113,99950
355869566065,99950
355869666017,99951
355869765969,99951
355869865920,99950
355869965871,99950
355870065822,99950
355870165773,99950
355870265725,99950
355870399725,133998
355870499677,99950
355870599628,99950
355870699580,99950
355870799531,99950
355870899482,99950
355870999433,99950
355871099385,99950
355871199337,99950
355871299289,99951
355871399241,99950
355871499193,99950
355871599144,99950
355871699095,99950
355871799046,99950
355871898998,99951
355871998949,99950
355872098900,99950
355872198851,99950
355872298803,99950
355872398755,99951
355872498706,99950
355872598658,99951
355872698610,99951
355872798561,99950
355872898512,99950
355872998464,99951
355873098415,99950
355873198366,99950
355873298317,99950
355873398269,99951
355873498220,99950
355873598171,99950
355873698123,99950
355873798074,99950
355873898025,99950
355873997976,99950
355874097927,99950
355874197878,99950
355874297830,99951
355874397782,99951
355874497734,99950
355874597685,99950
355874697637,99950
355874797588,99950
355874897539,99950
355874997490,99950
355875097441,99950
355875197393,99951
355875297344,99950
355875397296,99951
355875497247,99950
355875597199,99951
355875697150,99950
355875797102,99950
355875897054,99950
355875997006,99951
355876096957,99950
355876196908,99950
355876296859,99950
355876396811,99950
355876496763,99950
355876596714,99950
355876696668,99950
355876796619,99950
355876896570,99950
355876996521,99950
355877096472,99950
355877196424,99950
355877296375,99950
355877396327,99950
355877496278,99950
355877596229,99950
355877696180,99950
355877796132,99950
355877896084,99950
355877996036,99950
355878095987,99950
355878195938,99950
355878295890,99950
355878395842,99950
355878495793,99950
355878595745,99950
355878695697,99950
355878795649,99951
355878895600,99950
355878995552,99950
355879095503,99950
355879195454,99950
355879295406,99950
355879395358,99950
355879495309,99950
355879595260,99950
355879695211,99950
355879795163,99950
355879895114,99950
355879995066,99950
355880095017,99950
