2424362536297,112563
2424362636265,480
2424362736222,483
2424362836175,481
2424362936128,483
2424363036080,482
2424363136032,389
2424363235984,392
2424363335936,392
2424363435888,392
2424363535840,393
2424363635792,393
2424363735744,392
2424363835697,394
2424363935649,392
2424364035601,390
2424364135553,388
2424364235505,388
2424364335457,388
2424364435409,388
2424364535361,390
2424364635313,388
2424364735265,389
2424364835217,389
2424364935169,389
2424365035121,388
2424365135073,388
2424365235025,388
2424365334977,392
2424365434929,393
2424365534881,392
2424365634833,392
2424365734785,392
2424365834738,393
2424365934690,392
2424366034642,392
2424366134594,388
2424366234546,388
2424366334498,389
2424366434450,388
2424366534402,390
2424366634354,388
2424366734306,389
2424366834258,389
2424366934210,388
2424367034162,388
2424367134114,388
2424367234066,388
2424367334018,389
2424367433971,441
2424367600094,66591
2424367700047,404
2424367799999,408
2424367899951,392
2424367999903,393
2424368099855,392
2424368199807,393
2424368299759,392
2424368399711,392
2424368499663,392
2424368599615,392
2424368699567,388
2424368799519,388
2424368899471,389
2424368999423,389
2424369099375,389
2424369199327,389
2424369299279,388
2424369399231,388
2424369499183,389
2424369599135,389
2424369699087,389
2424369799040,390
2424369898992,391
2424369998944,392
2424370098896,392
2424370198848,391
2424370298800,392
2424370398752,392
2424370498704,396
2424370598656,392
2424370698609,390
2424370798561,389
2424370898513,388
2424370998465,389
2424371098417,389
2424371198369,389
2424371298321,388
2424371398273,388
2424371498225,404
2424371598177,389
2424371698129,389
2424371798081,389
2424371898033,388
2424371997985,391
2424372097937,391
2424372197889,391
2424372297841,392
2424372397793,392
2424372497745,420
2424372663881,66618
2424372763834,409
2424372863786,395
2424372963738,396
2424373063690,394
2424373163642,394
2424373263594,388
2424373363546,388
2424373463498,388
2424373563450,388
2424373663402,388
2424373763354,389
2424373863306,388
2424373963258,387
2424374063210,390
2424374163162,390
2424374263114,388
2424374363066,389
2424374463018,388
2424374562970,398
2424374662922,391
2424374762874,393
2424374862826,391
2424374962778,390
2424375062730,392
2424375162682,391
2424375262634,392
2424375362586,387
2424375462538,388
2424375562490,388
2424375662442,388
2424375762394,388
2424375862346,388
2424375962298,388
2424376062250,388
2424376162202,388
2424376262154,389
2424376362106,388
2424376462058,388
2424376562010,389
2424376661962,413
2424376761914,392
2424376861866,391
2424376961818,391
2424377061770,392
2424377161722,393
2424377261674,392
2424377361626,391
2424377461578,389
2424377561530,389
2424377727522,66459
2424377827475,405
2424377927427,404
2424378027379,404
2424378127331,389
2424378227283,389
2424378327235,388
2424378427187,389
2424378527139,389
2424378627091,388
2424378727043,389
2424378826995,391
2424378926947,392
2424379026899,392
2424379126851,391
2424379226803,393
2424379326755,391
2424379426707,391
2424379526659,393
2424379626611,388
2424379726563,389
2424379826515,389
2424379926467,388
2424380026419,388
2424380126371,389
2424380226323,388
2424380326275,388
2424380426227,397
2424380526179,389
2424380626131,389
2424380726083,388
2424380826035,388
2424380925987,392
2424381025939,392
2424381125891,392
2424381225843,392
2424381325795,391
2424381425747,392
2424381525699,392
2424381625651,393
2424381725603,388
2424381825555,389
2424381925507,389
2424382025459,390
2424382125411,388
2424382225363,389
2424382325315,387
2424382425267,389
2424382525219,388
2424382625171,390
2424382791114,66416
2424382891067,440
2424382991019,388
2424383090971,392
2424383190923,392
2424383290875,392
2424383390827,391
2424383490779,408
2424383590731,407
2424383690683,407
2424383790635,409
2424383890587,404
2424383990539,405
2424384090491,404
2424384190443,405
2424384290395,391
2424384390347,388
2424384490299,389
2424384590251,388
2424384690203,389
2424384790155,388
2424384890107,388
2424384990059,388
2424385090011,388
2424385189963,392
2424385289915,392
2424385389867,392
2424385489840,393
2424385589792,393
2424385689744,392
2424385789696,393
2424385889648,391
2424385989600,388
2424386089552,389
2424386189504,388
2424386289456,388
2424386389408,388
2424386489360,388
2424386589312,388
2424386689264,426
2424386789216,388
2424386889168,388
2424386989120,388
2424387089072,388
2424387189024,389
2424387288976,391
2424387388928,392
2424387488880,392
2424387588832,393
2424387688784,424
2424387854649,66350
2424387954602,408
2424388054554,404
2424388154506,404
2424388254458,404
2424388354410,404
2424388454362,388
2424388554314,389
2424388654266,388
2424388754219,453
2424388854171,389
2424388954123,389
2424389054075,388
2424389154027,388
2424389253979,394
2424389353931,395
2424389453883,408
2424389553837,394
2424389653789,395
2424389753741,398
2424389853693,395
2424389953645,407
2424390053597,388
2424390153549,388
2424390253501,388
2424390353453,389
2424390453405,389
2424390553357,389
2424390653310,411
2424390753262,389
2424390853214,388
2424390953166,388
2424391053118,412
2424391153070,388
2424391253022,388
2424391352974,396
2424391452926,391
2424391552878,392
2424391652830,392
2424391752782,393
2424391852734,392
2424391952686,391
2424392052638,392
2424392152590,388
2424392252542,390
2424392352494,389
2424392452446,389
2424392552398,389
2424392652350,387
2424392752303,390
2424392917941,66110
2424393017893,407
2424393117845,392
2424393217797,393
2424393317749,392
2424393417701,392
2424393517653,391
2424393617605,389
2424393717557,388
2424393817509,389
2424393917461,388
2424394017413,389
2424394117365,391
2424394217317,388
2424394317269,388
2424394417221,388
2424394517173,390
2424394617125,695
2424394717078,388
2424394817030,388
2424394916982,392
2424395016934,392
2424395116886,392
2424395216838,392
2424395316790,391
2424395416742,393
2424395516694,392
2424395616646,392
2424395716598,389
2424395816550,388
2424395916502,388
2424396016454,388
2424396116406,388
2424396216358,389
2424396316310,388
2424396416262,389
2424396516214,389
2424396616166,389
2424396716118,388
2424396816070,388
2424396916022,388
2424397015974,392
2424397115926,393
2424397215878,393
2424397315830,413
2424397415782,391
2424397515734,392
2424397615686,392
2424397715638,392
2424397815591,389
2424397981224,66106
2424398081176,405
2424398181128,404
2424398281080,406
2424398381032,404
2424398480984,407
2424398580936,408
2424398680888,408
2424398780840,393
2424398880792,392
2424398980744,390
2424399080696,392
2424399180648,392
2424399280600,388
2424399380552,388
2424399480504,388
2424399580456,389
2424399680408,388
2424399780360,389
2424399880312,389
2424399980264,388
2424400080216,389
2424400180168,388
2424400280120,389
2424400380072,388
2424400480024,389
2424400579976,392
2424400679928,392
2424400779880,392
2424400879832,391
2424400979784,392
2424401079736,392
2424401179688,393
2424401279640,392
2424401379592,388
2424401479544,388
2424401579496,388
2424401679448,389
2424401779400,390
2424401879352,389
2424401979304,389
2424402079256,389
2424402179208,389
2424402279160,388
2424402379112,388
2424402479064,389
2424402579016,388
2424402678968,392
2424402778920,392
2424402878872,430
2424403044824,66431
2424403144776,407
2424403244728,395
2424403344680,392
2424403444632,392
2424403544584,388
2424403644536,389
2424403744488,425
2424403844440,389
2424403944392,389
2424404044344,388
2424404144296,388
2424404244248,388
2424404344200,388
2424404444152,388
2424404544104,389
2424404644056,390
2424404744017,389
2424404843969,395
2424404943921,394
2424405043873,395
2424405143825,394
2424405243777,394
2424405343729,394
2424405443681,395
2424405543633,395
2424405643585,389
2424405743537,388
2424405843489,389
2424405943441,388
2424406043393,389
2424406143345,389
2424406243297,388
2424406343249,388
2424406443201,388
2424406543153,389
2424406643105,388
2424406743057,388
2424406843009,389
2424406942961,392
2424407042913,392
2424407142865,391
2424407242817,393
2424407342769,393
2424407442721,392
2424407542673,398
2424407642625,391
2424407742577,388
2424407842529,388
2424407942481,389
2424408108452,66441
2424408208404,404
2424408308356,404
2424408408308,406
2424408508279,405
2424408608231,404
2424408708183,389
2424408808135,388
2424408908087,389
2424409008039,388
2424409107991,391
2424409207944,410
2424409307896,408
2424409407848,408
2424409507800,407
2424409607752,408
2424409707704,409
2424409807657,408
2424409907609,407
2424410007561,404
2424410107513,404
2424410207465,404
2424410307417,403
2424410407369,405
2424410507321,404
2424410607273,389
2424410707226,389
2424410807178,389
2424410907130,388
2424411007082,389
2424411107034,388
2424411206986,392
2424411306938,392
2424411406890,391
2424411506842,392
2424411606794,392
2424411706746,392
2424411806698,392
2424411906650,392
2424412006602,388
2424412106554,388
2424412206506,387
2424412306458,388
2424412406410,389
2424412506362,388
2424412606314,389
2424412706266,389
2424412806218,388
2424412906170,388
