3535224808934,397420
3535224908868,10137
3535225008791,10124
3535225108713,10123
3535225208635,10838
3535225308557,10538
3535225408479,10523
3535225508401,10564
3535225608323,10210
3535225708245,10223
3535225808167,10172
3535225908089,10203
3535226008011,10199
3535226107933,10201
3535226207855,10199
3535226307777,10196
3535226407699,10234
3535226507622,10199
3535226607544,10205
3535226707467,10242
3535226807389,10211
3535226907311,10215
3535227007233,10180
3535227107155,10216
3535227207077,10206
3535227306999,10247
3535227406921,10167
3535227506843,10393
3535227606765,10201
3535227706688,10206
3535227806610,10159
3535227906532,10197
3535228006454,10234
3535228106376,10200
3535228206298,10194
3535228306220,10195
3535228406142,10191
3535228506064,10202
3535228605986,10166
3535228705909,10221
3535228805831,10208
3535228905753,10228
3535229005675,10162
3535229105597,10157
3535229205520,10206
3535229305442,10204
3535229405364,10166
3535229505287,10178
3535229605209,10214
3535229705131,10552
3535229805054,10224
3535229904977,10188
3535230004899,10223
3535230104821,10201
3535230204743,10161
3535230304665,10199
3535230404587,10196
3535230504509,10233
3535230604431,10163
3535230704366,10197
3535230804288,10204
3535230904210,10201
3535231004132,10186
3535231104054,10160
3535231203976,10211
3535231303898,10197
3535231403820,10237
3535231503742,10391
3535231603664,10397
3535231703586,10256
3535231803508,10196
3535231903430,10158
3535232003361,10201
3535232103283,10244
3535232203205,10231
3535232303127,10203
3535232403049,10219
3535232502971,10214
3535232602894,10218
3535232702816,10212
3535232802738,10200
3535232902660,10196
3535233002582,10231
3535233102504,10161
3535233202426,10223
3535233302348,10391
3535233402270,10380
3535233502192,10186
3535233602114,10184
3535233702036,10235
3535233801958,10197
3535233901880,10193
3535234001802,10162
3535234101724,10195
3535234201646,10205
3535234301568,10159
3535234401490,10190
3535234501413,10269
3535234870849,279817
3535234970772,10198
3535235070694,10393
3535235170616,10229
3535235270538,10614
3535235370460,10641
3535235470383,10556
3535235570305,10591
3535235670227,10200
3535235770149,10190
3535235870071,10166
3535235969993,10182
3535236069915,10211
3535236169837,10207
3535236269759,10577
3535236369681,10674
3535236469603,10606
3535236569525,10595
3535236669447,10597
3535236769369,10184
3535236869291,10213
3535236969213,10214
3535237069135,10166
3535237169069,10379
3535237268991,10219
3535237368913,10208
3535237468835,10389
3535237568757,10385
3535237668679,10390
3535237768601,10202
3535237868523,10162
3535237968445,10161
3535238068367,10200
3535238168289,10192
3535238268211,10187
3535238368133,10165
3535238468055,10203
3535238567977,10196
3535238667899,10242
3535238767822,10407
3535238867744,10384
3535238967666,10238
3535239067588,10201
3535239167510,10158
3535239267432,10231
3535239367357,10194
3535239467279,10212
3535239567201,10184
3535239667123,10203
3535239767045,10219
3535239866967,10219
3535239966890,10623
3535240066813,10238
3535240166735,10193
3535240266657,10190
3535240366579,10194
3535240466501,10234
3535240566423,10229
3535240666357,10275
3535240766279,10208
3535240866201,10210
3535240966123,10188
3535241066045,10224
3535241165967,10198
3535241265889,10234
3535241365811,10225
3535241465733,10392
3535241565655,10384
3535241665577,10385
3535241765499,10202
3535241865421,10230
3535241965356,10192
3535242065278,10244
3535242165200,10238
3535242265122,10291
3535242365044,10218
3535242464966,10253
3535242564888,10207
3535242664810,10282
3535242764732,10040
3535242864654,10026
3535242964576,10019
3535243064498,10032
3535243164420,10037
3535243264342,10027
3535243364264,10020
3535243464186,10021
3535243564108,10023
3535243664030,10012
3535243763952,10014
3535243863874,10017
3535243963797,10017
3535244063719,10012
3535244163641,10011
3535244263563,10020
3535244363486,10014
3535244463408,10021
3535244563331,10068
3535244929331,276202
3535245029254,10061
3535245129176,9986
3535245229098,10271
3535245329020,10487
3535245428943,10379
3535245528865,10415
3535245628787,10381
3535245728710,10398
3535245828654,10000
3535245928576,9983
3535246028498,10054
3535246128420,9988
3535246228342,9980
3535246328264,9986
3535246428186,9989
3535246528108,10086
3535246628030,10002
3535246727953,10060
3535246827875,10033
3535246927797,10033
3535247027719,10069
3535247127641,10211
3535247227563,10024
3535247327485,10027
3535247427407,10032
3535247527329,10036
3535247627251,10036
3535247727173,10034
3535247827095,10027
3535247927017,10022
3535248026939,10053
3535248126861,10029
3535248226783,10026
3535248326705,10046
3535248426628,10044
3535248526550,9987
3535248626472,9980
3535248726395,10049
3535248826317,10022
3535248926239,10029
3535249026161,10035
3535249126083,10028
3535249226005,10211
3535249325928,10019
3535249425850,10100
3535249525772,10039
3535249625694,10015
3535249725616,10029
3535249825538,10033
3535249925460,10022
3535250025382,10042
3535250125305,10030
3535250225228,10025
3535250325150,10019
3535250425072,10091
3535250524994,10063
3535250624916,10026
3535250724839,10314
3535250824762,10232
3535250924684,10230
3535251024606,10262
3535251124528,10225
3535251224450,10226
3535251324372,10225
3535251424294,10397
3535251524216,10424
3535251624138,10383
3535251724065,10290
3535251823987,10268
3535251923909,10267
3535252023831,10305
3535252123753,10274
3535252223675,10454
3535252323597,10271
3535252423519,10330
3535252523441,10311
3535252623363,10302
3535252723285,10016
3535252823207,9991
3535252923129,9996
3535253023051,10029
3535253122973,10008
3535253222895,9985
3535253322817,9990
3535253422739,10071
3535253522661,9988
3535253622583,9980
3535253722505,10179
3535253822427,10167
3535253922349,10161
3535254022271,10164
3535254122193,10161
3535254222115,10158
3535254322037,10161
3535254421959,10227
3535254521881,10176
3535254621804,10241
3535254990263,278858
3535255090185,10162
3535255190108,10259
3535255290030,10158
3535255389952,10808
3535255489875,10560
3535255589798,10565
3535255689721,10563
3535255789643,10302
3535255889565,10158
3535255989487,10164
3535256089409,10160
3535256189332,10182
3535256289254,10177
3535256389177,10172
3535256489100,10170
3535256589022,10179
3535256688944,10368
3535256788866,10176
3535256888788,10166
3535256988710,10162
3535257088632,10333
3535257188554,10170
3535257288476,10162
3535257388398,10164
3535257488320,10162
3535257588242,10160
3535257688164,10197
3535257788086,10162
3535257888008,10161
3535257987930,10172
3535258087852,10165
3535258187774,10161
3535258287696,10161
3535258387618,10159
3535258487540,10161
3535258587462,10311
3535258687384,10119
3535258787306,10011
3535258887228,9992
3535258987150,9984
3535259087072,9979
3535259186994,9982
3535259286916,10004
3535259386838,9992
3535259486760,9986
3535259586682,9992
3535259686604,10025
3535259786526,9986
3535259886448,9988
3535259986370,10023
3535260086292,9996
3535260186214,9995
3535260286137,9993
3535260386060,10020
3535260485983,9990
3535260585905,9989
3535260685828,10303
3535260785750,10210
3535260885672,10165
3535260985594,10167
3535261085516,10160
3535261185438,10208
3535261285360,10166
3535261385283,10179
3535261485205,10172
3535261585127,10167
3535261685049,10291
3535261784971,10179
3535261884893,10157
3535261984815,10160
3535262084737,10160
3535262184659,10226
3535262284581,10162
3535262384503,10165
3535262484425,10160
3535262584347,10162
3535262684269,10085
3535262784191,10009
3535262884113,9991
3535262984035,9994
3535263083957,9983
3535263183879,10003
3535263283801,9994
3535263383723,9990
3535263483645,9984
3535263583567,9991
3535263683489,10019
3535263783411,9990
3535263883333,9988
3535263983255,9984
3535264083177,9984
3535264183099,9988
3535264283021,9986
3535264382943,10049
3535264482865,9986
3535264582787,9994
3535264682710,10292
3535265051684,279338
3535265151606,10207
3535265251528,10159
3535265351450,10149
3535265451373,10600
3535265551295,10816
3535265651217,10648
3535265751140,10580
3535265851075,10594
3535265950997,10614
3535266050919,10629
3535266150841,10608
3535266250763,10603
3535266350685,10624
3535266450607,10631
3535266550529,10578
3535266650451,10629
3535266750373,10020
3535266850295,9989
3535266950217,10003
3535267050160,9995
3535267150082,9991
3535267250004,9977
3535267349926,9984
3535267449848,10003
3535267549770,9986
3535267649692,9979
3535267749614,9987
3535267849536,9999
3535267949458,10003
3535268049380,9990
3535268149302,9985
3535268249224,9985
3535268349146,9987
3535268449068,10000
3535268548990,9987
3535268648912,10069
3535268748834,10194
3535268848756,10157
3535268948678,10177
3535269048600,10161
3535269148522,10223
3535269248444,10158
3535269348366,10155
3535269448288,10294
3535269548210,10388
3535269648132,10164
3535269748054,10199
3535269847976,10165
3535269947898,10174
3535270047820,10193
3535270147742,10157
3535270247664,10163
3535270347586,10163
3535270447509,10242
3535270547431,10460
3535270647365,10240
3535270747287,10015
3535270847209,9991
3535270947131,9994
3535271047053,9995
3535271146975,9984
3535271246897,9981
3535271346819,9989
3535271446741,9998
3535271546663,9987
3535271646585,9986
3535271746507,9983
3535271846429,9990
3535271946351,9996
3535272046273,9981
3535272146195,9982
3535272246117,9989
3535272346039,10031
3535272445961,10006
3535272545883,9989
3535272645805,10033
3535272745727,10235
3535272845649,10162
3535272945571,10171
3535273045493,10194
3535273145415,10216
3535273245337,10176
3535273345259,10176
3535273445181,10237
3535273545104,10519
3535273645026,10182
3535273744948,10212
3535273844870,10164
3535273944792,10175
3535274044714,10160
3535274144636,10155
3535274244558,10169
3535274344480,10166
3535274444402,10254
3535274544324,10160
3535274644246,10219
3535274744170,10081
3535275110025,276022
3535275209948,9984
3535275309870,9994
3535275409792,9984
3535275509714,10375
3535275609636,10376
3535275709559,10378
3535275809481,10374
3535275909403,9995
3535276009325,9989
3535276109247,9996
3535276209169,9990
3535276309091,9990
3535276409013,9983
3535276508935,9988
3535276608857,10387
3535276708781,10244
3535276808703,10196
3535276908625,10233
3535277008547,10184
3535277108469,10159
3535277208391,10201
3535277308313,10160
3535277408235,10315
3535277508157,10162
3535277608079,10159
3535277708004,10166
3535277807926,10244
3535277907848,10159
3535278007770,10159
3535278107692,10158
3535278207614,10163
3535278307536,10194
3535278407458,10158
3535278507380,10162
3535278607302,10175
3535278707224,10011
3535278807146,9989
3535278907068,9988
3535279006990,9991
3535279106912,9988
3535279206834,9984
3535279306756,9990
3535279406678,9997
3535279506600,9985
3535279606523,9992
3535279706445,9990
3535279806367,9990
3535279906289,9997
3535280006211,10021
3535280106134,10004
3535280206056,9985
3535280305978,9987
3535280405900,9988
3535280505822,9987
3535280605745,9994
3535280705668,10228
3535280805590,10201
3535280905512,10234
3535281005434,10171
3535281105357,10162
3535281205280,10179
3535281305202,10179
3535281405125,10252
3535281505047,10177
3535281604969,10177
3535281704891,10180
3535281804813,10238
3535281904735,10161
3535282004657,10176
3535282104579,10167
3535282204501,10156
3535282304423,10197
3535282404345,10166
3535282504267,10167
3535282604189,10166
3535282704113,10026
3535282804035,9996
3535282903957,9989
3535283003879,9980
3535283103801,10009
3535283203723,10009
3535283303645,9998
3535283403567,9986
3535283503489,10000
3535283603411,9988
3535283703333,10002
3535283803255,9982
3535283903177,9980
3535284003099,9988
3535284103021,10001
3535284202943,10034
3535284302865,9988
3535284402787,9990
3535284502709,9989
3535284602631,9981
3535284702553,10219
3535284802475,10233
3535285171419,279308
3535285271342,10595
3535285371264,10173
3535285471186,10345
3535285571108,10666
3535285671031,10713
3535285770953,10600
3535285870876,10630
3535285970799,10334
3535286070721,10170
3535286170643,10202
3535286270565,10165
3535286370488,10565
3535286470410,10566
3535286570332,10635
3535286670254,10427
3535286770176,10194
3535286870098,9991
3535286970020,9986
3535287069942,9990
3535287169864,9982
3535287269786,9991
3535287369708,9990
3535287469630,9988
3535287569552,9992
3535287669474,9994
3535287769396,9984
3535287869318,9987
3535287969240,10124
3535288069162,9988
3535288169084,9989
3535288269006,9978
3535288368928,10141
3535288468871,10000
3535288568793,9989
3535288668715,10192
3535288768637,10248
3535288868559,10201
3535288968481,10207
3535289068403,10158
3535289168326,10213
3535289268248,10172
3535289368170,10163
3535289468092,10166
3535289568014,10313
3535289667936,10311
3535289767858,10173
3535289867780,10157
3535289967702,10162
3535290067624,10199
3535290167546,10198
3535290267468,10160
3535290367390,10163
3535290467312,10180
3535290567234,10210
3535290667157,10040
3535290767096,10353
3535290867019,10002
3535290966942,9990
3535291066865,9986
3535291166787,9990
3535291266709,9987
3535291366631,9981
3535291466553,9986
3535291566475,9988
3535291666397,9993
3535291766319,9990
3535291866241,9987
3535291966163,9984
3535292066085,9985
3535292166007,9984
3535292265929,10135
3535292365851,9991
3535292465773,9990
3535292565695,9989
3535292665617,10202
3535292765539,10216
3535292865461,10202
3535292965383,10200
3535293065305,10212
3535293165227,10263
3535293265150,10179
3535293365072,10161
3535293464994,10186
3535293564916,10391
3535293664838,10285
3535293764760,10172
3535293864682,10164
3535293964604,10166
3535294064526,10197
3535294164448,10198
3535294264370,10159
3535294364292,10162
3535294464214,10165
3535294564136,10186
3535294664058,10087
3535294763980,10005
3535294863902,10059
3535295229743,276210
3535295329665,9988
3535295429588,9986
3535295529510,9998
3535295629432,10376
3535295729354,10386
3535295829276,10385
3535295929198,10379
3535296029121,10392
3535296129043,10433
3535296228965,10003
3535296328887,9980
3535296428809,9988
3535296528731,9998
3535296628653,9988
3535296728577,10206
3535296828499,10162
3535296928421,10197
3535297028343,10206
3535297128267,10199
3535297228190,10286
3535297328112,10169
3535297428034,10389
3535297527956,10169
3535297627878,10163
3535297727807,10169
3535297827729,10161
3535297927651,10192
3535298027573,10166
3535298127495,10152
3535298227417,10163
3535298327340,10173
3535298427262,10172
3535298527184,10215
3535298627106,10166
3535298727028,10024
3535298826950,9987
3535298926872,9984
3535299026794,10062
3535299126717,9992
3535299226639,10160
3535299326561,9988
3535299426484,10043
3535299526406,10058
3535299626328,9983
3535299726250,9987
3535299826172,9992
3535299926094,9993
3535300026016,10092
3535300125938,9980
3535300225860,9989
3535300325782,9983
3535300425704,10061
3535300525626,10054
3535300625549,9991
3535300725471,10201
3535300825393,10167
3535300925315,10174
3535301025238,10285
3535301125161,10216
3535301225083,10166
3535301325005,10176
3535301424927,10403
3535301524849,10166
3535301624771,10162
3535301724693,10161
3535301824615,10161
3535301924537,10156
3535302024459,10166
3535302124381,10155
3535302224303,10271
3535302324225,10205
3535302424147,10240
3535302524069,10181
3535302623991,10163
3535302723913,10199
3535302823835,10202
3535302923757,10160
3535303023679,10164
3535303123601,10176
3535303223523,10162
3535303323445,10198
3535303423367,10245
3535303523289,10185
3535303623211,10177
3535303723133,10294
3535303823068,10188
3535303922990,10184
3535304022912,10189
3535304122834,10157
3535304222756,10193
3535304322678,10156
3535304422600,10247
3535304522522,10205
3535304622444,10239
3535304722368,10191
3535304822290,10166
3535304922213,10202
3535305291081,279200
3535305391004,10254
3535305490926,10173
3535305590848,10156
3535305690770,10599
3535305790692,10586
3535305890614,10611
3535305990536,10610
3535306090458,10173
3535306190380,10163
3535306290302,10195
3535306390224,10157
3535306490146,10163
3535306590068,10164
3535306689990,10267
3535306789912,10221
3535306889835,10170
3535306989757,10161
3535307089679,10167
3535307189601,10195
3535307289523,10200
3535307389445,10161
3535307489367,10164
3535307589289,10175
3535307689211,10228
3535307789133,10168
3535307889066,10168
3535307988988,10179
3535308088910,10174
3535308188832,10202
3535308288754,10157
3535308388676,10165
3535308488598,10163
3535308588520,10226
3535308688442,10303
3535308788364,10173
3535308888286,10168
3535308988208,10167
3535309088130,10200
3535309188052,10157
3535309287974,10166
3535309387896,10166
3535309487818,10235
3535309587756,10172
3535309687678,10203
3535309787600,9991
3535309887522,9983
3535309987444,9985
3535310087366,10089
3535310187288,10082
3535310287210,9987
3535310387132,10215
3535310487054,10074
3535310586976,10089
3535310686899,10224
3535310786821,10321
3535310886743,10163
3535310986665,10162
3535311086587,10203
3535311186509,10195
3535311286432,10265
3535311386354,10198
3535311486276,10386
3535311586198,10161
3535311686120,10249
3535311786042,10212
3535311885964,10212
3535311985886,10195
3535312085808,10238
3535312185730,10362
3535312285652,10196
3535312385574,10164
3535312485496,10193
3535312585418,10196
3535312685340,10338
3535312785263,10299
3535312885186,10253
3535312985108,10398
3535313085030,10294
3535313184952,10194
3535313284874,10220
3535313384796,10193
3535313484718,10200
3535313584640,10232
3535313684562,10263
3535313784484,10200
3535313884406,10197
3535313984328,10205
3535314084250,10199
3535314184172,10197
3535314284094,10199
3535314384016,10196
3535314483938,10260
3535314583860,10232
3535314683783,10295
3535314783705,10177
3535314883627,10397
3535314983549,10422
3535315352445,279257
3535315452368,10216
3535315552290,10164
3535315652212,10236
3535315752134,10605
3535315852056,10599
3535315951978,10607
3535316051900,10628
3535316151822,10673
3535316251744,10599
3535316351666,10566
3535316451588,10603
3535316551511,10600
3535316651433,10692
3535316751364,10231
3535316851286,10214
3535316951208,10263
3535317051130,10251
3535317151052,10187
3535317250974,10179
3535317350896,10206
3535317450818,10213
3535317550740,10231
3535317650662,10190
3535317750584,10239
3535317850506,10193
3535317950428,10243
3535318050350,10162
3535318150272,10191
3535318250194,10194
3535318350116,10218
3535318450038,10248
3535318549960,10228
3535318649882,10273
3535318749804,10231
3535318849726,10201
3535318949648,10401
3535319049570,10387
3535319149492,10245
3535319249414,10211
3535319349336,10284
3535319449259,10226
3535319549181,10224
3535319649103,10167
3535319749025,10251
3535319848947,10224
3535319948869,10228
3535320048791,10234
3535320148713,10237
3535320248635,10230
3535320348557,10276
3535320448479,10182
3535320548401,10196
3535320648323,10268
3535320748245,10361
3535320848167,10236
3535320948089,10409
3535321048011,10293
3535321147933,10320
3535321247855,10201
3535321347777,10281
3535321447699,10585
3535321547622,10271
3535321647544,10231
3535321747466,10284
3535321847388,10265
3535321947310,10297
3535322047232,10283
3535322147154,10247
3535322247076,10240
3535322346998,10299
3535322446920,10413
3535322546842,10283
3535322646764,10366
3535322746688,10296
3535322846610,10191
3535322946532,10275
3535323046454,10225
3535323146376,10279
3535323246298,10249
3535323346220,10261
3535323446142,10395
3535323546064,10258
3535323645986,10383
3535323745908,10221
3535323845832,10271
3535323945754,10242
3535324045676,10232
3535324145600,10233
3535324245522,10265
3535324345444,10269
3535324445366,10254
3535324545288,10214
3535324645210,10287
3535324745132,10329
3535324845066,10245
3535324944988,10264
