3528930427916,826149
3528930527862,40232
3528930627786,40434
3528930727710,40180
3528930827633,40689
3528930927556,40195
3528931027479,40135
3528931127403,40408
3528931227326,42501
3528931327249,41808
3528931427173,41860
3528931527096,41832
3528931627019,41862
3528931726943,42456
3528931826867,41924
3528931926790,41925
3528932026714,40210
3528932126639,40213
3528932226565,40194
3528932326490,40156
3528932426419,40262
3528932526343,40315
3528932626269,40393
3528932726194,40197
3528932826119,40189
3528932926044,40215
3528933025969,40273
3528933125892,40245
3528933225820,40199
3528933325748,40170
3528933425676,40146
3528933525600,40250
3528933625526,40251
3528933725452,40237
3528933825377,40255
3528933925303,40211
3528934025228,40289
3528934125155,40202
3528934225079,40239
3528934325006,40204
3528934424932,40209
3528934524859,40279
3528934624782,40453
3528934724709,40410
3528934824634,40213
3528934924559,40240
3528935024482,40230
3528935124407,40196
3528935224332,40170
3528935324256,40154
3528935424183,40188
3528935524109,40226
3528935624032,40210
3528935723957,40228
3528935823883,40225
3528935923807,40190
3528936023731,40192
3528936123657,40357
3528936223582,40216
3528936323506,40320
3528936423431,40219
3528936523354,40349
3528936623279,40401
3528936723205,40204
3528936823131,40225
3528936923056,40213
3528937022981,40175
3528937122906,40191
3528937222832,40196
3528937322760,40194
3528937422687,40177
3528937522613,40153
3528937622538,40179
3528937722464,40209
3528937822390,40354
3528937922316,40221
3528938022242,40197
3528938122167,40141
3528938222091,40157
3528938322018,40141
3528938421941,40349
3528938521868,40279
3528938621793,40343
3528938721720,40432
3528938821645,40254
3528938921570,40254
3528939021497,40277
3528939121422,40226
3528939221348,40223
3528939321274,40190
3528939421197,40351
3528939521125,40236
3528939621050,40485
3528939720976,40290
3528940365970,585306
3528940465894,40127
3528940565818,40157
3528940665741,40462
3528940765664,40170
3528940865587,40163
3528940965510,40140
3528941065433,40149
3528941165362,43363
3528941265285,42227
3528941365209,42417
3528941465133,41757
3528941565057,41776
3528941664981,41967
3528941764904,42117
3528941864827,41966
3528941964750,41790
3528942064673,41760
3528942164598,41854
3528942264523,41813
3528942364449,41747
3528942464375,41772
3528942564301,41787
3528942664227,41566
3528942764151,40206
3528942864075,40192
3528942964009,40180
3528943063936,40226
3528943163861,40240
3528943263785,40168
3528943363711,40181
3528943463638,40159
3528943563563,40162
3528943663487,40231
3528943763412,40186
3528943863337,40182
3528943963262,40216
3528944063188,40171
3528944163114,40250
3528944263042,40210
3528944362967,40167
3528944462895,40173
3528944562822,40176
3528944662745,40597
3528944762673,40195
3528944862598,40239
3528944962525,40242
3528945062451,40164
3528945162376,40159
3528945262302,40176
3528945362228,40174
3528945462155,40166
3528945562081,40146
3528945662006,40197
3528945761933,40233
3528945861858,40238
3528945961783,40181
3528946061709,40193
3528946161633,40211
3528946261560,40220
3528946361484,40212
3528946461410,40235
3528946561336,40219
3528946661262,40511
3528946761188,40201
3528946861113,40217
3528946961039,40218
3528947060966,40196
3528947160891,40175
3528947260817,40159
3528947360742,40203
3528947460668,40179
3528947560592,40180
3528947660518,40225
3528947760443,40286
3528947860370,40175
3528947960295,40167
3528948060219,40197
3528948160145,40235
3528948260075,40157
3528948360005,40483
3528948459931,40190
3528948559860,40178
3528948659784,40490
3528948759710,40181
3528948859636,40238
3528948959562,40224
3528949059487,40401
3528949159415,40188
3528949259339,40200
3528949359263,40193
3528949459188,40161
3528949559117,40161
3528949659041,40238
3528949758965,40316
3528950399291,580764
3528950499216,40205
3528950599139,40111
3528950699063,40224
3528950798986,40164
3528950898909,40138
3528950998832,40306
3528951098756,40138
3528951198679,43382
3528951298602,43502
3528951398525,42326
3528951498449,41884
3528951598379,41874
3528951698303,42081
3528951798227,41849
3528951898150,41859
3528951998127,40444
3528952098053,40184
3528952197977,40214
3528952297902,40200
3528952397826,40451
3528952497751,40473
3528952597676,41862
3528952697602,40339
3528952797527,40190
3528952897452,40180
3528952997378,40422
3528953097305,40538
3528953197231,40658
3528953297157,40173
3528953397081,40314
3528953497009,40197
3528953596935,40165
3528953696861,40201
3528953796788,40184
3528953896713,40576
3528953996638,40537
3528954096563,40193
3528954196487,40210
3528954296411,40196
3528954396336,40309
3528954496262,40499
3528954596188,40252
3528954696112,40900
3528954796037,40193
3528954895961,40192
3528954995887,40172
3528955095814,40178
3528955195739,40197
3528955295664,40142
3528955395592,40291
3528955495517,40258
3528955595445,40166
3528955695370,40150
3528955795295,40316
3528955895220,40213
3528955995143,40201
3528956095068,40194
3528956194993,40399
3528956294919,40386
3528956394844,40312
3528956494770,40219
3528956594696,40145
3528956694621,40420
3528956794546,40210
3528956894470,40170
3528956994395,40224
3528957094321,40223
3528957194246,40219
3528957294171,40263
3528957394097,40288
3528957494023,40280
3528957593948,40186
3528957693875,40291
3528957793801,40219
3528957893727,40219
3528957993653,40224
3528958093580,40164
3528958193505,40176
3528958293430,40191
3528958393356,40304
3528958493281,40217
3528958593207,40154
3528958693130,40394
3528958793057,40270
3528958892983,40174
3528958992908,40262
3528959092833,40203
3528959192758,40466
3528959292684,40246
3528959392609,40289
3528959492534,40273
3528959592462,40337
3528959692387,40176
3528959792313,40224
3528960433297,581325
3528960533222,40153
3528960633144,40397
3528960733068,40155
3528960832991,40176
3528960932914,40154
3528961032837,40173
3528961132761,40147
3528961232684,43145
3528961332608,42302
3528961432532,41980
3528961532456,41892
3528961632379,41935
3528961732302,42383
3528961832226,42051
3528961932149,41892
3528962032072,41815
3528962131997,41841
3528962231924,41813
3528962331849,41799
3528962431775,41815
3528962531700,41847
3528962631625,41993
3528962731550,40196
3528962831475,40208
3528962931401,40225
3528963031327,40259
3528963131252,40210
3528963231179,40184
3528963331104,40337
3528963431031,40169
3528963530956,40291
3528963630882,40235
3528963730809,40223
3528963830733,40152
3528963930658,40165
3528964030584,40279
3528964130507,40249
3528964230433,40164
3528964330367,40171
3528964430293,40215
3528964530219,40288
3528964630145,40392
3528964730078,40387
3528964830009,40195
3528964929934,40184
3528965029861,40210
3528965129788,40179
3528965229712,40240
3528965329638,40184
3528965429564,40202
3528965529489,40222
3528965629416,40183
3528965729343,40229
3528965829269,40188
3528965929196,40202
3528966029123,40198
3528966129048,40205
3528966228974,40200
3528966328902,40174
3528966428827,40198
3528966528752,40213
3528966628678,40459
3528966728606,40241
3528966828531,40212
3528966928457,40184
3528967028385,40171
3528967128312,40168
3528967228239,40219
3528967328167,40365
3528967428094,40178
3528967528019,40184
3528967627944,40235
3528967727869,40573
3528967827794,40179
3528967927720,40187
3528968027645,40268
3528968127570,40201
3528968227496,40203
3528968327421,40166
3528968427346,40226
3528968527272,40257
3528968627197,40359
3528968727125,40351
3528968827052,40211
3528968926976,40188
3528969026903,40229
3528969126829,40185
3528969226756,40174
3528969326681,40189
3528969426607,40199
3528969526532,40240
3528969626457,40189
3528969726382,40199
3528969826306,40371
3528970466435,580408
3528970566369,40863
3528970666293,40448
3528970766217,40969
3528970866140,40124
3528970966072,40149
3528971065995,40143
3528971165918,40127
3528971265842,41989
3528971365766,41849
3528971465689,42195
3528971565613,41840
3528971665536,41927
3528971765460,41847
3528971865383,41866
3528971965306,41858
3528972065231,40208
3528972165157,40362
3528972265082,42463
3528972365008,41981
3528972464934,41774
3528972564860,41769
3528972664785,41445
3528972764710,40214
3528972864636,40174
3528972964562,40189
3528973064485,40173
3528973164410,40215
3528973264334,40206
3528973364260,40225
3528973464185,40178
3528973564152,40196
3528973664077,40218
3528973764009,40190
3528973863934,40205
3528973963860,40199
3528974063785,40168
3528974163710,40200
3528974263635,40194
3528974363560,40153
3528974463486,40176
3528974563413,40202
3528974663336,40522
3528974763263,40197
3528974863188,40205
3528974963114,40175
3528975063040,40180
3528975162965,40174
3528975262890,40217
3528975362814,40185
3528975462739,40175
3528975562664,40163
3528975662588,40222
3528975762514,40192
3528975862441,40167
3528975962366,40187
3528976062294,40175
3528976162219,40197
3528976262145,40195
3528976362078,40185
3528976462006,40180
3528976561934,40209
3528976661860,40536
3528976761786,40203
3528976861712,40176
3528976961637,40219
3528977061563,40176
3528977161491,40171
3528977261417,40214
3528977361341,40191
3528977461266,40185
3528977561193,40175
3528977661119,40216
3528977761046,40255
3528977860973,40208
3528977960900,40194
3528978060827,40157
3528978160754,40179
3528978260679,40157
3528978360604,40184
3528978460531,40148
3528978560457,40241
3528978660380,40460
3528978760306,40215
3528978860231,40220
3528978960159,40227
3528979060085,40162
3528979160010,40190
3528979259935,40225
3528979359861,40217
3528979459787,40170
3528979559715,40179
3528979659640,40227
3528979759566,40188
3528979859491,40233
3528980499149,580322
3528980599074,40201
3528980698999,40277
3528980798923,40129
3528980898846,40122
3528980998769,40204
3528981098693,40127
3528981198616,40138
3528981298540,43579
3528981398464,41976
3528981498387,41979
3528981598311,41921
3528981698234,42048
3528981798158,41849
3528981898090,41946
3528981998014,41861
3528982097940,40220
3528982197866,40192
3528982297791,40188
3528982397716,40302
3528982497642,40243
3528982597568,40187
3528982697496,40308
3528982797421,40176
3528982897346,40187
3528982997269,40191
3528983097194,40559
3528983197119,40254
3528983297044,40161
3528983396968,40328
3528983496893,40202
3528983596819,40159
3528983696744,40177
3528983796670,40146
3528983896595,40187
3528983996520,40196
3528984096445,40179
3528984196375,40458
3528984296300,40236
3528984396225,40320
3528984496153,40272
3528984596082,40189
3528984696006,40406
3528984795932,40259
3528984895863,40960
3528984995787,40461
3528985095713,40566
3528985195638,40225
3528985295564,40209
3528985395491,40276
3528985495418,40219
3528985595343,40185
3528985695269,40409
3528985795195,40209
3528985895120,40274
3528985995046,40196
3528986094973,40191
3528986194897,40206
3528986294824,40185
3528986394749,40300
3528986494676,40250
3528986594601,40152
3528986694527,40337
3528986794453,40153
3528986894378,40189
3528986994303,40251
3528987094228,40195
3528987194153,40218
3528987294080,40141
3528987394008,40273
3528987493935,40457
3528987593861,40180
3528987693787,40163
3528987793711,40181
3528987893636,40206
3528987993562,40280
3528988093489,40200
3528988193415,40216
3528988293341,40172
3528988393266,40262
3528988493191,40482
3528988593116,40174
3528988693039,40334
3528988792964,40184
3528988892889,40187
3528988992816,40255
3528989092744,40169
3528989192668,40178
3528989292597,40151
3528989392524,40302
3528989492452,40221
3528989592381,40185
3528989692306,40289
3528989792233,40182
3528989892158,40222
3528990532148,580283
3528990632078,40338
3528990732005,40178
3528990831930,40191
3528990931853,41094
3528991031776,40158
3528991131699,40127
3528991231622,40143
3528991331545,42744
3528991431469,41816
3528991531392,41867
3528991631315,41862
3528991731238,42051
3528991831162,41878
3528991931085,41838
3528992031008,41825
3528992130933,40172
3528992230857,40194
3528992330785,40182
3528992430714,40222
3528992530639,40251
3528992630566,40370
3528992730493,40182
3528992830418,40191
3528992930343,40197
3528993030268,40265
3528993130195,40186
3528993230120,40221
3528993330047,40185
3528993429973,40177
3528993529898,40298
3528993629825,40288
3528993729751,40204
3528993829677,40178
3528993929604,40201
3528994029531,40254
3528994129458,40177
3528994229385,40150
3528994329311,40191
3528994429238,40187
3528994529165,40258
3528994629090,40402
3528994729015,40386
3528994828940,40215
3528994928869,40212
3528995028794,40287
3528995128761,40202
3528995228687,40206
3528995328612,40149
3528995428538,40183
3528995528462,40164
3528995628387,40233
3528995728312,40167
3528995828237,40182
3528995928162,40205
3528996028087,40191
3528996128014,40300
3528996227939,40196
3528996327865,40350
3528996427790,40202
3528996527715,40247
3528996627643,40506
3528996727569,40212
3528996827494,40200
3528996927421,40189
3528997027347,40176
3528997127272,40173
3528997227197,40202
3528997327124,40428
3528997427050,40196
3528997526975,40189
3528997626902,40212
3528997726829,40202
3528997826754,40174
3528997926679,40186
3528998026603,40213
3528998126528,40178
3528998226453,40188
3528998326378,40208
3528998426303,40232
3528998526228,40207
3528998626153,40389
3528998726080,40354
3528998826007,40210
3528998925931,40186
3528999025856,40247
3528999125782,40172
3528999225708,40196
3528999325633,40175
3528999425559,40191
3528999525487,40257
3528999625412,40245
3528999725336,40212
3528999825261,40174
3528999925185,40243
3529000565038,580149
3529000664962,40626
3529000764886,40160
3529000864808,40779
3529000964733,40130
3529001064657,40118
3529001164580,40159
3529001264503,40113
3529001364426,43040
3529001464350,41873
3529001564273,41962
3529001664196,41942
3529001764120,41931
3529001864044,41843
3529001963968,41870
3529002063892,41810
3529002163816,40215
3529002263742,40173
3529002363667,40195
3529002463592,40184
3529002563515,40204
3529002663439,40480
3529002763366,40206
3529002863291,40164
3529002963217,40186
3529003063142,40369
3529003163069,40184
3529003262994,40190
3529003362918,40223
3529003462842,40235
3529003562768,40228
3529003662692,40218
3529003762618,40169
3529003862543,40144
3529003962467,40230
3529004062392,40169
3529004162317,40189
3529004262243,40187
3529004362168,40168
3529004462093,40174
3529004562018,40198
3529004661945,40519
3529004761873,40220
3529004861798,40169
3529004961723,40206
3529005061649,40197
3529005161575,40190
3529005261501,40180
3529005361427,40187
3529005461354,40171
3529005561280,40162
3529005661206,40231
3529005761133,40214
3529005861057,40240
3529005960982,40155
3529006060907,40156
3529006160833,40190
3529006260758,40179
3529006360684,40147
3529006460611,40161
3529006560536,40202
3529006660461,40495
3529006760387,40191
3529006860313,40212
3529006960238,40171
3529007060164,40185
3529007160090,40176
3529007260015,40192
3529007359940,40234
3529007459866,40150
3529007559791,40147
3529007659718,40204
3529007759643,40200
3529007859569,40167
3529007959496,40172
3529008059421,40172
3529008159348,40286
3529008259274,40210
3529008359199,40279
3529008459124,40194
3529008559047,40168
3529008658970,40517
3529008758898,40255
3529008858824,40163
3529008958750,40239
3529009058675,40182
3529009158601,40155
3529009258525,40181
3529009358449,40179
3529009458374,40179
3529009558299,40164
3529009658223,40215
3529009758148,40216
3529009858073,40190
3529009957998,40213
3529010597710,580007
3529010697635,40255
3529010797559,40134
3529010897482,40166
3529010997405,40216
3529011097329,40182
3529011197252,40137
3529011297177,40173
3529011397100,42529
3529011497024,41910
3529011596948,41826
3529011696871,41833
3529011796794,41876
3529011896718,41918
3529011996642,42013
3529012096565,41895
3529012196491,40283
3529012296418,40255
3529012396344,40316
3529012496270,40465
3529012596196,41759
3529012696119,40538
3529012796044,40211
3529012895969,40222
3529012995896,40269
3529013095823,41293
3529013195748,40257
3529013295673,40177
3529013395596,40263
3529013495520,40179
3529013595445,40217
3529013695370,40270
3529013795296,40232
3529013895222,40242
3529013995147,40415
3529014095073,40202
3529014194997,40229
3529014294922,40204
3529014394847,40294
3529014494773,40493
3529014594701,40396
3529014694627,40361
3529014794552,40196
3529014894476,40211
3529014994400,40199
3529015094324,40234
3529015194246,40262
3529015294173,40186
3529015394097,40455
3529015494024,40341
3529015593949,40249
3529015693874,40201
3529015793800,40256
3529015893727,40248
3529015993653,40472
3529016093579,40170
3529016193506,40213
3529016293433,40220
3529016393358,40340
3529016493284,40276
3529016593250,40203
3529016693174,40343
3529016793099,40239
3529016893024,40199
3529016992949,40319
3529017092876,40227
3529017192802,40223
3529017292730,40192
3529017392655,40247
3529017492580,40238
3529017592505,40129
3529017692430,40225
3529017792364,40174
3529017892292,40602
3529017992217,40699
3529018092142,40179
3529018192078,41179
3529018292004,40818
3529018391930,40715
3529018491856,40731
3529018591781,40750
3529018691709,40436
3529018791635,40214
3529018891560,40215
3529018991487,40232
3529019091413,40197
3529019191338,40396
3529019291266,40334
3529019391191,40300
3529019491116,40236
3529019591043,40209
3529019690969,40211
3529019790893,40251
3529019890818,40252
3529019990743,40666
3529020635735,585668
3529020735659,40235
3529020835582,40152
3529020935505,40174
3529021035428,40149
3529021135350,40416
3529021235273,40523
3529021335197,40438
3529021435121,41749
3529021535044,41713
3529021634968,41849
3529021734891,42167
3529021834814,42131
3529021934738,41911
3529022034662,42016
3529022134585,41905
3529022234511,41803
3529022334436,41820
3529022434371,41832
3529022534296,41818
3529022634220,40747
3529022734144,40196
3529022834075,40207
3529022933999,40223
3529023033924,40166
3529023133851,40189
3529023233775,40210
3529023333702,40432
3529023433629,40164
3529023533554,40172
3529023633482,40414
3529023733409,40211
3529023833336,40211
3529023933262,40216
3529024033185,40252
3529024133110,40201
3529024233036,40210
3529024332961,40215
3529024432886,40217
3529024532810,40190
3529024632735,40414
3529024732661,40380
3529024832587,40217
3529024932512,40240
3529025032435,40178
3529025132361,40200
3529025232287,40299
3529025332215,40229
3529025432142,40171
3529025532070,40158
3529025631994,40390
3529025731921,40271
3529025831849,40207
3529025931776,40218
3529026031705,40194
3529026131630,40200
3529026231555,40179
3529026331481,40237
3529026431408,40224
3529026531333,40193
3529026631259,40501
3529026731189,40225
3529026831115,40232
3529026931042,40244
3529027030967,40226
3529027130894,40231
3529027230821,40237
3529027330747,40191
3529027430674,40165
3529027530601,40140
3529027630528,40192
3529027730456,40180
3529027830383,40203
3529027930307,40231
3529028030232,40229
3529028130157,40205
3529028230083,40177
3529028330009,40220
3529028429936,40268
3529028529861,40271
3529028629787,40415
3529028729713,40452
3529028829638,40189
3529028929563,40841
3529029029490,40285
3529029129416,40236
3529029229342,40193
3529029329268,40215
3529029429195,40167
3529029529121,40212
3529029629046,40190
3529029728972,40289
3529029828899,40213
3529029928825,40264
