3448186622326,6212
3448186722293,39
3448186822245,39
3448186922197,38
3448187022149,39
3448187122101,41
3448187222055,40
3448187322007,40
3448187421959,39
3448187521911,38
3448187621863,39
3448187721817,39
3448187821769,39
3448187921721,38
3448188021673,38
3448188121626,39
3448188221578,39
3448188321530,38
3448188421482,39
3448188521434,38
3448188621386,39
3448188721339,52
3448188821291,40
3448188921243,40
3448189021195,40
3448189121147,40
3448189221099,40
3448189321051,52
3448189421005,40
3448189520957,40
3448189620909,40
3448189720861,39
3448189820815,39
3448189920767,38
3448190020719,38
3448190120671,39
3448190220623,38
3448190320575,38
3448190420527,38
3448190520479,39
3448190620432,39
3448190720384,39
3448190820336,38
3448190920288,39
3448191020240,38
3448191120192,39
3448191220144,39
3448191320096,39
3448191420048,40
3448191520003,40
3448191619955,40
3448191721996,2137
3448191821950,40
3448191921902,39
3448192021854,39
3448192121806,39
3448192221758,39
3448192321712,39
3448192421664,38
3448192521618,39
3448192621572,38
3448192721524,39
3448192821476,38
3448192921428,38
3448193021380,39
3448193121332,52
3448193221284,41
3448193321236,40
3448193421188,40
3448193521140,40
3448193621092,40
3448193721044,53
3448193820996,42
3448193920948,39
3448194020900,38
3448194120852,40
3448194220804,39
3448194320756,38
3448194420708,38
3448194520660,38
3448194620612,38
3448194720564,39
3448194820516,38
3448194920468,39
3448195020420,39
3448195120372,39
3448195220324,39
3448195320276,38
3448195420228,40
3448195520180,40
3448195620132,40
3448195720084,39
3448195820036,38
3448195919988,43
3448196019940,38
3448196119892,38
3448196219845,39
3448196319797,38
3448196419749,38
3448196519701,38
3448196619653,39
3448196719606,40
3448196821556,2044
3448196921508,39
3448197021460,39
3448197121412,39
3448197221364,40
3448197321316,51
3448197421268,40
3448197521220,40
3448197621172,40
3448197721124,41
3448197821077,40
3448197921029,51
3448198020981,42
3448198120933,39
3448198220885,38
3448198320837,38
3448198420789,39
3448198520741,39
3448198620693,39
3448198720645,39
3448198820597,38
3448198920549,38
3448199020501,38
3448199120454,40
3448199220407,40
3448199320359,40
3448199420311,39
3448199520263,38
3448199620215,38
3448199720167,39
3448199820119,39
3448199920071,38
3448200020023,39
3448200119975,41
3448200219927,39
3448200319879,38
3448200419831,39
3448200519783,39
3448200619735,39
3448200719688,39
3448200819640,39
3448200919592,38
3448201019544,39
3448201119496,39
3448201219448,39
3448201319400,39
3448201419352,40
3448201519304,40
3448201619256,40
3448201719208,40
3448201819161,40
3448201921115,2049
3448202021069,40
3448202121021,51
3448202220973,42
3448202320925,38
3448202420877,38
3448202520829,38
3448202620781,38
3448202720733,39
3448202820685,39
3448202920637,39
3448203020589,39
3448203120541,39
3448203220493,38
3448203320445,38
3448203420397,38
3448203520349,39
3448203620301,38
3448203720253,39
3448203820205,38
3448203920157,39
3448204020109,38
3448204120061,40
3448204220013,39
3448204319965,41
3448204419917,38
3448204519869,39
3448204619821,38
3448204719773,39
3448204819725,39
3448204919677,38
3448205019629,39
3448205119581,39
3448205219533,39
3448205319485,39
3448205419437,40
3448205519389,40
3448205619341,40
3448205719293,40
3448205819245,41
3448205919197,40
3448206019149,40
3448206119101,40
3448206219065,40
3448206319017,51
3448206418969,41
3448206518921,38
3448206618873,38
3448206718825,39
3448206818777,39
3448206918729,39
3448207020665,2028
3448207120617,39
3448207220569,39
3448207320521,38
3448207420473,40
3448207520425,40
3448207620377,40
3448207720329,38
3448207820281,38
3448207920233,39
3448208020185,38
3448208120137,39
3448208220089,39
3448208320041,39
3448208419993,41
3448208519945,38
3448208619897,39
3448208719849,39
3448208819801,39
3448208919753,38
3448209019705,39
3448209119657,39
3448209219609,39
3448209319561,39
3448209419513,40
3448209519465,40
3448209619417,38
3448209719369,39
3448209819323,52
3448209919275,40
3448210019227,40
3448210119179,40
3448210219132,40
3448210319084,40
3448210419036,51
3448210518988,41
3448210618940,38
3448210718911,38
3448210818863,39
3448210918815,38
3448211018767,38
3448211118719,40
3448211218671,40
3448211318623,40
3448211418575,39
3448211518527,39
3448211618479,38
3448211718431,39
3448211818383,38
3448211918335,38
3448212018287,40
3448212120228,2033
3448212220182,40
3448212320134,40
3448212420086,40
3448212520038,52
3448212619990,41
3448212719942,39
3448212819894,39
3448212919846,38
3448213019798,39
3448213119750,39
3448213219702,39
3448213319654,38
3448213419606,40
3448213519558,40
3448213619510,40
3448213719462,38
3448213819414,39
3448213919366,38
3448214019318,52
3448214119270,40
3448214219222,40
3448214319176,41
3448214419129,41
3448214519081,40
3448214619033,52
3448214718987,42
3448214818939,38
3448214918891,39
3448215018843,38
3448215118795,39
3448215218747,39
3448215318699,39
3448215418651,40
3448215518603,40
3448215618555,40
3448215718507,39
3448215818459,38
3448215918411,38
3448216018363,39
3448216118315,39
3448216218267,40
3448216318219,39
3448216418171,40
3448216518123,38
3448216618075,40
3448216718027,39
3448216817979,41
3448216917932,39
3448217017884,39
3448217117836,39
3448217217789,54
3448217319748,2053
3448217419702,40
3448217519654,40
3448217619606,40
3448217719558,39
3448217819510,39
3448217919462,39
3448218019414,38
3448218119366,38
3448218219318,52
3448218319270,40
3448218419222,40
3448218519174,40
3448218619128,42
3448218719080,41
3448218819032,52
3448218918984,42
3448219018936,38
3448219118888,39
3448219218840,38
3448219318792,38
3448219418744,38
3448219518696,41
3448219618648,40
3448219718600,38
3448219818552,38
3448219918504,38
3448220018456,39
3448220118408,38
3448220218360,39
3448220318312,38
3448220418264,40
3448220518216,38
3448220618168,40
3448220718120,39
3448220818072,40
3448220918024,38
3448221017976,42
3448221117928,39
3448221217880,39
3448221317832,39
3448221417784,40
3448221517736,40
3448221617688,38
3448221717640,39
3448221817592,39
3448221917544,38
3448222017496,39
3448222117448,39
3448222217400,39
3448222317353,38
3448222417305,52
3448222519233,2022
3448222619185,40
3448222719137,41
3448222819089,40
3448222919041,51
3448223018993,42
3448223118945,40
3448223218897,40
3448223318849,39
3448223418801,40
3448223518753,39
3448223618705,38
3448223718657,39
3448223818609,39
3448223918561,38
3448224018513,39
3448224118465,39
3448224218417,38
3448224318369,38
3448224418322,51
3448224518274,39
3448224618226,40
3448224718178,41
3448224818130,40
3448224918082,38
3448225018034,52
3448225117986,42
3448225217938,40
3448225317890,39
3448225417842,40
3448225517794,40
3448225617746,40
3448225717698,39
3448225817650,39
3448225917602,38
3448226017554,38
3448226117506,39
3448226217460,39
3448226317412,38
3448226417364,38
3448226517316,52
3448226617268,40
3448226717220,41
3448226817172,40
3448226917124,40
3448227017076,40
3448227117028,51
3448227216980,42
3448227316932,38
3448227416884,40
3448227516836,41
3448227616788,39
3448227718707,2011
3448227818661,39
3448227918613,40
3448228018565,39
3448228118517,39
3448228218469,38
3448228318421,39
3448228418373,38
3448228518325,38
3448228618277,40
3448228718229,39
3448228818181,40
3448228918133,38
3448229018085,39
3448229118037,52
3448229217989,42
3448229317941,39
3448229417893,40
3448229517845,40
3448229617797,40
3448229717749,38
3448229817702,39
3448229917654,38
3448230017606,39
3448230117558,39
3448230217510,39
3448230317462,38
3448230417414,38
3448230517366,38
3448230617318,51
3448230717272,40
3448230817224,40
3448230917176,40
3448231017128,40
3448231117080,40
3448231217032,52
3448231316984,41
3448231416936,40
3448231516888,40
3448231616840,38
3448231716792,39
3448231816744,39
3448231916696,38
3448232016648,38
3448232116600,39
3448232216552,39
3448232316504,38
3448232416456,38
3448232516408,39
3448232616361,39
3448232716314,42
3448232816266,41
3448232918195,2023
3448233018147,40
3448233118099,52
3448233218051,52
3448233318003,38
3448233417955,38
3448233517907,38
3448233617859,40
3448233717811,40
3448233817763,39
3448233917715,38
3448234017667,38
3448234117619,38
3448234217571,38
3448234317523,39
3448234417475,38
3448234517427,39
3448234617379,39
3448234717362,39
3448234817314,53
3448234917266,40
3448235017218,40
3448235117170,40
3448235217122,40
3448235317074,40
3448235417026,51
3448235516978,42
3448235616930,39
3448235716882,39
3448235816834,39
3448235916786,39
3448236016738,38
3448236116690,39
3448236216642,39
3448236316594,39
3448236416546,39
3448236516498,39
3448236616450,39
3448236716402,39
3448236816360,39
3448236916312,52
3448237016264,40
3448237116216,41
3448237216168,40
3448237316120,40
3448237416072,40
3448237516024,40
3448237615976,43
3448237715928,39
3448237815880,39
