3527227947713,67085
3527228047650,10535
3527228147573,10839
3527228247497,10605
3527228347419,10603
3527228447342,10584
3527228547265,10608
3527228647187,10688
3527228747110,10277
3527228847032,10178
3527228946954,10188
3527229046876,10198
3527229146798,10176
3527229246720,10143
3527229346642,10183
3527229446564,10382
3527229546486,10368
3527229646408,10196
3527229746330,10184
3527229846252,10214
3527229946174,10195
3527230046097,10166
3527230146019,10240
3527230245941,10265
3527230345863,10267
3527230445785,10272
3527230545707,10219
3527230645629,10384
3527230745551,10283
3527230845473,10248
3527230945395,10227
3527231045318,10265
3527231145240,10365
3527231245162,10366
3527231345084,10374
3527231445006,10291
3527231544928,10273
3527231644850,10273
3527231744772,10219
3527231844694,10253
3527231944616,10263
3527232044538,10253
3527232144460,10256
3527232244382,10285
3527232344304,10315
3527232444226,10286
3527232544148,10236
3527232644070,10311
3527232743992,10315
3527232843914,10290
3527232943837,10276
3527233077319,43861
3527233177242,10718
3527233277165,10651
3527233377087,10546
3527233477009,10548
3527233576931,10550
3527233676854,10552
3527233776776,10169
3527233876698,10151
3527233976620,10152
3527234076542,10146
3527234176464,10142
3527234276386,10145
3527234376308,10163
3527234476230,10167
3527234576153,10237
3527234676076,10179
3527234775998,10194
3527234875920,10168
3527234975842,10139
3527235075764,10144
3527235175686,10144
3527235275608,10154
3527235375530,10185
3527235475452,10228
3527235575374,10152
3527235675296,10148
3527235775218,10147
3527235875140,10180
3527235975062,10145
3527236074984,10156
3527236174906,10144
3527236274829,10148
3527236374751,10152
3527236474673,10150
3527236574595,10150
3527236674517,10166
3527236774439,10168
3527236874366,10159
3527236974288,10168
3527237074211,10173
3527237174133,10159
3527237274056,10208
3527237373978,10173
3527237473900,10150
3527237573822,10138
3527237673744,10145
3527237773666,10147
3527237873588,10149
3527237973510,10032
3527238106588,43231
3527238206511,10387
3527238306433,10549
3527238406355,10549
3527238506277,10664
3527238606200,10688
3527238706123,10305
3527238806045,10324
3527238905967,10322
3527239005889,10257
3527239105811,10260
3527239205733,10241
3527239305655,10241
3527239405577,10366
3527239505499,10418
3527239605421,10375
3527239705343,10356
3527239805265,10262
3527239905187,10252
3527240005109,10236
3527240105031,10235
3527240204953,10229
3527240304875,10226
3527240404797,10256
3527240504719,10253
3527240604641,10253
3527240704563,10238
3527240804485,10228
3527240904407,10216
3527241004330,10224
3527241104252,10230
3527241204174,10267
3527241304096,10267
3527241404018,10366
3527241503940,10376
3527241603862,10380
3527241703784,10286
3527241803706,10254
3527241903628,10215
3527242003550,10252
3527242103472,10249
3527242203394,10261
3527242303316,10237
3527242403238,10237
3527242503160,10241
3527242603082,10244
3527242703004,10412
3527242802926,10385
3527242902848,10365
3527243002771,10403
3527243136072,43853
3527243235995,10389
3527243335917,10373
3527243435840,10670
3527243535762,10659
3527243635684,10609
3527243735606,10221
3527243835528,10180
3527243935450,10367
3527244035372,10218
3527244135294,10358
3527244235216,10205
3527244335138,10213
3527244435060,10231
3527244534983,10358
3527244634905,10258
3527244734827,10183
3527244834749,10179
3527244934671,10180
3527245034593,10150
3527245134515,10142
3527245234437,10184
3527245334359,10182
3527245434281,10549
3527245534203,10370
3527245634125,10386
3527245734047,10195
3527245833969,10171
3527245933891,10153
3527246033813,10184
3527246133735,10207
3527246233657,10141
3527246333579,10147
3527246433501,10327
3527246533423,10189
3527246633345,10197
3527246733267,10168
3527246833189,10190
3527246933111,10181
3527247033033,10182
3527247132955,10152
3527247232878,10189
3527247332801,10185
3527247432723,10376
3527247532645,10369
3527247632567,10370
3527247732489,10181
3527247832411,10355
3527247932333,10160
3527248032256,10413
3527248165342,43237
3527248265264,10382
3527248365186,10365
3527248465109,10581
3527248565056,10248
3527248664978,10306
3527248764900,10289
3527248864822,10272
3527248964744,10253
3527249064666,10214
3527249164588,10529
3527249264510,10225
3527249364432,10218
3527249464354,10383
3527249564277,10377
3527249664199,10367
3527249764121,10277
3527249864043,10237
3527249963965,10235
3527250063887,10236
3527250163809,10224
3527250263731,10213
3527250363653,10249
3527250463575,10249
3527250563497,10248
3527250663419,10443
3527250763352,10233
3527250863274,10232
3527250963196,10236
3527251063119,10234
3527251163041,10367
3527251262963,10373
3527251362885,10372
3527251462808,10354
3527251562730,10244
3527251662652,10260
3527251762574,10247
3527251862496,10250
3527251962418,10251
3527252062340,10293
3527252162263,10451
3527252262185,10268
3527252362107,10267
3527252462029,10277
3527252561951,10276
3527252661873,10363
3527252761795,10286
3527252861717,10288
3527252961639,10282
3527253061562,10359
3527253195167,44029
3527253295090,10392
3527253395012,10373
3527253494934,10368
3527253594856,10268
3527253694778,10306
3527253794700,10293
3527253894622,10255
3527253994544,10248
3527254094466,10257
3527254194388,10264
3527254294310,10260
3527254394232,10269
3527254494155,10324
3527254594077,10311
3527254694005,10509
3527254793928,10287
3527254893850,10284
3527254993772,10258
3527255093694,10372
3527255193616,10363
3527255293538,10367
3527255393460,10343
3527255493382,10248
3527255593304,10248
3527255693226,10257
3527255793148,10256
3527255893070,10234
3527255992992,10234
3527256092914,10262
3527256192836,10307
3527256292758,10253
3527256392680,10213
3527256492602,10214
3527256592524,10214
3527256692447,10355
3527256792369,10220
3527256892291,10272
3527256992213,10269
3527257092135,10264
3527257192057,10266
3527257291981,10274
3527257391903,10387
3527257491826,10386
3527257591748,10373
3527257691670,10227
3527257791592,10223
3527257891514,10216
3527257991436,10177
3527258091358,10227
3527258224982,44033
3527258324905,10596
3527258424828,10629
3527258524750,10628
3527258624672,10648
3527258724594,10293
3527258824516,10184
3527258924438,10192
3527259024367,10224
3527259124289,10195
3527259224211,10197
3527259324133,10241
3527259424055,10234
3527259523977,10090
3527259623899,10001
3527259723822,10005
3527259823744,10007
3527259923666,10007
3527260023588,10076
3527260123510,10012
3527260223432,10008
3527260323354,10007
3527260423276,10005
3527260523198,10093
3527260623120,10011
3527260723043,10044
3527260822965,10006
3527260922888,10013
3527261022810,10049
3527261122732,10021
3527261222654,10003
3527261322576,10016
3527261422498,10006
3527261522420,10010
3527261622342,10007
3527261722264,10016
3527261822186,10057
3527261922108,10022
3527262022030,10001
3527262121952,10015
3527262221874,10008
3527262321796,10011
3527262421718,10006
3527262521640,10014
3527262621563,10011
3527262721485,9999
3527262821407,9979
3527262921329,10154
3527263021251,9971
3527263121174,10075
3527263254388,43363
3527263354310,9991
3527263454232,9975
3527263554154,9974
3527263654076,9968
3527263753998,9976
3527263853920,9969
3527263953842,9977
3527264053764,9967
3527264153686,9963
3527264253608,9965
3527264353530,9973
3527264453452,9980
3527264553374,9978
3527264653296,10108
3527264753219,10035
3527264853141,10015
3527264953063,10021
3527265052985,10014
3527265152907,10009
3527265252829,10006
3527265352751,10009
3527265452673,10021
3527265552596,10002
3527265652518,10009
3527265752440,10020
3527265852362,10009
3527265952284,10010
3527266052206,10000
3527266152128,10002
3527266252051,10011
3527266351973,10005
3527266451895,10017
3527266551817,10019
3527266651739,10114
3527266751661,10033
3527266851583,10006
3527266951505,10019
3527267051427,10007
3527267151349,10005
3527267251271,10004
3527267351193,10009
3527267451115,10025
3527267551037,10001
3527267650960,10004
3527267750882,10011
3527267850805,10012
3527267950727,10015
3527268050649,10007
3527268150572,10084
3527268283854,43479
3527268383776,10436
3527268483698,10417
3527268583620,10422
3527268683543,10328
3527268783465,10029
3527268883387,10009
3527268983309,10014
3527269083231,10007
3527269183153,10009
3527269283096,10003
3527269383018,10007
3527269482940,10003
3527269582863,10000
3527269682785,10040
3527269782707,10019
3527269882629,10006
3527269982551,10004
3527270082473,10000
3527270182396,10012
3527270282319,10008
3527270382241,10002
3527270482163,10006
3527270582085,10014
3527270682008,10106
3527270781930,10047
3527270881852,9997
3527270981774,10008
3527271081696,10010
3527271181618,10004
3527271281540,10008
3527271381462,10009
3527271481385,10006
3527271581307,10055
3527271681229,10039
3527271781151,10012
3527271881073,10011
3527271980995,10009
3527272080917,10011
3527272180839,10010
3527272280761,10023
3527272380683,10010
3527272480605,10001
3527272580527,10005
3527272680450,10091
3527272780372,10023
3527272880294,10009
3527272980216,10011
3527273080138,10018
3527273180061,10100
3527273313290,43415
3527273413212,10129
3527273513134,10010
3527273613056,10011
3527273712979,10017
3527273812901,10015
3527273912823,10013
3527274012745,10013
3527274112667,10000
3527274212589,10003
3527274312511,10004
3527274412433,10098
3527274512355,10005
3527274612278,10016
3527274712201,10057
3527274812123,10016
3527274912045,10008
3527275011967,10011
3527275111889,10005
3527275211811,10004
3527275311733,10001
3527275411655,10107
3527275511577,10013
3527275611499,10000
3527275711421,10010
3527275811343,10002
3527275911265,10007
3527276011187,10001
3527276111109,10005
3527276211031,10008
3527276310953,10008
3527276410875,10109
3527276510797,10005
3527276610719,10013
3527276710641,10036
3527276810563,10007
3527276910485,10007
3527277010407,10011
3527277110329,10012
3527277210251,10007
3527277310173,10005
3527277410095,10056
3527277510017,10006
3527277609939,10025
3527277709861,10004
3527277809783,10349
3527277909706,10019
3527278009628,10015
3527278109550,10009
