721960104254,484045
721960204168,579
721960304070,570
721960403972,572
721960503874,572
721960603776,571
721960703678,572
721960803580,572
721960903482,571
721961003384,574
721961103286,569
721961203188,572
721961303090,569
721961402992,571
721961502894,572
721961602796,579
721961702698,572
721961802600,579
721961902502,572
721962002404,590
721962102306,570
721962202208,569
721962302110,575
721962402012,570
721962501914,571
721962601816,579
721962701718,572
721962801620,571
721962901522,574
721963001424,569
721963101326,570
721963201228,572
721963301130,573
721963401032,577
721963500934,572
721963600836,572
721963700738,572
721963800640,571
721963900542,574
721964000444,571
721964100346,569
721964200248,577
721964300150,571
721964400052,569
721964499954,571
721964599856,571
721964699758,572
721964799660,573
721964899562,575
721964999464,577
721965099366,569
721965199268,570
721965299170,570
721965399072,570
721965498974,573
721965598876,572
721965698778,573
721965798680,578
721965898582,576
721965998484,571
721966098386,569
721966198288,569
721966298190,573
721966398092,570
721966497994,572
721966597896,578
721966697798,592
721966797700,572
721966897602,574
721966997504,572
721967097406,569
721967197308,569
721967297210,570
721967397112,574
721967497014,572
721967596916,575
721967696818,573
721967796720,573
721967896622,573
721967996524,572
721968096426,573
721968196328,578
721968296230,569
721968396132,569
721968496034,572
721968595936,572
721968695838,572
721968795740,574
721968895642,576
721968995544,579
721969095446,573
721969195348,569
721969295250,572
721969395152,569
721969495054,569
721969594956,576
721970027376,333105
721970127278,577
721970227180,571
721970327082,569
721970426984,571
721970526886,571
721970626788,574
721970726690,573
721970826592,572
721970926494,579
721971026396,569
721971126298,571
721971226200,571
721971326102,571
721971426004,571
721971525906,573
721971625808,575
721971725710,579
721971825612,572
721971925514,572
721972025416,569
721972125318,573
721972225220,571
721972325122,572
721972425024,571
721972524926,576
721972624828,573
721972724730,577
721972824632,575
721972924534,574
721973024436,574
721973124338,569
721973224240,571
721973324142,576
721973424044,572
721973523946,572
721973623848,572
721973723750,572
721973823652,572
721973923554,573
721974023456,571
721974123358,577
721974223260,573
721974323162,570
721974423064,570
721974522966,572
721974622868,574
721974722770,571
721974822672,573
721974922574,578
721975022476,571
721975122378,569
721975222280,574
721975322182,570
721975422084,569
721975521986,573
721975621888,576
721975721790,579
721975821692,571
721975921594,575
721976021496,572
721976121398,569
721976221300,575
721976321202,591
721976421104,569
721976521006,577
721976620908,575
721976720811,573
721976820713,571
721976920615,573
721977020517,571
721977120419,569
721977220321,570
721977320223,576
721977420125,570
721977520027,570
721977619929,576
721977719831,573
721977819733,572
721977919635,572
721978019537,572
721978119439,579
721978219341,570
721978319243,572
721978419145,569
721978519047,569
721978618949,575
721978718851,573
721978818753,575
721978918655,578
721979018557,571
721979118459,571
721979218361,571
721979318263,574
721979418165,570
721979518067,569
721979617969,576
721980050506,333228
721980150408,570
721980250310,569
721980350212,569
721980450114,570
721980550016,572
721980649918,573
721980749820,571
721980849722,579
721980949624,577
721981049526,571
721981149428,569
721981249330,572
721981349232,572
721981449134,569
721981549036,574
721981648938,572
721981748840,573
721981848742,572
721981948644,573
721982048546,572
721982148448,572
721982248350,572
721982348252,570
721982448154,577
721982548056,570
721982647958,573
721982747860,574
721982847762,571
721982947664,576
721983047566,572
721983147468,572
721983247370,577
721983347273,569
721983447175,570
721983547077,570
721983646979,576
721983746881,573
721983846783,572
721983946685,574
721984046587,577
721984146489,573
721984246391,571
721984346293,569
721984446195,569
721984546097,569
721984645999,574
721984745901,571
721984845824,576
721984945726,571
721985045628,573
721985145530,572
721985245432,572
721985345334,570
721985445236,569
721985545138,569
721985645040,577
721985744942,575
721985844844,575
721985944746,574
721986044648,575
721986144550,574
721986244452,576
721986344354,569
721986444256,577
721986544158,569
721986644060,571
721986743962,573
721986843864,572
721986943766,572
721987043668,571
721987143570,573
721987243472,579
721987343374,575
721987443276,569
721987543178,569
721987643080,569
721987742982,575
721987842884,571
721987942786,573
721988042688,576
721988142590,571
721988242492,573
721988342394,571
721988442296,569
721988542198,570
721988642100,571
721988742003,570
721988841905,579
721988941807,575
721989041709,573
721989141611,572
721989241513,572
721989341415,572
721989441317,569
721989541219,569
721989977508,336976
721990077410,569
721990177312,570
721990277214,572
721990377116,570
721990477018,575
721990576920,574
721990676822,571
721990776724,579
721990876626,572
721990976528,572
721991076430,569
721991176332,569
721991276234,569
721991376136,570
721991476038,573
721991575940,591
721991675842,571
721991775744,572
721991875646,572
721991975548,572
721992075450,571
721992175352,569
721992275254,569
721992375156,574
721992475058,569
721992574960,576
721992674862,575
721992774764,610
721992874666,574
721992974568,574
721993074470,580
721993174372,576
721993274274,570
721993374176,570
721993474078,570
721993573980,572
721993673882,572
721993773784,571
721993873686,573
721993973588,579
721994073490,575
721994173392,569
721994273294,569
721994373196,569
721994473098,569
721994573002,569
721994672904,572
721994772806,579
721994872708,571
721994972610,573
721995072512,572
721995172414,570
721995272316,572
721995372218,569
721995472120,569
721995572022,576
721995671924,575
721995771826,574
721995871728,571
721995971630,572
721996071532,576
721996171434,574
721996271336,569
721996371238,624
721996471140,570
721996571042,569
721996670944,571
721996770846,572
721996870748,571
721996970650,573
721997070552,572
721997170454,578
721997270356,569
721997370258,570
721997470160,569
721997570062,571
721997669964,573
721997769866,571
721997869768,571
721997969670,578
721998069572,574
721998169474,571
721998269376,571
721998369278,570
721998469180,569
721998569082,570
721998668984,573
721998768886,575
721998868788,574
721998968690,572
721999068592,572
721999168494,572
721999268396,570
721999368298,569
721999468200,569
721999568102,577
722000000594,333182
722000100496,572
722000200398,569
722000300300,572
722000400202,569
722000500104,569
722000600006,570
722000699908,577
722000799810,571
722000899712,563
722000999614,573
722001099516,572
722001199418,569
722001299320,572
722001399222,569
722001499124,572
722001599026,573
722001698928,572
722001798830,572
722001898732,571
722001998634,590
722002098536,572
722002198438,571
722002298340,577
722002398242,569
722002498144,569
722002598046,570
722002697948,597
722002797850,572
722002897752,572
722002997654,572
722003097556,579
722003197458,574
722003297360,572
722003397262,572
722003497164,572
722003597066,575
722003696968,573
722003796870,572
722003896772,579
722003996674,572
722004096576,573
722004196478,572
722004296380,569
722004396282,570
722004496184,570
722004596086,571
722004695988,577
722004795890,572
722004895792,571
722004995694,572
722005095596,572
722005195498,572
722005295400,572
722005395302,569
722005495204,577
722005595106,572
722005695008,571
722005794910,577
722005894812,574
722005994714,575
722006094616,577
722006194518,574
722006294420,577
722006394322,569
722006494224,569
722006594126,569
722006694028,573
722006793930,571
722006893832,573
722006993734,572
722007093636,579
722007193538,572
722007293440,573
722007393342,569
722007493244,569
722007593146,569
722007693048,573
722007792950,573
722007892852,579
722007992754,571
722008092656,572
722008192558,572
722008292460,574
722008392362,569
722008492264,569
722008592166,570
722008692068,596
722008791970,572
722008891872,573
722008991774,571
722009091676,573
722009191578,572
722009291480,573
722009391382,569
722009491284,577
722009591202,575
722010028095,337582
722010127997,574
722010227899,573
722010327801,573
722010427703,572
722010527605,572
722010627507,579
722010727409,570
722010827311,569
722010927213,573
722011027115,569
722011127017,572
722011226919,572
722011326821,572
722011426723,579
722011526625,572
722011626527,573
722011726429,569
722011826331,571
722011926233,570
722012026135,569
722012126037,570
722012225939,579
722012325841,574
722012425743,578
722012525645,572
722012625547,574
722012725449,572
722012825351,569
722012925253,569
722013025155,577
722013125057,569
722013224959,578
722013324861,575
722013424763,577
722013524665,574
722013624567,575
722013724469,575
722013824371,577
722013924273,571
722014024175,570
722014124077,569
722014223979,571
722014323881,574
722014423783,572
722014523685,572
722014623587,579
722014723489,572
722014823391,569
722014923293,572
722015023195,572
722015123097,570
722015222999,574
722015322901,572
722015422803,579
722015522705,572
722015622607,576
722015722509,572
722015822411,569
722015922313,569
722016022215,569
722016122117,569
722016222019,577
722016321921,571
722016421823,571
722016521725,571
722016621627,575
722016721529,571
722016821431,571
722016921333,571
722017021235,576
722017121137,572
722017221039,575
722017320941,571
722017420843,572
722017520745,572
722017620647,572
722017720549,572
722017820451,579
722017920353,572
722018020255,569
722018120157,572
722018220059,569
722018319961,572
722018419863,572
722018519765,574
722018619667,576
722018719569,572
722018819471,572
722018919373,571
722019019275,569
722019119177,570
722019219079,571
722019318981,574
722019418883,579
722019518785,571
722019618687,573
722020055365,337361
722020155267,569
722020255169,570
722020355071,570
722020454973,586
722020554875,581
722020654777,574
722020754679,574
722020854581,574
722020954483,588
722021054385,569
722021154287,569
722021254189,570
722021354091,577
722021453993,573
722021553895,572
722021653797,572
722021753699,572
722021853601,572
722021953503,573
722022053405,569
722022153307,577
722022253209,569
722022353111,571
722022453013,571
722022552915,575
722022652817,591
722022752719,571
722022852621,573
722022952523,578
722023052425,569
722023152327,570
722023252229,571
722023352131,571
722023452033,571
722023551935,571
722023651837,571
722023751739,576
722023851641,571
722023951543,575
722024051445,571
722024151347,569
722024251249,573
722024351151,573
722024451053,569
722024550955,579
722024650857,571
722024750759,572
722024850661,573
722024950563,573
722025050465,572
722025150367,571
722025250269,571
722025350171,577
722025450073,569
722025549975,570
722025649877,572
722025749779,573
722025849681,573
722025949583,573
722026049485,571
722026149387,577
722026249289,569
722026349191,574
722026449093,569
722026548995,573
722026648897,575
722026748799,572
722026848701,571
722026948603,578
722027048505,572
722027148407,571
722027248309,569
722027348211,570
722027448113,569
722027548015,571
722027647917,573
722027747819,577
722027847721,571
722027947623,575
722028047525,572
722028147427,584
722028247329,569
722028347231,569
722028447133,570
722028547035,577
722028646937,575
722028746839,572
722028846741,572
722028946643,574
722029046545,572
722029146447,571
722029246349,572
722029346251,578
722029446153,569
722029546055,570
722029978457,333089
722030078359,570
722030178261,572
722030278163,571
722030378065,570
722030477967,579
722030577869,571
722030677771,572
722030777673,572
722030877575,572
722030977477,572
722031077379,569
722031177281,570
722031277183,577
722031377085,569
722031476987,575
722031576889,573
722031676791,572
722031776693,574
722031876595,572
722031976497,572
722032076399,576
722032176301,569
722032276203,572
722032376105,570
722032476007,572
722032575909,575
722032675811,572
722032775713,573
722032875615,579
722032975517,572
722033075419,569
722033175321,569
722033275223,569
722033375125,569
722033475027,570
722033574929,576
722033674831,581
722033774733,577
722033874635,577
722033974537,575
722034074439,574
722034174341,569
722034274243,569
722034374145,569
722034474047,569
722034573969,574
722034673871,572
722034773773,572
722034873675,573
722034973577,572
722035073479,572
722035173381,570
722035273283,577
722035373185,569
722035473087,569
722035572989,573
722035672891,574
722035772793,575
722035872695,573
722035972597,572
722036072499,580
722036172401,569
722036272303,571
722036372205,569
722036472107,569
722036572009,572
722036671911,595
722036771814,573
722036871716,579
722036971618,572
722037071520,575
722037171422,571
722037271324,572
722037371226,619
722037471128,570
722037571030,571
722037670932,578
722037770834,572
722037870736,571
722037970638,571
722038070540,572
722038170442,571
722038270344,572
722038370246,571
722038470148,577
722038570050,569
722038669952,572
722038769854,573
722038869756,574
722038969658,571
722039069560,573
722039169462,574
722039269364,576
722039369266,569
722039469168,570
722039569070,571
722040005327,336941
722040105229,569
722040205131,569
722040305033,574
722040404935,580
722040504837,575
722040604739,579
722040704641,595
722040804543,574
722040904445,577
722041004347,569
722041104249,569
722041204151,577
722041304053,571
722041403955,572
722041503857,571
722041603759,573
722041703661,577
722041803563,572
722041903465,573
722042003367,576
722042103269,569
722042203171,592
722042303073,595
722042402975,596
722042502877,597
722042602779,594
722042702681,573
722042802583,579
722042902485,572
722043002387,569
722043102289,570
722043202191,570
722043302094,571
722043401996,571
722043501898,572
722043601800,579
722043701702,574
722043801604,573
722043901506,572
722044001408,569
722044101310,569
722044201212,569
722044301114,575
722044401016,579
722044500918,573
722044600820,571
722044700722,588
722044800624,572
722044900526,572
722045000428,570
722045100334,570
722045200236,577
722045300138,570
722045400040,571
722045499942,574
722045599844,573
722045699746,574
722045799648,572
722045899550,577
722045999452,577
722046099354,569
722046199256,569
722046299158,575
722046399060,569
722046498962,576
722046598864,574
722046698766,571
722046798668,579
722046898570,571
722046998472,571
722047098374,569
722047198276,570
722047298178,570
722047398080,569
722047497982,575
722047597884,575
722047697786,572
722047797688,572
722047897590,574
722047997492,572
722048097394,570
722048197296,575
722048297198,572
722048397100,577
722048497003,570
722048596905,571
722048696807,575
722048796709,572
722048896611,571
722048996513,572
722049096415,569
722049196317,577
722049296219,572
722049396121,569
722049496023,570
722049595925,571
722050028376,333140
722050128278,570
722050228180,572
722050328082,577
722050427984,572
722050527886,572
722050627788,574
722050727690,572
722050827592,572
722050927494,574
722051027396,569
722051127298,574
722051227200,572
722051327102,569
722051427004,570
722051526906,572
722051626808,576
722051726710,572
722051826612,572
722051926514,580
722052026416,569
722052126318,569
722052226220,569
722052326122,570
722052426024,573
722052525926,576
722052625828,573
722052725730,578
722052825632,573
722052925534,575
722053025436,572
722053125338,569
722053225240,570
722053325142,574
722053425044,569
722053524946,578
722053624848,574
722053724750,576
722053824652,576
722053924554,577
722054024456,575
722054124358,572
722054224260,569
722054324162,576
722054424064,570
722054523966,572
722054623868,575
722054723770,574
722054823672,573
722054923574,572
722055023476,572
722055123378,577
722055223280,569
722055323182,572
722055423084,569
722055522986,574
722055622888,573
722055722790,574
722055822692,572
722055922594,576
722056022496,574
722056122398,572
722056222300,572
722056322202,575
722056422104,569
722056522006,570
722056621908,574
722056721810,576
722056821712,572
722056921614,572
722057021516,573
722057121418,570
722057221320,569
722057321222,569
722057421124,569
722057521026,577
722057620928,574
722057720830,571
722057820732,571
722057920634,575
722058020536,571
722058120438,571
722058220340,569
722058320242,578
722058420144,569
722058520046,569
722058619948,573
722058719850,572
722058819752,572
722058919654,576
722059019556,571
722059119458,579
722059219360,572
722059319279,573
722059419181,569
722059519083,569
722059618985,695
722060051337,333045
722060151239,569
722060251141,574
722060351043,570
722060450945,574
722060550847,575
722060650749,574
722060750651,572
722060850553,572
722060950455,576
722061050357,577
722061150259,572
722061250161,569
722061350063,574
722061449965,571
722061549867,573
722061649769,574
722061749671,571
722061849573,579
722061949475,572
722062049377,570
722062149279,569
722062249181,575
722062349083,571
722062448985,571
722062548887,607
722062648789,579
722062748691,572
722062848593,572
722062948495,573
722063048397,569
722063148299,570
722063248201,571
722063348103,572
722063448005,577
722063547907,572
722063647809,572
722063747711,572
722063847613,573
722063947515,576
722064047417,569
722064147319,587
722064247221,573
722064347123,570
722064447025,570
722064546927,572
722064646829,574
722064746731,574
722064846633,572
722064946535,572
722065046437,579
722065146339,569
722065246241,572
722065346143,569
722065446045,570
722065545947,573
722065645849,573
722065745751,575
722065845653,577
722065945555,572
722066045457,572
722066145359,569
722066245261,571
722066345163,569
722066445065,569
722066544967,573
722066644869,580
722066744771,576
722066844673,576
722066944575,575
722067044477,574
722067144379,569
722067244281,570
722067344183,569
722067444085,577
722067543987,572
722067643889,572
722067743791,573
722067843693,574
722067943595,572
722068043497,572
722068143399,569
722068243301,577
722068343203,569
722068443105,569
722068543007,571
722068642909,572
722068742811,574
722068842713,571
722068942615,573
722069042517,579
722069142419,569
722069242321,571
722069342223,570
722069442125,569
722069542027,570
722069974556,333217
722070074458,574
722070174360,578
722070274262,571
722070374164,570
722070474066,569
722070573968,572
722070673870,572
722070773772,573
722070873674,572
722070973576,578
722071073478,572
722071173380,573
722071273282,570
722071373184,569
722071473086,569
722071572988,573
722071672890,571
722071772792,576
722071872694,571
722071972596,571
722072072498,571
722072172400,570
722072272302,574
722072372204,570
722072472106,569
722072572008,576
722072671910,590
722072771812,578
722072871714,572
722072971616,573
722073071518,575
722073171420,571
722073271322,572
722073371224,625
722073471126,570
722073571028,573
722073670930,572
722073770832,573
722073870734,574
722073970636,572
722074070538,572
722074170440,590
722074270342,570
722074370244,572
722074470146,569
722074570048,569
722074669950,573
722074769852,575
722074869754,574
722074969656,579
722075069558,572
722075169460,571
722075269362,572
722075369264,570
722075469166,570
722075569068,574
722075668970,573
722075768872,579
722075868774,571
722075968676,572
722076068578,573
722076168480,571
722076268382,570
722076368284,569
722076468186,570
722076568088,577
722076667990,580
722076767892,572
722076867794,571
722076967696,572
722077067598,574
722077167500,571
722077267402,571
722077367304,577
722077467206,569
722077567108,569
722077667010,572
722077766912,573
722077866814,573
722077966716,571
722078066618,575
722078166520,573
722078266422,572
722078366324,572
722078466226,569
722078566128,569
722078666030,573
722078765932,571
722078865834,571
722078965736,579
722079065638,572
722079165540,572
722079265442,572
722079365344,569
722079465246,569
722079565148,569
722080001503,337044
722080101405,578
722080201307,569
722080301209,570
722080401111,569
722080501013,572
722080600915,571
722080700817,610
722080800719,571
722080900621,579
722081000523,572
722081100425,569
722081200327,572
722081300229,569
722081400131,569
722081500033,570
722081599935,573
722081699837,578
722081799739,572
722081899641,574
722081999543,572
722082099445,571
722082199347,569
722082299249,570
722082399151,569
722082499053,573
722082598955,572
722082698857,574
722082798759,574
722082898661,574
722082998563,571
722083098465,572
722083198367,571
722083298269,578
722083398171,570
722083498073,569
722083597975,571
722083697877,572
722083797779,572
722083897681,574
722083997583,573
722084097485,579
722084197387,571
722084297304,572
722084397206,569
722084497108,570
722084597010,570
722084696912,573
722084796814,571
722084896716,578
722084996618,571
722085096520,572
722085196422,572
722085296324,569
722085396226,569
722085496128,570
722085596030,570
722085695932,577
722085795834,572
722085895736,576
722085995638,572
722086095540,571
722086195442,571
722086295344,572
722086395246,569
722086495148,577
722086595050,569
722086694952,610
722086794854,575
722086894756,576
722086994658,574
722087094560,575
722087194462,575
722087294364,570
722087394266,569
722087494168,569
722087594070,569
722087693972,576
722087793874,573
722087893776,576
722087993678,573
722088093580,579
722088193482,572
722088293384,570
722088393286,569
722088493188,570
722088593090,570
722088692992,575
722088792894,573
722088892796,578
722088992698,572
722089092600,574
722089192502,572
722089292404,572
722089392306,571
722089492208,569
722089592110,573
722090024753,333341
722090124655,573
722090224557,574
722090324459,580
722090424361,569
722090524263,569
722090624165,574
722090724067,570
722090823969,579
722090923871,572
722091023773,574
722091123675,573
722091223577,572
722091323479,572
722091423381,569
722091523283,569
722091623185,578
722091723087,569
722091822989,571
722091922891,572
722092022793,575
722092122695,575
722092222597,577
722092322499,572
722092422401,577
722092522303,570
722092622205,569
722092722107,570
722092822009,572
722092921911,572
722093021813,571
722093121715,574
722093221617,579
722093321519,588
722093421421,569
722093521323,569
722093621225,569
722093721127,570
722093821029,572
722093920931,574
722094020833,579
722094120735,572
722094220637,575
722094320539,576
722094420441,571
722094520343,569
722094620245,571
722094720147,569
722094820049,575
722094919951,572
722095019853,571
722095119755,573
722095219657,576
722095319559,579
722095419461,571
722095519363,569
722095619265,578
722095719167,570
722095819069,569
722095918971,573
722096018873,572
722096118775,574
722096218677,575
722096318579,575
722096418481,579
722096518383,569
722096618285,572
722096718187,570
722096818089,569
722096917991,573
722097017893,572
722097117795,573
722097217697,578
722097317599,575
722097417501,572
722097517403,570
722097617305,571
722097717207,569
722097817109,569
722097917011,570
722098016913,579
722098116815,574
722098216717,571
722098316619,575
722098416521,572
722098516423,570
722098616325,572
722098716227,569
722098816129,576
722098916031,569
722099015933,572
722099115835,572
722099215737,573
722099315639,574
722099415541,572
722099515443,571
722099615345,577
722100047828,333167
722100147730,571
722100247632,572
722100347534,571
722100447436,572
722100547338,570
722100647240,574
722100747142,576
722100847044,572
722100946946,571
722101046848,572
722101146750,571
722101246652,574
722101346554,572
722101446456,571
722101546358,577
722101646260,569
722101746162,569
722101846064,569
722101945966,573
722102045868,575
722102145770,594
722102245672,597
722102345574,602
722102445476,595
722102545378,592
722102645280,594
722102745182,570
722102845084,569
722102944986,573
722103044888,573
722103144790,581
722103244692,573
722103344595,576
722103444497,574
722103544399,569
722103644301,571
722103744203,569
722103844105,569
722103944007,577
722104043909,571
722104143811,572
722104243713,572
722104343615,576
722104443517,572
722104543419,569
722104643321,571
722104743223,572
722104843125,569
722104943027,573
722105042929,574
722105142831,572
722105242733,575
722105342635,572
722105442537,572
722105542439,579
722105642341,571
722105742243,569
722105842145,569
722105942047,572
722106041949,575
722106141851,574
722106241753,574
722106341655,579
722106441557,572
722106541459,572
722106641361,571
722106741263,569
722106841165,569
722106941067,607
722107040969,571
722107140871,579
722107240773,574
722107340675,575
722107440577,573
722107540479,572
722107640381,569
722107740283,571
722107840185,569
722107940087,577
722108039989,571
722108139891,573
722108239793,573
722108339695,576
722108439597,572
722108539499,572
722108639401,572
722108739303,577
722108839205,572
722108939107,574
722109039024,575
722109138926,574
722109238828,571
722109338730,574
722109438632,572
722109538534,579
722109974912,337081
722110074814,575
722110174716,575
722110274618,579
722110374520,575
722110474422,570
722110574324,569
722110674226,577
722110774128,570
722110874030,570
722110973932,572
722111073834,573
722111173736,572
722111273638,574
722111373540,573
722111473442,578
722111573344,571
722111673246,569
722111773148,569
722111873050,570
722111972952,574
722112072854,572
722112172756,571
722112272658,579
722112372560,572
722112472462,571
722112572364,574
722112672266,569
722112772168,569
722112872070,570
722112971972,571
722113071874,583
722113171776,572
722113271678,573
722113371580,627
722113471482,572
722113571384,571
722113671286,572
722113771188,569
722113871090,577
722113970992,572
722114070894,573
722114170796,573
722114270698,572
722114370600,575
722114470502,572
722114570404,570
722114670306,575
722114770208,569
722114870110,569
722114970012,572
722115069914,574
722115169816,571
722115269718,574
722115369620,572
722115469522,579
722115569424,569
722115669326,572
722115769228,569
722115869130,569
722115969032,570
722116068934,572
722116168836,572
722116268738,579
722116368640,571
722116468542,572
722116568444,571
722116668346,569
722116768248,569
722116868150,569
722116968052,569
722117067954,579
722117167856,573
722117267758,574
722117367660,572
722117467562,573
722117567464,574
722117667366,570
722117767268,570
722117867170,576
722117967072,569
722118066974,572
722118166876,572
722118266778,576
722118366680,583
722118466582,572
722118566484,571
722118666386,577
722118766288,569
722118866190,569
722118966092,569
722119065994,572
722119165896,575
722119265798,573
722119365700,576
722119465602,579
722119565504,572
722119997911,333094
722120097813,572
722120197715,571
722120297617,575
722120397519,571
722120497421,569
722120597323,573
722120697225,570
722120797127,572
722120897029,586
722120996931,573
722121096833,571
722121196735,571
722121296637,572
722121396539,578
722121496441,571
722121596343,570
722121696245,571
722121796147,572
722121896049,570
722121995951,573
722122095853,571
722122195755,579
722122295657,575
722122395559,572
722122495461,572
722122595363,569
722122695265,593
722122795167,569
722122895069,570
722122994971,581
722123094873,574
722123194775,574
722123294677,576
722123394579,575
722123494481,575
722123594383,571
722123694285,569
722123794187,577
722123894089,569
722123993991,573
722124093893,572
722124193795,573
722124293697,573
722124393599,572
722124493501,572
722124593403,577
722124693305,569
722124793207,569
722124893109,571
722124993011,573
722125092913,611
722125192815,575
722125292717,573
722125392619,579
722125492521,572
722125592423,571
722125692325,569
722125792227,570
722125892129,572
722125992031,572
722126091933,573
722126191835,579
722126291737,573
722126391639,573
722126491541,572
722126591443,572
722126691345,569
722126791247,569
722126891149,575
722126991051,577
722127090953,571
722127190855,606
722127290757,572
722127390659,573
722127490561,572
722127590463,571
722127690365,569
722127790267,577
722127890169,571
722127990071,569
722128089973,572
722128189875,572
722128289777,574
722128389679,572
722128489581,573
722128589483,579
722128689385,570
722128789287,569
722128889189,570
722128989091,569
722129088993,573
722129188895,572
722129288797,573
722129388699,579
722129488601,572
722129588503,574
722130025234,337416
722130125136,570
722130225038,570
722130324940,573
722130424842,574
722130524744,578
722130624646,576
722130724548,574
722130824450,574
722130924352,572
722131024254,569
722131124156,569
722131224058,570
722131323960,579
722131423862,576
722131523764,574
722131623666,572
722131723568,572
722131823470,572
722131923372,572
722132023274,569
722132123176,577
722132223078,569
722132322980,573
722132422882,573
722132522784,572
722132622686,571
722132722588,573
722132822490,573
722132922392,578
722133022294,569
722133122196,569
722133222098,570
722133322002,574
722133421904,572
722133521806,572
722133621708,572
722133721610,577
722133821512,572
722133921414,571
722134021341,574
722134121243,569
722134221145,569
722134321047,572
722134420949,573
722134520851,579
722134620753,574
722134720655,572
722134820557,571
722134920459,574
722135020361,570
722135120263,569
722135220165,569
722135320067,577
722135419969,573
722135519871,571
722135619773,574
722135719675,572
722135819577,571
722135919479,574
722136019381,569
722136119283,578
722136219185,569
722136319087,570
722136418989,572
722136518891,572
722136618793,572
722136718695,571
722136818597,571
722136918499,580
722137018401,569
722137118303,570
722137218205,571
722137318107,572
722137418009,572
722137517911,572
722137617813,572
722137717715,576
722137817617,572
722137917519,576
722138017421,569
722138117323,571
722138217225,574
722138317127,571
722138417029,570
722138516931,578
722138616833,575
722138716735,574
722138816637,572
722138916539,572
722139016441,571
722139116343,570
722139216245,571
722139316147,577
722139416050,569
722139515952,576
722139615854,573
722140052494,337326
722140152396,569
722140252298,572
722140352200,571
722140452102,569
722140552004,571
722140651906,572
722140751808,574
722140851710,572
722140951612,576
722141051514,572
722141151416,569
722141251318,576
722141351220,569
722141451122,569
722141551024,576
722141650926,573
722141750828,572
722141850730,571
722141950632,574
722142050534,579
722142150436,572
722142250338,569
722142350240,570
722142450142,569
722142550044,571
722142649946,575
722142749848,572
722142849750,578
722142949652,576
722143049554,576
722143149456,571
722143249358,571
722143349260,569
722143449162,570
722143549064,570
722143648966,579
722143748868,573
722143848770,574
722143948672,575
722144048574,572
722144148476,571
722144248378,575
722144348280,572
722144448182,577
722144548084,569
722144647986,573
722144747888,576
722144847790,572
722144947692,573
722145047594,572
722145147496,572
722145247398,577
722145347300,570
722145447202,569
722145547104,570
722145647006,571
722145746908,575
722145846810,572
722145946712,575
722146046614,579
722146146516,572
722146246418,571
722146346320,575
722146446222,569
722146546124,569
722146646026,570
722146745929,576
722146845831,579
722146945733,574
722147045635,572
722147145537,574
722147245439,574
722147345341,572
722147445243,569
722147545145,569
722147645047,573
722147744949,576
722147844851,574
722147944753,579
722148044655,574
722148144557,573
722148244459,574
722148344361,569
722148444263,577
722148544165,569
722148644067,569
722148743969,572
722148843871,575
722148943773,574
722149043675,573
722149143577,576
722149243479,578
722149343381,571
722149443283,570
722149543185,569
722149979766,337272
722150079668,572
722150179570,573
722150279472,571
722150379374,577
722150479276,570
722150579178,569
722150679080,569
722150778982,573
722150878884,572
722150978786,572
722151078688,572
722151178590,579
722151278492,572
722151378394,569
722151478296,569
722151578198,569
722151678100,572
722151778003,586
722151877905,572
722151977807,579
722152077709,572
722152177611,573
722152277513,575
722152377415,569
722152477317,569
722152577219,569
722152677121,569
722152777023,577
722152876925,572
722152976827,572
722153076729,571
722153176631,572
722153276533,572
722153376435,572
722153476337,569
722153576239,577
722153676141,570
722153776043,596
722153875945,572
722153975847,574
722154075749,576
722154175651,571
722154275553,576
722154375455,579
722154475357,569
722154575259,570
722154675161,570
722154775063,570
722154874965,574
722154974867,575
722155074769,576
722155174671,578
722155274573,576
722155374475,574
722155474377,570
722155574279,571
722155674181,569
722155774083,569
722155873985,573
722155973887,578
722156073789,571
722156173691,572
722156273593,572
722156373495,572
722156473397,569
722156573299,569
722156673201,570
722156773103,577
722156873005,571
722156972907,574
722157072809,572
722157172711,571
722157272613,575
722157372515,573
722157472417,570
722157572319,577
722157672221,572
722157772123,569
722157872025,570
722157971927,573
722158071829,576
722158171731,571
722158271633,576
722158371535,640
722158471437,571
722158571339,569
722158671241,570
722158771159,571
722158871061,570
722158970963,573
722159070865,573
722159170767,578
722159270669,574
722159370571,577
722159470473,572
722159570375,571
722160003029,333364
722160102931,572
722160202833,572
722160302735,578
722160402637,571
722160502539,571
722160602441,573
722160702343,569
722160802245,569
722160902147,574
722161002049,571
722161101951,574
722161201853,573
722161301755,574
722161401657,572
722161501559,573
722161601461,573
722161701363,569
722161801265,569
722161901167,576
722162001069,572
722162100971,578
722162200873,599
722162300775,598
722162400677,597
722162500579,595
722162600481,594
722162700383,577
722162800285,569
722162900187,573
722163000089,569
722163099991,571
722163199893,570
722163299796,574
722163399698,574
722163499600,577
722163599502,572
722163699404,570
722163799306,569
722163899208,570
722163999110,569
722164099012,570
722164198914,572
722164298816,579
722164398718,572
722164498620,571
722164598522,572
722164698424,586
722164798326,570
722164898228,569
722164998130,569
722165098032,577
722165197934,572
722165297836,573
722165397738,575
722165497640,571
722165597542,572
722165697444,573
722165797346,569
722165897248,577
722165997150,569
722166097052,569
722166196954,574
722166296856,575
722166396758,572
722166496660,572
722166596562,573
722166696464,579
722166796366,569
722166896268,572
722166996170,569
722167096072,572
722167195974,572
722167295876,573
722167395778,574
722167495680,580
722167595582,572
722167695484,572
722167795386,569
722167895288,571
722167995190,569
722168095092,569
722168194994,575
722168294896,581
722168394798,576
722168494700,574
722168594602,575
722168694504,574
722168794406,569
722168894308,571
722168994210,569
722169094112,577
722169194014,570
722169293916,574
722169393818,571
722169493720,572
722169593622,573
722170030044,337102
722170129946,572
722170229848,578
722170329750,573
722170429652,572
722170529554,572
722170629456,573
722170729358,570
722170829260,569
722170929162,572
722171029064,574
722171128966,576
722171228868,573
722171328770,577
722171428672,572
722171528574,578
722171628476,574
722171728378,569
722171828280,577
722171928182,572
722172028084,569
722172127986,572
722172227888,572
722172327790,572
722172427692,571
722172527594,572
722172627496,580
722172727398,607
722172827300,569
722172927202,575
722173027104,569
722173127006,571
722173226908,572
722173326810,575
722173426712,579
722173526614,572
722173626516,574
722173726418,570
722173826320,569
722173926222,574
722174026124,569
722174126026,575
722174225928,579
722174325830,575
722174425732,574
722174525634,571
722174625536,572
722174725438,572
722174825340,569
722174925242,569
722175025144,579
722175125046,570
722175224948,578
722175324850,578
722175424752,574
722175524654,577
722175624556,577
722175724458,576
722175824360,578
722175924262,569
722176024164,570
722176124066,570
722176223968,571
722176323870,573
722176423772,573
722176523674,572
722176623576,579
722176723478,573
722176823380,572
722176923282,569
722177023184,569
722177123086,572
722177222988,574
722177322890,572
722177422792,577
722177522694,572
722177622596,575
722177722498,572
722177822400,569
722177922302,571
722178022204,569
722178122106,573
722178222008,577
722178321910,576
722178421812,574
722178521714,572
722178621616,571
722178721518,572
722178821420,569
722178921322,572
722179021224,577
722179121126,571
722179221028,570
722179320930,572
722179420832,572
722179520734,573
722179953061,333008
722180052963,586
722180152865,579
722180252767,574
722180352669,572
722180452571,572
722180552473,571
722180652375,569
722180752277,570
722180852179,569
722180952081,576
722181051983,575
722181151885,572
722181251787,574
722181351689,571
722181451591,572
722181551493,572
722181651395,569
722181751297,577
722181851199,569
722181951101,571
722182051003,574
722182150905,573
722182250807,574
722182350709,573
722182450611,573
722182550513,579
722182650415,569
722182750317,569
722182850219,569
722182950121,571
722183050023,572
722183149925,572
722183249827,577
722183349729,579
722183449631,571
722183549533,571
722183649435,574
722183749357,571
722183849259,570
722183949161,572
722184049063,569
722184148965,579
722184248867,576
722184348769,575
722184448671,573
722184548573,572
722184648475,575
722184748377,570
722184848279,569
722184948181,576
722185048083,569
722185147985,571
722185247887,573
722185347789,573
722185447691,578
722185547593,572
722185647495,574
722185747397,578
722185847299,569
722185947201,569
722186047103,570
722186147005,569
722186246907,572
722186346809,571
722186446711,572
722186546613,576
722186646515,571
722186746417,569
722186846319,569
722186946221,571
722187046123,569
722187146025,572
722187245927,575
722187345829,579
722187445731,572
722187545633,572
722187645535,575
722187745437,572
722187845339,570
722187945241,572
722188045143,569
722188145045,577
722188244947,573
722188344849,574
722188444751,574
722188544653,577
722188644555,577
722188744457,574
722188844359,569
722188944261,577
722189044163,569
722189144065,569
722189243967,572
722189343869,572
722189443771,572
722189543673,572
722189976086,333098
722190075988,579
722190175890,571
722190275792,573
722190375694,571
722190475596,573
722190575498,573
722190675400,569
722190775302,569
722190875204,575
722190975106,569
722191075008,575
722191174910,574
722191274812,575
722191374714,574
722191474616,574
722191574518,580
722191674420,576
722191774322,569
722191874224,569
722191974126,569
722192074028,570
722192173930,574
722192273832,571
722192373734,572
722192473636,577
722192573538,571
722192673440,570
722192773342,569
722192873244,569
722192973146,569
722193073048,569
722193172950,572
722193272852,573
722193372754,571
722193472656,572
722193572558,572
722193672460,573
722193772362,569
722193872264,569
722193972166,569
722194072068,577
722194171970,572
722194271872,572
722194371774,608
722194471676,572
722194571578,572
722194671480,572
722194771382,569
722194871284,577
722194971186,569
722195071088,569
722195170990,574
722195270892,573
722195370794,585
722195470696,572
722195570598,574
722195670500,578
722195770402,570
722195870304,569
722195970206,569
722196070108,571
722196170010,571
722196269912,572
722196369814,572
722196469716,576
722196569618,573
722196669520,572
722196769422,569
722196869324,569
722196969226,569
722197069128,571
722197169030,571
722197268932,578
722197368834,574
722197468736,572
722197568638,577
722197668540,572
722197768442,574
722197868344,570
722197968246,569
722198068148,576
722198168050,569
722198267952,571
722198367854,572
722198467756,574
722198567658,572
722198667560,572
722198767462,572
722198867364,578
722198967266,569
722199067168,569
722199167070,569
722199266972,573
722199366874,571
722199466776,572
722199566678,573
722200003159,337165
722200103061,569
722200202963,573
722200302865,573
722200402767,572
722200502669,572
722200602571,571
722200702473,572
722200802375,577
722200902277,572
722201002179,569
722201102081,569
722201201983,573
722201301885,574
722201401787,571
722201501689,571
722201601591,579
722201701493,572
722201801395,569
722201901297,569
722202001199,569
722202101101,569
722202201003,572
722202300905,572
722202400807,579
722202500709,573
722202600611,572
722202700513,573
722202800415,569
722202900317,572
722203000219,569
722203100121,569
722203200023,576
722203299925,572
722203399827,573
722203499729,573
722203599631,574
722203699533,572
722203799435,571
722203899337,574
722203999239,575
722204099141,569
722204199043,572
722204298945,571
722204398847,572
722204498749,573
722204598651,571
722204698553,584
722204798455,574
722204898357,572
722204998259,569
722205098161,569
722205198063,571
722205297965,572
722205397867,571
722205497769,574
722205597671,579
722205697573,573
722205797475,571
722205897377,571
722205997279,570
722206097181,569
722206197083,569
722206296985,573
722206396887,577
722206496789,571
722206596691,572
722206696593,573
722206796495,572
722206896397,575
722206996299,569
722207096201,569
722207196103,577
722207296005,571
722207395907,572
722207495809,571
722207595711,573
722207695613,575
722207795515,572
722207895417,574
722207995319,577
722208095221,575
722208195123,569
722208295025,572
722208394927,573
722208494845,581
722208594747,574
722208694649,596
722208794551,582
722208894453,577
722208994355,569
722209094257,571
722209194159,569
722209294061,571
722209393963,571
722209493865,571
722209593767,576
722210029941,336908
722210129843,572
722210229745,577
722210329647,572
722210429549,573
722210529451,571
722210629353,571
722210729255,577
722210829157,569
722210929059,571
722211028961,574
722211128863,575
722211228765,572
722211328667,574
722211428569,572
722211528471,583
722211628373,573
722211728275,569
722211828177,569
722211928079,572
722212027981,573
722212127883,572
722212227785,572
722212327687,579
722212427589,573
722212527491,572
722212627393,571
722212727295,569
722212827197,569
722212927099,574
722213027003,571
722213126905,579
722213226807,573
722213326709,576
722213426611,571
722213526513,572
722213626415,569
722213726317,570
722213826219,569
722213926121,575
722214026023,575
722214125925,572
722214225827,573
722214325729,573
722214425631,572
722214525533,572
722214625435,575
722214725337,569
722214825240,572
722214925142,572
722215025044,573
722215124946,577
722215224848,574
722215324750,576
722215424652,576
722215524554,582
722215624456,577
722215724358,569
722215824260,569
722215924162,571
722216024064,569
722216123966,572
722216223868,576
722216323770,579
722216423672,571
722216523574,571
722216623476,576
722216723378,570
722216823280,569
722216923182,572
722217023084,569
722217122986,577
722217222888,573
722217322790,574
722217422692,572
722217522594,573
722217622496,575
722217722398,571
722217822300,569
722217922202,577
722218022104,569
722218122006,573
722218221908,571
722218321810,574
722218421712,572
722218521614,573
722218621516,574
722218721418,573
722218821320,569
722218921222,571
722219021124,569
722219121026,570
722219220928,571
722219320830,573
722219420732,574
722219520634,578
722219957057,337113
722220056959,572
722220156861,608
722220256763,573
722220356665,572
722220456567,580
722220556469,571
722220656371,576
722220756273,569
722220856175,571
722220956077,570
722221055979,571
722221155881,571
722221255783,575
722221355685,577
722221455587,586
722221555489,572
722221655391,569
722221755293,569
722221855195,569
722221955097,571
722222054999,576
722222154901,577
722222254803,576
722222354705,580
722222454607,587
722222554509,575
722222654411,569
722222754313,570
722222854215,569
722222954117,572
722223054019,577
722223153921,575
722223253823,573
722223353726,572
722223453628,572
722223553530,572
722223653432,571
722223753334,569
722223853236,577
722223953138,571
722224053040,569
722224152942,575
722224252844,574
722224352746,574
722224452648,572
722224552550,572
722224652452,575
722224752354,569
722224852256,569
722224952158,571
722225052060,570
722225151962,571
722225251864,571
722225351766,571
722225451668,579
722225551570,572
722225651472,573
722225751374,569
722225851276,569
722225951178,570
722226051080,569
722226150982,571
722226250884,579
722226350786,571
722226450688,572
722226550590,572
722226650492,574
722226750394,570
722226850296,569
722226950198,570
722227050100,575
722227150002,572
722227249904,578
722227349806,572
722227449708,572
722227549610,573
722227649512,576
722227749414,574
722227849316,577
722227949218,569
722228049120,569
722228149022,575
722228248924,574
722228348826,572
722228448728,572
722228548630,573
722228648532,579
722228748434,571
722228848336,569
722228948238,570
722229048140,570
722229148042,572
722229247944,573
722229347846,572
722229447748,579
722229547650,573
722229984339,337371
722230084241,569
722230184143,569
722230284045,569
722230383947,572
722230483849,572
722230583751,579
722230683653,572
722230783555,573
722230883457,573
722230983359,569
722231083261,570
722231183163,569
722231283065,571
722231382967,578
722231482869,572
722231582771,573
722231682673,572
722231782575,572
722231882477,575
722231982379,569
722232082281,569
722232182183,577
722232282085,569
722232381987,571
722232481889,573
722232581791,571
722232681693,572
722232781595,595
722232881497,572
722232981399,575
722233081301,572
722233181203,569
722233281105,569
722233381007,571
722233480926,574
722233580828,573
722233680730,576
722233780632,614
722233880534,572
722233980436,571
722234080338,571
722234180240,569
722234280142,570
722234380044,575
722234479946,572
722234579848,579
722234679750,572
722234779652,573
722234879554,572
722234979456,571
722235079358,569
722235179260,569
722235279162,570
722235379064,577
722235478966,576
722235578868,572
722235678770,574
722235778672,572
722235878574,571
722235978476,572
722236078378,569
722236178280,590
722236278182,570
722236378084,570
722236477986,575
722236577888,571
722236677790,573
722236777692,571
722236877594,573
722236977496,579
722237077398,569
722237177300,571
722237277202,570
722237377104,569
722237477006,571
722237576908,572
722237676810,573
722237776712,575
722237876614,572
722237976516,572
722238076418,572
722238176320,571
722238276222,571
722238376124,569
722238476026,570
722238575928,592
722238675830,572
722238775732,574
722238875634,572
722238975536,572
722239075438,576
722239175340,572
722239275242,571
722239375144,577
722239475046,571
722239574948,575
722240007251,332990
722240107153,569
722240207055,569
722240306957,572
722240406859,572
722240506761,579
722240606663,572
722240706565,573
722240806467,571
722240906369,574
722241006271,569
722241106173,569
722241206075,569
722241305977,579
722241405879,575
722241505781,573
722241605683,574
722241705585,574
722241805487,572
722241905389,569
722242005291,570
722242105193,577
722242205095,569
722242304997,574
722242404899,575
722242504801,573
722242604703,574
722242704605,595
722242804507,575
722242904409,578
722243004311,569
722243104213,569
722243204115,569
722243304017,572
722243403919,572
722243503821,572
722243603723,575
722243703625,575
722243803527,572
722243903429,573
722244003331,569
722244103233,574
722244203135,569
722244303037,571
722244402939,572
722244502841,579
722244602743,575
722244702645,574
722244802547,572
722244902449,573
722245002351,569
722245102253,569
722245202155,570
722245302057,578
722245401959,576
722245501861,576
722245601763,573
722245701665,572
722245801567,573
722245901469,573
722246001371,570
722246101273,571
722246201175,571
722246301077,569
722246400979,573
722246500881,572
722246600783,572
722246700685,595
722246800587,572
722246900489,579
722247000391,569
722247100293,569
722247200195,571
722247300097,571
722247399999,572
722247499901,572
722247599803,582
722247699705,577
722247799607,571
722247899509,572
722247999411,569
722248099313,569
722248199215,569
722248299117,572
722248399019,571
722248498921,578
722248598823,571
722248698725,571
722248798627,571
722248898529,573
722248998431,571
722249098333,569
722249198235,571
722249298137,577
722249398039,572
722249497941,575
722249597843,573
722250030306,333152
722250130208,570
722250230110,570
722250330012,569
722250429914,579
722250529816,573
722250629718,574
722250729620,573
722250829522,572
722250929424,571
722251029326,571
722251129228,569
722251229130,577
722251329032,570
722251428934,573
722251528836,576
722251628738,572
722251728640,573
722251828542,572
722251928444,571
722252028346,578
722252128248,569
722252228150,569
722252328052,572
722252427954,572
722252527856,572
722252627758,571
722252727660,573
722252827562,580
722252927464,572
722253027366,569
722253127268,569
722253227170,569
722253327072,570
722253426974,572
722253526876,572
722253626778,579
722253726680,572
722253826582,575
722253926484,572
722254026386,571
722254126288,569
722254226190,569
722254326092,571
722254425994,583
722254525896,594
722254625798,571
722254725700,573
722254825602,571
722254925504,572
722255025406,571
722255125308,569
722255225210,577
722255325112,570
722255425014,570
722255524916,573
722255624818,578
722255724720,573
722255824622,574
722255924524,576
722256024426,582
722256124328,571
722256224230,570
722256324132,592
722256424034,569
722256523936,572
722256623838,573
722256723740,571
722256823642,579
722256923544,574
722257023446,571
722257123348,572
722257223250,572
722257323152,571
722257423054,569
722257522956,572
722257622858,578
722257722760,572
722257822662,572
722257922564,573
722258022466,571
722258122368,570
722258222285,575
722258322187,569
722258422089,574
722258521991,571
722258621893,574
722258721795,572
722258821697,573
722258921599,572
722259021501,572
722259121403,571
722259221305,577
722259321207,569
722259421109,569
722259521011,571
722259953258,332929
722260053160,570
722260153062,571
722260252964,572
722260352866,579
722260452768,572
722260552670,573
722260652572,576
722260752474,571
722260852376,569
722260952278,571
722261052180,569
722261152082,578
722261251984,572
722261351886,571
722261451788,572
722261551690,573
722261651592,573
722261751494,572
722261851396,569
722261951298,576
722262051200,569
722262151102,569
722262251004,571
722262350906,574
722262450808,574
722262550710,572
722262650612,572
722262750514,579
722262850416,569
722262950318,571
722263050220,569
722263150122,569
722263250024,569
722263349926,572
722263449828,571
722263549730,579
722263649632,571
722263749534,573
722263849436,571
722263949338,572
722264049240,569
722264149142,570
722264249044,571
722264348946,579
722264448848,573
722264548750,571
722264648652,571
722264748554,572
722264848456,572
722264948358,572
722265048260,569
722265148162,575
722265248064,574
722265347966,571
722265447868,574
722265547770,572
722265647672,573
722265747574,572
722265847476,572
722265947378,577
722266047280,570
722266147182,569
722266247084,569
722266346986,573
722266446888,574
722266546790,571
722266646692,573
722266746594,579
722266846496,572
722266946398,572
722267046300,569
722267146202,569
722267246104,572
722267346006,571
722267445908,573
722267545810,579
722267645712,575
722267745614,574
722267845516,574
722267945418,572
722268045320,569
722268145222,570
722268245124,569
722268345026,577
722268444928,574
722268544830,577
722268644732,576
722268744634,575
722268844536,575
722268944438,577
722269044340,569
722269144242,576
722269244144,570
722269344046,570
722269443948,573
722269543850,574
722269980501,337342
722270080403,569
722270180305,572
722270280207,577
722270380109,569
722270480011,571
722270579913,572
722270679815,571
722270779717,572
722270879619,571
722270979521,572
722271079423,574
722271179325,572
722271279227,574
722271379129,570
722271479031,570
722271578933,574
722271678835,573
722271778737,573
722271878639,579
722271978541,572
722272078443,571
722272178345,569
722272278247,571
722272378149,570
722272478051,569
722272577953,571
722272677855,579
722272777757,596
722272877659,574
722272977561,571
722273077463,571
722273177365,569
722273277267,571
722273377169,569
722273477071,577
722273576973,573
722273676875,576
722273776777,572
722273876679,573
722273976581,571
722274076483,572
722274176385,569
722274276287,577
722274376189,570
722274476091,569
722274575993,571
722274675895,573
722274775797,573
722274875699,572
722274975601,573
722275075503,579
722275175405,569
722275275307,572
722275375209,569
722275475111,569
722275575013,569
722275674915,574
722275774817,578
722275874719,581
722275974621,577
722276074523,574
722276174425,569
722276274327,571
722276374229,569
722276474131,570
722276574033,573
722276673935,578
722276773837,572
722276873739,572
722276973641,572
722277073543,572
722277173445,571
722277273347,570
722277373249,569
722277473151,577
722277573053,569
722277672955,571
722277772857,572
722277872759,571
722277972661,572
722278072563,572
722278172465,571
722278272367,576
722278372269,569
722278472171,569
722278572073,569
722278671975,577
722278771877,572
722278871779,573
722278971681,571
722279071583,583
722279171485,573
722279271387,571
722279371289,622
722279471191,572
722279571093,571
722280007481,337077
722280107383,569
722280207285,573
722280307187,570
722280407089,569
722280506991,573
722280606893,572
722280706795,573
722280806697,572
722280906599,575
722281006501,579
722281106403,570
722281206305,570
722281306207,570
722281406109,569
722281506011,572
722281605913,574
722281705815,571
722281805717,579
722281905619,576
722282005521,573
722282105423,569
722282205325,592
722282305227,594
722282405129,607
722282505031,592
722282604933,602
722282704835,595
722282804737,574
722282904639,576
722283004541,560
722283104443,574
722283204363,572
722283304266,570
722283404168,577
722283504070,569
722283603972,572
722283703874,573
722283803776,571
722283903678,574
722284003580,571
722284103482,570
722284203384,577
722284303286,572
722284403188,570
722284503090,569
722284602992,573
722284702894,572
722284802796,572
722284902698,575
722285002600,577
722285102502,572
722285202404,569
722285302306,575
722285402208,569
722285502110,569
722285602012,574
722285701914,572
722285801816,579
722285901718,574
722286001620,573
722286101522,573
722286201424,570
722286301326,571
722286401228,569
722286501130,569
722286601032,571
722286700934,595
722286800836,573
722286900738,572
722287000640,571
722287100542,576
722287200444,571
722287300346,572
722287400248,577
722287500150,569
722287600052,570
722287699954,573
722287799856,575
722287899758,572
722287999660,571
722288099562,571
722288199464,579
722288299366,571
722288399268,569
722288499170,569
722288599072,569
722288698974,574
722288798876,571
722288898778,574
722288998680,578
722289098582,572
722289198484,572
722289298386,572
722289398288,570
722289498190,569
722289598092,569
722290034644,337248
722290134546,581
722290234448,577
722290334350,571
722290434252,569
722290534154,569
722290634056,571
722290733958,576
722290833860,572
722290933762,577
722291033664,572
722291133566,573
722291233468,575
722291333370,571
722291433272,569
722291533174,569
722291633076,571
722291732978,579
722291832880,574
722291932782,574
722292032684,573
722292132586,572
722292232488,572
722292332390,569
722292432292,570
722292532194,577
722292632096,571
722292731998,573
722292831900,572
722292931802,573
722293031704,574
722293131606,575
722293231508,572
722293331410,577
722293431312,570
722293531214,569
722293631116,571
722293731018,570
722293830920,571
722293930822,574
722294030724,572
722294130626,579
722294230528,573
722294330430,573
722294430332,569
722294530234,569
722294630136,569
722294730038,569
722294829940,571
722294929842,579
722295029744,573
722295129646,572
722295229548,572
722295329450,574
722295429352,570
722295529254,569
722295629156,570
722295729058,577
722295828960,572
722295928862,572
722296028764,572
722296128666,579
722296228568,572
722296328470,572
722296428372,570
722296528274,577
722296628176,570
722296728078,570
722296827980,572
722296927882,571
722297027784,571
722297127686,574
722297227588,572
722297327490,579
722297427392,569
722297527294,570
722297627196,569
722297727098,569
722297827001,573
722297926903,572
722298026805,571
722298126707,579
722298226609,571
722298326511,576
722298426413,569
722298526315,569
722298626217,569
722298726119,569
722298826021,572
722298925923,572
722299025825,571
722299125727,572
722299225629,573
722299325531,575
722299425433,571
722299525335,569
722299961824,337174
722300061726,578
722300161628,572
722300261530,573
722300361432,573
722300461334,569
722300561236,570
722300661138,569
722300761040,571
722300860942,575
722300960844,574
722301060746,573
722301160648,572
722301260550,573
722301360452,572
722301460354,569
722301560256,569
722301660158,578
722301760060,570
722301859962,572
722301959864,610
722302059766,573
722302159668,573
722302259570,575
722302359472,572
722302459374,570
722302559276,570
722302659178,590
722302759080,569
722302858982,576
722302958884,572
722303058786,572
722303158688,572
722303258590,578
722303358492,573
722303458394,569
722303558296,571
722303658198,572
722303758100,569
722303858003,571
722303957905,575
722304057807,578
722304157709,573
722304257611,587
722304357513,572
722304457415,629
722304557317,569
722304657219,569
722304757121,570
722304857023,577
722304956925,573
722305056827,571
722305156729,574
722305256631,572
722305356533,573
722305456435,578
722305556337,569
722305656239,577
722305756141,571
722305856043,569
722305955945,576
722306055847,572
722306155749,576
722306255651,574
722306355553,572
722306455455,586
722306555357,569
722306655259,569
722306755161,569
722306855063,569
722306954965,586
722307054867,575
722307154769,576
722307254671,580
722307354573,575
722307454475,586
722307554377,569
722307654279,570
722307754181,570
722307854083,569
722307954008,571
722308053910,579
722308153812,571
722308253714,575
722308353616,571
722308453518,571
722308553420,569
722308653322,591
722308753224,570
722308853126,578
722308953028,572
722309052930,572
722309152832,572
722309252734,575
722309352636,573
722309452538,572
722309552440,571
722309988847,337097
722310088749,573
722310188651,573
722310288553,571
722310388455,572
722310488357,569
722310588259,571
722310688161,570
722310788063,578
722310887965,571
722310987867,572
722311087769,571
722311187671,573
722311287573,573
722311387475,571
722311487377,569
722311587279,571
722311687181,605
722311787083,569
722311886985,573
722311986887,572
722312086789,572
722312186691,575
722312286593,576
722312386495,579
722312486397,569
722312586299,569
722312686201,569
722312786103,569
722312886005,569
722312985907,574
722313085809,571
722313185711,579
722313285613,573
722313385515,572
722313485417,569
722313585319,569
722313685221,573
722313785123,571
722313885025,569
722313984927,581
722314084829,576
722314184731,576
722314284633,578
722314384535,576
722314484437,575
722314584339,569
722314684241,569
722314784143,577
722314884045,569
722314983947,572
722315083849,595
722315183751,576
722315283653,573
722315383555,573
722315483457,571
722315583359,577
722315683261,571
722315783163,569
722315883065,569
722315982967,573
722316082869,574
722316182771,571
722316282673,573
722316382575,576
722316482477,571
722316582379,575
722316682281,570
722316782183,570
722316882085,571
722316981987,572
722317081889,572
722317181791,579
722317281693,575
722317381595,572
722317481497,572
722317581399,571
722317681301,572
722317781203,569
722317881105,570
722317981007,577
722318080909,574
722318180811,571
722318280713,572
722318380615,571
722318480517,572
722318580419,569
722318680321,570
722318780223,577
722318880125,572
722318980027,570
722319079929,571
722319179831,572
722319279733,574
722319379635,573
722319479537,572
722319579439,576
722320015855,337109
722320115757,573
722320215659,571
722320315561,574
722320415463,571
722320515365,569
722320615267,574
722320715169,577
722320815071,571
722320914973,577
722321014875,580
722321114777,576
722321214679,575
722321314581,575
722321414483,574
722321514385,577
722321614287,571
722321714189,570
722321814091,569
722321913993,575
722322013895,573
722322113797,571
722322213699,572
722322313601,580
722322413503,572
722322513405,569
722322613307,569
722322713209,570
722322813111,569
722322913013,571
722323012915,572
722323112817,579
722323212719,575
722323312621,574
722323412523,572
722323512425,570
722323612327,569
722323712229,570
722323812131,569
722323912033,577
722324011935,572
722324111837,572
722324211739,574
722324311641,573
722324411543,572
722324511445,571
722324611347,569
722324711249,577
722324811151,569
722324911053,575
722325010955,572
722325110857,572
722325210759,572
722325310661,576
722325410563,572
722325510465,577
722325610367,569
722325710269,569
722325810171,569
722325910073,573
722326009975,578
722326109877,574
722326209779,608
722326309681,578
722326409583,573
722326509485,572
722326609387,569
722326709289,570
722326809191,569
722326909093,570
722327008995,572
722327108897,579
722327208799,573
722327308701,573
722327408603,572
722327508505,571
722327608407,569
722327708309,569
722327808211,569
722327908113,575
722328008015,571
722328107917,572
722328207819,573
722328307721,574
722328407623,573
722328507525,573
722328607427,569
722328707329,577
722328807231,569
722328907133,569
722329007035,570
722329106937,572
722329206839,573
722329306741,572
722329406643,573
722329506545,573
722329606447,573
722330038868,333111
722330138770,574
722330238672,571
722330338574,574
722330438476,572
722330538378,569
722330638280,573
722330738182,569
722330838084,573
722330937986,575
722331037888,573
722331137790,575
722331237692,572
722331337594,574
722331437496,579
722331537398,569
722331637300,571
722331737202,569
722331837104,569
722331937006,571
722332036908,572
722332136810,572
722332236712,585
722332336614,574
722332436516,572
722332536418,569
722332636320,569
722332736222,569
722332836124,569
722332936045,570
722333035947,578
722333135849,576
722333235751,572
722333335653,571
722333435555,574
722333535457,572
722333635359,569
722333735261,570
722333835163,577
722333935065,571
722334034967,575
722334134869,575
722334234771,575
722334334673,575
722334434575,575
722334534477,575
722334634379,578
722334734281,570
722334834183,569
722334934085,573
722335033987,572
722335133889,571
722335233791,573
722335333693,576
722335433595,579
722335533497,572
722335633399,570
722335733301,570
722335833203,570
722335933105,570
722336033007,570
722336132909,572
722336232811,578
722336332713,574
722336432615,572
722336532517,572
722336632419,570
722336732321,569
722336832223,569
722336932125,570
722337032027,577
722337131929,573
722337231831,575
722337331733,581
722337431635,572
722337531537,572
722337631439,573
722337731341,571
722337831243,575
722337931145,569
722338031047,569
722338130949,571
722338230851,576
722338330753,573
722338430655,572
722338530557,572
722338630459,579
722338730361,569
722338830263,569
722338930165,575
722339030067,569
722339129969,573
722339229871,572
722339329773,575
722339429675,579
722339529577,572
722339962015,333121
722340061917,572
722340161819,572
722340261721,574
722340361623,573
722340461525,571
722340561427,579
722340661329,569
722340761231,569
722340861133,569
722340961035,571
722341060937,573
722341160839,571
722341260741,575
722341360643,579
722341460545,572
722341560447,570
722341660349,571
722341760251,569
722341860153,571
722341960055,605
722342059957,571
722342159859,602
722342259761,595
722342359663,594
722342459565,595
722342559467,594
722342659369,612
722342759271,569
722342859173,569
722342959075,576
722343058977,573
722343158879,572
722343258781,573
722343358684,575
722343458586,573
722343558488,571
722343658390,573
722343758292,577
722343858194,569
722343958096,571
722344057998,572
722344157900,572
722344257802,573
722344357704,576
722344457606,623
722344557508,579
722344657410,569
722344757312,570
722344857214,569
722344957116,569
722345057018,572
722345156920,572
722345256822,576
722345356724,579
722345456626,580
722345556528,572
722345656430,574
722345756332,570
722345856234,569
722345956136,569
722346056038,569
722346155940,576
722346255842,573
722346355744,573
722346455646,579
722346555548,572
722346655450,572
722346755352,569
722346855254,569
722346955156,577
722347055058,569
722347154960,573
722347254862,574
722347354764,573
722347454666,589
722347554568,576
722347654470,576
722347754372,574
722347854274,569
722347954176,569
722348054078,569
722348153980,573
722348253882,572
722348353784,573
722348453686,572
722348553588,579
722348653490,587
722348753392,570
722348853294,569
722348953196,569
722349053098,569
722349153001,570
722349252903,573
722349352805,578
722349452707,572
722349552609,573
722349989134,337207
722350089036,572
722350188938,574
722350288840,574
722350388742,573
722350488644,579
722350588546,572
722350688448,571
722350788350,569
722350888252,571
722350988154,569
722351088056,570
722351187958,573
722351287860,576
722351387762,572
722351487664,573
722351587566,572
722351687468,571
722351787370,569
722351887272,574
722351987174,569
722352087076,569
722352186978,576
722352286880,572
722352386782,571
722352486684,571
722352586586,574
722352686488,572
722352786390,569
722352886292,576
722352986194,569
722353086096,571
722353185998,572
722353285900,572
722353385802,572
722353485704,572
722353585606,575
722353685508,577
722353785410,569
722353885312,573
722353985214,569
722354085116,569
722354185018,571
722354284920,574
722354384822,573
722354484724,582
722354584626,574
722354684528,575
722354784430,569
722354884332,569
722354984234,569
722355084136,592
722355184038,571
722355283940,579
722355383842,572
722355483744,571
722355583646,573
722355683548,574
722355783450,571
722355883352,569
722355983254,569
722356083156,577
722356183058,575
722356282960,572
722356382862,572
722356482764,571
722356582666,571
722356682568,574
722356782470,571
722356882372,577
722356982274,569
722357082176,569
722357182078,569
722357281980,572
722357381882,572
722357481784,573
722357581686,575
722357681606,581
722357781508,572
722357881410,569
722357981312,569
722358081214,571
722358181116,570
722358281018,573
722358380920,573
722358480822,578
722358580724,572
722358680626,572
722358780528,587
722358880430,570
722358980332,569
722359080234,571
722359180136,571
722359280038,577
722359379940,572
722359479842,571
722359579744,574
722360016270,337219
722360116172,569
722360216074,571
722360315976,572
722360415878,579
722360515780,574
722360615682,572
722360715584,573
722360815486,572
722360915388,571
722361015290,569
722361115192,571
722361215094,576
722361314996,573
722361414898,574
722361514800,575
722361614702,574
722361714604,576
722361814506,575
722361914408,571
722362014310,577
722362114212,569
722362214114,569
722362314016,569
722362413918,572
722362513820,571
722362613722,574
722362713624,572
722362813526,579
722362913428,575
722363013330,569
722363113232,569
722363213134,569
722363313036,570
722363412938,572
722363512840,574
722363612742,584
722363712644,571
722363812546,571
722363912448,573
722364012350,569
722364112252,571
722364212154,569
722364312056,569
722364411958,579
722364511860,573
722364611762,573
722364711664,571
722364811566,573
722364911468,575
722365011370,569
722365111272,569
722365211174,577
722365311076,572
722365410978,574
722365510880,571
722365610782,576
722365710684,571
722365810586,571
722365910488,577
722366010390,577
722366110292,569
722366210194,569
722366310096,569
722366409998,571
722366509900,572
722366609802,572
722366709704,573
722366809606,579
722366909508,572
722367009410,569
722367109312,569
722367209214,569
722367309116,571
722367409018,571
722367508920,572
722367608822,579
722367708724,573
722367808626,573
722367908528,572
722368008430,569
722368108332,569
722368208234,569
722368308136,572
722368408038,578
722368507940,571
722368607842,571
722368707744,574
722368807646,571
722368907548,574
722369007450,571
722369107352,569
722369207254,576
722369307156,570
722369407058,571
722369506960,572
722369606862,573
722370043636,337461
722370143538,572
722370243440,571
722370343342,577
722370443244,569
722370543146,569
722370643049,575
722370742951,573
722370842853,571
722370942755,572
722371042657,573
722371142559,579
722371242461,572
722371342363,569
722371442265,569
722371542167,569
722371642069,572
722371741971,572
722371841873,571
722371941775,578
722372041677,571
722372141579,571
722372241481,571
722372341383,571
722372441285,569
722372541187,569
722372641089,569
722372740991,579
722372840893,571
722372940795,573
722373040697,574
722373140599,572
722373240501,572
722373340403,569
722373440305,569
722373540207,577
722373640109,571
722373740011,573
722373839913,574
722373939815,575
722374039717,572
722374139619,575
722374239521,572
722374339423,570
722374439325,569
722374539227,569
722374639129,571
722374739031,571
722374838933,572
722374938835,572
722375038737,571
722375138639,578
722375238541,572
722375338443,571
722375438345,570
722375538247,569
722375638149,571
722375738051,569
722375837953,576
722375937855,578
722376037757,573
722376137659,572
722376237561,571
722376337463,572
722376437365,569
722376537267,569
722376637169,569
722376737071,577
722376836973,572
722376936875,574
722377036777,571
722377136679,573
722377236581,572
722377336483,573
722377436385,570
722377536287,577
722377636189,569
722377736091,569
722377835993,572
722377935895,574
722378035797,574
722378135699,574
722378235601,573
722378335503,579
722378435405,569
722378535307,569
722378635209,569
722378735111,570
722378835013,570
722378934915,574
722379034817,574
722379134719,580
722379234621,577
722379334523,575
722379434425,569
722379534327,569
722379970767,337134
722380070669,573
722380170571,573
722380270473,579
722380370375,571
722380470277,569
722380570179,569
722380670081,570
722380769983,576
722380869885,571
722380969787,571
722381069689,579
722381169591,575
722381269493,572
722381369395,569
722381469297,570
722381569199,572
722381669101,572
722381769003,569
722381868905,579
722381968807,573
722382068709,573
722382168611,572
722382268513,572
722382368415,568
722382468317,569
722382568219,572
722382668140,582
722382768042,570
722382867944,572
722382967846,573
722383067748,573
722383167650,572
722383267552,573
722383367454,576
722383467356,577
722383567258,569
722383667160,571
722383767062,571
722383866964,573
722383966866,572
722384066768,573
722384166670,571
722384266572,580
722384366474,577
722384466376,569
722384566278,569
722384666180,569
722384766082,569
722384865984,574
722384965886,575
722385065788,579
722385165690,572
722385265592,574
722385365494,573
722385465396,570
722385565298,569
722385665200,571
722385765102,569
722385865004,575
722385964906,575
722386064808,573
722386164710,573
722386264612,575
722386364514,576
722386464416,569
722386564318,569
722386664220,575
722386764122,570
722386864024,571
722386963926,572
722387063828,571
722387163730,571
722387263632,575
722387363534,572
722387463436,579
722387563338,571
722387663240,569
722387763142,569
722387863044,569
722387962946,571
722388062848,571
722388162750,572
722388262652,594
722388362554,572
722388462456,571
722388562358,571
722388662260,586
722388762162,570
722388862064,569
722388961966,572
722389061868,579
722389161770,574
722389261672,573
722389361574,575
722389461476,571
722389561378,570
722389997855,337162
722390097757,571
722390197659,579
722390297561,575
722390397463,572
722390497365,569
722390597267,569
722390697169,569
722390797071,569
722390896973,571
722390996875,578
722391096777,571
722391196679,575
722391296581,574
722391396483,571
722391496385,569
722391596287,569
722391696189,569
722391796091,573
722391895993,578
722391995895,573
722392095797,571
722392195699,571
722392295601,576
722392395503,572
722392495405,569
722392595307,577
722392695209,589
722392795111,569
722392895013,571
722392994915,573
722393094817,575
722393194719,577
722393294621,576
722393394523,582
722393494425,569
722393594327,569
722393694229,573
722393794131,569
722393894033,572
722393993935,573
722394093837,572
722394193739,586
722394293641,574
722394393543,572
722394493445,571
722394593347,570
722394693249,569
722394793151,570
722394893053,572
722394992955,579
722395092857,572
722395192759,572
722395292661,573
722395392563,572
722395492465,571
722395592367,575
722395692269,571
722395792171,575
722395892073,571
722395991975,577
722396091877,573
722396191779,571
722396291681,574
722396391583,571
722396491485,571
722396591387,577
722396691289,570
722396791191,569
722396891093,571
722396990995,571
722397090897,572
722397190799,571
722397290701,574
722397390603,579
722397490505,571
722397590407,569
722397690309,573
722397790211,569
722397890113,570
722397990015,569
722398089917,572
722398189819,578
722398289721,574
722398389623,572
722398489525,573
722398589427,569
722398689329,591
722398789231,569
722398889133,569
722398989035,592
722399088937,571
722399188839,571
722399288741,573
722399388643,572
722399488545,572
722399588447,572
722400024909,337167
722400124811,616
722400224713,573
722400324615,574
722400424517,574
722400524419,569
722400624321,571
722400724223,570
722400824125,569
722400924027,576
722401023929,573
722401123831,572
722401223733,574
722401323635,573
722401423537,571
722401523439,571
722401623341,572
722401723243,577
722401823145,569
722401923047,572
722402022949,572
722402122851,571
722402222753,595
722402322655,594
722402422557,596
722402522459,602
722402622361,608
722402722263,569
722402822165,569
722402922067,569
722403021969,571
722403121871,572
722403221773,575
722403321676,576
722403421578,572
722403521480,571
722403621382,573
722403721284,595
722403821186,569
722403921088,572
722404020990,574
722404120892,579
722404220794,573
722404320696,574
722404420598,571
722404520500,571
722404620402,572
722404720304,570
722404820206,569
722404920108,571
722405020010,569
722405119912,576
722405219814,575
722405319716,573
722405419618,573
722405519520,572
722405619422,573
722405719324,577
722405819226,569
722405919128,571
722406019030,569
722406118932,571
722406218834,572
722406318736,573
722406418638,572
722406518540,579
722406618442,573
722406718344,569
722406818246,569
722406918148,569
722407018050,569
722407117952,571
722407217854,571
722407317756,579
722407417673,579
722407517575,572
722407617477,573
722407717379,571
722407817281,571
722407917183,569
722408017085,569
722408116987,578
722408216889,571
722408316791,573
722408416693,572
722408516595,573
722408616497,574
722408716400,570
722408816302,569
722408916204,577
722409016106,569
722409116008,569
722409215910,572
722409315812,574
722409415714,572
722409515616,575
722409615518,698
722410051980,337167
722410151882,572
722410251784,571
722410351686,571
722410451588,573
722410551490,572
722410651392,573
722410751294,570
722410851196,574
722410951098,570
722411051002,570
722411150904,572
722411250806,573
722411350708,571
722411450610,571
722411550512,572
722411650414,577
722411750316,569
722411850218,569
722411950120,574
722412050022,569
722412149924,572
722412249826,578
722412349728,572
722412449630,579
722412549532,572
722412649434,571
722412749336,570
722412849238,569
722412949140,570
722413049042,569
722413148944,571
722413248846,578
722413348748,574
722413448650,573
722413548552,573
722413648454,572
722413748356,569
722413848258,569
722413948160,571
722414048062,577
722414147964,572
722414247866,573
722414347768,573
722414447670,572
722414547572,575
722414647474,572
722414747376,570
722414847278,577
722414947180,571
722415047082,569
722415146984,573
722415246886,574
722415346788,574
722415446690,572
722415546592,572
722415646494,579
722415746396,571
722415846298,570
722415946200,570
722416046102,569
722416146004,573
722416245906,571
722416345808,575
722416445710,579
722416545612,572
722416645514,572
722416745416,569
722416845318,569
722416945220,569
722417045122,572
722417145024,569
722417244926,581
722417344828,578
722417444730,575
722417544632,574
722417644534,575
722417744436,574
722417844338,569
722417944240,569
722418044142,613
722418144044,571
722418243946,572
722418343848,572
722418443750,574
722418543652,572
722418643554,572
722418743457,572
722418843359,572
722418943261,575
722419043163,569
722419143065,569
722419242967,574
722419342869,572
722419442771,571
722419542673,574
722419979503,337516
722420079405,570
722420179307,569
722420279209,570
722420379111,569
722420479013,570
722420578915,571
722420678817,571
722420778719,578
722420878621,573
722420978523,573
722421078425,569
722421178327,569
722421278229,569
722421378131,569
722421478033,570
722421577935,579
722421677837,575
722421777739,571
722421877641,572
722421977543,572
722422077445,571
722422177347,571
722422277249,573
722422377151,577
722422477053,569
722422576955,572
722422676857,575
722422776759,573
722422876661,572
722422976563,572
722423076465,571
722423176367,577
722423276269,571
722423376171,569
722423476073,569
722423575975,572
722423675877,574
722423775779,572
722423875681,573
722423975583,579
722424075485,576
722424175387,569
722424275289,569
722424375191,569
722424475093,570
722424574995,575
722424674897,575
722424774799,581
722424874701,575
722424974603,576
722425074505,576
722425174407,568
722425274309,571
722425374211,569
722425474113,569
722425574015,575
722425673917,573
722425773819,572
722425873721,573
722425973623,573
722426073525,575
722426173427,571
722426273329,569
722426373231,577
722426473133,572
722426573035,573
722426672937,574
722426772839,573
722426872741,572
722426972643,572
722427072545,571
722427172447,577
722427272349,570
722427372251,569
722427472153,569
722427572055,569
722427671957,571
722427771859,573
722427871761,573
722427971663,579
722428071565,576
722428171467,571
722428271369,572
722428371271,618
722428471173,569
722428571075,569
722428670977,571
722428770879,579
722428870781,571
722428970683,571
722429070585,579
722429170487,571
722429270389,571
722429370291,569
722429470193,569
722429570095,577
722430002466,333056
722430102368,569
722430202270,569
722430302172,575
722430402074,570
722430501976,572
722430601878,573
722430701780,579
722430801682,572
722430901584,573
722431001486,571
722431101388,569
722431201290,569
722431301192,569
722431401094,569
722431500996,592
722431600898,574
722431700800,573
722431800702,573
722431900604,577
722432000506,571
722432100408,570
722432200310,569
722432300212,578
722432400131,573
722432500033,571
722432599935,572
722432699837,572
722432799739,572
722432899641,576
722432999543,572
722433099445,579
722433199347,572
722433299249,575
722433399151,569
722433499053,569
722433598955,571
722433698857,573
722433798759,574
722433898661,580
722433998563,572
722434098465,571
722434198367,571
722434298269,571
722434398171,569
722434498073,569
722434597975,571
722434697877,614
722434797779,574
722434897681,573
722434997583,572
722435097485,571
722435197387,571
722435297289,570
722435397191,569
722435497093,577
722435596995,571
722435696897,572
722435796799,572
722435896701,576
722435996603,573
722436096505,573
722436196407,569
722436296309,576
722436396211,569
722436496113,569
722436596015,571
722436695917,572
722436795819,576
722436895721,572
722436995623,573
722437095525,579
722437195427,571
722437295329,573
722437395231,569
722437495133,569
722437595035,571
722437694937,573
722437794839,572
722437894741,587
722437994643,574
722438094545,574
722438194447,574
722438294349,575
722438394251,569
722438494153,569
722438594055,569
722438693957,579
722438793859,571
722438893761,573
722438993663,571
722439093565,571
722439193467,572
722439293369,571
722439393271,569
722439493173,576
722439593075,569
722440025605,333221
722440125507,572
722440225409,569
722440325311,575
722440425213,569
722440525115,569
722440625017,577
722440724919,575
722440824821,575
722440924723,575
722441024625,579
722441124527,575
722441224429,569
722441324331,569
722441424233,577
722441524135,569
722441624037,571
722441723939,571
722441823841,575
722441923743,574
722442023645,571
722442123547,571
722442223449,579
722442323351,569
722442423253,571
722442523155,569
722442623057,570
722442722959,573
722442822861,571
722442922763,572
722443022665,579
722443122567,572
722443222469,571
722443322371,570
722443422273,569
722443522175,569
722443622077,572
722443721979,571
722443821881,579
722443921783,574
722444021685,571
722444121587,571
722444221489,574
722444321391,571
722444421293,569
722444521195,569
722444621097,576
722444720999,573
722444820901,572
722444920803,573
722445020705,574
722445120607,573
722445220509,572
722445320411,571
722445420313,577
722445520215,569
722445620117,571
722445720019,569
722445819921,571
722445919823,571
722446019725,572
722446119627,575
722446219529,579
722446319431,571
722446419333,569
722446519235,570
722446619137,570
722446719039,570
722446818941,575
722446918843,574
722447018745,578
722447118647,574
722447218549,574
722447318451,576
722447418353,569
722447518255,569
722447618157,573
722447718059,569
722447817961,579
722447917863,573
722448017765,572
722448117667,573
722448217569,572
722448317471,572
722448417373,569
722448517275,569
722448617177,578
722448717079,570
722448816981,572
722448916883,571
722449016785,571
722449116687,573
722449216589,572
722449316491,571
722449416393,577
722449516295,569
722449952720,337122
722450052622,571
722450152524,573
722450252426,569
722450352328,569
722450452230,569
722450552132,577
722450652034,569
722450751936,574
722450851838,574
722450951740,573
722451051642,572
722451151544,571
722451251446,571
722451351348,577
722451451250,570
722451551152,569
722451651054,580
722451750956,572
722451850858,573
722451950760,574
722452050662,572
722452150564,582
722452250466,571
722452350368,569
722452450270,569
722452550172,569
722452650074,569
722452749976,576
722452849878,575
722452949780,579
722453049682,572
722453149584,575
722453249486,576
722453349388,571
722453449290,569
722453549192,570
722453649094,569
722453748996,579
722453848898,571
722453948800,573
722454048702,571
722454148604,575
722454248506,571
722454348408,571
722454448310,569
722454548212,577
722454648114,569
722454748016,571
722454847918,572
722454947820,573
722455047722,574
722455147624,573
722455247526,575
722455347428,579
722455447330,569
722455547232,569
722455647134,571
722455747036,572
722455846938,571
722455946840,572
722456046742,571
722456146644,579
722456246546,573
722456346448,571
722456446350,569
722456546252,570
722456646154,570
722456746056,569
722456845958,573
722456945860,579
722457045762,574
722457145682,573
722457245584,574
722457345486,572
722457445388,569
722457545290,569
722457645192,570
722457745094,570
722457844996,575
722457944898,574
722458044800,574
722458144702,574
722458244604,578
722458344506,574
722458444408,569
722458544310,577
722458644212,570
722458744114,569
722458844016,571
722458943918,572
722459043820,573
722459143722,573
722459243624,573
722459343526,578
722459443428,570
722459543330,569
