3534916790798,59304
3534916890739,1555
3534916990663,1572
3534917090586,1562
3534917190509,1561
3534917290431,1243
3534917390353,1244
3534917490275,1244
3534917590197,1243
3534917690119,1245
3534917790041,1245
3534917889963,1247
3534917989885,1248
3534918089807,1247
3534918189729,1244
3534918289651,1244
3534918389573,1243
3534918489495,1244
3534918589417,1244
3534918689340,1262
3534918789262,1249
3534918889184,1245
3534918989106,1253
3534919089028,1253
3534919188950,1256
3534919288872,1252
3534919388794,1250
3534919488716,1247
3534919588638,1248
3534919688560,1283
3534919788482,1243
3534919888404,1249
3534919988326,1248
3534920088249,1245
3534920188171,1248
3534920288093,1243
3534920388015,1253
3534920487937,1257
3534920587859,1253
3534920687782,1252
3534920787704,1249
3534920887626,1248
3534920987548,1249
3534921087470,1250
3534921187392,1250
3534921287314,1249
3534921387236,1249
3534921487158,1249
3534921587080,1250
3534921687004,1253
3534921786926,1257
3534921886848,1253
3534921986770,1251
3534922086692,1243
3534922186614,1246
3534922286536,1247
3534922386458,1244
3534922486380,1249
3534922586302,1248
3534922686225,1247
3534922786147,1249
3534922886069,1243
3534922985991,1250
3534923085913,1259
3534923185835,1264
3534923285757,1252
3534923385679,1247
3534923485601,1251
3534923585523,1244
3534923685445,1248
3534923785367,1244
3534923885289,1253
3534923985212,1250
3534924085135,1252
3534924185058,1248
3534924284981,1258
3534924384903,1247
3534924484826,1249
3534924584748,1243
3534924684670,1244
3534924784592,1255
3534924884514,1250
3534924984436,1249
3534925084359,1249
3534925184281,1246
3534925284204,1251
3534925384126,1250
3534925484049,1254
3534925583971,1261
3534925683893,1262
3534925783816,1260
3534925883738,1253
3534925983661,1255
3534926083584,1254
3534926183506,1254
3534926283428,1255
3534926383350,1254
3534926483272,1255
3534926583194,1253
3534926683117,1256
3534926783040,1299
3534926916234,34563
3534927016157,1250
3534927116079,1249
3534927216005,1243
3534927315927,1247
3534927415849,1246
3534927515771,1245
3534927615693,1244
3534927715615,1294
3534927815537,1292
3534927915459,1294
3534928015381,1293
3534928115303,1292
3534928215225,1293
3534928315147,1292
3534928415069,1295
3534928514991,1297
3534928614913,1248
3534928714835,1254
3534928814757,1252
3534928914679,1249
3534929014601,1246
3534929114523,1248
3534929214445,1249
3534929314367,1248
3534929414289,1248
3534929514211,1250
3534929614133,1249
3534929714056,1249
3534929813978,1259
3534929913900,1260
3534930013822,1266
3534930113744,1252
3534930213666,1254
3534930313588,1253
3534930413510,1253
3534930513432,1253
3534930613354,1253
3534930713277,1253
3534930813200,1260
3534930913122,1254
3534931013044,1258
3534931112966,1260
3534931212888,1263
3534931312810,1260
3534931412732,1248
3534931512654,1248
3534931612576,1248
3534931712498,1249
3534931812420,1248
3534931912342,1251
3534932012264,1249
3534932112186,1249
3534932212108,1248
3534932312030,1249
3534932411952,1252
3534932511874,1257
3534932611796,1250
3534932711719,1243
3534932811641,1244
3534932911563,1243
3534933011485,1243
3534933111407,1244
3534933211329,1245
3534933311251,1250
3534933411173,1245
3534933511095,1242
3534933611017,1249
3534933710940,1251
3534933810862,1250
3534933910784,1250
3534934010706,1249
3534934110628,1248
3534934210551,1251
3534934310473,1249
3534934410396,1253
3534934510319,1249
3534934610241,1248
3534934710164,1250
3534934810086,1250
3534934910008,1257
3534935009930,1256
3534935109852,1257
3534935209775,1253
3534935309697,1250
3534935409619,1250
3534935509541,1248
3534935609463,1249
3534935709385,1255
3534935809307,1249
3534935909229,1249
3534936009151,1250
3534936109074,1250
3534936208997,1256
3534936308919,1258
3534936408841,1258
3534936508763,1252
3534936608685,1249
3534936708608,1248
3534936808531,1330
3534936942071,34964
3534937041993,1308
3534937141916,1349
3534937241839,1349
3534937341761,1347
3534937441684,1349
3534937541606,1347
3534937641528,1349
3534937741450,1279
3534937841372,1277
3534937941294,1292
3534938041216,1296
3534938141138,1299
3534938241069,1301
3534938340991,1301
3534938440934,1302
3534938540856,1297
3534938640778,1295
3534938740701,1278
3534938840623,1279
3534938940545,1280
3534939040467,1279
3534939140390,1279
3534939240312,1279
3534939340234,1278
3534939440156,1281
3534939540078,1266
3534939640003,1264
3534939739925,1266
3534939839847,1261
3534939939769,1246
3534940039691,1243
3534940139613,1244
3534940239535,1243
3534940339457,1244
3534940439379,1244
3534940539301,1258
3534940639224,1257
3534940739147,1298
3534940839072,1265
3534940938994,1280
3534941038916,1282
3534941138838,1281
3534941238760,1280
3534941338682,1280
3534941438605,1294
3534941538527,1293
3534941638449,1292
3534941738372,1278
3534941838295,1293
3534941938217,1294
3534942038139,1299
3534942138070,1301
3534942237992,1301
3534942337914,1298
3534942437836,1295
3534942537758,1284
3534942637680,1278
3534942737602,1280
3534942837524,1280
3534942937446,1277
3534943037368,1277
3534943137290,1294
3534943237213,1295
3534943337135,1293
3534943437057,1294
3534943536979,1293
3534943636901,1300
3534943736823,1295
3534943836745,1279
3534943936667,1279
3534944036589,1278
3534944136511,1279
3534944236433,1278
3534944336355,1278
3534944436278,1283
3534944536201,1283
3534944636123,1278
3534944736045,1266
3534944835967,1300
3534944935889,1260
3534945035811,1259
3534945135733,1242
3534945235655,1244
3534945335577,1243
3534945435500,1293
3534945535422,1291
3534945635344,1293
3534945735266,1293
3534945835188,1263
3534945935110,1301
3534946035032,1280
3534946134954,1282
3534946234876,1281
3534946334798,1280
3534946434720,1279
3534946534642,1278
3534946634564,1279
3534946734487,1279
3534946834410,1321
3534946967610,34615
3534947067532,1292
3534947167454,1293
3534947267376,1279
3534947367299,1342
3534947467222,1262
3534947567144,1264
3534947667070,1266
3534947766992,1284
3534947866914,1281
3534947966836,1282
3534948066758,1281
3534948166680,1278
3534948266602,1278
3534948366524,1279
3534948466446,1279
3534948566368,1279
3534948666290,1294
3534948766213,1295
3534948866135,1298
3534948966070,1300
3534949065992,1302
3534949165914,1298
3534949265836,1315
3534949365758,1282
3534949465680,1295
3534949565602,1292
3534949665524,1292
3534949765446,1278
3534949865368,1278
3534949965291,1292
3534950065213,1296
3534950165135,1298
3534950265057,1315
3534950364979,1372
3534950464901,1301
3534950564823,1294
3534950664746,1295
3534950764668,1278
3534950864590,1285
3534950964512,1278
3534951064434,1279
3534951164356,1277
3534951264278,1281
3534951364200,1296
3534951464122,1296
3534951564044,1294
3534951663966,1300
3534951763888,1264
3534951863810,1263
3534951963732,1247
3534952063654,1246
3534952163576,1246
3534952263498,1247
3534952363420,1247
3534952463342,1296
3534952563264,1264
3534952663187,1266
3534952763110,1267
3534952863032,1281
3534952962954,1302
3534953062876,1284
3534953162798,1284
3534953262720,1286
3534953362642,1278
3534953462564,1293
3534953562486,1293
3534953662408,1293
3534953762330,1289
3534953862252,1294
3534953962174,1300
3534954062096,1301
3534954162018,1303
3534954261940,1303
3534954361862,1297
3534954461784,1295
3534954561706,1279
3534954661629,1318
3534954761552,1279
3534954861474,1280
3534954961396,1279
3534955061318,1291
3534955161240,1294
3534955261163,1297
3534955361085,1300
3534955461007,1295
3534955560929,1295
3534955660851,1297
3534955760773,1281
3534955860695,1279
3534955960617,1279
3534956060539,1280
3534956160461,1280
3534956260383,1278
3534956360305,1277
3534956460227,1279
3534956560150,1299
3534956660072,1266
3534956759994,1266
3534956859917,1342
3534956993487,34976
3534957093409,1282
3534957193331,1259
3534957293253,1296
3534957393175,1265
3534957493097,1296
3534957593019,1296
3534957692941,1357
3534957792863,1336
3534957892785,1350
3534957992707,1336
3534958092629,1328
3534958192551,1328
3534958292473,1330
3534958392395,1329
3534958492317,1330
3534958592239,1329
3534958692161,1314
3534958792083,1279
3534958892005,1293
3534958991927,1294
3534959091849,1296
3534959191771,1247
3534959291693,1246
3534959391615,1244
3534959491537,1279
3534959591459,1243
3534959691381,1244
3534959791303,1259
3534959891225,1260
3534959991168,1264
3534960091090,1266
3534960191012,1280
3534960290934,1282
3534960390856,1282
3534960490778,1283
3534960590700,1279
3534960690622,1278
3534960790544,1279
3534960890466,1279
3534960990388,1279
3534961090310,1278
3534961190233,1294
3534961290155,1281
3534961390077,1301
3534961489999,1295
3534961589921,1296
3534961689843,1261
3534961789765,1283
3534961889687,1244
3534961989609,1278
3534962089531,1245
3534962189453,1279
3534962289375,1242
3534962389298,1293
3534962489221,1262
3534962589143,1300
3534962689072,1301
3534962788994,1279
3534962888916,1282
3534962988838,1282
3534963088760,1281
3534963188682,1278
3534963288604,1278
3534963388526,1280
3534963488448,1294
3534963588370,1293
3534963688292,1315
3534963788214,1279
3534963888136,1280
3534963988058,1267
3534964087980,1266
3534964187902,1262
3534964287824,1259
3534964387746,1238
3534964487668,1243
3534964587590,1244
3534964687512,1244
3534964787435,1245
3534964887357,1245
3534964987279,1257
3534965087202,1262
3534965187124,1300
3534965287046,1335
3534965386968,1282
3534965486890,1272
3534965586812,1297
3534965686734,1280
3534965786656,1279
3534965886578,1279
3534965986500,1279
3534966086422,1281
3534966186344,1280
3534966286266,1279
3534966386188,1280
3534966486110,1282
3534966586032,1266
3534966685955,1301
3534966785877,1317
3534966885800,1340
3534967019225,34806
3534967119147,1262
3534967219070,1264
3534967318992,1281
3534967418914,1281
3534967518836,1296
3534967618758,1296
3534967718680,1333
3534967818602,1330
3534967918524,1329
3534968018446,1330
3534968118368,1278
3534968218290,1281
3534968318212,1296
3534968418134,1279
3534968518056,1266
3534968617978,1268
3534968717900,1261
3534968817822,1257
3534968917744,1242
3534969017666,1242
3534969117588,1292
3534969217510,1245
3534969317432,1243
3534969417362,1243
3534969517285,1283
3534969617207,1261
3534969717129,1265
3534969817051,1279
3534969916973,1281
3534970016895,1282
3534970116817,1281
3534970216739,1282
3534970316661,1276
3534970416583,1282
3534970516505,1280
3534970616427,1278
3534970716349,1279
3534970816271,1279
3534970916193,1294
3534971016116,1294
3534971116038,1295
3534971215960,1264
3534971315882,1261
3534971415804,1245
3534971515726,1244
3534971615648,1245
3534971715571,1281
3534971815493,1243
3534971915415,1243
3534972015338,1255
3534972115260,1260
3534972215183,1260
3534972315105,1265
3534972415027,1280
3534972514949,1283
3534972614871,1283
3534972714794,1282
3534972814716,1279
3534972914638,1278
3534973014560,1279
3534973114482,1371
3534973214404,1278
3534973314326,1280
3534973414248,1280
3534973514170,1293
3534973614092,1302
3534973714014,1295
3534973813936,1267
3534973913858,1264
3534974013780,1251
3534974113702,1247
3534974213624,1246
3534974313546,1246
3534974413468,1245
3534974513390,1247
3534974613312,1295
3534974713235,1265
3534974813158,1302
3534974913080,1269
3534975013005,1286
3534975112928,1286
3534975212850,1286
3534975312772,1285
3534975412694,1279
3534975512616,1293
3534975612538,1278
3534975712460,1289
3534975812382,1278
3534975912304,1279
3534976012226,1278
3534976112148,1280
3534976212070,1268
3534976311992,1266
3534976411914,1262
3534976511836,1259
3534976611758,1247
3534976711681,1243
3534976811603,1244
3534976911526,1323
3534977045193,35088
3534977145116,1316
3534977245039,1363
3534977344961,1332
3534977444884,1352
3534977544806,1351
3534977644728,1350
3534977744650,1279
3534977844572,1316
3534977944494,1279
3534978044416,1277
3534978144338,1281
3534978244260,1296
3534978344182,1278
3534978444104,1279
3534978544026,1265
3534978643948,1267
3534978743870,1264
3534978843792,1297
3534978943714,1247
3534979043636,1248
3534979143558,1246
3534979243480,1248
3534979343402,1283
3534979443325,1298
3534979543247,1299
3534979643169,1343
3534979743091,1297
3534979843013,1305
3534979942935,1341
3534980042857,1285
3534980142779,1285
3534980242702,1277
3534980342624,1278
3534980442546,1279
3534980542468,1278
3534980642390,1280
3534980742313,1291
3534980842235,1294
3534980942157,1296
3534981042079,1300
3534981142004,1298
3534981241926,1298
3534981341848,1296
3534981441770,1349
3534981541692,1294
3534981641633,1295
3534981741555,1278
3534981841477,1277
3534981941400,1278
3534982041322,1293
3534982141244,1296
3534982241166,1300
3534982341088,1301
3534982441010,1300
3534982540932,1300
3534982640854,1299
3534982740776,1294
3534982840698,1278
3534982940620,1293
3534983040542,1294
3534983140464,1289
3534983240386,1279
3534983340308,1280
3534983440231,1296
3534983540154,1292
3534983640076,1266
3534983739998,1267
3534983839920,1265
3534983939842,1295
3534984039764,1246
3534984139686,1243
3534984239608,1243
3534984339530,1245
3534984439452,1244
3534984539374,1244
3534984639296,1259
3534984739219,1260
3534984839141,1262
3534984939066,1265
3534985038988,1280
3534985138911,1285
3534985238833,1284
3534985338755,1283
3534985438677,1293
3534985538599,1276
3534985638521,1292
3534985738443,1278
3534985838365,1279
3534985938287,1278
3534986038209,1279
3534986138131,1278
3534986238053,1242
3534986337975,1245
3534986437897,1246
3534986537819,1247
3534986637741,1243
3534986737664,1245
3534986837586,1244
3534986937509,1322
3534987070968,34861
3534987170890,1250
3534987270812,1283
3534987370734,1281
3534987470656,1279
3534987570578,1291
3534987670500,1295
3534987770422,1331
3534987870344,1330
3534987970267,1331
3534988070190,1348
3534988170112,1329
3534988270034,1329
3534988369957,1321
3534988469880,1314
3534988569803,1250
3534988669726,1247
3534988769649,1243
3534988869571,1245
3534988969493,1243
3534989069415,1243
3534989169337,1255
3534989269259,1258
3534989369181,1263
3534989469103,1294
3534989569025,1278
3534989668947,1272
3534989768869,1281
3534989868791,1282
3534989968713,1279
3534990068635,1278
3534990168557,1278
3534990268479,1279
3534990368401,1278
3534990468323,1278
3534990568245,1279
3534990668168,1280
3534990768090,1279
3534990868012,1301
3534990967934,1263
3534991067856,1259
3534991167778,1248
3534991267700,1243
3534991367622,1243
3534991467544,1243
3534991567466,1243
3534991667388,1291
3534991767310,1257
3534991867232,1260
3534991967155,1263
3534992067077,1267
3534992166999,1281
3534992266921,1281
3534992366843,1283
3534992466765,1282
3534992566687,1281
3534992666609,1278
3534992766531,1281
3534992866453,1280
3534992966375,1280
3534993066297,1278
3534993166219,1281
3534993266141,1277
3534993366063,1265
3534993465985,1266
3534993565907,1297
3534993665829,1261
3534993765751,1244
3534993865673,1244
3534993965595,1244
3534994065517,1244
3534994165439,1244
3534994265365,1244
3534994365287,1257
3534994465210,1261
3534994565132,1263
3534994665054,1287
3534994764976,1283
3534994864898,1303
3534994964820,1298
3534995064742,1282
3534995164664,1278
3534995264586,1280
3534995364508,1280
3534995464431,1281
3534995564353,1280
3534995664275,1281
3534995764197,1281
3534995864119,1281
3534995964041,1266
3534996063963,1266
3534996163886,1265
3534996263808,1263
3534996363730,1283
3534996463652,1245
3534996563574,1282
3534996663496,1245
3534996763418,1249
3534996863341,1259
3534996963264,1337
3534997096667,34803
3534997196589,1332
3534997296513,1335
3534997396436,1328
3534997496358,1328
3534997596280,1343
3534997696202,1278
3534997796124,1280
3534997896046,1261
3534997995968,1262
3534998095890,1261
3534998195812,1257
3534998295734,1241
3534998395656,1242
3534998495578,1243
3534998595500,1241
3534998695422,1254
3534998795345,1255
3534998895267,1256
3534998995189,1295
3534999095111,1262
3534999195033,1276
3534999294955,1281
3534999394877,1280
3534999494799,1281
3534999594721,1276
3534999694643,1276
3534999794565,1278
3534999894487,1277
3534999994409,1276
3535000094331,1277
3535000194253,1294
3535000294175,1289
3535000394097,1277
3535000494019,1293
3535000593941,1277
3535000693863,1286
3535000793785,1260
3535000893707,1255
3535000993629,1244
3535001093551,1244
3535001193473,1243
3535001293395,1244
3535001393317,1258
3535001493239,1263
3535001593161,1263
3535001693083,1266
3535001793005,1280
3535001892927,1300
3535001992849,1298
3535002092771,1281
3535002192693,1276
3535002292615,1289
3535002392537,1277
3535002492459,1276
3535002592381,1277
3535002692303,1291
3535002792225,1277
3535002892147,1285
3535002992069,1266
3535003091991,1300
3535003191927,1260
3535003291849,1258
3535003391771,1244
3535003491693,1291
3535003591615,1291
3535003691537,1290
3535003791459,1241
3535003891381,1240
3535003991303,1255
3535004091225,1259
3535004191147,1297
3535004291073,1264
3535004390995,1278
3535004490917,1278
3535004590839,1279
3535004690761,1291
3535004790683,1278
3535004890605,1276
3535004990527,1276
3535005090449,1276
3535005190371,1276
3535005290293,1289
3535005390215,1293
3535005490137,1292
3535005590060,1296
3535005689982,1303
3535005789904,1296
3535005889827,1297
3535005989750,1279
3535006089672,1277
3535006189594,1277
3535006289516,1274
3535006389438,1276
3535006489363,1276
3535006589285,1291
3535006689208,1313
3535006789131,1295
3535006889053,1291
3535006988975,1334
3535007122171,34617
3535007222094,1299
3535007322016,1299
3535007421938,1297
3535007521860,1295
3535007621782,1292
3535007721704,1330
3535007821626,1326
3535007921548,1327
3535008021470,1326
3535008121392,1327
3535008221314,1290
3535008321237,1294
3535008421160,1298
3535008521082,1298
3535008621005,1300
3535008720927,1299
3535008820849,1294
3535008920771,1279
3535009020693,1277
3535009120615,1277
3535009220537,1277
3535009320459,1277
3535009420381,1293
3535009520303,1292
3535009620225,1290
3535009720147,1297
3535009820069,1265
3535009919991,1265
3535010019913,1261
3535010119835,1259
3535010219757,1241
3535010319679,1242
3535010419601,1241
3535010519523,1242
3535010619445,1240
3535010719368,1276
3535010819291,1256
3535010919214,1259
3535011019136,1262
3535011119065,1267
3535011218987,1300
3535011318909,1277
3535011418831,1280
3535011518753,1293
3535011618676,1291
3535011718598,1291
3535011818520,1280
3535011918442,1279
3535012018364,1277
3535012118286,1290
3535012218208,1294
3535012318130,1296
3535012418052,1311
3535012517974,1300
3535012617896,1296
3535012717819,1297
3535012817741,1279
3535012917663,1276
3535013017585,1276
3535013117507,1310
3535013217429,1277
3535013317351,1277
3535013417273,1292
3535013517195,1293
3535013617117,1289
3535013717039,1300
3535013816961,1300
3535013916883,1295
3535014016805,1293
3535014116727,1279
3535014216649,1276
3535014316571,1278
3535014416493,1277
3535014516415,1312
3535014616337,1278
3535014716260,1279
3535014816183,1294
3535014916105,1276
3535015016027,1263
3535015115949,1262
3535015215871,1259
3535015315793,1292
3535015415715,1241
3535015515637,1293
3535015615559,1289
3535015715481,1289
3535015815404,1280
3535015915327,1255
3535016015250,1259
3535016115173,1261
3535016215095,1264
3535016315017,1277
3535016414939,1281
3535016514861,1279
3535016614783,1281
3535016714706,1278
3535016814628,1275
3535016914550,1278
