3535120442313,198964
3535120542246,5070
3535120642169,5276
3535120742092,5285
3535120842015,5380
3535120941937,5359
3535121041859,5097
3535121141781,5130
3535121241703,5099
3535121341625,5134
3535121441547,5132
3535121541469,5131
3535121641391,5095
3535121741313,5092
3535121841235,5079
3535121941157,5112
3535122041080,5131
3535122141004,5107
3535122240926,5094
3535122340848,5126
3535122440771,5094
3535122540693,5059
3535122640615,5057
3535122740538,5110
3535122840460,5087
3535122940382,5121
3535123040305,5101
3535123140228,5138
3535123240151,5105
3535123340074,5081
3535123439997,5187
3535123539919,5191
3535123639841,5187
3535123739763,5126
3535123839685,5092
3535123939607,5127
3535124039529,5126
3535124139452,5092
3535124239374,5094
3535124339296,5089
3535124439219,5111
3535124539142,5108
3535124639070,5095
3535124738993,5160
3535124838916,5097
3535124938838,5055
3535125038760,5048
3535125138682,5051
3535125238604,5089
3535125338527,5088
3535125438450,5087
3535125538372,5090
3535125638294,5106
3535125738217,5072
3535125838139,5072
3535125938067,5073
3535126037990,5129
3535126137912,5126
3535126237834,5124
3535126337756,5119
3535126437679,5125
3535126537601,5091
3535126637523,5089
3535126737446,5100
3535126837369,5121
3535126937292,5103
3535127037214,5145
3535127137136,5105
3535127237066,5133
3535127336988,5104
3535127436911,5055
3535127536834,5050
3535127636756,5091
3535127736679,5087
3535127836601,5100
3535127936523,5095
3535128036445,5123
3535128136367,5159
3535128236290,5064
3535128336212,5074
3535128436135,5090
3535128536068,5109
3535128635990,5135
3535128735913,5109
3535128835835,5125
3535128935757,5127
3535129035679,5085
3535129135601,5089
3535129235523,5090
3535129335445,5128
3535129435367,5128
3535129535290,5103
3535129635212,5113
3535129735134,5111
3535129835056,5068
3535129934978,5056
3535130034901,5059
3535130134823,5085
3535130234746,5126
3535130334669,5116
3535130569293,139891
3535130669216,5105
3535130769139,5318
3535130869062,5402
3535130968985,5140
3535131068907,5172
3535131168829,5123
3535131268751,5121
3535131368673,5120
3535131468595,5184
3535131568517,5122
3535131668439,5118
3535131768361,5125
3535131868284,5170
3535131968207,5129
3535132068129,5126
3535132168051,5141
3535132267973,5143
3535132367895,5123
3535132467817,5124
3535132567739,5342
3535132667661,5394
3535132767584,5179
3535132867506,5123
3535132967428,5128
3535133067350,5125
3535133167272,5125
3535133267194,5107
3535133367116,5105
3535133467038,5142
3535133566960,5139
3535133666882,5088
3535133766805,5093
3535133866727,5090
3535133966649,5087
3535134066571,5090
3535134166493,5087
3535134266415,5121
3535134366338,5136
3535134466261,5104
3535134566183,5109
3535134666106,5122
3535134766029,5126
3535134865951,5179
3535134965874,5185
3535135065797,5185
3535135165720,5182
3535135265642,5125
3535135365564,5129
3535135465486,5128
3535135565408,5123
3535135665331,5134
3535135765254,5138
3535135865177,5130
3535135965100,5166
3535136065023,5139
3535136164946,5145
3535136264869,5127
3535136364791,5122
3535136464713,5120
3535136564636,5122
3535136664559,5172
3535136764482,5158
3535136864404,5120
3535136964326,5143
3535137064248,5143
3535137164170,5127
3535137264092,5128
3535137364014,5138
3535137463936,5141
3535137563858,5163
3535137663780,5126
3535137763702,5128
3535137863624,5128
3535137963546,5127
3535138063469,5134
3535138163391,5133
3535138263313,5125
3535138363235,5161
3535138463158,5132
3535138563080,5107
3535138663004,5142
3535138762927,5095
3535138862849,5090
3535138962771,5182
3535139062693,5180
3535139162615,5182
3535139262537,5137
3535139362459,5092
3535139462382,5094
3535139562304,5106
3535139662226,5182
3535139762149,5166
3535139862071,5114
3535139961993,5145
3535140061915,5169
3535140161837,5133
3535140261760,5128
3535140361683,5189
3535140596659,140262
3535140696582,5211
3535140796505,5382
3535140896427,5326
3535140996361,5125
3535141096284,5108
3535141196207,5092
3535141296129,5106
3535141396051,5107
3535141495973,5142
3535141595895,5277
3535141695817,5127
3535141795739,5125
3535141895661,5130
3535141995583,5089
3535142095505,5123
3535142195427,5089
3535142295371,5125
3535142395293,5158
3535142495216,5144
3535142595139,5106
3535142695062,5189
3535142794984,5058
3535142894906,5089
3535142994828,5051
3535143094750,5088
3535143194672,5093
3535143294595,5124
3535143394517,5162
3535143494439,5188
3535143594363,5057
3535143694285,5105
3535143794207,5074
3535143894129,5111
3535143994051,5105
3535144093973,5166
3535144193895,5125
3535144293817,5130
3535144393739,5097
3535144493661,5128
3535144593583,5089
3535144693505,5201
3535144793427,5093
3535144893349,5206
3535144993271,5145
3535145093194,5134
3535145193117,5098
3535145293039,5111
3535145392961,5107
3535145492883,5093
3535145592805,5129
3535145692727,5127
3535145792649,5121
3535145892571,5126
3535145992494,5105
3535146092416,5095
3535146192339,5104
3535146292261,5107
3535146392183,5109
3535146492106,5168
3535146592028,5146
3535146691950,5226
3535146791872,5136
3535146891794,5092
3535146991716,5129
3535147091638,5093
3535147191560,5130
3535147291482,5126
3535147391404,5128
3535147491326,5190
3535147591248,5186
3535147691170,5100
3535147791092,5115
3535147891014,5073
3535147990936,5112
3535148090859,5098
3535148190781,5127
3535148290704,5104
3535148390627,5105
3535148490550,5162
3535148590472,5093
3535148690394,5130
3535148790317,5103
3535148890240,5097
3535148990163,5145
3535149090085,5112
3535149190007,5129
3535149289929,5094
3535149389851,5137
3535149489774,5102
3535149589696,5127
3535149689618,5129
3535149789540,5162
3535149889462,5133
3535149989385,5125
3535150089307,5108
3535150189230,5114
3535150289153,5095
3535150389075,5134
3535150624365,140613
3535150724288,5139
3535150824211,5348
3535150924134,5396
3535151024057,5398
3535151123979,5405
3535151223902,5349
3535151323825,5347
3535151423748,5475
3535151523670,5327
3535151623592,5328
3535151723515,5293
3535151823437,5330
3535151923359,5292
3535152023281,5333
3535152123203,5364
3535152223126,5191
3535152323048,5108
3535152422971,5202
3535152522893,5054
3535152622815,5087
3535152722738,5071
3535152822661,5097
3535152922583,5091
3535153022505,5126
3535153122427,5060
3535153222349,5106
3535153322271,5073
3535153422193,5197
3535153522116,5081
3535153622038,5125
3535153721960,5095
3535153821882,5166
3535153921804,5088
3535154021726,5128
3535154121648,5091
3535154221570,5123
3535154321493,5090
3535154421415,5159
3535154521338,5106
3535154621260,5161
3535154721183,5104
3535154821105,5110
3535154921027,5107
3535155020950,5095
3535155120873,5089
3535155220795,5235
3535155320717,5123
3535155420640,5169
3535155520562,5186
3535155620485,5091
3535155720407,5093
3535155820330,5105
3535155920253,5106
3535156020176,5095
3535156120099,5111
3535156220021,5180
3535156319944,5132
3535156419866,5120
3535156519788,5128
3535156619710,5089
3535156719633,5135
3535156819555,5092
3535156919477,5125
3535157019399,5126
3535157119322,5138
3535157219244,5078
3535157319166,5113
3535157419088,5093
3535157519010,5106
3535157618932,5053
3535157718854,5091
3535157818777,5092
3535157918699,5124
3535158018621,5056
3535158118543,5088
3535158218465,5051
3535158318387,5088
3535158418310,5089
3535158518233,5113
3535158618155,5096
3535158718078,5154
3535158818003,5086
3535158917925,5125
3535159017847,5084
3535159117769,5120
3535159217691,5193
3535159317614,5125
3535159417536,5133
3535159517458,5178
3535159617380,5184
3535159717303,5175
3535159817225,5139
3535159917147,5126
3535160017069,5130
3535160116992,5139
3535160216915,5127
3535160316837,5157
3535160416760,5165
3535160651854,140474
3535160751777,5177
3535160851700,5330
3535160951622,5340
3535161051545,5162
3535161151467,5127
3535161251389,5128
3535161351311,5132
3535161451233,5141
3535161551155,5112
3535161651077,5109
3535161750999,5108
3535161850922,5147
3535161950845,5143
3535162050767,5091
3535162150689,5091
3535162250611,5090
3535162350533,5093
3535162450456,5104
3535162550378,5091
3535162650301,5175
3535162750224,5151
3535162850147,5112
3535162950069,5200
3535163049991,5191
3535163149913,5187
3535163249835,5126
3535163349758,5136
3535163449681,5145
3535163549603,5158
3535163649525,5125
3535163749447,5129
3535163849369,5130
3535163949291,5152
3535164049234,5143
3535164149157,5133
3535164249080,5134
3535164349005,5215
3535164448927,5157
3535164548849,5125
3535164648771,5158
3535164748693,5182
3535164848615,5129
3535164948537,5123
3535165048459,5123
3535165148381,5156
3535165248303,5140
3535165348226,5154
3535165448149,5130
3535165548071,5129
3535165647993,5143
3535165747915,5132
3535165847837,5128
3535165947759,5160
3535166047681,5122
3535166147603,5127
3535166247525,5125
3535166347447,5127
3535166447369,5124
3535166547291,5125
3535166647213,5114
3535166747136,5148
3535166847066,5127
3535166946988,5103
3535167046910,5089
3535167146833,5086
3535167246755,5092
3535167346677,5089
3535167446599,5183
3535167546521,5123
3535167646443,5120
3535167746365,5091
3535167846287,5104
3535167946210,5100
3535168046133,5163
3535168146066,5110
3535168245988,5126
3535168345910,5127
3535168445833,5160
3535168545755,5127
3535168645678,5134
3535168745600,4999
3535168845522,4982
3535168945444,4982
3535169045366,4989
3535169145288,4984
3535169245210,4984
3535169345132,4984
3535169445054,5071
3535169544976,5054
3535169644898,5050
3535169744820,5092
3535169844742,5055
3535169944664,5051
3535170044586,5053
3535170144508,5053
3535170244430,5054
3535170344359,5054
3535170444282,5143
3535170678805,139763
3535170778728,5057
3535170878651,5252
3535170978574,5249
3535171078497,5056
3535171178419,5055
3535171278341,5065
3535171378263,5070
3535171478186,5070
3535171578108,5075
3535171678030,5089
3535171777952,5087
3535171877874,5090
3535171977796,5093
3535172077718,5087
3535172177640,5089
3535172277562,5094
3535172377484,5087
3535172477406,5086
3535172577328,5091
3535172677250,5084
3535172777172,5079
3535172877094,5070
3535172977016,5066
3535173076938,5054
3535173176860,5057
3535173276782,5054
3535173376704,5047
3535173476626,5056
3535173576549,5052
3535173676471,5053
3535173776393,5096
3535173876315,5066
3535173976237,5069
3535174076159,5075
3535174176081,5075
3535174276005,5091
3535174375927,5098
3535174475849,5090
3535174575771,5089
3535174675693,5090
3535174775615,5086
3535174875537,5089
3535174975459,5089
3535175075381,5091
3535175175303,5093
3535175275225,5077
3535175375147,5068
3535175475069,5072
3535175574991,5056
3535175674913,5050
3535175774835,5055
3535175874757,5054
3535175974679,5057
3535176074601,5052
3535176174523,5056
3535176274445,5053
3535176374367,5051
3535176474289,5068
3535176574211,5069
3535176674134,5080
3535176774066,5080
3535176873988,5093
3535176973910,5094
3535177073832,5095
3535177173755,5095
3535177273677,5087
3535177373599,5092
3535177473521,5093
3535177573443,5093
3535177673365,5094
3535177773287,5090
3535177873209,5079
3535177973131,5078
3535178073053,5075
3535178172975,5057
3535178272897,5053
3535178372819,5058
3535178472741,5058
3535178572663,5061
3535178672586,5060
3535178772509,5073
3535178872431,5056
3535178972362,5069
3535179072284,5071
3535179172206,5076
3535179272129,5076
3535179372051,5092
3535179471973,5094
3535179571895,4984
3535179671817,4988
3535179771739,4987
3535179871661,4986
3535179971584,4987
3535180071506,5090
3535180171428,5088
3535180271350,5090
3535180371273,5093
3535180471196,5103
3535180705839,139896
3535180805762,5086
3535180905684,5287
3535181005606,5286
3535181105529,5091
3535181205451,5090
3535181305373,5090
3535181405295,5091
3535181505218,5073
3535181605140,5074
3535181705063,5067
3535181804986,5054
3535181904909,5053
3535182004831,5053
3535182104753,5052
3535182204676,5053
3535182304598,5052
3535182404521,5055
3535182504444,5054
3535182604366,5070
3535182704289,5075
3535182804211,5072
3535182904133,5069
3535183004067,5075
3535183103989,5093
3535183203911,5116
3535183303834,5094
3535183403756,5092
3535183503678,5091
3535183603600,5089
3535183703522,5106
3535183803445,5096
3535183903368,5094
3535184003291,5090
3535184103213,5077
3535184203135,5090
3535184303057,5071
3535184402979,5055
3535184502901,5066
3535184602824,5054
3535184702747,5275
3535184802669,5059
3535184902591,5059
3535185002513,5055
3535185102435,5057
3535185202363,5070
3535185302286,5075
3535185402208,5076
3535185502131,5080
3535185602053,5095
3535185701975,5109
3535185801897,5088
3535185901837,5096
3535186001760,5092
3535186101682,5091
3535186201604,5106
3535186301526,5092
3535186401449,5097
3535186501371,5090
3535186601293,5092
3535186701216,5152
3535186801138,5082
3535186901060,5073
3535187000983,5056
3535187100905,5056
3535187200827,5075
3535187300749,5057
3535187400671,5056
3535187500593,5054
3535187600515,5057
3535187700437,5072
3535187800363,5057
3535187900286,5068
3535188000209,5077
3535188100132,5080
3535188200066,5132
3535188299988,5095
3535188399910,5096
3535188499832,5094
3535188599754,5095
3535188699677,5155
3535188799599,5094
3535188899521,5094
3535188999443,5105
3535189099365,5102
3535189199287,5112
3535189299209,5077
3535189399132,5074
3535189499054,5070
3535189598976,5060
3535189698898,5052
3535189798820,5053
3535189898742,5052
3535189998664,5086
3535190098586,5054
3535190198508,5052
3535190298430,5053
3535190398363,5055
3535190498286,5147
3535190732931,139884
3535190832854,5055
3535190932777,5277
3535191032700,5255
3535191132623,5058
3535191232546,5056
3535191332468,5059
3535191432391,5054
3535191532314,5015
3535191632236,4986
3535191732158,4987
3535191832080,4985
3535191932004,4978
3535192031926,5097
3535192131848,5091
3535192231770,5093
3535192331692,5090
3535192431614,5093
3535192531536,5119
3535192631458,5092
3535192731381,5099
3535192831303,5095
3535192931225,5079
3535193031147,5114
3535193131069,5069
3535193230992,5060
3535193330914,5056
3535193430836,5058
3535193530759,5056
3535193630681,5059
3535193730603,5059
3535193830525,5058
3535193930447,5056
3535194030369,5057
3535194130292,5074
3535194230215,5074
3535194330138,5082
3535194430069,5079
3535194529991,5095
3535194629913,5096
3535194729835,5097
3535194829757,5090
3535194929679,5092
3535195029601,5093
3535195129523,5091
3535195229445,5095
3535195329367,5093
3535195429290,5096
3535195529212,5079
3535195629134,5071
3535195729056,5068
3535195828978,5058
3535195928900,5053
3535196028822,5048
3535196128745,5056
3535196228667,4982
3535196328589,4979
3535196428511,4982
3535196528433,5027
3535196628355,4983
3535196728278,5096
3535196828201,5130
3535196928124,5095
3535197028046,5162
3535197127968,5126
3535197227890,5126
3535197327812,5082
3535197427735,5122
3535197527657,5158
3535197627579,5123
3535197727501,5126
3535197827423,5126
3535197927356,5122
3535198027278,5173
3535198127200,5090
3535198227122,5108
3535198327044,5102
3535198426967,5158
3535198526889,5091
3535198626811,5086
3535198726733,5128
3535198826655,5117
3535198926577,5180
3535199026499,5180
3535199126421,5175
3535199226344,5149
3535199326266,5138
3535199426189,5176
3535199526111,5128
3535199626033,5138
3535199725955,5128
3535199825877,5090
3535199925799,5127
3535200025721,5125
3535200125643,5126
3535200225566,5090
3535200325488,5123
3535200425410,5203
3535200525333,5149
3535200760335,140274
3535200860258,5140
3535200960181,5275
3535201060104,5317
3535201160027,5126
3535201259950,5129
3535201359872,5093
3535201459794,5126
3535201559716,5129
3535201659638,5127
3535201759560,5128
3535201859482,5140
3535201959405,5128
3535202059327,5140
3535202159249,5109
3535202259171,5113
3535202359094,5100
3535202459016,5148
3535202558938,5097
3535202658860,5172
3535202758782,5127
3535202858704,5123
3535202958626,5088
3535203058548,5087
3535203158470,5124
3535203258392,5089
3535203358314,5135
3535203458236,5189
3535203558158,5130
3535203658080,5130
3535203758005,5122
3535203857927,5093
3535203957849,5126
3535204057771,5125
3535204157693,5123
3535204257615,5089
3535204357537,5122
3535204457459,5127
3535204557381,5124
3535204657303,5196
3535204757225,5220
3535204857147,5070
3535204957069,5260
3535205056991,5120
3535205156913,5142
3535205256835,5131
3535205356757,5138
3535205456680,5056
3535205556602,5090
3535205656524,5087
3535205756446,5086
3535205856368,5088
3535205956291,5101
3535206056213,5107
3535206156136,5111
3535206256068,5079
3535206355990,5124
3535206455912,5095
3535206555835,5125
3535206655757,5164
3535206755679,5179
3535206855601,5124
3535206955523,5127
3535207055445,5090
3535207155367,5125
3535207255289,5136
3535207355211,5155
3535207455133,5186
3535207555055,5183
3535207654992,5185
3535207754914,5126
3535207854836,5088
3535207954758,5092
3535208054680,5089
3535208154602,5122
3535208254524,5089
3535208354446,5094
3535208454368,5126
3535208554291,5139
3535208654213,5159
3535208754136,5095
3535208854066,5132
3535208953988,5118
3535209053910,5165
3535209153832,5092
3535209253754,5127
3535209353676,5136
3535209453598,5141
3535209553521,5105
3535209653443,5178
3535209753365,5131
3535209853287,5132
3535209953210,5111
3535210053132,5109
3535210153054,5109
3535210252977,5107
3535210352899,5054
3535210452821,5103
3535210552744,5124
3535210787808,140350
3535210887731,5184
3535210987654,5391
3535211087577,5393
3535211187500,5405
3535211287422,5355
3535211387344,5358
3535211487267,5338
3535211587189,5364
3535211687112,5384
3535211787034,5396
3535211886956,5352
3535211986879,5346
3535212086802,5341
3535212186725,5372
3535212286647,5121
3535212386570,5127
3535212486492,5157
3535212586414,5155
3535212686337,5176
3535212786260,5137
3535212886183,5163
3535212986105,5127
3535213086027,5157
3535213185949,5137
3535213285871,5163
3535213385793,5158
3535213485715,5156
3535213585637,5124
3535213685559,5193
3535213785481,5157
3535213885403,5151
3535213985325,5135
3535214085247,5173
3535214185169,5162
3535214285092,5166
3535214385014,5137
3535214484936,5174
3535214584858,5127
3535214684781,5203
3535214784703,5126
3535214884625,5162
3535214984547,5170
3535215084469,5156
3535215184391,5264
3535215284314,5169
3535215384236,5170
3535215484159,5182
3535215584082,5126
3535215684007,5191
3535215783930,5175
3535215883853,5166
3535215983776,5124
3535216083699,5161
3535216183621,5124
3535216283543,5161
3535216383465,5129
3535216483387,5177
3535216583310,5174
3535216683233,5282
3535216783156,5131
3535216883078,5148
3535216983003,5174
3535217082926,5140
3535217182848,5128
3535217282770,5127
3535217382692,5160
3535217482614,5161
3535217582536,5127
3535217682458,5129
3535217782380,5125
3535217882303,5171
3535217982225,5143
3535218082147,5133
3535218182069,5167
3535218281991,5182
3535218381913,5161
3535218481835,5128
3535218581758,5168
3535218681681,5128
3535218781603,5167
3535218881525,5126
3535218981447,5159
3535219081369,5161
3535219181291,5177
3535219281213,5144
3535219381136,5163
3535219481058,5178
3535219580981,5200
3535219680904,5156
3535219780826,5162
3535219880748,5162
3535219980670,5160
3535220080593,5130
3535220180516,5160
3535220280438,5126
3535220380366,5166
3535220480289,5143
