3528503032289,59707
3528503132224,2594
3528503232149,2502
3528503332071,2497
3528503431994,2505
3528503531916,2500
3528503631838,2499
3528503731760,2499
3528503831682,2497
3528503931604,2498
3528504031526,2498
3528504131448,2492
3528504231370,2490
3528504331292,2491
3528504431214,2491
3528504531136,2490
3528504631058,2493
3528504730980,2495
3528504830902,2494
3528504930824,2496
3528505030746,2495
3528505130668,2495
3528505230590,2492
3528505330512,2493
3528505430434,2491
3528505530356,2490
3528505630278,2490
3528505730200,2489
3528505830122,2488
3528505930044,2489
3528506029966,2492
3528506129888,2492
3528506229810,2491
3528506329732,2494
3528506429654,2493
3528506529576,2507
3528506629498,2492
3528506729420,2492
3528506829342,2490
3528506929264,2491
3528507029186,2488
3528507129108,2492
3528507229030,2489
3528507328952,2493
3528507428874,2494
3528507528796,2494
3528507628718,2495
3528507728640,2492
3528507828562,2492
3528507928484,2490
3528508028406,2489
3528508128328,2491
3528508228250,2493
3528508328172,2490
3528508428094,2490
3528508528016,2488
3528508627938,2491
3528508727860,2495
3528508827782,2494
3528508927704,2491
3528509027626,2493
3528509127549,2494
3528509227471,2491
3528509327393,2489
3528509427315,2492
3528509527237,2491
3528509627159,2489
3528509727082,2492
3528509827005,2491
3528509926927,2492
3528510026849,2493
3528510126771,2493
3528510226693,2493
3528510326615,2492
3528510426537,2493
3528510526459,2489
3528510626381,2491
3528510726303,2493
3528510826226,2490
3528510926149,2490
3528511026071,2490
3528511125993,2493
3528511225915,2492
3528511325837,2494
3528511425760,2498
3528511525683,2497
3528511625605,2494
3528511725527,2495
3528511825449,2491
3528511925371,2488
3528512025293,2492
3528512125215,2491
3528512225137,2492
3528512325059,2489
3528512424981,2495
3528512524903,2496
3528512624825,2495
3528512724748,2494
3528512824670,2493
3528512924592,2492
3528513024514,2569
3528513158287,36415
3528513258210,2571
3528513358132,2491
3528513458054,2491
3528513557976,2497
3528513657898,2539
3528513757820,2492
3528513857742,2494
3528513957664,2509
3528514057586,2495
3528514157508,2489
3528514257430,2490
3528514357352,2489
3528514457274,2491
3528514557197,2489
3528514657119,2527
3528514757041,2493
3528514856963,2494
3528514956885,2493
3528515056807,2494
3528515156729,2492
3528515256651,2491
3528515356573,2490
3528515456495,2492
3528515556417,2493
3528515656339,2489
3528515756261,2492
3528515856183,2490
3528515956105,2490
3528516056027,2489
3528516155949,2492
3528516255871,2492
3528516355793,2528
3528516455715,2494
3528516555637,2496
3528516655559,2531
3528516755481,2490
3528516855403,2490
3528516955325,2488
3528517055247,2489
3528517155169,2489
3528517255091,2490
3528517355013,2490
3528517454935,2493
3528517554857,2494
3528517654779,2488
3528517754701,2530
3528517854623,2495
3528517954545,2495
3528518054467,2490
3528518154389,2490
3528518254311,2491
3528518354233,2490
3528518454155,2491
3528518554077,2489
3528518653999,2518
3528518753922,2497
3528518853844,2495
3528518953766,2510
3528519053688,2495
3528519153610,2496
3528519253532,2497
3528519353454,2496
3528519453376,2510
3528519553298,2496
3528519653220,2491
3528519753142,2495
3528519853064,2493
3528519952986,2508
3528520052908,2496
3528520152830,2497
3528520252752,2498
3528520352674,2498
3528520452596,2511
3528520552518,2496
3528520652440,2531
3528520752362,2495
3528520852284,2493
3528520952206,2506
3528521052128,2495
3528521152050,2494
3528521251972,2495
3528521351894,2496
3528521451817,2511
3528521551739,2499
3528521651662,2502
3528521751584,2496
3528521851506,2490
3528521951428,2493
3528522051350,2488
3528522151272,2487
3528522251194,2489
3528522351116,2489
3528522451038,2492
3528522550960,2494
3528522650882,2510
3528522750805,2497
3528522850727,2493
3528522950649,2492
3528523050571,2567
3528523184354,36433
3528523284277,2525
3528523384199,2490
3528523484121,2492
3528523584043,2490
3528523683965,2495
3528523783887,2496
3528523883809,2497
3528523983731,2496
3528524083653,2494
3528524183575,2497
3528524283497,2494
3528524383419,2494
3528524483341,2493
3528524583263,2497
3528524683207,2547
3528524783129,2495
3528524883051,2494
3528524982973,2496
3528525082895,2497
3528525182817,2498
3528525282739,2497
3528525382661,2494
3528525482583,2499
3528525582505,2494
3528525682427,2494
3528525782349,2494
3528525882271,2494
3528525982193,2495
3528526082115,2494
3528526182037,2493
3528526281959,2497
3528526381881,2497
3528526481803,2497
3528526581725,2497
3528526681647,2496
3528526781569,2504
3528526881491,2490
3528526981413,2489
3528527081335,2492
3528527181257,2490
3528527281180,2490
3528527381102,2491
3528527481024,2494
3528527580946,2494
3528527680868,2492
3528527780790,2496
3528527880712,2492
3528527980634,2493
3528528080556,2493
3528528180478,2488
3528528280400,2491
3528528380322,2492
3528528480244,2489
3528528580166,2490
3528528680088,2490
3528528780010,2491
3528528879932,2493
3528528979854,2493
3528529079776,2496
3528529179698,2492
3528529279620,2492
3528529379542,2493
3528529479464,2490
3528529579387,2493
3528529679309,2492
3528529779231,2490
3528529879153,2491
3528529979075,2490
3528530078997,2492
3528530178919,2496
3528530278842,2492
3528530378764,2499
3528530478686,2495
3528530578608,2493
3528530678531,2499
3528530778454,2493
3528530878376,2490
3528530978298,2490
3528531078220,2491
3528531178142,2489
3528531278064,2489
3528531377986,2493
3528531477908,2495
3528531577830,2496
3528531677752,2494
3528531777674,2497
3528531877596,2495
3528531977519,2498
3528532077441,2491
3528532177363,2490
3528532277285,2491
3528532377207,2491
3528532477129,2490
3528532577051,2489
3528532676973,2491
3528532776895,2492
3528532876817,2494
3528532976739,2493
3528533076661,2573
3528533210596,36584
3528533310518,2492
3528533410440,2491
3528533510362,2490
3528533610284,2494
3528533710206,2492
3528533810128,2491
3528533910050,2490
3528534009972,2493
3528534109894,2493
3528534209816,2593
3528534309738,2593
3528534409660,2591
3528534509582,2593
3528534609505,2592
3528534709428,2493
3528534809350,2489
3528534909272,2488
3528535009194,2488
3528535109116,2491
3528535209038,2492
3528535308960,2493
3528535408882,2494
3528535508804,2495
3528535608726,2492
3528535708648,2496
3528535808570,2502
3528535908492,2491
3528536008414,2490
3528536108336,2492
3528536208258,2489
3528536308180,2491
3528536408102,2491
3528536508024,2490
3528536607947,2494
3528536707870,2506
3528536807792,2495
3528536907714,2492
3528537007636,2491
3528537107558,2493
3528537207480,2490
3528537307402,2502
3528537407324,2491
3528537507246,2491
3528537607168,2490
3528537707091,2590
3528537807013,2588
3528537906935,2593
3528538006857,2591
3528538106779,2592
3528538206701,2602
3528538306623,2594
3528538406545,2594
3528538506468,2603
3528538606390,2591
3528538706313,2490
3528538806235,2491
3528538906157,2488
3528539006079,2489
3528539106004,2490
3528539205926,2506
3528539305848,2494
3528539405770,2492
3528539505692,2494
3528539605614,2495
3528539705536,2492
3528539805458,2489
3528539905380,2489
3528540005302,2491
3528540105224,2491
3528540205146,2492
3528540305068,2490
3528540404991,2494
3528540504913,2494
3528540604835,2493
3528540704758,2494
3528540804681,2495
3528540904603,2493
3528541004525,2493
3528541104447,2490
3528541204369,2491
3528541304291,2490
3528541404213,2491
3528541504135,2491
3528541604057,2489
3528541703979,2512
3528541803901,2497
3528541903823,2498
3528542003746,2500
3528542103668,2503
3528542203590,2508
3528542303512,2497
3528542403434,2492
3528542503356,2493
3528542603278,2493
3528542703200,2514
3528542803122,2493
3528542903044,2499
3528543002966,2496
3528543102888,2571
3528543236737,36502
3528543336660,2542
3528543436582,2495
3528543536504,2493
3528543636426,2491
3528543736349,2492
3528543836271,2487
3528543936193,2489
3528544036115,2492
3528544136037,2490
3528544235959,2493
3528544335881,2494
3528544435803,2495
3528544535726,2492
3528544635648,2493
3528544735570,2494
3528544835492,2486
3528544935414,2491
3528545035336,2491
3528545135258,2581
3528545235180,2492
3528545335102,2490
3528545435024,2489
3528545534946,2492
3528545634868,2499
3528545734790,2496
3528545834712,2492
3528545934634,2495
3528546034556,2493
3528546134478,2490
3528546234418,2489
3528546334340,2496
3528546434262,2493
3528546534184,2492
3528546634106,2489
3528546734029,2492
3528546833951,2496
3528546933873,2495
3528547033795,2498
3528547133717,2496
3528547233639,2495
3528547333561,2493
3528547433483,2495
3528547533405,2495
3528547633327,2494
3528547733249,2496
3528547833171,2493
3528547933093,2492
3528548033015,2496
3528548132937,2496
3528548232859,2496
3528548332781,2499
3528548432703,2573
3528548532626,2497
3528548632548,2497
3528548732470,2496
3528548832392,2493
3528548932314,2491
3528549032236,2533
3528549132158,2494
3528549232080,2495
3528549332004,2494
3528549431926,2498
3528549531849,2568
3528549631771,2496
3528549731693,2497
3528549831615,2493
3528549931537,2502
3528550031459,2565
3528550131382,2491
3528550231304,2493
3528550331226,2510
3528550431148,2489
3528550531070,2560
3528550630992,2493
3528550730914,2493
3528550830836,2494
3528550930758,2490
3528551030680,2527
3528551130602,2491
3528551230524,2493
3528551330446,2488
3528551430368,2573
3528551530290,2492
3528551630212,2486
3528551730134,2490
3528551830056,2490
3528551929978,2493
3528552029900,2491
3528552129822,2498
3528552229745,2498
3528552329667,2496
3528552429589,2495
3528552529511,2501
3528552629433,2488
3528552729355,2491
3528552829277,2489
3528552929199,2492
3528553029121,2491
3528553129044,2565
3528553262908,36517
3528553362831,2528
3528553462753,2496
3528553562675,2498
3528553662597,2497
3528553762519,2495
3528553862441,2492
3528553962363,2496
3528554062285,2493
3528554162207,2496
3528554262129,2588
3528554362051,2495
3528554461973,2498
3528554561896,2495
3528554661818,2534
3528554761740,2501
3528554861663,2499
3528554961585,2498
3528555061507,2488
3528555161429,2487
3528555261351,2490
3528555361273,2489
3528555461195,2491
3528555561117,2490
3528555661039,2492
3528555760961,2494
3528555860883,2494
3528555960805,2492
3528556060727,2489
3528556160649,2496
3528556260571,2496
3528556360493,2492
3528556460415,2490
3528556560337,2492
3528556660259,2526
3528556760182,2489
3528556860104,2492
3528556960026,2490
3528557059948,2493
3528557159870,2497
3528557259792,2492
3528557359714,2493
3528557459636,2494
3528557559558,2493
3528557659480,2487
3528557759402,2492
3528557859324,2491
3528557959246,2491
3528558059168,2490
3528558159090,2490
3528558259012,2488
3528558358934,2494
3528558458856,2493
3528558558778,2492
3528558658700,2530
3528558758622,2495
3528558858544,2492
3528558958466,2490
3528559058389,2488
3528559158311,2490
3528559258233,2489
3528559358155,2491
3528559458077,2490
3528559557999,2495
3528559657921,2495
3528559757843,2493
3528559857765,2493
3528559957687,2492
3528560057609,2494
3528560157531,2492
3528560257453,2490
3528560357375,2490
3528560457297,2492
3528560557219,2491
3528560657141,2524
3528560757064,2491
3528560856986,2494
3528560956908,2493
3528561056830,2494
3528561156752,2496
3528561256674,2493
3528561356596,2491
3528561456519,2493
3528561556441,2489
3528561656363,2491
3528561756285,2492
3528561856207,2490
3528561956129,2492
3528562056051,2489
3528562155973,2494
3528562255895,2493
3528562355818,2495
3528562455740,2494
3528562555662,2497
3528562655584,2531
3528562755506,2498
3528562855428,2490
3528562955350,2488
3528563055272,2489
3528563155195,2568
3528563289055,36502
3528563388978,2609
3528563488900,2593
3528563588822,2602
3528563688745,2630
3528563788667,2593
3528563888589,2592
3528563988511,2593
3528564088433,2592
3528564188355,2591
3528564288277,2490
3528564388199,2492
3528564488121,2494
3528564588044,2489
3528564687966,2579
3528564787888,2492
3528564887810,2492
3528564987732,2494
3528565087654,2492
3528565187576,2498
3528565287498,2493
3528565387420,2490
3528565487342,2494
3528565587264,2490
3528565687186,2526
3528565787108,2490
3528565887030,2490
3528565986952,2495
3528566086874,2494
3528566186796,2494
3528566286718,2498
3528566386640,2491
3528566486562,2493
3528566586485,2494
3528566686407,2488
3528566786330,2490
3528566886252,2491
3528566986174,2491
3528567086096,2490
3528567186018,2490
3528567285941,2495
3528567385863,2493
3528567485786,2494
3528567585708,2496
3528567685630,2494
3528567785552,2493
3528567885488,2490
3528567985410,2490
3528568085332,2489
3528568185254,2490
3528568285176,2489
3528568385098,2492
3528568485020,2494
3528568584942,2493
3528568684864,2494
3528568784786,2495
3528568884708,2493
3528568984630,2494
3528569084552,2494
3528569184474,2493
3528569284396,2491
3528569384318,2490
3528569484240,2492
3528569584162,2486
3528569684084,2489
3528569784006,2492
3528569883928,2494
3528569983850,2500
3528570083772,2497
3528570183695,2497
3528570283617,2495
3528570383539,2498
3528570483461,2494
3528570583383,2493
3528570683305,2496
3528570783227,2496
3528570883149,2495
3528570983071,2497
3528571082993,2496
3528571182915,2496
3528571282837,2496
3528571382759,2499
3528571482681,2497
3528571582603,2499
3528571682525,2496
3528571782447,2498
3528571882369,2493
3528571982291,2494
3528572082213,2495
3528572182135,2493
3528572282057,2493
3528572381979,2498
3528572481901,2830
3528572581824,2498
3528572681747,2501
3528572781669,2503
3528572881591,2498
3528572981513,2495
3528573081435,2487
3528573181357,2570
3528573315195,36481
3528573415124,2603
3528573515046,2487
3528573614969,2493
3528573714892,2494
3528573814815,2492
3528573914737,2493
3528574014659,2495
3528574114581,2495
3528574214503,2489
3528574314425,2488
3528574414347,2491
3528574514269,2492
3528574614191,2489
3528574714113,2491
3528574814035,2492
3528574913957,2496
3528575013879,2497
3528575113801,2496
3528575213723,2496
3528575313645,2496
3528575413567,2551
3528575513489,2493
3528575613411,2497
3528575713333,2495
3528575813255,2495
3528575913177,2494
3528576013099,2493
3528576113021,2492
3528576212943,2498
3528576312865,2495
3528576412787,2496
3528576512709,2497
3528576612631,2498
3528576712554,2498
3528576812476,2492
3528576912398,2493
3528577012320,2493
3528577112242,2490
3528577212164,2495
3528577312086,2495
3528577412008,2493
3528577511930,2496
3528577611852,2497
3528577711774,2497
3528577811696,2498
3528577911618,2494
3528578011540,2494
3528578111462,2490
3528578211384,2490
3528578311306,2488
3528578411228,2489
3528578511150,2489
3528578611072,2490
3528578710994,2494
3528578810916,2494
3528578910838,2493
3528579010760,2492
3528579110682,2493
3528579210604,2492
3528579310526,2494
3528579410448,2491
3528579510370,2490
3528579610292,2492
3528579710214,2491
3528579810136,2492
3528579910058,2490
3528580009980,2493
3528580109902,2493
3528580209824,2492
3528580309746,2491
3528580409668,2494
3528580509590,2495
3528580609512,2491
3528580709434,2493
3528580809356,2490
3528580909278,2487
3528581009200,2491
3528581109122,2486
3528581209044,2490
3528581308966,2492
3528581408888,2490
3528581508810,2493
3528581608732,2494
3528581708654,2584
3528581808576,2497
3528581908498,2490
3528582008420,2491
3528582108342,2491
3528582208264,2492
3528582308186,2491
3528582408108,2489
3528582508030,2491
3528582607952,2491
3528582707875,2492
3528582807800,2501
3528582907722,2495
3528583007644,2494
3528583107566,2494
3528583207489,2567
3528583341224,36380
3528583441147,2630
3528583541069,2593
3528583640991,2594
3528583740913,2594
3528583840835,2595
3528583940757,2591
3528584040680,2593
3528584140602,2593
3528584240524,2592
3528584340446,2591
3528584440368,2592
3528584540291,2593
3528584640213,2588
3528584740135,2490
3528584840057,2488
3528584939979,2492
3528585039901,2492
3528585139823,2494
3528585239745,2494
3528585339667,2495
3528585439590,2495
3528585539512,2493
3528585639434,2490
3528585739356,2489
3528585839278,2489
3528585939200,2487
3528586039122,2491
3528586139044,2488
3528586238966,2492
3528586338888,2491
3528586438810,2515
3528586538732,2516
3528586638654,2492
3528586738577,2556
3528586838499,2516
3528586938421,2516
3528587038343,2513
3528587138265,2512
3528587238188,2513
3528587338110,2484
3528587438032,2485
3528587537954,2480
3528587637876,2496
3528587737798,2487
3528587837720,2484
3528587937642,2484
3528588037564,2486
3528588137486,2485
3528588237408,2482
3528588337330,2485
3528588437252,2485
3528588537174,2509
3528588637096,2486
3528588737018,2486
3528588836940,2487
3528588936862,2487
3528589036784,2487
3528589136706,2504
3528589236628,2485
3528589336550,2488
3528589436490,2484
3528589536412,2485
3528589636334,2481
3528589736256,2484
3528589836178,2484
3528589936100,2484
3528590036022,2488
3528590135944,2490
3528590235866,2536
3528590335789,2488
3528590435711,2485
3528590535633,2487
3528590635555,2491
3528590735477,2502
3528590835399,2485
3528590935321,2483
3528591035243,2483
3528591135165,2483
3528591235087,2482
3528591335009,2483
3528591434931,2489
3528591534853,2489
3528591634775,2487
3528591734697,2487
3528591834619,2489
3528591934541,2488
3528592034463,2483
3528592134385,2485
3528592234307,2485
3528592334229,2484
3528592434151,2484
3528592534073,2483
3528592633995,2492
3528592733917,2491
3528592833839,2562
3528592933762,2497
3528593033684,2486
3528593133606,2497
3528593233528,2563
3528593367236,36372
3528593467159,2625
3528593567081,2486
3528593667005,2487
3528593766927,2487
3528593866849,2486
3528593966771,2484
3528594066693,2490
3528594166615,2489
3528594266537,2488
3528594366459,2485
3528594466381,2484
3528594566303,2484
3528594666225,2501
3528594766147,2487
3528594866069,2484
3528594965991,2487
3528595065913,2487
3528595165835,2484
3528595265757,2488
3528595365679,2489
3528595465601,2485
3528595565523,2487
3528595665445,2484
3528595765367,2485
3528595865289,2482
3528595965211,2483
3528596065133,2484
3528596165055,2485
3528596264977,2489
3528596364899,2486
3528596464821,2488
3528596564743,2488
3528596664665,2523
3528596764588,2490
3528596864510,2483
3528596964432,2485
3528597064354,2485
3528597164276,2486
3528597264198,2484
3528597364120,2485
3528597464042,2487
3528597563964,2490
3528597663886,2489
3528597763809,2492
3528597863731,2490
3528597963653,2489
3528598063575,2496
3528598163497,2490
3528598263419,2486
3528598363341,2486
3528598463263,2487
3528598563185,2487
3528598663107,2523
3528598763030,2490
3528598862952,2491
3528598962874,2490
3528599062796,2489
3528599162718,2492
3528599262640,2495
3528599362562,2491
3528599462484,2487
3528599562406,2486
3528599662328,2487
3528599762250,2489
3528599862172,2486
3528599962094,2489
3528600062016,2486
3528600161938,2489
3528600261860,2492
3528600361782,2526
3528600461704,2489
3528600561626,2491
3528600661548,2527
3528600761471,2484
3528600861393,2484
3528600961315,2482
3528601061237,2482
3528601161159,2483
3528601261081,2483
3528601361004,2485
3528601460926,2485
3528601560848,2488
3528601660770,2487
3528601760692,2485
3528601860614,2488
3528601960536,2487
3528602060458,2483
3528602160380,2484
3528602260302,2483
3528602360224,2481
3528602460146,2486
3528602560068,2486
3528602659990,2522
3528602759913,2485
3528602859835,2489
3528602959757,2487
3528603059679,2487
3528603159601,2493
