3465267434552,399017
3465267534486,4979
3465267634409,4978
3465267734332,4970
3465267834255,5193
3465267934177,5175
3465268034100,5170
3465268134023,5192
3465268233947,5179
3465268333870,4985
3465268433792,4974
3465268533715,4983
3465268633637,4971
3465268733560,4977
3465268833482,4972
3465268933404,4968
3465269033326,4974
3465269133248,4973
3465269233170,4971
3465269333092,4983
3465269433014,4972
3465269532936,4980
3465269632858,4972
3465269732781,4974
3465269832704,4986
3465269932626,4970
3465270032549,4972
3465270132471,4974
3465270232393,4977
3465270332315,4971
3465270432237,4971
3465270532159,4977
3465270632081,4972
3465270732005,4978
3465270831927,4972
3465270931849,4970
3465271031771,4975
3465271131693,4973
3465271231616,4974
3465271331538,4974
3465271431460,4970
3465271531382,4978
3465271631304,4973
3465271731226,4972
3465271831148,4977
3465271931071,4971
3465272030994,4986
3465272130917,4981
3465272230840,5059
3465272596935,271245
3465272696858,5054
3465272796781,4978
3465272896704,4980
3465272996627,5251
3465273096550,5183
3465273196473,5176
3465273296396,5192
3465273396320,5185
3465273496243,5182
3465273596166,5178
3465273696089,5179
3465273796012,5192
3465273895934,5192
3465273995857,5185
3465274095780,5179
3465274195703,5183
3465274295626,5188
3465274395549,5183
3465274495471,4985
3465274595393,4987
3465274695316,5050
3465274795238,4981
3465274895160,4984
3465274995082,4987
3465275095004,4982
3465275194927,4978
3465275294850,4980
3465275394773,4977
3465275494695,4983
3465275594617,4981
3465275694540,4974
3465275794463,4983
3465275894385,4983
3465275994308,4979
3465276094230,4986
3465276194153,4982
3465276294076,4986
3465276394007,4967
3465276493929,4972
3465276593851,4974
3465276693774,5068
3465276793696,4983
3465276893618,4992
3465276993541,4986
3465277093463,4984
3465277193386,4995
3465277293309,5058
3465277659332,271180
3465277759255,4989
3465277859178,4986
3465277959101,5155
3465278059024,5211
3465278158947,5186
3465278258870,5178
3465278358793,5175
3465278458716,4989
3465278558639,5295
3465278658562,5052
3465278758486,4975
3465278858408,4971
3465278958331,4967
3465279058253,4964
3465279158175,4973
3465279258097,4967
3465279358019,4962
3465279457942,4968
3465279557864,5042
3465279657786,4967
3465279757708,4967
3465279857630,4967
3465279957552,4969
3465280057474,4968
3465280157396,4973
3465280257318,4965
3465280357240,4968
3465280457162,4966
3465280557084,4969
3465280657006,5007
3465280756929,4983
3465280856852,4978
3465280956775,4978
3465281056697,4986
3465281156620,4985
3465281256542,4983
3465281356465,4978
3465281456387,4979
3465281556309,4977
3465281656232,4979
3465281756155,4986
3465281856078,4983
3465281956004,4985
3465282055926,4995
3465282155849,4990
3465282255772,4985
3465282355695,4979
3465282455619,5052
3465282822108,271622
3465282922031,4968
3465283021953,4971
3465283121876,5115
3465283221799,5169
3465283321721,5169
3465283421643,5166
3465283521566,5166
3465283621490,5243
3465283721413,5170
3465283821335,5176
3465283921258,5176
3465284021180,5172
3465284121102,5173
3465284221025,5172
3465284320948,5182
3465284420870,5175
3465284520792,4975
3465284620714,4978
3465284720636,4981
3465284820558,4968
3465284920480,4965
3465285020402,4974
3465285120325,4978
3465285220247,4972
3465285320170,4976
3465285420092,4975
3465285520014,4969
3465285619936,4972
3465285719858,5041
3465285819781,4979
3465285919703,4969
3465286019625,4965
3465286119547,4975
3465286219469,4978
3465286319391,4971
3465286419313,4972
3465286519235,4971
3465286619157,4973
3465286719080,4992
3465286819004,4979
3465286918926,4977
3465287018849,4985
3465287118772,4982
3465287218694,4991
3465287318617,4982
3465287418539,4984
3465287518462,5050
3465287884532,271212
3465287984455,4981
3465288084378,4981
3465288184301,4987
3465288284224,5175
3465288384147,5160
3465288484069,5163
3465288583991,5194
3465288683914,5048
3465288783836,4982
3465288883758,4989
3465288983680,4987
3465289083603,4993
3465289183525,4990
3465289283447,4989
3465289383369,4991
3465289483292,5066
3465289583214,4990
3465289683136,5030
3465289783059,4988
3465289882982,4989
3465289982904,4988
3465290082847,4986
3465290182770,4984
3465290282693,4992
3465290382616,4978
3465290482539,4989
3465290582462,4984
3465290682385,5159
3465290782308,4995
3465290882230,4975
3465290982152,4970
3465291082074,4978
3465291181997,4978
3465291281919,4974
3465291381841,4972
3465291481763,4970
3465291581685,5014
3465291681607,4973
3465291781529,4978
3465291881451,4973
3465291981374,4981
3465292081296,4977
3465292181218,4974
3465292281140,4971
3465292381062,4971
3465292480984,4975
3465292580908,5048
3465292953143,277416
3465293053066,4968
3465293152989,4978
3465293252911,4969
3465293352833,5170
3465293452755,5192
3465293552678,5170
3465293652601,5167
3465293752524,5180
3465293852446,5165
3465293952368,5186
3465294052292,5173
3465294152216,4973
3465294252138,4970
3465294352062,4973
3465294451984,5025
3465294551906,4968
3465294651828,5040
3465294751752,4988
3465294851674,4972
3465294951596,4986
3465295051518,4975
3465295151441,4976
3465295251363,4974
3465295351285,4970
3465295451207,4986
3465295551129,4971
3465295651051,4974
3465295750973,4971
3465295850896,4977
3465295950818,4986
3465296050741,4978
3465296150664,4984
3465296250586,4981
3465296350508,4972
3465296450430,4985
3465296550353,4974
3465296650275,5007
3465296750198,4978
3465296850121,5040
3465296950043,4986
3465297049965,4974
3465297149888,4975
3465297249810,4979
3465297349732,4966
3465297449654,4981
3465297549576,4977
3465297649499,4971
3465297749422,5054
3465298121590,277378
3465298221513,4968
3465298321435,4972
3465298421357,4974
3465298521280,5165
3465298621203,5167
3465298721126,5179
3465298821048,5189
3465298920972,5184
3465299020894,5179
3465299120817,4981
3465299220740,4978
3465299320666,4981
3465299420588,4971
3465299520510,4983
3465299620432,4973
3465299720355,4971
3465299820277,4976
3465299920199,4974
3465300020121,4976
3465300120043,4975
3465300219966,4979
3465300319888,4972
3465300419811,4981
3465300519733,4973
3465300619655,4974
3465300719578,4983
3465300819500,4979
3465300919422,4970
3465301019344,4970
3465301119266,4969
3465301219189,4984
3465301319111,4965
3465301419035,4963
3465301518958,4970
3465301618880,4973
3465301718803,4974
3465301818726,4976
3465301918648,4971
3465302018571,4971
3465302118493,4968
3465302218415,4972
3465302318337,4977
3465302418259,4971
3465302518181,4970
3465302618103,4975
3465302718026,4981
3465302817949,5009
3465302917873,5042
3465303288621,275900
3465303388544,4967
3465303488467,4969
3465303588389,4964
3465303688312,5191
3465303788234,5180
3465303888156,5165
3465303988078,5161
3465304088005,5170
3465304187927,5185
3465304287849,5172
3465304387771,5164
3465304487693,4966
3465304587615,4971
3465304687537,5038
3465304787460,4973
3465304887382,4977
3465304987304,4975
3465305087226,4976
3465305187148,4967
3465305287070,4966
3465305386992,4967
3465305486914,4966
3465305586836,4967
3465305686758,5020
3465305786681,4977
3465305886603,4969
3465305986525,4966
3465306086447,4971
3465306186369,4971
3465306286291,4979
3465306386213,4968
3465306486135,4972
3465306586057,4971
3465306685979,5050
3465306785901,4973
3465306885823,4966
3465306985745,4968
3465307085667,4966
3465307185589,4973
3465307285511,4974
3465307385433,4971
3465307485355,4969
3465307585277,4966
3465307685199,5004
3465307785121,4969
3465307885043,4968
3465307984967,5042
3465308357031,277246
3465308456954,4964
3465308556876,4968
3465308656798,5002
3465308756721,5163
3465308856643,5166
3465308956566,5162
3465309056489,5212
3465309156413,4973
3465309256335,4973
3465309356257,4968
3465309456179,4970
3465309556101,4973
3465309656023,4968
3465309755946,4965
3465309855868,4977
3465309955790,4970
3465310055712,4971
3465310155634,4975
3465310255556,4970
3465310355478,4968
3465310455400,4971
3465310555322,4969
3465310655244,5043
3465310755167,4974
3465310855089,4969
3465310955011,4964
3465311054933,4970
3465311154855,4975
3465311254777,4968
3465311354699,4968
3465311454621,4971
3465311554543,4972
3465311654465,4968
3465311754388,4969
3465311854310,4963
3465311954232,4967
3465312054155,4970
3465312154077,4973
3465312253999,4973
3465312353921,5010
3465312453843,4987
3465312553765,4977
3465312653708,5016
3465312753631,4979
3465312853553,4974
3465312953475,4983
3465313053397,4968
3465313153321,5053
3465313524972,276788
3465313624895,4969
3465313724818,4973
3465313824741,4968
3465313924664,5183
3465314024586,5163
3465314124508,5164
3465314224431,5166
3465314324354,5169
3465314424276,5170
3465314524198,4972
3465314624121,4972
3465314724044,4974
3465314823966,4969
3465314923888,4973
3465315023810,4975
3465315123732,4974
3465315223654,4973
3465315323576,4979
3465315423498,4971
3465315523420,4971
3465315623342,4972
3465315723265,4979
3465315823187,4975
3465315923109,4984
3465316023031,4968
3465316122954,4976
3465316222876,4982
3465316322798,4968
3465316422720,4970
3465316522642,4968
3465316622565,4975
3465316722487,4978
3465316822409,4969
3465316922331,4977
3465317022253,4974
3465317122175,4970
3465317222097,4978
3465317322019,4970
3465317421941,4974
3465317521863,4974
3465317621785,4973
3465317721707,4971
3465317821630,4976
3465317921552,4970
3465318021475,4971
3465318121397,4975
