3448798320838,222
3448798420803,82
3448798520755,82
3448798620709,82
3448798720663,81
3448798820615,81
3448798920567,81
3448799020519,81
3448799120471,82
3448799220423,81
3448799320375,81
3448799420327,81
3448799520279,81
3448799620231,81
3448799720183,85
3448799820135,81
3448799920087,84
3448800020039,84
3448800119991,83
3448800219943,82
3448800319895,80
3448800419847,81
3448800519799,81
3448800619751,80
3448800719703,81
3448800819655,81
3448800919607,81
3448801019559,81
3448801119511,81
3448801219463,81
3448801319415,81
3448801419367,81
3448801519319,81
3448801619271,81
3448801719223,81
3448801819176,84
3448801919128,81
3448802019080,81
3448802119032,84
3448802218984,97
3448802318936,82
3448802418888,81
3448802518840,80
3448802618792,81
3448802718744,82
3448802818696,81
3448802918648,81
3448803018600,81
3448803118552,81
3448803218504,80
3448803318456,81
3448803418408,81
3448803518360,82
3448803618331,111
3448803718285,96
3448803818237,81
3448803918189,84
3448804018141,84
3448804118093,84
3448804218045,81
3448804317997,96
3448804417949,83
3448804517901,81
3448804617853,81
3448804717805,82
3448804817757,81
3448804917709,81
3448805017661,81
3448805117613,81
3448805217567,81
3448805317519,81
3448805417471,81
3448805517423,81
3448805617375,81
3448805717327,94
3448805817281,95
3448805917233,84
3448806017185,84
3448806117137,88
3448806217089,84
3448806317041,95
3448806416993,98
3448806516945,84
3448806616897,80
3448806716849,82
3448806816801,81
3448806916753,81
3448807016705,81
3448807116657,81
3448807216609,81
3448807316561,81
3448807416513,81
3448807516465,81
3448807616417,81
3448807716369,84
3448807816321,94
3448807916273,95
3448808016225,84
3448808116177,84
3448808216129,84
3448808316081,84
3448808416033,95
3448808515985,97
3448808615937,84
3448808715907,115
3448808815861,82
3448808915813,81
3448809015765,81
3448809115717,81
3448809215669,81
3448809315621,81
3448809415573,81
3448809515525,84
3448809615477,85
3448809715429,81
3448809815381,81
3448809915333,93
3448810015285,95
3448810115237,84
3448810215189,84
3448810315141,84
3448810415093,85
3448810515045,96
3448810614997,98
3448810714949,85
3448810814901,81
3448810914853,81
3448811014805,84
3448811114757,85
3448811214709,84
3448811314661,81
3448811414613,81
3448811514565,81
3448811614517,81
3448811714469,81
3448811814421,81
3448811914373,81
3448812014325,94
3448812114277,96
3448812214229,81
3448812314181,84
3448812414133,81
3448812514085,81
3448812614037,81
3448812713991,101
3448812813943,88
3448812913895,81
3448813013847,81
3448813113799,84
3448813213751,81
3448813313703,81
3448813413655,81
3448813513607,84
3448813613559,84
3448813713511,85
3448813813480,112
3448813913432,81
3448814013384,81
3448814113336,94
3448814213288,95
3448814313240,84
3448814413192,84
3448814513144,84
3448814613096,84
3448814713050,96
3448814813004,94
3448814912956,84
3448815012908,81
3448815112860,81
3448815212812,81
3448815312764,81
3448815412717,82
3448815512669,84
3448815612621,84
3448815712573,81
3448815812525,81
3448815912477,80
3448816012429,81
3448816112381,81
3448816212333,81
3448816312285,96
3448816412237,81
3448816512189,81
3448816612141,80
3448816712093,85
3448816812045,81
3448816911997,84
3448817011949,83
3448817111901,81
3448817211853,81
3448817311805,81
3448817411757,81
3448817511710,84
3448817611662,84
3448817711614,84
3448817811566,82
3448817911518,81
3448818011470,81
3448818111422,81
3448818211374,81
3448818311326,93
3448818411278,95
3448818511230,84
3448818611182,84
3448818711135,85
3448818811089,86
3448818911070,126
3448819011024,96
3448819110976,97
3448819210928,84
3448819310880,81
3448819410832,81
3448819510784,84
3448819610736,84
3448819710688,85
3448819810640,81
3448819910592,81
3448820010544,81
3448820110496,81
3448820210448,81
3448820310400,81
3448820410352,81
3448820510304,81
3448820610257,81
3448820710209,82
3448820810161,84
3448820910113,84
3448821010065,84
3448821110017,95
3448821209969,83
3448821309921,84
3448821409873,81
3448821509825,85
3448821609777,84
3448821709729,84
3448821809681,82
3448821909633,81
3448822009585,81
3448822109537,81
3448822209489,81
3448822309441,81
3448822409410,81
3448822509362,81
3448822609314,94
3448822709266,97
3448822809218,84
3448822909170,84
3448823009122,84
3448823109074,84
3448823209026,84
3448823308978,97
3448823408930,83
3448823508882,81
3448823608834,81
3448823708786,81
3448823808738,81
3448823908690,82
3448824008659,111
3448824108611,89
3448824208564,81
3448824308516,81
3448824408468,81
3448824508420,81
3448824608372,81
3448824708324,95
3448824808276,95
3448824908228,84
3448825008180,84
3448825108132,89
3448825208084,85
3448825308036,96
3448825407988,97
3448825507940,87
3448825607893,85
3448825707845,81
3448825807798,81
3448825907750,81
3448826007704,81
3448826107656,81
3448826207609,81
3448826307561,81
3448826407513,81
3448826507465,81
3448826607417,81
3448826707369,82
3448826807321,94
3448826907273,96
3448827007225,85
3448827107177,84
3448827207129,86
3448827307081,84
3448827407033,95
3448827506985,87
3448827606937,88
3448827706889,84
3448827806841,81
3448827906793,81
3448828006745,80
3448828106697,81
3448828206649,81
3448828306601,80
3448828406553,81
3448828506505,81
3448828606457,80
3448828706409,81
3448828806361,81
3448828906313,81
3448829006267,97
3448829106236,109
3448829206189,84
3448829306141,80
3448829406093,81
3448829506045,84
3448829605997,86
3448829705949,87
3448829805901,81
3448829905853,81
3448830005805,81
3448830105757,81
3448830205709,81
3448830305661,81
3448830405613,81
3448830505565,81
3448830605517,81
3448830705469,81
3448830805421,81
3448830905373,81
3448831005325,93
3448831105277,96
3448831205229,84
3448831305181,84
3448831405133,84
3448831505085,84
3448831605037,84
3448831704989,87
3448831804941,84
3448831904893,81
3448832004845,81
3448832104797,81
3448832204751,81
3448832304703,81
3448832404655,80
3448832504607,81
3448832604559,81
3448832704511,81
3448832804463,81
3448832904415,81
3448833004367,81
3448833104319,93
3448833204271,96
3448833304223,84
3448833404175,84
3448833504127,84
3448833604079,84
3448833704031,95
3448833803983,100
3448833903935,88
3448834003887,81
3448834103839,82
3448834203808,110
3448834303762,81
3448834403714,81
3448834503666,81
3448834603618,81
3448834703570,82
3448834803522,81
3448834903474,81
3448835003426,84
3448835103378,84
3448835203330,81
3448835303282,95
3448835403234,84
3448835503186,84
3448835603138,84
3448835703090,84
3448835803042,96
3448835902994,98
3448836002946,85
3448836102898,80
3448836202850,81
3448836302802,81
3448836402754,81
3448836502706,81
3448836602658,81
3448836702610,81
3448836802562,81
3448836902514,81
3448837002466,81
3448837102418,81
3448837202370,81
3448837302322,94
3448837402274,81
3448837502226,84
3448837602178,84
3448837702130,84
3448837802082,82
3448837902034,81
3448838001986,83
3448838101938,84
3448838201890,81
3448838301842,81
3448838401794,81
3448838501746,81
3448838601698,81
3448838701650,81
3448838801602,81
3448838901554,81
3448839001506,81
3448839101458,81
3448839201410,82
3448839301362,82
3448839401332,123
3448839501284,85
3448839601238,84
3448839701190,84
3448839801142,84
3448839901094,84
3448840001046,97
3448840100998,97
3448840200950,84
3448840300902,81
3448840400854,81
3448840500806,81
3448840600758,81
3448840700710,81
3448840800662,81
3448840900614,81
3448841000566,81
3448841100518,81
3448841200470,81
3448841300422,81
3448841400374,81
3448841500326,84
3448841600278,84
3448841700230,84
3448841800182,85
3448841900134,84
3448842000086,98
3448842100038,96
3448842199990,97
3448842299942,84
3448842399894,81
3448842499846,81
3448842599798,94
3448842699750,82
3448842799702,81
3448842899654,81
3448842999606,81
3448843099558,81
3448843199510,81
3448843299462,81
3448843399414,81
3448843499366,84
3448843599318,84
3448843699270,94
3448843799222,84
3448843899174,84
3448843999126,84
3448844099078,84
3448844199030,96
3448844298982,96
3448844398934,85
3448844498903,111
3448844598857,94
3448844698809,81
3448844798761,81
3448844898713,81
3448844998665,81
3448845098617,80
3448845198569,81
3448845298521,81
3448845398473,81
3448845498425,84
3448845598377,81
3448845698329,81
3448845798281,97
3448845898233,81
3448845998185,85
3448846098137,80
3448846198089,84
3448846298041,95
3448846397993,97
3448846497961,85
3448846597913,81
3448846697865,81
3448846797817,81
3448846897769,81
3448846997721,84
3448847097673,84
3448847197625,81
3448847297577,81
3448847397529,81
3448847497481,81
3448847597433,81
3448847697385,81
3448847797337,94
3448847897289,95
3448847997241,84
3448848097193,84
3448848197145,85
3448848297097,84
3448848397049,96
3448848497004,94
3448848596956,84
3448848696908,81
3448848796860,81
3448848896812,81
3448848996764,81
3448849096716,80
3448849196668,82
3448849296620,81
3448849396572,81
