3535851798798,56519
3535851898737,51396
3535851998660,51516
3535852098583,51227
3535852198505,51214
3535852298428,51167
3535852398351,51193
3535852498274,51160
3535852598196,51200
3535852698119,51267
3535852798042,51162
3535852897965,51212
3535852997888,43166
3535853097811,43756
3535853197733,42896
3535853297657,41780
3535853397584,42181
3535853497508,42087
3535853597432,42066
3535853697358,42095
3535853797284,42078
3535853897209,42074
3535853997133,42087
3535854097058,42065
3535854196981,42101
3535854296905,42066
3535854396830,42180
3535854496755,42139
3535854596680,42085
3535854696603,42188
3535854796528,42073
3535854896452,42096
3535854996376,42069
3535855096300,42069
3535855196224,42075
3535855296149,42067
3535855396072,42211
3535855495996,42079
3535855595918,42106
3535855695841,42071
3535855795765,42065
3535855895689,42065
3535855995613,42088
3535856095538,42048
3535856195462,42091
3535856295387,42237
3535856395311,42192
3535856495235,42109
3535856595158,42060
3535856695082,42219
3535856795007,42082
3535856894931,42079
3535856994855,42105
3535857094779,42073
3535857194701,42116
3535857294626,42069
3535857394550,42168
3535857494475,42106
3535857594399,42066
3535857694322,42089
3535857794246,42074
3535857894170,42066
3535857994094,42093
3535858094018,42086
3535858193942,42095
3535858293866,42067
3535858393790,42178
3535858493714,42067
3535858593638,42075
3535858693561,42228
3535858793486,42099
3535858893409,42087
3535858993333,42035
3535859093257,41349
3535859193181,41590
3535859293104,41353
3535859393027,41445
3535859492950,41389
3535859592873,41363
3535859692797,41723
3535859792721,41361
3535859892644,41341
3535859992568,41345
3535860092492,41351
3535860192416,41427
3535860292340,41348
3535860392263,41451
3535860492186,41343
3535860592110,41384
3535860692035,41534
3535860791960,41352
3535860891884,41348
3535860991808,41354
3535861091732,41346
3535861191656,41705
3535861291579,41349
3535861391504,41455
3535861491427,41346
3535861591351,41346
3535861691275,41357
3535861791199,41316
3535861891124,41395
3535861992278,46696
3535862092200,45465
3535862192123,45447
3535862292046,45565
3535862391969,45566
3535862491892,45512
3535862591815,45517
3535862691738,46068
3535862791661,41415
3535862891584,44186
3535862991507,43809
3535863091430,45425
3535863191353,44802
3535863291276,43773
3535863391199,43639
3535863491122,42994
3535863591045,42955
3535863690969,41370
3535863790893,41339
3535863890817,41333
3535863990742,41358
3535864090666,41331
3535864190591,41350
3535864290514,41325
3535864390439,41430
3535864490363,41372
3535864590288,42986
3535864690211,41518
3535864790135,41340
3535864890060,41336
3535864989984,41344
3535865089909,41351
3535865189833,41352
3535865289756,41484
3535865389680,41434
3535865489604,41334
3535865589528,41368
3535865689451,41682
3535865789377,41337
3535865889301,41345
3535865989225,41362
3535866089148,41329
3535866189072,41342
3535866288997,41339
3535866388921,41441
3535866488844,41343
3535866588768,41329
3535866688693,41572
3535866788616,41339
3535866888539,41343
3535866988462,41330
3535867088386,41332
3535867188309,41382
3535867288232,41332
3535867388157,41443
3535867488080,41331
3535867588006,41329
3535867687931,41385
3535867787854,41343
3535867887778,41331
3535867987702,41335
3535868087625,41328
3535868187549,41336
3535868287473,41327
3535868387397,41441
3535868487320,41329
3535868587243,41335
3535868687168,41560
3535868787091,41364
3535868887015,41338
3535868986937,41340
3535869086862,41332
3535869186787,41347
3535869286710,41496
3535869386634,41445
3535869486557,41454
3535869586481,41340
3535869686403,41386
3535869786327,41336
3535869886249,41326
3535869986174,41333
3535870086096,41328
3535870186018,41345
3535870285942,41329
3535870385866,41435
3535870485789,41335
3535870585713,41381
3535870685638,41565
3535870785561,41337
3535870885485,41333
3535870985409,41393
3535871085333,41339
3535871185257,41344
3535871285181,41334
3535871385105,41752
3535871485029,41350
3535871584953,41341
3535871684877,41397
3535871784803,41344
3535871884727,41309
3535871984650,41408
3535872085805,46646
3535872185728,45508
3535872285675,45668
3535872385598,45475
3535872485521,45387
3535872585444,45411
3535872685367,45730
3535872785290,45533
3535872885212,41821
3535872985135,43752
3535873085068,46012
3535873184991,44080
3535873284914,44243
3535873384836,45602
3535873484759,42972
3535873584681,42955
3535873684603,42970
3535873784528,42094
3535873884452,41332
3535873984376,41335
3535874084300,41324
3535874184224,41349
3535874284148,41330
3535874384072,41385
3535874483997,41444
3535874583921,41350
3535874683844,41570
3535874783770,41356
3535874883694,41353
3535874983618,41337
3535875083542,41337
3535875183466,41345
3535875283390,41488
3535875383313,41345
3535875483237,41339
3535875583161,41558
3535875683084,41395
3535875783008,41335
3535875882932,41344
3535875982857,41373
3535876082781,41344
3535876182705,41350
3535876282629,41336
3535876382553,41347
3535876482477,41328
3535876582401,41326
3535876682326,41552
3535876782250,41345
3535876882175,41338
3535876982099,41326
3535877082024,41334
3535877181948,41383
3535877281871,41344
3535877381796,41353
3535877481719,41328
3535877581644,41330
3535877681568,41394
3535877781491,41522
3535877881416,41333
3535877981340,41513
3535878081263,41509
3535878181187,41353
3535878281112,41325
3535878381036,41348
3535878480961,41332
3535878580886,41333
3535878680811,41572
3535878780735,41349
3535878880658,41334
3535878980582,41330
3535879080506,41329
3535879180430,41338
3535879280354,41523
3535879380278,41344
3535879480202,41392
3535879580128,41522
3535879680053,41389
3535879779977,41338
3535879879901,41327
3535879979826,41337
3535880079750,41340
3535880179674,41362
3535880279598,41323
3535880379523,41346
3535880479447,41336
3535880579370,41334
3535880679295,41560
3535880779221,41352
3535880879145,41516
3535880979068,41364
3535881078992,41333
3535881178916,41355
3535881278840,41332
3535881378764,41327
3535881478687,41328
3535881578612,41348
3535881678537,41391
3535881778461,41799
3535881878387,41328
3535881978311,41302
3535882078236,41374
3535882179400,46679
3535882279323,45775
3535882379246,45798
3535882479169,45344
3535882579092,45411
3535882679015,45656
3535882778938,45468
3535882878860,45399
3535882978782,42188
3535883078705,43281
3535883178628,43005
3535883278550,42986
3535883378472,43102
3535883478395,42967
3535883578317,42964
3535883678239,42984
3535883778162,42970
3535883878086,41367
3535883978010,41336
3535884077935,41335
3535884177858,42079
3535884277782,42987
3535884377705,42985
3535884477630,42979
3535884577554,42987
3535884677477,41994
3535884777401,41348
3535884877324,41342
3535884977247,41345
3535885077170,41332
3535885177093,41348
3535885277016,41519
3535885376939,41351
3535885476863,41334
3535885576785,41333
3535885676709,41420
3535885776633,41490
3535885876557,41337
3535885976481,41403
3535886076404,41330
3535886176328,41345
3535886276252,41332
3535886376177,41418
3535886476101,41335
3535886576025,41511
3535886675950,41602
3535886775873,41352
3535886875798,41331
3535886975722,41349
3535887075645,41331
3535887175567,41385
3535887275490,41355
3535887375416,41323
3535887475340,41350
3535887575263,41333
3535887675185,41385
3535887775108,41334
3535887875031,41329
3535887974955,41354
3535888074878,41340
3535888174802,41351
3535888274726,41336
3535888374650,41477
3535888474573,41335
3535888574497,41336
3535888674420,41564
3535888774343,41352
3535888874267,41337
3535888974191,41335
3535889074114,41331
3535889174038,41352
3535889273963,41520
3535889373887,41349
3535889473811,41352
3535889573734,41339
3535889673659,41398
3535889773583,41343
3535889873507,41519
3535889973431,41345
3535890073355,41336
3535890173279,41344
3535890273203,41333
3535890373127,41330
3535890473053,41333
3535890572977,41342
3535890672902,41612
3535890772827,41386
3535890872752,41345
3535890972676,41375
3535891072599,41340
3535891172523,41352
3535891272448,41340
3535891372373,41328
3535891472297,41332
3535891572221,41331
3535891672145,41389
3535891772069,41345
3535891871993,41335
3535891971917,41342
3535892071841,41322
3535892171766,41401
3535892272923,46867
3535892372846,45441
3535892472769,45400
3535892572692,45389
3535892672615,45619
3535892772557,45480
3535892872479,45598
3535892972402,45607
3535893072325,41324
3535893172248,43628
3535893272171,44974
3535893372094,44002
3535893472017,42962
3535893571939,42957
3535893671862,42983
3535893771785,42973
3535893871707,42360
3535893971633,41351
3535894071557,41330
3535894171481,41342
3535894271405,41337
3535894371329,41328
3535894471253,41339
3535894571177,41327
3535894671102,41571
3535894771026,41387
3535894870950,41373
3535894970873,41337
3535895070797,41331
3535895170722,41345
3535895270645,41510
3535895370569,41328
3535895470494,41338
3535895570418,41375
3535895670343,41391
3535895770267,41657
3535895870191,41653
3535895970115,41546
3535896070039,41333
3535896169963,41418
3535896269885,41341
3535896369809,41359
3535896469732,41344
3535896569657,41352
3535896669582,41594
3535896769506,41355
3535896869430,41341
3535896969353,41345
3535897069277,41362
3535897169202,41355
3535897269125,41334
3535897369049,41336
3535897468973,41341
3535897568898,41346
3535897668822,41391
3535897768746,41344
3535897868670,41364
3535897968595,41333
3535898068518,41332
3535898168443,41339
3535898268368,41337
3535898368292,41332
3535898468215,41340
3535898568138,41339
3535898668062,41611
3535898767987,41350
3535898867911,41334
3535898967834,41328
3535899067757,41332
3535899167681,41344
3535899267606,41516
3535899367530,41326
3535899467453,41334
3535899567376,41328
3535899667299,41369
3535899767222,41330
3535899867145,41328
3535899967070,41337
3535900066994,41331
3535900166916,41337
3535900266839,41319
3535900366763,41325
3535900466686,41326
3535900566609,41323
3535900666532,41596
3535900766457,41352
3535900866380,41334
3535900966303,41367
3535901066226,41333
3535901166149,41359
3535901266074,41332
3535901365999,41338
3535901465922,41331
3535901565846,41329
3535901665769,41393
3535901765693,41339
3535901865616,41330
3535901965541,41336
3535902065464,41327
3535902165387,41338
3535902265310,41532
3535902366468,46733
3535902466391,45461
3535902566314,45453
3535902666237,45729
3535902766160,45514
3535902866082,45542
3535902966005,45542
3535903065927,45462
3535903165850,41340
3535903265773,43997
3535903365695,43985
3535903465618,42960
3535903565540,43135
3535903665463,43052
3535903765386,42965
3535903865308,42951
3535903965231,42942
3535904065154,42988
3535904165078,42995
3535904265003,42976
3535904364925,42982
3535904464848,42977
3535904564771,42988
3535904664694,42527
3535904764617,41349
3535904864540,41344
3535904964463,41327
3535905064386,41334
3535905164311,41351
3535905264234,41526
3535905364159,41345
3535905464084,41332
3535905564007,41351
3535905663931,41386
3535905763856,41341
3535905863780,41340
3535905963703,41372
3535906063626,41353
3535906163550,41354
3535906263473,41329
3535906363397,41336
3535906463320,41339
3535906563243,41346
3535906663166,41630
3535906763091,41351
3535906863015,41348
3535906962938,41349
3535907062861,41367
3535907162786,41351
3535907262709,41342
3535907362632,41325
3535907462557,41333
3535907562482,41337
3535907662406,41373
3535907762329,41342
3535907862252,41330
3535907962175,41487
3535908062098,41326
3535908162021,41389
3535908261944,41538
3535908361868,41417
3535908461793,41339
3535908561716,41521
3535908661642,41632
3535908761565,41344
3535908861488,41328
3535908961410,41693
3535909061333,41335
3535909161256,41367
3535909261180,41512
3535909361103,41326
3535909461026,41332
3535909560949,41368
3535909660873,41390
3535909760797,41339
3535909860720,41335
3535909960645,41334
3535910060568,41336
3535910160492,41334
3535910260416,41337
3535910360340,41317
3535910460264,41329
3535910560187,41320
3535910660109,41720
3535910760034,41350
3535910859959,41336
3535910959882,41372
3535911059805,41341
3535911159727,41361
3535911259651,41485
3535911359574,41337
3535911459497,41338
3535911559420,41506
3535911659343,41372
3535911759266,41338
3535911859190,41328
3535911959113,41692
3535912059036,41661
3535912158959,41344
3535912258882,41816
3535912358807,41406
3535912459957,46662
3535912559880,45397
3535912659803,45722
3535912759726,45421
3535912859648,45423
3535912959570,45483
3535913059493,45635
3535913159416,45663
3535913259358,41319
3535913359281,43656
3535913459204,42955
3535913559126,42957
3535913659048,42956
3535913758971,42958
3535913858893,42959
3535913958815,42952
3535914058737,42326
3535914158662,41350
3535914258586,41991
3535914358509,42984
3535914458433,42986
3535914558356,42025
3535914658281,41628
3535914758204,41357
3535914858129,41335
3535914958053,41561
3535915057977,41340
3535915157900,41343
3535915257825,41513
3535915357748,41341
3535915457673,41340
3535915557596,41340
3535915657520,41406
3535915757444,41335
3535915857367,41334
3535915957291,41336
3535916057214,41328
3535916157137,41347
3535916257060,41330
3535916356983,41331
3535916456906,41357
3535916556829,41333
3535916656752,41629
3535916756677,41355
3535916856600,41331
3535916956523,41333
3535917056446,41334
3535917156369,41335
3535917256293,41339
3535917356218,41336
3535917456141,41343
3535917556064,41331
3535917655989,41376
3535917755913,41340
3535917855836,41346
3535917955759,41341
3535918055683,41337
3535918155606,41331
3535918255528,41327
3535918355451,41326
3535918455374,41327
3535918555297,41331
3535918655220,41644
3535918755143,41348
3535918855068,41332
3535918954990,41340
3535919054913,41343
3535919154838,41344
3535919254761,41570
3535919354686,41345
3535919454609,41331
3535919554532,41332
3535919654455,41373
3535919754378,41341
3535919854301,41329
3535919954223,41332
3535920054146,41330
3535920154069,41342
3535920253993,41522
3535920353918,41485
3535920453843,41362
3535920553766,41333
3535920653689,41641
3535920753614,41353
3535920853538,41333
3535920953462,41522
3535921053387,41320
3535921153312,41341
3535921253236,41325
3535921353161,41333
3535921453085,41343
3535921553008,41329
3535921652933,41362
3535921752857,41522
3535921852780,41337
3535921952705,41348
3535922052628,41322
3535922152551,41330
3535922252474,41769
3535922352398,41644
3535922452323,41553
3535922553468,46700
3535922653391,45811
3535922753314,45458
3535922853237,45412
3535922953159,45468
3535923053082,45480
3535923153005,45536
3535923252927,45414
3535923352849,41311
3535923452772,42974
3535923552695,42987
3535923652618,43029
3535923752541,43141
3535923852463,42962
3535923952385,42969
3535924052308,42980
3535924152230,42962
3535924252156,43144
3535924352081,42984
3535924452005,43005
3535924551930,41332
3535924651852,41623
3535924751778,41398
3535924851703,41340
3535924951626,41345
3535925051549,41333
3535925151473,41338
3535925251398,41366
3535925351321,41333
3535925451244,41353
3535925551169,41333
3535925651092,41406
3535925751015,41340
3535925850938,41331
3535925950861,41347
3535926050784,41332
3535926150707,41329
3535926250631,41328
3535926350554,41327
3535926450477,41349
3535926550400,41330
3535926650322,41580
3535926750247,41357
3535926850170,41339
3535926950094,41341
3535927050017,41325
3535927149940,41333
3535927249863,41344
3535927349787,41335
3535927449710,41357
3535927549633,41327
3535927649556,41360
3535927749479,41329
3535927849404,41329
3535927949327,41345
3535928049250,41328
3535928149173,41326
3535928249096,41336
3535928349019,41330
3535928448942,41353
3535928548865,41336
3535928648788,41627
3535928748712,41359
3535928848636,41449
3535928948561,41351
3535929048485,41334
3535929148409,48892
3535929248332,41328
3535929348257,41333
3535929448183,41352
3535929548107,41334
3535929648030,41366
3535929747953,41378
3535929847877,41338
3535929947800,41346
3535930047723,41340
3535930147647,41334
3535930247570,41326
3535930347493,41335
3535930447417,41340
3535930547341,41335
3535930647264,41591
3535930747189,41371
3535930847112,41340
3535930947035,41349
3535931046958,41345
3535931146882,41348
3535931246805,41335
3535931346729,41338
3535931446653,41367
3535931546576,41339
3535931646499,41338
3535931746424,41335
3535931846348,41340
3535931946272,41349
3535932046195,41326
3535932146118,41324
3535932246041,41329
3535932345966,41519
3535932445889,41681
3535932545814,41393
3535932646969,46961
3535932746892,45448
3535932846814,45448
3535932946737,45464
3535933046659,45411
3535933146582,45519
3535933246504,45624
3535933346426,45672
3535933446349,41325
3535933546272,42963
3535933646195,42964
3535933746135,43339
3535933846058,42976
3535933945980,43068
3535934045902,43049
3535934145824,42949
3535934245746,42114
3535934345670,41432
3535934445593,41590
3535934545516,41572
3535934645438,41878
3535934745363,41581
3535934845286,41750
3535934945208,41442
3535935045133,41419
3535935145056,41339
3535935244979,41572
3535935344902,41425
3535935444825,41440
3535935544748,41423
3535935644671,41463
3535935744595,41345
3535935844518,41332
3535935944441,41349
3535936044365,41330
3535936144287,41335
3535936244210,41336
3535936344133,41493
3535936444056,41354
3535936543980,41340
3535936643902,41567
3535936743827,41367
3535936843751,41366
3535936943675,41352
3535937043598,41430
3535937143521,41336
3535937243444,41334
3535937343368,41337
3535937443291,41359
3535937543215,41334
3535937643139,41613
3535937743063,41376
3535937842987,41333
3535937942911,41354
3535938042834,41339
3535938142758,41340
3535938242681,41337
3535938342605,41341
3535938442530,41346
3535938542453,41327
3535938642375,41535
3535938742300,41361
3535938842224,41338
3535938942147,41349
3535939042070,41327
3535939141993,41348
3535939241916,41337
3535939341839,41335
3535939441762,41354
3535939541685,41342
3535939641608,41454
3535939741532,41356
3535939841455,41369
3535939941378,41341
3535940041303,41329
3535940141227,41331
3535940241150,41323
3535940341073,41332
3535940440997,41354
3535940540920,41331
3535940640843,41534
3535940740768,41371
3535940840691,41347
3535940940614,41347
3535941040537,41328
3535941140460,41348
3535941240384,41332
3535941340308,41342
3535941440231,41345
3535941540154,41330
3535941640077,41338
3535941740003,41372
3535941839926,41331
3535941939849,41341
3535942039772,41332
3535942139695,41344
3535942239618,41327
3535942339542,41338
3535942439466,41346
3535942539389,41304
3535942639312,41592
3535942740470,46986
3535942840393,45793
3535942940316,45475
3535943040239,45439
3535943140162,45464
3535943240085,45497
3535943340007,45526
3535943439930,45442
3535943539852,41315
3535943639775,42953
3535943739698,42963
3535943839621,42979
3535943939544,43043
3535944039467,42956
3535944139390,43020
3535944239313,42965
3535944339235,43113
3535944439161,43024
3535944539083,43001
3535944639005,43177
3535944738931,41373
3535944838854,41342
3535944938777,41364
3535945038701,41338
3535945138625,41332
3535945238547,41334
3535945338471,41338
3535945438396,41352
3535945538320,41335
3535945638243,41347
3535945738167,41385
3535945838090,41333
3535945938014,41348
3535946037937,41338
3535946137861,41372
3535946237784,41337
3535946337707,41336
3535946437631,41373
3535946537557,41338
3535946637481,41554
3535946737406,41356
3535946837330,41342
3535946937252,41346
3535947037175,41331
3535947137098,41338
3535947237021,41322
3535947336944,41330
3535947436867,41359
3535947536790,41346
3535947636714,41340
3535947736638,41335
3535947836561,41333
3535947936484,41353
3535948036408,41335
3535948136332,41332
3535948236255,41331
3535948336178,41327
3535948436102,41342
3535948536027,41339
3535948635949,41557
3535948735875,41389
3535948835798,41342
3535948935721,41363
3535949035644,41334
3535949135568,41335
3535949235491,41516
3535949335416,41334
3535949435340,41351
3535949535264,41332
3535949635188,41337
3535949735111,41375
3535949835035,41338
3535949934958,41352
3535950034882,41337
3535950134804,41326
3535950234727,41336
3535950334650,41330
3535950434573,41533
3535950534496,41333
3535950634419,41550
3535950734345,41360
3535950834268,41326
3535950934191,41352
3535951034113,41334
3535951134036,41338
3535951233960,41341
3535951333883,41339
3535951433807,41354
3535951533730,41338
3535951633653,41329
3535951733576,41333
3535951833499,41327
3535951933422,41341
3535952033344,41340
3535952133267,41344
3535952233191,41340
3535952333114,41338
3535952433037,41370
3535952532960,41342
