3448644367345,194
3448644467308,82
3448644567260,81
3448644667212,81
3448644767164,82
3448644867116,81
3448644967068,81
3448645067020,81
3448645166972,84
3448645266924,84
3448645366876,81
3448645466828,81
3448645566780,84
3448645666732,84
3448645766684,82
3448645866636,81
3448645966588,81
3448646066540,81
3448646166493,81
3448646266445,81
3448646366397,81
3448646466349,81
3448646566301,93
3448646666253,95
3448646766205,85
3448646866157,84
3448646966109,84
3448647066061,84
3448647166021,84
3448647265973,99
3448647365925,96
3448647465877,81
3448647565829,81
3448647665781,84
3448647765733,81
3448647865685,81
3448647965637,81
3448648065589,81
3448648165541,81
3448648265493,81
3448648365445,81
3448648465397,81
3448648565349,81
3448648665301,84
3448648765253,82
3448648865205,81
3448648965157,81
3448649065109,81
3448649165061,81
3448649265013,81
3448649364965,84
3448649464917,88
3448649564879,102
3448649664831,95
3448649764784,81
3448649864736,81
3448649964688,81
3448650064640,81
3448650164592,81
3448650264544,81
3448650364496,81
3448650464448,81
3448650564400,81
3448650664360,81
3448650764312,95
3448650864264,96
3448650964216,84
3448651064168,84
3448651164120,84
3448651264072,84
3448651364024,95
3448651463976,90
3448651563928,90
3448651663880,84
3448651763832,81
3448651863784,81
3448651963736,81
3448652063688,81
3448652163640,81
3448652263592,81
3448652363544,81
3448652463496,81
3448652563448,82
3448652663400,81
3448652763352,82
3448652863304,81
3448652963256,81
3448653063208,81
3448653163160,81
3448653263112,81
3448653363064,81
3448653463016,81
3448653562968,87
3448653662920,84
3448653762873,81
3448653862825,81
3448653962777,81
3448654062729,81
3448654162681,81
3448654262633,81
3448654362585,81
3448654462537,81
3448654562489,82
3448654662451,114
3448654762404,81
3448654862356,81
3448654962308,84
3448655062260,84
3448655162212,84
3448655262164,84
3448655362116,84
3448655462068,84
3448655562020,95
3448655661972,97
3448655761924,85
3448655861876,81
3448655961828,81
3448656061780,81
3448656161732,81
3448656261684,82
3448656361636,81
3448656461588,81
3448656561540,81
3448656661492,81
3448656761444,81
3448656861396,81
3448656961348,81
3448657061300,94
3448657161252,96
3448657261204,84
3448657361156,82
3448657461108,84
3448657561060,84
3448657661012,84
3448657760965,85
3448657860917,81
3448657960869,81
3448658060821,81
3448658160773,81
3448658260725,81
3448658360677,81
3448658460629,81
3448658560581,81
3448658660533,81
3448658760485,82
3448658860437,81
3448658960389,81
3448659060345,81
3448659160297,95
3448659260249,97
3448659360201,84
3448659460153,84
3448659560105,84
3448659660066,86
3448659760029,118
3448659859981,96
3448659959933,84
3448660059885,81
3448660159837,81
3448660259789,81
3448660359741,81
3448660459693,81
3448660559645,81
3448660659597,81
3448660759549,82
3448660859501,81
3448660959453,81
3448661059405,81
3448661159357,81
3448661259309,81
3448661359261,81
3448661459213,81
3448661559165,81
3448661659117,81
3448661759069,82
3448661859021,81
3448661958973,84
3448662058925,84
3448662158877,81
3448662258829,81
3448662358781,81
3448662458733,81
3448662558685,81
3448662658637,81
3448662758589,82
3448662858541,81
3448662958493,81
3448663058445,81
3448663158397,81
3448663258349,93
3448663358301,94
3448663458253,84
3448663558205,84
3448663658157,84
3448663758109,85
3448663858065,85
3448663958017,95
3448664057969,84
3448664157921,84
3448664257873,81
3448664357825,81
3448664457777,81
3448664557729,81
3448664657681,81
3448664757634,82
3448664857598,107
3448664957550,81
3448665057502,81
3448665157454,81
3448665257406,81
3448665357358,81
3448665457310,81
3448665557262,81
3448665657214,81
3448665757166,81
3448665857118,81
3448665957070,81
3448666057022,80
3448666156974,84
3448666256926,84
3448666356878,81
3448666456830,81
3448666556782,81
3448666656734,81
3448666756686,82
3448666856638,81
3448666956590,81
3448667056542,81
3448667156494,81
3448667256446,82
3448667356398,81
3448667456358,81
3448667556310,95
3448667656262,84
3448667756214,84
3448667856166,84
3448667956118,84
3448668056070,84
3448668156022,96
3448668255974,97
3448668355926,84
3448668455900,82
3448668555852,81
3448668655804,81
3448668755756,82
3448668855708,81
3448668955660,81
3448669055612,81
3448669155564,81
3448669255516,81
3448669355468,81
3448669455420,81
3448669555372,81
3448669655324,81
3448669755276,81
3448669855228,82
3448669955192,106
3448670055144,81
3448670155096,81
3448670255048,81
3448670355003,81
3448670454955,84
3448670554908,81
3448670654860,81
3448670754812,81
3448670854764,81
3448670954716,81
3448671054668,81
3448671154620,81
3448671254572,81
3448671354524,81
3448671454476,81
3448671554428,81
3448671654380,81
3448671754332,94
3448671854284,95
3448671954236,84
3448672054188,84
3448672154140,84
3448672254092,85
3448672354044,96
3448672453996,113
3448672553948,86
3448672653900,81
3448672753852,81
3448672853804,81
3448672953756,81
3448673053708,81
3448673153660,81
3448673253612,81
3448673353564,81
3448673453516,81
3448673553468,81
3448673653420,81
3448673753373,82
3448673853325,81
3448673953277,81
3448674053229,81
3448674153181,81
3448674253133,81
3448674353085,80
3448674453037,81
3448674552989,84
3448674652941,84
3448674752893,82
3448674852845,81
3448674952797,82
3448675052760,104
3448675152712,82
3448675252664,81
3448675352616,81
3448675452568,80
3448675552520,81
3448675652472,81
3448675752424,81
3448675852376,81
3448675952328,94
3448676052280,96
3448676152233,84
3448676252185,84
3448676352137,84
3448676452089,84
3448676552041,96
3448676651993,98
3448676751945,85
3448676851897,81
3448676951849,80
3448677051801,81
3448677151753,81
3448677251705,81
3448677351657,81
3448677451609,81
3448677551561,81
3448677651513,81
3448677751465,82
3448677851417,81
3448677951369,81
3448678051321,81
3448678151273,81
3448678251225,81
3448678351177,81
3448678451129,81
3448678551081,81
3448678651033,81
3448678750985,85
3448678850937,84
3448678950889,81
3448679050841,81
3448679150794,81
3448679250746,81
3448679350698,81
3448679450650,81
3448679550602,81
3448679650554,81
3448679750506,81
3448679850458,81
3448679950410,81
3448680050362,82
3448680150324,117
3448680250276,96
3448680350228,84
3448680450180,84
3448680550132,84
3448680650084,84
3448680750036,96
3448680849988,98
3448680949940,84
3448681049892,81
3448681149844,81
3448681249796,81
3448681349748,81
3448681449700,81
3448681549652,81
3448681649604,81
3448681749556,82
3448681849508,81
3448681949460,81
3448682049412,81
3448682149364,81
3448682249316,81
3448682349268,81
3448682449220,81
3448682549172,81
3448682649124,80
3448682749076,82
3448682849028,81
3448682948980,84
3448683048932,84
3448683148884,82
3448683248836,81
3448683348788,81
3448683448740,81
3448683548692,84
3448683648644,80
3448683748596,81
3448683848548,81
3448683948500,80
3448684048452,81
3448684148404,81
3448684248356,81
3448684348308,80
3448684448260,80
3448684548212,81
3448684648164,84
3448684748116,85
3448684848068,84
3448684948020,95
3448685047972,97
3448685147924,85
3448685247887,103
3448685347839,81
3448685447791,81
3448685547743,81
3448685647695,80
3448685747647,81
3448685847599,81
3448685947551,81
3448686047503,81
3448686147455,81
3448686247407,81
3448686347359,81
3448686447311,81
3448686547263,81
3448686647215,81
3448686747167,82
3448686847119,81
3448686947071,81
3448687047023,81
3448687146975,84
3448687246927,83
3448687346879,81
3448687446831,81
3448687546783,81
3448687646735,81
3448687746687,81
3448687846639,81
3448687946591,81
3448688046543,81
3448688146495,81
3448688246447,81
3448688346399,81
3448688446363,81
3448688546315,94
3448688646267,96
3448688746219,85
3448688846171,84
3448688946123,84
3448689046075,84
3448689146027,95
3448689245979,97
3448689345931,84
3448689445883,81
3448689545835,81
3448689645787,81
3448689745739,81
3448689845691,82
3448689945643,81
3448690045595,81
3448690145547,81
3448690245499,82
3448690345462,103
3448690445414,96
3448690545366,81
3448690645318,94
3448690745270,97
3448690845222,84
3448690945174,84
3448691045126,84
3448691145078,84
3448691245030,96
3448691344982,97
3448691444934,84
3448691544886,81
3448691644838,81
3448691744790,81
3448691844742,81
3448691944694,81
3448692044646,81
3448692144598,81
3448692244550,81
3448692344502,81
3448692444454,81
3448692544424,81
3448692644376,81
3448692744328,93
3448692844280,95
3448692944232,84
3448693044184,84
3448693144136,85
3448693244088,85
3448693344040,95
3448693443992,90
3448693543944,90
3448693643896,84
3448693743848,81
3448693843800,81
3448693943752,81
3448694043704,81
3448694143656,81
3448694243608,81
3448694343560,81
3448694443512,81
3448694543464,81
3448694643416,81
3448694743368,81
3448694843320,81
3448694943272,80
3448695043224,81
3448695143176,82
3448695243128,81
