2423611829465,66
2423611929427,25
2423612029380,25
2423612129332,25
2423612229284,25
2423612329236,24
2423612429188,24
2423612529140,24
2423612629092,25
2423612729044,24
2423612828996,28
2423612928948,23
2423613028900,23
2423613128852,23
2423613228804,23
2423613328756,23
2423613428708,24
2423613528660,23
2423613628612,24
2423613728564,23
2423613828516,24
2423613928468,23
2423614028420,23
2423614128372,24
2423614228324,23
2423614328276,23
2423614428228,23
2423614528180,23
2423614628132,23
2423614728084,24
2423614828036,23
2423614927988,27
2423615027940,23
2423615127892,23
2423615227844,23
2423615327796,23
2423615427748,23
2423615527700,24
2423615627652,23
2423615727604,24
2423615827556,23
2423615927508,23
2423616027460,23
2423616127412,24
2423616227364,23
2423616327316,23
2423616427268,23
2423616527220,23
2423616627172,23
2423616727124,24
2423616827076,23
2423616927028,24
2423617027142,187
2423617127094,23
2423617227046,37
2423617326998,27
2423617426950,23
2423617526902,23
2423617626854,24
2423617726806,23
2423617826758,24
2423617926710,23
2423618026662,23
2423618126614,23
2423618226566,23
2423618326518,23
2423618426470,23
2423618526422,23
2423618626374,24
2423618726326,24
2423618826278,23
2423618926230,23
2423619026182,23
2423619126134,24
2423619226086,23
2423619326038,23
2423619425990,27
2423619525942,23
2423619625894,24
2423619725846,23
2423619825798,24
2423619925750,23
2423620025702,23
2423620125654,23
2423620225606,23
2423620325558,23
2423620425510,24
2423620525462,23
2423620625414,24
2423620725366,24
2423620825318,23
2423620925270,23
2423621025222,23
2423621125174,24
2423621225126,23
2423621325078,23
2423621425030,23
2423621524982,26
2423621624934,23
2423621724886,23
2423621824838,24
2423621924790,24
2423622024742,24
2423622124852,183
2423622224804,26
2423622324756,25
2423622424708,25
2423622524660,24
2423622624612,24
2423622724564,24
2423622824516,24
2423622924468,23
2423623024420,23
2423623124372,23
2423623224324,23
2423623324276,23
2423623424228,23
2423623524180,23
2423623624132,23
2423623724084,23
2423623824036,23
2423623923988,29
2423624023940,23
2423624123892,23
2423624223844,23
2423624323796,23
2423624423748,23
2423624523700,23
2423624623652,24
2423624723604,24
2423624823556,23
2423624923508,23
2423625023460,23
2423625123412,23
2423625223364,23
2423625323316,23
2423625423268,23
2423625523220,23
2423625623172,23
2423625723124,23
2423625823076,24
2423625923028,23
2423626022980,26
2423626122932,23
2423626222884,23
2423626322836,23
2423626422788,23
2423626522740,23
2423626622692,23
2423626722644,24
2423626822596,23
2423626922548,23
2423627022500,23
2423627122452,24
2423627222563,185
2423627322515,23
2423627422467,25
2423627522419,25
2423627622371,24
2423627722323,25
2423627822275,25
2423627922227,24
2423628022179,24
2423628122131,24
2423628222083,23
2423628322035,23
2423628421987,27
2423628521939,23
2423628621891,23
2423628721843,24
2423628821795,23
2423628921747,23
2423629021699,23
2423629121651,23
2423629221603,24
2423629321555,24
2423629421507,24
2423629521459,24
2423629621411,24
2423629721363,24
2423629821315,25
2423629921267,24
2423630021219,24
2423630121171,23
2423630221123,23
2423630321075,23
2423630421027,23
2423630520979,28
2423630620932,24
2423630720885,24
2423630820837,23
2423630920789,23
2423631020741,23
2423631120693,23
2423631220645,23
2423631320597,23
2423631420549,23
2423631520501,23
2423631620453,23
2423631720405,23
2423631820357,23
2423631920309,23
2423632020261,23
2423632120213,24
2423632220165,24
2423632320277,185
2423632420229,24
2423632520181,25
2423632620133,24
2423632720085,24
2423632820037,23
2423632919989,26
2423633019941,23
2423633119893,23
2423633219845,23
2423633319797,23
2423633419749,24
2423633519701,24
2423633619653,23
2423633719605,24
2423633819557,24
2423633919509,23
2423634019461,23
2423634119413,23
2423634219365,23
2423634319317,23
2423634419269,23
2423634519221,23
2423634619173,23
2423634719125,24
2423634819077,23
2423634919029,23
2423635018981,27
2423635118933,24
2423635218885,23
2423635318837,23
2423635418789,24
2423635518741,23
2423635618693,23
2423635718645,24
2423635818597,23
2423635918567,23
2423636018519,23
2423636118471,23
2423636218423,24
2423636318375,23
2423636418327,24
2423636518279,23
2423636618231,24
2423636718183,24
2423636818135,23
2423636918087,23
2423637018039,23
2423637117991,27
2423637217943,23
2423637317895,24
2423637418007,185
2423637517959,23
2423637617911,25
2423637717863,25
2423637817816,25
2423637917768,25
2423638017720,24
2423638117672,24
2423638217624,24
2423638317576,24
2423638417528,25
2423638517480,25
2423638617432,24
2423638717384,24
2423638817336,23
2423638917288,23
2423639017240,23
2423639117192,24
2423639217144,23
2423639317096,23
2423639417048,24
2423639517003,24
2423639616955,23
2423639716907,23
2423639816859,24
2423639916811,24
2423640016763,24
2423640116715,24
2423640216667,24
2423640316619,23
2423640416571,24
2423640516523,24
2423640616475,23
2423640716427,24
2423640816379,23
2423640916331,23
2423641016283,23
2423641116235,24
2423641216187,23
2423641316139,23
2423641416091,23
2423641516043,23
2423641615995,26
2423641715947,24
2423641815899,24
2423641915851,23
2423642015803,24
2423642115755,23
2423642215707,23
2423642315659,23
2423642415611,24
2423642515723,185
2423642615675,24
2423642715628,24
2423642815580,24
2423642915532,23
2423643015484,23
2423643115436,23
2423643215388,23
2423643315340,23
2423643415292,23
2423643515244,23
2423643615196,24
2423643715148,23
2423643815100,23
2423643915052,23
2423644015004,23
2423644114956,23
2423644214908,23
2423644314860,23
2423644414812,23
2423644514764,23
2423644614716,23
2423644714668,24
2423644814620,23
2423644914572,23
2423645014524,23
2423645114476,23
2423645214428,23
2423645314380,23
2423645414332,23
2423645514284,23
2423645614236,23
2423645714188,24
2423645814140,24
2423645914092,23
2423646014044,23
2423646113996,29
2423646213948,23
2423646313900,23
2423646413852,23
2423646513804,23
2423646613756,23
2423646713708,24
2423646813660,23
2423646913612,23
2423647013564,23
2423647113516,23
2423647213468,23
2423647313420,23
2423647413372,23
2423647513324,24
2423647613436,186
2423647713388,24
2423647813340,24
2423647913292,25
2423648013244,24
2423648113196,25
2423648213148,24
2423648313100,24
2423648413052,24
2423648513004,24
2423648612956,25
2423648712908,24
2423648812860,23
2423648912812,24
2423649012764,23
2423649112716,23
2423649212668,23
2423649312620,23
2423649412572,23
2423649512524,23
2423649612476,23
2423649712428,23
2423649812380,24
2423649912332,23
2423650012284,23
2423650112236,23
2423650212188,23
2423650312140,24
2423650412092,23
2423650512044,23
2423650611996,26
2423650711949,24
2423650811901,23
2423650911853,23
2423651011805,23
2423651111757,23
2423651211709,23
2423651311661,23
2423651411613,23
2423651511565,23
2423651611517,23
2423651711469,23
2423651811421,23
2423651911373,23
2423652011325,23
2423652111277,23
2423652211229,24
2423652311181,23
2423652411133,24
2423652511085,23
2423652611037,23
2423652711148,185
2423652811100,24
2423652911052,25
2423653011005,23
2423653110957,23
2423653210909,23
2423653310861,24
2423653410813,23
2423653510765,23
2423653610717,23
2423653710669,23
2423653810621,24
2423653910573,23
2423654010525,24
2423654110477,23
2423654210429,23
2423654310381,24
2423654410333,23
2423654510285,23
2423654610237,23
2423654710189,24
2423654810141,24
2423654910093,23
2423655010045,24
2423655109997,27
2423655209949,23
2423655309901,23
2423655409853,23
2423655509805,23
2423655609757,23
2423655709709,23
2423655809661,24
2423655909613,23
2423656009565,23
2423656109517,23
2423656209469,24
2423656309421,24
2423656409373,23
2423656509325,23
2423656609277,23
2423656709229,24
2423656809181,24
2423656909133,24
2423657009085,23
2423657109037,24
2423657208989,27
2423657308941,23
2423657408893,24
2423657508845,23
2423657608797,23
2423657708749,25
2423657808859,183
2423657908811,24
2423658008763,24
2423658108715,25
2423658208667,25
2423658308619,25
2423658408571,25
2423658508523,24
2423658608475,24
2423658708427,24
2423658808379,23
2423658908331,24
2423659008283,23
2423659108235,23
2423659208187,23
2423659308139,23
2423659408091,23
2423659508043,23
2423659607995,26
2423659707947,24
2423659807899,23
2423659907851,23
2423660007819,23
2423660107771,23
2423660207723,23
2423660307675,23
2423660407627,24
2423660507579,24
2423660607531,24
2423660707483,24
2423660807435,24
2423660907387,23
2423661007339,23
2423661107291,23
2423661207243,23
2423661307195,23
2423661407147,23
2423661507099,23
2423661607051,23
2423661707004,24
2423661806956,24
2423661906908,23
2423662006860,23
2423662106812,23
2423662206764,24
2423662306716,23
2423662406668,23
2423662506620,24
2423662606572,24
2423662706524,24
