3529237423141,31737
3529237523079,25812
3529237623004,25749
3529237722927,25750
3529237822853,20842
3529237922777,20827
3529238022702,20822
3529238122625,20818
3529238222549,20833
3529238322473,20818
3529238422396,20858
3529238522320,20852
3529238622244,20791
3529238722169,20858
3529238822093,20834
3529238922017,20793
3529239021942,20855
3529239121866,20786
3529239221790,20785
3529239321714,20785
3529239421636,20861
3529239521560,20855
3529239621483,20782
3529239721407,20786
3529239821331,20785
3529239921255,20784
3529240021178,20856
3529240121102,20785
3529240221026,20780
3529240320950,20778
3529240420874,20879
3529240520797,20862
3529240620721,20786
3529240720646,20841
3529240820570,20796
3529240920494,20791
3529241020418,20833
3529241120342,20787
3529241220266,20787
3529241320190,20781
3529241420113,20886
3529241520037,20785
3529241619961,20783
3529241719885,20808
3529241819809,20794
3529241919732,20787
3529242019655,20807
3529242119577,20787
3529242219501,20792
3529242319425,20781
3529242419349,20894
3529242519274,20798
3529242619198,20787
3529242719121,20833
3529242819044,20801
3529242918967,20791
3529243018890,20802
3529243118815,20922
3529243218739,20802
3529243318663,20787
3529243418587,20891
3529243518511,20789
3529243618435,20808
3529243718359,20792
3529243818283,20789
3529243918207,20784
3529244018131,20797
3529244118054,20781
3529244217977,20781
3529244317901,20784
3529244417824,20888
3529244517748,20845
3529244617673,20804
3529244717597,20840
3529244817521,20802
3529244917444,20797
3529245017367,20857
3529245117291,20796
3529245217215,20795
3529245317139,20787
3529245417063,20883
3529245516986,20857
3529245616910,20792
3529245716834,20803
3529245816758,20795
3529245916682,20787
3529246016606,20856
3529246116529,20793
3529246216453,20800
3529246316377,20794
3529246416301,20891
3529246516225,20857
3529246616148,20789
3529246716071,20838
3529246815993,20796
3529246915917,20789
3529247015840,20828
3529247115764,20809
3529247215689,20793
3529247315613,20789
3529247415537,20880
3529247515462,20865
3529247615701,23150
3529247715624,22818
3529247815546,21009
3529247915469,21634
3529248015392,21627
3529248115316,20793
3529248215239,21616
3529248315161,21604
3529248415084,20892
3529248515007,20770
3529248614929,20774
3529248714852,20823
3529248814775,20795
3529248914697,20788
3529249014619,20787
3529249114542,20785
3529249214465,20772
3529249314387,20790
3529249414309,20874
3529249514232,20789
3529249614154,20784
3529249714077,20786
3529249814007,20797
3529249913930,20783
3529250013853,20791
3529250113776,20787
3529250213699,20788
3529250313624,20782
3529250413549,20877
3529250513473,20817
3529250613397,20774
3529250713322,20822
3529250813246,20803
3529250913170,20779
3529251013094,20845
3529251113018,20777
3529251212942,20772
3529251312866,20773
3529251412790,20880
3529251512714,20848
3529251612638,20782
3529251712562,20783
3529251812486,20783
3529251912409,20771
3529252012333,20854
3529252112257,20774
3529252212181,20774
3529252312104,20769
3529252412028,20871
3529252511952,20888
3529252611876,20771
3529252711801,20822
3529252811725,20792
3529252911648,20781
3529253011571,20814
3529253111495,21112
3529253211418,20793
3529253311341,20778
3529253411264,20880
3529253511188,20777
3529253611111,20772
3529253711035,20782
3529253810959,20784
3529253910883,20782
3529254010807,20772
3529254110730,20782
3529254210653,20775
3529254310576,20779
3529254410500,20874
3529254510424,20828
3529254610348,20788
3529254710273,20821
3529254810197,20795
3529254910120,20779
3529255010043,20772
3529255109967,20776
3529255209890,20780
3529255309813,20775
3529255409736,20872
3529255509659,21245
3529255609582,20774
3529255709506,20776
3529255809430,20787
3529255909354,20784
3529256009278,20770
3529256109202,20773
3529256209126,20775
3529256309050,20776
3529256408974,20881
3529256508898,20777
3529256608822,20774
3529256708745,20825
3529256808669,20788
3529256908593,20783
3529257008516,20770
3529257108440,20778
3529257208363,20777
3529257308287,20774
3529257408211,20873
3529257508135,20766
3529257608060,20840
3529257708302,23144
3529257808225,22824
3529257908168,21073
3529258008091,21614
3529258108014,21596
3529258207940,21614
3529258307864,21608
3529258407787,21708
3529258507711,21605
3529258607635,21607
3529258707558,20821
3529258807482,20801
3529258907406,20783
3529259007330,20779
3529259107254,20776
3529259207178,20804
3529259307102,20775
3529259407026,20874
3529259506950,20826
3529259606874,20780
3529259706798,20784
3529259806722,20775
3529259906646,20772
3529260006570,20774
3529260106493,20785
3529260206417,20778
3529260306340,20768
3529260406264,20892
3529260506188,20932
3529260606112,20774
3529260706035,20941
3529260805959,20780
3529260905883,20778
3529261005807,20784
3529261105730,20771
3529261205653,20775
3529261305577,20778
3529261405500,20881
3529261505424,20784
3529261605346,20779
3529261705269,20776
3529261805192,20779
3529261905114,20772
3529262005036,20781
3529262104958,20776
3529262204880,20778
3529262304802,20773
3529262404724,20877
3529262504648,20781
3529262604571,20784
3529262704494,20830
3529262804416,20787
3529262904338,20782
3529263004260,20782
3529263104183,21104
3529263204106,20796
3529263304028,20773
3529263403951,20927
3529263503875,20780
3529263603799,20783
3529263703723,20812
3529263803646,20779
3529263903570,20782
3529264003494,20776
3529264103418,20782
3529264203341,20789
3529264303264,20775
3529264403187,20875
3529264503111,20905
3529264603035,20784
3529264702959,20957
3529264802883,20786
3529264902806,20790
3529265002730,20777
3529265102654,20962
3529265202577,20792
3529265302501,20782
3529265402425,20877
3529265502349,20776
3529265602273,20955
3529265702197,20792
3529265802121,20782
3529265902044,21110
3529266001969,20792
3529266101893,20790
3529266201817,20794
3529266301741,20774
3529266401665,20844
3529266501588,20779
3529266601512,20779
3529266701440,20849
3529266801363,20781
3529266901287,20778
3529267001210,20795
3529267101134,20780
3529267201058,20795
3529267300982,20766
3529267400905,20805
3529267500829,20784
3529267600753,20770
3529267700679,20855
3529267800919,23180
3529267900841,22851
3529268000764,20983
3529268100687,21600
3529268200610,21620
3529268300536,20789
3529268400460,20806
3529268500384,20778
3529268600307,20771
3529268700232,21707
3529268800155,21609
3529268900079,21611
3529269000010,21634
3529269099934,21624
3529269199858,21627
3529269299781,21603
3529269399704,21636
3529269499628,21326
3529269599552,20781
3529269699476,20791
3529269799400,20775
3529269899323,20777
3529269999246,20772
3529270099170,20778
3529270199094,20785
3529270299017,20767
3529270398941,20796
3529270498865,20779
3529270598789,20774
3529270698712,20866
3529270798636,20781
3529270898559,20773
3529270998482,20773
3529271098406,20965
3529271198329,20794
3529271298252,20776
3529271398176,20775
3529271498100,20778
3529271598023,20771
3529271697946,20801
3529271797870,20779
3529271897793,20794
3529271997716,20781
3529272097639,20773
3529272197563,20853
3529272297487,20777
3529272397411,20781
3529272497337,20772
3529272597260,20955
3529272697184,21051
3529272797108,20781
3529272897031,20776
3529272996954,20775
3529273096877,20954
3529273196801,20814
3529273296725,20782
3529273396649,20783
3529273496572,20782
3529273596495,20781
3529273696419,20794
3529273796343,20794
3529273896267,20782
3529273996190,20999
3529274096114,20953
3529274196038,20786
3529274295961,20773
3529274395885,20780
3529274495809,20823
3529274595734,20778
3529274695657,20905
3529274795581,20787
3529274895505,20783
3529274995428,20774
3529275095351,20790
3529275195273,20792
3529275295195,20786
3529275395117,20774
3529275495040,20774
3529275594963,20772
3529275694885,20801
3529275794807,20782
3529275894729,20773
3529275994651,20774
3529276094574,20784
3529276194496,20789
3529276294419,20784
3529276394341,20778
3529276494264,20777
3529276594186,20778
3529276694109,20949
3529276794032,20782
3529276893955,20776
3529276993878,20783
3529277093802,20797
3529277193725,20824
3529277293649,20779
3529277393573,20779
3529277493497,20778
3529277593420,20777
3529277693343,20807
3529277793268,20848
3529277893508,23145
3529277993430,22825
3529278093353,21068
3529278193276,21632
3529278293199,21591
3529278393143,20782
3529278493067,20780
3529278592990,20791
3529278692913,21771
3529278792837,21617
3529278892761,21614
3529278992685,21648
3529279092610,21624
3529279192534,21620
3529279292457,21610
3529279392380,21600
3529279492304,21609
3529279592228,20779
3529279692152,20797
3529279792076,20765
3529279892003,20772
3529279991926,20778
3529280091850,20775
3529280191773,20789
3529280291696,20773
3529280391619,20775
3529280491543,20775
3529280591467,20769
3529280691390,20980
3529280791313,20788
3529280891235,20774
3529280991158,20787
3529281091082,20775
3529281191005,20790
3529281290928,20770
3529281390851,20783
3529281490774,20772
3529281590698,20780
3529281690622,20792
3529281790546,20778
3529281890469,20776
3529281990392,20775
3529282090315,20782
3529282190238,20784
3529282290162,20775
3529282390085,20771
3529282490009,20786
3529282589933,20777
3529282689856,20984
3529282789780,20788
3529282889703,20775
3529282989626,20778
3529283089549,20779
3529283189473,20817
3529283289396,20784
3529283389320,20776
3529283489244,20780
3529283589168,20775
3529283689092,20918
3529283789016,20785
3529283888940,20783
3529283988863,20814
3529284088786,20967
3529284188710,20865
3529284288634,20787
3529284388558,20799
3529284488482,20792
3529284588407,20779
3529284688331,21060
3529284788254,20804
3529284888178,20802
3529284988101,20793
3529285088024,20788
3529285187947,20805
3529285287871,20805
3529285387794,20789
3529285487718,20791
3529285587642,20790
3529285687565,20838
3529285787489,20793
3529285887412,20786
3529285987335,20759
3529286087258,20790
3529286187182,20803
3529286287105,20782
3529286387029,20778
3529286486953,20784
3529286586877,20775
3529286686802,21049
3529286786726,20791
3529286886650,20785
3529286986573,20774
3529287086497,20779
3529287186421,20788
3529287286345,20787
3529287386268,20772
3529287486192,20777
3529287586116,20773
3529287686040,20827
3529287785964,20773
3529287885889,20867
3529287986129,23149
3529288086051,22804
3529288185973,20988
3529288285896,21608
3529288385818,21623
3529288485744,20794
3529288585668,21765
3529288685593,21174
3529288785517,20795
3529288885440,20824
3529288985362,20811
3529289085284,20775
3529289185206,20782
3529289285128,20776
3529289385051,20775
3529289484974,20778
3529289584897,20786
3529289684819,20839
3529289784742,20780
3529289884664,20793
3529289984586,20775
3529290084508,20949
3529290184431,20788
3529290284353,20773
3529290384275,20780
3529290484198,20769
3529290584120,20766
3529290684043,21039
3529290783966,20789
3529290883889,20779
3529290983812,20778
3529291083735,20779
3529291183659,20791
3529291283583,20793
3529291383506,20801
3529291483430,20780
3529291583353,20780
3529291683276,20829
3529291783200,20777
3529291883123,20953
3529291983046,20782
3529292082970,20778
3529292182893,20775
3529292282816,20770
3529292382739,20778
3529292482663,20778
3529292582587,20775
3529292682511,21021
3529292782434,20789
3529292882357,20785
3529292982280,20779
3529293082204,20774
3529293182128,20793
3529293282051,20776
3529293381974,20782
3529293481898,20775
3529293581822,20784
3529293681746,20820
3529293781670,20789
3529293881593,20821
3529293981517,20818
3529294081441,20777
3529294181364,20779
3529294281287,20775
3529294381210,20772
3529294481134,20807
3529294581058,20777
3529294680981,21041
3529294780904,20808
3529294880827,20781
3529294980750,20779
3529295080674,20775
3529295180597,20777
3529295280521,20779
3529295380444,20773
3529295480368,20778
3529295580291,20771
3529295680214,20810
3529295780138,20781
3529295880062,20778
3529295979985,20784
3529296079908,20778
3529296179831,20808
3529296279755,20777
3529296379678,20789
3529296479602,20778
3529296579526,20917
3529296679450,20983
3529296779374,20831
3529296879297,20802
3529296979221,20792
3529297079144,20774
3529297179067,20769
3529297278991,20777
3529297378914,20779
3529297478838,20777
3529297578761,20769
3529297678684,20805
3529297778608,20777
3529297878532,20769
3529297978457,20855
3529298078697,23144
3529298178619,22819
3529298278542,21089
3529298378465,21594
3529298478388,21607
3529298578313,21607
3529298678236,21383
3529298778159,20799
3529298878100,20787
3529298978022,20783
3529299077946,20778
3529299177869,20778
3529299277792,20785
3529299377715,20775
3529299477639,20777
3529299577563,20775
3529299677486,20809
3529299777410,20770
3529299877333,20773
3529299977256,20776
3529300077180,20772
3529300177103,20958
3529300277027,20784
3529300376950,20780
3529300476874,20774
3529300576798,20776
3529300676721,20952
3529300776646,20809
3529300876569,20783
3529300976493,20777
3529301076417,20784
3529301176340,20776
3529301276263,20778
3529301376186,20764
3529301476110,20776
3529301576033,20772
3529301675956,20956
3529301775880,20789
3529301875803,20781
3529301975726,20774
3529302075649,20772
3529302175572,20774
3529302275495,20774
3529302375418,20775
3529302475341,20774
3529302575263,20778
3529302675186,20947
3529302775109,20808
3529302875033,20821
3529302974956,20781
3529303074878,20954
3529303174800,20800
3529303274722,20782
3529303374644,20770
3529303474567,20931
3529303574490,20776
3529303674412,20825
3529303774335,20781
3529303874257,20777
3529303974181,20773
3529304074104,20768
3529304174026,20768
3529304273950,20773
3529304373873,20776
3529304473797,20778
3529304573722,20790
3529304673646,20925
3529304773570,20812
3529304873493,20784
3529304973416,20783
3529305073340,20778
3529305173265,20774
3529305273188,20771
3529305373111,20773
3529305473035,20773
3529305572959,20773
3529305672882,20811
3529305772806,20780
3529305872729,20770
3529305972652,20779
3529306072576,20774
3529306172499,20771
3529306272422,20769
3529306372345,20775
3529306472269,20784
3529306572193,20777
3529306672116,20916
3529306772040,20809
3529306871964,20786
3529306971887,20781
3529307071811,20768
3529307171735,20769
3529307271659,20782
3529307371582,20768
3529307471506,20780
3529307571429,20775
3529307671352,20807
3529307771275,20770
3529307871198,20960
3529307971122,20773
3529308071047,20837
3529308171290,23527
3529308271213,22820
3529308371136,21104
3529308471059,21595
3529308570981,21590
3529308670905,20974
3529308770829,21644
3529308870752,21610
3529308970676,21609
3529309070599,21606
3529309170522,21641
3529309270446,21602
3529309370369,21601
3529309470293,21598
3529309570217,20769
3529309670140,20963
3529309770063,20776
3529309869986,20785
3529309969909,20776
3529310069832,20773
3529310169755,20778
3529310269680,20778
3529310369603,20773
3529310469527,20775
3529310569451,20767
3529310669374,20901
3529310769298,20803
3529310869221,20956
3529310969145,20771
3529311069068,20775
3529311168992,20784
3529311268915,20777
3529311368838,20768
3529311468762,20775
3529311568686,20774
3529311668609,20804
3529311768533,20832
3529311868457,20774
3529311968380,20770
3529312068304,20774
3529312168227,20780
3529312268150,20770
3529312368073,20786
3529312467997,20772
3529312567921,20779
3529312667845,20841
3529312767769,20795
3529312867693,20779
3529312967616,20789
3529313067540,20778
3529313167464,20795
3529313267387,20803
3529313367310,20781
3529313467234,20771
3529313567157,20771
3529313667081,20781
3529313767007,20781
3529313866930,20778
3529313966854,20780
3529314066778,20796
3529314166701,20775
3529314266624,20778
3529314366547,20773
3529314466471,20772
3529314566394,20780
3529314666317,20822
3529314766240,24889
3529314866165,20778
3529314966088,20777
3529315066011,20771
3529315165935,20773
3529315265858,20776
3529315365781,20768
3529315465704,20778
3529315565628,20781
3529315665551,20773
3529315765475,20777
3529315865398,20792
3529315965320,20773
3529316065243,20782
3529316165165,20776
3529316265087,20777
3529316365009,20773
3529316464932,20779
3529316564855,20775
3529316664778,20850
3529316764701,20804
3529316864623,20777
3529316964546,20792
3529317064468,20774
3529317164390,20773
3529317264313,20775
3529317364235,20797
3529317464158,20770
3529317564080,20770
3529317664006,20770
3529317763930,20783
3529317863854,20779
3529317963777,20779
3529318063701,20766
3529318163625,20843
3529318263867,23134
3529318363790,22797
3529318463713,21108
3529318563636,21595
3529318663559,21697
3529318763485,20969
3529318863409,20775
3529318963334,20781
3529319063258,20776
3529319163181,20768
3529319263104,20782
3529319363049,20784
3529319462973,20778
3529319562897,20820
3529319662820,20799
3529319762744,20779
3529319862667,20779
3529319962590,20808
3529320062513,20858
3529320162437,20869
3529320262361,20871
3529320362285,20939
3529320462209,20867
3529320562132,20803
3529320662055,20927
3529320761980,20808
3529320861903,20867
3529320961826,20802
3529321061750,20810
3529321161673,20806
3529321261596,20803
3529321361519,20769
3529321461443,20776
3529321561366,20775
3529321661289,20773
3529321761213,20970
3529321861136,20772
3529321961059,20771
3529322060982,20768
3529322160905,20769
3529322260828,20772
3529322360751,20763
3529322460676,20774
3529322560600,20780
3529322660523,20916
3529322760447,20802
3529322860370,20782
3529322960294,20774
3529323060218,20770
3529323160142,21110
3529323260066,20810
3529323359989,20781
3529323459913,20777
3529323559837,20775
3529323659760,20787
3529323759684,20783
3529323859608,20782
3529323959532,20791
3529324059456,20777
3529324159379,20773
3529324259302,20775
3529324359225,20773
3529324459148,20865
3529324559073,20937
3529324658997,20921
3529324758921,21007
3529324858845,20790
3529324958768,20781
3529325058692,20778
3529325158615,20779
3529325258538,20769
3529325358462,20779
3529325458386,20778
3529325558309,20764
3529325658232,20778
3529325758156,20870
3529325858080,20779
3529325958005,20778
3529326057928,20770
3529326157851,20996
3529326257775,20783
3529326357698,20774
3529326457622,20782
3529326557545,20773
3529326657469,20925
3529326757393,20812
3529326857316,20780
3529326957239,20783
3529327057162,20773
3529327157086,20775
3529327257010,20782
3529327356934,20781
3529327456857,20965
3529327556781,20776
3529327656704,20784
3529327756628,20774
3529327856551,20776
3529327956474,20778
3529328056397,20776
3529328156320,20767
3529328256243,21349
3529328356483,23140
3529328456406,22809
3529328556329,21215
3529328656252,21865
3529328756175,21805
3529328856100,20792
3529328956024,20787
3529329055948,20778
3529329155872,20771
3529329255796,20781
3529329355719,20770
3529329455642,20777
3529329555566,21613
3529329655490,21605
3529329755413,21606
3529329855335,21604
3529329955257,21602
3529330055180,21613
3529330155102,21599
3529330255024,21598
3529330354946,21603
3529330454869,21115
3529330554792,20778
3529330654715,20969
3529330754638,20826
3529330854560,20787
3529330954482,20777
3529331054404,20780
3529331154326,20783
3529331254249,20786
3529331354171,20775
3529331454094,20776
3529331554016,20771
3529331653940,20775
3529331753864,20964
3529331853788,20779
3529331953711,20792
3529332053636,20767
3529332153560,20780
3529332253484,20781
3529332353407,20923
3529332453330,20789
3529332553253,20779
3529332653176,20978
3529332753100,20814
3529332853023,20780
3529332952946,20793
3529333052870,20782
3529333152794,20798
3529333252717,20784
3529333352640,20774
3529333452566,20788
3529333552489,20781
3529333652412,20777
3529333752335,21049
3529333852258,20788
3529333952182,20797
3529334052106,20780
3529334152029,20771
3529334251953,20921
3529334351877,20776
3529334451801,20781
3529334551725,20782
3529334651648,20986
3529334751572,20998
3529334851496,20779
3529334951419,20792
3529335051343,20782
3529335151266,20779
3529335251190,20777
3529335351114,20775
3529335451038,20784
3529335550962,20788
3529335650886,20791
3529335750810,20920
3529335850733,20774
3529335950659,20790
3529336050583,20779
3529336150506,20778
3529336250430,20781
3529336350354,20784
3529336450278,20789
3529336550202,20778
3529336650125,20990
3529336750049,20818
3529336849973,20796
3529336949896,20802
3529337049820,20780
3529337149744,20784
3529337249668,20779
3529337349592,20783
3529337449516,20799
3529337549439,20778
3529337649362,20779
3529337749285,20783
3529337849210,20992
3529337949133,20792
3529338049057,20776
3529338148980,20777
