3535535482206,7296
3535535582140,5449
3535535682063,5225
3535535781987,5225
3535535881911,5227
3535535981833,5227
3535536081757,5435
3535536181679,5436
3535536281601,5333
3535536381524,5225
3535536481448,5225
3535536581370,5225
3535536681292,5217
3535536781214,5219
3535536881136,5216
3535536981058,5216
3535537080980,5219
3535537180902,5222
3535537280824,5221
3535537380746,5220
3535537480669,5224
3535537580591,5217
3535537680513,5217
3535537780437,5325
3535537880359,5217
3535537980283,5216
3535538080205,5217
3535538180127,5214
3535538280049,5216
3535538379971,5219
3535538479893,5219
3535538579815,5223
3535538679737,5216
3535538779659,5220
3535538879581,5216
3535538979504,5219
3535539079428,5217
3535539179350,5215
3535539279272,5216
3535539379194,5216
3535539479118,5217
3535539579040,5214
3535539678962,5353
3535539778884,5222
3535539878806,5217
3535539978728,5214
3535540078650,5212
3535540178572,5214
3535540278494,5248
3535540378416,5213
3535540478338,5211
3535540578260,5213
3535540678183,5214
3535540778105,5213
3535540878027,5211
3535540977949,5218
3535541077871,5216
3535541177793,5263
3535541277715,5210
3535541377637,5210
3535541477559,5216
3535541577481,5214
3535541677403,5214
3535541777325,5210
3535541877247,5209
3535541977169,5213
3535542077091,5214
3535542177013,5210
3535542276935,5215
3535542376857,5210
3535542476779,5214
3535542576701,5211
3535542676623,5248
3535542776545,5219
3535542876467,5211
3535542976389,5211
3535543076311,5215
3535543176233,5213
3535543276155,5228
3535543376077,5212
3535543475999,5214
3535543575921,5214
3535543675843,5212
3535543775765,5213
3535543875687,5211
3535543975609,5210
3535544075531,5216
3535544175453,5216
3535544275375,5211
3535544375297,5213
3535544475219,5212
3535544575141,5212
3535544675063,5216
3535544774985,5227
3535544874907,5216
3535544974829,5217
3535545074751,5213
3535545174673,5212
3535545274595,5215
3535545374517,5210
3535545474439,5216
3535545574363,5280
3535545674446,5894
3535545774369,5207
3535545874292,5256
3535545974214,5211
3535546074136,5210
3535546174058,5212
3535546273980,5214
3535546373902,5219
3535546473824,5215
3535546573746,5213
3535546673668,5214
3535546773590,5215
3535546873512,5214
3535546973434,5214
3535547073356,5213
3535547173278,5214
3535547273200,5214
3535547373122,5211
3535547473044,5219
3535547572966,5217
3535547672888,5220
3535547772810,5216
3535547872732,5216
3535547972654,5210
3535548072576,5213
3535548172498,5216
3535548272420,5213
3535548372342,5215
3535548472264,5215
3535548572186,5216
3535548672108,5217
3535548772030,5215
3535548871952,5215
3535548971874,5218
3535549071796,5218
3535549171718,5250
3535549271640,5215
3535549371563,5214
3535549471485,5214
3535549571407,5218
3535549671329,5221
3535549771251,5215
3535549871173,5217
3535549971095,5214
3535550071017,5214
3535550170939,5219
3535550270861,5217
3535550370783,5215
3535550470706,5214
3535550570628,5214
3535550670550,5216
3535550770473,5217
3535550870395,5213
3535550970317,5213
3535551070239,5214
3535551170161,5212
3535551270083,5215
3535551370005,5213
3535551469927,5216
3535551569849,5220
3535551669771,5212
3535551769693,5215
3535551869615,5229
3535551969537,5212
3535552069459,5214
3535552169381,5212
3535552269303,5213
3535552369225,5214
3535552469147,5211
3535552569069,5211
3535552668992,5217
3535552768914,5216
3535552868836,5217
3535552968758,5210
3535553068680,5210
3535553168602,5207
3535553268524,5211
3535553368446,5218
3535553468368,5211
3535553568290,5208
3535553668212,5207
3535553768134,5210
3535553868056,5209
3535553967978,5213
3535554067900,5210
3535554167822,5212
3535554267744,5213
3535554367666,5208
3535554467588,5208
3535554567510,5211
3535554667432,5231
3535554767356,5212
3535554867278,5209
3535554967200,5212
3535555067122,5210
3535555167044,5210
3535555266966,5215
3535555366888,5212
3535555466810,5212
3535555566732,5211
3535555666656,5281
3535555766738,5905
3535555866660,5207
3535555966583,5388
3535556066505,5216
3535556166427,5212
3535556266349,5211
3535556366271,5212
3535556466193,5209
3535556566115,5210
3535556666037,5227
3535556765959,5218
3535556865881,5213
3535556965803,5211
3535557065743,5221
3535557165665,5211
3535557265589,5211
3535557365511,5208
3535557465433,5211
3535557565355,5209
3535557665277,5210
3535557765199,5212
3535557865121,5210
3535557965043,5209
3535558064965,5216
3535558164887,5213
3535558264809,5213
3535558364731,5212
3535558464653,5212
3535558564575,5211
3535558664497,5262
3535558764419,5214
3535558864341,5208
3535558964263,5212
3535559064185,5211
3535559164107,5210
3535559264029,5217
3535559363951,5212
3535559463873,5216
3535559563795,5215
3535559663717,5212
3535559763639,5212
3535559863561,5213
3535559963483,5215
3535560063405,5217
3535560163327,5214
3535560263249,5215
3535560363171,5283
3535560463093,5356
3535560563015,5215
3535560662937,5276
3535560762859,5220
3535560862781,5213
3535560962703,5211
3535561062625,5216
3535561162547,5212
3535561262469,5211
3535561362391,5211
3535561462313,5215
3535561562235,5212
3535561662157,5215
3535561762079,5215
3535561862004,5215
3535561961926,5213
3535562061848,5217
3535562161770,5213
3535562261692,5287
3535562361614,5219
3535562461536,5215
3535562561458,5215
3535562661380,5282
3535562761303,5216
3535562861225,5213
3535562961147,5215
3535563061069,5212
3535563160991,5218
3535563260913,5215
3535563360835,5215
3535563460757,5215
3535563560679,5214
3535563660602,5216
3535563760524,5216
3535563860446,5214
3535563960368,5213
3535564060290,5214
3535564160212,5214
3535564260134,5215
3535564360056,5214
3535564459978,5216
3535564559900,5218
3535564659822,5250
3535564759744,5217
3535564859666,5215
3535564959588,5212
3535565059510,5210
3535565159432,5210
3535565259354,5368
3535565359276,5213
3535565459198,5216
3535565559120,5215
3535565659042,5216
3535565758966,5284
3535565859051,5908
3535565958973,5259
3535566058895,5464
3535566158818,5218
3535566258740,5210
3535566358662,5211
3535566458584,5211
3535566558506,5210
3535566658428,5282
3535566758350,5217
3535566858272,5210
3535566958194,5210
3535567058116,5211
3535567158038,5212
3535567257960,5213
3535567357882,5212
3535567457804,5216
3535567557726,5209
3535567657648,5210
3535567757570,5209
3535567857493,5210
3535567957415,5211
3535568057337,5212
3535568157259,5211
3535568257181,5211
3535568357103,5210
3535568457025,5210
3535568556947,5213
3535568656869,5262
3535568756791,5217
3535568856713,5209
3535568956635,5208
3535569056557,5207
3535569156479,5210
3535569256401,5280
3535569356324,5209
3535569456246,5209
3535569556168,5213
3535569656090,5210
3535569756012,5210
3535569855934,5215
3535569955856,5212
3535570055778,5210
3535570155700,5208
3535570255622,5210
3535570355544,5212
3535570455467,5211
3535570555389,5209
3535570655311,5280
3535570755234,5217
3535570855156,5211
3535570955078,5212
3535571055004,5211
3535571154926,5216
3535571254848,5215
3535571354770,5254
3535571454692,5199
3535571554614,5216
3535571654536,5216
3535571754458,5210
3535571854380,5211
3535571954302,5212
3535572054224,5211
3535572154146,5209
3535572254068,5209
3535572353990,5249
3535572453912,5230
3535572553834,5215
3535572653756,5259
3535572753679,5217
3535572853601,5213
3535572953523,5229
3535573053445,5214
3535573153367,5392
3535573253289,5214
3535573353211,5216
3535573453133,5223
3535573553055,5212
3535573652977,5211
3535573752899,5216
3535573852821,5217
3535573952743,5229
3535574052665,5210
3535574152587,5217
3535574252509,5215
3535574352431,5211
3535574452353,5228
3535574552275,5212
3535574652197,5283
3535574752120,5214
3535574852042,5216
3535574951964,5227
3535575051886,5217
3535575151808,5218
3535575251730,5210
3535575351652,5213
3535575451575,5225
3535575551497,5212
3535575651419,5213
3535575751341,5212
3535575851263,5288
3535575951348,5928
3535576051270,5212
3535576151193,5365
3535576251115,5215
3535576351038,5426
3535576450961,5234
3535576550885,5219
3535576650807,5267
3535576750730,5219
3535576850652,5214
3535576950574,5225
3535577050496,5213
3535577150418,5217
3535577250340,5212
3535577350262,5213
3535577450184,5229
3535577550106,5214
3535577650028,5216
3535577749951,5219
3535577849873,5221
3535577949795,5230
3535578049717,5213
3535578149639,5213
3535578249561,5210
3535578349483,5216
3535578449405,5222
3535578549327,5214
3535578649265,5251
3535578749187,5215
3535578849109,5214
3535578949031,5223
3535579048953,5216
3535579148875,5214
3535579248797,5213
3535579348719,5209
3535579448641,5211
3535579548563,5211
3535579648485,5210
3535579748407,5211
3535579848329,5211
3535579948251,5210
3535580048174,5210
3535580148096,5207
3535580248018,5222
3535580347940,5214
3535580447862,5213
3535580547784,5209
3535580647706,5209
3535580747628,5213
3535580847550,5210
3535580947472,5206
3535581047395,5209
3535581147317,5209
3535581247239,5213
3535581347161,5210
3535581447083,5209
3535581547005,5211
3535581646927,5217
3535581746849,5251
3535581846771,5209
3535581946693,5213
3535582046615,5209
3535582146537,5222
3535582246459,5207
3535582346381,5212
3535582446303,5212
3535582546225,5229
3535582646147,5209
3535582746070,5219
3535582845992,5212
3535582945914,5217
3535583045836,5214
3535583145758,5210
3535583245680,5208
3535583345602,5212
3535583445524,5209
3535583545446,5209
3535583645368,5211
3535583745290,5211
3535583845212,5211
3535583945134,5213
3535584045056,5270
3535584144978,5249
3535584244900,5214
3535584344822,5218
3535584444744,5209
3535584544666,5214
3535584644588,5211
3535584744511,5208
3535584844433,5205
3535584944355,5208
3535585044277,5211
3535585144199,5207
3535585244121,5211
3535585344043,5211
3535585443965,5218
3535585543887,5220
3535585643809,5219
3535585743731,5227
3535585843653,5212
3535585943576,5286
3535586043655,5905
3535586143577,5277
3535586243499,5359
3535586343421,5212
3535586443343,5211
3535586543266,5215
3535586643188,5218
3535586743111,5215
3535586843033,5216
3535586942956,5219
3535587042879,5219
3535587142801,5217
3535587242723,5215
3535587342645,5215
3535587442567,5214
3535587542489,5215
3535587642411,5213
3535587742333,5215
3535587842255,5220
3535587942177,5216
3535588042099,5214
3535588142021,5213
3535588241943,5219
3535588341865,5216
3535588441787,5292
3535588541709,5215
3535588641631,5216
3535588741553,5217
3535588841475,5210
3535588941397,5213
3535589041319,5216
3535589141241,5212
3535589241163,5213
3535589341085,5222
3535589441007,5214
3535589540929,5217
3535589640851,5219
3535589740773,5216
3535589840695,5215
3535589940617,5292
3535590040539,5209
3535590140461,5213
3535590240383,5208
3535590340305,5212
3535590440228,5219
3535590540150,5215
3535590640072,5215
3535590739995,5220
3535590839917,5214
3535590939839,5217
3535591039761,5209
3535591139683,5211
3535591239605,5214
3535591339527,5216
3535591439449,5315
3535591539371,5213
3535591639293,5211
3535591739215,5209
3535591839137,5213
3535591939059,5211
3535592038981,5218
3535592138903,5218
3535592238825,5216
3535592338747,5211
3535592438669,5219
3535592538591,5212
3535592638513,5213
3535592738436,5214
3535592838358,5210
3535592938280,5212
3535593038202,5209
3535593138124,5212
3535593238046,5207
3535593337968,5211
3535593437891,5215
3535593537813,5210
3535593637735,5210
3535593737657,5210
3535593837579,5210
3535593937501,5214
3535594037423,5213
3535594137345,5206
3535594237267,5210
3535594337189,5211
3535594437111,5209
3535594537033,5208
3535594636955,5211
3535594736878,5218
3535594836800,5214
3535594936722,5211
3535595036644,5209
3535595136566,5211
3535595236488,5209
3535595336410,5212
3535595436333,5330
3535595536255,5211
3535595636177,5210
3535595736099,5210
3535595836021,5210
3535595935943,5288
3535596035867,5288
3535596135950,5993
3535596235872,5246
3535596335795,5466
3535596435718,5421
3535596535640,5423
3535596635563,5214
3535596735486,5216
3535596835408,5209
3535596935330,5208
3535597035252,5222
3535597135174,5215
3535597235096,5210
3535597335018,5212
3535597434940,5320
3535597534863,5225
3535597634787,5222
3535597734709,5212
3535597834631,5211
3535597934553,5211
3535598034475,5209
3535598134397,5212
3535598234319,5211
3535598334241,5210
3535598434163,5212
3535598534085,5210
3535598634007,5207
3535598733929,5217
3535598833851,5213
3535598933773,5390
3535599033695,5210
3535599133617,5213
3535599233539,5211
3535599333461,5212
3535599433383,5217
3535599533305,5213
3535599633227,5214
3535599733149,5213
3535599833071,5214
3535599932993,5221
3535600032915,5218
3535600132854,5223
3535600232776,5215
3535600332698,5217
3535600432620,5320
3535600532542,5213
3535600632464,5216
3535600732387,5215
3535600832309,5208
3535600932231,5216
3535601032153,5234
3535601132075,5214
3535601231997,5216
3535601331919,5219
3535601431841,5217
3535601531763,5216
3535601631685,5211
3535601731607,5212
3535601831529,5214
3535601931451,5286
3535602031373,5217
3535602131295,5214
3535602231217,5215
3535602331139,5327
3535602431061,5215
3535602530983,5216
3535602630905,5216
3535602730827,5220
3535602830749,5214
3535602930671,5214
3535603030593,5213
3535603130515,5324
3535603230437,5214
3535603330359,5213
3535603430281,5216
3535603530203,5213
3535603630125,5213
3535603730047,5211
3535603829969,5309
3535603929891,5217
3535604029813,5220
3535604129735,5214
3535604229657,5212
3535604329579,5210
3535604429501,5216
3535604529423,5263
3535604629345,5217
3535604729267,5216
3535604829189,5214
3535604929111,5212
3535605029033,5284
3535605128955,5228
3535605228877,5215
3535605328799,5217
3535605428721,5212
3535605528643,5277
3535605628565,5211
3535605728487,5210
3535605828409,5210
3535605928331,5211
3535606028253,5281
3535606128175,5287
3535606228259,5899
3535606328181,5242
3535606428104,5326
3535606528028,5277
3535606627950,5220
3535606727873,5213
3535606827796,5214
3535606927718,5208
3535607027640,5244
3535607127562,5210
3535607227484,5214
3535607327406,5208
3535607427328,5208
3535607527250,5213
3535607627172,5211
3535607727094,5213
3535607827016,5209
3535607926938,5214
3535608026860,5214
3535608126782,5214
3535608226704,5209
3535608326626,5209
3535608426549,5259
3535608526471,5210
3535608626393,5211
3535608726315,5214
3535608826237,5209
3535608926159,5211
3535609026081,5212
3535609126004,5213
3535609225926,5214
3535609325848,5211
3535609425770,5291
3535609525692,5211
3535609625614,5210
3535609725536,5213
3535609825458,5208
3535609925380,5210
3535610025302,5210
3535610125225,5207
3535610225147,5208
3535610325069,5210
3535610424991,5289
3535610524913,5212
3535610624835,5213
3535610724758,5212
3535610824680,5209
3535610924602,5211
3535611024525,5213
3535611124447,5208
3535611224369,5209
3535611324291,5211
3535611424213,5291
3535611524135,5209
3535611624057,5211
3535611723979,5217
3535611823901,5214
3535611923823,5221
3535612023745,5212
3535612123667,5215
3535612223589,5213
3535612323511,5212
3535612423433,5300
3535612523355,5213
3535612623277,5215
3535612723200,5219
3535612823122,6201
3535612923044,5216
3535613022966,5217
3535613122888,5218
3535613222810,5213
3535613322732,5216
3535613422654,5301
3535613522576,5215
3535613622498,5215
3535613722420,5217
3535613822342,5214
3535613922264,5215
3535614022186,5213
3535614122108,5213
3535614222030,5215
3535614321952,5217
3535614421874,5303
3535614521796,5215
3535614621718,5212
3535614721640,5220
3535614821562,5217
3535614921484,5214
3535615021406,5214
3535615121328,5212
3535615221250,5213
3535615321172,5216
3535615421095,5229
3535615521017,5216
3535615620939,5216
3535615720861,5219
3535615820783,5215
3535615920705,5214
3535616020627,5212
3535616120549,5211
3535616220473,5289
3535616320557,5909
3535616420479,5274
3535616520401,5463
3535616620323,5421
3535616720246,5217
3535616820168,5214
3535616920090,5215
3535617020013,5216
3535617119935,5218
3535617219857,5218
3535617319779,5213
3535617419701,5238
3535617519623,5214
3535617619545,5218
3535617719467,5219
3535617819389,5212
3535617919311,5211
3535618019233,5223
3535618119155,5232
3535618219077,5236
3535618318999,5238
3535618418921,5254
3535618518843,5237
3535618618765,5219
3535618718687,5219
3535618818609,5213
3535618918531,5268
3535619018453,5216
3535619118375,5216
3535619218297,5222
3535619318219,5215
3535619418141,5225
3535619518063,5281
3535619617985,5215
3535619717907,5215
3535619817829,5214
3535619917751,5211
3535620017673,5210
3535620117595,5209
3535620217517,5210
3535620317439,5210
3535620417361,5223
3535620517283,5211
3535620617205,5207
3535620717127,5219
3535620817049,5212
3535620916971,5212
3535621016893,5214
3535621116815,5212
3535621216737,5209
3535621316659,5215
3535621416581,5224
3535621516503,5208
3535621616425,5209
3535621716361,5212
3535621816283,5211
3535621916205,5211
3535622016127,5209
3535622116049,5212
3535622215971,5211
3535622315893,5213
3535622415815,5226
3535622515737,5206
3535622615659,5211
3535622715581,5216
3535622815503,5211
3535622915425,5211
3535623015347,5212
3535623115269,5402
3535623215191,5209
3535623315113,5209
3535623415035,5214
3535623514957,5215
3535623614879,5215
3535623714802,5210
3535623814724,5210
3535623914646,5210
3535624014568,5210
3535624114490,5211
3535624214412,5213
3535624314334,5210
3535624414256,5213
3535624514178,5272
3535624614100,5212
3535624714022,5212
3535624813944,5215
3535624913866,5216
3535625013788,5216
3535625113710,5216
3535625213632,5214
3535625313554,5213
3535625413476,5213
3535625513398,5212
3535625613320,5211
3535625713243,5213
3535625813165,5213
3535625913087,5213
3535626013009,5215
3535626112931,5218
3535626212853,5220
3535626312775,5351
3535626412858,5902
3535626512781,5246
3535626612703,5294
3535626712626,5215
3535626812548,5216
3535626912470,5215
3535627012392,5215
3535627112314,5213
3535627212238,5247
3535627312161,5216
3535627412083,5215
3535627512005,5304
3535627611927,5216
3535627711849,5213
3535627811771,5213
3535627911693,5210
3535628011615,5214
3535628111537,5212
3535628211459,5214
3535628311381,5214
3535628411304,5213
3535628511226,5216
3535628611149,5215
3535628711071,5218
3535628810993,5219
3535628910915,5215
3535629010837,5252
3535629110759,5212
3535629210681,5212
3535629310603,5216
3535629410525,5214
3535629510447,5225
3535629610369,5215
3535629710291,5213
3535629810213,5213
3535629910135,5214
3535630010057,5211
3535630109979,5217
3535630209901,5215
3535630309823,5217
3535630409745,5213
3535630509667,5212
3535630609589,5215
3535630709512,5217
3535630809434,5208
3535630909356,5213
3535631009279,5213
3535631109201,5214
3535631209123,5212
3535631309045,5216
3535631408967,5217
3535631508889,5215
3535631608811,5217
3535631708734,5212
3535631808656,5210
3535631908578,5211
3535632008500,5210
3535632108422,5210
3535632208344,5209
3535632308266,5207
3535632408188,5210
3535632508110,5213
3535632608032,5206
3535632707955,5219
3535632807877,5211
3535632907799,5211
3535633007721,5210
3535633107643,5208
3535633207565,5212
3535633307487,5209
3535633407409,5210
3535633507331,5212
3535633607253,5209
3535633707176,5212
3535633807098,5209
3535633907020,5212
3535634006942,5215
3535634106864,5211
3535634206786,5210
3535634306708,5208
3535634406630,5211
3535634506552,5210
3535634606474,5210
3535634706397,5211
3535634806319,5211
3535634906241,5215
3535635006163,5211
3535635106085,5208
3535635206007,5208
3535635305929,5213
3535635405851,5215
3535635505773,5210
3535635605695,5206
3535635705617,5212
3535635805539,5209
3535635905461,5218
3535636005383,5210
3535636105305,5207
3535636205227,5212
3535636305149,5214
