724969818987,5064
724969918903,2078
724970018805,1677
724970118707,1676
724970218609,1674
724970318511,1674
724970418413,1675
724970518315,1674
724970618217,1672
724970718121,1674
724970818023,1673
724970917925,1675
724971017827,1675
724971117729,1676
724971217631,1676
724971317533,1676
724971417435,1675
724971517337,1676
724971617239,1673
724971717141,1673
724971817043,1672
724971916945,1676
724972016847,1677
724972116749,1676
724972216651,1676
724972316553,1676
724972416455,1675
724972516359,1676
724972616261,1672
724972716163,1673
724972816065,1673
724972915967,1676
724973015869,1676
724973115771,1676
724973215673,1676
724973315575,1675
724973415477,1710
724973515379,1676
724973615281,1671
724973715185,1672
724973815087,1673
724973914989,1678
724974014891,1675
724974114793,1676
724974214695,1675
724974314597,1674
724974414499,1675
724974514401,1676
724974614303,1673
724974714207,1675
724974814109,1673
724974914011,1674
724975013913,1679
724975113815,1678
724975213717,1678
724975313619,1678
724975413521,1679
724975513423,1680
724975613325,1680
724975713227,1676
724975813129,1676
724975913031,1676
724976012933,1680
724976112835,1678
724976212737,1680
724976312639,1678
724976412541,1680
724976512443,1681
724976612345,1680
724976712247,1673
724976812149,1672
724976912051,1673
724977011953,1744
724977111855,1676
724977211757,1676
724977311659,1676
724977411561,1677
724977511463,1747
724977611365,1676
724977711267,1672
724977811169,1672
724977911071,1672
724978010973,1746
724978110875,1675
724978210777,1676
724978310679,1676
724978410581,1676
724978510483,1707
724978610385,1675
724978710287,1675
724978810189,1674
724978910091,1673
724979009993,1675
724979109895,1675
724979209797,1710
724979309699,1678
724979409601,1676
724979509503,1677
724979609405,1675
724979709307,1673
724979809209,1673
724979909111,11549
724980009013,11595
724980110435,3260
724980210337,1676
724980310241,1672
724980410143,1671
724980510045,1673
724980609947,1676
724980709849,1675
724980809751,1684
724980909653,1675
724981009555,1675
724981109457,1676
724981209359,1677
724981309261,1672
724981409163,1673
724981509065,1673
724981608967,1675
724981708869,1677
724981808771,1674
724981908673,1676
724982008575,1674
724982108477,1676
724982208379,1679
724982308281,1668
724982408183,1672
724982508085,1708
724982607987,1674
724982707889,1676
724982807791,1675
724982907693,1673
724983007595,1677
724983107497,1675
724983207399,1710
724983307301,1673
724983407204,1672
724983507106,1672
724983607008,1673
724983706910,1675
724983806812,1676
724983906714,1676
724984006616,1675
724984106518,1675
724984206420,1711
724984306322,1673
724984406224,1673
724984506126,1673
724984606028,1673
724984705930,1676
724984805832,1676
724984905734,1676
724985005636,1675
724985105538,1676
724985205440,1676
724985305342,1675
724985405244,1673
724985505146,1673
724985605048,1672
724985704950,1677
724985804852,1676
724985904754,1675
724986004656,1676
724986104558,1675
724986204460,1677
724986304362,1676
724986404264,1672
724986504166,1673
724986604068,1672
724986703970,1698
724986803872,1679
724986903774,1677
724987003676,1678
724987103578,1678
724987203480,1690
724987303382,1679
724987403284,1675
724987503186,1675
724987603088,1677
724987702990,1694
724987802892,1678
724987902794,1680
724988002696,1679
724988102598,1679
724988202500,1691
724988302402,1679
724988402304,1672
724988502206,1673
724988602108,1672
724988702010,1672
724988801912,1676
724988901814,1675
724989001716,1677
724989101618,1676
724989201520,1675
724989301422,1676
724989401324,1673
724989501226,1671
724989601128,1670
724989701030,1673
724989800932,1674
724989900834,11776
724990000736,11542
724990100638,12029
724990200540,11852
724990300442,11530
724990400344,11837
724990500247,11515
724990600149,11524
724990701580,3266
724990801482,1676
724990901385,1676
724991001287,1673
724991101189,1673
724991201091,1672
724991300993,1675
724991400895,1675
724991500797,1676
724991600699,1676
724991700601,1676
724991800503,1677
724991900405,1677
724992000307,1674
724992100209,1673
724992200111,1675
724992300013,1673
724992399915,1675
724992499817,1676
724992599739,1677
724992699641,1700
724992799543,1675
724992899445,1676
724992999347,1679
724993099249,1672
724993199151,1672
724993299053,1717
724993398955,1675
724993498857,1675
724993598759,1675
724993698661,1675
724993798563,1675
724993898465,1675
724993998367,1676
724994098269,1672
724994198171,1672
724994298073,1672
724994397975,1677
724994497877,1676
724994597779,1676
724994697681,1712
724994797583,1676
724994897485,1675
724994997387,1677
724995097289,1673
724995197191,1673
724995297093,1673
724995396995,1674
724995496897,1675
724995596799,1679
724995696701,1676
724995796603,1678
724995896505,1676
724995996407,1675
724996096309,1673
724996196211,1674
724996296113,1673
724996396015,1672
724996495917,1677
724996595819,1698
724996695721,1676
724996795623,1676
724996895525,1676
724996995427,1676
724997095329,1675
724997195231,1671
724997295133,1672
724997395035,1671
724997494937,1676
724997594839,1711
724997694741,1677
724997794644,1677
724997894546,1676
724997994448,1676
724998094350,1676
724998194252,1673
724998294154,1676
724998394056,1673
724998493958,1676
724998593860,1679
724998693762,1715
724998793664,1679
724998893566,1678
724998993468,1679
724999093370,1678
724999193272,1675
724999293174,1676
724999393076,1676
724999492978,1679
724999592880,1678
724999692782,1679
724999792684,1680
724999892586,11639
724999992488,11424
725000092390,11513
725000192292,11548
725000292194,11539
725000392096,11446
725000491998,11508
725000591900,11936
725000691802,12089
725000791704,11780
725000891606,11469
725000991508,11866
725001091410,11637
725001191312,11858
725001291214,11676
725001391116,11654
725001491018,11505
725001590920,11470
725001690822,11656
725001790724,11576
725001890626,11945
725001990528,11328
725002090430,11628
725002190332,11430
725002290234,11638
725002390136,11779
725002490038,11575
725002591457,3257
725002691359,1713
725002791261,1675
725002891163,1672
725002991065,1673
725003090967,1675
725003190869,1675
725003290771,1675
725003390673,1675
725003490575,1676
725003590477,1678
725003690379,1676
725003790281,1672
725003890183,1672
725003990085,1673
725004089987,1674
725004189889,1675
725004289791,1676
725004389693,1675
725004489595,1675
725004589497,1677
725004689399,1676
725004789301,1673
725004889203,1673
725004989105,1672
725005089012,1731
725005188914,1675
725005288816,1676
725005388718,1676
725005488620,1676
725005588522,1675
725005688424,1676
725005788326,1672
725005888228,1672
725005988130,1672
725006088032,1671
725006187934,1676
725006287836,1674
725006387738,1676
725006487640,1678
725006587542,1675
725006687444,1676
725006787346,1677
725006887248,1673
725006987150,1672
725007087052,1672
725007186954,1675
725007286856,1675
725007386758,1675
725007486660,1676
725007586562,1677
725007686464,1675
725007786366,1674
725007886268,1673
725007986170,1673
725008086072,1672
725008185974,1675
725008285876,1676
725008385778,1676
725008485680,1676
725008585582,1674
725008685484,1676
725008785386,1675
725008885288,1672
725008985190,1672
725009085092,1672
725009184994,1676
725009284896,1675
725009384798,1676
725009484700,1677
725009584602,1676
725009684504,1675
725009784406,1670
725009884308,11979
725009984210,11564
725010084112,11696
725010184014,11884
725010283916,11730
725010383818,11584
725010483720,11536
725010583622,11421
725010685037,3248
725010784941,1677
725010884843,1676
725010984745,1675
725011084647,1686
725011184549,1676
725011284451,1676
725011384353,1688
725011484255,1684
725011584157,1677
725011684059,1687
725011783961,1680
725011883863,1679
725011983765,1679
725012083667,1680
725012183569,1680
725012283471,1679
725012383373,1678
725012483275,1675
725012583177,1676
725012683079,1676
725012782981,1680
725012882883,1678
725012982785,1679
725013082687,1678
725013182589,1677
725013282491,1681
725013382393,1679
725013482295,1672
725013582197,1673
725013682099,1673
725013782004,1673
725013881906,1675
725013981808,1677
725014081710,1676
725014181612,1676
725014281514,1676
725014381416,1675
725014481318,1673
725014581220,1673
725014681122,1672
725014781024,1674
725014880926,1672
725014980828,1675
725015080747,1677
725015180649,1677
725015280551,1676
725015380453,1676
725015480355,1675
725015580257,1673
725015680159,1671
725015780061,1673
725015879963,1675
725015979865,1676
725016079767,1676
725016179669,1675
725016279571,1677
725016379473,1675
725016479375,1676
725016579277,1672
725016679179,1673
725016779081,1671
725016878983,1675
725016978885,1675
725017078787,1676
725017178689,1675
725017278591,1676
725017378493,1676
725017478395,1676
725017578297,1671
725017678199,1673
725017778101,1672
725017878004,1672
725017977906,1675
725018077808,1679
725018177710,1675
725018277612,1677
725018377514,1675
725018477416,1677
725018577318,1673
725018677220,1673
725018777122,1675
725018877024,1672
725018976926,1677
725019076828,1676
725019176730,1675
725019276632,1676
725019376534,1677
725019476436,1677
725019576338,1676
725019676240,1672
725019776142,1709
725019876044,11663
725019975946,11498
725020075848,11619
725020175750,11363
725020275652,11711
725020375554,11275
725020475456,11536
725020576870,3250
725020676772,1677
725020776674,1675
725020876576,1676
725020976478,1676
725021076380,1675
725021176282,1672
725021276184,1673
725021376086,1672
725021475988,1676
725021575890,1675
725021675792,1675
725021775694,1711
725021875596,1674
725021975498,1676
725022075400,1676
725022175302,1672
725022275204,1672
725022375106,1672
725022475008,1673
725022574910,1676
725022674813,1677
725022774715,1694
725022874617,1676
725022974519,1676
725023074421,1675
725023174323,1673
725023274225,1672
725023374127,1673
725023474029,1673
725023573931,1678
725023673833,1678
725023773735,1678
725023873637,1679
725023973539,1678
725024073441,1679
725024173343,1678
725024273245,1675
725024373147,1676
725024473049,1676
725024572951,1678
725024672853,1680
725024772755,1679
725024872657,1678
725024972559,1678
725025072461,1681
725025172363,1679
725025272265,1672
725025372167,1671
725025472069,1673
725025571971,1675
725025671873,1675
725025771775,1676
725025871677,1675
725025971579,1677
725026071481,1676
725026171383,1674
725026271285,1672
725026371187,1673
725026471089,1672
725026570991,1675
725026670893,1676
725026770795,1676
725026870697,1675
725026970599,1676
725027070501,1677
725027170403,1674
725027270305,1674
725027370207,1673
725027470109,1672
725027570011,1672
725027669913,1676
725027769815,1675
725027869717,1676
725027969619,1676
725028069521,1676
725028169423,1675
725028269325,1679
725028369227,1672
725028469129,1674
725028569031,1674
725028668934,1675
725028768836,1677
725028868738,1676
725028968640,1676
725029068542,1674
725029168444,1675
725029268346,1675
725029368248,1673
725029468150,1673
725029568052,1673
725029667954,1676
725029767856,1675
725029867758,11811
725029967660,11567
725030067562,11550
725030167464,11400
725030267366,11669
725030367268,11457
725030467170,11735
725030567072,11693
725030668488,3264
725030768392,1675
725030868294,1675
725030968196,1673
725031068098,1672
725031168003,1672
725031267905,1676
725031367807,1677
725031467709,1675
725031567611,1677
725031667513,1675
725031767415,1677
725031867317,1672
725031967219,1673
725032067121,1673
725032167023,1673
725032266925,1674
725032366827,1675
725032466729,1676
725032566631,1676
725032666533,1676
725032766435,1676
725032866337,1675
725032966239,1674
725033066141,1674
725033166043,1672
725033265945,1676
725033365847,1675
725033465749,1676
725033565651,1676
725033665554,1677
725033765456,1676
725033865358,1677
725033965260,1674
725034065162,1673
725034165064,1673
725034264966,1676
725034364868,1675
725034464770,1712
725034564672,1675
725034664574,1713
725034764476,1675
725034864378,1677
725034964280,1673
725035064182,1674
725035164084,1673
725035263986,1679
725035363888,1679
725035463790,1753
725035563692,1678
725035663594,1678
725035763496,1679
725035863398,1678
725035963300,1676
725036063202,1676
725036163104,1676
725036263006,1675
725036362908,1679
725036462810,1699
725036562712,1679
725036662614,1679
725036762516,1680
725036862418,1680
725036962320,1673
725037062222,1668
725037162124,1673
725037262026,1673
725037361928,1676
725037461830,1675
725037561732,1677
725037661634,1676
725037761554,1676
725037861456,1676
725037961358,1676
725038061260,1672
725038161162,1673
725038261064,1672
725038360966,1676
725038460868,1676
725038560770,1679
725038660672,1715
725038760574,1675
725038860476,1677
725038960378,1676
725039060280,1673
725039160182,1672
725039260084,1673
725039359986,1674
725039459888,1675
725039559790,1676
725039659692,1725
725039759594,1676
725039859496,11752
725039960910,3251
725040060814,1675
725040160716,1675
725040260618,1676
725040360520,1676
725040460422,1676
725040560324,1673
725040660226,1673
725040760128,1673
725040860030,1673
725040959932,1711
725041059834,1674
725041159736,1675
725041259638,1675
725041359540,1676
725041459442,1676
725041559344,1675
725041659246,1743
725041759148,1672
725041859050,1673
725041958952,1712
725042058854,1675
725042158756,1678
725042258658,1676
725042358560,1676
725042458462,1676
725042558364,1676
725042658266,1778
725042758168,1674
725042858070,1672
725042957972,1676
725043057874,1675
725043157776,1676
725043257678,1676
725043357580,1675
725043457483,1676
725043557385,1676
725043657287,1674
725043757189,1672
725043857091,1673
725043956993,1675
725044056895,1676
725044156797,1675
725044256699,1675
725044356601,1677
725044456503,1723
725044556405,1675
725044656307,1698
725044756209,1673
725044856111,1673
725044956013,1671
725045055915,1675
725045155817,1675
725045255719,1676
725045355621,1676
725045455523,1676
725045555425,1676
725045655327,1673
725045755229,1673
725045855131,1674
725045955033,1672
725046054935,1677
725046154837,1675
725046254739,1676
725046354641,1675
725046454543,1676
725046554445,1676
725046654347,1678
725046754249,1673
725046854151,1673
725046954053,1672
725047053955,1679
725047153857,1677
725047253759,1679
725047353661,1680
725047453563,1691
725047553465,1678
725047653367,1680
725047753269,1676
725047853171,1676
725047953073,1689
725048052975,1679
725048152877,1680
725048252779,1679
725048352681,1678
725048452583,1692
725048552485,1680
725048652387,1720
725048752289,1675
725048852191,1673
725048952093,1673
725049051995,1675
725049151897,1676
725049251799,1675
725049351701,1676
725049451603,1675
725049551505,1676
725049651407,1675
725049751309,1673
725049851211,11923
725049952628,3267
725050052532,1679
725050152434,1679
725050252337,1680
725050352239,1673
725050452141,1673
725050552043,1672
725050651945,1714
725050751847,1676
725050851749,1675
725050951651,1675
725051051553,1675
725051151455,1675
725051251357,1675
725051351259,1672
725051451161,1673
725051551063,1673
725051650965,1676
725051750867,1675
725051850769,1676
725051950671,1675
725052050573,1676
725052150475,1675
725052250377,1674
725052350279,1673
725052450181,1672
725052550083,1672
725052649985,1710
725052749887,1677
725052849789,1676
725052949691,1676
725053049593,1676
725053149495,1676
725053249397,1676
725053349299,1673
725053449201,1671
725053549103,1672
725053649005,1708
725053748907,1674
725053848809,1675
725053948711,1675
725054048613,1676
725054148515,1676
725054248417,1675
725054348319,1672
725054448221,1672
725054548123,1672
725054648025,1673
725054747927,1675
725054847829,1676
725054947731,1676
725055047633,1676
725055147535,1677
725055247437,1675
725055347339,1676
725055447241,1672
725055547143,1671
725055647045,1672
725055746947,1676
725055846849,1676
725055946751,1677
725056046653,1676
725056146555,1674
725056246457,1676
725056346359,1676
725056446261,1672
725056546163,1672
725056646065,1674
725056745967,1677
725056845869,1677
725056945771,1676
725057045673,1675
725057145575,1675
725057245477,1674
725057345379,1676
725057445281,1673
725057545183,1672
725057645085,1673
725057744987,1675
725057844889,1676
725057944791,1675
725058044693,1675
725058144595,1677
725058244497,1677
725058344399,1675
725058444301,1673
725058544203,1673
725058644105,1673
725058744007,1673
725058843909,1680
725058943811,1678
725059043713,1679
725059143615,1678
725059243517,1679
725059343419,1679
725059443321,1675
725059543223,1675
725059643125,1676
725059743027,1677
725059842929,11707
725059942831,11392
725060042733,11423
725060144152,3254
725060244054,1673
725060343956,1678
725060443874,1680
725060543776,1680
725060643678,1679
725060743582,1679
725060843484,1678
725060943386,1678
725061043288,1677
725061143190,1678
725061243092,1677
725061342994,1679
725061442896,1680
725061542798,1679
725061642700,1678
725061742602,1680
725061842504,1679
725061942406,1679
725062042308,1673
725062142210,1673
725062242112,1683
725062342014,1673
725062441916,1676
725062541818,1686
725062641720,1684
725062741622,1682
725062841524,1689
725062941426,1678
725063041328,1676
725063141230,1673
725063241132,1672
725063341034,1672
725063440936,1676
725063540838,1675
725063640740,1676
725063740642,1681
725063840544,1675
725063940446,1675
725064040348,1676
725064140250,1672
725064240152,1673
725064340054,1668
725064439956,1675
725064539858,1677
725064639760,1675
725064739662,1680
725064839564,1676
725064939466,1676
725065039368,1676
725065139270,1672
725065239172,1672
725065339074,1672
725065438976,1677
725065538878,1675
725065638780,1675
725065738682,1676
725065838584,1677
725065938486,1675
725066038388,1675
725066138290,1672
725066238192,1672
725066338094,1673
725066437996,1677
725066537898,1675
725066637800,1675
725066737702,1675
725066837604,1676
725066937506,1675
725067037408,1676
725067137310,1672
725067237212,1672
725067337114,1672
725067437016,1672
725067536918,1675
725067636820,1675
725067736722,1676
725067836624,1675
725067936526,1676
725068036428,1676
725068136330,1677
725068236232,1672
725068336134,1671
725068436036,1675
725068535938,1676
725068635840,1677
725068735742,1676
725068835644,1675
725068935546,1678
725069035448,1675
725069135350,1676
725069235252,1672
725069335154,1672
725069435056,1671
725069534958,1676
725069634860,1676
725069734762,1676
725069834664,11587
725069934566,11690
725070034468,11487
725070134370,11602
725070234272,11455
725070334174,11874
725070434076,11504
725070533978,11429
725070633880,11003
725070733783,11456
725070833685,11720
725070933587,11596
725071033489,11495
725071133391,11738
725071233293,11700
725071333195,11495
725071433097,11411
725071532999,11685
725071632901,11589
725071732803,11615
725071834224,3250
725071934126,1674
725072034028,1675
725072133930,1678
725072233832,1679
725072333734,1677
725072433636,1679
725072533538,1679
725072633440,1680
725072733344,1679
725072833246,1677
725072933148,1675
725073033050,1676
725073132952,1678
725073232854,1677
725073332756,1679
725073432658,1680
725073532560,1679
725073632462,1679
725073732364,1679
725073832266,1672
725073932168,1673
725074032070,1673
725074131972,1674
725074231874,1675
725074331776,1675
725074431678,1676
725074531580,1676
725074631482,1675
725074731384,1676
725074831286,1672
725074931188,1673
725075031090,1673
725075130992,1676
725075230894,1675
725075330796,1676
725075430698,1674
725075530600,1676
725075630502,1676
725075730404,1676
725075830306,1673
725075930208,1673
725076030110,1674
725076130012,1676
725076229914,1676
725076329816,1675
725076429718,1676
725076529620,1676
725076629522,1675
725076729424,1675
725076829326,1672
725076929228,1673
725077029130,1672
725077129032,1673
725077228934,1675
725077328836,1678
725077428738,1675
725077528640,1676
725077628542,1676
725077728444,1676
725077828346,1675
725077928248,1672
725078028150,1673
725078128052,1672
725078227954,1677
725078327856,1680
725078427758,1676
725078527660,1675
725078627562,1676
725078727464,1676
725078827366,1676
725078927268,1672
725079027170,1671
725079127072,1674
725079226974,1677
725079326876,1677
725079426778,1676
725079526680,1676
725079626582,1674
725079726484,1676
725079826386,11472
725079926288,11457
725080026190,11638
725080126092,11533
725080225994,11629
725080325896,11892
725080425798,11955
725080525700,11892
725080625602,11588
725080725504,11483
725080825406,11705
725080926820,3248
725081026722,1675
725081126624,1674
725081226526,1676
725081326428,1674
725081426330,1675
725081526233,1673
725081626135,1672
725081726037,1673
725081825939,1674
725081925841,1676
725082025743,1675
725082125645,1676
725082225547,1675
725082325449,1677
725082425351,1676
725082525253,1672
725082625155,1672
725082725057,1673
725082824959,1675
725082924861,1676
725083024779,1677
725083124681,1677
725083224583,1676
725083324485,1676
725083424387,1677
725083524289,1673
725083624191,1674
725083724093,1672
725083823995,1679
725083923897,1678
725084023799,1678
725084123701,1679
725084223603,1679
725084323505,1678
725084423407,1679
725084523309,1677
725084623211,1675
725084723113,1677
725084823015,1675
725084922917,1678
725085022819,1679
725085122721,1679
725085222623,1679
725085322525,1679
725085422427,1679
725085522329,1679
725085622231,1672
725085722133,1673
725085822035,1673
725085921937,1675
725086021839,1677
725086121741,1675
725086221643,1676
725086321545,1676
725086421447,1676
725086521349,1674
725086621251,1673
725086721153,1672
725086821055,1673
725086920957,1675
725087020859,1675
725087120761,1676
725087220663,1675
725087320565,1676
725087420467,1676
725087520369,1675
725087620271,1673
725087720173,1674
725087820075,1673
725087919977,1675
725088019879,1687
725088119781,1675
725088219683,1677
725088319585,1712
725088419487,1676
725088519389,1676
725088619291,1672
725088719193,1673
725088819095,1672
725088918997,1675
725089018899,1676
725089118801,1676
725089218703,1676
725089318605,1679
725089418507,1675
725089518409,1676
725089618311,1673
725089718213,1672
725089819620,3241
725089919522,1677
725090019424,1676
725090119326,1673
725090219228,1673
725090319130,1673
725090419032,1672
725090518934,1676
725090618836,1676
725090718738,1676
725090818640,1675
725090918542,1675
725091018444,1675
725091118346,1676
725091218248,1673
725091318150,1673
725091418052,1672
725091517954,1675
725091617856,1674
725091717758,1676
725091817660,1675
725091917562,1676
725092017464,1674
725092117366,1676
725092217268,1673
725092317170,1670
725092417072,1672
725092516974,1676
725092616876,1676
725092716778,1676
725092816680,1675
725092916582,1674
725093016484,1676
725093116386,1676
725093216288,1673
725093316190,1672
725093416092,1696
725093515994,1676
725093615896,1675
725093715798,1677
725093815700,1674
725093915602,1676
725094015504,1675
725094115406,1676
725094215308,1710
725094315210,1673
725094415112,1672
725094515014,1673
725094614916,1676
725094714818,1676
725094814720,1676
725094914622,1676
725095014524,1675
725095114426,1675
725095214328,1676
725095314230,1672
725095414132,1672
725095514034,1673
725095613936,1723
725095713838,1679
725095813740,1680
725095913642,1678
725096013544,1679
725096113446,1678
725096213348,1679
725096313250,1675
725096413152,1675
725096513054,1677
725096612956,1679
725096712858,1680
725096812760,1679
725096912662,1679
725097012564,1678
725097112466,1679
725097212368,1678
725097312270,1673
725097412172,1672
725097512074,1730
725097611976,1675
725097711878,1675
725097811780,1675
725097911682,1675
725098011584,1746
725098111486,1675
725098211388,1675
725098311290,1672
725098411192,1673
725098511094,1745
725098610996,1676
725098710898,1677
725098810800,1675
725098910702,1674
725099010604,1697
725099110506,1675
725099210408,1676
725099310310,1673
725099410212,1672
725099510114,1673
725099610016,1672
725099709919,1677
725099809821,1677
725099909723,11602
725100009625,11591
725100109527,11797
725100209429,11498
725100309331,11887
725100409233,11472
725100509135,11225
725100609037,11636
725100708939,11444
725100808841,11554
725100908743,11353
725101008645,11131
725101108547,11450
725101208449,11488
725101308351,11697
725101408253,11400
725101508155,11208
725101609566,3254
725101709468,1676
725101809370,1675
725101909272,1672
725102009174,1672
725102109078,1671
725102208980,1676
725102308882,1677
725102408784,1674
725102508686,1675
725102608588,1675
725102708490,1678
725102808392,1675
725102908294,1672
725103008196,1672
725103108098,1672
725103208003,1675
725103307905,1675
725103407808,1677
725103507710,1677
725103607612,1676
725103707514,1676
725103807416,1675
725103907318,1672
725104007220,1672
725104107122,1672
725104207024,1673
725104306926,1676
725104406828,1676
725104506730,1676
725104606632,1676
725104706534,1677
725104806436,1673
725104906338,1677
725105006240,1672
725105106142,1673
725105206044,1672
725105305946,1676
725105405848,1675
725105505750,1675
725105605652,1675
725105705572,1675
725105805474,1675
725105905376,1675
725106005278,1672
725106105180,1671
725106205082,1672
725106304984,1675
725106404886,1675
725106504788,1675
725106604690,1675
725106704592,1676
725106804494,1675
725106904396,1676
725107004298,1673
725107104200,1673
725107204102,1673
725107304006,1672
725107403908,1679
725107503810,1679
725107603712,1678
725107703614,1693
725107803516,1679
725107903418,1678
725108003320,1675
725108103222,1676
725108203124,1688
725108303026,1677
725108402928,1678
725108502830,1679
725108602732,1679
725108702634,1701
725108802536,1678
725108902438,1679
725109002340,1679
725109102242,1672
725109202144,1673
725109302046,1671
725109401948,1674
725109501850,1677
725109601752,1677
725109701654,1676
725109801556,1676
725109901458,11616
725110001360,11633
725110101262,11550
725110201164,11664
725110301066,11643
725110400968,11832
725110500870,11511
725110600772,11438
725110700674,11794
725110800576,11564
725110900478,11781
725111000380,11446
725111100282,11499
725111200184,11769
725111300086,11629
725111399988,11853
725111499890,11915
725111599792,12178
725111699694,11557
725111799596,11698
725111899498,11544
725111999400,11624
725112099302,11939
725112200717,3192
725112300621,1674
725112400523,1673
725112500425,1675
725112600327,1676
725112700229,1710
725112800131,1673
725112900033,1671
725112999935,1679
725113099837,1676
725113199739,1675
725113299641,1676
725113399543,1683
725113499445,1676
725113599347,1676
725113699249,1683
725113799151,1681
725113899053,1677
725113998955,1689
725114098857,1676
725114198759,1676
725114298661,1675
725114398563,1675
725114498465,1677
725114598367,1675
725114698270,1697
725114798172,1672
725114898074,1673
725114997976,1675
725115097878,1676
725115197780,1746
725115297682,1676
725115397584,1675
725115497486,1676
725115597388,1675
725115697290,1673
725115797192,1672
725115897094,1672
725115996996,1674
725116096898,1675
725116196800,1675
725116296702,1675
725116396604,1676
725116496506,1675
725116596408,1676
725116696310,1711
725116796212,1672
725116896114,1672
725116996016,1673
725117095918,1675
725117195820,1675
725117295722,1676
725117395624,1675
725117495526,1676
725117595428,1674
725117695330,1675
725117795232,1673
725117895134,1672
725117995036,1673
725118094938,1674
725118194840,1676
725118294742,1680
725118394644,1676
725118494546,1676
725118594448,1676
725118694350,1712
725118794252,1673
725118894154,1673
725118994056,1674
725119093958,1678
725119193860,1681
725119293762,1679
725119393664,1678
725119493566,1679
725119593468,1679
725119693370,1680
725119793272,1675
725119893174,11798
725119993077,11602
725120092979,11151
725120192881,11373
725120292783,11263
725120392685,11363
725120492587,11323
725120592489,11605
725120693901,3293
725120793805,1678
725120893707,1677
725120993609,1679
725121093511,1679
725121193413,1716
725121293315,1676
725121393217,1675
725121493119,1675
725121593021,1676
725121692923,1678
725121792825,1679
725121892727,1727
725121992629,1679
725122092531,1679
725122192433,1678
725122292335,1679
725122392237,1673
725122492139,1672
725122592041,1672
725122691943,1712
725122791845,1679
725122891747,1675
725122991649,1675
725123091551,1675
725123191453,1676
725123291355,1676
725123391257,1673
725123491159,1672
725123591061,1672
725123690963,1676
725123790865,1676
725123890767,1677
725123990669,1676
725124090571,1676
725124190473,1678
725124290375,1676
725124390277,1672
725124490179,1673
725124590081,1673
725124689984,1676
725124789886,1676
725124889788,1675
725124989690,1675
725125089592,1751
725125189494,1676
725125289396,1676
725125389298,1672
725125489200,1672
725125589102,1671
725125689004,1673
725125788906,1675
725125888808,1675
725125988710,1677
725126088612,1675
725126188514,1674
725126288416,1675
725126388318,1672
725126488220,1674
725126588122,1673
725126688024,1708
725126787926,1676
725126887828,1676
725126987730,1675
725127087632,1675
725127187534,1737
725127287436,1674
725127387338,1676
725127487240,1672
725127587142,1672
725127687044,1673
725127786946,1674
725127886848,1677
725127986750,1675
725128086652,1676
725128186570,1677
725128286472,1675
725128386374,1675
725128486276,1672
725128586178,1673
725128686080,1673
725128785982,1675
725128885884,1675
725128985786,1675
725129085688,1676
725129185590,1674
725129285492,1675
725129385394,1675
725129485296,1673
725129585198,1673
725129685100,1672
725129785005,1672
725129884907,11476
725129984809,11595
725130084712,11479
725130184614,11413
725130284516,11380
725130384418,11443
725130484320,11422
725130584222,11320
725130685630,3243
725130785532,1676
725130885434,1676
725130985336,1675
725131085238,1672
725131185140,1671
725131285042,1672
725131384945,1674
725131484847,1674
725131584749,1674
725131684651,1677
725131784553,1677
725131884455,1672
725131984357,1676
725132084259,1674
725132184161,1672
725132284063,1672
725132383965,1677
725132483867,1678
725132583769,1680
725132683671,1678
725132783573,1679
725132883475,1678
725132983377,1681
725133083279,1676
725133183181,1676
725133283083,1675
725133382985,1679
725133482887,1679
725133582789,1679
725133682691,1679
725133782593,1680
725133882495,1679
725133982397,1679
725134082299,1672
725134182201,1672
725134282103,1672
725134382005,1672
725134481907,1676
725134581809,1676
725134681711,1676
725134781613,1675
725134881515,1675
725134981417,1675
725135081319,1672
725135181221,1673
725135281123,1674
725135381025,1672
725135480927,1674
725135580829,1677
725135680731,1675
725135780633,1675
725135880535,1674
725135980437,1676
725136080339,1674
725136180241,1673
725136280143,1673
725136380045,1673
725136479947,1676
725136579849,1676
725136679751,1675
725136779653,1675
725136879555,1676
725136979457,1675
725137079359,1675
725137179261,1672
725137279163,1673
725137379065,1672
725137478967,1675
725137578869,1676
725137678771,1675
725137778673,1675
725137878575,1677
725137978477,1675
725138078379,1676
725138178281,1673
725138278183,1672
725138378085,1672
725138477987,1674
725138577889,1676
725138677791,1677
725138777693,1675
725138877595,1676
725138977497,1675
725139077399,1676
725139177301,1673
725139277203,1672
725139377105,1673
725139477007,1673
725139576909,1675
725139676811,1676
725139776713,1675
725139876615,11579
725139976517,11471
725140076419,11683
725140176321,11533
725140276224,11446
725140376127,11309
725140476029,11363
725140575931,11500
725140675833,10339
725140777250,3290
725140877152,1672
725140977054,1672
725141076956,1675
725141176858,1675
725141276760,1674
725141376662,1676
725141476564,1676
725141576466,1675
725141676368,1676
725141776270,1672
725141876172,1673
725141976074,1672
725142075976,1676
725142175878,1676
725142275780,1675
725142375682,1676
725142475584,1675
725142575486,1676
725142675388,1675
725142775290,1709
725142875192,1672
725142975094,1672
725143074996,1677
725143174898,1674
725143274800,1674
725143374702,1676
725143474604,1677
725143574506,1677
725143674408,1675
725143774310,1697
725143874212,1673
725143974114,1673
725144074016,1673
725144173918,1678
725144273820,1678
725144373722,1677
725144473624,1677
725144573526,1678
725144673428,1680
725144773330,1679
725144873232,1675
725144973134,1676
725145073036,1675
725145172938,1679
725145272840,1678
725145372742,1677
725145472644,1678
725145572546,1679
725145672448,1679
725145772350,1678
725145872252,1673
725145972154,1672
725146072056,1672
725146171958,1676
725146271860,1676
725146371762,1675
725146471664,1676
725146571566,1675
725146671468,1676
725146771370,1721
725146871272,1673
725146971174,1672
725147071076,1672
725147170978,1676
725147270880,1675
725147370782,1675
725147470684,1746
725147570586,1675
725147670488,1676
725147770390,1677
725147870292,1671
725147970194,1673
725148070096,1671
725148169998,1675
725148269900,1677
725148369802,1676
725148469704,1676
725148569606,1675
725148669508,1676
725148769410,1676
725148869312,1673
725148969214,1672
725149069116,1671
725149169018,1674
725149268920,1676
725149368822,1675
725149468724,1676
725149568626,1675
725149668528,1677
725149768430,1676
725149868332,11431
725149968234,11258
725150068136,11183
725150168038,11064
725150267940,11167
725150367842,11466
725150469262,3270
725150569164,1678
725150669067,1673
725150768971,1677
725150868890,1677
725150968792,1675
725151068694,1675
725151168596,1674
725151268498,1674
725151368400,1676
725151468302,1672
725151568204,1672
725151668106,1672
725151768008,1675
725151867910,1675
725151967812,1677
725152067714,1676
725152167616,1676
725152267518,1676
725152367420,1675
725152467322,1673
725152567224,1672
725152667126,1686
725152767028,1674
725152866930,1676
725152966832,1676
725153066734,1674
725153166636,1675
725153266538,1676
725153366440,1675
725153466342,1676
725153566244,1672
725153666146,1673
725153766048,1673
725153865950,1676
725153965852,1675
725154065754,1675
725154165656,1675
725154265558,1674
725154365460,1676
725154465362,1676
725154565264,1673
725154665166,1709
725154765068,1673
725154864970,1675
725154964872,1676
725155064774,1675
725155164676,1676
725155264578,1675
725155364480,1675
725155464382,1745
725155564284,1672
725155664186,1673
725155764088,1673
725155863990,1679
725155963892,1678
725156063794,1677
725156163696,1678
725156263598,1680
725156363500,1678
725156463402,1756
725156563304,1675
725156663206,1677
725156763108,1676
725156863010,1676
725156962912,1679
725157062814,1679
725157162716,1679
725157262618,1680
725157362520,1678
725157462422,1682
725157562324,1674
725157662226,1672
725157762128,1673
725157862030,1672
725157961932,1676
725158061834,1677
725158161736,1675
725158261638,1675
725158361540,1675
725158461442,1675
725158561344,1676
725158661246,1707
725158761148,1673
725158861050,1673
725158960952,1675
725159060854,1675
725159160756,1675
725159260658,1676
725159360560,1677
725159460462,1675
725159560364,1676
725159660266,1673
725159760168,1673
725159860070,11644
725159961484,3256
725160061388,1674
725160161290,1672
725160261192,1673
725160361094,1673
725160460996,1674
725160560898,1676
725160660801,1710
725160760704,1676
725160860606,1676
725160960508,1675
725161060410,1676
725161160312,1672
725161260214,1672
725161360116,1672
725161460018,1671
725161559920,1676
725161659822,1710
725161759724,1675
725161859626,1677
725161959528,1712
725162059430,1676
725162159332,1677
725162259234,1672
725162359136,1672
725162459038,1672
725162558940,1674
725162658842,1793
725162758744,1676
725162858646,1675
725162958548,1697
725163058450,1675
725163158352,1675
725163258254,1672
725163358156,1672
725163458059,1673
725163557961,1676
725163657863,1703
725163757765,1677
725163857667,1677
725163957569,1675
725164057471,1675
725164157373,1675
725164257275,1672
725164357177,1671
725164457079,1673
725164556981,1688
725164656883,1674
725164756785,1676
725164856687,1685
725164956589,1684
725165056491,1679
725165156393,1689
725165256295,1674
725165356197,1673
725165456099,1672
725165556004,1672
725165655906,1674
725165755808,1676
725165855710,1676
725165955612,1676
725166055514,1675
725166155416,1675
725166255318,1673
725166355220,1672
725166455122,1672
725166555024,1673
725166654926,1712
725166754828,1675
725166854730,1676
725166954632,1675
725167054534,1676
725167154436,1674
725167254338,1677
725167354240,1671
725167454142,1673
725167554044,1674
725167653946,1679
725167753848,1679
725167853750,1677
725167953652,1691
725168053554,1678
725168153456,1679
725168253358,1678
725168353260,1675
725168453162,1687
725168553064,1676
725168652966,1714
725168752868,1680
725168852770,1677
725168952672,1690
725169052574,1678
725169152476,1679
725169252378,1678
725169352280,1673
725169452182,1672
725169552084,1673
725169651986,1675
725169751888,1676
725169851790,11329
725169951692,11742
725170051594,11171
725170151496,11258
725170251398,11753
725170352813,3261
725170452715,1691
725170552618,1680
725170652520,1713
725170752422,1678
725170852324,1683
725170952226,1672
725171052128,1672
725171152030,1674
725171251932,1675
725171351834,1675
725171451736,1675
725171551638,1677
725171651540,1674
725171751442,1678
725171851344,1675
725171951246,1672
725172051148,1672
725172151050,1708
725172250952,1676
725172350854,1675
725172450756,1675
725172550658,1676
725172650560,1675
725172750462,1676
725172850364,1710
725172950266,1671
725173050168,1672
725173150070,1672
725173249972,1675
725173349874,1676
725173449776,1675
725173549695,1676
725173649597,1676
725173749499,1676
725173849401,1712
725173949303,1672
725174049205,1672
725174149107,1673
725174249009,1673
725174348911,1678
725174448813,1675
725174548715,1675
725174648617,1675
725174748519,1676
725174848421,1674
725174948323,1672
725175048225,1674
725175148127,1672
725175248029,1671
725175347931,1676
725175447833,1675
725175547735,1675
725175647637,1675
725175747539,1676
725175847441,1675
725175947343,1674
725176047245,1672
725176147147,1672
725176247049,1673
725176346951,1676
725176446853,1675
725176546755,1675
725176646657,1677
725176746559,1674
725176846461,1675
725176946363,1676
725177046265,1672
725177146167,1670
725177246069,1673
725177345971,1675
725177445873,1675
725177545775,1675
725177645677,1675
725177745579,1675
725177845481,1675
725177945383,1676
725178045285,1672
725178145187,1672
725178245089,1672
725178344991,1675
725178444893,1677
725178544795,1674
725178644697,1675
725178744599,1677
725178844501,1675
725178944403,1674
725179044305,1672
725179144207,1672
725179244109,1672
725179344011,1674
725179443913,1677
725179543815,1676
725179643717,1678
725179743619,1679
725179843521,11448
725179943423,11215
725180043325,11413
725180143227,11168
725180243129,11431
725180343031,11614
725180442933,11114
725180544352,3332
725180644254,1672
725180744158,1673
725180844060,1673
725180943962,1677
725181043864,1678
725181143766,1678
725181243668,1680
725181343570,1677
725181443472,1678
725181543374,1679
725181643276,1674
725181743178,1676
725181843080,1675
725181942982,1678
725182042884,1678
725182142786,1678
725182242688,1678
725182342590,1678
725182442492,1679
725182542394,1678
725182642296,1672
725182742198,1673
725182842100,1672
725182942004,1672
725183041906,1670
725183141808,1675
725183241710,1675
725183341612,1676
725183441514,1676
725183541416,1675
725183641318,1691
725183741220,1672
725183841122,1672
725183941024,1672
725184040926,1676
725184140828,1710
725184240730,1674
725184340632,1675
725184440534,1674
725184540436,1675
725184640338,1676
725184740240,1677
725184840142,1673
725184940044,1672
725185039946,1675
725185139848,1678
725185239750,1674
725185339652,1674
725185439554,1675
725185539456,1676
725185639358,1676
725185739260,1672
725185839162,1672
725185939064,1671
725186038966,1676
725186138868,1673
725186238770,1676
725186338672,1675
725186438574,1676
725186538476,1711
725186638378,1675
725186738280,1672
725186838182,1672
725186938084,1672
725187037986,1675
725187137888,1674
725187237790,1675
725187337692,1675
725187437594,1676
725187537496,1710
725187637398,1676
725187737300,1672
725187837202,1672
725187937104,1673
725188037006,1673
725188136908,1676
725188236810,1674
725188336712,1676
725188436614,1676
725188536516,1701
725188636418,1675
725188736320,1673
725188836222,1673
725188936124,1672
725189036026,1672
725189135928,1675
725189235830,1677
725189335732,1675
725189435634,1676
725189535536,1675
725189635438,1676
725189735340,1678
725189835242,11816
725189935144,11331
725190035046,11429
725190134948,11324
725190234850,11305
725190334752,11527
725190434654,11407
725190534556,11425
725190634458,10966
725190734360,11346
725190834262,11279
725190934164,11209
725191034066,11501
725191133968,11263
725191233870,11729
725191335296,3277
725191435198,1672
725191535100,1672
725191635005,1672
725191734907,1677
725191834809,1675
725191934711,1675
725192034613,1676
725192134515,1676
725192234417,1676
725192334319,1673
725192434221,1672
725192534123,1675
725192634025,1673
725192733927,1680
725192833829,1678
725192933731,1679
725193033633,1681
725193133535,1678
725193233437,1678
725193333339,1679
725193433241,1676
725193533143,1676
725193633045,1675
725193732947,1679
725193832849,1679
725193932751,1677
725194032653,1679
725194132555,1678
725194232457,1678
725194332359,1679
725194432261,1673
725194532163,1673
725194632065,1672
725194731967,1675
725194831869,1675
725194931771,1675
725195031673,1675
725195131575,1675
725195231477,1674
725195331379,1676
725195431281,1671
725195531183,1671
725195631085,1672
725195730987,1676
725195830889,1676
725195930791,1675
725196030693,1675
725196130612,1682
725196230514,1676
725196330416,1675
725196430318,1668
725196530220,1673
725196630122,1673
725196730024,1672
725196829926,1675
725196929828,1675
725197029730,1676
725197129632,1675
725197229534,1676
725197329436,1675
725197429338,1676
725197529240,1672
725197629142,1672
725197729044,1672
725197828946,1675
725197928848,1721
725198028750,1675
725198128652,1675
725198228554,1674
725198328456,1678
725198428358,1675
725198528260,1672
725198628162,1672
725198728064,1673
725198827966,1675
725198927868,1676
725199027770,1675
725199127672,1675
725199227574,1676
725199327476,1679
725199427378,1677
725199527280,1673
725199627182,1672
725199727084,1672
725199826986,11201
725199926888,11561
725200026790,11238
725200126692,11476
725200228109,3259
725200328013,1677
725200427915,1674
725200527817,1674
725200627719,1674
725200727621,1675
725200827523,1676
725200927425,1675
725201027327,1672
725201127229,1673
725201227131,1672
725201327033,1672
725201426935,1678
725201526837,1675
725201626739,1674
725201726642,1678
725201826544,1675
725201926446,1675
725202026348,1676
725202126250,1673
725202226152,1673
725202326054,1670
725202425956,1674
725202525858,1676
725202625760,1675
725202725662,1677
725202825564,1676
725202925466,1675
725203025368,1676
725203125270,1672
725203225172,1672
725203325074,1672
725203424976,1675
725203524878,1676
725203624780,1676
725203724682,1675
725203824584,1674
725203924486,1676
725204024388,1675
725204124290,1672
725204224192,1672
725204324094,1673
725204423996,1677
725204523898,1678
725204623800,1678
725204723702,1678
725204823604,1678
725204923506,1679
725205023408,1678
725205123310,1676
725205223212,1675
725205323114,1675
725205423016,1675
725205522918,1678
725205622820,1678
725205722722,1679
725205822624,1679
725205922526,1678
725206022428,1679
725206122330,1677
725206222232,1672
725206322134,1672
725206422036,1673
725206521938,1676
725206621840,1676
725206721742,1676
725206821644,1675
725206921546,1675
725207021448,1676
725207121350,1673
725207221252,1671
725207321154,1672
725207421056,1671
725207520958,1675
725207620860,1674
725207720762,1676
725207820664,1675
725207920566,1674
725208020468,1675
725208120370,1676
725208220272,1672
725208320174,1695
725208420076,1673
725208519978,1676
725208619880,1675
725208719782,1675
725208819684,1675
725208919586,1674
725209019488,1674
725209119390,1676
725209219292,1672
725209319194,1672
725209419096,1673
725209518998,1676
725209618900,1675
725209718802,1676
725209820217,3252
725209920119,1671
725210020021,1673
725210119923,1677
725210219825,1676
725210319727,1676
725210419629,1673
725210519531,1676
725210619433,1677
725210719335,1675
725210819237,1672
725210919139,1672
725211019041,1675
725211118943,1675
725211218845,1675
725211318747,1676
725211418649,1675
725211518551,1675
725211618453,1676
725211718355,1677
725211818257,1673
725211918159,1672
725212018061,1673
725212117963,1676
725212217865,1675
725212317767,1676
725212417669,1675
725212517571,1675
725212617473,1675
725212717375,1675
725212817277,1672
725212917179,1673
725213017081,1673
725213116983,1675
725213216885,1675
725213316787,1675
725213416689,1676
725213516591,1674
725213616493,1675
725213716395,1676
725213816297,1671
725213916199,1673
725214016101,1673
725214116004,1674
725214215906,1676
725214315808,1675
725214415710,1674
725214515612,1677
725214615514,1675
725214715416,1676
725214815319,1673
725214915221,1673
725215015123,1673
725215115025,1673
725215214927,1711
725215314829,1674
725215414731,1676
725215514633,1676
725215614535,1676
725215714437,1686
725215814339,1676
725215914241,1673
725216014143,1685
725216114045,1683
725216213947,1682
725216313849,1691
725216413751,1680
725216513653,1681
725216613555,1679
725216713457,1679
725216813359,1679
725216913261,1675
725217013163,1676
725217113065,1675
725217212967,1677
725217312869,1679
725217412771,1679
725217512673,1680
725217612575,1679
725217712477,1678
725217812379,1679
725217912281,1673
725218012183,1712
725218112085,1711
725218211987,1675
725218311889,1675
725218411791,1674
725218511693,1745
725218611595,1676
725218711497,1676
725218811399,1675
725218911317,1674
725219011219,1707
725219111121,1672
725219211023,1671
725219310925,1676
725219410827,1675
725219510729,1675
725219610631,1675
725219710533,1677
725219810435,1675
725219910337,11800
725220010239,11462
725220110141,11368
725220210043,11345
725220309945,11384
725220409847,11507
725220509749,11070
725220609651,11603
725220709553,11292
725220809455,11918
725220910870,3249
725221010772,1676
725221110674,1675
725221210576,1676
725221310478,1676
725221410380,1675
725221510282,1672
725221610184,1672
725221710086,1672
725221809988,1675
725221909890,1676
725222009792,1676
725222109694,1676
725222209596,1678
725222309498,1676
725222409400,1676
725222509302,1672
725222609204,1672
725222709106,1673
725222809008,1672
725222908910,1676
725223008812,1676
725223108714,1677
725223208616,1677
725223308518,1676
725223408421,1675
725223508323,1673
725223608225,1671
725223708127,1673
725223808029,1672
725223907931,1675
725224007833,1673
725224107735,1677
725224207637,1677
725224307539,1675
725224407441,1676
725224507343,1675
725224607245,1673
725224707147,1673
725224807049,1672
725224906951,1676
725225006853,1677
725225106755,1673
725225206657,1676
725225306559,1675
725225406461,1675
725225506363,1678
725225606265,1672
725225706167,1673
725225806069,1672
725225905971,1675
725226005873,1676
725226105775,1675
725226205677,1676
725226305579,1675
725226405481,1676
725226505383,1676
725226605285,1672
725226705187,1672
725226805089,1671
725226904991,1674
725227004893,1676
725227104795,1676
725227204697,1675
725227304599,1676
725227404501,1675
725227504403,1676
725227604305,1672
725227704207,1672
725227804109,1673
725227904011,1673
725228003913,1678
725228103815,1678
725228203717,1691
725228303619,1678
725228403521,1678
725228503423,1680
725228603325,1674
725228703227,1698
725228803129,1676
725228903031,1676
725229002933,1678
725229102835,1677
725229202737,1690
725229302639,1676
725229402541,1678
725229502443,1679
725229602345,1680
725229702247,1672
725229802149,1673
725229902051,11070
725230001953,11452
725230101855,11467
725230201757,11456
725230301659,11427
725230401561,11608
725230501463,11633
725230601365,11563
725230702781,3274
725230802685,1678
725230902587,1679
725231002489,1678
725231102391,1679
725231202293,1672
725231302195,1672
725231402097,1673
725231501999,1675
725231601901,1675
725231701803,1675
725231801705,1678
725231901607,1675
725232001509,1675
725232101411,1676
725232201313,1672
725232301215,1673
725232401117,1672
725232501019,1673
725232600921,1676
725232700823,1712
725232800725,1674
725232900627,1675
725233000529,1676
725233100431,1675
725233200333,1674
725233300235,1673
725233400137,1673
725233500039,1674
725233599941,1675
725233699843,1676
725233799745,1676
725233899647,1675
725233999549,1676
725234099451,1676
725234199353,1676
725234299255,1672
725234399157,1672
725234499059,1673
725234598961,1675
725234698863,1676
725234798765,1675
725234898667,1675
725234998569,1676
725235098471,1675
725235198373,1675
725235298275,1672
725235398177,1672
725235498079,1673
725235597981,1675
725235697883,1674
725235797785,1675
725235897687,1675
725235997589,1675
725236097491,1677
725236197393,1675
725236297295,1672
725236397197,1672
725236497099,1672
725236597004,1672
725236696906,1711
725236796808,1676
725236896710,1675
725236996612,1678
725237096514,1675
725237196416,1675
725237296318,1673
725237396220,1671
725237496122,1673
725237596024,1672
725237695926,1675
725237795828,1676
725237895730,1676
725237995632,1675
725238095534,1675
725238195436,1676
725238295338,1676
725238395240,1671
725238495142,1673
725238595044,1672
725238694946,1712
725238794848,1676
725238894750,1675
725238994652,1676
725239094554,1675
725239194456,1675
725239294358,1679
725239394260,1674
725239494162,1673
725239594064,1672
725239693966,1679
725239793868,1679
725239893770,11722
725239993672,11569
725240093574,11419
725240193476,11726
725240293378,11631
725240393280,11724
725240493182,11592
725240593084,11493
725240694503,3296
725240794407,1675
725240894309,1672
725240994211,1672
725241094113,1673
725241194015,1671
725241293917,1685
725241393819,1677
725241493739,1681
725241593641,1678
725241693543,1679
725241793445,1679
725241893347,1678
725241993249,1676
725242093151,1676
725242193053,1675
725242292955,1680
725242392857,1679
725242492759,1679
725242592661,1678
725242692563,1693
725242792465,1680
725242892367,1678
725242992269,1673
725243092171,1672
725243192073,1672
725243291975,1675
725243391877,1675
725243491779,1676
725243591681,1676
725243691583,1676
725243791485,1675
725243891387,1675
725243991289,1673
725244091191,1671
725244191093,1672
725244290995,1674
725244390897,1674
725244490799,1676
725244590701,1675
725244690603,1696
725244790505,1675
725244890407,1675
725244990309,1672
725245090211,1724
725245190113,1673
725245290015,1672
725245389917,1674
725245489819,1675
725245589721,1675
725245689623,1676
725245789525,1675
725245889427,1676
725245989329,1676
725246089231,1672
725246189133,1671
725246289035,1672
725246388937,1675
725246488839,1675
725246588741,1674
725246688643,1711
725246788545,1675
725246888447,1676
725246988349,1676
725247088251,1672
725247188153,1672
725247288055,1673
725247387957,1675
725247487859,1675
725247587761,1675
725247687663,1676
725247787565,1676
725247887467,1675
725247987369,1676
725248087271,1672
725248187173,1672
725248287075,1673
725248386977,1675
725248486879,1676
725248586781,1675
725248686683,1675
725248786585,1675
725248886487,1676
725248986389,1673
725249086291,1719
725249186193,1672
725249286095,1673
725249385997,1675
725249485899,1675
725249585801,1674
725249685703,1676
725249785605,1675
725249885507,11758
725249985409,11388
725250085311,11921
725250185213,11485
725250286627,3247
725250386529,1675
725250486431,1674
725250586333,1676
725250686235,1672
725250786138,1672
725250886040,1671
725250985942,1676
725251085844,1674
725251185746,1675
725251285648,1674
725251385550,1680
725251485452,1670
725251585354,1675
725251685256,1671
725251785158,1673
725251885060,1672
725251984962,1676
725252084864,1675
725252184766,1674
725252284668,1675
725252384570,1675
725252484472,1676
725252584374,1677
725252684276,1672
725252784178,1674
725252884080,1672
725252983982,1677
725253083884,1678
725253183786,1677
725253283688,1677
725253383590,1677
725253483492,1679
725253583394,1679
725253683296,1674
725253783198,1675
725253883100,1674
725253983004,1676
725254082906,1678
725254182808,1679
725254282710,1679
725254382612,1679
725254482514,1678
725254582416,1679
725254682318,1673
725254782220,1673
725254882122,1672
725254982024,1673
725255081926,1703
725255181828,1676
725255281730,1676
725255381632,1676
725255481534,1675
725255581436,1675
725255681338,1675
725255781240,1672
725255881142,1673
725255981044,1671
725256080946,1675
725256180848,1675
725256280750,1675
725256380652,1675
725256480554,1675
725256580456,1674
725256680358,1675
725256780260,1672
725256880162,1671
725256980064,1672
725257079966,1680
725257179868,1675
725257279770,1677
725257379672,1676
725257479574,1674
725257579476,1676
725257679378,1676
725257779280,1671
725257879182,1672
725257979084,1673
725258078986,1675
725258178888,1675
725258278790,1676
725258378692,1675
725258478594,1676
725258578496,1679
725258678398,1676
725258778300,1671
725258878202,1672
725258978104,1672
725259078006,1672
725259177908,1675
725259277810,1676
725259377712,1675
725259477614,1677
725259577516,1675
725259677418,1674
725259777321,1672
725259877223,11454
725259977125,11478
725260077027,11631
725260176929,11414
725260276831,11403
725260376733,11777
725260476635,11332
725260576537,11453
725260676439,10351
725260777856,3259
725260877758,1675
725260977660,1675
725261077562,1674
725261177464,1675
725261277366,1675
725261377269,1673
725261477171,1672
725261577073,1672
725261676975,1676
725261776877,1712
725261876779,1675
725261976681,1676
725262076583,1675
725262176485,1676
725262276387,1675
725262376289,1673
725262476191,1672
725262576093,1672
725262675996,1676
725262775898,1676
725262875800,1677
725262975702,1676
725263075604,1674
725263175506,1675
725263275408,1675
725263375310,1673
725263475212,1672
725263575114,1691
725263675016,1673
725263774918,1710
725263874820,1675
725263974722,1676
725264074624,1675
725264174542,1678
725264274444,1676
725264374346,1674
725264474248,1672
725264574150,1708
725264674052,1673
725264773954,1713
725264873856,1679
725264973758,1679
725265073660,1677
725265173562,1678
725265273464,1678
725265373366,1678
725265473268,1675
725265573170,1676
725265673072,1676
725265772974,1678
725265872876,1679
725265972778,1678
725266072680,1679
725266172582,1678
725266272484,1678
725266372386,1679
725266472288,1673
725266572190,1672
725266672092,1672
725266771994,1675
725266871896,1685
725266971798,1676
725267071700,1676
725267171602,1685
725267271504,1684
725267371406,1680
725267471308,1685
725267571210,1674
725267671112,1673
725267771014,1673
725267870916,1675
725267970818,1676
725268070720,1676
725268170622,1675
725268270524,1675
725268370426,1676
725268470328,1676
725268570230,1672
725268670132,1673
725268770034,1673
725268869936,1676
725268969838,1675
725269069740,1674
725269169642,1675
725269269544,1675
725269369446,1676
725269469348,1676
725269569250,1673
725269669152,1672
725269769054,1673
725269868956,11409
725269968858,11138
725270068760,11370
725270168662,11603
725270268564,11125
725270368466,11543
725270468368,11732
725270568270,11349
725270668172,11193
725270768074,11208
725270867976,11342
725270967878,11218
725271067780,11332
725271167682,11336
725271267584,11504
725271367486,11539
725271467388,11316
725271567290,11367
725271667192,11448
725271767094,11294
725271866996,11144
725271966898,11230
725272066800,11132
725272166702,11601
725272266604,11351
725272366506,11632
725272466408,11279
725272566310,11616
725272667721,3261
725272767623,1676
725272867525,1677
725272967427,1676
725273067329,1675
725273167231,1672
725273267133,1669
725273367035,1673
725273466937,1676
725273566839,1675
725273666741,1674
725273766643,1676
725273866545,1676
725273966447,1676
725274066349,1675
725274166251,1672
725274266153,1672
725274366055,1671
725274465957,1675
725274565859,1673
725274665761,1676
725274765663,1676
725274865565,1676
725274965467,1676
725275065369,1676
725275165271,1672
725275265173,1671
725275365075,1671
725275464977,1693
725275564879,1675
725275664781,1676
725275764683,1676
725275864585,1675
725275964487,1675
725276064389,1676
725276164291,1672
725276264193,1672
725276364095,1672
725276463997,1754
725276563899,1677
725276663801,1718
725276763703,1678
725276863605,1679
725276963507,1679
725277063409,1679
725277163311,1675
725277263213,1676
725277363115,1675
725277463017,1704
725277562919,1678
725277662821,1678
725277762723,1678
725277862625,1679
725277962527,1681
725278062429,1678
725278162331,1678
725278262233,1672
725278362135,1671
725278462037,1673
725278561939,1675
725278661841,1711
725278761743,1676
725278861645,1675
725278961547,1675
725279061449,1675
725279161351,1675
725279261253,1673
725279361155,1672
725279461057,1672
725279560959,1676
725279660861,1676
725279760763,1676
725279860665,11545
725279962086,3256
725280061988,1675
725280161890,1676
725280261792,1710
725280361694,1674
725280461596,1675
725280561498,1676
725280661400,1712
725280761302,1673
725280861204,1708
725280961106,1672
725281061008,1674
725281160910,1675
725281260812,1674
725281360714,1676
725281460616,1674
725281560518,1676
725281660420,1673
725281760322,1671
725281860224,1687
725281960126,1696
725282060028,1673
725282159930,1676
725282259832,1672
725282359734,1674
725282459636,1675
725282559538,1671
725282659453,1747
725282759355,1675
725282859257,1673
725282959159,1709
725283059061,1677
725283158963,1676
725283258865,1675
725283358767,1675
725283458670,1682
725283558572,1676
725283658474,1757
725283758376,1675
725283858278,1673
725283958180,1673
725284058082,1671
725284157984,1674
725284257886,1675
725284357788,1676
725284457690,1676
725284557592,1711
725284657494,1688
725284757396,1675
725284857298,1672
725284957200,1671
725285057102,1672
725285157004,1672
725285256906,1675
725285356808,1675
725285456710,1674
725285556612,1674
725285656514,1675
725285756416,1676
725285856318,1671
725285956220,1671
725286056122,1673
725286156024,1673
725286255926,1675
725286355828,1673
725286455730,1675
725286555632,1676
725286655552,1713
725286755454,1675
725286855356,1674
725286955258,1672
725287055160,1671
725287155062,1670
725287254964,1676
725287354866,1676
725287454768,1675
725287554670,1676
725287654572,1676
725287754474,1676
725287854376,1674
725287954278,1672
725288054180,1673
725288154082,1672
725288253984,1678
725288353886,1677
725288453788,1691
725288553690,1679
725288653592,1678
725288753494,1679
725288853396,1679
725288953298,1687
725289053200,1675
725289153102,1675
725289253004,1676
725289352906,1678
725289452808,1692
725289552710,1678
725289652612,1677
725289752514,1678
725289852416,11700
725289952318,11659
725290052220,11470
725290152122,11568
725290252024,11598
725290351926,11802
725290451828,11490
725290551730,11564
725290653148,3288
725290753050,1676
725290852954,1679
725290952856,1691
725291052758,1678
725291152660,1679
725291252562,1678
725291352464,1677
725291452366,1690
725291552268,1672
725291652170,1671
725291752072,1674
725291851974,1676
725291951876,1676
725292051778,1677
725292151680,1710
725292251582,1676
725292351484,1675
725292451386,1674
725292551288,1671
725292651190,1672
725292751092,1672
725292850994,1676
725292950896,1676
725293050798,1676
725293150700,1676
725293250602,1678
725293350504,1675
725293450406,1677
725293550308,1672
725293650210,1671
725293750112,1671
725293850014,1672
725293949916,1676
725294049818,1674
725294149720,1676
725294249622,1676
725294349524,1674
725294449426,1674
725294549328,1676
725294649230,1672
725294749132,1673
725294849034,1672
725294948936,1675
725295048838,1676
725295148740,1675
725295248642,1674
725295348544,1675
725295448446,1674
725295548348,1676
725295648250,1673
725295748152,1672
725295848054,1672
725295947956,1676
725296047858,1675
725296147760,1672
725296247662,1676
725296347564,1675
725296447466,1727
725296547368,1675
725296647270,1672
725296747172,1673
725296847074,1671
725296946976,1692
725297046878,1675
725297146780,1674
725297246682,1674
725297346584,1675
725297446486,1675
725297546388,1676
725297646290,1673
725297746192,1672
725297846094,1673
725297945996,1675
725298045898,1676
725298145800,1675
725298245702,1675
725298345604,1677
725298445506,1675
725298545408,1676
725298645310,1672
725298745212,1673
725298845114,1671
725298945016,1671
725299044918,1675
725299144820,1677
725299244722,1675
725299344624,1675
725299444526,1674
725299544428,1675
725299644330,1675
725299744232,1672
725299844134,11502
725299944036,11812
725300043938,11368
725300143840,11740
725300243742,11613
725300343644,11608
725300443546,11972
725300543448,11472
725300643350,11498
725300743252,11806
725300843154,11627
725300943056,11832
725301042958,11495
725301142860,11511
725301242762,11460
725301342664,11397
725301442566,11619
725301542468,12076
725301643881,3196
725301743783,1679
725301843685,1678
725301943587,1679
725302043489,1677
725302143391,1679
725302243293,1675
725302343195,1674
725302443097,1675
725302542999,1679
725302642901,1714
725302742803,1680
725302842705,1678
725302942607,1679
725303042509,1679
725303142411,1680
725303242313,1671
725303342215,2019
725303442117,1672
725303542019,1674
725303641921,1694
725303741823,1676
725303841725,1674
725303941627,1675
725304041529,1674
725304141431,1711
725304241333,1676
725304341235,1672
725304441137,1671
725304541039,1673
725304640941,1676
725304740843,1678
725304840745,1674
725304940647,1675
725305040549,1674
725305140451,1674
725305240353,1674
725305340255,1671
725305440157,1671
725305540059,1673
725305639961,1675
725305739863,1679
725305839765,1675
725305939667,1674
725306039569,1675
725306139471,1675
725306239373,1674
725306339275,1671
725306439177,1671
725306539079,1672
725306638981,1674
725306738883,1676
725306838785,1675
725306938687,1676
725307038589,1676
725307138491,1675
725307238393,1675
725307338295,1671
725307438197,1672
725307538099,1673
725307638004,1672
725307737906,1676
725307837808,1676
725307937710,1676
725308037612,1675
725308137514,1675
725308237416,1675
725308337318,1671
725308437220,1672
725308537122,1673
725308637024,1672
725308736926,1673
725308836828,1676
725308936730,1676
725309036632,1675
725309136534,1673
725309236436,1674
725309336355,1676
725309436257,1672
725309536159,1671
725309636061,1673
725309735963,1675
725309835865,11515
725309935767,11437
725310035669,11441
725310135571,11503
725310235473,11665
725310335375,11544
725310435277,11770
725310535179,11641
725310635081,11294
725310734983,11662
725310834885,11258
725310934787,11723
725311034689,11530
725311134591,11608
725311234493,11332
725311334395,11788
725311434297,11195
725311534199,11415
725311634101,11605
725311734005,11278
725311833907,11416
725311933809,11445
725312033711,11664
725312133613,11632
725312233515,11369
725312333417,11558
725312434837,3253
725312534739,1675
725312634641,1676
725312734545,1674
725312834447,1674
725312934349,1674
725313034251,1672
725313134153,1672
725313234055,1673
725313333957,1677
725313433859,1677
725313533761,1677
725313633664,1678
725313733566,1679
725313833468,1679
725313933370,1679
725314033272,1675
725314133174,1676
725314233076,1674
725314332978,1680
725314432880,1678
725314532782,1678
725314632684,1679
725314732586,1678
725314832488,1677
725314932390,1678
725315032292,1672
725315132194,1672
725315232096,1671
725315331998,1676
725315431900,1675
725315531802,1676
725315631704,1675
725315731606,1676
725315831508,1675
725315931410,1679
725316031312,1672
725316131214,1672
725316231116,1672
725316331018,1672
725316430920,1674
725316530822,1675
725316630724,1675
725316730626,1675
725316830528,1674
725316930430,1675
725317030332,1676
725317130234,1671
725317230136,1673
725317330038,1671
725317429940,1675
725317529842,1674
725317629744,1676
725317729646,1674
725317829548,1675
725317929450,1675
725318029352,1686
725318129254,1672
725318229156,1672
725318329058,1681
725318428960,1684
725318528862,1680
725318628764,1688
725318728666,1678
725318828568,1676
725318928470,1675
725319028372,1676
725319128274,1671
725319228176,1671
725319328078,1676
725319427980,1674
725319527882,1675
725319627784,1674
725319727686,1675
725319827588,11934
725319927490,11598
725320027392,11869
725320127294,11388
725320227196,11628
725320327098,11574
725320428520,3256
725320528422,1675
725320628325,1673
725320728227,1671
725320828129,1672
725320928031,1671
725321027933,1676
725321127835,1674
725321227737,1677
725321327639,1680
725321427541,1676
725321527443,1676
725321627345,1674
725321727247,1672
725321827149,1672
725321927051,1671
725322026953,1675
725322126855,1676
725322226757,1674
725322326659,1675
725322426561,1675
725322526463,1675
725322626365,1675
725322726267,1674
725322826169,1672
725322926071,1672
725323025973,1676
725323125875,1675
725323225777,1676
725323325679,1675
725323425581,1675
725323525483,1675
725323625385,1675
725323725287,1673
725323825189,1673
725323925091,1672
725324024993,1675
725324124895,1676
725324224797,1676
725324324699,1675
725324424601,1674
725324524503,1677
725324624405,1675
725324724307,1672
725324824209,1672
725324924111,1674
725325024013,1671
725325123915,1677
725325223817,1677
725325323719,1679
725325423621,1677
725325523523,1677
725325623425,1679
725325723327,1679
725325823229,1674
725325923131,1676
725326023033,1676
725326122935,1678
725326222837,1676
725326322739,1678
725326422641,1678
725326522543,1679
725326622445,1678
725326722347,1679
725326822249,1672
725326922151,1672
725327022053,1673
725327121955,1675
725327221857,1674
725327321759,1675
725327421661,1673
725327521563,1674
725327621465,1675
725327721367,1675
725327821269,1674
725327921171,1674
725328021073,1672
725328120975,1676
725328220877,1675
725328320779,1675
725328420681,1674
725328520583,1677
725328620485,1675
725328720387,1676
725328820289,1671
725328920191,1671
725329020093,1672
725329119995,1674
725329219897,1675
725329319799,1674
725329419701,1676
725329519603,1675
725329619505,1674
725329719407,1676
725329820821,3258
725329920723,1675
725330020625,1676
725330120527,1676
725330220429,1675
725330320331,1676
725330420233,1671
725330520135,1672
725330620037,1672
725330719939,1675
725330819841,1674
725330919743,1673
725331019645,1675
725331119547,1674
725331219449,1710
725331319351,1675
725331419253,1673
725331519155,1671
725331619057,1672
725331718959,1675
725331818877,1677
725331918779,1674
725332018681,1674
725332118583,1674
725332218485,1710
725332318387,1674
725332418289,1669
725332518191,1672
725332618093,1671
725332717995,1676
725332817897,1675
725332917799,1675
725333017701,1675
725333117603,1675
725333217505,1709
725333317407,1674
725333417309,1673
725333517211,1672
725333617113,1672
725333717015,1671
725333816917,1676
725333916819,1677
725334016721,1674
725334116623,1675
725334216525,1675
725334316427,1675
725334416329,1675
725334516231,1673
725334616133,1671
725334716035,1673
725334815937,1675
725334915839,1675
725335015741,1674
725335115643,1676
725335215545,1674
725335315447,1675
725335415349,1674
725335515251,1672
725335615153,1671
725335715055,1672
725335814957,1676
725335914859,1675
725336014761,1675
725336114663,1673
725336214565,1676
725336314467,1674
725336414369,1675
725336514271,1670
725336614173,1673
725336714075,1673
725336813977,1676
725336913879,1678
725337013781,1677
725337113683,1678
725337213585,1677
725337313487,1677
725337413389,1678
725337513291,1675
725337613193,1674
725337713095,1676
725337812997,1678
725337912899,1679
725338012801,1679
725338112703,1717
725338212605,1679
725338312507,1678
725338412409,1678
725338512311,1710
725338612213,1672
725338712115,1672
725338812017,1672
725338911919,1675
725339011821,1710
725339111723,1676
725339211625,1675
725339311527,1675
725339411429,1674
725339511331,1674
725339611233,1671
725339711135,1672
725339811037,1672
725339910939,11374
725340010841,11203
725340110743,11375
725340210645,11525
725340310547,11623
725340410449,11685
725340510351,11672
725340610253,11628
725340710156,11657
725340810058,11370
725340911472,3250
725341011374,1676
725341111276,1671
725341211178,1673
725341311080,1670
725341410982,1674
725341510884,1675
725341610786,1676
725341710688,1676
725341810590,1675
725341910492,1675
725342010394,1676
725342110296,1671
725342210198,1674
725342310100,1672
725342410005,1672
725342509907,1674
725342609809,1676
725342709711,1674
725342809613,1683
725342909515,1675
725343009417,1676
725343109319,1671
725343209221,1671
725343309123,1673
725343409025,1672
725343508930,1711
725343608832,1675
725343708734,1678
725343808636,1676
725343908538,1676
725344008440,1676
725344108342,1679
725344208244,2016
725344308146,1673
725344408048,1673
725344507950,1674
725344607852,1674
725344707754,1675
725344807656,1675
725344907558,1675
725345007460,1674
725345107362,1675
725345207264,1671
725345307166,1672
725345407068,1672
725345506970,1675
725345606872,1674
725345706774,1675
725345806676,1675
725345906578,1676
725346006480,1675
725346106382,1676
725346206284,1672
725346306186,1672
725346406088,1672
725346505990,1675
725346605892,1674
725346705794,1674
725346805696,1675
725346905598,1677
725347005500,1675
725347105402,1674
725347205304,1672
725347305206,1672
725347405108,1672
725347505010,1672
725347604912,1676
725347704814,1675
725347804716,1674
725347904618,1674
725348004520,1675
725348104422,1675
725348204324,1672
725348304226,1672
725348404128,1674
725348504030,1673
725348603932,1678
725348703834,1700
725348803736,1677
725348903638,1680
725349003540,1680
725349103442,1679
725349203344,1691
725349303246,1673
725349403148,1675
725349503050,1709
725349602952,1678
725349702854,1692
725349802756,1678
725349902658,11640
725350002560,11456
725350103972,3256
725350203876,1688
725350303778,1679
725350403680,1679
725350503582,1691
725350603484,1679
725350703386,1702
725350803288,1675
725350903190,1675
725351003092,1676
725351102994,1679
725351202896,1691
725351302798,1679
725351402700,1722
725351502602,1713
725351602504,1678
725351702406,1696
725351802308,1672
725351902210,1671
725352002112,1672
725352102014,1671
725352201916,1676
725352301818,1673
725352401720,1675
725352501622,1676
725352601524,1675
725352701426,1675
725352801328,1675
725352901230,1672
725353001132,1672
725353101034,1672
725353200936,1676
725353300838,1674
725353400740,1676
725353500642,1676
725353600544,1674
725353700446,1676
725353800348,1675
725353900250,1672
725354000152,1671
725354100054,1672
725354199956,1675
725354299858,1676
725354399760,1677
725354499680,1676
725354599582,1677
725354699484,1695
725354799386,1676
725354899288,1672
725354999190,1672
725355099092,1671
725355198994,1676
725355298896,1674
725355398798,1676
725355498700,1674
725355598602,1675
725355698504,1675
725355798406,1674
725355898308,1671
725355998210,1672
725356098112,1672
725356198014,1673
725356297916,1674
725356397818,1675
725356497720,1675
725356597622,1675
725356697524,1712
725356797426,1674
725356897328,1671
725356997230,1671
725357097132,1672
725357197034,1672
725357296936,1675
725357396838,1674
725357496740,1675
725357596642,1675
725357696544,1676
725357796446,1676
725357896348,1676
725357996250,1671
725358096152,1672
725358196054,1671
725358295956,1674
725358395858,1674
725358495760,1674
725358595662,1674
725358695564,1674
725358795466,1676
725358895368,1675
725358995270,1672
725359095172,1672
725359195074,1672
725359294976,1677
725359394878,1675
725359494780,1676
725359594682,1675
725359694584,1675
725359794486,1676
725359894388,11427
725359994290,11506
725360094192,11630
725360194094,11529
725360293996,11769
725360393898,11729
725360493800,11515
725360593702,11660
725360695124,3277
725360795028,1671
725360894930,1677
725360994832,1675
725361094734,1676
725361194636,1676
725361294538,1679
725361394440,1674
725361494342,1677
725361594244,1672
725361694146,1673
725361794048,1673
725361893950,1677
725361993852,1678
725362093754,1678
725362193656,1678
725362293558,1680
725362393460,1678
725362493362,1680
725362593264,1675
725362693166,1675
725362793068,1676
725362892970,1679
725362992872,1677
725363092774,1678
725363192676,1679
725363292578,1677
725363392480,1678
725363492382,1679
725363592284,1668
725363692186,1672
725363792088,1672
725363891990,1675
725363991892,1675
725364091794,1675
725364191696,1675
725364291598,1675
725364391500,1674
725364491402,1672
725364591304,1672
725364691206,1709
725364791108,1673
725364891010,1671
725364990912,1678
725365090814,1714
725365190716,1674
725365290618,1675
725365390520,1676
725365490422,1676
725365590324,1671
725365690226,1672
725365790128,1673
725365890030,1671
725365989932,1675
725366089834,1676
725366189736,1674
725366289638,1674
725366389540,1675
725366489442,1676
725366589344,1676
725366689259,1697
725366789161,1671
725366889063,1671
725366988965,1675
725367088867,1675
725367188769,1675
725367288671,1675
725367388573,1674
725367488475,1674
725367588377,1675
725367688279,1672
725367788181,1672
725367888083,1674
725367987985,1675
725368087887,1675
725368187789,1676
725368287691,1675
725368387593,1675
725368487495,1676
725368587397,1676
725368687299,1673
725368787201,1673
725368887103,1672
725368987005,1673
725369086907,1675
725369186809,1687
725369286711,1674
725369386613,1675
725369486515,1686
725369586417,1686
725369686319,1677
725369786221,1686
725369886123,11722
725369986025,11568
725370085927,11367
725370185829,11663
725370287251,3258
725370387153,1672
725370487055,1671
725370586957,1676
725370686859,1674
725370786763,1675
725370886665,1676
725370986567,1675
725371086469,1673
725371186371,1675
725371286273,1672
725371386175,1672
725371486077,1673
725371585979,1675
725371685881,1675
725371785783,1674
725371885685,1675
725371985587,1675
725372085489,1675
725372185391,1675
725372285293,1672
725372385195,1672
725372485097,1672
725372584999,1676
725372684901,1675
725372784803,1675
725372884705,1675
725372984607,1676
725373084509,1676
725373184411,1675
725373284313,1671
725373384215,1672
725373484117,1671
725373584019,1672
725373683921,1678
725373783823,1679
725373883725,1678
725373983627,1676
725374083529,1679
725374183431,1678
725374283333,1677
725374383235,1675
725374483137,1676
725374583039,1674
725374682941,1679
725374782843,1680
725374882745,1679
725374982647,1679
725375082549,1729
725375182451,1681
725375282353,1679
725375382255,1672
725375482157,1673
725375582059,1672
725375681961,1675
725375781863,1676
725375881765,1674
725375981667,1674
725376081569,1675
725376181471,1675
725376281373,1676
725376381275,1672
725376481177,1672
725376581079,1672
725376680981,1677
725376780883,1677
725376880785,1675
725376980687,1675
725377080589,1675
725377180509,1678
725377280411,1674
725377380313,1672
725377480215,1673
725377580117,1672
725377680019,1673
725377779921,1675
725377879823,1674
725377979725,1675
725378079627,1677
725378179529,1674
725378279431,1675
725378379333,1675
725378479235,1673
725378579137,1672
725378679039,1673
725378778941,1676
725378878843,1675
725378978745,1678
725379078647,1675
725379178549,1675
725379278451,1675
725379378353,1675
725379478255,1673
725379578157,1672
725379678059,1673
725379777961,1673
725379877863,11682
725379977765,11521
725380077667,11670
725380177569,11699
725380277471,11609
725380377373,11402
725380477275,11694
725380577177,11938
725380677080,10427
725380776982,11654
725380876884,11530
725380976786,11435
725381076688,11600
725381176590,11622
725381276492,11503
725381376394,11524
725381476296,11640
725381577714,3258
725381677616,1675
725381777518,1675
725381877420,1676
725381977322,1672
725382077224,1672
725382177126,1673
725382277028,1672
725382376930,1673
725382476832,1674
725382576734,1675
725382676636,1675
725382776538,1675
725382876440,1675
725382976342,1673
725383076244,1672
725383176146,1673
725383276048,1672
725383375950,1674
725383475852,1675
725383575754,1677
725383675656,1675
725383775558,1675
725383875460,1677
725383975362,1676
725384075264,1672
725384175166,1672
725384275068,1672
725384374970,1675
725384474872,1675
725384574774,1691
725384674676,1675
725384774578,1711
725384874480,1675
725384974382,1676
725385074284,1671
725385174186,1674
725385274088,1671
725385373990,1678
725385473892,1678
725385573794,1713
725385673696,1678
725385773598,1714
725385873500,1678
725385973402,1680
725386073304,1675
725386173206,1676
725386273108,1675
725386373010,1674
725386472912,1680
725386572814,1691
725386672716,1680
725386772618,1679
725386872520,1678
725386972422,1678
725387072324,1671
725387172226,1672
725387272128,1672
725387372030,1671
725387471932,1675
725387571834,1674
725387671736,1676
725387771638,1676
725387871540,1675
725387971442,1675
725388071344,1675
725388171246,1672
725388271148,1672
725388371050,1671
725388470952,1675
725388570854,1675
725388670756,1675
725388770658,1676
725388870560,1674
725388970462,1675
725389070364,1676
725389170266,1672
725389270168,1672
725389370070,1671
725389469972,1676
725389569874,1674
725389669776,1675
725389769678,1676
725389869580,11765
725389969482,11601
725390070898,3256
725390170800,1675
725390270702,1674
725390370604,1673
725390470506,1676
725390570408,1676
725390670310,1672
725390770212,1672
725390870114,1672
725390970016,1671
725391069918,1675
725391169820,1675
725391269722,1675
725391369624,1675
725391469526,1676
725391569428,1675
725391669330,1676
725391769232,1669
725391869134,1671
725391969036,1672
725392068938,1675
725392168840,1675
725392268742,1674
725392368644,1674
725392468546,1675
725392568448,1676
725392668350,1675
725392768252,1671
725392868154,1671
725392968056,1671
725393067958,1676
725393167860,1675
725393267762,1675
725393367664,1674
725393467566,1675
725393567468,1675
725393667370,1676
725393767272,1671
725393867174,1672
725393967076,1672
725394066978,1676
725394166880,1675
725394266782,1675
725394366684,1675
725394466586,1675
725394566488,1675
725394666390,1676
725394766292,1672
725394866194,1672
725394966096,1673
725395065998,1675
725395165900,1674
725395265802,1675
725395365704,1676
725395465606,1677
725395565508,1676
725395665410,1675
725395765312,1671
725395865214,1672
725395965116,1672
725396065018,1672
725396164920,1675
725396264822,1676
725396364724,1675
725396464626,1728
725396564528,1675
725396664430,1711
725396764332,1676
725396864234,1673
725396964136,1674
725397064038,1673
725397163940,1677
725397263842,1678
725397363744,1677
725397463646,1753
725397563548,1678
725397663450,1679
725397763352,1678
725397863254,1675
725397963156,1675
725398063058,1675
725398162960,1679
725398262862,1680
725398362764,1679
725398462666,1684
725398562568,1678
725398662470,1679
725398762372,1679
725398862274,1672
725398962176,1668
725399062078,1673
725399161980,1674
725399261882,1675
725399361784,1675
725399461686,1675
725399561588,1677
725399661490,1676
725399761392,1676
725399862807,3242
725399962709,1678
725400062611,1679
725400162513,1680
725400262415,1714
725400362317,1672
725400462219,1672
725400562121,1672
725400662023,1709
725400761925,1675
725400861827,1676
725400961729,1674
725401061631,1675
725401161533,1675
725401261435,1676
725401361337,1675
725401461239,1673
725401561141,1673
725401661043,1672
725401760945,1675
725401860847,1675
725401960749,1675
725402060651,1675
725402160553,1676
725402260455,1676
725402360357,1675
725402460259,1672
725402560161,1716
725402660063,1687
725402759965,1676
725402859867,1676
725402959769,1710
725403059671,1675
725403159573,1674
725403259475,1674
725403359377,1675
725403459280,1672
725403559182,1672
725403659084,1741
725403758986,1675
725403858888,1675
725403958790,1712
725404058692,1675
725404158594,1676
725404258496,1674
725404358398,1675
725404458300,1671
725404558202,1672
725404658104,1768
725404758006,1672
725404857908,1675
725404957810,1675
725405057712,1674
725405157614,1676
725405257516,1674
725405357418,1676
725405457320,1674
725405557222,1672
725405657124,1673
725405757026,1671
725405856928,1674
725405956830,1673
725406056732,1675
725406156634,1675
725406256536,1674
725406356438,1676
725406456340,1675
725406556242,1673
725406656144,1770
725406756046,1673
725406855948,1676
725406955850,1676
725407055752,1673
725407155654,1674
725407255556,1674
725407355458,1674
725407455360,1675
725407555262,1672
725407655164,1672
725407755066,1673
725407854968,1676
725407954870,1675
725408054772,1675
725408154674,1674
725408254576,1679
725408354478,1676
725408454380,1675
725408554282,1673
725408654184,1672
725408754086,1672
725408853988,1680
725408953890,1689
725409053792,1678
725409153694,1679
725409253596,1678
725409353498,1680
725409453400,1691
725409553302,1677
725409653204,1675
725409753106,1675
725409853008,11620
725409952910,11956
725410054334,3258
725410154238,1674
725410254140,1673
725410354042,1673
725410453944,1690
725410553846,1676
725410653748,1677
725410753650,1679
725410853552,1678
725410953454,1691
725411053356,1678
725411153258,1674
725411253160,1675
725411353062,1674
725411452964,1689
725411552866,1678
725411652768,1678
725411752670,1679
725411852572,1679
725411952474,1691
725412052376,1678
725412152278,1690
725412252180,1672
725412352082,1673
725412451984,1676
725412551886,1675
725412651788,1708
725412751690,1675
725412851592,1675
725412951494,1674
725413051396,1675
725413151298,1673
725413251200,1672
725413351102,1672
725413451004,1671
725413550906,1675
725413650809,1675
725413750711,1676
725413850613,1675
725413950515,1675
725414050417,1675
725414150319,1671
725414250221,1672
725414350123,1671
725414450025,1672
725414549927,1675
725414649829,1675
725414749731,1675
725414849633,1675
725414949535,1675
725415049437,1676
725415149339,1673
725415249241,1671
725415349143,1671
725415449045,1673
725415548947,1675
725415648849,1677
725415748751,1676
725415848653,1675
725415948555,1675
725416048457,1676
725416148359,1675
725416248261,1671
725416348163,1671
725416448065,1671
725416547967,1675
725416647869,1675
725416747771,1675
725416847673,1675
725416947575,1676
725417047477,1674
725417147379,1675
725417247281,1672
725417347183,1671
725417447085,1671
725417546987,1675
725417646889,1675
725417746791,1675
725417846693,1675
725417946595,1675
725418046497,1675
725418146399,1675
725418246301,1671
725418346203,1671
725418446105,1673
725418546007,1672
725418645909,1678
725418745811,1675
725418845713,1675
725418945615,1674
725419045517,1675
725419145419,1675
725419245321,1672
725419345223,1672
725419445125,1672
725419545027,1672
725419644929,1675
725419744831,1676
725419844733,11513
725419944635,11865
725420044537,11670
725420144439,11697
725420244341,12020
725420344243,11654
725420444145,12126
725420544047,11705
725420643949,11598
725420743851,11549
725420843753,11649
725420943655,11939
725421043557,11504
725421143459,11729
725421243361,11516
725421343263,11894
725421443165,11650
725421543067,11613
725421644488,3198
725421744392,1675
725421844294,1672
725421944196,1672
725422044098,1672
725422144006,1673
725422243908,1677
725422343810,1678
725422443728,1681
725422543630,1678
725422643532,1679
725422743434,1679
725422843336,1678
725422943238,1675
725423043140,1676
725423143042,1675
725423242944,1678
725423342846,1679
725423442748,1678
725423542650,1679
725423642552,1678
725423742454,1679
725423842356,1678
725423942258,1672
725424042160,1672
725424142062,1706
725424241964,1676
725424341866,1676
725424441768,1676
725424541670,1676
725424641572,1674
725424741474,1676
725424841376,1674
725424941278,1672
725425041180,1673
725425141082,1671
725425240984,1676
725425340886,1675
725425440788,1675
725425540690,1675
725425640592,1676
725425740494,1679
725425840396,1679
725425940298,1674
725426040200,1672
725426140102,1672
725426240004,1674
725426339906,1674
725426439808,1675
725426539710,1675
725426639612,1674
725426739514,1679
725426839416,1675
725426939318,1673
725427039220,1671
725427139122,1671
725427239024,1672
725427338926,1676
725427438828,1675
725427538730,1676
725427638632,1675
725427738534,1675
725427838436,1674
725427938338,1675
725428038240,1672
725428138142,1671
725428238044,1672
725428337946,1676
725428437848,1676
725428537750,1675
725428637652,1675
725428737554,1678
725428837456,1675
725428937358,1676
725429037260,1671
725429137162,1672
725429237064,1672
725429336966,1672
725429436868,1675
725429536770,1675
725429636672,1676
725429736574,1676
725429836476,11768
725429936378,11468
725430036280,11335
725430136182,11816
725430236084,11637
725430335986,11692
725430435888,11646
725430535790,11699
725430637207,3247
725430737111,1672
725430837013,1671
725430936915,1674
725431036817,1675
725431136719,1676
725431236621,1675
725431336523,1675
725431436425,1676
725431536327,1671
725431636229,1671
725431736131,1672
725431836033,1672
725431935935,1674
725432035837,1676
725432135739,1676
725432235641,1674
725432335543,1675
725432435445,1676
725432535347,1675
725432635249,1673
725432735151,1672
725432835053,1672
725432934955,1675
725433034857,1676
725433134759,1675
725433234661,1676
725433334563,1674
725433434465,1676
725433534367,1676
725433634269,1673
725433734171,1673
725433834073,1673
725433933975,1677
725434033877,1679
725434133779,1679
725434233681,1678
725434333583,1677
725434433485,1677
725434533387,1678
725434633289,1675
725434733191,1675
725434833093,1675
725434932995,1679
725435032897,1677
725435132799,1677
725435232701,1678
725435332603,1678
725435432505,1679
725435532407,1678
725435632309,1671
725435732211,1673
725435832113,1672
725435932015,1672
725436031917,1678
725436131819,1676
725436231721,1675
725436331623,1674
725436431525,1674
725436531427,1676
725436631329,1674
725436731231,1672
725436831133,1673
725436931035,1672
725437030937,1675
725437130839,1674
725437230741,1675
725437330643,1676
725437430545,1675
725437530447,1676
725437630349,1676
725437730251,1672
725437830153,1672
725437930055,1672
725438029957,1674
725438129859,1674
725438229761,1675
725438329663,1674
725438429565,1675
725438529467,1674
725438629369,1675
725438729271,1672
725438829173,1671
725438929075,1673
725439028977,1675
725439128879,1675
725439228781,1674
725439328683,1678
725439428585,1675
725439528487,1676
725439628389,1675
725439728291,1672
725439828193,11584
725439928095,11538
725440027997,12072
725440127899,11702
725440227801,11728
725440327703,11612
725440427605,11616
725440527507,11690
725440627409,11774
725440727311,11764
725440827213,11727
725440927115,11455
725441027017,11749
725441126919,11776
725441226821,11648
725441326723,11666
725441426625,12147
725441526527,11817
725441626429,11734
725441726331,11537
725441826233,11590
725441927648,3249
725442027550,1675
725442127452,1674
725442227354,1676
725442327257,1672
725442427159,1673
725442527061,1671
725442626963,1675
725442726865,1675
725442826767,1675
725442926669,1677
725443026571,1674
725443126473,1675
725443226375,1674
725443326277,1672
725443426179,1672
725443526081,1672
725443625983,1676
725443725885,1676
725443825787,1675
725443925689,1712
725444025591,1676
725444125493,1675
725444225395,1675
725444325297,1671
725444425199,1671
725444525101,1673
725444625004,1672
725444724906,1676
725444824808,1675
725444924710,1675
725445024628,1676
725445124530,1676
725445224432,1675
725445324334,1674
725445424236,1671
725445524138,1672
725445624040,1671
725445723942,1678
725445823844,1678
725445923746,1678
725446023648,1677
725446123550,1677
725446223452,1678
725446323354,1678
725446423256,1678
725446523158,1676
725446623060,1676
725446722962,1679
725446822864,1679
725446922766,1677
725447022668,1678
725447122570,1678
725447222472,1679
725447322374,1677
725447422276,1672
725447522178,1672
725447622080,1672
725447721982,1675
725447821884,1674
725447921786,1676
725448021688,1675
725448121590,1675
725448221492,1675
725448321394,1675
725448421296,1672
725448521198,1672
725448621100,1672
725448721004,1672
725448820906,1675
725448920808,1675
725449020710,1674
725449120612,1674
725449220514,1676
725449320416,1675
725449420318,1672
725449520220,1674
725449620122,1673
725449720024,1672
725449819926,11532
725449919828,11404
725450019730,11450
725450119632,11436
725450219534,11629
725450319436,11296
725450419338,11710
725450519240,11294
725450619142,11665
725450719044,11482
725450818946,11456
725450918848,11817
725451018750,12000
725451118652,11366
725451218554,12051
725451318456,11268
725451418358,11668
725451518260,11342
725451618162,11550
725451718064,11445
725451817966,11106
725451917868,11496
725452017770,11217
725452117672,11418
725452217574,11983
725452317476,11184
725452418891,3193
725452518793,1676
725452618696,1675
725452718598,1675
725452818500,1673
725452918402,1676
725453018304,1672
725453118206,1672
725453218108,1672
725453318010,1672
725453417912,1676
725453517814,1675
725453617716,1670
725453717618,1721
725453817520,1674
725453917422,1675
725454017324,1672
725454117226,1672
725454217128,1672
725454317030,1672
725454416932,1674
725454516834,1675
725454616736,1675
725454716638,1675
725454816540,1675
725454916442,1676
725455016344,1675
725455116246,1672
725455216148,1672
725455316050,1672
725455415952,1673
725455515854,1675
725455615756,1675
725455715658,1676
725455815560,1675
725455915462,1676
725456015364,1676
725456115266,1671
725456215168,1671
725456315070,1672
725456414972,1677
725456514874,1675
725456614776,1677
725456714678,1675
725456814580,1676
725456914482,1676
725457014384,1676
725457114286,1671
725457214188,1672
725457314090,1672
725457413992,1677
725457513894,1680
725457613796,1677
725457713698,1713
725457813600,1678
725457913502,1678
725458013404,1678
725458113306,1715
725458213208,1675
725458313110,1675
725458413012,1675
725458512914,1679
725458612816,1678
725458712718,1698
725458812620,1678
725458912522,1678
725459012424,1677
725459112326,1671
725459212228,1673
725459312130,1673
725459412032,1672
725459511934,1675
725459611836,1676
725459711738,1674
725459811640,6574
725459911542,11406
725460011444,11136
725460111346,11515
725460211248,11800
725460312662,3252
725460412564,1678
725460512466,1678
725460612368,1679
725460712270,1674
725460812172,1671
725460912074,1672
725461011976,1675
725461111878,1674
725461211780,1676
725461311682,1674
725461411584,1674
725461511486,1675
725461611388,1675
725461711290,1671
725461811192,1671
725461911094,1671
725462010996,1676
725462110898,1676
725462210800,1676
725462310702,1676
725462410604,1675
725462510506,1697
725462610408,1674
725462710310,1672
725462810212,1672
725462910114,1672
725463010016,1672
725463109918,1675
725463209820,1675
725463309722,1675
725463409624,1675
725463509527,1674
725463609429,1675
725463709331,1675
725463809233,1673
725463909135,1672
725464009037,1671
725464108939,1676
725464208841,1672
725464308743,1675
725464408645,1675
725464508547,1675
725464608449,1675
725464708351,1676
725464808253,1672
725464908155,1671
725465008057,1672
725465107959,1675
725465207861,1675
725465307763,1676
725465407665,1675
725465507567,1675
725465607469,1676
725465707371,1676
725465807273,1671
725465907175,1672
725466007077,1671
725466106979,1676
725466206881,1675
725466306783,1675
725466406685,1676
725466506587,1675
725466606489,1677
725466706392,1674
725466806294,1672
725466906196,1672
725467006098,1671
725467106003,1671
725467205905,1676
725467305807,1674
725467405709,1678
725467505611,1674
725467605531,1676
725467705433,1673
725467805335,1674
725467905237,1672
725468005139,1671
725468105041,1673
725468204943,1675
725468304845,1674
725468404747,1674
725468504649,1675
725468604551,1675
725468704453,1677
725468804355,1676
725468904257,1672
725469004159,1671
725469104061,1671
725469203963,1690
725469303865,1677
725469403767,1677
725469503669,1678
725469603571,1678
725469703473,1693
725469803375,1678
