712358151135,15902
712358251053,8335
712358350956,6704
712358450858,6799
712358550760,6702
712358650662,6778
712358750564,6701
712358850466,6704
712358950368,6714
712359050270,6699
712359150172,6700
712359250074,6700
712359349976,6703
712359449878,6797
712359549780,6705
712359649682,6704
712359749584,6703
712359849486,6700
712359949388,6714
712360049290,6700
712360149192,6698
712360249094,6698
712360348996,6702
712360448898,6745
712360548800,6701
712360648702,6737
712360748604,6704
712360848506,6699
712360948408,6715
712361048310,6704
712361148212,6699
712361248114,6701
712361348016,6694
712361447918,6714
712361547820,6698
712361647722,6702
712361747624,6702
712361847526,6700
712361947428,6717
712362047330,6703
712362147232,6695
712362247134,6698
712362347036,6696
712362446938,6713
712362546840,6692
712362646742,6719
712362746644,6699
712362846546,6698
712362946448,6697
712363046350,6696
712363146252,6695
712363246154,6701
712363346056,6691
712363445958,6698
712363545860,6699
712363645762,6698
712363745664,6705
712363845566,6700
712363945468,6699
712364045370,6703
712364145272,6695
712364245174,6702
712364345076,6697
712364444978,6702
712364544880,6698
712364644782,6696
712364744685,6696
712364844587,6698
712364944489,6699
712365044391,6694
712365144293,6691
712365244195,6754
712365344097,6715
712365443999,6702
712365543901,6703
712365643803,6700
712365743705,6702
712365843607,6702
712365943509,6698
712366043411,6697
712366143313,6701
712366243215,6702
712366343117,6700
712366443019,6697
712366542921,6703
712366642823,6703
712366742725,6704
712366842627,6700
712366942529,6699
712367042431,6697
712367142333,6702
712367242235,6699
712367342137,6700
712367442039,6698
712367541941,6700
712367641843,6701
712367741745,6702
712367841647,6700
712367941549,6701
712368041451,6704
712368141353,35373
712368247404,12950
712368347306,6704
712368447208,6695
712368547110,6697
712368647012,6734
712368746914,6699
712368846816,6700
712368946718,6699
712369046620,6697
712369146522,6697
712369246424,6699
712369346326,6700
712369446228,6696
712369546130,6696
712369646032,6697
712369745934,6700
712369845836,6698
712369945738,6700
712370045640,6698
712370145542,6699
712370245444,6701
712370345346,6700
712370445248,6696
712370545150,6695
712370645052,6697
712370744954,6699
712370844856,6700
712370944758,6700
712371044660,6701
712371144562,6699
712371244464,6708
712371344366,6700
712371444268,6697
712371544170,6696
712371644072,6696
712371743974,6703
712371843876,6888
712371943778,6703
712372043680,6701
712372143582,6705
712372243484,6705
712372343386,6699
712372443288,6698
712372543190,6702
712372643092,6697
712372742994,6701
712372842896,6703
712372942798,6700
712373042700,6700
712373142602,6702
712373242504,6707
712373342406,6699
712373442308,6703
712373542210,6697
712373642112,6701
712373742014,6697
712373841916,6815
712373941818,6702
712374041720,6703
712374141622,6696
712374241524,6702
712374341426,6702
712374441328,6703
712374541230,6699
712374641132,6697
712374741034,6700
712374840936,6703
712374940838,6699
712375040740,6701
712375140642,6701
712375240544,6699
712375340446,6701
712375440348,6704
712375540250,6700
712375640152,6700
712375740054,6699
712375839956,6702
712375939858,6702
712376039760,6701
712376139662,6699
712376239564,6702
712376339466,6702
712376439368,6702
712376539271,6699
712376639173,6702
712376739076,6700
712376838978,6699
712376938880,6701
712377038782,6702
712377138684,6739
712377238586,6704
712377338488,6735
712377438390,6699
712377538292,6740
712377638194,6699
712377738096,6699
712377837998,6704
712377937900,6699
712378037802,6703
712378137704,6702
712378243748,12937
712378343650,6701
712378443552,6703
712378543454,6701
712378643356,6704
712378743258,6699
712378843160,6701
712378943062,6694
712379042964,6703
712379142866,6702
712379242768,6705
712379342670,6701
712379442572,6702
712379542474,6702
712379642376,6707
712379742278,6698
712379842180,6693
712379942082,6699
712380041984,6701
712380141886,6774
712380241788,6701
712380341690,6704
712380441592,6700
712380541494,6703
712380641396,6704
712380741298,6700
712380841200,6700
712380941123,6698
712381041025,6698
712381140927,6703
712381240829,6701
712381340731,6703
712381440633,6702
712381540535,6702
712381640437,6885
712381740339,6703
712381840241,6698
712381940143,6697
712382040045,6699
712382139947,6789
712382239849,6970
712382339751,6702
712382439653,6713
712382539555,6702
712382639457,6738
712382739359,6714
712382839261,6700
712382939163,6697
712383039065,6700
712383138967,6702
712383238869,6701
712383338771,6703
712383438673,6701
712383538575,6699
712383638478,6714
712383738380,6702
712383838282,6700
712383938184,6700
712384038086,6699
712384137988,6702
712384237890,6704
712384337792,6701
712384437694,6702
712384537596,6707
712384637498,6703
712384737400,6700
712384837302,6691
712384937204,6695
712385037106,6696
712385137008,6694
712385236910,6700
712385336812,6697
712385436714,6700
712385536616,6699
712385636518,6702
712385736420,6697
712385836322,6698
712385936224,6696
712386036126,6696
712386136028,6694
712386235930,6697
712386335832,6701
712386435734,6702
712386535636,6733
712386635538,6699
712386735440,6701
712386835342,6698
712386935244,6694
712387035146,6694
712387135048,6695
712387234950,6698
712387334852,6697
712387434754,6697
712387534656,6732
712387634558,6695
712387734460,6699
712387834362,6697
712387934264,6698
712388034166,6697
712388134068,6694
712388240134,12938
712388340036,6736
712388439938,6704
712388539841,6702
712388639743,6700
712388739646,6702
712388839548,6701
712388939450,6702
712389039352,6701
712389139254,6698
712389239156,6702
712389339058,6699
712389438960,6704
712389538862,6702
712389638764,6704
712389738666,6705
712389838568,6702
712389938470,6703
712390038372,7019
712390138274,6699
712390238176,6698
712390338078,6700
712390437980,6702
712390537882,6703
712390637784,6702
712390737686,6702
712390837588,6704
712390937490,6737
712391037392,6703
712391137294,6693
712391237196,6695
712391337098,6731
712391437003,6696
712391536905,6696
712391636807,6699
712391736709,6699
712391836611,6701
712391936513,6700
712392036415,6699
712392136317,6771
712392236219,6694
712392336121,6731
712392436023,6698
712392535925,6698
712392635827,6697
712392735729,6699
712392835631,6745
712392935534,6700
712393035436,6697
712393135338,6700
712393235240,6696
712393335142,6729
712393435044,6697
712393534946,6699
712393634848,6701
712393734750,6701
712393834652,6699
712393934554,6734
712394034456,6696
712394134358,6721
712394234260,6693
712394334162,6694
712394434064,6696
712394533966,6702
712394633868,6697
712394733770,6703
712394833672,6701
712394933574,6701
712395033476,6705
712395133378,6703
712395233280,6699
712395333182,6693
712395433084,6700
712395532986,6701
712395632888,6701
712395732790,6881
712395832692,6704
712395932595,6704
712396032497,6703
712396132399,6703
712396232301,6703
712396332203,6697
712396432105,6698
712396532007,6699
712396631909,6699
712396731811,6704
712396831713,6702
712396931615,6703
712397031517,6702
712397131419,6703
712397231321,6702
712397331223,6697
712397431125,6698
712397531027,6700
712397630929,6813
712397730831,6704
712397830733,6705
712397930635,6701
712398030537,6701
712398130439,6700
712398236501,12946
712398336403,6688
712398436305,6701
712398536207,6696
712398636109,6699
712398736012,6760
712398835914,6716
712398935817,6700
712399035719,6698
712399135621,6698
712399235523,6699
712399335425,6730
712399435327,6740
712399535229,6695
712399635131,6692
712399735033,6737
712399834935,6734
712399934837,6715
712400034739,6747
712400134641,6710
712400234543,6705
712400334445,6732
712400434347,6700
712400534250,6694
712400634152,6699
712400734054,6695
712400833956,6703
712400933858,6726
712401033760,6703
712401133662,6707
712401233564,6776
712401333466,6736
712401433368,6703
712401533270,6699
712401633172,6697
712401733074,6879
712401832976,6701
712401932878,6702
712402032780,6699
712402132682,6696
712402232584,6703
712402332486,6739
712402432388,6703
712402532290,6701
712402632192,6698
712402732094,6700
712402831996,6703
712402931898,6700
712403031800,6700
712403131702,6703
712403231604,6701
712403331506,6736
712403431408,6702
712403531310,6704
712403631230,6794
712403731132,6696
712403831034,6698
712403930936,6703
712404030838,6702
712404130740,6746
712404230642,6884
712404330544,6723
712404430446,6703
712404530348,6704
712404630250,6697
712404730153,6699
712404830055,6699
712404929957,6701
712405029859,6701
712405129761,6701
712405229663,6705
712405329565,6704
712405429467,6704
712405529369,6703
712405629271,6698
712405729173,6703
712405829075,6699
712405928977,6699
712406028879,6702
712406128781,6701
712406228683,6702
712406328585,6704
712406428487,6704
712406528389,6701
712406628291,6698
712406728193,6700
712406828095,6697
712406927997,6701
712407027899,6702
712407127801,6724
712407227703,6700
712407327605,6703
712407427507,6702
712407527409,6707
712407627311,6700
712407727213,6692
712407827115,6696
712407927017,6695
712408026920,6701
712408126822,6701
712408232867,12934
712408332769,6704
712408432671,6704
712408532573,6739
712408632475,6704
712408732378,6713
712408832280,6701
712408932182,6700
712409032084,6702
712409131986,6700
712409231888,6703
712409331790,6703
712409431692,6742
712409531594,6705
712409631496,6705
712409731398,6704
712409831300,6703
712409931202,6697
712410031104,6698
712410131006,6697
712410230908,6701
712410330810,6709
712410430712,6705
712410530615,6702
712410630518,6704
712410730420,6703
712410830322,6702
712410930224,6700
712411030126,6697
712411130028,6697
712411229930,6695
712411329832,6703
712411429734,6702
712411529636,6698
712411629538,6703
712411729440,6700
712411829342,6702
712411929244,6699
712412029146,6701
712412129048,6699
712412228950,6703
712412328852,6700
712412428754,6697
712412528657,6701
712412628559,6702
712412728461,6702
712412828363,6699
712412928265,6699
712413028167,6698
712413128069,6699
712413227971,6702
712413327873,6699
712413427775,6706
712413527677,6707
712413627579,6704
712413727481,6703
712413827383,6703
712413927285,6693
712414027187,6696
712414127089,6700
712414226991,6698
712414326893,6699
712414426795,6701
712414526697,6704
712414626599,6699
712414726501,6701
712414826403,6700
712414926305,6694
712415026207,6696
712415126109,6699
712415226011,6693
712415325913,6701
712415425815,6700
712415525717,6703
712415625619,6703
712415725521,6698
712415825423,6697
712415925325,6700
712416025227,6692
712416125129,6724
712416225031,6697
712416324933,6703
712416424835,6697
712416524737,6699
712416624639,6701
712416724541,6701
712416824443,6698
712416924345,6693
712417024247,6690
712417124149,6699
712417224051,6695
712417323953,6702
712417423855,6696
712417523757,6707
712417623659,6708
712417723561,6705
712417823463,6697
712417923365,6707
712418023267,6699
712418123169,6701
712418229217,12935
712418329119,6699
712418429021,6700
712418528923,6737
712418628825,6703
712418728727,6705
712418828629,6705
712418928531,6703
712419028433,6699
712419128335,6703
712419228237,6701
712419328139,6698
712419428041,6701
712419527943,6707
712419627845,6700
712419727747,6701
712419827649,6702
712419927551,6702
712420027453,6702
712420127355,6707
712420227257,6698
712420327159,6697
712420427061,6695
712420526963,6705
712420626865,7019
712420726768,6703
712420826670,6697
712420926572,6700
712421026474,6699
712421126376,6702
712421226278,6697
712421326180,6695
712421426082,6696
712421525984,6704
712421625886,6696
712421725788,6700
712421825690,6700
712421925592,6694
712422025494,6698
712422125396,6702
712422225298,6697
712422325200,6696
712422425102,6696
712422525005,6703
712422624907,6698
712422724809,6698
712422824711,6696
712422924613,6698
712423024515,6697
712423124417,6700
712423224319,6700
712423324221,6693
712423424123,6850
712423524025,6700
712423623927,6697
712423723829,6699
712423823731,6701
712423923633,6701
712424023535,6702
712424123437,6707
712424223339,6704
712424323241,6699
712424423143,6697
712424523046,6703
712424622948,6702
712424722850,6703
712424822752,6703
712424922654,6703
712425022556,6704
712425122458,6705
712425222360,6701
712425322262,6698
712425422164,6700
712425522066,6702
712425621968,6704
712425721870,6700
712425821772,6702
712425921674,6702
712426021576,6702
712426121478,6706
712426221380,6699
712426321282,6701
712426421202,6836
712426521104,6699
712426621006,6699
712426720908,6704
712426820810,6701
712426920712,6701
712427020614,6699
712427120516,6703
712427220418,6703
712427320320,6700
712427420222,6699
712427520124,6700
712427620026,6701
712427719928,6702
712427819830,6703
712427919732,6701
712428019634,6703
712428119536,6702
712428225587,12933
712428325489,6700
712428425391,6703
712428525293,6697
712428625195,6698
712428725098,6697
712428825004,6697
712428924906,6700
712429024808,6699
712429124710,6704
712429224612,6695
712429324514,6701
712429424416,6849
712429524318,6706
712429624220,6696
712429724122,6699
712429824024,6699
712429923926,6703
712430023828,6699
712430123730,6705
712430223632,6703
712430323534,6702
712430423436,6701
712430523338,6709
712430623240,6700
712430723143,6703
712430823045,6698
712430922947,6703
712431022849,6703
712431122751,6704
712431222653,6702
712431322555,6703
712431422457,6703
712431522359,6709
712431622261,6698
712431722163,6699
712431822065,6699
712431921967,6705
712432021869,6696
712432121771,6708
712432221673,6700
712432321575,6702
712432421477,6701
712432521379,6706
712432621281,6699
712432721183,6701
712432821085,6887
712432920987,6700
712433020889,6704
712433120791,6701
712433220693,6704
712433320595,6699
712433420497,6703
712433520399,6704
712433620301,6698
712433720203,6701
712433820105,6703
712433920007,6697
712434019909,6702
712434119811,6701
712434219713,6704
712434319615,6701
712434419517,6701
712434519419,6701
712434619321,6704
712434719224,6699
712434819126,6697
712434919028,6697
712435018930,6700
712435118832,6741
712435218734,6702
712435318636,6700
712435418538,6705
712435518440,6703
712435618342,6702
712435718244,6706
712435818146,6700
712435918048,6700
712436017950,6702
712436117852,6700
712436217754,6703
712436317656,6700
712436417558,6702
712436517461,6702
712436617363,6710
712436717266,6697
712436817168,6696
712436917070,6698
712437016972,6721
712437116874,6700
712437216776,6701
712437316678,6697
712437416580,6699
712437516482,6700
712437616384,6701
712437716286,6696
712437816188,6693
712437916090,6696
712438015992,6701
712438115894,6697
712438221937,12939
712438321839,6700
712438421742,6707
712438521644,6708
712438621546,6703
712438721448,6702
712438821350,6701
712438921252,6700
712439021154,6698
712439121056,6698
712439220958,6701
712439320860,6708
712439420762,6701
712439520664,6704
712439620566,6703
712439720468,6700
712439820370,6702
712439920272,6698
712440020174,6693
712440120076,6696
712440219978,6704
712440319880,6770
712440419782,6703
712440519684,6695
712440619586,6701
712440719488,6703
712440819390,6704
712440919292,6702
712441019194,6702
712441119096,6700
712441218998,6702
712441318900,6700
712441418802,6701
712441518704,6705
712441618606,6707
712441718508,6701
712441818410,6702
712441918312,6703
712442018214,6701
712442118116,6700
712442218018,6970
712442317920,6970
712442417822,6704
712442517724,6704
712442617626,6699
712442717529,6704
712442817431,6703
712442917333,6698
712443017235,6696
712443117137,6697
712443217039,6695
712443316941,6696
712443416843,6702
712443516745,6697
712443616647,6700
712443716550,6700
712443816452,6698
712443916354,6699
712444016256,6697
712444116158,6698
712444216060,6696
712444315962,6699
712444415864,6701
712444515766,6697
712444615668,6694
712444715571,6701
712444815473,6701
712444915375,6700
712445015277,6696
712445115179,6696
712445215081,6696
712445314983,6701
712445414885,6700
712445514787,6698
712445614689,6700
712445714592,6699
712445814494,6699
712445914396,6697
712446014298,6697
712446114200,6695
712446214102,6697
712446314005,6696
712446413908,6702
712446513810,6698
712446613712,6702
712446713615,6704
712446813517,6701
712446913419,6701
712447013321,6703
712447113223,6692
712447213125,6698
712447313027,6699
712447412930,6705
712447512832,6701
712447612734,6701
712447712636,6701
712447812538,6702
712447912440,6704
712448012342,6700
712448112244,6699
712448218296,12932
712448318198,6700
712448418100,6700
712448518004,6703
712448617906,6702
712448717808,6704
712448817710,6721
712448917612,6702
712449017514,6703
712449117433,6726
712449217335,6701
712449317237,6696
712449417139,6691
712449517041,6695
712449616943,6700
712449716845,6701
712449816747,6698
712449916649,6700
712450016551,6698
712450116453,6700
712450216355,6701
712450316257,6694
712450416159,6697
712450516061,6695
712450615963,6730
712450715865,6700
712450815767,6701
712450915669,6743
712451015571,6733
712451115473,6742
712451215375,6753
712451315277,6705
712451415179,6705
712451515081,6695
712451614983,6700
712451714885,6699
712451814787,6739
712451914689,6699
712452014591,6698
712452114493,6700
712452214395,6699
712452314297,6770
712452414200,6694
712452514102,6694
712452614006,6697
712452713908,6701
712452813810,6747
712452913712,6702
712453013614,6706
712453113516,6700
712453213418,6701
712453313320,6702
712453413222,6694
712453513124,6697
712453613026,6698
712453712928,6703
712453812830,6702
712453912732,6695
712454012634,6703
712454112536,6702
712454212438,6697
712454312340,6704
712454412242,6700
712454512144,6719
712454612046,6701
712454711948,6705
712454811850,6704
712454911752,6701
712455011654,6771
712455111556,6701
712455211458,6703
712455311360,6699
712455411262,6700
712455511164,6772
712455611066,6700
712455710968,6703
712455810870,6699
712455910772,6703
712456010674,6771
712456110576,6704
712456210478,6701
712456310380,6701
712456410282,6700
712456510184,6773
712456610086,6701
712456709988,6742
712456809890,6702
712456909792,6704
712457009694,6734
712457109596,6704
712457209498,6702
712457309400,6701
712457409302,6703
712457509204,6698
712457609106,6700
712457709008,6699
712457808910,6705
712457908812,6702
712458008714,6704
712458108616,6701
712458214665,12948
712458314567,6698
712458414469,6699
712458514371,6701
712458614273,6696
712458714175,6696
712458814077,6694
712458913979,6700
712459013881,6700
712459113783,6698
712459213685,6698
712459313587,6697
712459413489,6701
712459513391,6701
712459613293,6699
712459713195,6699
712459813097,6699
712459912999,6703
712460012901,6705
712460112803,6704
712460212705,6702
712460312607,6705
712460412509,6706
712460512412,6704
712460612314,6703
712460712217,6737
712460812119,6700
712460912021,6701
712461011923,6777
712461111825,6702
712461211727,6706
712461311629,6703
712461411531,6704
712461511433,6768
712461611335,6702
712461711237,6700
712461811139,6700
712461911041,6702
712462010943,6774
712462110845,6702
712462210747,6702
712462310649,6701
712462410551,6701
712462510453,6775
712462610355,6699
712462710257,6696
712462810159,6700
712462910061,6697
712463009963,6738
712463109865,6702
712463209767,6701
712463309669,6702
712463409571,6703
712463509473,6701
712463609375,6700
712463709277,6699
712463809179,6699
712463909081,6697
712464008983,6703
712464108885,6702
712464208787,6700
712464308689,6726
712464408591,6702
712464508493,6703
712464608395,6703
712464708298,6735
712464808200,6700
712464908102,6699
712465008004,6699
712465107906,6699
712465207808,6695
712465307710,6701
712465407612,6702
712465507514,6703
712465607416,6701
712465707318,6735
712465807220,6690
712465907122,6696
712466007024,6695
712466106926,6698
712466206828,6701
712466306730,6697
712466406632,6699
712466506534,6732
712466606436,6699
712466706338,6735
712466806240,6696
712466906142,6696
712467006044,6769
712467105946,6700
712467205848,6700
712467305750,6699
712467405652,6698
712467505554,6739
712467605456,6697
712467705358,6695
712467805260,6696
712467905162,6694
712468005064,6698
712468104966,6700
712468211012,12921
712468310914,6702
712468410816,6701
712468510718,6782
712468610620,6704
712468710522,6701
712468810424,6701
712468910326,6701
712469010228,6733
712469110130,6699
712469210032,6699
712469309934,6700
712469409836,6698
712469509738,6702
712469609640,6702
712469709542,6701
712469809444,6701
712469909346,6701
712470009248,6700
712470109150,6700
712470209052,6697
712470308954,6701
712470408856,6702
712470508758,6703
712470608660,6703
712470708562,6704
712470808464,6696
712470908366,6696
712471008268,6704
712471108170,6700
712471208072,6697
712471307974,6698
712471407876,6701
712471507778,6701
712471607680,6703
712471707582,6722
712471807484,6704
712471907401,6704
712472007303,6706
712472107205,6697
712472207107,6695
712472307009,6693
712472406911,6699
712472506813,6742
712472606715,6699
712472706618,6731
712472806520,6698
712472906422,6696
712473006324,6768
712473106226,6693
712473206128,6695
712473306030,6693
712473405932,6695
712473505834,6772
712473605736,6700
712473705638,6699
712473805540,6701
712473905442,6697
712474005344,6698
712474105246,6693
712474205148,6695
712474305050,6715
712474404952,6700
712474504854,6704
712474604756,6700
712474704658,6695
712474804560,6698
712474904462,6700
712475004364,6700
712475104266,6700
712475204168,6697
712475304070,6696
712475403972,6697
712475503874,6702
712475603776,6701
712475703678,6719
712475803580,6701
712475903482,6702
712476003384,6703
712476103286,6699
712476203188,6711
712476303090,6701
712476402992,6702
712476502894,6702
712476602796,6705
712476702698,6726
712476802600,6706
712476902502,6702
712477002404,6701
712477102306,6705
712477202208,6711
712477302110,6700
712477402012,6693
712477501914,6704
712477601816,6704
712477701718,6754
712477801620,6700
712477901522,6702
712478001424,6699
712478101326,6701
712478207374,12935
712478307276,6694
712478407178,6696
712478507080,6733
712478606982,6697
712478706885,6696
712478806787,6697
712478906689,6696
712479006591,6772
712479106493,6700
712479206395,6699
712479306297,6695
712479406199,6696
712479506101,6767
712479606004,6695
712479705906,6700
712479805808,6699
712479905710,6697
712480005612,6822
712480105514,6700
712480205416,6698
712480305318,6698
712480405220,6697
712480505122,6697
712480605024,6697
712480704927,6699
712480804829,6703
712480904731,6699
712481004633,6697
712481104535,6701
712481204437,6697
712481304339,6700
712481404241,6695
712481504143,6709
712481604046,6697
712481703948,6718
712481803850,6701
712481903752,6702
712482003654,6701
712482103556,6702
712482203458,6715
712482303360,6710
712482403262,6702
712482503164,6698
712482603066,6700
712482702968,6725
712482802870,6703
712482902772,6700
712483002674,6703
712483102576,6697
712483202478,6716
712483302380,6698
712483402282,6696
712483502184,6735
712483602086,6697
712483701988,6714
712483801890,6701
712483901792,6703
712484001694,6884
712484101596,6701
712484201498,6715
712484301400,6703
712484401302,6704
712484501204,6692
712484601106,6700
712484701009,6744
712484800911,6701
712484900813,6703
712485000715,6702
712485100617,6702
712485200519,6715
712485300421,6703
712485400323,6702
712485500225,6698
712485600127,6698
712485700029,6712
712485799931,6701
712485899833,6702
712485999735,6702
712486099637,6701
712486199539,6716
712486299441,6702
712486399343,6704
712486499245,6701
712486599147,6697
712486699049,6757
712486798951,6704
712486898853,6705
712486998755,6702
712487098657,6702
712487198559,6712
712487298461,6703
712487398363,6702
712487498265,6698
712487598167,6698
712487698069,6715
712487797971,6703
712487897873,6703
712487997775,6702
712488097677,6703
712488203719,12931
712488303621,6702
712488403523,6704
712488503425,6702
712488603327,6696
712488703229,6720
712488803131,6697
712488903033,6700
712489002935,6700
712489102837,6702
712489202739,6709
712489302641,6702
712489402543,6702
712489502445,6701
712489602347,6700
712489702249,6712
712489802151,6696
712489902053,6699
712490001955,6703
712490101857,6698
712490201759,6717
712490301661,6702
712490401563,6703
712490501465,6699
712490601367,6706
712490701270,6736
712490801172,6699
712490901074,6702
712491000976,6700
712491100878,6702
712491200780,6713
712491300682,6703
712491400584,6703
712491500486,6705
712491600388,6704
712491700290,6776
712491800192,6702
712491900094,6696
712491999996,6700
712492099898,6702
712492199800,6715
712492299702,6702
712492399604,6704
712492499506,6705
712492599408,6702
712492699310,6762
712492799212,6700
712492899114,6698
712492999016,6700
712493098918,6703
712493198820,6714
712493298722,6704
712493398624,6707
712493498526,6702
712493598428,6695
712493698330,6723
712493798232,6701
712493898134,6697
712493998036,6700
712494097938,6701
712494197840,6714
712494297742,6703
712494397644,6703
712494497546,6706
712494597464,6700
712494697366,6794
712494797268,6696
712494897170,6694
712494997072,6695
712495096974,6706
712495196876,6700
712495296778,6697
712495396680,6698
712495496582,6692
712495596484,6698
712495696386,6700
712495796288,6698
712495896190,6695
712495996092,6695
712496095994,6697
712496195896,6695
712496295798,6769
712496395700,6699
712496495602,6699
712496595504,6698
712496695407,6767
712496795309,6701
712496895211,6697
712496995113,6696
712497095015,6696
712497194917,6700
712497294819,6697
712497394721,6699
712497494623,6700
712497594525,6702
712497694427,6699
712497794329,6698
712497894231,6697
712497994133,6695
712498094035,6695
712498200096,12960
712498299998,6703
712498399900,6705
712498499802,6698
712498599704,6703
712498699606,6764
712498799508,6704
712498899410,6703
712498999312,6705
712499099214,6699
712499199116,6713
712499299018,6699
712499398920,6700
712499498822,6700
712499598724,6703
712499698626,6720
712499798528,6702
712499898430,6704
712499998332,6700
712500098234,6699
712500198136,6713
712500298038,6699
712500397940,6702
712500497842,6703
712500597744,6703
712500697646,6807
712500797548,6703
712500897450,6702
712500997352,6702
712501097254,6695
712501197156,6696
712501297058,6693
712501396960,6698
712501496862,6698
712501596764,6698
712501696666,6697
712501796568,6738
712501896470,6698
712501996372,7043
712502096275,6738
712502196177,6744
712502296079,6715
712502395981,6750
712502495883,6709
712502595785,6705
712502695687,6768
712502795589,6699
712502895491,6698
712502995393,6698
712503095295,6695
712503195197,6696
712503295099,6694
712503395005,6696
712503494907,6699
712503594809,6699
712503694712,6700
712503794614,6700
712503894516,6701
712503994418,6697
712504094320,6700
712504194222,6696
712504294124,6693
712504394026,6692
712504493928,6700
712504593830,6701
712504693732,6775
712504793634,6693
712504893536,6702
712504993438,6700
712505093340,6704
712505193242,6693
712505293144,6698
712505393046,6699
712505492948,6702
712505592850,6702
712505692752,6701
712505792654,6701
712505892556,6701
712505992458,6701
712506092360,6701
712506192262,6700
712506292164,6698
712506392066,6699
712506491968,6701
712506591870,6702
712506691772,6809
712506791674,6705
712506891576,6701
712506991478,6702
712507091380,6704
712507191282,6701
712507291184,6698
712507391086,6702
712507490988,6701
712507590890,6698
712507690792,6698
712507790694,6703
712507890596,6703
712507990498,6704
712508090400,6704
712508196462,12940
712508296364,6698
712508396266,6696
712508496168,6694
712508596070,6698
712508695973,6771
712508795875,6698
712508895777,6695
712508995679,6697
712509095581,6698
712509195483,6698
712509295385,6696
712509395287,6696
712509495189,6694
712509595091,6699
712509694993,6696
712509794895,6699
712509894797,6698
712509994699,6693
712510094601,6699
712510194503,6700
712510294405,6695
712510394307,6698
712510494209,6699
712510594111,6696
712510694013,6767
712510793915,6701
712510893817,6703
712510993719,6722
712511093621,6701
712511193523,6701
712511293425,6702
712511393327,6705
712511493229,6696
712511593131,6701
712511693033,6700
712511792935,6701
712511892837,6705
712511992739,6737
712512092641,6701
712512192543,6703
712512292445,6706
712512392347,6697
712512492249,6720
712512592152,6696
712512692065,6797
712512791967,6704
712512891869,6705
712512991771,6737
712513091673,6703
712513191575,6700
712513291477,6701
712513391380,6704
712513491282,6701
712513591184,6698
712513691086,6698
712513790988,6702
712513890890,6698
712513990792,6738
712514090695,6704
712514190597,6704
712514290499,6703
712514390401,6704
712514490303,6695
712514590205,6699
712514690108,6770
712514790010,6699
712514889912,6701
712514989814,6738
712515089716,6779
712515189619,6701
712515289521,6701
712515389423,6701
712515489325,6705
712515589227,6699
712515689129,6698
712515789031,6701
712515888933,6703
712515988835,6740
712516088737,6701
712516188639,6703
712516288541,6702
712516388443,6701
712516488345,6701
712516588247,6698
712516688150,6772
712516788052,6701
712516887954,6702
712516987856,6701
712517087758,6702
712517187660,6707
712517287579,6703
712517387481,6704
712517487383,6704
712517587285,6695
712517687187,6695
712517787089,6698
712517886991,6700
712517986893,6699
712518086795,6700
712518192840,12935
712518292742,6701
712518392644,6702
712518492546,6702
712518592448,6701
712518692351,6794
712518792253,6699
712518892155,6698
712518992057,6697
712519091959,6701
712519191861,6702
712519291763,6696
712519391665,6700
712519491567,6701
712519591469,6699
712519691371,6698
712519791273,6696
712519891175,6696
712519991077,6693
712520090979,6701
712520190881,6701
712520290783,6702
712520390685,6704
712520490587,6704
712520590489,6703
712520690392,6775
712520790294,6700
712520890196,6701
712520990098,6698
712521090003,6698
712521189905,6702
712521289807,6699
712521389709,6704
712521489611,6704
712521589513,6699
712521689415,6702
712521789317,6703
712521889219,6700
712521989121,6734
712522089023,6696
712522188925,6699
712522288827,6702
712522388729,6704
712522488631,6706
712522588533,6702
712522688436,6794
712522788338,6705
712522888240,6698
712522988142,6734
712523088044,6702
712523187946,6702
712523287848,6702
712523387750,6703
712523487652,6738
712523587554,6701
712523687456,6700
712523787358,6702
712523887260,6698
712523987162,6730
712524087064,6696
712524186966,6699
712524286868,6701
712524386770,6700
712524486672,6732
712524586574,6698
712524686477,6772
712524786379,6699
712524886281,6697
712524986183,6714
712525086085,6896
712525185987,6700
712525285889,6694
712525385791,6697
712525485693,6701
712525585595,6698
712525685497,6698
712525785399,6699
712525885301,6732
712525985203,6695
712526085105,6696
712526185007,6695
712526284909,6701
712526384811,6719
712526484713,6701
712526584615,6701
712526684517,6735
712526784419,6699
712526884321,6699
712526984223,6693
712527084125,6697
712527184027,7112
712527283929,6702
712527383831,6700
712527483733,6700
712527583635,6702
712527683537,6700
712527783439,6699
712527883341,6701
712527983243,6700
712528083145,6700
712528189197,12937
712528289099,6693
712528389004,6701
712528488906,6701
712528588808,6703
712528688710,6814
712528788612,6705
712528888514,6736
712528988416,6701
712529088318,6702
712529188220,6699
712529288122,6699
712529388024,6700
712529487926,6701
712529587828,6701
712529687730,6703
712529787632,6702
712529887534,6701
712529987436,6704
712530087338,6701
712530187240,6697
712530287142,6696
712530387044,6698
712530486946,6696
712530586848,6695
712530686750,6772
712530786652,6699
712530886554,6697
712530986456,6698
712531086358,6696
712531186260,6692
712531286162,6693
712531386064,6697
712531485966,6697
712531585868,6699
712531685770,6696
712531785672,6698
712531885574,6697
712531985476,6696
712532085378,6698
712532185280,6692
712532285182,6695
712532385084,6695
712532484986,6700
712532584888,6702
712532684791,6735
712532784693,6696
712532884595,6699
712532984497,6694
712533084399,6700
712533184301,6694
712533284203,6693
712533384105,6695
712533484007,6697
712533583909,6697
712533683811,6701
712533783713,6700
712533883615,6702
712533983517,6701
712534083419,6698
712534183321,6699
712534283223,6699
712534383125,6700
712534483027,6699
712534582929,6703
712534682831,6724
712534782733,6702
712534882635,6700
712534982537,6702
712535082439,6946
712535182341,6885
712535282243,6698
712535382145,6702
712535482047,6700
712535581949,6699
712535681851,6702
712535781753,6701
712535881655,6700
712535981557,6700
712536081459,6704
712536181361,6702
712536281263,6702
712536381165,6699
712536481067,6701
712536580969,6703
712536680872,6703
712536780774,6702
712536880676,6701
712536980578,6703
712537080480,6701
712537180382,6702
712537280284,6697
712537380186,6700
712537480088,6698
712537579990,6703
712537679892,6702
712537779794,6702
712537879696,6700
712537979598,6703
712538079500,6701
712538185548,12932
712538285450,6702
712538385352,6698
712538485254,6695
712538585156,6724
712538685058,6733
712538784960,6700
712538884862,6697
712538984764,6696
712539084666,6698
712539184568,6697
712539284470,6698
712539384372,6700
712539484274,6697
712539584176,6698
712539684078,6691
712539783980,6700
712539883882,6699
712539983784,6705
712540083701,6705
712540183603,6702
712540283505,6701
712540383407,6705
712540483309,6703
712540583211,6700
712540683113,6745
712540783015,6699
712540882917,6700
712540982819,6703
712541082721,6705
712541182623,6699
712541282525,6701
712541382427,6739
712541482329,6701
712541582231,6699
712541682133,6698
712541782035,6700
712541881937,6704
712541981839,6702
712542081741,6702
712542181643,6703
712542281545,6705
712542381447,6736
712542481349,6701
712542581251,6699
712542681154,6704
712542781056,6734
712542880958,6700
712542980860,6702
712543080762,6700
712543180664,6700
712543280566,6700
712543380468,6736
712543480370,6702
712543580272,6699
712543680174,6700
712543780076,6698
712543879978,6704
712543979880,6703
712544079782,6701
712544179684,6702
712544279586,6696
712544379488,6738
712544479390,6701
712544579292,6700
712544679194,6697
712544779096,6698
712544878998,6703
712544978900,6701
712545078802,6805
712545178704,6703
712545278606,6697
712545378508,6737
712545478410,6702
712545578312,6701
712545678214,6697
712545778116,6700
712545878018,6699
712545977920,6700
712546077822,6702
712546177724,6700
712546277626,6702
712546377528,6739
712546477430,6703
712546577332,6703
712546677235,6695
712546777137,6695
712546877039,6696
712546976941,6701
712547076843,6698
712547176745,6698
712547276647,6700
712547376549,6701
712547476451,6700
712547576353,6699
712547676255,6696
712547776157,6694
712547876059,6695
712547975961,6700
712548075863,6702
712548181916,12944
712548281818,6701
712548381720,6702
712548481622,6704
712548581524,6700
712548681427,6700
712548781329,6705
712548881231,6698
712548981133,6701
712549081035,6700
712549180937,6740
712549280839,6701
712549380741,6707
712549480643,6703
712549580545,6702
712549680447,6701
712549780349,6703
712549880251,6697
712549980153,6699
712550080055,6699
712550179957,6736
712550279860,6700
712550379762,6703
712550479664,6703
712550579566,6702
712550679469,6705
712550779371,6702
712550879273,6699
712550979176,6701
712551079078,6700
712551178980,6739
712551278882,6703
712551378784,6705
712551478686,6699
712551578588,6703
712551678490,6703
712551778393,6704
712551878295,6697
712551978197,6701
712552078099,6702
712552178004,6732
712552277906,6701
712552377808,6735
712552477710,6700
712552577612,6699
712552677515,6703
712552777417,6699
712552877319,6706
712552977221,6739
712553077123,6697
712553177025,6697
712553276927,6738
712553376829,6768
712553476731,6720
712553576633,6752
712553676535,6707
712553776437,6706
712553876339,6697
712553976241,6696
712554076143,6693
712554176045,6695
712554275947,6694
712554375849,6730
712554475751,6699
712554575653,6701
712554675555,6700
712554775457,6699
712554875359,6697
712554975261,6694
712555075163,6731
712555175065,6856
712555274967,6697
712555374869,6695
712555474771,6696
712555574673,6701
712555674575,6696
712555774477,6700
712555874379,6698
712555974281,6700
712556074183,6697
712556174085,6693
712556273987,6701
712556373889,6701
712556473791,6699
712556573693,6699
712556673595,6703
712556773497,6701
712556873399,6703
712556973301,6696
712557073203,6700
712557173105,6699
712557273007,6696
712557372909,6701
712557472811,6701
712557572713,6701
712557672615,6703
712557772517,6704
712557872419,6703
712557972321,6700
712558072223,6698
712558178276,12934
712558278178,6699
712558378080,6699
712558477982,6701
712558577884,6701
712558677787,6703
712558777689,6703
712558877591,6701
712558977493,6702
712559077395,6703
712559177297,6697
712559277199,6698
712559377101,6695
712559477005,6696
712559576907,6695
712559676809,6733
712559776711,6700
712559876613,6701
712559976515,6699
712560076417,6696
712560176319,6698
712560276221,6697
712560376123,6696
712560476025,6697
712560575927,6696
712560675830,6813
712560775732,6699
712560875634,6696
712560975536,6700
712561075438,6702
712561175340,6699
712561275242,6695
712561375144,6697
712561475046,6695
712561574948,6697
712561674850,6699
712561774752,6698
712561874654,6701
712561974556,6693
712562074458,6698
712562174360,6969
712562274262,6970
712562374164,6695
712562474066,6694
712562573968,6701
712562673871,6703
712562773788,6705
712562873690,6701
712562973592,6702
712563073494,6702
712563173396,6701
712563273298,6699
712563373201,6702
712563473103,6701
712563573005,6698
712563672908,6726
712563772810,6703
712563872712,6701
712563972614,6702
712564072516,6702
712564172418,6702
712564272320,6701
712564372222,6699
712564472124,6699
712564572026,6702
712564671928,6704
712564771830,6703
712564871732,6702
712564971634,6704
712565071536,6704
712565171438,6703
712565271340,6701
712565371242,6701
712565471144,6700
712565571046,6697
712565670948,6700
712565770850,6702
712565870752,6704
712565970654,6701
712566070556,6707
712566170459,6702
712566270361,6704
712566370263,6701
712566470165,6702
712566570067,6694
712566669969,6705
712566769871,6703
712566869773,6701
712566969675,6705
712567069577,6705
712567169479,6698
712567269381,6702
712567369283,6772
712567469185,6696
712567569087,6698
712567668989,6701
712567768891,6704
712567868793,6703
712567968695,6706
712568068597,6708
712568174646,12860
712568274548,6697
712568374450,6698
712568474352,6701
712568574254,6694
712568674156,6697
712568774058,6696
712568873960,6699
712568973862,6703
712569073764,6702
712569173666,6699
712569273568,6700
712569373470,6700
712569473372,6702
712569573274,6699
712569673176,6844
712569773078,6701
712569872980,6700
712569972882,6702
712570072784,6699
712570172686,6700
712570272588,6702
712570372490,6703
712570472392,6704
712570572294,6696
712570672196,6701
712570772098,6696
712570872003,6698
712570971905,6702
712571071807,6705
712571171709,6703
712571271611,6702
712571371513,6700
712571471415,6697
712571571317,6704
712571671219,6697
712571771121,6702
712571871023,6702
712571970925,6702
712572070827,6704
712572170729,6702
712572270631,6702
712572370533,6703
712572470435,6699
712572570337,6705
712572670239,6701
712572770141,6695
712572870043,6697
712572969945,6703
712573069847,6706
712573169749,6702
712573269651,6700
712573369554,6754
712573469456,6702
712573569358,6703
712573669260,6696
712573769162,6695
712573869064,6697
712573968966,6702
712574068868,6704
712574168770,6700
712574268672,6705
712574368574,6773
712574468476,6700
712574568378,6702
712574668280,6707
712574768182,6700
712574868084,6693
712574967986,6701
712575067888,6707
712575167790,6705
712575267692,6700
712575367594,6777
712575467496,6699
712575567398,6702
712575667300,6697
712575767202,6694
712575867104,6695
712575967006,6697
712576066908,6703
712576166810,6699
712576266712,6697
712576366614,6773
712576466516,6698
712576566418,6697
712576666320,6715
712576766222,6695
712576866124,6694
712576966026,6696
712577065928,6702
712577165830,6697
712577265732,6699
712577365634,6774
712577465537,6701
712577565439,6700
712577665341,6698
712577765243,6694
712577865145,6695
712577965047,6696
712578064949,6696
712578170994,12981
712578270896,6703
712578370798,6701
712578470700,6705
712578570602,6700
712578670504,6705
712578770406,6702
712578870308,6699
712578970210,6700
712579070112,6701
712579170014,6694
712579269916,6701
712579369818,6735
712579469720,6701
712579569622,6703
712579669524,6701
712579769426,6701
712579869328,6701
712579969230,6695
712580069132,6705
712580169034,6698
712580268936,6701
712580368838,6777
712580468740,6704
712580568642,6740
712580668545,6705
712580768447,6704
712580868349,6701
712580968251,6701
712581068153,6701
712581168055,6701
712581267957,6703
712581367859,6775
712581467761,6700
712581567663,6702
712581667565,6702
712581767467,6701
712581867369,6704
712581967271,6694
712582067173,6698
712582167075,6694
712582266977,6696
712582366879,6772
712582466781,6701
712582566683,6699
712582666585,6709
712582766487,6701
712582866389,6699
712582966291,6698
712583066193,6700
712583166095,6697
712583265997,6697
712583365899,6771
712583465801,6700
712583565703,7037
712583665605,6695
712583765507,6701
712583865409,6702
712583965311,6700
712584065213,6697
712584165115,6696
712584265017,6690
712584364919,6773
712584464821,6698
712584564723,6699
712584664625,6742
712584764527,6700
712584864429,6698
712584964331,6699
712585064233,6696
712585164135,6697
712585264037,6698
712585363939,6812
712585463841,6732
712585563759,6706
712585663661,6705
712585763563,6703
712585863465,6704
712585963367,6703
712586063269,6696
712586163171,6699
712586263073,6698
712586362975,6979
712586462877,6703
712586562779,6703
712586662681,6748
712586762583,6699
712586862485,6698
712586962387,6703
712587062289,6700
712587162191,6699
712587262093,6699
712587361995,6736
712587461897,6701
712587561799,6702
712587661701,6700
712587761603,6702
712587861505,6702
712587961407,6704
712588061309,6703
712588167414,12982
712588267316,6703
712588367218,6768
712588467120,6694
712588567022,6693
712588666924,6715
712588766826,6698
712588866728,6699
712588966630,6699
712589066532,6704
712589166434,6695
712589266336,6704
712589366238,6776
712589466140,6698
712589566042,6695
712589665944,6700
712589765846,6698
712589865748,6699
712589965650,6700
712590065552,6702
712590165454,6697
712590265356,6695
712590365258,6774
712590465160,6696
712590565062,6695
712590664964,6748
712590764866,6700
712590864768,6700
712590964670,6700
712591064572,6706
712591164474,6693
712591264376,6698
712591364278,6774
712591464180,6696
712591564082,6696
712591663984,6702
712591763886,6703
712591863788,6705
712591963690,6701
712592063593,6701
712592163495,6699
712592263397,6701
712592363299,6759
712592463201,6698
712592563103,6702
712592663005,6769
712592762907,6696
712592862809,6702
712592962711,6700
712593062613,6706
712593162515,6701
712593262417,6702
712593362319,6705
712593462221,6700
712593562123,6697
712593662025,6698
712593761927,6699
712593861829,6701
712593961731,6703
712594061633,6702
712594161535,6702
712594261437,6702
712594361339,6702
712594461241,6697
712594561143,6701
712594661045,6767
712594760948,6719
712594860850,6700
712594960752,6702
712595060654,6703
712595160556,6704
712595260458,6702
712595360360,6701
712595460262,6700
712595560164,6695
712595660066,6698
712595759968,6740
712595859870,6702
712595959772,6740
712596059674,6702
712596159576,6701
712596259478,6740
712596359380,6718
712596459282,6701
712596559184,6700
712596659086,6792
712596758988,6702
712596858890,6703
712596958792,6737
712597058694,6702
712597158596,6702
712597258498,6703
712597358400,6737
712597458302,6703
712597558204,6699
712597658106,6694
712597758008,6700
712597857910,6700
712597957812,6738
712598057714,6702
712598163758,12921
712598263660,6706
712598363562,6791
712598463464,6701
712598563366,6706
712598663268,6750
712598763170,6698
712598863072,6698
712598962974,6704
712599062876,6701
712599162778,6702
712599262680,6701
712599362582,6742
712599462484,6700
712599562386,6701
712599662288,6697
712599762190,6698
712599862092,6698
712599961994,6704
712600061896,6702
712600161798,6703
712600261700,6702
712600361602,6736
712600461504,6702
712600561406,6706
712600661308,6772
712600761210,6736
712600861112,6752
712600961014,6698
712601060916,6702
712601160818,6701
712601260720,6701
712601360622,6737
712601460524,6704
712601560426,6703
712601660328,6703
712601760230,6737
712601860132,6700
712601960034,6724
712602059936,6701
712602159838,6701
712602259740,6698
712602359642,6702
712602459544,6702
712602559446,6704
712602659348,6793
712602759250,6733
712602859152,6699
712602959054,6731
712603058956,6701
712603158858,6699
712603258760,6698
712603358662,6702
712603458564,6699
712603558466,6700
712603658368,6705
712603758270,6738
712603858172,6697
712603958074,7051
712604057976,6704
712604157878,6760
712604257780,6701
712604357682,6704
712604457584,6742
712604557486,6774
712604657388,6791
712604757290,6790
712604857192,6703
712604957094,6738
712605056996,6699
712605156898,6701
712605256800,6696
712605356702,6698
712605456604,6697
712605556506,6734
712605656408,6700
712605756310,6734
712605856212,6697
712605956114,6733
712606056016,6695
712606155918,6698
712606255820,6696
712606355722,6699
712606455625,6749
712606555527,6699
712606655429,6786
712606755331,6700
712606855233,6693
712606955135,6732
712607055037,6723
712607154939,6699
712607254841,6696
712607354743,6699
712607454645,6784
712607554547,6699
712607654449,6699
712607754351,6699
712607854253,6698
712607954155,6731
712608054057,6695
712608160118,12940
712608260037,6737
712608359939,6737
712608459841,6702
712608559743,6702
712608659645,6774
712608759547,6704
712608859449,6704
712608959351,6737
712609059253,6699
712609159155,6699
712609259057,6699
712609358959,6739
712609458861,6702
712609558763,6736
712609658665,6703
712609758567,6703
712609858469,6701
712609958371,6777
712610058273,6697
712610158175,6699
712610258077,6701
712610357979,6740
712610457881,6702
712610557783,6734
712610657685,6775
712610757587,6710
712610857489,6701
712610957391,6738
712611057293,6698
712611157195,6693
712611257097,6699
712611356999,6732
712611456901,6699
712611556803,6696
712611656705,6698
712611756607,6712
712611856509,6699
712611956411,6732
712612056313,6699
712612156215,6692
712612256117,6696
712612356019,6693
712612455922,6724
712612555824,6697
712612655726,6792
712612755629,6739
712612855531,6698
712612955433,6736
712613055335,6696
712613155237,6694
712613255139,6692
712613355041,6701
712613454943,6781
712613554845,6698
712613654747,6696
712613754649,6735
712613854551,6703
712613954453,6737
712614054355,6698
712614154257,6696
712614254159,6696
712614354061,6698
712614453963,6799
712614553865,6705
712614653767,6775
712614753669,6699
712614853571,6700
712614953473,6734
712615053375,6705
712615153277,6708
712615253179,6698
712615353081,6700
712615452983,6799
712615552885,6702
712615652787,6699
712615752689,6704
712615852591,6702
712615952493,6714
712616052395,6703
712616152297,6699
712616252199,6698
712616352101,6698
712616452004,6797
712616551906,6704
712616651808,6773
712616751710,6705
712616851612,6702
712616951514,6715
712617051416,6701
712617151318,6703
712617251220,6701
712617351122,6697
712617451024,6797
712617550926,6703
712617650828,6701
712617750730,6704
712617850632,6703
712617950534,6715
712618050436,6702
712618156498,12935
712618256400,6702
712618356302,6693
712618456204,6696
712618556106,6697
712618656012,6790
712618755914,6707
712618855816,6697
712618955718,6732
712619055620,6697
712619155522,6695
712619255424,6695
712619355326,6700
712619455228,6777
712619555130,6696
712619655032,6696
712619754934,6700
712619854836,6698
712619954738,6771
712620054640,6702
712620154542,6735
712620254444,6735
712620354346,6694
712620454249,6785
712620554151,6694
712620654053,6767
712620753955,6728
712620853857,6700
712620953759,6752
712621053661,6701
712621153563,6700
712621253465,6703
712621353367,6705
712621453269,6800
712621553171,6698
712621653073,6700
712621752975,6706
712621852877,6737
712621952780,6716
712622052683,6704
712622152585,6976
712622252487,6971
712622352389,6702
712622452291,6797
712622552193,6700
712622652095,6773
712622751997,6701
712622851899,6703
712622951801,6721
712623051703,6703
712623151605,6702
712623251507,6701
712623351409,6703
712623451311,6795
712623551213,6700
712623651116,6699
712623751018,6698
712623850920,6701
712623950822,6714
712624050724,6702
712624150626,6699
712624250528,6702
712624350430,6705
712624450332,6801
712624550235,6700
712624650137,6774
712624750040,6698
712624849942,6702
712624949844,6711
712625049746,6703
712625149648,6706
712625249550,6703
712625349452,6701
712625449354,6794
712625549256,6719
712625649158,6698
712625749060,6698
712625848962,6706
712625948864,6717
712626048766,6701
712626148668,6702
712626248570,6707
712626348472,6705
712626448374,6721
712626548276,6698
712626648178,6736
712626748080,6701
712626847982,6700
712626947884,6714
712627047786,6701
712627147688,6701
712627247590,6705
712627347492,6701
712627447394,6716
712627547296,6698
712627647198,6694
712627747100,6695
712627847005,6696
712627946907,6699
712628046809,6699
712628152854,12936
712628252756,6701
712628352658,6705
712628452560,6798
712628552463,6741
712628652365,6776
712628752268,6700
712628852170,6699
712628952072,6711
712629051974,6702
712629151876,6700
712629251778,6699
712629351680,6702
712629451582,6799
712629551484,6704
712629651386,6702
712629751288,6699
712629851190,6696
712629951092,6710
712630050994,6703
712630150896,6701
712630250798,6703
712630350700,6703
712630450602,6799
712630550504,6702
712630650406,6776
712630750308,6705
712630850210,6696
712630950112,6706
712631050031,6702
712631149933,6706
712631249835,6703
712631349737,6703
712631449639,6799
712631549541,6703
712631649443,6698
712631749346,6704
712631849248,6702
712631949150,6707
712632049052,6699
712632148954,6740
712632248856,6712
712632348758,6705
712632448660,6723
712632548562,6704
712632648464,6740
712632748366,6704
712632848268,6697
712632948170,6711
712633048072,6697
712633147974,6702
712633247876,6708
712633347778,6702
712633447680,6715
712633547582,6704
712633647484,6701
712633747386,6701
712633847288,6697
712633947190,6696
712634047092,6694
712634146994,6698
712634246896,6704
712634346798,6695
712634446700,6698
712634546602,6703
712634646504,6695
712634746406,6698
712634846308,6700
712634946210,6696
712635046112,6698
712635146014,6695
712635245916,6702
712635345818,6695
712635445720,6702
712635545622,6709
712635645524,6698
712635745426,6699
712635845328,6702
712635945230,6694
712636045132,6697
712636145034,6697
712636244936,6703
712636344838,6699
712636444740,6700
712636544642,6700
712636644544,6698
712636744446,6703
712636844348,6690
712636944250,6695
712637044152,6695
712637144054,6695
712637243956,6704
712637343858,6700
712637443760,6703
712637543662,6887
712637643564,6700
712637743466,6704
712637843368,6704
712637943270,6701
712638043172,6700
712638149279,12998
712638249181,6699
712638349083,6733
712638448985,6745
712638548887,6739
712638648789,6740
712638748692,6699
712638848594,6701
712638948496,6713
712639048398,6701
712639148300,6698
712639248202,6698
712639348104,6701
712639448006,6706
712639547908,6700
712639647810,6699
712639747712,6701
712639847614,6699
712639947516,6715
712640047418,6703
712640147320,6697
712640247222,6698
712640347124,6696
712640447026,6702
712640546928,6700
712640646830,6723
712640746732,6699
712640846634,6700
712640946536,6697
712641046438,6700
712641146340,6699
712641246242,6700
712641346144,6824
712641446046,6693
712641545948,6699
712641645850,6699
712641745752,6699
712641845654,6702
712641945556,6698
712642045458,6696
712642145360,6698
712642245262,6699
712642345164,6695
712642445066,6694
712642544968,6696
712642644870,6698
712642744772,6700
712642844674,6698
712642944576,6697
712643044478,6699
712643144380,6699
712643244282,6698
712643344184,6729
712643444086,6696
712643543988,6702
712643643890,6701
712643743792,6703
712643843694,6705
712643943596,6699
712644043498,6702
712644143400,6742
712644243302,6706
712644343204,6737
712644443106,6694
712644543008,6698
712644642910,6712
712644742812,6701
712644842714,6700
712644942616,6700
712645042518,6697
712645142420,6700
712645242322,6704
712645342224,6731
712645442126,6696
712645542028,6699
712645641930,6703
712645741832,6700
712645841734,6701
712645941636,6702
712646041538,6704
712646141440,6701
712646241342,6701
712646341244,6731
712646441146,6698
712646541048,6699
712646640950,6700
712646740852,6697
712646840754,6702
712646940656,6702
712647040558,6704
712647140460,6704
712647240362,6701
712647340264,6701
712647440166,6699
712647540068,6691
712647639970,6703
712647739872,6701
712647839774,6704
712647939676,6703
712648039578,6704
712648139480,42887
712648245528,12925
712648345430,6735
712648445332,6700
712648545234,6694
712648645136,6697
712648745038,6696
712648844940,6699
712648944842,6700
712649044744,6697
712649144646,6700
712649244548,6698
712649344450,6700
712649444352,6700
712649544254,6696
712649644156,6689
712649744058,6699
712649843960,6699
712649943862,6702
712650043764,6694
712650143666,6702
712650243568,6706
712650343470,6704
712650443372,6702
712650543274,6700
712650643176,6701
712650743079,6699
712650842981,6703
712650942883,6702
712651042785,6702
712651142687,6703
712651242589,6703
712651342491,6700
712651442393,6702
712651542295,6701
712651642197,6698
712651742099,6700
712651842004,6698
712651941906,6700
712652041808,6700
712652141710,6697
712652241612,6703
712652341514,6735
712652441416,6702
712652541318,6703
712652641220,6700
712652741122,6700
712652841024,6698
712652940926,6702
712653040829,6706
712653140731,6704
712653240633,6701
712653340535,6736
712653440437,6700
712653540339,6728
712653640241,6699
712653740157,6702
712653840059,6700
712653939961,6702
712654039863,6700
712654139765,6704
712654239668,6704
712654339570,6736
712654439472,6701
712654539374,6703
712654639276,6699
712654739178,6703
712654839080,6701
712654938982,6702
712655038884,6704
712655138786,6704
712655238688,6703
712655338590,6781
712655438492,6702
712655538394,6704
712655638296,6743
712655738198,6735
712655838100,6718
712655938004,6750
712656037906,6712
712656137808,6743
712656237710,6701
712656337613,6722
712656437515,6700
712656537417,6703
712656637319,6709
712656737221,6694
712656837123,6695
712656937025,6695
712657036927,6699
712657136829,6700
712657236731,6700
712657336633,6698
712657436535,6699
712657536437,6701
712657636339,6699
712657736241,6695
712657836143,6697
712657936045,6694
712658035947,6695
712658135849,11826
712658241891,12925
712658341793,6704
712658441695,6700
712658541597,6704
712658641499,6702
712658741402,6700
712658841304,6702
712658941206,6698
712659041108,6699
712659141010,6701
712659240912,6702
712659340814,6702
712659440716,6705
712659540618,6704
712659640520,6702
712659740422,6706
712659840324,6698
712659940226,6701
712660040128,6696
712660140030,6701
712660239932,6696
712660339834,6703
712660439736,6699
712660539638,6707
712660639540,6704
712660739442,6704
712660839344,6700
712660939246,6700
712661039148,6702
712661139050,6698
712661238952,6700
712661338854,6701
712661438756,6701
712661538658,6703
712661638560,6701
712661738462,6703
712661838364,6703
712661938266,6701
712662038168,6697
712662138070,6698
712662237972,6704
712662337874,6701
712662437776,6701
712662537678,6704
712662637580,6703
712662737482,6700
712662837384,6703
712662937286,6694
712663037188,6696
712663137090,6695
712663236992,6697
712663336894,6696
712663436796,6698
712663536698,6701
712663636600,6696
712663736502,6700
712663836404,6700
712663936306,6700
712664036208,6694
712664136110,6695
712664236012,6695
712664335914,6696
712664435816,6689
712664535718,6697
712664635620,6699
712664735522,6700
712664835424,6700
712664935326,6699
712665035228,6699
712665135130,6697
712665235032,6699
712665334934,6701
712665434836,6701
712665534738,6702
712665634640,6700
712665734542,6700
712665834444,6699
712665934346,6701
712666034248,6696
712666134150,6696
712666234052,6695
712666333954,6701
712666433856,6701
712666533758,6703
712666633660,6707
712666733562,6700
712666833464,6702
712666933366,6705
712667033268,6697
712667133170,6701
712667233072,6703
712667332974,6699
712667432876,6701
712667532778,6702
712667632680,6702
712667732582,6700
712667832484,6706
712667932386,6705
712668032288,6701
712668132190,6736
712668238282,12969
712668338184,6736
712668438086,6699
712668537988,6701
712668637890,6711
712668737792,6705
712668837694,6704
712668937596,6701
712669037498,6704
712669137400,6701
712669237302,6696
712669337204,6697
712669437106,6697
712669537008,6720
712669636910,6699
712669736812,6698
712669836714,6699
712669936616,6698
712670036518,6699
712670136420,6698
712670236322,6702
712670336224,6697
712670436126,6695
712670536028,6698
712670635930,6700
712670735832,6698
712670835734,6697
712670935636,6698
712671035538,6699
712671135440,6700
712671235342,6697
712671335244,6693
712671435146,6695
712671535048,6698
712671634950,6699
712671734852,6692
712671834754,6693
712671934656,6699
712672034558,6698
712672134460,6699
712672234362,6700
712672334264,6696
712672434166,6695
712672534068,6695
712672633970,6694
712672733872,6702
712672833774,6702
712672933676,6699
712673033578,6702
712673133480,6702
712673233382,6702
712673333284,6700
712673433186,6699
712673533088,6698
712673632990,6704
712673732892,6699
712673832794,6704
712673932696,6703
712674032598,6701
712674132500,6697
712674232402,6704
712674332304,6702
712674432206,6700
712674532108,6736
712674632010,6699
712674731912,6705
712674831814,6700
712674931716,6706
712675031618,6703
712675131520,6700
712675231422,6797
712675331324,6702
712675431226,6698
712675531128,6699
712675631030,6697
712675730932,6814
712675830834,6705
712675930736,6702
712676030638,6698
712676130540,6702
712676230442,6702
712676330344,6702
712676430267,6698
712676530169,6698
712676630071,6700
712676729973,6702
712676829875,6700
712676929777,6701
712677029679,6704
712677129581,6702
712677229483,6699
712677329385,6703
712677429287,6692
712677529189,6699
712677629091,6699
712677728993,6703
712677828895,6702
712677928797,6700
712678028699,6706
712678128601,6704
712678234648,12925
712678334550,6701
712678434452,6698
712678534354,6700
712678634256,6698
712678734159,6697
712678834061,6694
712678933963,6700
712679033865,6701
712679133767,6700
712679233669,6701
712679333571,6704
712679433473,6703
712679533375,6704
712679633277,6698
712679733179,6695
712679833081,6699
712679932983,6702
712680032885,6703
712680132787,6738
712680232689,6705
712680332591,6710
712680432493,6703
712680532395,6702
712680632297,6700
712680732200,6700
712680832102,6703
712680932004,6697
712681031906,6710
712681131808,6701
712681231710,6703
712681331612,6701
712681431514,6702
712681531416,6706
712681631318,6705
712681731220,6795
712681831122,6700
712681931024,6699
712682030926,6701
712682130828,6705
712682230730,6978
712682330632,6967
712682430534,6700
712682530436,6703
712682630338,6700
712682730240,6701
712682830142,6700
712682930044,6698
712683029946,6703
712683129848,6703
712683229750,6704
712683329652,6703
712683429554,6704
712683529456,6702
712683629358,6815
712683729261,6721
712683829163,6701
712683929065,6698
712684028967,6701
712684128869,6704
712684228771,6705
712684328673,6697
712684428575,6705
712684528477,6704
712684628379,6701
712684728282,6704
712684828184,6698
712684928086,6700
712685027988,6701
712685127890,6707
712685227792,6701
712685327694,6701
712685427596,6704
712685527498,6708
712685627400,6704
712685727302,6696
712685827204,6695
712685927106,6697
712686027008,6694
712686126910,6702
712686226812,6698
712686326714,6699
712686426616,6702
712686526518,6704
712686626420,6696
712686726322,6701
712686826224,6697
712686926126,6692
712687026028,6685
712687125930,6700
712687225832,6697
712687325734,6694
712687425636,6698
712687525538,6700
712687625440,6698
712687725342,6696
712687825244,6695
712687925146,6694
712688025048,6692
712688124950,6699
712688231006,12928
712688330908,6703
712688430810,6701
712688530713,6703
712688630615,6701
712688730518,6889
712688830420,6701
712688930322,6702
712689030224,6699
712689130126,6699
712689230028,6698
712689329930,6701
712689429832,6700
712689529734,6706
712689629637,6700
712689729539,6704
712689829441,6702
712689929343,6702
712690029245,6696
712690129147,6701
712690229049,6692
712690328951,6703
712690428853,6701
712690528755,6702
712690628657,6701
712690728560,6703
712690828462,6702
712690928364,6701
712691028266,6698
712691128168,6695
712691228070,6697
712691327972,6700
712691427875,6701
712691527777,6706
712691627679,6710
712691727581,6704
712691827483,6702
712691927385,6705
712692027287,6697
712692127189,6704
712692227092,6695
712692326994,6698
712692426896,6700
712692526798,6711
712692626700,6696
712692726602,6700
712692826504,6699
712692926406,6697
712693026308,6697
712693126210,6700
712693226112,6689
712693326014,6695
712693425916,6699
712693525818,6701
712693625720,6698
712693725622,6732
712693825524,6692
712693925426,6698
712694025328,6701
712694125230,6701
712694225132,6697
712694325034,6698
712694424936,6699
712694524838,6700
712694624740,6698
712694724643,6698
712694824545,6696
712694924447,6699
712695024349,6697
712695124251,6703
712695224153,6695
712695324055,6694
712695423957,6701
712695523859,6706
712695623761,6697
712695723663,6738
712695823565,6704
712695923467,6697
712696023369,6702
712696123271,6699
712696223173,6697
712696323075,6700
712696422977,6702
712696522879,6706
712696622781,6702
712696722683,6737
712696822585,6701
712696922487,6702
712697022389,6724
712697122291,6705
712697222193,6697
712697322095,6701
712697421997,6704
712697521899,6705
712697621801,6701
712697721703,6703
712697821605,6702
712697921507,6702
712698021409,6700
712698121311,6706
712698227361,12929
712698327263,6698
712698427165,6695
712698527067,6702
712698626969,6699
712698726871,6696
712698826773,6696
712698926675,6700
712699026577,6696
712699126479,6700
712699226398,6700
712699326300,6694
712699426202,6696
712699526104,6699
712699626006,6694
712699725908,6694
712699825810,6698
712699925712,6696
712700025614,6698
712700125516,6700
712700225418,6698
712700325320,6699
712700425222,6696
712700525124,6703
712700625026,6694
712700724929,6699
712700824831,6700
712700924733,6698
712701024635,6699
712701124537,6702
712701224439,6694
712701324341,6699
712701424243,6695
712701524145,6697
712701624047,6695
712701723949,6705
712701823851,6697
712701923753,6704
712702023655,6712
712702123557,6704
712702223459,6701
712702323361,6713
712702423263,6699
712702523165,6700
712702623067,6699
712702722970,6758
712702822872,6702
712702922775,6705
712703022677,6702
712703122579,6706
712703222481,6702
712703322383,6704
712703422285,6699
712703522187,6702
712703622089,6697
712703721991,6738
712703821893,6700
712703921795,6702
712704021697,6703
712704121599,6700
712704221501,6702
712704321403,6735
712704421305,6702
712704521207,6698
712704621109,6702
712704721012,6735
712704820914,6702
712704920816,6703
712705020718,6701
712705120620,6699
712705220522,6703
712705320424,6704
712705420326,6705
712705520228,6699
712705620130,6702
712705720032,6735
712705819934,6702
712705919836,6702
712706019738,6701
712706119640,6701
712706219542,6702
712706319444,6699
712706419346,6703
712706519248,6741
712706619150,6696
712706719052,6739
712706818954,6738
712706918856,6737
712707018758,6718
712707118660,6753
712707218562,6708
712707318464,6708
712707418366,6700
712707518268,6700
712707618170,6698
712707718072,6733
712707817974,6700
712707917876,6703
712708017778,6702
712708117680,6703
712708223725,12928
712708323627,6699
712708423529,6706
712708523431,6705
712708623333,6700
712708723235,6699
712708823137,6700
712708923039,6698
712709022941,6702
712709122843,6704
712709222745,6699
712709322647,6700
712709422549,6700
712709522451,6707
712709622353,6703
712709722255,6697
712709822157,6702
712709922059,6697
712710021961,6700
712710121863,6706
712710221765,6702
712710321667,6703
712710421569,6701
712710521471,6707
712710621373,6703
712710721275,6700
712710821177,6698
712710921079,6698
712711020981,6703
712711120883,6700
712711220785,6701
712711320687,6700
712711420589,6702
712711520491,6699
712711620393,6698
712711720295,6694
712711820197,6699
712711920099,6696
712712020004,6708
712712119906,6703
712712219808,6702
712712319710,6703
712712419612,6702
712712519514,6705
712712619416,6706
712712719319,6700
712712819221,6701
712712919123,6701
712713019025,6696
712713118927,6703
712713218829,6702
712713318731,6704
712713418633,6701
712713518535,6703
712713618437,6701
712713718339,6703
712713818241,6697
712713918143,6721
712714018045,6696
712714117947,6703
712714217849,6700
712714317751,6701
712714417653,6702
712714517555,6705
712714617457,6705
712714717359,6722
712714817261,6701
712714917163,6696
712715017065,6696
712715116967,6699
712715216869,6697
712715316771,6696
712715416673,6701
712715516575,6698
712715616477,6693
712715716379,6698
712715816281,6691
712715916183,6697
712716016085,6698
712716115987,6698
712716215889,6700
712716315791,6741
712716415693,6698
712716515595,6699
712716615497,6700
712716715399,6696
712716815301,6695
712716915203,6695
712717015105,6696
712717115007,6692
712717214909,6698
712717314811,6699
712717414713,6699
712717514615,6700
712717614517,6699
712717714419,6702
712717814321,6700
712717914223,6694
712718014125,6695
712718114027,6697
712718220089,12939
712718319991,6701
712718419893,6702
712718519795,6704
712718619697,6702
712718719599,6738
712718819501,6697
712718919403,6699
712719019305,6700
712719119207,6700
712719219109,6698
712719319011,6701
712719418913,6699
712719518815,6701
712719618717,6702
712719718619,6705
712719818521,6701
712719918423,6699
712720018325,6704
712720118227,6699
712720218129,6698
712720318031,6700
712720417933,6700
712720517835,6700
712720617737,6703
712720717639,6701
712720817541,6702
712720917443,6697
712721017345,6701
712721117247,6697
712721217149,6691
712721317051,6695
712721416953,6735
712721516855,6698
712721616757,6701
712721716659,6701
712721816561,6700
712721916481,6703
712722016383,6699
712722116285,6695
712722216187,6695
712722316089,6695
712722415991,6700
712722515893,6693
712722615795,6722
712722715697,6697
712722815599,6698
712722915501,6700
712723015403,6698
712723115305,6695
712723215207,6715
712723315109,6694
712723415011,6697
712723514913,6695
712723614815,6695
712723714717,6698
712723814619,6695
712723914521,6692
712724014424,6694
712724114326,6697
712724214228,6699
712724314130,6698
712724414032,6695
712724513934,6702
712724613836,6702
712724713738,6723
712724813640,6703
712724913542,6701
712725013444,6703
712725113346,6702
712725213248,6696
712725313150,6699
712725413052,6701
712725512954,6704
712725612856,6701
712725712758,6703
712725812661,6698
712725912563,6702
712726012465,6701
712726112367,6707
712726212269,6698
712726312171,6699
712726412074,6700
712726511976,6778
712726611878,6702
712726711781,6701
712726811683,6700
712726911585,6702
712727011487,6736
712727111389,6701
712727211291,6694
712727311193,6697
712727411095,6698
712727510997,6702
712727610899,6701
712727710801,6703
712727810703,6703
712727910605,6702
712728010507,6702
712728110409,6704
712728216472,12938
712728316374,6734
712728416276,6697
712728516178,6697
712728616080,6693
712728715982,6700
712728815884,6698
712728915786,6697
712729015688,6700
712729115590,6699
712729215492,6700
712729315394,6698
712729415296,6691
712729515198,6695
712729615100,6692
712729715004,6691
712729814906,6699
712729914808,6697
712730014710,6695
712730114612,6701
712730214514,6698
712730314416,6694
712730414318,6699
712730514220,6692
712730614122,6696
712730714024,6695
712730813926,6698
712730913828,6702
712731013730,6701
712731113632,6702
712731213534,6702
712731313436,6703
712731413338,6702
712731513240,6701
712731613142,6700
712731713044,6699
712731812946,6703
712731912848,6702
712732012750,6703
712732112652,6702
712732212554,6702
712732312456,6702
712732412358,6702
712732512261,6733
712732612163,6701
712732712066,6699
712732811968,6703
712732911870,6698
712733011772,6736
712733111674,6701
712733211576,6701
712733311478,6703
712733411380,6705
712733511282,6699
712733611184,6700
712733711086,6700
712733810988,6700
712733910890,6703
712734010792,6719
712734110694,6698
712734210596,6699
712734310498,6701
712734410400,6703
712734510302,6704
712734610204,6699
712734710107,6700
712734810009,6697
712734909911,6702
712735009813,6706
712735109715,6704
712735209617,6700
712735309519,6701
712735409421,6703
712735509323,6701
712735609225,6696
712735709127,6693
712735809029,6699
712735908931,6701
712736008833,6706
712736108735,6697
712736208637,6702
712736308539,6704
712736408441,6701
712736508343,6753
712736608245,6699
712736708148,6699
712736808050,6698
712736907952,6701
712737007854,6773
712737107756,6701
712737207658,6694
712737307560,6701
712737407462,6701
712737507364,6772
712737607266,6695
712737707168,6692
712737807070,6697
712737906972,6698
712738006874,6775
712738106776,6699
712738212821,12925
712738312723,6738
712738412625,6703
712738512527,6704
712738612429,6699
712738712331,6701
712738812233,6699
712738912135,6697
712739012037,6757
712739111939,6702
712739211841,6701
712739311743,6695
712739411645,6702
712739511547,6704
712739611449,6703
712739711351,6704
712739811253,6699
712739911155,6884
712740011057,6702
712740110959,6700
712740210861,6704
712740310763,6736
712740410665,6702
712740510567,6704
712740610469,6704
712740710372,6703
712740810274,6700
712740910176,6698
712741010078,6735
712741109980,6700
712741209882,6703
712741309784,6702
712741409686,6702
712741509588,6702
712741609490,6702
712741709392,6702
712741809294,6700
712741909196,6700
712742009098,6700
712742109004,6699
712742208907,6973
712742308809,6971
712742408711,6705
712742508613,6737
712742608515,6702
712742708418,6703
712742808320,6708
712742908222,6701
712743008124,6769
712743108026,6700
712743207928,6702
712743307830,6698
712743407732,6702
712743507634,6776
712743607536,6705
712743707439,6705
712743807341,6703
712743907243,6694
712744007145,6773
712744107047,6695
712744206949,6696
712744306851,6696
712744406753,6700
712744506655,6773
712744606557,6699
712744706476,6698
712744806378,6700
712744906280,6697
712745006182,6732
712745106084,6700
712745205986,6698
712745305888,6700
712745405790,6697
712745505692,6700
712745605594,6699
712745705496,6701
712745805398,6697
712745905300,6691
712746005202,6695
712746105104,6696
712746205006,6694
712746304908,6697
712746404810,6699
712746504713,6695
712746604615,6701
712746704517,6702
712746804419,6696
712746904321,6698
712747004223,6691
712747104125,6693
712747204027,6693
712747303929,6697
712747403831,6701
712747503733,6705
712747603635,6699
712747703537,6712
712747803439,6698
712747903341,6695
712748003243,6697
712748103145,6699
712748209198,12927
712748309100,6696
712748409004,6699
712748508906,6752
712748608808,6703
712748708710,6703
712748808612,6704
712748908514,6702
712749008416,6776
712749108318,6702
712749208220,6697
712749308122,6701
712749408024,6701
712749507926,6772
712749607828,6702
712749707730,6705
712749807632,6705
712749907534,6701
712750007436,6780
712750107338,6704
712750207240,6697
712750307142,6694
712750407044,6698
712750506946,6770
712750606848,6698
712750706751,6701
712750806653,6697
712750906555,6698
712751006457,6734
712751106359,6700
712751206261,6696
712751306163,6696
712751406065,6697
712751505968,6700
712751605870,6698
712751705772,6701
712751805674,6698
712751905576,6698
712752005478,6695
712752105380,6701
712752205282,6697
712752305184,6697
712752405086,6696
712752504988,6697
712752604890,6699
712752704793,6700
712752804695,6698
712752904597,6701
712753004499,6700
712753104401,6698
712753204303,6700
712753304205,6695
712753404107,6697
712753504009,6696
712753603911,6703
712753703813,6713
712753803715,6703
712753903617,6696
712754003519,6702
712754103421,6695
712754203323,6712
712754303225,6696
712754403127,6702
712754503029,6700
712754602931,6702
712754702833,6722
712754802735,6702
712754902637,6701
712755002539,6702
712755102441,6703
712755202343,6715
712755302245,6702
712755402147,6699
712755502049,6698
712755601951,6701
712755701853,6716
712755801755,6699
712755901657,6708
712756001559,6700
712756101461,6700
712756201363,6715
712756301265,6698
712756401167,6698
712756501069,6700
712756600971,6703
712756700873,6760
712756800775,6704
712756900677,6702
712757000579,6701
712757100481,6704
712757200383,6715
712757300285,6698
712757400187,6700
712757500089,6701
712757599991,6701
712757699893,6762
712757799795,6703
712757899697,6704
712757999599,6742
712758099501,6741
712758205552,12943
712758305454,6750
712758405357,6706
712758505259,6698
712758605161,6696
712758705064,6694
712758804966,6698
712758904868,6697
712759004770,6700
712759104672,6697
712759204574,6697
712759304476,6698
712759404378,6701
712759504280,6693
712759604182,6694
712759704084,6695
712759803986,6699
712759903888,6698
712760003790,6697
712760103692,6704
712760203594,6713
712760303496,6703
712760403398,6702
712760503300,6699
712760603202,6699
712760703104,6721
712760803006,6700
712760902908,6701
712761002810,6700
712761102712,6703
712761202614,6716
712761302516,6703
712761402418,6740
712761502320,6705
712761602222,6702
712761702124,6772
712761802026,6703
712761901928,6702
712762001830,6703
712762101732,6703
712762201634,6714
712762301536,6701
712762401439,6728
712762501341,6700
712762601243,6700
712762701146,6745
712762801048,6697
712762900950,6699
712763000852,6703
712763100754,6704
712763200656,6715
712763300558,6702
712763400460,6739
712763500362,6704
712763600264,6700
712763700166,6715
712763800068,6700
712763899970,6703
712763999872,6704
712764099774,6702
712764199676,6714
712764299578,6701
712764399480,6736
712764499382,6703
712764599284,6699
712764699186,6756
712764799088,6696
712764898990,6696
712764998892,6700
712765098794,6708
712765198696,6715
712765298598,6701
712765398500,6741
712765498402,6703
712765598304,6702
712765698206,6712
712765798108,6698
712765898010,6696
712765997912,6699
712766097814,6699
712766197716,6717
712766297618,6702
712766397520,6737
712766497422,6701
712766597324,6703
712766697226,6769
712766797128,6695
712766897030,6696
712766996932,6701
712767096834,6698
712767196736,6696
712767296638,6699
712767396555,6699
712767496457,6699
712767596359,6700
712767696261,6695
712767796163,6696
712767896065,6694
712767995967,6699
712768095869,6700
712768201913,12942
712768301815,6700
712768401717,6697
712768501619,6705
712768601521,6703
712768701424,6736
712768801326,6700
712768901228,6697
712769001130,6693
712769101032,6697
712769200934,6715
712769300836,6703
712769400738,6702
712769500640,6702
712769600542,6705
712769700444,6720
712769800346,6700
712769900248,6697
712770000150,6722
712770100052,6698
712770199954,6715
712770299856,6700
712770399758,6700
712770499660,6709
712770599562,6701
712770699464,6760
712770799366,6706
712770899268,6700
712770999170,6700
712771099072,6697
712771198974,6715
712771298876,6700
712771398778,6700
712771498680,6700
712771598582,6698
712771698484,6715
712771798386,6700
712771898288,6695
712771998190,6699
712772098092,6698
712772197994,6736
712772297896,6702
712772397798,6739
712772497700,6702
712772597602,6700
712772697504,6797
712772797406,6700
712772897308,6701
712772997210,6696
712773097112,6695
712773197014,6689
712773296916,6696
712773396818,6731
712773496720,6699
712773596622,6698
712773696524,6698
712773796426,6701
712773896328,6696
712773996230,6696
712774096132,6716
712774196034,6697
712774295936,6700
712774395838,6733
712774495740,6703
712774595642,6700
712774695545,6786
712774795447,6697
712774895349,6699
712774995251,6730
712775095153,6699
712775195055,6697
712775294957,6698
712775394859,6712
712775494761,6702
712775594663,6696
712775694565,6697
712775794467,6735
712775894369,6696
712775994271,6697
712776094173,6694
712776194075,6695
712776293977,6701
712776393879,6698
712776493781,6701
712776593683,6702
712776693585,6786
712776793487,6703
712776893389,6701
712776993291,6699
712777093193,6702
712777193095,6697
712777292997,6707
712777392899,6704
712777492801,6701
712777592703,6703
712777692605,6702
712777792507,6702
712777892409,6739
712777992311,6702
712778092213,6699
712778198268,12971
712778298170,6700
712778398072,6701
712778497974,6700
712778597876,6701
712778697778,6796
712778797680,6700
712778897582,6703
712778997484,6703
712779097386,6701
712779197288,6693
712779297190,6697
712779397092,6698
712779496994,6701
712779596896,6697
712779696798,6696
712779796700,6698
712779896602,6700
712779996504,6696
712780096406,6698
712780196309,6699
712780296211,6694
712780396113,6692
712780496015,6699
712780595917,6699
712780695819,6774
712780795721,6699
712780895623,6698
712780995525,6699
712781095427,6699
712781195329,6697
712781295231,6698
712781395133,6695
712781495035,6731
712781594937,6695
712781694839,6697
712781794741,6698
712781894643,6697
712781994545,6699
712782094447,6699
712782194349,6699
712782294251,6694
712782394153,6699
712782494055,6693
712782593957,6700
712782693859,6772
712782793761,6701
712782893663,6703
712782993565,6702
712783093467,6699
712783193369,6704
712783293271,6699
712783393173,6698
712783493075,6699
712783592977,6700
712783692879,6701
712783792781,6701
712783892683,6702
712783992585,6704
712784092487,6701
712784192389,6702
712784292291,6701
712784392193,6700
712784492095,6700
712784591997,6705
712784691899,6812
712784791801,6698
712784891703,6701
712784991605,6704
712785091507,6709
712785191409,6701
712785291311,6701
712785391213,6697
712785491115,6700
712785591017,6700
712785690919,6701
712785790821,6737
712785890723,6702
712785990625,6737
712786090527,6698
712786190429,6702
712786290331,6703
712786390233,6704
712786490135,6699
712786590037,6702
712786689939,6774
712786789841,6705
712786889743,6700
712786989645,6738
712787089547,6703
712787189449,6700
712787289351,6703
712787389253,6698
712787489155,6702
712787589057,6697
712787688960,6698
712787788862,6704
712787888764,6702
712787988666,6698
712788088568,6702
712788194617,12925
712788294519,6701
712788394421,6696
712788494323,6700
712788594225,6697
712788694127,6769
712788794029,6694
712788893931,6705
712788993833,6739
712789093735,6704
712789193637,6700
712789293539,6704
712789393441,6703
712789493343,6703
712789593245,6695
712789693147,6703
712789793049,6698
712789892951,6699
712789992853,6738
712790092770,6705
712790192672,6703
712790292574,6698
712790392476,6700
712790492378,6703
712790592280,6699
712790692183,6793
712790792085,6697
712790891987,6702
712790991889,6738
712791091791,6884
712791191693,6705
712791291595,6699
712791391497,6704
712791491399,6725
712791591301,6697
712791691203,6700
712791791105,6700
712791891007,6703
712791990909,6702
712792090811,6703
712792190713,6703
712792290615,6702
712792390517,6702
712792490419,6704
712792590321,6702
712792690223,6769
712792790125,6702
712792890027,6696
712792989929,6701
712793089831,6705
712793189733,6702
712793289635,6701
712793389537,6701
712793489439,6703
712793589341,6702
712793689243,6702
712793789145,6699
712793889047,6697
712793988949,6708
712794088851,6705
712794188753,6704
712794288655,6702
712794388557,6702
712794488459,6703
712794588361,6703
712794688263,6776
712794788165,6701
712794888067,6701
712794987970,6703
712795087872,6847
712795187774,6706
712795287676,6700
712795387578,6700
712795487480,6701
712795587382,6698
712795687284,6693
712795787186,6695
712795887088,6694
712795986991,6708
712796086893,6698
712796186795,6700
712796286697,6705
712796386599,6701
712796486501,6700
712796586403,6698
712796686305,6769
712796786207,6692
712796886109,6697
712796986011,6697
712797085913,6700
712797185815,6698
712797285717,6699
712797385619,6702
712797485522,6709
712797585424,6700
712797685326,6699
712797785228,6693
712797885130,6695
712797985032,6696
712798084934,6698
712798190982,12939
712798290884,6702
712798390786,6699
712798490688,6704
712798590590,6702
712798690492,6776
712798790394,6700
712798890296,6697
712798990198,6733
712799090100,6699
712799190004,6699
712799289906,6701
712799389808,6703
712799489710,6703
712799589612,6698
712799689514,6702
712799789416,6704
712799889318,6702
712799989220,6717
712800089122,6701
712800189024,6701
712800288926,6702
712800388828,6701
712800488730,6705
712800588632,6703
712800688534,6814
712800788436,6701
712800888338,6701
712800988240,6698
712801088142,6713
712801188044,6699
712801287946,6702
712801387848,6705
712801487750,6703
712801587652,6703
712801687554,6700
712801787456,6698
712801887358,6700
712801987260,6695
712802087162,6696
712802187064,6966
712802286966,6963
712802386868,6693
712802486770,6698
712802586672,6703
712802686574,6772
712802786476,6697
712802886378,6698
712802986280,6696
712803086182,6697
712803186084,6693
712803285986,6698
712803385888,6710
712803485790,6700
712803585692,6697
712803685595,6696
712803785497,6700
712803885399,6695
712803985301,6695
712804085203,6696
712804185105,6695
712804285007,6693
712804384909,6699
712804484811,6699
712804584713,6698
712804684615,6736
712804784517,6700
712804884419,6700
712804984321,6699
712805084223,6953
712805184125,6689
712805284027,6698
712805383929,6704
712805483831,6703
712805583733,6701
712805683635,6700
712805783537,6704
712805883439,6699
712805983341,6702
712806083243,6699
712806183145,6694
712806283047,6695
712806382949,6699
712806482851,6703
712806582753,6703
712806682655,6722
712806782557,6699
712806882459,6701
712806982361,6701
712807082263,6701
712807182165,6699
712807282067,6697
712807381969,6702
712807481871,6701
712807581773,6702
712807681675,6701
712807781577,6702
712807881479,6702
712807981381,6702
712808081283,6699
712808187336,12930
712808287238,6696
712808387140,6693
712808487042,6694
712808586944,6700
712808686846,6772
712808786748,6701
712808886650,6736
712808986552,6699
712809086454,6705
712809186356,6735
712809286258,6731
712809386160,6713
712809486062,6751
712809585964,6708
712809685866,6704
712809785768,6695
712809885670,6701
712809985572,6697
712810085474,6698
712810185376,6698
712810285278,6696
712810385180,6695
712810485082,6696
712810584984,6701
712810684886,6735
712810784788,6699
712810884690,6698
712810984592,6705
712811084494,6699
712811184396,6697
712811284298,6695
712811384200,6697
712811484102,6700
712811584006,6693
712811683908,6703
712811783810,6700
712811883712,6701
712811983614,6695
712812083516,6702
712812183418,6703
712812283320,6703
712812383222,6703
712812483124,6701
712812583026,6698
712812682928,6740
712812782830,6700
712812882748,6706
712812982650,6702
712813082552,6700
712813182454,6702
712813282356,6703
712813382258,6698
712813482160,6702
712813582062,6696
712813681964,6701
712813781866,6704
712813881768,6703
712813981670,6702
712814081572,6702
712814181474,6699
712814281376,6700
712814381278,6700
712814481180,6715
712814581082,6702
712814680985,6728
712814780887,6704
712814880789,6703
712814980691,6701
712815080593,6880
712815180495,6703
712815280397,6704
712815380299,6704
712815480201,6699
712815580103,6698
712815680005,6701
712815779907,6701
712815879809,6700
712815979711,6702
712816079613,6703
712816179515,6702
712816279417,6703
712816379319,6702
712816479221,6697
712816579123,6700
712816679026,6699
712816778928,6703
712816878830,6701
712816978732,6700
712817078634,6703
712817178536,6702
712817278438,6702
712817378340,6698
712817478242,6698
712817578144,6696
712817678046,6732
712817777948,6703
712817877850,6703
712817977752,7030
712818077654,6699
712818183699,12868
712818283601,6699
712818383503,6740
712818483405,6701
712818583307,6705
712818683209,6735
712818783111,6698
712818883013,6698
712818982915,6703
712819082817,6703
712819182719,6706
712819282621,6701
712819382523,6700
712819482425,6701
712819582327,6703
712819682229,6701
712819782131,6700
712819882033,6698
712819981935,6703
712820081837,6698
712820181739,6699
712820281641,6701
712820381543,6702
712820481445,6703
712820581347,6704
712820681249,6700
712820781151,6699
712820881053,6698
712820980955,6702
712821080857,6702
712821180759,6701
712821280661,6701
712821380563,6705
712821480465,6702
712821580367,6702
712821680269,6698
712821780171,6698
712821880073,6697
712821979975,6698
712822079877,6703
712822179779,6703
712822279681,6701
712822379583,6704
712822479485,6700
712822579387,6702
712822679289,6702
712822779191,6699
712822879093,6699
712822978995,6703
712823078897,6704
712823178799,6702
712823278701,6698
712823378603,6703
712823478505,6736
712823578407,6705
712823678309,6703
712823778211,6699
712823878113,6700
712823978015,6697
712824077917,6704
712824177819,6703
712824277721,6699
712824377623,6704
712824477525,6734
712824577427,6703
712824677329,6702
712824777231,6690
712824877133,6717
712824977035,6695
712825076937,6726
712825176839,6699
712825276741,6701
712825376643,6701
712825476545,6696
712825576447,6700
712825676349,6698
712825776251,6701
712825876153,6694
712825976055,6698
712826075957,6700
712826175859,6698
712826275761,6697
712826375663,6700
712826475565,6703
712826575467,6700
712826675369,6702
712826775271,6696
712826875173,6697
712826975075,6694
712827074977,6698
712827174879,6693
712827274781,6703
712827374683,6700
712827474585,6702
712827574487,6701
712827674389,6736
712827774291,6694
712827874193,6694
712827974095,6698
712828073997,6703
712828180041,13006
712828279943,6703
712828379845,6703
712828479747,6704
712828579650,6741
712828679552,6705
712828779454,6702
712828879356,6705
712828979258,6698
712829079160,6701
712829179062,6699
712829278964,6703
712829378867,6704
712829478769,6704
712829578671,6700
712829678573,6704
712829778475,6700
712829878377,6702
712829978279,6701
712830078182,6701
712830178084,6699
712830277986,6703
712830377888,6698
712830477790,6703
712830577692,6701
712830677594,6702
712830777496,6701
712830877398,6702
712830977300,6693
712831077202,6697
712831177104,6698
712831277006,6694
712831376908,6701
712831476810,6699
712831576712,6699
712831676614,6700
712831776516,6703
712831876418,6700
712831976320,6700
712832076222,6696
712832176124,6689
712832276026,6696
712832375928,6700
712832475830,6695
712832575732,6698
712832675635,6699
712832775537,6698
712832875439,6700
712832975341,6699
712833075243,6695
712833175145,6696
712833275047,6695
712833374949,6696
712833474851,6699
712833574753,6701
712833674655,6699
712833774557,6697
712833874459,6701
712833974361,6700
712834074263,6697
712834174165,6698
712834274067,6697
712834373969,6701
712834473871,6704
712834573773,6701
712834673675,6704
712834773577,6700
712834873479,6707
712834973381,6703
712835073283,6700
712835173185,6699
712835273087,6697
712835372989,6702
712835472891,6704
712835572806,6709
712835672708,6701
712835772610,6704
712835872512,6703
712835972414,6704
712836072316,6705
712836172218,6697
712836272120,6699
712836372022,6701
712836471924,6704
712836571826,6702
712836671728,6704
712836771630,6702
712836871532,6704
712836971434,6702
712837071336,6702
712837171238,6698
712837271140,6700
712837371042,6701
712837470944,6704
712837570846,6703
712837670748,6702
712837770650,6702
712837870552,6702
712837970454,6704
712838070356,6707
712838176456,12976
712838276358,6703
712838376260,6698
712838476162,6697
712838576064,6731
712838675966,6734
712838775868,6701
712838875770,6700
712838975672,6700
712839075574,6699
712839175476,6700
712839275378,6700
712839375280,6695
712839475182,6697
712839575084,6732
712839674986,6703
712839774888,6701
712839874790,6700
712839974692,6696
712840074594,6700
712840174496,6700
712840274398,6700
712840374300,6696
712840474202,6697
712840574104,6698
712840674007,6702
712840773909,6702
712840873811,6700
712840973713,6701
712841073615,6702
712841173517,6699
712841273419,6705
712841373321,6704
712841473223,6702
712841573125,6698
712841673027,6702
712841772929,6705
712841872831,6703
712841972733,6700
712842072635,6702
712842172537,6704
712842272439,6887
712842372341,6702
712842472243,6698
712842572145,6699
712842672047,6702
712842771949,6701
712842871851,6704
712842971753,6701
712843071655,6704
712843171557,6703
712843271459,6702
712843371361,6704
712843471263,6699
712843571165,6696
712843671067,6699
712843770969,6699
712843870871,6702
712843970773,6702
712844070675,6707
712844170577,6706
712844270479,6704
712844370381,6700
712844470283,6701
712844570185,6736
712844670087,6702
712844769989,6703
712844869891,6701
712844969793,6703
712845069695,6707
712845169597,6706
712845269499,6700
712845369401,6771
712845469303,6706
712845569205,6735
712845669107,6698
712845769009,6699
712845868911,6702
712845968813,6703
712846068715,6705
712846168617,6702
712846268519,6702
712846368421,6776
712846468323,6702
712846568225,6737
712846668127,6717
712846768029,6701
712846867931,6702
712846967833,6705
712847067735,6709
712847167637,6704
712847267539,6724
712847367441,6775
712847467343,6740
712847567245,6696
712847667147,6699
712847767049,6698
712847866951,6698
712847966853,6735
712848066755,6704
712848172839,12967
712848272741,6705
712848372643,6704
712848472545,6706
712848572447,6709
712848672349,6739
712848772251,6700
712848872153,6702
712848972055,6695
712849071957,6702
712849171859,6740
712849271761,6704
712849371663,6704
712849471565,6708
712849571467,6724
712849671369,6701
712849771271,6699
712849871173,6699
712849971075,6693
712850070977,6706
712850170879,6704
712850270781,6704
712850370683,6719
712850470585,6703
712850570487,6704
712850670389,6705
712850770291,6697
712850870193,6699
712850970095,6700
712851069997,6707
712851169899,6702
712851269801,6698
712851369703,6752
712851469605,6703
712851569507,6703
712851669409,6704
712851769311,6701
712851869213,6701
712851969115,6700
712852069017,6703
712852168919,6705
712852268821,6702
712852368723,6773
712852468625,6702
712852568527,6703
712852668429,6704
712852768331,6706
712852868233,6695
712852968135,6694
712853068037,6703
712853167939,6700
712853267841,6701
712853367743,6775
712853467645,6742
712853567547,6704
712853667449,6703
712853767351,6704
712853867253,6697
712853967155,6693
712854067057,6701
712854166959,6699
712854266861,6699
712854366763,6774
712854466665,6704
712854566567,6699
712854666469,6712
712854766371,6701
712854866273,6693
712854966175,6699
712855066077,6697
712855165979,6701
712855265881,6697
712855365783,6775
712855465685,6696
712855565587,6694
712855665489,6700
712855765391,6698
712855865293,6696
712855965195,6721
712856065097,6700
712856164999,6699
712856264901,6700
712856364803,6772
712856464705,6699
712856564607,6698
712856664509,6743
712856764411,6697
712856864313,6698
712856964215,6697
712857064117,6695
712857164019,6695
712857263921,6703
712857363823,6772
712857463725,6702
712857563627,6702
712857663529,6700
712857763431,6702
712857863333,6701
712857963235,6701
712858063137,6697
