724468321791,3225
724468421706,839
724468521608,840
724468621512,839
724468721416,840
724468821318,839
724468921220,839
724469021122,835
724469121024,834
724469220926,839
724469320828,838
724469420730,838
724469520632,838
724469620534,839
724469720436,839
724469820338,838
724469920240,839
724470020142,833
724470120044,835
724470219946,838
724470319848,839
724470419750,838
724470519652,839
724470619554,838
724470719458,838
724470819360,838
724470919262,839
724471019164,835
724471119066,836
724471218968,839
724471318870,839
724471418772,839
724471518674,839
724471618576,839
724471718478,839
724471818380,839
724471918282,838
724472018184,839
724472118086,836
724472217988,838
724472317890,838
724472417792,839
724472517694,838
724472617596,839
724472717498,839
724472817400,839
724472917302,838
724473017204,838
724473117106,834
724473217008,835
724473316910,838
724473416812,838
724473516714,839
724473616616,839
724473716518,839
724473816420,839
724473916322,838
724474016224,839
724474116126,835
724474216028,835
724474315930,838
724474415832,839
724474515734,838
724474615636,838
724474715538,839
724474815440,839
724474915342,838
724475015244,838
724475115146,835
724475215048,835
724475314950,837
724475414852,838
724475514754,838
724475614656,839
724475714558,839
724475814460,840
724475914362,837
724476014264,839
724476114166,838
724476214068,835
724476313970,840
724476413874,840
724476513776,842
724476613680,841
724476713582,842
724476813484,841
724476913386,841
724477013288,843
724477113190,842
724477213092,835
724477312994,838
724477412896,839
724477512798,838
724477612700,839
724477712602,838
724477812504,839
724477912406,838
724478012308,840
724478112210,840
724478212112,835
724478312014,836
724478411916,5557
724478511818,5687
724478613238,2423
724478713142,836
724478813045,836
724478912947,838
724479012849,838
724479112751,838
724479212653,839
724479312555,839
724479412457,838
724479512368,852
724479612270,839
724479712172,839
724479812074,835
724479911976,838
724480011878,908
724480111780,839
724480211682,838
724480311584,839
724480411486,839
724480511388,877
724480611290,839
724480711192,839
724480811094,835
724480910996,839
724481010898,839
724481110800,837
724481210702,838
724481310604,838
724481410506,838
724481510408,839
724481610310,838
724481710212,839
724481810114,834
724481910016,836
724482009918,839
724482109820,838
724482209722,838
724482309624,838
724482409526,839
724482509428,839
724482609330,838
724482709232,839
724482809134,836
724482909036,835
724483008938,838
724483108840,838
724483208742,839
724483308644,838
724483408546,838
724483508448,838
724483608350,839
724483708252,839
724483808154,835
724483908056,835
724484007958,839
724484107860,838
724484207762,839
724484307664,838
724484407566,839
724484507468,838
724484607370,839
724484707272,839
724484807174,839
724484907076,835
724485006978,839
724485106880,838
724485206782,839
724485306684,839
724485406586,838
724485506488,839
724485606390,839
724485706292,839
724485806194,839
724485906096,834
724486005998,838
724486105900,838
724486205802,838
724486305704,838
724486405606,837
724486505508,840
724486605410,838
724486705312,840
724486805214,839
724486905116,835
724487005018,836
724487104920,839
724487204822,840
724487304724,839
724487404626,838
724487504528,838
724487604430,838
724487704332,839
724487804234,840
724487904136,836
724488004038,836
724488103940,841
724488203842,853
724488303744,842
724488403646,5584
724488503548,5511
724488603450,5593
724488703352,5623
724488803254,5625
724488904672,2414
724489004574,838
724489104478,839
724489204382,839
724489304284,840
724489404186,839
724489504090,836
724489603994,841
724489703898,856
724489803802,839
724489903706,841
724490003608,841
724490103510,841
724490203412,854
724490303316,842
724490403220,843
724490503124,835
724490603028,835
724490702930,837
724490802832,839
724490902734,839
724491002636,838
724491102540,839
724491202443,839
724491302346,840
724491402248,838
724491502152,835
724491602056,835
724491701960,838
724491801864,862
724491901768,838
724492001672,838
724492101576,837
724492201480,839
724492301383,839
724492401305,840
724492501207,838
724492601111,835
724492701015,871
724492800919,838
724492900823,838
724493000727,838
724493100629,839
724493200533,839
724493300437,838
724493400341,838
724493500245,837
724493600147,835
724493700051,835
724493799953,842
724493899855,838
724493999757,874
724494099661,839
724494199565,836
724494299469,839
724494399371,839
724494499275,838
724494599179,838
724494699081,837
724494798983,838
724494898886,838
724494998790,838
724495098694,838
724495198597,839
724495298501,838
724495398405,840
724495498309,839
724495598213,838
724495698117,835
724495798019,836
724495897922,838
724495997826,838
724496097730,838
724496197634,838
724496297538,838
724496397440,838
724496497342,838
724496597246,839
724496697148,835
724496797050,835
724496896952,839
724496996854,838
724497096758,838
724497196660,839
724497296564,838
724497396468,838
724497496372,838
724497596276,838
724497696178,838
724497796080,835
724497895984,840
724497995888,838
724498095790,840
724498195692,838
724498295594,840
724498395496,5781
724498495398,5656
724498596817,2412
724498696719,839
724498796623,838
724498896527,839
724498996431,838
724499096335,838
724499196239,839
724499296143,835
724499396047,835
724499495951,838
724499595853,839
724499695755,839
724499795657,838
724499895559,839
724499995461,839
724500095363,839
724500195267,839
724500295171,838
724500395075,835
724500494979,838
724500594883,838
724500694785,875
724500794687,838
724500894589,838
724500994491,839
724501094393,840
724501194295,839
724501294197,843
724501394099,835
724501494006,835
724501593908,841
724501693810,841
724501793712,841
724501893614,841
724501993516,841
724502093418,842
724502193320,842
724502293222,841
724502393124,835
724502493026,835
724502592928,839
724502692830,839
724502792732,838
724502892634,838
724502992536,838
724503092438,839
724503192340,838
724503292242,838
724503392145,835
724503492047,836
724503591949,838
724503691851,839
724503791753,838
724503891655,838
724503991557,838
724504091459,839
724504191361,837
724504291263,838
724504391165,838
724504491067,835
724504590969,839
724504690871,839
724504790773,838
724504890675,837
724504990577,838
724505090479,876
724505190381,839
724505290283,838
724505390185,839
724505490087,835
724505589989,838
724505689891,839
724505789793,839
724505889695,838
724505989597,839
724506089499,839
724506189401,838
724506289303,838
724506389205,838
724506489107,835
724506589009,835
724506688911,874
724506788813,839
724506888716,839
724506988620,839
724507088522,838
724507188424,838
724507288326,838
724507388228,839
724507488130,835
724507588032,835
724507687934,838
724507787836,839
724507887738,839
724507987640,838
724508087542,838
724508187444,840
724508287346,839
724508387248,5631
724508487150,5668
724508588565,2409
724508688467,853
724508788371,839
724508888273,838
724508988177,838
724509088081,835
724509187985,838
724509287889,839
724509387793,839
724509487697,839
724509587599,844
724509687501,838
724509787403,839
724509887305,844
724509987207,844
724510087109,838
724510187011,841
724510286913,839
724510386815,838
724510486717,839
724510586619,839
724510686521,840
724510786423,839
724510886325,839
724510986227,839
724511086129,835
724511186031,834
724511285933,838
724511385835,838
724511485737,838
724511585639,839
724511685541,839
724511785443,839
724511885345,838
724511985247,839
724512085149,835
724512185051,835
724512284953,838
724512384855,838
724512484757,838
724512584659,839
724512684561,838
724512784463,839
724512884365,839
724512984267,838
724513084169,839
724513184071,834
724513283973,840
724513383875,840
724513483777,841
724513583679,840
724513683581,842
724513783483,842
724513883385,841
724513983287,842
724514083189,842
724514183091,835
724514282993,839
724514382895,838
724514482797,839
724514582699,839
724514682601,839
724514782503,840
724514882405,839
724514982307,839
724515082209,839
724515182111,835
724515282013,835
724515381915,838
724515481817,837
724515581719,839
724515681621,838
724515781523,839
724515881425,839
724515981327,839
724516081229,839
724516181131,835
724516281033,835
724516380953,839
724516480855,838
724516580757,838
724516680659,839
724516780561,839
724516880463,839
724516980365,838
724517080267,839
724517180169,838
724517280071,835
724517379973,838
724517479875,838
724517579777,837
724517679679,838
724517779581,839
724517879483,838
724517979385,838
724518079287,839
724518179189,839
724518279091,835
724518378994,5669
724518480416,2418
724518580320,838
724518680222,839
724518780126,835
724518880028,835
724518979930,839
724519079832,838
724519179734,838
724519279636,838
724519379538,839
724519479440,839
724519579342,839
724519679244,838
724519779146,835
724519879048,836
724519978950,839
724520078852,840
724520178754,838
724520278656,839
724520378558,838
724520478460,839
724520578362,839
724520678264,840
724520778166,839
724520878068,835
724520977970,839
724521077872,839
724521177774,838
724521277676,838
724521377578,838
724521477480,838
724521577382,839
724521677284,838
724521777186,839
724521877088,835
724521976990,838
724522076894,839
724522176796,838
724522276698,838
724522376600,838
724522476502,839
724522576404,839
724522676306,839
724522776208,838
724522876110,835
724522976012,835
724523075914,838
724523175816,838
724523275718,839
724523375620,839
724523475522,838
724523575424,838
724523675326,839
724523775228,839
724523875130,836
724523975032,835
724524074934,838
724524174836,839
724524274738,839
724524374640,838
724524474542,875
724524574444,839
724524674346,840
724524774248,840
724524874150,835
724524974052,835
724525073954,840
724525173856,841
724525273758,841
724525373660,841
724525473562,842
724525573464,842
724525673366,842
724525773268,841
724525873170,842
724525973072,835
724526072974,837
724526172876,838
724526272778,838
724526372680,838
724526472582,839
724526572484,839
724526672386,838
724526772288,839
724526872190,838
724526972092,835
724527071994,839
724527171896,839
724527271798,840
724527371700,838
724527471602,838
724527571504,839
724527671406,839
724527771308,838
724527871210,838
724527971112,835
724528071014,835
724528170916,838
724528270818,838
724528370720,5526
724528470622,5664
724528570524,5583
724528670426,5413
724528770328,5558
724528871746,2415
724528971650,838
724529071554,839
724529171456,838
724529271358,839
724529371260,838
724529471162,836
724529571064,835
724529670966,839
724529770868,839
724529870770,838
724529970672,838
724530070574,838
724530170476,839
724530270378,839
724530370280,839
724530470182,839
724530570084,835
724530669986,839
724530769888,838
724530869790,838
724530969692,839
724531069594,838
724531169496,838
724531269398,838
724531369300,838
724531469202,839
724531569104,835
724531669006,836
724531768908,838
724531868810,838
724531968712,838
724532068614,839
724532168516,838
724532268418,838
724532368320,838
724532468222,838
724532568124,835
724532668027,840
724532767929,838
724532867831,838
724532967733,840
724533067635,838
724533167537,838
724533267439,838
724533367341,838
724533467243,838
724533567145,851
724533667047,836
724533766949,838
724533866851,841
724533966753,839
724534066655,839
724534166557,838
724534266459,839
724534366361,839
724534466263,838
724534566165,839
724534666067,835
724534765969,838
724534865871,838
724534965773,839
724535065675,838
724535165577,839
724535265479,838
724535365381,838
724535465283,840
724535565185,838
724535665087,835
724535764989,839
724535864891,838
724535964793,839
724536064695,838
724536164597,838
724536264499,839
724536364401,839
724536464303,909
724536564205,838
724536664107,835
724536764009,835
724536863911,842
724536963814,842
724537063716,841
724537163618,841
724537263520,840
724537363422,841
724537463324,846
724537563226,842
724537663128,835
724537763030,835
724537862932,839
724537962834,839
724538062736,839
724538162638,838
724538262540,840
724538362442,5370
724538462344,5564
724538562246,5514
724538663664,2416
724538763568,843
724538863470,841
724538963372,842
724539063274,841
724539163176,842
724539263079,836
724539362981,838
724539462883,839
724539562785,838
724539662687,838
724539762589,839
724539862491,876
724539962393,839
724540062295,839
724540162197,838
724540262099,835
724540362004,835
724540461924,839
724540561826,838
724540661728,874
724540761630,839
724540861532,839
724540961434,839
724541061336,838
724541161238,839
724541261140,835
724541361042,835
724541460944,838
724541560846,838
724541660748,838
724541760650,839
724541860552,838
724541960454,839
724542060356,838
724542160258,839
724542260160,835
724542360062,835
724542459964,838
724542559866,839
724542659768,873
724542759670,839
724542859572,839
724542959474,897
724543059376,839
724543159278,838
724543259180,839
724543359082,835
724543458984,838
724543558886,839
724543658788,871
724543758690,838
724543858592,839
724543958494,839
724544058396,838
724544158298,839
724544258200,838
724544358102,835
724544458005,835
724544557907,838
724544657809,838
724544757711,839
724544857613,840
724544957515,843
724545057417,838
724545157319,838
724545257221,839
724545357123,835
724545457025,835
724545556927,837
724545656829,837
724545756731,839
724545856633,839
724545956535,838
724546056437,839
724546156339,837
724546256241,838
724546356143,835
724546456045,835
724546555947,838
724546655849,874
724546755751,839
724546855653,839
724546955555,838
724547055457,838
724547155359,839
724547255261,839
724547355163,834
724547455065,836
724547554967,839
724547654869,839
724547754771,839
724547854673,839
724547954575,838
724548054477,839
724548154379,838
724548254281,839
724548354183,5605
724548455601,2412
724548555505,837
724548655407,859
724548755309,839
724548855211,839
724548955113,836
724549055015,834
724549154917,839
724549254819,840
724549354721,838
724549454623,839
724549554525,839
724549654427,839
724549754329,839
724549854231,839
724549954133,835
724550054035,834
724550153937,840
724550253839,840
724550353741,840
724550453643,853
724550553545,841
724550653447,857
724550753349,842
724550853251,842
724550953153,835
724551053055,835
724551152957,839
724551252859,837
724551352761,838
724551452663,838
724551552565,838
724551652467,838
724551752369,839
724551852271,838
724551952173,838
724552052075,836
724552151977,838
724552251879,838
724552351781,838
724552451683,838
724552551585,839
724552651487,838
724552751389,838
724552851291,839
724552951193,839
724553051095,835
724553150997,838
724553250899,838
724553350801,838
724553450703,838
724553550605,839
724553650507,839
724553750409,840
724553850311,839
724553950213,839
724554050115,835
724554150017,835
724554249919,838
724554349821,838
724554449723,838
724554549625,838
724554649527,838
724554749429,839
724554849331,838
724554949233,839
724555049135,836
724555149037,835
724555248939,838
724555348841,838
724555448743,838
724555548645,840
724555648547,843
724555748449,840
724555848351,839
724555948253,838
724556048155,835
724556148057,835
724556247959,838
724556347861,838
724556447763,839
724556547665,839
724556647567,840
724556747469,839
724556847371,839
724556947273,838
724557047175,838
724557147077,835
724557246979,839
724557346881,838
724557446783,847
724557546685,839
724557646587,839
724557746489,839
724557846391,838
724557946293,838
724558046195,839
724558146097,835
724558245999,838
724558345901,5541
724558447327,2431
724558547231,840
724558647133,834
724558747037,835
724558846939,838
724558946841,840
724559046743,839
724559146645,839
724559246547,838
724559346449,840
724559446351,839
724559546253,839
724559646155,834
724559746057,835
724559845959,839
724559945861,839
724560045763,838
724560145665,838
724560245567,839
724560345469,839
724560445371,838
724560545273,839
724560645175,839
724560745077,841
724560844979,838
724560944881,839
724561044783,843
724561144685,843
724561244587,841
724561344489,844
724561444391,840
724561544293,839
724561644195,839
724561744097,835
724561843999,841
724561943901,841
724562043803,842
724562143705,841
724562243607,842
724562343509,842
724562443411,841
724562543313,841
724562643215,842
724562743117,835
724562843019,835
724562942921,839
724563042823,838
724563142725,839
724563242627,838
724563342529,839
724563442432,838
724563542334,839
724563642236,838
724563742138,835
724563842040,835
724563941942,839
724564041844,839
724564141746,838
724564241648,838
724564341550,838
724564441470,838
724564541372,839
724564641274,839
724564741176,839
724564841078,835
724564940980,838
724565040882,839
724565140784,839
724565240686,839
724565340588,839
724565440490,838
724565540392,838
724565640294,838
724565740196,842
724565840098,835
724565940003,834
724566039905,839
724566139807,838
724566239709,839
724566339611,838
724566439513,839
724566539415,839
724566639317,839
724566739219,839
724566839121,871
724566939023,835
724567038925,839
724567138827,839
724567238729,839
724567338631,838
724567438533,840
724567538435,839
724567638337,839
724567738239,839
724567838141,835
724567938043,835
724568037945,838
724568137847,838
724568237749,838
724568337651,5613
724568439081,2422
724568538985,838
724568638887,838
724568738791,838
724568838693,873
724568938595,838
724569038497,839
724569138399,838
724569238301,838
724569338203,839
724569438105,836
724569538007,836
724569637909,839
724569737811,839
724569837713,840
724569937615,839
724570037517,838
724570137419,839
724570237321,838
724570337223,838
724570437125,835
724570537027,871
724570636929,839
724570736831,839
724570836733,838
724570936635,839
724571036537,838
724571136439,838
724571236341,838
724571336243,838
724571436145,835
724571536047,835
724571635949,838
724571735851,839
724571835753,839
724571935655,839
724572035557,838
724572135459,838
724572235361,838
724572335263,839
724572435165,834
724572535067,835
724572634969,838
724572734871,839
724572834773,838
724572934675,838
724573034577,837
724573134479,839
724573234381,839
724573334283,838
724573434185,839
724573534087,835
724573633989,841
724573733891,840
724573833793,841
724573933695,841
724574033597,841
724574133499,840
724574233401,841
724574333303,841
724574433205,841
724574533107,836
724574633009,835
724574732911,838
724574832813,838
724574932715,838
724575032617,838
724575132519,839
724575232421,839
724575332323,839
724575432225,838
724575532127,835
724575632029,835
724575731931,838
724575831833,838
724575931735,838
724576031637,838
724576131539,839
724576231441,839
724576331343,838
724576431245,838
724576531147,835
724576631049,836
724576730951,838
724576830853,839
724576930755,838
724577030657,838
724577130559,838
724577230461,838
724577330363,838
724577430265,838
724577530167,839
724577630069,836
724577729971,838
724577829873,838
724577929775,839
724578029677,838
724578129579,838
724578229483,838
724578329385,5651
724578429287,5744
724578529189,5688
724578630612,2419
724578730516,838
724578830418,839
724578930320,837
724579030222,839
724579130124,835
724579230026,834
724579329928,838
724579429830,838
724579529732,839
724579629634,838
724579729536,840
724579829438,838
724579929340,839
724580029242,838
724580129144,835
724580229046,835
724580328948,841
724580428850,838
724580528752,838
724580628654,838
724580728556,838
724580828458,839
724580928360,839
724581028262,839
724581128164,835
724581228066,835
724581327968,838
724581427870,839
724581527772,839
724581627674,838
724581727576,839
724581827478,838
724581927380,838
724582027282,839
724582127184,839
724582227086,834
724582326988,838
724582426890,837
724582526792,839
724582626694,838
724582726596,841
724582826498,838
724582926400,838
724583026302,838
724583126204,839
724583226106,835
724583326008,835
724583425910,838
724583525812,839
724583625714,839
724583725616,839
724583825518,838
724583925420,839
724584025322,839
724584125224,838
724584225126,835
724584325028,834
724584424930,838
724584524832,839
724584624734,839
724584724636,839
724584824538,839
724584924440,839
724585024342,839
724585124244,839
724585224146,835
724585324048,835
724585423950,841
724585523852,841
724585623754,840
724585723656,841
724585823558,841
724585923460,841
724586023362,842
724586123264,842
724586223166,842
724586323068,835
724586422970,838
724586522872,838
724586622774,838
724586722676,838
724586822578,840
724586922480,840
724587022382,839
724587122284,838
724587222186,838
724587322088,835
724587421990,838
724587521892,838
724587621794,838
724587721696,839
724587821598,838
724587921500,839
724588021402,839
724588121304,839
724588221206,839
724588322623,2422
724588422527,839
724588522445,840
724588622347,839
724588722249,840
724588822151,835
724588922053,835
724589021955,838
724589121857,838
724589221759,838
724589321661,838
724589421563,838
724589521465,839
724589621367,838
724589721269,839
724589821171,839
724589921073,835
724590020975,839
724590120877,838
724590220779,838
724590320681,839
724590420583,839
724590520485,839
724590620387,839
724590720289,838
724590820191,840
724590920093,836
724591019995,838
724591119897,838
724591219799,838
724591319701,838
724591419603,838
724591519505,839
724591619407,838
724591719309,840
724591819211,839
724591919113,836
724592019015,835
724592118917,838
724592218819,839
724592318721,838
724592418623,838
724592518525,839
724592618427,838
724592718329,839
724592818231,838
724592918133,834
724593018035,835
724593117937,838
724593217839,838
724593317741,839
724593417643,839
724593517545,839
724593617447,839
724593717349,839
724593817251,838
724593917153,834
724594017055,835
724594116957,862
724594216859,838
724594316761,838
724594416663,839
724594516565,839
724594616467,839
724594716369,839
724594816271,838
724594916173,838
724595016075,835
724595115977,835
724595215879,839
724595315781,839
724595415683,839
724595515585,839
724595615487,838
724595715389,838
724595815291,839
724595915193,839
724596015095,835
724596114997,840
724596214899,839
724596314801,874
724596414703,838
724596514605,839
724596614507,838
724596714409,839
724596814311,839
724596914213,839
724597014115,836
724597114017,835
724597213919,840
724597313821,841
724597413723,840
724597513625,842
724597613527,842
724597713429,842
724597813331,856
724597913233,842
724598013135,835
724598113037,835
724598212939,839
724598312841,839
724598412743,5700
724598514171,2429
724598614075,835
724598713977,841
724598813879,840
724598913781,841
724599013683,841
724599113585,841
724599213487,841
724599313389,842
724599413291,841
724599513193,864
724599613095,834
724599712997,839
724599812899,838
724599912801,839
724600012703,839
724600112605,839
724600212507,839
724600312409,838
724600412311,839
724600512213,876
724600612115,835
724600712017,835
724600811919,874
724600911821,839
724601011723,874
724601111625,839
724601211527,839
724601311429,838
724601411331,838
724601511233,840
724601611135,835
724601711037,836
724601810939,838
724601910841,839
724602010743,838
724602110645,839
724602210547,838
724602310449,838
724602410351,838
724602510253,839
724602610155,835
724602710057,835
724602809959,838
724602909861,837
724603009763,840
724603109665,838
724603209567,838
724603309469,838
724603409371,838
724603509273,839
724603609175,839
724603709077,835
724603808979,838
724603908881,838
724604008783,838
724604108685,838
724604208587,838
724604308489,838
724604408391,838
724604508293,839
724604608195,839
724604708097,835
724604807999,838
724604907901,838
724605007803,838
724605107705,839
724605207607,839
724605307509,839
724605407411,838
724605507313,839
724605607215,839
724605707117,835
724605807019,836
724605906921,838
724606006823,839
724606106725,839
724606206627,838
724606306529,839
724606406431,839
724606506333,839
724606606235,839
724606706137,836
724606806039,835
724606905941,838
724607005843,839
724607105745,839
724607205647,838
724607305549,839
724607405451,837
724607505353,840
724607605255,839
724607705157,836
724607805059,834
724607904961,838
724608004863,838
724608104765,839
724608204667,839
724608304569,838
724608404471,5875
724608505888,2414
724608605792,838
724608705694,839
724608805596,839
724608905498,839
724609005400,839
724609105302,838
724609205204,838
724609305106,835
724609405008,835
724609504910,838
724609604812,839
724609704714,838
724609804616,838
724609904518,839
724610004420,838
724610104322,840
724610204224,839
724610304126,835
724610404028,835
724610503930,841
724610603832,840
724610703734,862
724610803636,841
724610903538,843
724611003440,841
724611103342,841
724611203244,854
724611303146,835
724611403048,835
724611502950,838
724611602852,841
724611702754,838
724611802656,838
724611902558,845
724612002460,838
724612102362,839
724612202264,844
724612302166,844
724612402068,837
724612501970,845
724612601888,840
724612701790,839
724612801692,838
724612901594,838
724613001496,839
724613101398,839
724613201300,839
724613301202,838
724613401104,835
724613501006,835
724613600908,838
724613700810,838
724613800712,839
724613900614,838
724614000516,838
724614100418,838
724614200320,838
724614300222,839
724614400125,834
724614500027,836
724614599929,838
724614699831,839
724614799733,839
724614899635,839
724614999537,838
724615099439,838
724615199341,839
724615299243,839
724615399145,835
724615499047,835
724615598949,838
724615698851,838
724615798753,837
724615898655,838
724615998557,838
724616098459,838
724616198361,839
724616298263,838
724616398165,838
724616498067,835
724616597969,838
724616697871,875
724616797773,838
724616897675,839
724616997577,838
724617097479,839
724617197381,838
724617297283,839
724617397185,838
724617497087,836
724617596989,839
724617696891,838
724617796793,838
724617896695,837
724617996597,839
724618096499,839
724618196401,838
724618296303,839
724618396205,6003
724618496107,5735
724618596009,5834
724618697434,2465
724618797338,840
724618897240,839
724618997142,835
724619097044,836
724619196946,839
724619296848,838
724619396750,838
724619496652,838
724619596554,839
724619696456,838
724619796358,839
724619896260,839
724619996162,835
724620096064,835
724620195966,838
724620295868,839
724620395770,839
724620495672,840
724620595574,839
724620695476,838
724620795378,839
724620895280,840
724620995182,840
724621095084,835
724621194986,839
724621294888,841
724621394790,838
724621494692,839
724621594594,838
724621694496,839
724621794398,839
724621894300,840
724621994202,839
724622094104,836
724622194006,871
724622293908,874
724622393810,875
724622493712,874
724622593614,875
724622693516,874
724622793418,841
724622893320,842
724622993222,842
724623093124,835
724623193026,835
724623292928,838
724623392831,838
724623492733,838
724623592635,838
724623692537,838
724623792439,838
724623892341,838
724623992243,838
724624092145,835
724624192047,835
724624291949,837
724624391851,839
724624491753,838
724624591655,840
724624691557,874
724624791459,839
724624891361,838
724624991263,838
724625091165,856
724625191067,835
724625290969,838
724625390871,839
724625490773,839
724625590675,839
724625690577,838
724625790479,839
724625890381,839
724625990283,839
724626090185,838
724626190087,835
724626289989,838
724626389891,838
724626489793,838
724626589695,838
724626689597,838
724626789499,838
724626889401,838
724626989303,838
724627089205,838
724627189107,835
724627289009,834
724627388911,839
724627488813,838
724627588715,838
724627688617,839
724627788519,839
724627888421,838
724627988323,838
724628088225,839
724628188127,835
724628288029,835
724628387931,5843
724628487833,5838
724628587735,5819
724628687637,5933
724628789060,2419
724628888962,838
724628988864,838
724629088766,838
724629188670,838
724629288572,839
724629388474,838
724629488376,839
724629588278,839
724629688180,839
724629788082,835
724629887984,838
724629987886,838
724630087788,839
724630187690,839
724630287592,839
724630387494,838
724630487396,839
724630587298,839
724630687200,839
724630787102,835
724630887005,834
724630986907,839
724631086809,838
724631186711,838
724631286613,838
724631386515,837
724631486417,839
724631586319,839
724631686221,839
724631786123,835
724631886025,835
724631985927,839
724632085829,838
724632185731,838
724632285633,839
724632385535,839
724632485437,838
724632585339,840
724632685241,839
724632785143,835
724632885045,835
724632984947,838
724633084849,838
724633184751,838
724633284653,838
724633384555,838
724633484457,839
724633584359,839
724633684261,839
724633784163,834
724633884065,835
724633983967,841
724634083869,841
724634183771,841
724634283673,841
724634383575,840
724634483477,841
724634583379,841
724634683281,842
724634783183,842
724634883085,837
724634982987,838
724635082889,871
724635182791,839
724635282693,838
724635382595,838
724635482497,839
724635582399,838
724635682301,838
724635782203,839
724635882105,835
724635982007,835
724636081909,838
724636181811,838
724636281713,838
724636381615,838
724636481517,838
724636581437,840
724636681339,839
724636781241,839
724636881143,835
724636981045,836
724637080947,839
724637180849,839
724637280751,838
724637380653,837
724637480555,839
724637580457,838
724637680359,839
724637780261,840
724637880163,836
724637980065,835
724638079967,838
724638179869,838
724638279771,839
724638379673,5869
724638479575,5698
724638579477,5923
724638679379,5487
724638780801,2420
724638880703,838
724638980605,839
724639080508,838
724639180410,839
724639280312,838
724639380214,838
724639480116,835
724639580018,834
724639679920,839
724639779822,839
724639879724,839
724639979626,838
724640079528,839
724640179430,838
724640279332,838
724640379234,839
724640479136,835
724640579038,836
724640678940,839
724640778842,840
724640878744,838
724640978646,838
724641078548,839
724641178450,838
724641278352,839
724641378254,838
724641478156,835
724641578058,835
724641677960,838
724641777862,839
724641877764,838
724641977666,838
724642077568,838
724642177470,838
724642277372,838
724642377274,839
724642477176,838
724642577078,835
724642676980,839
724642776882,838
724642876784,838
724642976686,839
724643076588,838
724643176490,838
724643276392,837
724643376294,839
724643476196,839
724643576098,835
724643676003,836
724643775905,840
724643875807,839
724643975709,839
724644075611,838
724644175513,838
724644275415,838
724644375317,839
724644475219,839
724644575121,835
724644675023,835
724644774925,839
724644874827,838
724644974729,838
724645074631,838
724645174533,838
724645274435,861
724645374337,838
724645474239,839
724645574141,835
724645674043,835
724645773945,841
724645873847,840
724645973749,841
724646073651,840
724646173553,841
724646273455,841
724646373357,841
724646473259,843
724646573161,835
724646673063,836
724646772965,838
724646872867,839
724646972769,838
724647072671,838
724647172573,838
724647272475,839
724647372377,838
724647472279,839
724647572181,839
724647672083,835
724647771985,838
724647871887,839
724647971789,838
724648071691,839
724648171593,839
724648271495,838
724648371397,5855
724648471299,5748
724648571201,5869
724648671103,5497
724648772525,2431
724648872427,838
724648972329,838
724649072233,839
724649172135,835
724649272037,835
724649371939,838
724649471841,839
724649571743,838
724649671645,839
724649771547,839
724649871449,840
724649971351,839
724650071253,839
724650171155,835
724650271057,835
724650370959,838
724650470861,839
724650570763,838
724650670665,839
724650770567,839
724650870469,838
724650970371,839
724651070273,839
724651170175,839
724651270077,835
724651369979,839
724651469881,838
724651569783,838
724651669685,839
724651769587,839
724651869489,838
724651969391,838
724652069293,839
724652169195,838
724652269097,835
724652368999,837
724652468901,839
724652568803,839
724652668705,840
724652768607,837
724652868509,838
724652968411,839
724653068313,838
724653168215,839
724653268117,835
724653368019,835
724653467921,839
724653567823,838
724653667725,839
724653767627,838
724653867529,838
724653967431,839
724654067333,839
724654167235,838
724654267137,834
724654367039,835
724654466941,838
724654566843,838
724654666745,839
724654766647,839
724654866549,838
724654966451,839
724655066353,839
724655166255,839
724655266157,835
724655366059,835
724655465961,839
724655565863,839
724655665765,839
724655765667,839
724655865569,838
724655965471,855
724656065373,838
724656165275,838
724656265177,839
724656365079,835
724656464982,874
724656564884,839
724656664786,875
724656764688,839
724656864590,838
724656964492,840
724657064394,838
724657164296,839
724657264198,838
724657364100,835
724657464012,870
724657563914,841
724657663816,841
724657763718,842
724657863620,841
724657963522,842
724658063424,841
724658163326,841
724658263228,842
724658363130,5853
724658463032,5945
724658562934,5766
724658664361,2454
724658764263,840
724658864165,839
724658964067,835
724659063969,842
724659163871,841
724659263773,841
724659363675,841
724659463577,846
724659563479,842
724659663381,842
724659763283,841
724659863185,842
724659963087,835
724660062989,838
724660162891,838
724660262793,839
724660362695,839
724660462597,838
724660562516,840
724660662418,857
724660762320,839
724660862222,839
724660962124,835
724661062026,835
724661161928,838
724661261830,839
724661361732,838
724661461634,837
724661561536,839
724661661438,839
724661761340,839
724661861242,838
724661961144,835
724662061046,836
724662160948,838
724662260850,839
724662360752,838
724662460654,838
724662560556,838
724662660458,838
724662760360,839
724662860262,868
724662960164,856
724663060066,839
724663159968,839
724663259870,839
724663359772,844
724663459674,844
724663559576,841
724663659478,902
724663759380,839
724663859282,840
724663959184,839
724664059086,835
724664158988,837
724664258890,838
724664358792,839
724664458694,839
724664558596,839
724664658498,867
724664758400,839
724664858302,839
724664958204,838
724665058106,835
724665158008,835
724665257910,838
724665357812,838
724665457714,839
724665557616,839
724665657518,838
724665757420,839
724665857322,838
724665957224,838
724666057126,835
724666157028,835
724666256930,839
724666356832,838
724666456734,838
724666556636,838
724666656538,838
724666756440,839
724666856342,838
724666956244,839
724667056146,835
724667156048,835
724667255950,874
724667355852,837
724667455754,838
724667555656,839
724667655558,839
724667755460,839
724667855362,838
724667955264,839
724668055166,839
724668155068,836
724668254970,839
724668356390,2415
724668456294,838
724668556196,839
724668656098,857
724668756003,835
724668855905,837
724668955807,837
724669055709,838
724669155611,837
724669255513,839
724669355415,838
724669455317,839
724669555219,840
724669655121,834
724669755023,835
724669854925,838
724669954827,838
724670054729,839
724670154631,838
724670254533,838
724670354435,838
724670454337,838
724670554239,839
724670654141,835
724670754043,835
724670853945,841
724670953847,854
724671053749,841
724671153651,841
724671253553,842
724671353455,841
724671453357,855
724671553259,842
724671653161,835
724671753063,835
724671852965,838
724671952867,838
724672052769,838
724672152671,838
724672252573,838
724672352475,839
724672452377,838
724672552279,838
724672652181,838
724672752083,836
724672851985,838
724672951887,838
724673051789,838
724673151691,838
724673251593,838
724673351495,839
724673451397,839
724673551299,839
724673651201,839
724673751103,836
724673851005,835
724673950907,838
724674050809,838
724674150711,838
724674250613,838
724674350515,838
724674450417,837
724674550319,838
724674650221,839
724674750123,835
724674850025,834
724674949927,838
724675049829,838
724675149731,838
724675249633,838
724675349535,839
724675449437,839
724675549339,839
724675649241,837
724675749143,835
724675849045,835
724675948947,837
724676048849,838
724676148751,838
724676248653,838
724676348555,838
724676448457,838
724676548359,839
724676648261,838
724676748163,835
724676848065,835
724676947967,838
724677047869,838
724677147771,838
724677247673,839
724677347575,839
724677447477,838
724677547379,839
724677647281,838
724677747183,839
724677847085,835
724677946987,838
724678046889,839
724678146791,839
724678246693,838
724678346595,5762
724678446497,5766
724678547920,2430
724678647822,839
724678747726,838
724678847628,838
724678947530,839
724679047432,838
724679147334,838
724679247236,839
724679347138,835
724679447040,834
724679546942,838
724679646844,838
724679746746,838
724679846648,839
724679946550,838
724680046452,838
724680146354,851
724680246256,874
724680346158,835
724680446060,834
724680545962,838
724680645864,839
724680745766,839
724680845668,839
724680945570,838
724681045472,841
724681145374,838
724681245276,839
724681345178,838
724681445080,835
724681544982,839
724681644884,838
724681744786,837
724681844688,839
724681944590,839
724682044492,839
724682144394,861
724682244296,840
724682344198,838
724682444100,834
724682544006,835
724682643908,841
724682743810,841
724682843712,841
724682943614,841
724683043516,842
724683143418,841
724683243320,841
724683343222,841
724683443125,837
724683543027,835
724683642929,837
724683742831,838
724683842733,839
724683942635,839
724684042537,838
724684142439,838
724684242341,838
724684342243,838
724684442145,833
724684542047,835
724684641965,838
724684741867,840
724684841769,838
724684941671,838
724685041573,839
724685141475,839
724685241377,838
724685341279,839
724685441181,838
724685541083,835
724685640985,838
724685740887,842
724685840789,838
724685940691,837
724686040593,838
724686140495,838
724686240397,839
724686340299,838
724686440201,838
724686540103,835
724686640005,835
724686739907,839
724686839809,838
724686939711,839
724687039613,838
724687139515,838
724687239417,839
724687339319,838
724687439221,839
724687539123,835
724687639025,835
724687738927,838
724687838829,857
724687938731,838
724688038633,839
724688138535,838
724688238437,838
724688338339,5639
724688438241,5700
724688539661,2426
724688639563,839
724688739467,837
724688839369,838
724688939271,838
724689039173,839
724689139075,835
724689238977,837
724689338879,838
724689438781,839
724689538683,839
724689638585,839
724689738487,839
724689838389,872
724689938291,838
724690038193,839
724690138095,834
724690237997,838
724690337899,838
724690437801,838
724690537703,839
724690637605,839
724690737507,839
724690837409,838
724690937311,837
724691037213,840
724691137115,835
724691237017,835
724691336919,837
724691436821,838
724691536723,838
724691636625,838
724691736527,837
724691836429,839
724691936331,838
724692036233,840
724692136135,834
724692236037,835
724692335939,838
724692435841,839
724692535743,838
724692635645,838
724692735547,839
724692835449,839
724692935351,836
724693035253,839
724693135155,834
724693235057,835
724693334959,838
724693434861,838
724693534763,839
724693634665,838
724693734567,839
724693834469,839
724693934371,837
724694034273,839
724694134175,838
724694234077,835
724694333979,840
724694433881,840
724694533783,840
724694633685,842
724694733587,841
724694833489,841
724694933391,841
724695033293,840
724695133195,842
724695233097,834
724695332999,839
724695432901,838
724695532803,838
724695632705,838
724695732607,839
724695832509,838
724695932411,839
724696032313,838
724696132215,839
724696232117,835
724696332019,835
724696431921,860
724696531823,838
724696631725,837
724696731627,839
724696831529,839
724696931431,838
724697031333,839
724697131235,838
724697231137,835
724697331039,835
724697430941,838
724697530843,838
724697630745,839
724697730647,838
724697830549,838
724697930451,838
724698030353,838
724698130255,838
724698230157,835
724698330059,5832
724698429961,5709
724698531383,2466
724698631285,848
724698731189,838
724698831091,835
724698930993,838
724699030895,838
724699130797,838
724699230699,838
724699330601,839
724699430503,839
724699530405,838
724699630307,838
724699730209,838
724699830111,835
724699930013,835
724700029915,837
724700129817,838
724700229719,837
724700329621,838
724700429523,838
724700529425,839
724700629327,839
724700729229,839
724700829131,835
724700929033,835
724701028935,839
724701128837,838
724701228739,838
724701328641,842
724701428543,838
724701528445,839
724701628347,838
724701728249,839
724701828151,834
724701928053,835
724702027955,838
724702127857,839
724702227759,838
724702327661,838
724702427563,838
724702527465,838
724702627367,838
724702727269,839
724702827171,839
724702927073,834
724703026975,838
724703126877,838
724703226779,838
724703326681,838
724703426583,838
724703526485,839
724703626387,839
724703726289,839
724703826191,839
724703926093,834
724704025995,838
724704125897,838
724704225799,838
724704325702,842
724704425604,838
724704525506,840
724704625408,839
724704725311,839
724704825213,840
724704925115,835
724705025017,835
724705124919,838
724705224821,838
724705324723,838
724705424625,838
724705524527,837
724705624429,838
724705724331,839
724705824233,839
724705924135,835
724706024037,835
724706123939,840
724706223841,841
724706323743,841
724706423645,841
724706523547,842
724706623449,841
724706723351,842
724706823253,842
724706923155,835
724707023057,834
724707122959,839
724707222861,838
724707322763,837
724707422665,838
724707522567,838
724707622469,838
724707722371,838
724707822273,838
724707922175,838
724708022077,835
724708121979,838
724708221881,838
724708321783,5911
724708423216,2437
724708523118,835
724708623036,835
724708722940,838
724708822842,840
724708922744,839
724709022646,839
724709122548,838
724709222450,840
724709322352,838
724709422254,838
724709522156,835
724709622058,835
724709721960,838
724709821862,837
724709921764,838
724710021666,838
724710121568,838
724710221470,839
724710321372,839
724710421274,838
724710521176,838
724710621078,835
724710720980,839
724710820882,838
724710920784,838
724711020686,839
724711120588,837
724711220490,838
724711320392,838
724711420294,839
724711520196,838
724711620098,834
724711720004,835
724711819906,839
724711919808,838
724712019710,838
724712119612,839
724712219514,838
724712319416,839
724712419318,838
724712519220,839
724712619122,836
724712719024,836
724712818926,838
724712918828,838
724713018730,838
724713118632,839
724713218534,838
724713318436,838
724713418338,859
724713518240,838
724713618142,835
724713718044,835
724713817946,838
724713917848,838
724714017750,839
724714117652,838
724714217554,843
724714317456,838
724714417358,838
724714517260,844
724714617162,843
724714717064,838
724714816966,845
724714916868,839
724715016770,839
724715116672,838
724715216574,839
724715316476,838
724715416378,838
724715516280,839
724715616182,838
724715716084,836
724715815986,838
724715915888,838
724716015790,839
724716115692,838
724716215594,839
724716315496,838
724716415398,838
724716515300,838
724716615202,838
724716715104,835
724716815006,835
724716914908,837
724717014810,839
724717114712,838
724717214614,839
724717314516,837
724717414418,839
724717514320,839
724717614222,838
724717714124,835
724717814026,834
724717913928,840
724718013830,841
724718113732,840
724718213634,840
724718313536,841
724718413438,5945
724718514856,2414
724718614758,839
724718714660,838
724718814562,838
724718914464,838
724719014366,838
724719114268,839
724719214170,838
724719314072,835
724719413974,840
724719513876,841
724719613778,841
724719713680,841
724719813583,841
724719913485,841
724720013387,841
724720113289,840
724720213191,842
724720313093,834
724720412995,838
724720512897,838
724720612799,837
724720712701,839
724720812603,838
724720912505,838
724721012407,838
724721112309,838
724721212211,838
724721312113,834
724721412015,835
724721511917,838
724721611819,838
724721711721,838
724721811623,838
724721911525,838
724722011427,839
724722111329,838
724722211231,839
724722311133,834
724722411035,835
724722510937,839
724722610839,838
724722710742,839
724722810644,838
724722910546,838
724723010448,839
724723110350,838
724723210252,839
724723310154,835
724723410056,834
724723509958,838
724723609860,839
724723709762,839
724723809664,838
724723909566,838
724724009468,839
724724109370,838
724724209272,839
724724309174,838
724724409076,835
724724508978,839
724724608880,839
724724708782,839
724724808684,838
724724908586,838
724725008488,838
724725108390,838
724725208292,838
724725308194,838
724725408096,834
724725507998,838
724725607900,839
724725707802,838
724725807704,838
724725907606,838
724726007508,839
724726107410,838
724726207312,839
724726307214,839
724726407116,835
724726507018,835
724726606920,839
724726706822,838
724726806724,839
724726906626,838
724727006528,839
724727106430,838
724727206332,838
724727306234,839
724727406136,834
724727506038,835
724727605940,838
724727705842,839
724727805744,838
724727905646,838
724728005548,839
724728105450,839
724728205352,838
724728305254,839
724728405156,5869
724728505058,5875
724728604960,5813
724728704863,5812
724728804765,5871
724728904667,5747
724729004569,5726
724729104471,5856
724729204373,5938
724729304275,5785
724729404177,5748
724729504079,5854
724729603981,5834
724729703883,5846
724729803785,5854
724729903687,5896
724730003589,5634
724730103491,5716
724730203393,5681
724730303295,5806
724730403197,5793
724730503099,5868
724730604526,2422
724730704428,840
724730804330,839
724730904232,839
724731004134,835
724731104036,835
724731203938,854
724731303841,842
724731403743,840
724731503645,841
724731603547,841
724731703449,855
724731803351,842
724731903253,841
724732003155,835
724732103057,835
724732202959,838
724732302861,839
724732402763,838
724732502665,839
724732602583,839
724732702485,838
724732802387,839
724732902289,839
724733002191,839
724733102093,835
724733201995,838
724733301897,837
724733401799,837
724733501701,839
724733601603,838
724733701505,839
724733801407,839
724733901309,838
724734001211,838
724734101113,835
724734201015,835
724734300917,838
724734400819,838
724734500721,838
724734600623,838
724734700525,861
724734800427,838
724734900329,838
724735000231,839
724735100133,835
724735200035,834
724735299937,838
724735399839,839
724735499741,838
724735599643,839
724735699545,839
724735799447,839
724735899349,838
724735999251,838
724736099153,835
724736199055,835
724736298957,837
724736398859,838
724736498761,838
724736598663,839
724736698565,839
724736798467,839
724736898369,839
724736998271,839
724737098173,839
724737198075,834
724737297977,837
724737397879,838
724737497781,838
724737597683,837
724737697585,838
724737797487,838
724737897389,839
724737997291,839
724738097193,838
724738197095,833
724738296997,839
724738396899,5729
724738496801,5749
724738596703,5792
724738698128,2417
724738798030,835
724738897932,838
724738997834,838
724739097736,838
724739197638,838
724739297540,838
724739397442,838
724739497344,839
724739597246,838
724739697148,835
724739797050,835
724739896952,837
724739996854,839
724740096756,838
724740196658,837
724740296560,839
724740396462,839
724740496364,839
724740596266,838
724740696168,840
724740796070,835
724740895972,838
724740995874,838
724741095776,839
724741195678,837
724741295580,838
724741395482,839
724741495384,839
724741595286,838
724741695188,839
724741795090,835
724741894992,838
724741994894,838
724742094796,840
724742194698,872
724742294600,876
724742394502,871
724742494404,872
724742594306,872
724742694208,873
724742794110,835
724742894012,835
724742993914,841
724743093816,841
724743193718,842
724743293620,841
724743393523,847
724743493425,842
724743593327,841
724743693229,842
724743793131,835
724743893033,835
724743992935,839
724744092837,838
724744192739,837
724744292641,838
724744392543,838
724744492445,839
724744592347,838
724744692249,854
724744792151,835
724744892053,835
724744991955,838
724745091857,839
724745191759,838
724745291661,838
724745391563,839
724745491465,874
724745591367,838
724745691269,839
724745791171,839
724745891073,835
724745990975,839
724746090877,839
724746190779,837
724746290681,839
724746390583,838
724746490485,839
724746590387,838
724746690289,839
724746790191,839
724746890093,835
724746989995,838
724747089897,838
724747189799,839
724747289701,838
724747389603,838
724747489505,839
724747589407,861
724747689309,839
724747789211,839
724747889113,835
724747989015,835
724748088917,839
724748188819,839
724748288721,839
724748388623,5685
724748488525,5684
724748588427,5734
724748688329,5793
724748789749,2416
724748889651,838
724748989553,839
724749089455,838
724749189357,838
724749289259,839
724749389161,835
724749489063,835
724749588965,839
724749688867,838
724749788769,840
724749888671,839
724749988573,839
724750088475,838
724750188377,838
724750288279,838
724750388181,838
724750488083,836
724750587985,839
724750687887,839
724750787789,839
724750887691,838
724750987593,838
724751087495,838
724751187397,839
724751287299,839
724751387201,838
724751487103,835
724751587005,835
724751686907,839
724751786809,838
724751886711,838
724751986613,839
724752086515,839
724752186417,838
724752286319,839
724752386221,838
724752486123,835
724752586025,836
724752685927,839
724752785829,839
724752885731,839
724752985633,839
724753085535,838
724753185437,839
724753285339,840
724753385241,838
724753485143,835
724753585045,835
724753684947,838
724753784849,839
724753884751,839
724753984653,838
724754084555,839
724754184457,838
724754284359,838
724754384261,838
724754484163,835
724754584065,835
724754683967,841
724754783869,841
724754883771,841
724754983673,841
724755083575,875
724755183477,878
724755283379,842
724755383281,841
724755483183,841
724755583085,835
724755682987,839
724755782889,839
724755882791,838
724755982693,838
724756082595,838
724756182497,837
724756282399,839
724756382301,838
724756482203,839
724756582123,836
724756682025,835
724756781927,839
724756881829,838
724756981731,839
724757081633,838
724757181535,839
724757281437,838
724757381339,839
724757481241,839
724757581143,836
724757681045,835
724757780947,838
724757880849,838
724757980751,839
724758080653,839
724758180555,838
724758280457,839
724758380359,5677
724758480261,5864
724758580163,5715
724758681603,2438
724758781507,840
724758881409,838
724758981311,838
724759081213,838
724759181115,835
724759281017,835
724759380919,838
724759480821,838
724759580723,838
724759680625,838
724759780527,837
724759880429,839
724759980331,838
724760080233,839
724760180135,835
724760280037,835
724760379939,839
724760479841,838
724760579743,839
724760679645,838
724760779547,839
724760879449,838
724760979351,839
724761079253,838
724761179155,834
724761279057,835
724761378959,838
724761478861,839
724761578763,838
724761678665,839
724761778567,838
724761878469,838
724761978371,838
724762078273,839
724762178175,838
724762278077,835
724762377979,838
724762477881,838
724762577783,838
724762677685,839
724762777587,838
724762877489,840
724762977391,839
724763077293,839
724763177195,839
724763277097,835
724763376999,839
724763476901,838
724763576803,839
724763676705,839
724763776607,839
724763876509,837
724763976411,839
724764076313,839
724764176215,838
724764276117,835
724764376019,835
724764475921,838
724764575823,839
724764675725,839
724764775627,839
724764875529,838
724764975431,838
724765075333,838
724765175235,838
724765275137,835
724765375039,840
724765474941,838
724765574843,839
724765674745,843
724765774647,844
724765874549,841
724765974451,846
724766074353,839
724766174255,840
724766274157,835
724766374059,835
724766473961,841
724766573863,841
724766673765,841
724766773667,841
724766873569,842
724766973471,842
724767073373,842
724767173275,842
724767273177,842
724767373079,834
724767472981,838
724767572883,838
724767672785,839
724767772687,839
724767872589,838
724767972491,838
724768072393,839
724768172295,839
724768272197,838
724768372099,5824
724768473525,2444
724768573427,842
724768673329,843
724768773233,843
724768873135,836
724768973037,835
724769072939,838
724769172841,838
724769272743,839
724769372645,838
724769472547,838
724769572449,838
724769672351,839
724769772253,838
724769872155,834
724769972057,835
724770071959,839
724770171861,839
724770271763,839
724770371665,836
724770471567,839
724770571469,839
724770671371,839
724770771273,839
724770871175,838
724770971077,835
724771070979,839
724771170881,837
724771270783,839
724771370685,838
724771470587,838
724771570489,837
724771670391,838
724771770293,839
724771870195,838
724771970097,835
724772069999,839
724772169901,838
724772269803,839
724772369705,839
724772469607,839
724772569509,839
724772669411,839
724772769313,839
724772869215,838
724772969117,835
724773069019,835
724773168921,838
724773268823,838
724773368725,838
724773468627,838
724773568529,839
724773668431,838
724773768333,840
724773868235,839
724773968137,835
724774068039,834
724774167941,838
724774267843,838
724774367745,838
724774467647,838
724774567549,839
724774667451,850
724774767353,839
724774867255,838
724774967157,835
724775067059,835
724775166961,838
724775266863,838
724775366765,838
724775466667,839
724775566569,838
724775666471,838
724775766373,839
724775866275,838
724775966177,839
724776066079,834
724776165981,838
724776265883,838
724776365785,838
724776465687,838
724776565589,839
724776665491,838
724776765393,838
724776865295,838
724776965197,839
724777065099,836
724777165004,835
724777264906,838
724777364808,838
724777464710,886
724777564612,838
724777664514,838
724777764416,838
724777864318,839
724777964220,839
724778064122,835
724778164024,835
724778263926,841
724778363828,5759
724778463730,5906
724778563632,5694
724778665059,2444
724778764961,838
724778864863,838
724778964765,837
724779064667,839
724779164569,838
724779264471,838
724779364373,837
724779464275,908
724779564177,839
724779664079,835
724779763981,841
724779863883,840
724779963785,841
724780063687,841
724780163589,841
724780263491,841
724780363393,842
724780463295,846
724780563197,842
724780663117,835
724780763019,836
724780862921,839
724780962823,837
724781062725,839
724781162627,837
724781262529,838
724781362431,838
724781462333,838
724781562235,838
724781662137,835
724781762039,835
724781861941,838
724781961843,838
724782061745,838
724782161647,838
724782261549,838
724782361451,837
724782461353,838
724782561255,838
724782661157,835
724782761059,835
724782860961,838
724782960863,838
724783060765,837
724783160667,838
724783260569,838
724783360471,838
724783460373,838
724783560275,839
724783660177,839
724783760079,836
724783859981,839
724783959883,874
724784059785,839
724784159687,838
724784259589,839
724784359491,838
724784459393,838
724784559295,838
724784659197,944
724784759099,835
724784859004,835
724784958906,838
724785058808,837
724785158710,838
724785258612,838
724785358514,838
724785458416,837
724785558318,873
724785658220,850
724785758122,835
724785858024,835
724785957926,839
724786057828,839
724786157730,838
724786257632,838
724786357534,839
724786457436,838
724786557338,839
724786657240,838
724786757142,835
724786857044,835
724786956946,837
724787056848,837
724787156750,837
724787256652,837
724787356554,839
724787456456,838
724787556358,838
724787656260,838
724787756162,835
724787856064,835
724787955966,838
724788055868,838
724788155770,838
724788255672,839
724788355574,5600
724788455476,5873
724788555378,5796
724788656797,2415
724788756699,838
724788856601,837
724788956503,838
724789056405,838
724789156307,838
724789256209,838
724789356112,835
724789456014,835
724789555916,838
724789655818,838
724789755720,839
724789855622,838
724789955524,839
724790055426,838
724790155328,839
724790255230,838
724790355132,834
724790455034,835
724790554936,838
724790654838,838
724790754740,839
724790854642,839
724790954544,838
724791054446,838
724791154348,838
724791254250,838
724791354152,834
724791454054,834
724791553956,840
724791653858,842
724791753760,842
724791853662,841
724791953564,854
724792053466,840
724792153368,839
724792253270,841
724792353172,841
724792453074,834
724792552976,838
724792652878,874
724792752780,838
724792852682,838
724792952584,838
724793052486,838
724793152388,837
724793252290,839
724793352192,839
724793452094,835
724793551996,838
724793651898,838
724793751800,838
724793851702,839
724793951604,839
724794051506,838
724794151408,838
724794251310,838
724794351212,838
724794451114,834
724794551016,835
724794650918,838
724794750820,839
724794850722,837
724794950624,839
724795050526,838
724795150428,838
724795250330,838
724795350232,838
724795450134,834
724795550036,835
724795649938,838
724795749840,838
724795849742,838
724795949644,838
724796049546,839
724796149448,838
724796249350,839
724796349252,838
724796449154,834
724796549056,835
724796648958,838
724796748860,840
724796848762,837
724796948664,838
724797048566,838
724797148468,838
724797248370,838
724797348272,838
724797448174,839
724797548076,835
724797647978,838
724797747880,835
724797847782,839
724797947684,838
724798047586,838
724798147488,838
724798247390,838
724798347292,5825
724798447194,5779
724798547096,5791
724798646998,5740
724798748426,2452
724798848330,839
724798948232,837
724799048134,835
724799148036,835
724799247938,839
724799347840,838
724799447742,839
724799547644,838
724799647546,839
724799747448,838
724799847350,838
724799947252,838
724800047154,835
724800147056,870
724800246958,839
724800346860,838
724800446762,839
724800546664,838
724800646566,838
724800746468,840
724800846370,839
724800946272,838
724801046174,839
724801146076,834
724801245978,838
724801345880,838
724801445782,838
724801545684,839
724801645586,839
724801745488,838
724801845390,838
724801945292,839
724802045194,839
724802145096,888
724802244998,839
724802344900,838
724802444802,839
724802544704,838
724802644606,839
724802744508,839
724802844410,838
724802944312,838
724803044214,838
724803144116,835
724803244018,835
724803343920,841
724803443823,840
724803543725,841
724803643627,841
724803743529,842
724803843431,842
724803943333,841
724804043235,842
724804143137,835
724804243039,835
724804342941,839
724804442843,837
724804542745,839
724804642667,838
724804742569,839
724804842471,838
724804942373,838
724805042275,838
724805142177,838
724805242079,835
724805341981,837
724805441883,837
724805541785,837
724805641687,839
724805741589,839
724805841491,838
724805941393,838
724806041295,838
724806141197,838
724806241099,835
724806341004,835
724806440906,838
724806540808,839
724806640710,838
724806740612,843
724806840514,838
724806940416,838
724807040318,839
724807140220,837
724807240122,835
724807340024,835
724807439926,838
724807539828,839
724807639730,838
724807739632,839
724807839534,838
724807939436,838
724808039338,839
724808139240,838
724808239142,835
724808339044,5741
724808438946,5756
724808540374,2426
724808640276,838
724808740180,842
724808840082,835
724808939984,837
724809039886,839
724809139788,838
724809239690,838
724809339592,839
724809439494,838
724809539396,839
724809639298,838
724809739200,839
724809839102,834
724809939004,835
724810038906,838
724810138808,837
724810238710,838
724810338612,838
724810438514,838
724810538416,839
724810638318,839
724810738220,838
724810838122,871
724810938024,835
724811037926,837
724811137828,839
724811237730,838
724811337632,838
724811437534,838
724811537436,838
724811637338,838
724811737240,839
724811837142,835
724811937044,834
724812036946,837
724812136848,873
724812236750,838
724812336652,837
724812436554,838
724812536456,838
724812636358,839
724812736260,839
724812836162,835
724812936064,835
724813035966,839
724813135868,838
724813235770,839
724813335672,838
724813435574,839
724813535476,838
724813635378,838
724813735280,839
724813835182,839
724813935084,835
724814034986,838
724814134888,838
724814234790,838
724814334692,838
724814434594,839
724814534496,838
724814634398,838
724814734300,839
724814834202,839
724814934104,835
724815034006,835
724815133908,840
724815233810,840
724815333712,841
724815433614,840
724815533516,840
724815633418,841
724815733320,841
724815833222,841
724815933124,835
724816033026,834
724816132928,834
724816232830,837
724816332732,838
724816432634,838
724816532536,844
724816632438,839
724816732340,839
724816832242,844
724816932144,840
724817032046,837
724817131948,844
724817231850,840
724817331752,841
724817431654,839
724817531556,837
724817631458,839
724817731360,838
724817831262,838
724817931164,835
724818031066,834
724818130968,837
724818230870,838
724818330772,5700
724818430674,5696
724818530576,5711
724818630478,5557
724818730380,5718
724818830282,5710
724818930184,5775
724819030086,5708
724819131510,2423
724819231412,838
724819331314,838
724819431216,839
724819531118,834
724819631020,834
724819730922,838
724819830824,839
724819930726,838
724820030628,839
724820130530,838
724820230432,838
724820330334,838
724820430236,838
724820530138,835
724820630040,835
724820729942,838
724820829844,838
724820929746,837
724821029648,838
724821129550,838
724821229452,838
724821329354,839
724821429256,838
724821529158,835
724821629060,835
724821728962,838
724821828864,838
724821928766,838
724822028668,875
724822128570,838
724822228472,838
724822328374,842
724822428276,838
724822528178,838
724822628080,835
724822727982,839
724822827884,839
724822927786,839
724823027688,839
724823127590,838
724823227492,838
724823327394,839
724823427296,838
724823527198,839
724823627100,834
724823727004,835
724823826906,837
724823926808,839
724824026710,837
724824126612,839
724824226514,839
724824326416,839
724824426318,838
724824526220,839
724824626122,835
724824726024,835
724824825926,837
724824925828,838
724825025730,873
724825125632,838
724825225534,838
724825325436,838
724825425338,837
724825525240,839
724825625142,835
724825725044,835
724825824946,838
724825924848,838
724826024750,838
724826124652,838
724826224554,839
724826324456,838
724826424358,838
724826524260,839
724826624162,835
724826724064,835
724826823966,840
724826923868,841
724827023770,841
724827123672,840
724827223574,844
724827323476,841
724827423378,841
724827523280,842
724827623182,841
724827723084,834
724827822986,838
724827922888,838
724828022790,838
724828122692,838
724828222594,839
724828322496,5806
724828422398,5822
724828523818,2428
724828623735,843
724828723639,840
724828823541,841
724828923443,841
724829023345,841
724829123247,842
724829223149,835
724829323051,834
724829422953,838
724829522855,839
724829622757,837
724829722659,838
724829822561,838
724829922463,837
724830022365,839
724830122267,838
724830222169,839
724830322071,835
724830421973,837
724830521875,838
724830621777,838
724830721679,838
724830821581,838
724830921483,838
724831021385,838
724831121287,838
724831221189,836
724831321091,834
724831420993,838
724831520895,838
724831620797,838
724831720699,838
724831820601,837
724831920503,838
724832020405,839
724832120307,839
724832220209,837
724832320111,835
724832420013,835
724832519915,840
724832619817,839
724832719719,839
724832819621,838
724832919523,839
724833019425,838
724833119327,839
724833219229,835
724833319131,834
724833419033,835
724833518935,838
724833618837,838
724833718739,839
724833818641,838
724833918543,838
724834018445,838
724834118347,839
724834218249,838
724834318151,834
724834418053,835
724834517955,838
724834617857,838
724834717759,840
724834817661,838
724834917563,839
724835017465,838
724835117367,839
724835217269,837
724835317171,838
724835417073,834
724835516975,838
724835616877,838
724835716779,838
724835816681,839
724835916583,837
724836016485,837
724836116387,838
724836216289,838
724836316191,838
724836416093,835
724836515995,839
724836615897,838
724836715799,839
724836815701,838
724836915603,838
724837015505,838
724837115407,837
724837215309,838
724837315211,839
724837415113,835
724837515015,835
724837614917,838
724837714819,839
724837814721,838
724837914623,837
724838014525,838
724838114427,838
724838214329,839
724838314231,838
724838414133,5999
724838515557,2427
724838615459,839
724838715361,839
724838815263,839
724838915165,834
724839015067,835
724839114969,838
724839214871,838
724839314773,838
724839414675,838
724839514577,838
724839614479,837
724839714381,838
724839814283,838
724839914185,839
724840014087,835
724840113989,840
724840213891,840
724840313793,840
724840413695,840
724840513597,841
724840613499,841
724840713401,841
724840813303,841
724840913205,840
724841013107,835
724841113009,834
724841212911,838
724841312813,836
724841412715,838
724841512617,839
724841612519,837
724841712421,838
724841812323,838
724841912225,838
724842012127,835
724842112029,834
724842211931,839
724842311833,838
724842411735,837
724842511637,838
724842611539,838
724842711441,839
724842811343,839
724842911245,838
724843011147,835
724843111049,834
724843210951,837
724843310853,838
724843410755,837
724843510657,838
724843610559,838
724843710461,839
724843810363,838
724843910265,839
724844010167,838
724844110069,834
724844209971,837
724844309873,837
724844409775,838
724844509677,839
724844609579,839
724844709481,838
724844809383,838
724844909285,839
724845009187,839
724845109089,835
724845208991,837
724845308893,838
724845408795,837
724845508697,838
724845608599,837
724845708501,837
724845808403,838
724845908305,838
724846008207,838
724846108109,835
724846208011,835
724846307913,838
724846407815,838
724846507717,838
724846607619,838
724846707521,838
724846807423,839
724846907325,838
724847007227,838
724847107129,835
724847207031,834
724847306933,838
724847406835,839
724847506737,838
724847606639,839
724847706541,838
724847806443,838
724847906345,837
724848006247,839
724848106149,834
724848206051,835
724848305953,838
724848405855,5844
724848507278,2420
724848607180,838
724848707082,835
724848806984,838
724848906886,837
724849006788,838
724849106690,837
724849206592,839
724849306494,838
724849406396,839
724849506298,839
724849606200,838
724849706102,834
724849806005,834
724849905907,860
724850005809,838
724850105711,838
724850205613,838
724850305515,839
724850405417,839
724850505319,839
724850605221,838
724850705124,836
724850805026,835
724850904928,837
724851004830,838
724851104732,839
724851204634,837
724851304536,838
724851404438,838
724851504340,838
724851604242,838
724851704144,835
724851804046,834
724851903948,841
724852003850,841
724852103752,841
724852203654,854
724852303556,842
724852403458,841
724852503360,841
724852603262,841
724852703180,865
724852803082,834
724852902984,838
724853002886,838
724853102788,838
724853202690,838
724853302592,838
724853402494,837
724853502396,839
724853602298,838
724853702200,839
724853802102,835
724853902004,834
724854001906,838
724854101808,837
724854201710,837
724854301612,837
724854401514,838
724854501416,837
724854601318,838
724854701220,875
724854801122,835
724854901024,835
724855000926,838
724855100829,839
724855200731,838
724855300633,838
724855400535,839
724855500437,855
724855600339,838
724855700241,838
724855800143,834
724855900045,834
724855999947,838
724856099849,839
724856199751,837
724856299653,838
724856399555,838
724856499457,854
724856599359,839
724856699261,839
724856799163,836
724856899065,834
724856998967,838
724857098869,837
724857198771,838
724857298673,838
724857398575,838
724857498477,838
724857598379,838
724857698281,837
724857798183,839
724857898085,834
724857997987,838
724858097889,837
724858197791,838
724858297693,838
724858397595,5844
724858497497,5860
724858597399,5745
724858698814,2418
724858798718,839
724858898620,838
724858998522,838
724859098424,839
724859198326,839
724859298228,838
724859398130,834
724859498032,835
724859597934,838
724859697836,838
724859797738,838
724859897640,839
724859997542,838
724860097444,838
724860197346,840
724860297248,838
724860397150,835
724860497052,834
724860596954,838
724860696856,838
724860796758,838
724860896660,838
724860996562,838
724861096464,838
724861196366,837
724861296268,839
724861396170,838
724861496072,835
724861595974,839
724861695876,838
724861795778,838
724861895680,838
724861995582,838
724862095484,839
724862195386,841
724862295288,839
724862395190,837
724862495092,835
724862594994,838
724862694896,874
724862794798,838
724862894700,838
724862994602,838
724863094504,838
724863194406,838
724863294308,843
724863394211,839
724863494113,835
724863594015,835
724863693917,841
724863793819,841
724863893721,840
724863993623,841
724864093525,842
724864193427,841
724864293329,841
724864393231,841
724864493133,835
724864593035,835
724864692937,839
724864792839,837
724864892741,838
724864992643,838
724865092545,838
724865192447,837
724865292349,838
724865392251,839
724865492153,835
724865592055,835
724865691957,838
724865791859,838
724865891761,839
724865991663,838
724866091565,838
724866191467,839
724866291369,837
724866391271,836
724866491173,838
724866591075,834
724866690977,840
724866790879,837
724866890781,838
724866990683,838
724867090585,837
724867190487,837
724867290389,838
724867390291,838
724867490193,839
724867590095,835
724867689997,843
724867789899,838
724867889801,838
724867989703,842
724868089605,844
724868189507,840
724868289409,845
724868389311,6061
724868489213,5858
724868589115,5790
724868689017,5944
724868788919,6018
724868888821,5898
724868988723,5807
724869088625,5966
724869188527,5978
724869288429,5871
724869388331,5695
724869488233,5874
724869588135,5795
724869688037,5857
724869787939,5938
724869887841,5987
724869987743,5912
724870087645,5783
724870187547,5838
724870287449,5893
724870387351,5904
724870487253,5835
724870587155,5954
724870688571,2441
724870788475,838
724870888377,838
724870988279,839
724871088181,838
724871188083,834
724871287985,838
724871387887,837
724871487789,838
724871587691,837
724871687593,838
724871787495,839
724871887397,838
724871987299,838
724872087201,838
724872187103,834
724872287005,835
724872386907,838
724872486809,838
724872586711,838
724872686614,839
724872786516,838
724872886418,839
724872986320,837
724873086222,837
724873186124,834
724873286026,834
724873385928,838
724873485830,839
724873585732,837
724873685634,838
724873785536,838
724873885438,838
724873985340,838
724874085242,837
724874185144,835
724874285046,835
724874384948,838
724874484850,839
724874584752,839
724874684654,839
724874784556,839
724874884458,839
724874984360,840
724875084262,873
724875184164,834
724875284066,835
724875383968,840
724875483870,840
724875583772,841
724875683674,841
724875783576,841
724875883478,841
724875983380,841
724876083282,841
724876183184,841
724876283086,834
724876382988,837
724876482890,838
724876582813,840
724876682715,839
724876782617,839
724876882519,837
724876982421,838
724877082323,838
724877182225,837
724877282127,834
724877382029,834
724877481931,838
724877581833,838
724877681735,838
724877781637,839
724877881539,837
724877981441,839
724878081343,838
724878181245,838
724878281147,834
724878381049,5768
724878480951,5843
724878580853,5686
724878682273,2435
724878782177,839
724878882079,834
724878981981,838
724879081883,838
724879181785,837
724879281687,838
724879381589,838
724879481491,839
724879581393,837
724879681295,838
724879781197,838
724879881099,834
724879981004,835
724880080906,838
724880180808,837
724880280710,838
724880380612,838
724880480514,838
724880580416,839
724880680318,839
724880780220,839
724880880122,834
724880980024,835
724881079926,838
724881179828,838
724881279730,838
724881379632,839
724881479534,838
724881579436,838
724881679338,838
724881779240,838
724881879142,835
724881979044,835
724882078946,837
724882178848,838
724882278750,838
724882378652,838
724882478554,839
724882578456,838
724882678358,839
724882778260,839
724882878162,835
724882978064,834
724883077966,838
724883177868,838
724883277770,838
724883377672,838
724883477574,839
724883577476,838
724883677378,838
724883777280,838
724883877182,838
724883977084,834
724884076986,838
724884176888,838
724884276790,838
724884376692,838
724884476594,838
724884576496,838
724884676398,839
724884776300,839
724884876202,838
724884976104,835
724885076006,834
724885175908,838
724885275810,838
724885375712,838
724885475614,839
724885575516,839
724885675418,839
724885775320,838
724885875223,838
724885975125,835
724886075027,835
724886174929,838
724886274831,837
724886374733,837
724886474635,838
724886574537,839
724886674439,838
724886774341,839
724886874243,872
724886974145,834
724887074047,834
724887173949,840
724887273851,840
724887373753,840
724887473655,841
724887573557,840
724887673459,841
724887773361,841
724887873263,841
724887973165,835
724888073067,835
724888172969,839
724888272871,838
724888372773,5729
724888472675,5706
724888572577,5620
724888673994,2439
724888773898,841
724888873800,840
724888973702,841
724889073604,841
724889173506,840
724889273408,841
724889373310,840
724889473212,842
724889573114,835
724889673016,835
724889772918,838
724889872820,874
724889972722,839
724890072624,838
724890172526,838
724890272428,839
724890372330,837
724890472232,839
724890572134,834
724890672036,835
724890771938,838
724890871840,838
724890971742,838
724891071644,838
724891171546,838
724891271448,839
724891371350,838
724891471252,838
724891571154,834
724891671056,835
724891770958,837
724891870860,838
724891970762,838
724892070665,838
724892170567,838
724892270469,838
724892370371,837
724892470273,838
724892570175,837
724892670077,835
724892769979,837
724892869881,838
724892969783,837
724893069685,838
724893169587,837
724893269489,838
724893369391,838
724893469293,839
724893569195,839
724893669097,834
724893768999,838
724893868901,838
724893968803,836
724894068705,838
724894168607,838
724894268509,838
724894368411,837
724894468313,838
724894568215,838
724894668117,846
724894768019,835
724894867921,838
724894967823,838
724895067725,838
724895167627,838
724895267529,838
724895367431,838
724895467333,839
724895567235,838
724895667137,835
724895767039,834
724895866941,838
724895966843,838
724896066745,838
724896166647,838
724896266549,838
724896366451,839
724896466353,838
724896566255,838
724896666157,835
724896766059,835
724896865961,837
724896965863,839
724897065765,837
724897165667,838
724897265569,838
724897365471,838
724897465373,838
724897565275,838
724897665177,838
724897765079,835
724897864981,838
724897964883,838
724898064785,835
724898164687,838
724898264589,837
724898364491,5720
724898464393,5873
724898564295,5697
724898665714,2426
724898765618,838
724898865520,838
724898965422,838
724899065324,838
724899165226,838
724899265128,834
724899365030,835
724899464932,857
724899564834,838
724899664736,837
724899764638,838
724899864540,839
724899964442,839
724900064344,838
724900164246,838
724900264148,834
724900364050,834
724900463952,883
724900563873,842
724900663775,841
724900763677,840
724900863579,841
724900963481,841
724901063383,863
724901163285,841
724901263187,841
724901363089,835
724901462991,838
724901562893,838
724901662795,837
724901762697,838
724901862599,837
724901962501,838
724902062403,838
724902162305,838
724902262207,838
724902362109,835
724902462011,834
724902561913,838
724902661815,874
724902761717,838
724902861619,838
724902961521,838
724903061423,839
724903161325,838
724903261227,838
724903361129,835
724903461031,834
724903560933,837
724903660835,838
724903760737,838
724903860639,839
724903960541,838
724904060443,839
724904160345,837
724904260247,839
724904360149,835
724904460051,834
724904559953,839
724904659855,859
724904759757,838
724904859659,837
724904959561,874
724905059463,838
724905159365,838
724905259267,838
724905359169,837
724905459071,834
724905558973,837
724905658875,882
724905758777,838
724905858679,837
724905958581,838
724906058483,839
724906158385,838
724906258287,839
724906358189,839
724906458091,834
724906557993,838
724906657895,837
724906757797,838
724906857699,838
724906957601,838
724907057503,838
724907157405,869
724907257307,838
724907357209,838
724907457111,835
724907557013,835
724907656915,837
724907756817,839
724907856719,838
724907956621,838
724908056523,838
724908156425,855
724908256327,838
724908356229,5939
724908457649,2419
724908557552,839
724908657455,839
724908757357,839
724908857259,839
724908957161,834
724909057063,835
724909156965,838
724909256867,838
724909356769,838
724909456671,838
724909556573,838
724909656475,838
724909756377,839
724909856279,838
724909956181,838
724910056083,835
724910155985,837
724910255887,838
724910355789,838
724910455691,837
724910555593,838
724910655495,854
724910755397,839
724910855299,838
724910955201,838
724911055103,834
724911155005,835
724911254907,837
724911354809,838
724911454711,838
724911554613,838
724911654515,838
724911754417,838
724911854319,838
724911954221,838
724912054123,834
724912154025,834
724912253927,841
724912353829,840
724912453731,852
724912553633,841
724912653535,854
724912753437,841
724912853339,842
724912953241,853
724913053143,834
724913153045,835
724913252947,838
724913352849,837
724913452751,838
724913552653,839
724913652555,839
724913752457,837
724913852359,839
724913952261,838
724914052163,835
724914152065,834
724914251967,838
724914351869,838
724914451772,839
724914551674,838
724914651577,840
724914751479,839
724914851381,839
724914951283,838
724915051185,838
724915151087,835
724915250989,838
724915350891,837
724915450793,838
724915550695,837
724915650597,837
724915750499,838
724915850401,838
724915950303,839
724916050205,839
724916150107,834
724916250009,835
724916349911,839
724916449813,838
724916549715,838
724916649617,837
724916749519,836
724916849421,838
724916949323,838
724917049225,838
724917149127,834
724917249029,834
724917348931,837
724917448833,838
724917548735,838
724917648637,838
724917748539,839
724917848441,839
724917948343,838
724918048245,838
724918148147,834
724918248049,835
724918347951,5552
724918447853,5736
724918547755,5743
724918649179,2466
724918749083,834
724918848985,843
724918948887,839
724919048789,837
724919148691,844
724919248593,843
724919348495,839
724919448397,845
724919548299,840
724919648201,839
724919748103,835
724919848005,834
724919947907,837
724920047809,838
724920147711,838
724920247613,839
724920347515,839
724920447417,839
724920547319,838
724920647221,838
724920747124,834
724920847026,835
724920946928,838
724921046830,838
724921146732,838
724921246634,837
724921346536,838
724921446438,837
724921546340,838
724921646242,839
724921746144,834
724921846046,835
724921945948,838
724922045850,839
724922145752,919
724922245655,872
724922345557,871
724922445459,872
724922545361,873
724922645263,871
724922745165,839
724922845067,835
724922944969,838
724923044871,838
724923144773,837
724923244675,838
724923344577,839
724923444480,838
724923544382,839
724923644284,839
724923744186,839
724923844088,834
724923943990,840
724924043892,840
724924143794,840
724924243696,841
724924343598,841
724924443500,840
724924543402,842
724924643321,844
724924743223,842
724924843125,834
724924943027,834
724925042929,837
724925142831,837
724925242733,838
724925342635,838
724925442537,838
724925542439,838
724925642341,838
724925742243,838
724925842145,835
724925942047,835
724926041949,838
724926141851,838
724926241753,838
724926341655,837
724926441557,837
724926541459,839
724926641361,838
724926741263,839
724926841165,834
724926941067,835
724927040969,837
724927140871,837
724927240773,838
724927340675,839
724927440577,838
724927540479,838
724927640381,838
724927740283,842
724927840185,838
724927940087,834
724928039989,838
724928139891,838
724928239793,838
724928339695,5924
724928439597,5632
724928539499,5688
724928640915,2427
724928740819,843
724928840721,838
724928940623,838
724929040525,838
724929140427,838
724929240329,839
724929340231,837
724929440133,835
724929540035,835
724929639937,838
724929739839,838
724929839741,839
724929939643,837
724930039545,839
724930139447,838
724930239349,838
724930339251,838
724930439153,834
724930539055,834
724930638957,839
724930738859,838
724930838761,837
724930938663,838
724931038565,838
724931138467,837
724931238369,838
724931338271,838
724931438173,838
724931538075,834
724931637977,838
724931737879,838
724931837781,874
724931937683,837
724932037585,838
724932137487,838
724932237389,838
724932337291,838
724932437193,838
724932537095,835
724932636997,838
724932736900,838
724932836802,838
724932936704,837
724933036606,837
724933136508,837
724933236410,837
724933336312,837
724933436214,839
724933536116,834
724933636018,835
724933735920,837
724933835822,839
724933935724,839
724934035626,838
724934135528,838
724934235430,838
724934335332,838
724934435234,838
724934535136,834
724934635038,835
724934734940,838
724934834842,838
724934934744,837
724935034646,837
724935134548,838
724935234450,838
724935334352,838
724935434254,839
724935534156,835
724935634058,835
724935733960,839
724935833862,841
724935933764,839
724936033666,840
724936133568,840
724936233470,842
724936333372,841
724936433274,841
724936533176,841
724936633078,834
724936732981,837
724936832883,838
724936932785,839
724937032687,838
724937132589,838
724937232491,838
724937332393,838
724937432295,838
724937532197,839
724937632099,834
724937732004,834
724937831906,838
724937931808,838
724938031710,838
724938131612,838
724938231514,838
724938332927,2407
724938432829,838
724938532731,838
724938632634,838
724938732536,839
724938832438,838
724938932340,838
724939032242,837
724939132144,835
724939232046,834
724939331948,838
724939431850,838
724939531752,838
724939631654,837
724939731556,838
724939831458,838
724939931360,839
724940031262,838
724940131164,834
724940231066,835
724940330968,838
724940430870,837
724940530772,838
724940630674,838
724940730576,838
724940830478,837
724940930380,837
724941030282,838
724941130184,838
724941230086,834
724941329988,837
724941429890,838
724941529792,838
724941629694,837
724941729596,838
724941829498,838
724941929400,838
724942029302,838
724942129204,838
724942229106,835
724942329008,835
724942428910,837
724942528812,838
724942628714,838
724942728616,838
724942828518,838
724942928420,838
724943028322,838
724943128224,838
724943228126,834
724943328028,834
724943427930,838
724943527832,839
724943627734,838
724943727636,839
724943827538,838
724943927440,840
724944027342,838
724944127244,838
724944227146,835
724944327048,834
724944426950,839
724944526852,838
724944626754,837
724944726657,839
724944826559,838
724944926461,837
724945026363,837
724945126265,837
724945226167,838
724945326069,834
724945425971,837
724945525873,838
724945625775,838
724945725677,839
724945825579,838
724945925481,838
724946025383,838
724946125285,838
724946225187,838
724946325089,835
724946424991,838
724946524893,838
724946624795,838
724946724697,839
724946824599,839
724946924501,838
724947024403,839
724947124305,838
724947224207,838
724947324109,834
724947424011,834
724947523913,841
724947623815,840
724947723717,841
724947823619,841
724947923521,840
724948023423,841
724948123325,840
724948223227,841
724948323129,5760
724948423031,5696
724948524467,2444
724948624384,838
724948724286,838
724948824188,838
724948924090,834
724949023992,839
724949123894,840
724949223796,840
724949323698,840
724949423600,841
724949523502,840
724949623404,840
724949723306,842
724949823208,841
724949923110,835
724950023012,835
724950122914,837
724950222816,838
724950322718,837
724950422620,839
724950522522,838
724950622424,838
724950722326,838
724950822228,838
724950922130,835
724951022032,834
724951121934,837
724951221836,838
724951321738,838
724951421640,838
724951521542,838
724951621444,838
724951721346,838
724951821248,838
724951921150,834
724952021052,835
724952120954,838
724952220856,860
724952320758,839
724952420660,837
724952520562,839
724952620464,838
724952720366,838
724952820268,838
724952920170,838
724953020072,835
724953119974,837
724953219876,838
724953319778,837
724953419680,839
724953519582,839
724953619484,838
724953719386,839
724953819288,838
724953919190,838
724954019092,834
724954118994,838
724954218896,840
724954318798,838
724954418700,838
724954518602,839
724954618504,838
724954718407,839
724954818309,838
724954918211,839
724955018113,835
724955118015,835
724955217917,838
724955317819,838
724955417721,837
724955517623,839
724955617525,838
724955717427,838
724955817329,839
724955917231,838
724956017133,834
724956117035,834
724956216937,837
724956316839,838
724956416741,838
724956516643,839
724956616545,837
724956716447,839
724956816349,838
724956916251,838
724957016153,835
724957116055,835
724957215957,838
724957315859,839
724957415761,838
724957515663,838
724957615565,837
724957715467,839
724957815369,838
724957915271,838
724958015173,839
724958115075,835
724958214977,839
724958314879,3090
724958414781,5818
724958514683,5762
724958614585,5834
724958714487,5714
724958814389,5800
724958914291,5732
724959015711,2420
724959115613,838
724959215515,838
724959315417,839
724959415319,838
724959515221,838
724959615123,834
724959715025,835
724959814927,838
724959914829,839
724960014731,838
724960114633,838
724960214535,838
724960314437,838
724960414339,839
724960514241,838
724960614143,834
724960714045,835
724960813947,840
724960913849,840
724961013751,841
724961113653,841
724961213555,841
724961313457,841
724961413359,841
724961513261,841
724961613163,834
724961713065,835
724961812967,837
724961912869,838
724962012771,838
724962112673,838
724962212575,839
724962312477,837
724962412379,838
724962512281,839
724962612183,838
724962712085,835
724962811987,837
724962911889,838
724963011791,841
724963111693,836
724963211595,837
724963311497,838
724963411399,838
724963511301,838
724963611203,838
724963711105,835
724963811007,834
724963910909,838
724964010811,838
724964110713,838
724964210615,838
724964310517,838
724964410419,837
724964510321,839
724964610224,839
724964710127,835
724964810029,834
724964909931,837
724965009833,837
724965109735,837
724965209637,838
724965309539,837
724965409441,838
724965509343,838
724965609245,837
724965709147,835
724965809049,835
724965908951,838
724966008853,838
724966108755,838
724966208657,837
724966308559,837
724966408461,838
724966508363,838
724966608265,838
724966708168,838
724966808070,835
724966907972,837
724967007874,838
724967107776,838
724967207678,839
724967307580,838
724967407482,838
724967507384,838
724967607286,838
724967707188,839
724967807090,834
724967906992,837
724968006894,838
724968106796,839
724968206698,839
724968306600,873
