723967056133,2309
723967156051,518
723967255953,522
723967355857,421
723967455759,421
723967555661,421
723967655563,417
723967755465,418
723967855367,417
723967955269,418
723968055171,417
723968155073,417
723968254975,421
723968354877,420
723968454779,421
723968554681,421
723968654583,420
723968754487,417
723968854389,417
723968954291,417
723969054193,417
723969154095,417
723969253997,425
723969353899,423
723969453801,435
723969553703,424
723969653605,423
723969753509,418
723969853411,417
723969953313,417
723970053215,418
723970153117,417
723970253019,417
723970352921,420
723970452823,421
723970552725,420
723970652627,436
723970752529,418
723970852431,417
723970952333,417
723971052235,417
723971152137,417
723971252039,417
723971351941,420
723971451843,420
723971551745,420
723971651647,421
723971751549,418
723971851451,417
723971951353,417
723972051255,417
723972151157,417
723972251059,417
723972350961,421
723972450863,420
723972550765,421
723972650667,421
723972750569,418
723972850471,417
723972950373,416
723973050275,417
723973150177,417
723973250079,417
723973349981,421
723973449883,421
723973549785,420
723973649687,420
723973749589,420
723973849491,417
723973949393,417
723974049295,417
723974149197,417
723974249099,417
723974349004,418
723974448906,420
723974548808,421
723974648710,421
723974748612,422
723974848514,417
723974948416,418
723975048318,418
723975148220,417
723975248122,417
723975348024,417
723975447926,421
723975547828,420
723975647730,421
723975747632,420
723975847534,418
723975947436,417
723976047338,418
723976147240,417
723976247142,417
723976347044,417
723976446946,420
723976546848,420
723976646750,420
723976746652,421
723976846554,417
723976946456,417
723977046358,417
723977146260,3179
723977246162,3132
723977346064,3117
723977445966,3246
723977545868,3185
723977645770,3125
723977745672,3162
723977847092,1994
723977946996,421
723978046898,422
723978146800,421
723978246702,421
723978346604,420
723978446506,417
723978546408,418
723978646311,418
723978746213,418
723978846115,417
723978946017,417
723979045919,420
723979145821,420
723979245723,421
723979345625,420
723979445527,417
723979545429,417
723979645331,417
723979745233,417
723979845135,418
723979945037,417
723980044939,421
723980144841,421
723980244743,421
723980344645,421
723980444547,417
723980544449,418
723980644351,417
723980744253,418
723980844155,417
723980944057,417
723981043959,423
723981143861,422
723981243763,423
723981343665,423
723981443567,417
723981543469,418
723981643371,417
723981743273,418
723981843175,417
723981943077,417
723982042979,421
723982142881,420
723982242783,420
723982342685,420
723982442587,420
723982542489,417
723982642391,417
723982742293,418
723982842195,417
723982942097,418
723983041999,421
723983141901,420
723983241803,421
723983341705,421
723983441607,421
723983541509,417
723983641411,417
723983741313,417
723983841215,417
723983941117,418
723984041019,417
723984140921,421
723984240823,421
723984340725,421
723984440627,420
723984540529,417
723984640431,417
723984740333,418
723984840235,417
723984940137,418
723985040039,417
723985139941,420
723985239843,421
723985339745,420
723985439647,421
723985539549,417
723985639451,417
723985739353,418
723985839255,417
723985939157,417
723986039059,418
723986138961,421
723986238863,420
723986338765,420
723986438667,420
723986538569,418
723986638471,417
723986738373,418
723986838275,417
723986938177,417
723987038079,417
723987137981,3066
723987237883,3090
723987339304,1992
723987439208,417
723987539110,418
723987639012,417
723987738914,421
723987838816,420
723987938718,420
723988038620,421
723988138524,418
723988238426,417
723988338328,417
723988438230,417
723988538132,418
723988638034,417
723988737936,421
723988837838,420
723988937740,421
723989037642,421
723989137544,417
723989237446,417
723989337348,417
723989437250,417
723989537152,418
723989637054,417
723989736956,421
723989836858,421
723989936760,420
723990036662,421
723990136564,417
723990236466,417
723990336368,417
723990436270,417
723990536172,429
723990636074,417
723990735976,421
723990835878,421
723990935780,421
723991035682,421
723991135604,422
723991235506,418
723991335408,418
723991435310,417
723991535212,417
723991635114,417
723991735016,418
723991834918,420
723991934820,421
723992034722,421
723992134624,421
723992234526,418
723992334428,418
723992434330,417
723992534232,418
723992634134,417
723992734036,418
723992833938,425
723992933840,423
723993033742,423
723993133644,424
723993233546,418
723993333448,417
723993433350,417
723993533252,417
723993633154,417
723993733056,418
723993832958,421
723993932860,422
723994032762,420
723994132664,422
723994232566,418
723994332468,417
723994432370,417
723994532272,417
723994632174,417
723994732076,418
723994831978,421
723994931880,421
723995031782,421
723995131684,420
723995231586,421
723995331488,417
723995431390,417
723995531292,417
723995631194,417
723995731096,418
723995830998,421
723995930900,421
723996030802,421
723996130704,426
723996230606,421
723996330508,418
723996430410,417
723996530312,418
723996630214,417
723996730116,418
723996830018,417
723996929920,421
723997029822,421
723997129724,3255
723997229626,3192
723997331046,1992
723997430950,421
723997530852,421
723997630754,421
723997730656,421
723997830558,417
723997930460,417
723998030362,417
723998130264,417
723998230166,417
723998330068,418
723998429970,421
723998529872,421
723998629774,420
723998729676,421
723998829578,417
723998929480,418
723999029382,417
723999129284,417
723999229186,417
723999329088,417
723999428990,421
723999528892,420
723999628794,420
723999728696,421
723999828598,420
723999928500,416
724000028402,417
724000128304,417
724000228206,417
724000328108,417
724000428010,417
724000527912,420
724000627814,420
724000727716,422
724000827618,420
724000927520,417
724001027422,417
724001127324,417
724001227226,417
724001327128,417
724001427030,417
724001526932,421
724001626834,420
724001726736,422
724001826638,421
724001926540,417
724002026442,417
724002126344,417
724002226246,417
724002326148,417
724002426050,417
724002525952,421
724002625854,420
724002725756,421
724002825658,420
724002925560,417
724003025462,417
724003125364,417
724003225266,417
724003325168,417
724003425070,417
724003524972,420
724003624874,421
724003724776,421
724003824678,421
724003924580,417
724004024482,417
724004124384,417
724004224286,417
724004324188,417
724004424090,418
724004523992,423
724004623894,423
724004723796,423
724004823698,423
724004923600,423
724005023502,417
724005123404,417
724005223306,418
724005323208,420
724005423110,417
724005523012,417
724005622914,420
724005722816,420
724005822718,420
724005922620,420
724006022522,417
724006122424,418
724006222326,416
724006322228,417
724006422130,417
724006522032,438
724006621934,420
724006721836,421
724006821738,420
724006921640,420
724007021542,417
724007121444,3096
724007221346,3122
724007321248,3101
724007421150,3095
724007521052,3162
724007620954,3135
724007720856,3240
724007820758,3218
724007920660,3175
724008020562,3076
724008120464,3253
724008220366,3185
724008321779,1994
724008421683,420
724008521585,421
724008621487,420
724008721389,420
724008821291,419
724008921193,421
724009021095,418
724009120997,420
724009220899,420
724009320801,420
724009420703,421
724009520605,421
724009620507,417
724009720409,417
724009820311,417
724009920213,417
724010020115,417
724010120017,418
724010219919,420
724010319821,421
724010419723,421
724010519625,420
724010619527,417
724010719429,418
724010819331,417
724010919233,417
724011019135,418
724011119037,417
724011218939,420
724011318841,421
724011418743,420
724011518645,421
724011618547,417
724011718449,417
724011818351,417
724011918253,417
724012018155,417
724012118057,417
724012217959,420
724012317861,420
724012417763,421
724012517665,421
724012617567,417
724012717469,418
724012817371,417
724012917273,417
724013017175,417
724013117077,417
724013216979,420
724013316881,420
724013416783,420
724013516685,421
724013616587,420
724013716489,418
724013816391,417
724013916293,417
724014016195,417
724014116097,417
724014215999,420
724014315901,421
724014415803,420
724014515705,420
724014615607,421
724014715509,418
724014815411,418
724014915313,417
724015015215,417
724015115132,417
724015215034,417
724015314936,420
724015414838,421
724015514740,421
724015614642,420
724015714544,418
724015814446,417
724015914348,417
724016014250,417
724016114152,417
724016214054,417
724016313956,422
724016413858,423
724016513760,424
724016613662,424
724016713564,418
724016813466,417
724016913368,417
724017013270,417
724017113172,3088
724017213074,3247
724017312976,3071
724017412878,3100
724017514301,2001
724017614205,417
724017714107,418
724017814009,417
724017913911,423
724018013813,424
724018113715,422
724018213617,423
724018313519,417
724018413421,417
724018513323,417
724018613225,417
724018713128,418
724018813030,417
724018912932,421
724019012834,421
724019112736,420
724019212638,420
724019312541,417
724019412443,417
724019512345,417
724019612247,417
724019712149,418
724019812051,418
724019911953,421
724020011855,421
724020111757,420
724020211659,421
724020311561,418
724020411463,417
724020511365,417
724020611267,417
724020711169,418
724020811071,418
724020910973,421
724021010875,421
724021110777,421
724021210679,420
724021310581,417
724021410483,417
724021510385,417
724021610287,417
724021710189,418
724021810091,417
724021909993,420
724022009895,421
724022109797,421
724022209699,420
724022309601,421
724022409503,417
724022509405,417
724022609307,417
724022709209,418
724022809111,418
724022909013,417
724023008915,420
724023108817,421
724023208719,421
724023308621,420
724023408523,418
724023508425,417
724023608327,416
724023708229,417
724023808131,417
724023908033,417
724024007935,419
724024107837,420
724024207739,420
724024307641,421
724024407543,417
724024507445,418
724024607347,417
724024707249,418
724024807151,417
724024907053,417
724025006955,422
724025106857,421
724025206759,421
724025306661,420
724025406563,417
724025506465,417
724025606367,417
724025706269,417
724025806171,417
724025906073,417
724026005975,420
724026105877,420
724026205779,420
724026305681,420
724026405583,420
724026505485,418
724026605387,417
724026705289,418
724026805191,417
724026905093,417
724027004995,421
724027104897,3145
724027204799,3175
724027304701,3071
724027404603,3132
724027504505,3268
724027604407,3143
724027704309,3113
724027804211,3110
724027904113,3115
724028005536,2004
724028105440,417
724028205342,418
724028305244,417
724028405146,417
724028505048,418
724028604950,422
724028704852,422
724028804754,421
724028904657,422
724029004559,417
724029104461,418
724029204363,417
724029304265,417
724029404167,417
724029504069,418
724029603971,423
724029703873,438
724029803775,423
724029903677,423
724030003579,417
724030103481,417
724030203383,417
724030303285,417
724030403187,417
724030503089,418
724030602991,421
724030702893,421
724030802795,421
724030902697,422
724031002599,421
724031102501,417
724031202403,417
724031302305,417
724031402207,417
724031502109,418
724031602011,418
724031701913,420
724031801815,421
724031901717,420
724032001619,421
724032101521,417
724032201423,418
724032301325,418
724032401227,417
724032501129,417
724032601031,417
724032700933,457
724032800835,427
724032900737,420
724033000639,420
724033100541,417
724033200443,417
724033300345,418
724033400247,417
724033500149,418
724033600051,417
724033699953,421
724033799855,420
724033899757,420
724033999659,422
724034099561,417
724034199463,417
724034299365,418
724034399267,418
724034499169,418
724034599071,417
724034698973,422
724034798875,421
724034898777,420
724034998679,421
724035098581,417
724035198483,417
724035298385,417
724035398287,417
724035498189,417
724035598091,417
724035697993,421
724035797895,420
724035897797,420
724035997699,420
724036097601,420
724036197503,417
724036297405,418
724036397307,417
724036497209,418
724036597111,417
724036697013,417
724036796915,421
724036896817,420
724036996719,421
724037096621,3032
724037196523,3138
724037296425,3254
724037396327,3230
724037496229,3243
724037596131,3192
724037696033,3247
724037795935,3175
724037897357,1993
724037997261,417
724038097163,417
724038197065,417
724038296967,420
724038396869,421
724038496771,421
724038596673,421
724038696575,418
724038796477,417
724038896379,418
724038996298,418
724039096200,418
724039196102,418
724039296004,417
724039395906,422
724039495808,420
724039595710,421
724039695612,421
724039795514,418
724039895416,418
724039995318,417
724040095220,417
724040195122,417
724040295024,417
724040394926,420
724040494828,420
724040594730,421
724040694632,421
724040794534,418
724040894436,417
724040994338,418
724041094240,417
724041194142,417
724041294044,417
724041393946,422
724041493848,423
724041593750,423
724041693652,434
724041793554,417
724041893456,417
724041993358,417
724042093260,417
724042193162,417
724042293064,417
724042392966,420
724042492868,420
724042592770,420
724042692672,421
724042792574,418
724042892476,417
724042992378,417
724043092280,417
724043192182,417
724043292084,417
724043391986,420
724043491888,421
724043591790,420
724043691692,421
724043791594,421
724043891496,417
724043991398,417
724044091300,417
724044191202,418
724044291104,418
724044391006,417
724044490908,421
724044590810,421
724044690712,421
724044790614,421
724044890516,417
724044990418,417
724045090320,417
724045190222,417
724045290124,417
724045390026,417
724045489928,421
724045589830,420
724045689732,420
724045789634,420
724045889536,417
724045989438,417
724046089340,417
724046189242,417
724046289144,417
724046389046,417
724046488948,420
724046588850,420
724046688752,438
724046788654,421
724046888556,417
724046988458,417
724047088360,3258
724047188262,3270
724047288164,3134
724047388066,3143
724047487968,3293
724047589393,1995
724047689297,417
724047789199,417
724047889101,417
724047989004,417
724048088908,420
724048188811,420
724048288713,421
724048388615,420
724048488517,417
724048588419,417
724048688321,418
724048788223,417
724048888125,417
724048988027,417
724049087929,421
724049187831,421
724049287733,421
724049387635,422
724049487537,417
724049587439,417
724049687341,417
724049787243,418
724049887145,417
724049987047,417
724050086949,420
724050186851,420
724050286753,421
724050386655,421
724050486557,418
724050586459,417
724050686361,417
724050786263,453
724050886165,417
724050986067,417
724051085969,420
724051185871,419
724051285773,420
724051385675,421
724051485577,418
724051585479,417
724051685381,417
724051785283,417
724051885185,418
724051985087,418
724052084989,421
724052184891,420
724052284793,421
724052384695,421
724052484597,421
724052584499,417
724052684401,418
724052784303,417
724052884205,417
724052984107,417
724053084009,417
724053183911,423
724053283813,423
724053383715,422
724053483617,423
724053583519,417
724053683421,417
724053783323,417
724053883225,417
724053983127,417
724054083029,417
724054182931,419
724054282833,421
724054382735,421
724054482637,421
724054582539,417
724054682441,417
724054782343,417
724054882245,417
724054982147,417
724055082049,417
724055181951,421
724055281853,421
724055381755,420
724055481657,420
724055581559,417
724055681461,417
724055781363,417
724055881265,417
724055981167,417
724056081069,417
724056180971,421
724056280873,421
724056380775,420
724056480677,422
724056580579,418
724056680481,417
724056780383,417
724056880285,417
724056980187,417
724057080089,3273
724057179991,3327
724057281415,2009
724057381319,417
724057481223,417
724057581125,417
724057681027,418
724057780929,421
724057880831,421
724057980733,421
724058080636,422
724058180538,417
724058280440,417
724058380342,417
724058480244,417
724058580146,417
724058680048,417
724058779952,421
724058879854,420
724058979756,421
724059079658,420
724059179560,417
724059279462,417
724059379364,418
724059479266,421
724059579168,417
724059679070,417
724059778972,423
724059878874,422
724059978776,421
724060078678,424
724060178580,417
724060278482,418
724060378384,417
724060478286,417
724060578188,417
724060678090,417
724060777992,421
724060877894,420
724060977796,422
724061077698,420
724061177600,420
724061277502,417
724061377404,417
724061477306,417
724061577208,417
724061677110,417
724061777012,418
724061876914,422
724061976816,421
724062076718,420
724062176620,421
724062276522,417
724062376424,417
724062476326,417
724062576228,417
724062676130,417
724062776032,417
724062875934,420
724062975836,421
724063075755,421
724063175657,420
724063275559,417
724063375461,417
724063475363,418
724063575265,417
724063675167,417
724063775069,417
724063874971,421
724063974873,421
724064074775,421
724064174677,421
724064274579,417
724064374481,417
724064474383,417
724064574285,417
724064674187,418
724064774089,417
724064873991,425
724064973893,423
724065073795,422
724065173697,423
724065273599,423
724065373501,417
724065473403,417
724065573305,417
724065673207,417
724065773109,417
724065873011,417
724065972913,421
724066072815,421
724066172717,420
724066272619,421
724066372521,418
724066472423,417
724066572325,417
724066672227,417
724066772129,418
724066872031,417
724066971933,420
724067071835,3184
724067171737,3225
724067271639,3339
724067371541,3129
724067471443,3166
724067571345,3057
724067671247,3242
724067771149,3222
724067871051,3191
724067972474,1995
724068072378,417
724068172280,418
724068272182,417
724068372084,417
724068471986,420
724068571888,421
724068671790,421
724068771692,420
724068871594,420
724068971496,417
724069071398,417
724069171300,417
724069271202,417
724069371104,417
724069471006,418
724069570908,421
724069670810,420
724069770713,421
724069870615,421
724069970517,417
724070070419,417
724070170321,417
724070270223,417
724070370125,417
724070470027,417
724070569929,421
724070669831,421
724070769733,421
724070869635,421
724070969537,418
724071069439,417
724071169341,417
724071269243,417
724071369145,417
724071469047,417
724071568949,421
724071668851,421
724071768753,421
724071868655,421
724071968557,417
724072068459,417
724072168361,416
724072268263,417
724072368165,417
724072468067,418
724072567969,420
724072667871,431
724072767773,421
724072867675,420
724072967577,417
724073067479,417
724073167381,417
724073267283,417
724073367185,417
724073467087,417
724073566989,420
724073666891,420
724073766793,420
724073866695,421
724073966597,421
724074066499,417
724074166401,416
724074266303,417
724074366205,417
724074466107,417
724074566009,417
724074665911,421
724074765813,421
724074865715,421
724074965617,421
724075065519,417
724075165421,417
724075265323,417
724075365225,417
724075465127,417
724075565029,418
724075664931,421
724075764833,421
724075864735,421
724075964637,421
724076064539,417
724076164441,417
724076264343,416
724076364245,417
724076464147,434
724076564049,418
724076663951,424
724076763853,423
724076863755,423
724076963657,423
724077063559,3181
724077164983,1999
724077264887,435
724077364789,421
724077464691,469
724077564593,421
724077664495,417
724077764397,417
724077864299,417
724077964201,417
724078064103,417
724078164006,417
724078263908,422
724078363810,423
724078463712,428
724078563614,423
724078663516,417
724078763418,418
724078863320,417
724078963222,417
724079063124,417
724079163026,417
724079262928,421
724079362830,420
724079462732,420
724079562634,420
724079662536,417
724079762438,418
724079862340,417
724079962242,418
724080062144,417
724080162046,417
724080261948,421
724080361850,421
724080461752,420
724080561654,420
724080661556,417
724080761458,418
724080861360,417
724080961262,417
724081061164,418
724081161066,417
724081260968,420
724081360870,421
724081460772,420
724081560674,421
724081660576,417
724081760478,417
724081860380,417
724081960282,435
724082060184,417
724082160086,434
724082259988,435
724082359890,437
724082459792,437
724082559694,437
724082659596,476
724082759498,418
724082859400,417
724082959302,417
724083059204,417
724083159106,417
724083259008,417
724083358911,446
724083458813,421
724083558715,421
724083658617,433
724083758519,417
724083858421,417
724083958323,417
724084058225,417
724084158127,417
724084258029,417
724084357931,421
724084457833,421
724084557735,420
724084657637,421
724084757539,418
724084857441,417
724084957343,417
724085057245,417
724085157147,417
724085257049,417
724085356951,421
724085456853,421
724085556755,421
724085656657,420
724085756559,418
724085856461,418
724085956363,417
724086056265,417
724086156167,417
724086256069,417
724086355971,420
724086455873,420
724086555775,420
724086655677,420
724086755579,417
724086855481,418
724086955383,417
724087056803,1999
724087156707,421
724087256609,421
724087356511,418
724087456413,417
724087556315,417
724087656217,417
724087756119,417
724087856021,417
724087955923,420
724088055825,421
724088155727,420
724088255629,421
724088355531,417
724088455433,417
724088555335,418
724088655237,418
724088755139,417
724088855041,417
724088954943,421
724089054845,420
724089154747,420
724089254649,421
724089354551,417
724089454453,417
724089554355,417
724089654257,417
724089754159,417
724089854061,417
724089953963,435
724090053865,424
724090153767,423
724090253669,423
724090353571,417
724090453473,418
724090553375,417
724090653277,430
724090753179,417
724090853081,417
724090952983,421
724091052885,421
724091152787,421
724091252689,421
724091352591,420
724091452493,417
724091552395,417
724091652297,416
724091752199,418
724091852101,418
724091952004,417
724092051906,420
724092151808,435
724092251710,420
724092351612,421
724092451514,417
724092551416,417
724092651318,417
724092751220,418
724092851122,428
724092951024,417
724093050926,420
724093150828,423
724093250730,421
724093350632,421
724093450534,417
724093550436,417
724093650338,417
724093750240,417
724093850142,416
724093950044,417
724094049946,420
724094149848,420
724094249750,420
724094349652,420
724094449554,417
724094549456,417
724094649358,417
724094749260,418
724094849162,417
724094949064,417
724095048966,420
724095148868,420
724095248770,421
724095348672,420
724095448574,417
724095548476,417
724095648378,417
724095748280,418
724095848182,418
724095948084,417
724096047986,420
724096147888,419
724096247790,420
724096347692,420
724096447594,420
724096547496,417
724096647398,416
724096747300,418
724096847202,417
724096947104,417
724097047006,417
724097146908,3171
724097246810,3120
724097346712,3232
724097446614,3149
724097546516,3037
724097646418,3037
724097747834,2010
724097847738,420
724097947640,420
724098047544,417
724098147446,416
724098247348,417
724098347250,417
724098447152,417
724098547054,418
724098646956,421
724098746858,421
724098846760,421
724098946662,420
724099046564,417
724099146466,417
724099246368,417
724099346270,417
724099446172,417
724099546074,417
724099645976,420
724099745878,420
724099845780,420
724099945682,420
724100045584,421
724100145486,418
724100245388,417
724100345290,417
724100445192,418
724100545094,418
724100644996,421
724100744898,421
724100844800,421
724100944702,421
724101044604,422
724101144506,417
724101244408,417
724101344310,417
724101444212,417
724101544114,417
724101644016,417
724101743918,423
724101843820,423
724101943722,423
724102043624,424
724102143526,417
724102243428,417
724102343330,417
724102443232,417
724102543134,418
724102643036,417
724102742938,421
724102842840,420
724102942742,421
724103042644,421
724103142546,417
724103242448,417
724103342350,417
724103442252,417
724103542154,417
724103642056,417
724103741958,421
724103841860,420
724103941762,420
724104041664,420
724104141566,417
724104241468,417
724104341370,417
724104441272,417
724104541174,417
724104641076,417
724104740978,425
724104840880,420
724104940782,421
724105040684,420
724105140586,421
724105240488,417
724105340390,417
724105440292,417
724105540194,417
724105640096,417
724105739998,421
724105839900,421
724105939802,420
724106039704,420
724106139606,420
724106239508,417
724106339410,417
724106439312,416
724106539214,417
724106639116,417
724106739018,418
724106838920,422
724106938822,421
724107038724,421
724107138626,3190
724107238528,3088
724107338430,3059
724107438332,3146
724107538234,3102
724107638136,3112
724107738038,3394
724107837940,3213
724107939364,1996
724108039268,417
724108139170,417
724108239072,417
724108338974,421
724108438876,421
724108538778,420
724108638680,421
724108738582,417
724108838484,417
724108938386,417
724109038288,417
724109138190,417
724109238092,417
724109337994,421
724109437896,421
724109537798,420
724109637702,420
724109737604,421
724109837506,417
724109937408,417
724110037310,417
724110137212,417
724110237114,417
724110337016,418
724110436918,420
724110536820,421
724110636722,423
724110736624,421
724110836526,417
724110936428,419
724111036347,419
724111136249,418
724111236151,421
724111336053,418
724111435955,420
724111535857,421
724111635759,420
724111735661,421
724111835563,417
724111935465,417
724112035367,418
724112135269,417
724112235171,418
724112335073,417
724112434975,421
724112534877,422
724112634779,421
724112734681,421
724112834583,420
724112934485,417
724113034387,417
724113134289,417
724113234191,417
724113334093,417
724113433995,422
724113533897,423
724113633799,424
724113733701,423
724113833603,423
724113933505,417
724114033407,417
724114133309,417
724114233211,417
724114333113,417
724114433015,417
724114532917,421
724114632819,420
724114732721,421
724114832623,456
724114932525,417
724115032427,417
724115132329,417
724115232231,417
724115332133,417
724115432035,417
724115531937,421
724115631839,420
724115731741,421
724115831643,421
724115931545,417
724116031447,417
724116131349,417
724116231251,417
724116331153,417
724116431055,417
724116530957,420
724116630859,421
724116730761,422
724116830663,421
724116930565,417
724117030467,417
724117130369,3070
724117230271,3003
724117330173,2992
724117430075,2995
724117529977,3070
724117631402,2002
724117731306,417
724117831208,418
724117931110,417
724118031012,417
724118130914,421
724118230816,420
724118330718,421
724118430620,421
724118530522,418
724118630424,417
724118730326,418
724118830228,417
724118930130,417
724119030032,417
724119129934,421
724119229836,420
724119329738,421
724119429640,420
724119529542,417
724119629444,417
724119729346,417
724119829248,417
724119929150,417
724120029052,418
724120128954,420
724120228856,420
724120328758,424
724120428660,420
724120528562,418
724120628464,417
724120728366,418
724120828268,417
724120928170,417
724121028072,417
724121127974,420
724121227876,421
724121327778,420
724121427680,420
724121527582,417
724121627484,417
724121727386,417
724121827288,417
724121927190,417
724122027092,417
724122126994,420
724122226896,421
724122326798,421
724122426700,420
724122526602,420
724122626504,417
724122726406,418
724122826308,417
724122926210,417
724123026112,418
724123126014,417
724123225916,420
724123325818,420
724123425720,420
724123525622,421
724123625524,417
724123725426,418
724123825328,416
724123925230,417
724124025132,417
724124125034,417
724124224936,421
724124324838,420
724124424740,421
724124524642,421
724124624544,417
724124724446,418
724124824348,417
724124924250,417
724125024152,417
724125124054,417
724125223956,423
724125323858,423
724125423760,424
724125523662,423
724125623564,417
724125723466,417
724125823368,417
724125923270,417
724126023172,417
724126123074,417
724126222976,421
724126322878,421
724126422780,420
724126522682,420
724126622584,421
724126722486,418
724126822388,417
724126922290,417
724127022192,433
724127122094,3131
724127221996,3050
724127321898,3206
724127421800,3054
724127521702,3082
724127621604,2966
724127721506,3029
724127821408,3041
724127921310,3117
724128021212,3058
724128121114,3207
724128221016,3232
724128322440,1997
724128422342,417
724128522246,417
724128622149,417
724128722053,417
724128821957,421
724128921861,419
724129021765,420
724129121667,420
724129221571,417
724129321474,418
724129421376,417
724129521280,417
724129621182,417
724129721084,417
724129820988,420
724129920890,420
724130020794,420
724130120696,421
724130220598,420
724130320500,418
724130420402,417
724130520304,418
724130620206,417
724130720109,417
724130820011,417
724130919913,420
724131019815,422
724131119717,421
724131219619,420
724131319521,417
724131419423,416
724131519325,417
724131619227,417
724131719129,418
724131819031,417
724131918933,420
724132018835,420
724132118737,420
724132218639,420
724132318541,417
724132418443,417
724132518345,417
724132618247,417
724132718149,418
724132818051,417
724132917953,419
724133017855,420
724133117757,420
724133217659,420
724133317561,417
724133417463,417
724133517365,418
724133617267,418
724133717169,418
724133817071,417
724133916973,420
724134016875,420
724134116777,420
724134216679,420
724134316581,417
724134416483,417
724134516385,417
724134616287,417
724134716189,418
724134816091,417
724134915993,420
724135015910,422
724135115812,421
724135215714,421
724135315616,420
724135415518,417
724135515420,417
724135615322,416
724135715224,417
724135815126,417
724135915028,417
724136014930,420
724136114832,420
724136214734,422
724136314636,421
724136414538,417
724136514440,417
724136614342,416
724136714244,418
724136814146,417
724136914048,417
724137013950,423
724137113852,3147
724137213754,3060
724137315181,2003
724137415085,417
724137514987,421
724137614889,421
724137714791,422
724137814693,420
724137914595,422
724138014497,417
724138114399,418
724138214301,417
724138314203,417
724138414105,417
724138514007,417
724138613909,422
724138713811,424
724138813713,423
724138913615,423
724139013517,417
724139113419,416
724139213321,417
724139313223,417
724139413125,417
724139513027,417
724139612929,420
724139712831,421
724139812733,420
724139912635,420
724140012537,417
724140112439,417
724140212341,417
724140312243,417
724140412145,417
724140512047,417
724140611949,420
724140711851,421
724140811753,420
724140911655,422
724141011557,417
724141111459,418
724141211361,417
724141311263,417
724141411165,417
724141511067,417
724141610969,420
724141710871,421
724141810773,420
724141910675,421
724142010577,418
724142110479,417
724142210381,434
724142310283,434
724142410185,434
724142510087,434
724142609989,438
724142709891,421
724142809793,420
724142909695,420
724143009597,420
724143109499,417
724143209401,417
724143309303,417
724143409206,418
724143509108,417
724143609010,417
724143708912,421
724143808814,421
724143908716,421
724144008618,432
724144108520,417
724144208422,417
724144308324,417
724144408226,417
724144508128,417
724144608030,417
724144707932,421
724144807834,419
724144907736,420
724145007638,420
724145107540,417
724145207442,417
724145307344,416
724145407246,417
724145507148,417
724145607050,417
724145706952,421
724145806854,420
724145906756,420
724146006658,421
724146106560,416
724146206462,417
724146306364,417
724146406266,417
724146506168,417
724146606070,417
724146705972,420
724146805874,420
724146905776,421
724147005678,420
724147105580,3196
724147205482,3120
724147305384,3212
724147405286,3302
724147506708,2003
724147606612,421
724147706514,417
724147806416,417
724147906318,417
724148006220,417
724148106122,417
724148206024,417
724148305926,420
724148405828,420
724148505730,421
724148605632,421
724148705534,417
724148805436,417
724148905338,417
724149005240,418
724149105142,417
724149205044,417
724149304946,420
724149404848,421
724149504750,421
724149604652,420
724149704554,417
724149804456,417
724149904358,417
724150004260,417
724150104162,417
724150204064,417
724150303966,422
724150403868,423
724150503770,423
724150603672,422
724150703574,417
724150803476,418
724150903378,417
724151003280,417
724151103182,418
724151203084,417
724151302986,420
724151402888,420
724151502790,420
724151602692,420
724151702594,421
724151802496,417
724151902398,417
724152002300,417
724152102202,417
724152202104,417
724152302006,417
724152401908,421
724152501810,421
724152601712,420
724152701614,421
724152801516,418
724152901418,417
724153001320,417
724153101222,417
724153201124,417
724153301026,417
724153400928,420
724153500830,421
724153600732,420
724153700634,421
724153800536,417
724153900438,417
724154000340,417
724154100242,417
724154200144,417
724154300046,417
724154399948,421
724154499850,419
724154599752,420
724154699654,421
724154799556,418
724154899458,417
724154999360,418
724155099262,417
724155199164,417
724155299066,417
724155398968,421
724155498870,421
724155598772,421
724155698674,421
724155798576,417
724155898478,417
724155998380,417
724156098282,417
724156198184,417
724156298086,417
724156397988,420
724156497890,421
724156597792,420
724156697694,434
724156797596,420
724156897498,417
724156997400,417
724157097302,3015
724157197204,2991
724157298626,1998
724157398530,417
724157498432,417
724157598334,416
724157698236,417
724157798138,417
724157898040,417
724157997942,419
724158097845,421
724158197747,420
724158297649,420
724158397551,417
724158497453,417
724158597355,417
724158697257,417
724158797159,418
724158897061,417
724158996981,421
724159096883,421
724159196785,420
724159296687,421
724159396589,420
724159496491,417
724159596393,418
724159696295,417
724159796197,417
724159896099,417
724159996004,417
724160095906,420
724160195808,420
724160295710,420
724160395612,420
724160495514,417
724160595416,417
724160695318,439
724160795220,417
724160895122,417
724160995024,417
724161094926,421
724161194828,420
724161294730,425
724161394632,421
724161494534,417
724161594436,417
724161694338,417
724161794240,420
724161894142,417
724161994044,417
724162093946,425
724162193848,425
724162293750,424
724162393652,426
724162493554,418
724162593456,418
724162693358,418
724162793260,417
724162893162,417
724162993064,417
724163092966,420
724163192868,421
724163292770,420
724163392672,420
724163492574,417
724163592476,417
724163692378,417
724163792280,418
724163892182,417
724163992084,417
724164091986,420
724164191888,420
724164291790,420
724164391692,420
724164491594,421
724164591496,417
724164691398,417
724164791300,418
724164891202,418
724164991104,417
724165091011,441
724165190913,420
724165290815,420
724165390717,421
724165490619,421
724165590521,417
724165690423,417
724165790325,417
724165890227,417
724165990129,417
724166090031,416
724166189933,420
724166289835,421
724166389737,420
724166489639,420
724166589541,417
724166689443,434
724166789345,417
724166889247,418
724166989149,417
724167089051,3006
724167188953,3011
724167288855,2943
724167388757,3018
724167488659,3076
724167588561,3058
724167688463,3077
724167788365,3068
724167888267,2965
724167988169,3085
724168088071,3070
724168187973,3052
724168287875,3188
724168387777,3071
724168489197,1992
724168589101,417
724168689016,441
724168788918,421
724168888820,419
724168988722,421
724169088624,421
724169188526,417
724169288428,417
724169388330,417
724169488232,417
724169588134,417
724169688036,417
724169787938,421
724169887840,420
724169987742,421
724170087644,421
724170187546,417
724170287448,418
724170387350,417
724170487252,417
724170587154,417
724170687056,418
724170786958,421
724170886860,421
724170986762,420
724171086664,420
724171186566,416
724171286468,417
724171386370,417
724171486272,418
724171586174,417
724171686076,418
724171785978,442
724171885880,420
724171985782,420
724172085684,421
724172185586,420
724172285488,417
724172385390,417
724172485292,418
724172585194,417
724172685096,418
724172784998,420
724172884900,421
724172984802,420
724173084704,421
724173184606,421
724173284508,417
724173384410,417
724173484312,417
724173584214,417
724173684116,417
724173784018,417
724173883920,422
724173983822,423
724174083724,424
724174183626,423
724174283528,416
724174383430,418
724174483332,418
724174583234,417
724174683136,417
724174783038,417
724174882940,420
724174982842,421
724175082744,422
724175182646,420
724175282548,417
724175382450,417
724175482352,417
724175582254,417
724175682156,417
724175782058,417
724175881960,420
724175981862,419
724176081764,420
724176181666,420
724176281568,417
724176381470,417
724176481372,417
724176581274,417
724176681176,417
724176781078,417
724176880980,421
724176980882,421
724177080784,3007
724177180686,3054
724177280588,3045
724177380490,3033
724177480392,3041
724177580294,2998
724177680196,3289
724177780098,3063
724177881519,2007
724177981423,417
724178081326,418
724178181228,417
724178281130,417
724178381032,417
724178480934,421
724178580836,420
724178680738,422
724178780640,421
724178880542,416
724178980444,417
724179080346,417
724179180248,417
724179280150,418
724179380052,417
724179479954,421
724179579856,419
724179679758,421
724179779660,421
724179879562,417
724179979464,417
724180079366,417
724180179268,417
724180279170,417
724180379072,417
724180478974,421
724180578876,420
724180678778,421
724180778680,420
724180878582,417
724180978484,417
724181078386,417
724181178288,417
724181278190,417
724181378092,417
724181477994,421
724181577896,420
724181677798,421
724181777700,421
724181877602,420
724181977504,417
724182077406,417
724182177308,417
724182277210,417
724182377112,417
724182477014,417
724182576916,421
724182676818,421
724182776720,421
724182876622,420
724182976544,418
724183076446,417
724183176348,417
724183276250,417
724183376152,417
724183476054,417
724183575956,421
724183675858,420
724183775760,420
724183875662,420
724183975564,417
724184075466,417
724184175368,417
724184275270,417
724184375172,417
724184475074,417
724184574976,421
724184674878,422
724184774780,437
724184874682,421
724184974584,421
724185074486,417
724185174388,417
724185274290,417
724185374192,417
724185474094,417
724185573996,422
724185673898,423
724185773800,422
724185873702,424
724185973604,423
724186073506,417
724186173408,417
724186273310,417
724186373212,417
724186473114,417
724186573016,417
724186672918,421
724186772820,421
724186872722,420
724186972624,421
724187072526,2952
724187172428,3056
724187272330,2974
724187372232,3039
724187472134,3066
724187572036,3159
724187671938,3086
724187771840,2983
724187873262,2000
724187973166,417
724188073068,417
724188172972,421
724188272874,420
724188372776,420
724188472678,420
724188572580,417
724188672482,417
724188772384,417
724188872286,417
724188972188,417
724189072090,417
724189171992,421
724189271894,420
724189371796,420
724189471698,420
724189571600,420
724189671502,417
724189771404,417
724189871306,417
724189971208,417
724190071110,416
724190171012,417
724190270914,421
724190370816,421
724190470718,422
724190570620,420
724190670522,418
724190770424,417
724190870326,417
724190970228,417
724191070132,417
724191170034,416
724191269936,420
724191369838,420
724191469740,420
724191569642,420
724191669544,417
724191769446,417
724191869348,417
724191969250,417
724192069152,417
724192169054,418
724192268956,419
724192368858,420
724192468760,421
724192568662,420
724192668564,418
724192768466,417
724192868368,417
724192968270,417
724193068172,417
724193168074,416
724193267976,420
724193367878,420
724193467780,420
724193567682,420
724193667584,421
724193767486,417
724193867388,417
724193967290,417
724194067192,417
724194167094,418
724194266996,420
724194366898,421
724194466800,420
724194566702,420
724194666604,421
724194766506,418
724194866408,417
724194966310,417
724195066212,417
724195166114,427
724195266016,417
724195365918,421
724195465820,421
724195565722,420
724195665624,421
724195765526,417
724195865428,417
724195965330,417
724196065232,417
724196165134,417
724196265036,417
724196364938,420
724196464840,443
724196564742,421
724196664644,436
724196764546,417
724196864448,417
724196964350,417
724197064252,3042
724197164154,2996
724197264056,3117
724197363958,2990
724197465382,2003
724197565286,417
724197665188,418
724197765090,417
724197864992,421
724197964894,421
724198064796,421
724198164698,421
724198264600,420
724198364502,417
724198464404,464
724198564306,417
724198664208,417
724198764110,417
724198864012,417
724198963914,422
724199063816,422
724199163718,422
724199263620,424
724199363522,417
724199463424,417
724199563326,417
724199663228,417
724199763130,418
724199863032,417
724199962934,420
724200062836,421
724200162738,420
724200262640,421
724200362542,417
724200462444,417
724200562346,417
724200662248,434
724200762150,417
724200862052,417
724200961954,420
724201061856,420
724201161758,420
724201261660,420
724201361562,417
724201461464,417
724201561366,417
724201661268,417
724201761170,417
724201861072,417
724201960974,420
724202060876,421
724202160778,436
724202260680,421
724202360582,417
724202460484,416
724202560386,418
724202660288,417
724202760190,417
724202860092,417
724202959994,455
724203059896,420
724203159798,420
724203259700,420
724203359602,421
724203459505,417
724203559407,417
724203659309,451
724203759211,417
724203859113,418
724203959015,417
724204058917,420
724204158819,421
724204258721,420
724204358623,421
724204458525,417
724204558427,417
724204658329,417
724204758231,418
724204858133,417
724204958035,417
724205057937,420
724205157839,421
724205257741,420
724205357643,421
724205457545,416
724205557447,417
724205657349,417
724205757251,417
724205857153,417
724205957055,417
724206056957,420
724206156859,420
724206256761,420
724206356663,421
724206456565,417
724206556467,417
724206656369,436
724206756271,417
724206856173,417
724206956089,417
724207055991,2925
724207157413,2009
724207257317,417
724207357219,417
724207457121,417
724207557023,417
724207656925,420
724207756827,420
724207856729,420
724207956631,421
724208056533,417
724208156435,417
724208256337,417
724208356239,417
724208456141,417
724208556043,418
724208655945,438
724208755847,421
724208855749,420
724208955651,420
724209055553,417
724209155455,416
724209255357,417
724209355259,417
724209455161,417
724209555063,417
724209654965,420
724209754867,421
724209854769,420
724209954671,422
724210054573,417
724210154475,417
724210254377,417
724210354279,417
724210454181,417
724210554083,417
724210653985,423
724210753887,424
724210853789,422
724210953691,436
724211053593,423
724211153495,416
724211253397,417
724211353299,417
724211453201,417
724211553103,417
724211653005,416
724211752907,420
724211852809,420
724211952711,420
724212052613,421
724212152515,417
724212252417,417
724212352319,418
724212452221,417
724212552123,417
724212652025,418
724212751927,422
724212851829,420
724212951731,422
724213051633,420
724213151535,417
724213251437,420
724213351339,419
724213451241,418
724213551143,421
724213651045,417
724213750947,421
724213850849,420
724213950751,421
724214050653,421
724214150555,416
724214250457,417
724214350359,417
724214450261,416
724214550163,417
724214650065,417
724214749967,421
724214849869,420
724214949771,420
724215049673,420
724215149575,417
724215249477,417
724215349379,417
724215449281,417
724215549183,417
724215649085,417
724215748987,420
724215848889,420
724215948791,420
724216048693,420
724216148595,421
724216248497,416
724216348399,417
724216448301,417
724216548203,418
724216648105,417
724216748007,417
724216847909,421
724216947811,420
724217047713,421
724217147615,3113
724217249036,2001
724217348940,420
724217448842,420
724217548744,421
724217648646,420
724217748548,417
724217848450,417
724217948352,417
724218048256,417
724218148158,417
724218248060,417
724218347962,420
724218447864,420
724218547766,420
724218647668,421
724218747570,418
724218847472,417
724218947374,417
724219047276,417
724219147178,417
724219247080,417
724219346982,420
724219446884,421
724219546786,421
724219646688,420
724219746590,420
724219846492,417
724219946394,417
724220046296,417
724220146198,417
724220246100,417
724220346004,417
724220445906,421
724220545808,421
724220645710,420
724220745612,420
724220845514,417
724220945416,417
724221045318,417
724221145220,417
724221245122,416
724221345024,417
724221444926,419
724221544828,420
724221644730,420
724221744632,421
724221844534,417
724221944436,417
724222044338,417
724222144240,416
724222244142,417
724222344044,417
724222443946,424
724222543848,423
724222643750,423
724222743652,424
724222843554,416
724222943456,416
724223043358,417
724223143260,417
724223243162,417
724223343064,417
724223442966,421
724223542868,421
724223642770,421
724223742672,421
724223842574,417
724223942476,417
724224042378,417
724224142280,430
724224242182,417
724224342084,417
724224441986,420
724224541888,420
724224641790,420
724224741692,420
724224841594,420
724224941496,417
724225041398,417
724225141300,417
724225241202,417
724225341104,417
724225441006,417
724225540908,420
724225640810,419
724225740712,425
724225840614,421
724225940516,417
724226040418,417
724226140320,417
724226240222,416
724226340124,417
724226440026,417
724226539928,420
724226639830,420
724226739732,421
724226839634,421
724226939536,416
724227039438,417
724227139340,3205
724227240760,1994
724227340664,420
724227440566,416
724227540468,417
724227640370,416
724227740272,417
724227840174,417
724227940076,417
724228039980,419
724228139882,420
724228239784,420
724228339686,420
724228439588,420
724228539490,417
724228639392,417
724228739294,418
724228839196,417
724228939098,417
724229039003,417
724229138905,420
724229238807,420
724229338709,420
724229438611,421
724229538513,417
724229638415,417
724229738317,417
724229838219,417
724229938121,417
724230038023,417
724230137925,420
724230237827,420
724230337729,420
724230437631,420
724230537533,417
724230637435,416
724230737337,417
724230837239,417
724230937156,417
724231037058,417
724231136960,420
724231236862,420
724231336764,420
724231436666,420
724231536568,417
724231636470,417
724231736372,417
724231836274,417
724231936176,416
724232036078,417
724232135980,420
724232235882,420
724232335784,420
724232435686,420
724232535588,421
724232635490,416
724232735392,418
724232835294,417
724232935196,416
724233035098,417
724233135003,417
724233234905,421
724233334807,420
724233434709,420
724233534611,421
724233634513,417
724233734415,417
724233834317,417
724233934219,417
724234034121,417
724234134023,416
724234233925,422
724234333827,422
724234433729,423
724234533631,423
724234633533,416
724234733435,418
724234833337,417
724234933239,417
724235033141,417
724235133043,417
724235232945,419
724235332847,421
724235432749,420
724235532651,421
724235632553,417
724235732455,417
724235832357,417
724235932259,417
724236032161,417
724236132063,417
724236231965,420
724236331867,420
724236431769,419
724236531671,420
724236631573,417
724236731475,418
724236831377,417
724236931279,417
724237031181,417
724237131083,3115
724237230985,3074
724237330887,3161
724237430789,3033
724237530691,3226
724237630593,3167
724237730495,3227
724237830397,3168
724237930299,3109
724238030201,3078
724238130103,3120
724238230005,3145
724238331426,1992
724238431330,416
724238531234,417
724238631137,417
724238731039,417
724238830941,420
724238930843,421
724239030745,421
724239130647,420
724239230549,417
724239330451,417
724239430353,416
724239530255,417
724239630157,417
724239730059,417
724239829961,420
724239929863,420
724240029765,420
724240129667,420
724240229569,417
724240329471,417
724240429373,417
724240529275,417
724240629177,417
724240729079,417
724240828981,420
724240928883,420
724241028785,420
724241128687,420
724241228589,421
724241328491,417
724241428393,417
724241528295,417
724241628197,417
724241728099,417
724241828004,416
724241927906,421
724242027808,420
724242127710,420
724242227612,421
724242327514,417
724242427416,416
724242527318,417
724242627220,416
724242727122,418
724242827024,417
724242926926,421
724243026828,421
724243126730,421
724243226632,420
724243326534,417
724243426436,417
724243526338,417
724243626240,417
724243726142,417
724243826044,416
724243925946,420
724244025848,420
724244125750,420
724244225652,420
724244325554,417
724244425456,417
724244525358,418
724244625260,417
724244725162,417
724244825064,417
724244924966,420
724245024868,420
724245124770,420
724245224672,420
724245324574,416
724245424476,417
724245524378,417
724245624280,416
724245724182,417
724245824084,417
724245923986,421
724246023888,422
724246123790,422
724246223692,423
724246323594,434
724246423496,417
724246523398,417
724246623300,416
724246723202,417
724246823104,417
724246923006,417
724247022908,420
724247122810,3059
724247222712,3118
724247322614,3057
724247422516,3088
724247522418,3112
724247622320,3165
724247722222,3028
724247822124,3245
724247922026,3096
724248021928,3171
724248121830,3129
724248223258,2004
724248323162,417
724248423064,417
724248522966,420
724248622868,420
724248722770,422
724248822672,421
724248922574,417
724249022476,416
724249122378,416
724249222280,417
724249322182,417
724249422084,417
724249521986,420
724249621888,419
724249721790,420
724249821692,420
724249921594,420
724250021496,416
724250121398,417
724250221300,416
724250321202,417
724250421104,417
724250521006,417
724250620908,420
724250720810,421
724250820712,420
724250920614,420
724251020516,417
724251120418,416
724251220320,417
724251320222,416
724251420124,417
724251520026,416
724251619928,420
724251719830,421
724251819732,420
724251919634,420
724252019536,417
724252119438,416
724252219340,417
724252319242,416
724252419144,417
724252519046,417
724252618948,420
724252718850,421
724252818752,421
724252918654,420
724253018556,416
724253118458,416
724253218360,417
724253318262,417
724253418164,418
724253518066,417
724253617968,420
724253717870,420
724253817772,420
724253917674,420
724254017576,417
724254117478,416
724254217380,417
724254317282,417
724254417184,417
724254517086,417
724254616988,421
724254716890,421
724254816792,420
724254916710,421
724255016612,421
724255116514,417
724255216416,417
724255316318,417
724255416220,417
724255516122,417
724255616024,417
724255715926,420
724255815828,420
724255915730,420
724256015632,420
724256115534,416
724256215436,416
724256315338,417
724256415240,416
724256515142,417
724256615044,417
724256714946,421
724256814848,421
724256914750,421
724257014652,421
724257114554,3072
724257214456,3110
724257314358,3053
724257414260,3219
724257515674,1995
724257615578,419
724257715480,417
724257815382,417
724257915284,417
724258015188,416
724258115090,417
724258214992,421
724258314894,420
724258414796,420
724258514698,421
724258614600,421
724258714502,417
724258814404,417
724258914306,417
724259014208,417
724259114110,417
724259214012,416
724259313914,422
724259413816,422
724259513718,442
724259613620,425
724259713522,417
724259813424,417
724259913326,417
724260013228,417
724260113130,417
724260213032,417
724260312934,421
724260412836,420
724260512738,420
724260612640,421
724260712542,418
724260812444,417
724260912346,417
724261012248,417
724261112150,418
724261212052,417
724261311954,419
724261411856,420
724261511758,420
724261611660,420
724261711562,417
724261811464,417
724261911366,417
724262011268,417
724262111170,417
724262211072,417
724262310974,420
724262410876,420
724262510778,421
724262610680,421
724262710582,422
724262810484,417
724262910386,417
724263010288,417
724263110190,417
724263210092,417
724263309994,420
724263409897,421
724263509799,421
724263609701,421
724263709603,422
724263809505,417
724263909407,417
724264009309,417
724264109211,420
724264209113,451
724264309015,417
724264408917,422
724264508819,423
724264608721,422
724264708623,424
724264808525,418
724264908427,417
724265008329,417
724265108231,417
724265208133,417
724265308035,417
724265407937,420
724265507839,420
724265607741,420
724265707643,420
724265807545,417
724265907447,417
724266007349,417
724266107251,417
724266207153,417
724266307055,417
724266406957,420
724266506859,420
724266606761,420
724266706663,421
724266806565,417
724266906467,417
724267006369,417
724267106271,3198
724267206173,3173
724267306075,3271
724267407497,1999
724267507401,417
724267607303,417
724267707205,417
724267807107,417
724267907009,417
724268006911,420
724268106813,420
724268206715,420
724268306617,420
724268406519,417
724268506421,417
724268606323,417
724268706225,417
724268806127,417
724268906029,417
724269005931,421
724269105833,421
724269205735,420
724269305637,421
724269405539,416
724269505441,417
724269605343,417
724269705245,417
724269805147,417
724269905049,417
724270004951,420
724270104853,421
724270204755,420
724270304657,421
724270404559,417
724270504461,417
724270604363,417
724270704265,418
724270804167,417
724270904069,417
724271003971,422
724271103873,422
724271203775,435
724271303677,423
724271403579,417
724271503481,417
724271603383,417
724271703285,417
724271803187,417
724271903089,417
724272002991,424
724272102893,420
724272202795,420
724272302697,421
724272402599,420
724272502501,417
724272602403,417
724272702305,418
724272802207,417
724272902109,417
724273002011,417
724273101913,420
724273201815,419
724273301717,420
724273401619,420
724273501521,417
724273601423,417
724273701325,418
724273801227,417
724273901129,416
724274001031,417
724274100933,421
724274200835,420
724274300737,420
724274400639,420
724274500541,417
724274600443,417
724274700345,417
724274800247,417
724274900149,417
724275000051,417
724275099953,420
724275199855,420
724275299757,420
724275399659,420
724275499561,417
724275599463,417
724275699365,417
724275799267,417
724275899169,416
724275999071,417
724276098973,421
724276198875,420
724276298777,421
724276398679,420
724276498581,417
724276598483,417
724276698386,429
724276798288,417
724276898190,417
724276998092,417
724277097994,3294
724277199418,1996
724277299322,417
724277399224,417
724277499126,417
724277599028,417
724277698930,421
724277798832,421
724277898734,420
724277998636,421
724278098538,417
724278198440,417
724278298342,417
724278398244,416
724278498146,417
724278598048,417
724278697950,444
724278797852,421
724278897771,422
724278997673,420
724279097575,416
724279197477,416
724279297379,417
724279397281,416
724279497183,417
724279597085,417
724279696987,420
724279796889,420
724279896791,420
724279996693,420
724280096595,421
724280196497,417
724280296399,417
724280396301,416
724280496203,417
724280596105,417
724280696007,417
724280795909,421
724280895811,420
724280995713,420
724281095615,420
724281195517,416
724281295419,416
724281395321,417
724281495223,417
724281595125,417
724281695027,417
724281794929,420
724281894831,420
724281994733,420
724282094635,420
724282194537,417
724282294439,417
724282394342,418
724282494244,417
724282594146,416
724282694048,418
724282793950,422
724282893852,422
724282993754,424
724283093656,422
724283193558,417
724283293460,417
724283393362,417
724283493264,417
724283593166,417
724283693068,417
724283792971,421
724283892873,421
724283992775,420
724284092677,419
724284192579,417
724284292481,417
724284392383,417
724284492285,417
724284592187,417
724284692089,440
724284791991,420
724284891893,420
724284991795,419
724285091697,420
724285191599,420
724285291501,416
724285391403,416
724285491305,417
724285591207,417
724285691109,417
724285791011,417
724285890913,420
724285990815,421
724286090717,420
724286190619,420
724286290521,417
724286390423,416
724286490325,417
724286590227,417
724286690129,417
724286790031,417
724286889933,419
724286989835,420
724287089737,3144
724287189639,3148
724287289541,3203
724287390963,1996
724287490867,421
724287590769,421
724287690671,420
724287790573,417
724287890475,417
724287990377,417
724288090281,416
724288190183,416
724288290085,417
724288389987,420
724288489889,421
724288589791,420
724288689693,420
724288789595,420
724288889497,416
724288989399,417
724289089301,417
724289189203,416
724289289105,417
724289389007,417
724289488909,420
724289588811,420
724289688713,421
724289788615,420
724289888517,417
724289988419,417
724290088321,417
724290188223,416
724290288125,417
724290388027,417
724290487929,420
724290587831,420
724290687733,420
724290787635,420
724290887537,417
724290987439,417
724291087341,417
724291187243,417
724291287145,417
724291387047,417
724291486949,420
724291586851,420
724291686753,421
724291786655,421
724291886557,416
724291986459,417
724292086361,417
724292186263,416
724292286165,417
724292386067,416
724292485969,420
724292585871,421
724292685773,421
724292785675,421
724292885577,417
724292985479,417
724293085381,417
724293185283,416
724293285185,416
724293385087,416
724293484989,420
724293584891,420
724293684793,421
724293784695,421
724293884597,420
724293984499,417
724294084401,416
724294184303,417
724294284205,416
724294384107,416
724294484009,417
724294583911,422
724294683813,424
724294783715,423
724294883617,422
724294983519,417
724295083421,434
724295183323,417
724295283225,416
724295383127,417
724295483029,417
724295582931,420
724295682833,421
724295782735,421
724295882637,420
724295982539,417
724296082441,417
724296182343,417
724296282245,417
724296382147,418
724296482049,417
724296581951,420
724296681853,422
724296781755,421
724296881657,420
724296981559,417
724297081461,3135
724297181363,3165
724297281265,3252
724297381167,3298
724297481069,3259
724297580971,3099
724297680873,3119
724297780775,3205
724297880677,3166
724297980579,3306
724298080481,3055
724298180383,3077
724298280285,3101
724298380187,3082
724298481608,2000
724298581512,417
724298681414,417
724298781318,417
724298881220,417
724298981122,417
724299081024,417
724299180926,420
724299280828,420
724299380730,420
724299480632,420
724299580534,417
724299680436,417
724299780338,417
724299880240,416
724299980142,417
724300080044,417
724300179946,420
724300279848,420
724300379750,421
724300479652,420
724300579554,417
724300679456,417
724300779358,417
724300879260,417
724300979162,417
724301079064,417
724301178966,420
724301278868,420
724301378770,419
724301478672,421
724301578574,416
724301678476,417
724301778378,417
724301878280,417
724301978182,416
724302078084,416
724302177986,419
724302277888,419
724302377790,419
724302477692,420
724302577594,420
724302677496,417
724302777398,417
724302877319,417
724302977221,417
724303077123,417
724303177025,416
724303276927,419
724303376829,420
724303476731,420
724303576633,420
724303676535,417
724303776437,416
724303876339,417
724303976241,417
724304076143,417
724304176045,417
724304275947,421
724304375849,420
724304475751,420
724304575653,420
724304675555,417
724304775457,417
724304875359,416
724304975261,417
724305075163,417
724305175065,417
724305274967,420
724305374869,420
724305474771,421
724305574673,421
724305674575,417
724305774477,417
724305874379,417
724305974281,417
724306074183,417
724306174085,417
724306273987,424
724306373889,422
724306473791,423
724306573693,423
724306673595,425
724306773497,417
724306873399,417
724306973301,417
724307073203,3122
724307173105,3080
724307273007,3157
724307374437,2005
724307474341,417
724307574243,417
724307674145,417
724307774047,417
724307873949,422
724307973851,422
724308073753,422
724308173655,424
724308273557,417
724308373459,417
724308473361,416
724308573263,417
724308673165,424
724308773067,417
724308872969,420
724308972871,419
724309072773,420
724309172675,421
724309272577,417
724309372479,417
724309472381,417
724309572283,417
724309672185,417
724309772087,416
724309871989,420
724309971891,421
724310071793,420
724310171695,420
724310271597,420
724310371499,416
724310471401,417
724310571303,417
724310671205,417
724310771107,417
724310871009,417
724310970911,421
724311070813,420
724311170715,420
724311270617,420
724311370519,416
724311470421,417
724311570323,417
724311670225,417
724311770127,417
724311870029,417
724311969931,420
724312069833,420
724312169735,420
724312269637,421
724312369539,417
724312469441,417
724312569343,416
724312669245,417
724312769147,417
724312869049,417
724312968951,420
724313068853,420
724313168755,420
724313268657,421
724313368559,417
724313468461,417
724313568363,417
724313668265,417
724313768167,417
724313868069,417
724313967971,419
724314067873,420
724314167775,419
724314267677,420
724314367579,417
724314467481,418
724314567383,417
724314667285,417
724314767187,418
724314867089,418
724314966991,420
724315066893,420
724315166795,420
724315266697,423
724315366599,420
724315466501,417
724315566403,419
724315666305,420
724315766207,418
724315866109,420
724315966011,418
724316065913,421
724316165815,420
724316265717,420
724316365619,421
724316465521,417
724316565423,417
724316665332,417
724316765234,417
724316865136,417
724316965038,417
724317064940,3165
724317164842,3184
724317264744,3227
724317366168,1995
724317466070,417
724317565972,420
724317665874,420
724317765776,420
724317865678,419
724317965580,417
724318065482,417
724318165384,417
724318265286,416
724318365188,417
724318465090,430
724318564992,421
724318664894,438
724318764796,421
724318864698,421
724318964600,420
724319064502,417
724319164404,417
724319264306,417
724319364208,416
724319464110,433
724319564012,417
724319663914,422
724319763816,423
724319863718,423
724319963620,423
724320063522,416
724320163424,417
724320263326,435
724320363228,417
724320463130,416
724320563032,417
724320662934,421
724320762836,421
724320862738,421
724320962640,421
724321062542,417
724321162444,417
724321262346,417
724321362248,417
724321462150,417
724321562052,417
724321661954,419
724321761856,420
724321861758,419
724321961660,420
724322061562,418
724322161464,417
724322261366,417
724322361268,417
724322461170,416
724322561072,417
724322660974,421
724322760876,421
724322860778,420
724322960680,421
724323060582,422
724323160484,417
724323260386,417
724323360288,417
724323460191,417
724323560093,417
724323659995,437
724323759897,420
724323859799,423
724323959701,435
724324059603,420
724324159505,417
724324259407,417
724324359309,417
724324459211,416
724324559113,417
724324659015,449
724324758917,420
724324858819,420
724324958721,420
724325058623,420
724325158525,417
724325258427,417
724325358329,417
724325458231,416
724325558133,416
724325658035,416
724325757937,420
724325857839,420
724325957741,420
724326057643,420
724326157545,417
724326257447,417
724326357349,417
724326457251,417
724326557153,417
724326657055,417
724326756957,420
724326856873,421
724326956775,421
724327056677,3107
724327156579,3103
724327256481,3118
724327357902,2001
724327457806,420
724327557708,420
724327657610,421
724327757512,417
724327857414,417
724327957316,417
724328057218,417
724328157120,417
724328257022,417
724328356924,421
724328456826,420
724328556728,421
724328656630,420
724328756532,417
724328856434,416
724328956336,417
724329056238,417
724329156140,416
724329256042,416
724329355944,419
724329455846,420
724329555748,421
724329655650,420
724329755552,417
724329855454,417
724329955356,417
724330055258,417
724330155160,417
724330255062,417
724330354964,420
724330454866,419
724330554768,421
724330654670,420
724330754572,418
724330854474,417
724330954376,417
724331054278,417
724331154180,417
724331254082,417
724331353984,422
724331453886,435
724331553788,422
724331653690,422
724331753592,424
724331853494,416
724331953396,417
724332053298,417
724332153200,417
724332253102,417
724332353004,417
724332452906,420
724332552808,420
724332652710,437
724332752612,421
724332852514,416
724332952416,416
724333052318,416
724333152220,416
724333252122,417
724333352024,417
724333451926,420
724333551828,420
724333651730,420
724333751632,419
724333851534,416
724333951436,416
724334051338,416
724334151240,417
724334251142,417
724334351044,417
724334450946,420
724334550848,420
724334650750,420
724334750653,420
724334850555,417
724334950457,416
724335050359,417
724335150261,417
724335250163,416
724335350065,417
724335449967,420
724335549869,420
724335649771,420
724335749673,420
724335849575,416
724335949477,416
724336049379,417
724336149281,416
724336249183,416
724336349085,417
724336448987,420
724336548889,420
724336648791,420
724336748693,421
724336848595,420
724336948497,416
724337048399,417
724337148301,3076
724337248203,3076
724337348105,3441
724337448007,3050
724337547909,3138
724337647811,3239
724337749233,1999
724337849137,417
724337949039,417
724338048943,420
724338148845,420
724338248747,420
724338348649,420
724338448551,416
724338548453,417
724338648355,417
724338748257,417
724338848159,416
724338948061,416
724339047963,420
724339147865,421
724339247767,419
724339347669,421
724339447571,416
724339547473,417
724339647375,417
724339747277,417
724339847179,417
724339947081,416
724340046983,420
724340146885,419
724340246787,420
724340346689,420
724340446591,420
724340546493,417
724340646395,417
724340746297,417
724340846199,417
724340946101,416
724341046004,417
724341145906,419
724341245808,420
724341345710,420
724341445612,420
724341545514,417
724341645416,417
724341745318,417
724341845220,416
724341945122,416
724342045024,417
724342144926,421
724342244828,421
724342344732,420
724342444634,420
724342544536,417
724342644438,417
724342744340,418
724342844242,416
724342944144,416
724343044046,417
724343143948,422
724343243850,422
724343343752,423
724343443654,424
724343543556,417
724343643458,417
724343743360,417
724343843262,417
724343943164,416
724344043066,416
724344142968,420
724344242870,421
724344342772,421
724344442674,420
724344542576,417
724344642478,417
724344742380,417
724344842282,417
724344942184,417
724345042086,418
724345141988,420
724345241890,420
724345341792,420
724345441694,419
724345541596,420
724345641498,416
724345741400,417
724345841302,417
724345941204,417
724346041106,416
724346141008,416
724346240910,420
724346340812,420
724346440714,420
724346540616,420
724346640518,416
724346740420,417
724346840322,418
724346940224,417
724347040126,417
724347140028,3156
724347239930,3144
724347341359,1999
724347441263,416
724347541165,417
724347641067,417
724347740969,424
724347840871,421
724347940773,420
724348040675,420
724348140577,417
724348240479,417
724348340381,417
724348440283,417
724348540185,417
724348640087,427
724348739989,420
724348839891,454
724348939793,420
724349039695,420
724349139597,421
724349239499,416
724349339401,416
724349439303,416
724349539205,417
724349639107,417
724349739009,417
724349838911,419
724349938813,420
724350038715,421
724350138617,420
724350238519,416
724350338421,417
724350438323,416
724350538225,417
724350638127,417
724350738029,417
724350837948,422
724350937850,420
724351037752,420
724351137654,420
724351237556,416
724351337458,416
724351437360,416
724351537262,417
724351637164,416
724351737066,417
724351836968,420
724351936870,420
724352036772,421
724352136674,420
724352236576,417
724352336478,417
724352436380,416
724352536282,417
724352636184,417
724352736086,418
724352835988,420
724352935890,420
724353035792,420
724353135694,420
724353235596,420
724353335498,417
724353435400,417
724353535302,417
724353635204,417
724353735106,417
724353835008,417
724353934910,419
724354034812,420
724354134714,420
724354234616,420
724354334518,417
724354434420,417
724354534322,417
724354634224,417
724354734126,417
724354834028,416
724354933930,422
724355033832,423
724355133734,424
724355233636,423
724355333538,417
724355433440,417
724355533342,417
724355633244,416
724355733146,417
724355833048,417
724355932950,420
724356032852,420
724356132754,420
724356232656,421
724356332558,417
724356432460,416
724356532362,416
724356632264,416
724356732166,417
724356832068,417
724356931970,420
724357031872,420
724357131774,3101
724357231676,3151
724357331578,3264
724357431480,3166
724357531382,3151
724357632804,2003
724357732708,420
724357832610,420
724357932512,416
724358032416,416
724358132318,416
724358232220,417
724358332122,416
724358432024,417
724358531926,420
724358631828,420
724358731730,420
724358831632,420
724358931534,417
724359031436,416
724359131338,416
724359231240,417
724359331142,417
724359431044,416
724359530946,421
724359630848,419
724359730750,420
724359830652,420
724359930554,417
724360030456,417
724360130358,416
724360230260,416
724360330162,416
724360430065,417
724360529967,420
724360629869,419
724360729771,420
724360829673,419
724360929575,417
724361029477,416
724361129379,416
724361229281,416
724361329183,416
724361429085,416
724361528987,421
724361628889,419
724361728791,420
724361828693,420
724361928595,420
724362028497,417
724362128399,417
724362228301,417
724362328203,416
724362428105,416
724362528007,416
724362627909,420
724362727811,420
724362827713,420
724362927615,420
724363027517,416
724363127419,417
724363227321,417
724363327223,416
724363427125,418
724363527027,417
724363626929,420
724363726831,421
724363826733,420
724363926635,419
724364026537,417
724364126439,416
724364226341,417
724364326243,416
724364426145,416
724364526047,417
724364625949,420
724364725851,420
724364825753,420
724364925655,420
724365025557,417
724365125459,417
724365225361,416
724365325263,417
724365425165,417
724365525067,417
724365624969,419
724365724871,420
724365824773,421
724365924675,420
724366024577,416
724366124479,416
724366224381,416
724366324283,416
724366424185,419
724366524087,416
724366623989,422
724366723891,426
724366823793,425
724366923695,424
724367023597,426
724367123499,3402
724367223401,3228
724367323303,3058
724367423205,3100
724367523107,3052
724367624535,2003
724367724439,417
724367824341,416
724367924243,417
724368024147,416
724368124049,416
724368223951,423
724368323853,442
724368423755,422
724368523657,423
724368623559,416
724368723461,418
724368823363,417
724368923265,417
724369023167,417
724369123069,416
724369222971,421
724369322873,420
724369422775,420
724369522677,420
724369622579,416
724369722481,417
724369822383,416
724369922285,416
724370022187,416
724370122089,416
724370221991,420
724370321893,419
724370421795,419
724370521697,420
724370621599,420
724370721501,417
724370821403,417
724370921305,416
724371021207,416
724371121109,416
724371221011,416
724371320913,420
724371420815,419
724371520717,421
724371620619,420
724371720521,417
724371820423,417
724371920325,417
724372020227,417
724372120129,416
724372220031,416
724372319933,420
724372419835,420
724372519737,420
724372619639,420
724372719541,417
724372819443,417
724372919345,417
724373019247,417
724373119149,416
724373219051,416
724373318953,420
724373418855,420
724373518757,420
724373618659,420
724373718561,417
724373818463,417
724373918365,416
724374018267,417
724374118169,417
724374218071,417
724374317973,420
724374417875,420
724374517777,419
724374617679,420
724374717581,418
724374817483,417
724374917401,417
724375017303,416
724375117205,417
724375217107,416
724375317009,417
724375416911,420
724375516813,421
724375616715,421
724375716617,420
724375816519,417
724375916421,417
724376016323,416
724376116225,416
724376216127,417
724376316029,416
724376415931,420
724376515833,420
724376615735,421
724376715637,420
724376815539,417
724376915441,416
724377015343,417
724377115245,3272
724377215147,3131
724377316570,2002
724377416474,416
724377516376,417
724377616278,417
724377716180,417
724377816082,417
724377915984,419
724378015886,419
724378115788,420
724378215690,420
724378315592,420
724378415494,417
724378515396,417
724378615298,416
724378715200,417
724378815102,416
724378915004,417
724379014906,420
724379114808,420
724379214710,420
724379314612,420
724379414514,417
724379514416,417
724379614318,416
724379714220,417
724379814122,416
724379914024,417
724380013926,423
724380113828,424
724380213730,423
724380313632,423
724380413534,417
724380513436,417
724380613338,417
724380713240,417
724380813142,417
724380913044,417
724381012946,420
724381112848,421
724381212750,420
724381312652,420
724381412554,416
724381512456,417
724381612358,416
724381712260,417
724381812162,417
724381912064,417
724382011966,424
724382111868,421
724382211770,436
724382311672,436
724382411574,416
724382511476,417
724382611378,417
724382711280,418
724382811182,417
724382911084,417
724383010986,420
724383110888,420
724383210790,420
724383310692,420
724383410595,421
724383510497,417
724383610399,417
724383710301,416
724383810203,416
724383910105,416
724384010007,417
724384109909,420
724384209811,420
724384309713,420
724384409615,420
724384509517,417
724384609419,416
724384709321,417
724384809223,417
724384909125,416
724385009027,416
724385108929,420
724385208831,420
724385308733,420
724385408635,420
724385508537,416
724385608439,417
724385708341,417
724385808243,417
724385908145,417
724386008047,416
724386107949,420
724386207851,419
724386307753,420
724386407655,420
724386507557,417
724386607459,416
724386707361,417
724386807263,417
724386907165,416
724387007067,416
724387106969,3091
724387206871,3126
724387308293,2000
724387408197,417
724387508099,417
724387608004,416
724387707906,420
724387807808,420
724387907710,420
724388007612,420
724388107514,417
724388207416,417
724388307318,416
724388407220,417
724388507122,417
724388607024,417
724388706926,421
724388806828,421
724388906730,420
724389006632,420
724389106534,417
724389206436,416
724389306338,417
724389406240,416
724389506142,417
724389606044,416
724389705946,421
724389805848,420
724389905750,420
724390005652,420
724390105554,417
724390205456,416
724390305358,416
724390405260,417
724390505162,417
724390605064,416
724390704966,421
724390804868,419
724390904770,420
724391004672,419
724391104574,417
724391204476,416
724391304378,416
724391404280,417
724391504182,417
724391604084,416
724391703986,440
724391803888,423
724391903790,423
724392003692,423
724392103594,423
724392203496,417
724392303398,417
724392403300,416
724392503202,416
724392603104,417
724392703006,418
724392802908,420
724392902810,420
724393002712,420
724393102614,421
724393202516,416
724393302418,416
724393402320,417
724393502222,417
724393602124,417
724393702026,417
724393801928,420
724393901830,419
724394001732,420
724394101634,419
724394201536,416
724394301438,416
724394401340,417
724394501242,417
724394601144,416
724394701046,440
724394800948,419
724394900850,420
724395000752,419
724395100654,420
724395200556,416
724395300458,416
724395400360,417
724395500262,416
724395600164,416
724395700066,417
724395799968,420
724395899870,420
724395999772,420
724396099674,420
724396199576,416
724396299478,417
724396399380,417
724396499282,417
724396599184,416
724396699086,417
724396798988,420
724396898890,419
724396998792,420
724397098694,3119
724397198596,3148
724397300012,1988
724397399916,420
724397499818,421
724397599720,420
724397699622,420
724397799524,417
724397899426,417
724397999328,417
724398099232,417
724398199134,417
724398299036,417
724398398938,420
724398498840,420
724398598742,420
724398698644,421
724398798546,417
724398898464,417
724398998366,417
724399098268,416
724399198170,416
724399298072,416
724399397974,420
724399497876,420
724399597778,419
724399697680,420
724399797582,430
724399897484,417
724399997386,417
724400097288,417
724400197190,416
724400297092,416
724400396994,420
724400496896,420
724400596798,421
724400696700,421
724400796602,420
724400896504,417
724400996406,417
724401096308,417
724401196210,416
724401296112,416
724401396014,416
724401495916,421
724401595818,419
724401695720,420
724401795622,420
724401895524,416
724401995426,417
724402095328,417
724402195230,416
724402295132,416
724402395034,416
724402494936,421
724402594838,420
724402694740,421
724402794642,420
724402894544,417
724402994446,416
724403094348,417
724403194250,416
724403294152,416
724403394054,417
724403493956,422
724403593858,422
724403693760,423
724403793662,424
724403893564,417
724403993466,416
724404093368,417
724404193270,417
724404293172,417
724404393074,417
724404492976,420
724404592878,420
724404692780,420
724404792682,421
724404892584,420
724404992486,416
724405092388,416
724405192290,416
724405292192,417
724405392094,416
724405491996,420
724405591898,420
724405691800,419
724405791702,420
724405891604,420
724405991506,417
724406091408,416
724406191310,417
724406291212,417
724406391114,417
724406491016,416
724406590918,421
724406690820,420
724406790722,421
724406890624,420
724406990526,417
724407090428,3334
724407190330,3123
724407290232,3077
724407390134,3162
724407490036,3122
724407591464,2001
724407691368,417
724407791270,417
724407891172,416
724407991074,416
724408090976,444
724408190878,419
724408290780,420
724408390682,420
724408490584,420
724408590486,416
724408690388,417
724408790290,417
724408890192,416
724408990094,417
724409089996,420
724409189898,419
724409289800,420
724409389702,420
724409489604,420
724409589506,417
724409689408,417
724409789310,417
724409889212,416
724409989114,417
724410089016,416
724410188918,419
724410288820,420
724410388722,420
724410488624,421
724410588526,416
724410688428,417
724410788330,417
724410888232,416
724410988134,417
724411088036,416
724411187938,420
724411287840,420
724411387742,419
724411487644,420
724411587546,416
724411687448,417
724411787350,417
724411887252,416
724411987154,417
724412087056,417
724412186958,420
724412286860,419
724412386762,419
724412486664,420
724412586566,417
724412686468,417
724412786370,417
724412886272,416
724412986174,417
724413086076,416
724413185978,420
724413285880,419
724413385782,419
724413485684,420
724413585586,420
724413685488,417
724413785390,416
724413885292,416
724413985194,416
724414085096,417
724414184998,420
724414284900,420
724414384802,420
724414484704,421
724414584606,423
724414684508,417
724414784410,416
724414884312,416
724414984214,416
724415084116,433
724415184018,416
724415283920,422
724415383822,422
724415483724,422
724415583626,424
724415683528,417
724415783430,417
724415883332,416
724415983234,417
724416083136,416
724416183038,416
724416282940,420
724416382842,421
724416482744,420
724416582646,421
724416682548,417
724416782450,417
724416882352,416
724416982254,416
724417083668,2007
724417183572,416
724417283474,417
724417383376,416
724417483278,417
724417583180,419
724417683082,417
724417782984,421
724417882886,422
724417982788,422
724418082690,422
724418182592,444
724418282494,417
724418382396,417
724418482298,417
724418582200,417
724418682102,417
724418782004,417
724418881906,419
724418981808,420
724419081710,420
724419181612,420
724419281514,416
724419381416,416
724419481318,417
724419581220,417
724419681122,417
724419781024,417
724419880926,419
724419980828,420
724420080730,420
724420180632,420
724420280534,416
724420380436,416
724420480338,416
724420580240,416
724420680142,417
724420780044,417
724420879946,420
724420979848,419
724421079750,420
724421179652,420
724421279554,417
724421379456,416
724421479358,417
724421579260,417
724421679162,417
724421779064,417
724421878966,419
724421978868,420
724422078770,420
724422178672,421
724422278574,417
724422378476,417
724422478378,417
724422578280,416
724422678182,417
724422778084,417
724422877986,420
724422977903,419
724423077805,421
724423177707,420
724423277609,420
724423377511,416
724423477413,417
724423577315,416
724423677217,416
724423777119,416
724423877021,417
724423976923,420
724424076825,420
724424176727,419
724424276629,420
724424376531,416
724424476433,416
724424576335,417
724424676237,417
724424776139,417
724424876041,417
724424975943,420
724425075845,420
724425175747,420
724425275649,420
724425375551,416
724425475453,416
724425575355,416
724425675257,417
724425775159,417
724425875061,417
724425974963,420
724426074865,420
724426174767,419
724426274669,420
724426374571,417
724426474473,416
724426574375,417
724426674278,417
724426774180,417
724426874082,417
724426973984,422
724427073886,3096
724427173788,3268
724427273690,3035
724427373592,3182
724427473494,3231
724427573396,3259
724427673298,3115
724427773200,3432
724427873102,3238
724427973004,3110
724428072906,3142
724428172808,3081
724428272710,3074
724428372612,3155
724428472514,3249
724428572416,3096
724428673831,2006
724428773735,423
724428873637,423
724428973539,416
724429073441,416
724429173343,416
724429273245,417
724429373147,416
724429473049,417
724429572951,420
724429672853,421
724429772755,420
724429872657,420
724429972559,416
724430072461,416
724430172363,416
724430272265,417
724430372167,417
724430472069,417
724430571971,420
724430671873,421
724430771777,420
724430871681,419
724430971583,420
724431071487,416
724431171391,417
724431271295,416
724431371198,417
724431471102,416
724431571006,416
724431670910,420
724431770813,419
724431870716,420
724431970620,420
724432070522,417
724432170425,417
724432270329,416
724432370232,417
724432470136,416
724432570040,416
724432669944,420
724432769848,420
724432869752,420
724432969656,420
724433069558,417
724433169460,417
724433269364,416
724433369267,417
724433469171,416
724433569075,416
724433668979,420
724433768883,420
724433868785,420
724433968689,419
724434068592,421
724434168495,417
724434268399,416
724434368302,417
724434468206,416
724434568110,416
724434668014,428
724434767918,419
724434867822,420
724434967726,420
724435067629,420
724435167533,416
724435267436,417
724435367339,417
724435467243,416
724435567147,416
724435667051,416
724435766955,421
724435866857,420
724435966761,420
724436066665,420
724436166567,417
724436266469,417
724436366372,417
724436466276,417
724436566180,417
724436666082,417
724436765986,420
724436865890,420
724436965794,420
724437065696,3105
724437165598,3139
724437267016,1997
724437366920,420
724437466822,420
724437566726,420
724437666628,420
724437766532,417
724437866436,416
724437966340,417
724438066244,416
724438166148,416
724438266051,417
724438365954,420
724438465858,419
724438565762,419
724438665664,420
724438765568,417
724438865472,416
724438965376,416
724439065280,416
724439165184,416
724439265087,417
724439364991,421
724439464895,440
724439564799,420
724439664701,421
724439764603,420
724439864505,417
724439964407,416
724440064309,417
724440164211,417
724440264113,416
724440364015,416
724440463917,448
724440563819,423
724440663721,422
724440763623,423
724440863525,417
724440963427,417
724441063329,414
724441163231,417
724441263133,417
724441363035,416
724441462937,422
724441562839,420
724441662741,420
724441762643,420
724441862545,417
724441962447,416
724442062349,417
724442162251,434
724442262153,417
724442362055,416
724442461957,419
724442561859,420
724442661761,420
724442761663,420
724442861565,416
724442961467,417
724443061369,416
724443161271,417
724443261173,417
724443361075,416
724443460978,420
724443560880,421
724443660782,420
724443760684,420
724443860586,419
724443960488,417
724444060390,416
724444160292,416
724444260194,417
724444360096,416
724444459998,419
724444559900,420
724444659802,455
724444759704,421
724444859606,420
724444959508,451
724445059410,417
724445159312,416
724445259214,417
724445359116,416
724445459018,416
724445558920,420
724445658822,431
724445758724,422
724445858626,420
724445958528,417
724446058430,416
724446158332,416
724446258234,417
724446358136,416
724446458038,416
724446557940,420
724446657842,420
724446757744,420
724446857660,421
724446957562,417
724447057464,3305
724447157366,3191
724447258785,2013
724447358689,420
724447458591,420
724447558493,417
724447658395,416
724447758297,417
724447858199,417
724447958101,451
724448058004,416
724448157906,420
724448257808,419
724448357710,420
724448457612,420
724448557514,417
724448657416,416
724448757318,417
724448857220,416
724448957122,417
724449057024,416
724449156926,420
724449256828,419
724449356730,420
724449456632,420
724449556534,416
724449656436,416
724449756338,416
724449856240,417
724449956142,416
724450056044,416
724450155946,420
724450255848,420
724450355750,420
724450455652,419
724450555554,417
724450655456,416
724450755358,417
724450855260,417
724450955162,427
724451055064,416
724451154966,420
724451254868,421
724451354770,420
724451454672,420
724451554574,416
724451654476,417
724451754378,417
724451854280,417
724451954182,416
724452054084,416
724452153986,422
724452253888,425
724452353790,422
724452453692,435
724452553594,422
724452653496,417
724452753398,417
724452853300,416
724452953202,417
724453053104,417
724453153006,417
724453252908,420
724453352810,419
724453452712,420
724453552614,420
724453652516,417
724453752418,417
724453852320,416
724453952222,416
724454052124,417
724454152026,416
724454251928,419
724454351830,419
724454451732,420
724454551634,420
724454651536,416
724454751438,417
724454851340,416
724454951242,416
724455051144,416
724455151046,416
724455250948,420
724455350850,420
724455450752,420
724455550654,420
724455650556,416
724455750458,417
724455850360,416
724455950262,416
724456050164,416
724456150066,416
724456249968,419
724456349870,418
724456449772,419
724456549674,419
724456649576,417
724456749478,417
724456849380,416
724456949282,416
724457049184,417
724457150603,2002
724457250507,417
724457350409,417
724457450311,417
724457550213,417
724457650115,416
724457750017,417
724457849919,420
724457949821,419
724458049723,419
724458149625,420
724458249527,416
724458349429,417
724458449331,417
724458549233,417
724458649135,416
724458749037,417
724458848939,420
724458948841,419
724459048743,420
724459148645,420
724459248547,416
724459348449,417
724459448351,417
724459548253,417
724459648155,416
724459748057,416
724459847959,419
724459947861,420
724460047763,420
724460147665,419
724460247567,416
724460347469,417
724460447371,416
724460547273,417
724460647175,416
724460747077,417
724460846979,420
724460946881,420
724461046783,420
724461146685,419
724461246587,420
724461346489,416
724461446391,416
724461546293,417
724461646195,417
724461746097,417
724461845999,420
724461945901,419
724462045803,421
724462145705,420
724462245607,420
724462345509,417
724462445411,416
724462545313,417
724462645215,416
724462745117,417
724462845019,417
724462944921,420
724463044823,420
724463144725,420
724463244627,421
724463344529,416
724463444431,416
724463544333,416
724463644235,417
724463744137,417
724463844039,416
724463943941,422
724464043843,422
724464143745,422
724464243647,424
724464343549,416
724464443451,417
724464543353,417
724464643255,417
724464743157,417
724464843059,416
724464942961,420
724465042863,419
724465142765,420
724465242667,419
724465342569,417
724465442471,416
724465542373,417
724465642275,416
724465742177,420
724465842079,416
724465941981,420
724466041883,420
724466141785,419
724466241687,419
724466341589,420
724466441491,416
724466541393,416
724466641295,416
724466741197,417
724466841099,416
724466941004,416
724467040906,419
