3535638263827,14159
3535638363765,12929
3535638463688,12904
3535638563610,12902
3535638663532,10500
3535638763456,10438
3535638863378,10430
3535638963300,10435
3535639063222,10431
3535639163144,10432
3535639263066,10613
3535639362988,10436
3535639462910,10418
3535639562833,10420
3535639662755,10418
3535639762679,10417
3535639862601,10417
3535639962523,10418
3535640062445,10460
3535640162367,10417
3535640262289,10415
3535640362213,10417
3535640462135,10416
3535640562057,10417
3535640661979,10502
3535640761901,10421
3535640861823,10415
3535640961746,10423
3535641061668,10415
3535641161590,10413
3535641261512,10412
3535641361434,10414
3535641461356,10415
3535641561278,10436
3535641661200,10414
3535641761123,10413
3535641861045,10411
3535641960967,10417
3535642060889,10418
3535642160811,10416
3535642260733,10556
3535642360655,10419
3535642460577,10417
3535642560499,10413
3535642660421,10510
3535642760343,10425
3535642860265,10426
3535642960187,10426
3535643060110,10421
3535643160032,10425
3535643259954,10424
3535643359876,10426
3535643459798,10418
3535643559720,10424
3535643659642,10423
3535643759564,10412
3535643859486,10414
3535643959408,10416
3535644059330,10416
3535644159252,10414
3535644259174,10412
3535644359098,10521
3535644459020,10415
3535644558942,10418
3535644658865,10549
3535644758788,10428
3535644858710,10420
3535644958632,10420
3535645058554,10417
3535645158476,10413
3535645258399,10516
3535645358321,10420
3535645458244,10415
3535645558166,10419
3535645658088,10423
3535645758010,10413
3535645857932,10416
3535645957854,10421
3535646057776,10421
3535646157698,10419
3535646257620,10417
3535646357543,10414
3535646457465,10415
3535646557387,10413
3535646657309,10524
3535646757232,10419
3535646857154,10410
3535646957076,10417
3535647056998,10419
3535647156920,10416
3535647256842,10435
3535647356764,10417
3535647456687,10420
3535647556611,10416
3535647656534,10415
3535647756456,10414
3535647856378,10424
3535647956300,10414
3535648056222,10417
3535648156144,10411
3535648256066,10417
3535648355988,10482
3535648456231,11856
3535648556153,11526
3535648656076,10718
3535648755999,10849
3535648855921,10838
3535648955843,10421
3535649055765,10829
3535649155687,10831
3535649255609,10841
3535649355532,10834
3535649455454,10829
3535649555376,10407
3535649655298,10405
3535649755220,10420
3535649855142,10409
3535649955064,10414
3535650054986,10416
3535650154908,10414
3535650254830,10414
3535650354752,10415
3535650454674,10410
3535650554596,10410
3535650654518,10521
3535650754440,10597
3535650854362,10410
3535650954284,10412
3535651054206,10409
3535651154128,10407
3535651254050,10407
3535651353972,10418
3535651453894,10425
3535651553816,10418
3535651653738,10414
3535651753660,10407
3535651853582,10407
3535651953504,10419
3535652053426,10412
3535652153348,10409
3535652253270,10411
3535652353192,10411
3535652453114,10420
3535652553036,10409
3535652652958,10556
3535652752881,10417
3535652852803,10412
3535652952725,10425
3535653052647,10413
3535653152569,10414
3535653252491,10408
3535653352413,10411
3535653452335,10422
3535653552257,10411
3535653652179,10443
3535653752101,10412
3535653852023,10406
3535653951945,10427
3535654051867,10413
3535654151789,10409
3535654251711,10415
3535654351633,10413
3535654451555,10421
3535654551477,10412
3535654651399,10519
3535654751321,10419
3535654851243,10413
3535654951165,10425
3535655051087,10410
3535655151009,10411
3535655250931,10413
3535655350853,10416
3535655450775,10430
3535655550697,10421
3535655650619,10411
3535655750541,10411
3535655850463,10410
3535655950385,10422
3535656050307,10406
3535656150229,10411
3535656250151,10410
3535656350073,10519
3535656449995,10427
3535656549917,10409
3535656649839,10559
3535656749761,10421
3535656849683,10408
3535656949605,10431
3535657049527,10411
3535657149449,10414
3535657249371,10410
3535657349293,10404
3535657449215,10424
3535657549137,10408
3535657649060,10415
3535657748983,10421
3535657848906,10420
3535657948828,10426
3535658048750,10414
3535658148672,10410
3535658248594,10416
3535658348516,10409
3535658448439,10495
3535658548678,11802
3535658648600,11612
3535658748541,10819
3535658848464,10820
3535658948386,10826
3535659048310,10829
3535659148232,10828
3535659248154,10824
3535659348077,10825
3535659448000,10833
3535659547922,10413
3535659647844,10409
3535659747766,10413
3535659847688,10412
3535659947610,10433
3535660047532,10407
3535660147454,10409
3535660247376,10405
3535660347298,10408
3535660447220,10421
3535660547142,10404
3535660647064,10477
3535660746987,10420
3535660846909,10410
3535660946831,10537
3535661046754,10412
3535661146676,10444
3535661246598,10416
3535661346520,10407
3535661446442,10422
3535661546364,10409
3535661646286,10410
3535661746208,10446
3535661846130,10410
3535661946052,10424
3535662045974,10410
3535662145896,10415
3535662245818,10413
3535662345740,10414
3535662445662,10428
3535662545584,10412
3535662645506,10450
3535662745428,10421
3535662845350,10404
3535662945272,10418
3535663045194,10407
3535663145116,10416
3535663245038,10414
3535663344960,10413
3535663444882,10432
3535663544804,10415
3535663644726,10416
3535663744648,10413
3535663844570,10405
3535663944492,10420
3535664044414,10408
3535664144336,10407
3535664244258,10405
3535664344180,10405
3535664444102,10422
3535664544025,10409
3535664643947,10449
3535664743870,10425
3535664843792,10416
3535664943714,10425
3535665043636,10411
3535665143558,10410
3535665243480,10405
3535665343402,10407
3535665443324,10402
3535665543247,10411
3535665643169,10408
3535665743091,10446
3535665843013,10408
3535665942935,10412
3535666042857,10417
3535666142779,10413
3535666242701,10412
3535666342623,10407
3535666442545,10406
3535666542467,10412
3535666642389,10416
3535666742312,10416
3535666842234,10407
3535666942156,10410
3535667042078,10412
3535667142005,10410
3535667241927,10413
3535667341849,10414
3535667441771,10414
3535667541693,10413
3535667641615,10415
3535667741537,10416
3535667841459,10406
3535667941381,10411
3535668041303,10413
3535668141225,10456
3535668241147,10407
3535668341069,10419
3535668440991,10414
3535668540913,10485
3535668641176,11878
3535668741099,11501
3535668841021,10612
3535668940944,10820
3535669040866,10818
3535669140790,10419
3535669240713,10410
3535669340635,10410
3535669440557,10410
3535669540479,10841
3535669640401,10825
3535669740323,10864
3535669840245,10827
3535669940167,10825
3535670040089,10823
3535670140011,10824
3535670239933,10825
3535670339855,10828
3535670439778,10832
3535670539700,10825
3535670639622,10824
3535670739545,10412
3535670839467,10410
3535670939389,10407
3535671039311,10426
3535671139233,10407
3535671239155,10407
3535671339077,10403
3535671438999,10413
3535671538921,10411
3535671638843,10411
3535671738765,10410
3535671838687,10419
3535671938609,10412
3535672038531,10408
3535672138453,10410
3535672238375,10408
3535672338297,10411
3535672438220,10413
3535672538142,10412
3535672638064,10410
3535672737986,10418
3535672837908,10410
3535672937830,10430
3535673037752,10410
3535673137675,10422
3535673237597,10414
3535673337519,10413
3535673437441,10412
3535673537363,10413
3535673637285,10409
3535673737208,10414
3535673837130,10408
3535673937052,10408
3535674036974,10413
3535674136896,10410
3535674236818,10417
3535674336740,10409
3535674436662,10412
3535674536584,10411
3535674636506,10410
3535674736429,10422
3535674836352,10421
3535674936274,10411
3535675036196,10407
3535675136118,10404
3535675236041,10411
3535675335963,10414
3535675435885,10414
3535675535807,10407
3535675635729,10416
3535675735651,10408
3535675835573,10407
3535675935496,10417
3535676035418,10407
3535676135340,10445
3535676235262,10408
3535676335184,10420
3535676435107,10415
3535676535030,10410
3535676634952,10422
3535676734875,10418
3535676834797,10409
3535676934719,10412
3535677034641,10418
3535677134563,10409
3535677234485,10409
3535677334407,10405
3535677434329,10410
3535677534251,10411
3535677634173,10408
3535677734096,10535
3535677834018,10412
3535677933940,10415
3535678033863,10417
3535678133785,10414
3535678233707,10720
3535678333630,10414
3535678433552,10406
3535678533474,10404
3535678633396,10484
3535678733633,11816
3535678833555,11500
3535678933477,10839
3535679033399,10821
3535679133321,10821
3535679233264,11030
3535679333186,10831
3535679433109,10824
3535679533032,10410
3535679632954,10409
3535679732876,10417
3535679832798,10416
3535679932720,10417
3535680032642,10415
3535680132564,10485
3535680232487,10416
3535680332409,10417
3535680432331,10408
3535680532253,10413
3535680632175,10407
3535680732097,10417
3535680832019,10409
3535680931941,10412
3535681031863,10416
3535681131785,10411
3535681231707,10415
3535681331629,10449
3535681431552,10408
3535681531474,10406
3535681631396,10406
3535681731318,10407
3535681831240,10404
3535681931163,10411
3535682031085,10411
3535682131007,10407
3535682230929,10412
3535682330851,10411
3535682430774,10418
3535682530696,10452
3535682630618,10412
3535682730540,10415
3535682830462,10403
3535682930384,10407
3535683030306,10478
3535683130228,10409
3535683230150,10410
3535683330072,10411
3535683429994,10409
3535683529916,10485
3535683629838,10410
3535683729761,10412
3535683829683,10417
3535683929605,10424
3535684029527,10477
3535684129449,10407
3535684229371,10410
3535684329293,10407
3535684429215,10405
3535684529137,10479
3535684629059,10407
3535684728981,10423
3535684828903,10413
3535684928825,10408
3535685028747,10444
3535685128669,10414
3535685228591,10414
3535685328513,10412
3535685428435,10410
3535685528357,10409
3535685628279,10410
3535685728201,10408
3535685828124,10410
3535685928046,10412
3535686027968,10410
3535686127890,10413
3535686227812,10409
3535686327734,10412
3535686427657,10417
3535686527579,10433
3535686627501,10408
3535686727424,10418
3535686827346,10407
3535686927268,10411
3535687027190,10409
3535687127112,10408
3535687227034,10412
3535687326956,10410
3535687426879,10431
3535687526801,10419
3535687626723,10415
3535687726645,10409
3535687826567,10409
3535687926489,10406
3535688026411,10414
3535688126333,10426
3535688226256,10416
3535688326178,10410
3535688426101,10481
3535688526023,10455
3535688625945,10403
3535688725869,10483
3535688826118,11830
3535688926040,11522
3535689025962,10824
3535689125884,10817
3535689225806,10822
3535689325730,10409
3535689425652,10488
3535689525575,10874
3535689625497,10828
3535689725419,10835
3535689825341,10827
3535689925263,10826
3535690025185,10867
3535690125107,10820
3535690225029,10824
3535690324951,10829
3535690424873,10950
3535690524796,10866
3535690624718,10825
3535690724640,10421
3535690824562,10408
3535690924484,10412
3535691024406,10447
3535691124328,10403
3535691224250,10413
3535691324172,10407
3535691424094,10489
3535691524016,10409
3535691623938,10408
3535691723860,10417
3535691823782,10411
3535691923704,10417
3535692023626,10412
3535692123548,10414
3535692223470,10411
3535692323392,10408
3535692423314,10496
3535692523236,10422
3535692623158,10408
3535692723081,10411
3535692823004,10408
3535692922926,10412
3535693022848,10408
3535693122771,10418
3535693222694,10419
3535693322616,10417
3535693422538,10502
3535693522460,10411
3535693622382,10409
3535693722304,10408
3535693822226,10408
3535693922148,10411
3535694022070,10411
3535694121992,10414
3535694221915,10417
3535694321837,10415
3535694421759,10500
3535694521681,10429
3535694621603,10411
3535694721526,10416
3535694821448,10415
3535694921370,10410
3535695021292,10408
3535695121214,10414
3535695221136,10405
3535695321058,10407
3535695420980,10516
3535695520902,10410
3535695620824,10415
3535695720746,10413
3535695820668,10412
3535695920590,10409
3535696020512,10413
3535696120434,10408
3535696220356,10417
3535696320278,10406
3535696420200,10514
3535696520122,10406
3535696620044,10412
3535696719966,10416
3535696819888,10414
3535696919810,10413
3535697019732,10555
3535697119654,10417
3535697219576,10408
3535697319498,10408
3535697419420,10507
3535697519342,10415
3535697619264,10409
3535697719186,10419
3535697819108,10410
3535697919030,10412
3535698018952,10411
3535698118874,10410
3535698218796,10412
3535698318718,10416
3535698418641,10520
3535698518564,10635
3535698618486,10411
3535698718408,10416
3535698818332,10482
3535698918570,11797
3535699018492,11492
3535699118414,10849
3535699218336,10844
3535699318258,10824
3535699418180,10511
3535699518103,10821
3535699618025,10826
3535699717966,10829
3535699817888,10822
3535699917810,10830
3535700017732,10827
3535700117656,10830
3535700217578,10825
3535700317500,10830
3535700417422,10937
3535700517344,10830
3535700617267,10829
3535700717189,10423
3535700817111,10404
3535700917033,10413
3535701016955,10413
3535701116877,10412
3535701216799,10414
3535701316721,10412
3535701416643,10515
3535701516565,10445
3535701616487,10409
3535701716410,10408
3535701816332,10412
3535701916254,10409
3535702016176,10410
3535702116098,10409
3535702216020,10412
3535702315942,10411
3535702415864,10438
3535702515786,10410
3535702615708,10416
3535702715631,10419
3535702815553,10411
3535702915475,10406
3535703015397,10412
3535703115319,10641
3535703215241,10411
3535703315163,10411
3535703415085,10436
3535703515007,10412
3535703614929,10416
3535703714852,10417
3535703814774,10411
3535703914696,10415
3535704014618,10413
3535704114540,10410
3535704214462,10408
3535704314384,10413
3535704414306,10426
3535704514228,10481
3535704614150,10407
3535704714072,10413
3535704813994,10413
3535704913916,10592
3535705013838,10414
3535705113760,10415
3535705213682,10414
3535705313604,10413
3535705413526,10418
3535705513449,10411
3535705613371,10412
3535705713293,10409
3535705813215,10415
3535705913137,10412
3535706013059,10413
3535706112981,10411
3535706212903,10418
3535706312825,10413
3535706412747,10425
3535706512669,10413
3535706612591,10407
3535706712514,10418
3535706812436,10404
3535706912358,10406
3535707012280,10408
3535707112202,10412
3535707212124,10447
3535707312046,10410
3535707411968,10425
3535707511890,10419
3535707611812,10415
3535707711734,10407
3535707811656,10415
3535707911578,10436
3535708011500,10406
3535708111422,10410
3535708211344,10409
3535708311266,10408
3535708411188,10422
3535708511110,10414
3535708611032,10414
3535708710955,10423
3535708810877,10417
3535708910799,10480
3535709011037,11844
3535709110959,11492
3535709210881,10774
3535709310803,10823
3535709410725,10834
3535709510648,10871
3535709610570,10823
3535709710492,10827
3535709810414,10828
3535709910336,10830
3535710010258,10824
3535710110180,10825
3535710210102,10824
3535710310024,10822
3535710409946,10827
3535710509869,10822
3535710609791,10829
3535710709714,10419
3535710809636,10410
3535710909558,10406
3535711009480,10411
3535711109402,10407
3535711209324,10414
3535711309246,10413
3535711409168,10408
3535711509090,10410
3535711609012,10407
3535711708934,10419
3535711808856,10414
3535711908778,10413
3535712008700,10413
3535712108622,10412
3535712208544,10406
3535712308466,10413
3535712408388,10410
3535712508310,10408
3535712608233,10411
3535712708156,10416
3535712808078,10406
3535712908004,10412
3535713007927,10419
3535713107849,10621
3535713207771,10415
3535713307693,10414
3535713407615,10411
3535713507537,10413
3535713607459,10408
3535713707381,10409
3535713807304,10406
3535713907226,10408
3535714007148,10411
3535714107070,10408
3535714206992,10414
3535714306914,10412
3535714406836,10412
3535714506759,10439
3535714606681,10414
3535714706603,10420
3535714806525,10410
3535714906447,10407
3535715006369,10412
3535715106291,10408
3535715206213,10410
3535715306135,10407
3535715406057,10404
3535715505979,10412
3535715605901,12387
3535715705823,10413
3535715805745,10411
3535715905667,10413
3535716005589,10410
3535716105511,10403
3535716205433,10413
3535716305355,10410
3535716405277,10411
3535716505199,10413
3535716605121,10409
3535716705043,10424
3535716804965,10411
3535716904887,10411
3535717004809,10409
3535717104731,10411
3535717204653,10450
3535717304575,10407
3535717404497,10409
3535717504419,10405
3535717604341,10407
3535717704264,10413
3535717804186,10411
3535717904108,10407
3535718004030,10408
3535718103952,10415
3535718203874,10427
3535718303796,10411
3535718403718,10414
3535718503640,10413
3535718603562,10410
3535718703485,10437
3535718803408,10409
3535718903330,10407
3535719003254,10472
3535719103489,11799
3535719203411,11515
3535719303334,10767
3535719403256,10820
3535719503179,10816
3535719603101,10408
3535719703023,10424
3535719802945,10411
3535719902867,10410
3535720002789,10408
3535720102711,10414
3535720202649,10427
3535720302571,10411
3535720402493,10424
3535720502415,10421
3535720602337,10829
3535720702260,10433
3535720802182,10419
3535720902104,10451
3535721002027,10453
3535721101949,10454
3535721201871,10464
3535721301793,10452
3535721401715,10428
3535721501638,10425
3535721601560,10403
3535721701483,10507
3535721801406,10423
3535721901328,10417
3535722001250,10420
3535722101172,10421
3535722201094,10429
3535722301016,10409
3535722400938,10411
3535722500861,10410
3535722600783,10410
3535722700705,10484
3535722800627,10408
3535722900549,10402
3535723000471,10412
3535723100393,10404
3535723200315,10429
3535723300237,10407
3535723400159,10409
3535723500081,10425
3535723600004,10406
3535723699926,10428
3535723799848,10412
3535723899770,10411
3535723999692,10409
3535724099614,10426
3535724199536,10419
3535724299459,10405
3535724399381,10407
3535724499303,10416
3535724599225,10408
3535724699147,10472
3535724799069,10411
3535724898991,10411
3535724998913,10411
3535725098835,10415
3535725198757,10421
3535725298679,10411
3535725398601,10408
3535725498530,10416
3535725598452,10407
3535725698374,10502
3535725798296,10416
3535725898218,10413
3535725998140,10445
3535726098062,10410
3535726197984,10423
3535726297906,10414
3535726397828,10413
3535726497750,10414
3535726597672,10414
3535726697595,10522
3535726797517,10412
3535726897439,10404
3535726997361,10428
3535727097283,10410
3535727197205,10421
3535727297127,10408
3535727397049,10408
3535727496972,10411
3535727596894,10413
3535727696816,10436
3535727796738,10417
3535727896660,10409
3535727996582,10452
3535728096504,10406
3535728196426,10491
3535728296348,10412
3535728396270,10409
3535728496192,10405
3535728596114,10409
3535728696037,10505
3535728795959,10408
3535728895881,10741
3535728995804,10417
3535729095728,10477
3535729195966,11848
3535729295889,11506
3535729395811,10571
3535729495734,10822
3535729595657,10817
3535729695581,10879
3535729795503,10825
3535729895425,10827
3535729995347,10822
3535730095269,10825
3535730195191,10841
3535730295113,10822
3535730395035,10823
3535730494957,10825
3535730594879,10827
3535730694802,10548
3535730794724,10429
3535730894646,10409
3535730994568,10447
3535731094490,10409
3535731194412,10418
3535731294334,10412
3535731394256,10406
3535731494178,10403
3535731594100,10407
3535731694022,10423
3535731793944,10412
3535731893866,10416
3535731993788,10410
3535732093710,10414
3535732193632,10424
3535732293554,10409
3535732393476,10407
3535732493398,10408
3535732593320,10407
3535732693243,10520
3535732793165,10408
3535732893087,10412
3535732993009,10407
3535733092931,10409
3535733192853,10418
3535733292775,10414
3535733392697,10412
3535733492619,10416
3535733592541,10408
3535733692463,10405
3535733792386,10408
3535733892308,10411
3535733992230,10411
3535734092152,10409
3535734192074,10408
3535734291996,10412
3535734391918,10413
3535734491840,10417
3535734591762,10409
3535734691684,10562
3535734791606,10419
3535734891528,10408
3535734991450,10406
3535735091372,10406
3535735191294,10406
3535735291216,10411
3535735391138,10410
3535735491060,10408
3535735590982,10411
3535735690905,10412
3535735790827,10413
3535735890749,10411
3535735990671,10448
3535736090593,10417
3535736190515,10409
3535736290437,10409
3535736390359,10411
3535736490281,10406
3535736590204,10412
3535736690126,10525
3535736790048,10414
3535736889970,10415
3535736989892,10414
3535737089814,10415
3535737189736,10415
3535737289658,10415
3535737389580,10406
3535737489502,10410
3535737589424,10407
3535737689347,10423
3535737789269,10410
3535737889191,10409
3535737989113,10410
3535738089035,10407
3535738188957,10411
3535738288879,10409
3535738388801,10413
3535738488723,10410
3535738588645,10410
3535738688568,10577
3535738788490,10407
3535738888412,10407
3535738988334,10411
