3287291318405,16979
3287291418377,4234
3287291518331,3417
3287291618285,3417
3287291718239,3418
3287291818193,3418
3287291918145,3416
3287292018097,3417
3287292118049,3417
3287292218003,3419
3287292317955,3456
3287292417907,3419
3287292517859,3419
3287292617811,3419
3287292717763,3420
3287292817715,3419
3287292917667,3419
3287293017619,3420
3287293117571,3417
3287293217523,3417
3287293317475,3417
3287293417427,3416
3287293517379,3417
3287293617331,3418
3287293717283,3418
3287293817235,3418
3287293917187,3416
3287294017139,3418
3287294117091,3417
3287294217043,3417
3287294316995,3420
3287294416947,3421
3287294516899,3419
3287294616851,3419
3287294716803,3421
3287294816755,3420
3287294916707,3454
3287295016659,3420
3287295116611,3418
3287295216563,3418
3287295316515,3417
3287295416467,3418
3287295516419,3418
3287295616371,3418
3287295716323,3417
3287295816275,3418
3287295916227,3418
3287296016179,3418
3287296116131,3419
3287296216083,3418
3287296316035,3418
3287296415987,3419
3287296515939,3421
3287296615891,3419
3287296715843,3420
3287296815795,3419
3287296915747,3453
3287297015699,3419
3287297115651,3420
3287297215603,3420
3287297315555,3417
3287297415507,3418
3287297515459,3418
3287297615411,3420
3287297715363,3418
3287297815315,3418
3287297915267,3453
3287298015219,3419
3287298115171,3418
3287298215123,3418
3287298315075,3418
3287298415027,3418
3287298514979,3492
3287298614931,3422
3287298714883,3423
3287298814835,3421
3287298914787,3457
3287299014739,3423
3287299114692,3421
3287299214644,3421
3287299314596,3421
3287299414548,3420
3287299514500,3421
3287299614452,3421
3287299714404,3421
3287299814356,3421
3287299914308,3456
3287300014260,3421
3287300114212,3421
3287300214164,3422
3287300314116,3420
3287300414068,3422
3287300514020,3421
3287300613972,3424
3287300713924,3423
3287300813876,3423
3287300913828,3422
3287301013780,3424
3287301113732,3424
3287301213684,3423
3287301313636,3422
3287301413590,3495
3287301525894,16356
3287301625846,4011
3287301725798,4007
3287301825750,3989
3287301925702,4010
3287302025654,4004
3287302125606,3979
3287302225558,3991
3287302325510,3998
3287302425462,4044
3287302525414,3986
3287302625366,4033
3287302725318,4045
3287302825270,4820
3287302925222,4817
3287303025174,4820
3287303125126,4823
3287303225078,4825
3287303325030,4828
3287303424982,4002
3287303524934,4014
3287303624886,3979
3287303724838,4008
3287303824791,4049
3287303924743,4011
3287304024695,3999
3287304124647,3989
3287304224599,3986
3287304324551,3996
3287304424503,4015
3287304524455,4085
3287304624407,5110
3287304724359,4830
3287304824311,4820
3287304924263,4807
3287305024215,4836
3287305124167,3420
3287305224119,3420
3287305324071,3657
3287305424023,3643
3287305523975,3558
3287305623927,3604
3287305723879,3559
3287305823831,3580
3287305923783,3570
3287306023735,3558
3287306123687,3557
3287306223639,3579
3287306323591,3580
3287306423543,3477
3287306523495,3503
3287306623447,3495
3287306723399,3476
3287306823351,3494
3287306923303,3419
3287307023255,3724
3287307123207,3503
3287307223166,3458
3287307323118,3480
3287307423070,3461
3287307523022,3561
3287307622974,3561
3287307722926,3484
3287307822878,3479
3287307922830,3556
3287308022782,3498
3287308122734,3463
3287308222686,3500
3287308322638,3422
3287308422590,3499
3287308522542,3557
3287308622494,3461
3287308722446,3496
3287308822398,3496
3287308922350,3457
3287309022302,3497
3287309122254,3479
3287309222206,3456
3287309322158,3498
3287309422110,3497
3287309522062,3559
3287309622014,3558
3287309721966,3471
3287309821918,3499
3287309921870,3485
3287310021822,3499
3287310121774,3499
3287310221726,3476
3287310321678,3472
3287310421630,3505
3287310521582,3462
3287310621534,3481
3287310721486,3499
3287310821438,3482
3287310921390,3530
3287311021342,3504
3287311121294,3472
3287311221246,3498
3287311321198,3498
3287311421150,3473
3287311521102,3556
3287311621054,3559
3287311721006,3542
3287311820958,3462
3287311920910,3497
3287312020862,3531
3287312120814,3464
3287312220766,3489
3287312320718,3499
3287312420670,3462
3287312520622,3421
3287312620574,3501
3287312733164,16644
3287312833116,4052
3287312933092,3989
3287313033044,4018
3287313132996,3993
3287313232948,4003
3287313332900,3982
3287313432852,4065
3287313532804,4030
3287313632756,4002
3287313732708,4048
3287313832660,4008
3287313932613,4136
3287314032566,4864
3287314132518,4863
3287314232470,4859
3287314332422,4862
3287314432374,4862
3287314532326,4872
3287314632278,3987
3287314732230,4028
3287314832182,3993
3287314932134,4002
3287315032086,4009
3287315132038,4020
3287315231990,4003
3287315331942,4006
3287315431894,4004
3287315531846,4039
3287315631798,4047
3287315731750,3994
3287315831702,4929
3287315931654,4855
3287316031606,4838
3287316131558,4850
3287316231510,4850
3287316331462,3424
3287316431414,3422
3287316531366,3560
3287316631318,3560
3287316731270,3617
3287316831222,3713
3287316931174,3580
3287317031126,3659
3287317131078,3582
3287317231030,3594
3287317330982,3673
3287317430934,3424
3287317530886,3421
3287317630838,3482
3287317730790,3501
3287317830742,3421
3287317930694,3466
3287318030646,3498
3287318130598,3472
3287318230551,3499
3287318330503,3492
3287318430455,3458
3287318530407,3494
3287318630359,3495
3287318730311,3459
3287318830263,3468
3287318930215,3471
3287319030167,3495
3287319130119,3492
3287319230071,3417
3287319330030,3487
3287319429982,3560
3287319529934,3557
3287319629886,3514
3287319729838,3493
3287319829790,3485
3287319929742,3475
3287320029694,3497
3287320129646,3464
3287320229598,3476
3287320329550,3499
3287320429502,3495
3287320529454,3474
3287320629406,3496
3287320729358,3456
3287320829310,3475
3287320929262,3494
3287321029214,3454
3287321129166,3496
3287321229118,3499
3287321329070,3458
3287321429022,3494
3287321528974,3493
3287321628926,3481
3287321728878,3455
3287321828830,3480
3287321928782,3497
3287322028734,3460
3287322128686,3499
3287322228638,3484
3287322328590,3455
3287322428542,3494
3287322528494,3493
3287322628446,3453
3287322728398,3518
3287322828350,3492
3287322928302,3491
3287323028254,3472
3287323128206,3457
3287323228158,3452
3287323328110,3464
3287323428062,3553
3287323528014,3563
3287323627966,3557
3287323727918,3495
3287323827870,3456
3287323927822,3457
3287324027774,3459
3287324127727,3496
3287324227679,3496
3287324327631,3531
3287324427583,3469
3287324527535,3509
3287324627487,3419
3287324727441,3532
3287324839900,16532
3287324939852,4018
3287325039804,4012
3287325139756,3993
3287325239708,4006
3287325339660,4462
3287325439612,3981
3287325539564,3981
3287325639516,3997
3287325739468,3995
3287325839420,3998
3287325939372,4060
3287326039324,4006
3287326139276,4834
3287326239228,4831
3287326339180,4838
3287326439132,4819
3287326539084,4825
3287326639036,4826
3287326738988,4020
3287326838940,3990
3287326938892,3996
3287327038844,4002
3287327138796,3999
3287327238748,3996
3287327338700,4022
3287327438652,4017
3287327538604,3997
3287327638556,4025
3287327738508,3991
3287327838460,3985
3287327938412,4828
3287328038364,4828
3287328138316,4871
3287328238268,4830
3287328338220,4831
3287328438172,3419
3287328538124,3419
3287328638076,3587
3287328738028,3686
3287328837980,3775
3287328937932,3778
3287329037884,3619
3287329137836,3626
3287329237788,3581
3287329337740,3625
3287329437692,3558
3287329537644,3580
3287329637596,3714
3287329737548,3416
3287329837500,3473
3287329937452,3491
3287330037404,3474
3287330137356,3458
3287330237308,3491
3287330337260,3417
3287330437212,3465
3287330537164,3496
3287330637116,3480
3287330737068,3455
3287330837020,3479
3287330936972,3498
3287331036924,3456
3287331136876,3494
3287331236828,3482
3287331336780,3454
3287331436732,3558
3287331536684,3556
3287331636636,3558
3287331736588,3556
3287331836540,3495
3287331936492,3478
3287332036444,3478
3287332136396,3496
3287332236358,3453
3287332336310,3478
3287332436262,3485
3287332536214,3477
3287332636166,3493
3287332736118,3520
3287332836070,3504
3287332936022,3474
3287333035974,3529
3287333135926,3478
3287333235878,3481
3287333335830,3456
3287333435782,3558
3287333535734,3558
3287333635686,3556
3287333735638,3500
3287333835590,3493
3287333935542,3497
3287334035494,3457
3287334135446,3494
3287334235398,3477
3287334335350,3497
3287336612335,5327
3287336712289,4256
3287336824889,17670
3287336924841,5046
3287337024793,5040
3287337124745,4004
3287337224697,3983
3287337324649,4003
3287337424601,3994
3287337524553,4047
3287337624505,4027
3287337724457,4008
3287337824409,4032
3287337924361,4004
3287338024313,4010
3287338124265,4865
3287338224217,4852
3287338324169,4851
3287338424121,4861
3287338524073,4861
3287338624025,4857
3287338723977,3982
3287338823929,3986
3287338923881,3990
3287339023833,3995
3287339123785,4025
3287339223737,4134
3287339323689,3992
3287339423641,3996
3287339523593,4034
3287339623545,4048
3287339723497,4048
3287339823449,3994
3287339923401,4859
3287340023353,4844
3287340123305,4870
3287340223257,4838
3287340323209,4856
3287340423161,3423
3287340523113,3443
3287340623065,3560
3287340723018,3840
3287340822970,3709
3287340922922,3795
3287341022875,3586
3287341122827,3563
3287341222779,3585
3287341322731,3605
3287341422683,3681
3287341522635,3563
3287341622587,3560
3287341722539,3499
3287341822491,3497
3287341922443,3497
3287342022395,3518
3287342122347,3421
3287342222299,3495
3287342322251,3477
3287342422203,3497
3287342522155,3553
3287342622107,3484
3287342722059,3497
3287342822011,3456
3287342921963,3499
3287343021915,3534
3287343121867,3472
3287343221819,3484
3287343321771,3501
3287343421723,3463
3287343521675,3561
3287343621627,3560
3287343721579,3479
3287343821531,3464
3287343921483,3483
3287344021435,3494
3287344121387,3478
3287344221339,3497
3287344321291,3497
3287344421243,3483
3287344521195,3461
3287344621147,3492
3287344721099,3459
3287344821051,3481
3287344921003,3483
3287345020955,3509
3287345120907,3502
3287345220859,3479
3287345320811,3464
3287345420763,3498
3287345520715,3562
3287345620667,3524
3287345720619,3480
3287345820571,3498
3287345920523,3499
3287346020475,3497
3287346120427,3453
3287346220379,3456
3287346320331,3478
3287346420283,3494
3287346520235,3468
3287346620187,3475
3287346720139,3496
3287346820091,3495
3287346920043,3475
3287347019995,3454
3287347119947,3493
3287347219899,3493
3287347319851,3494
3287347419803,3477
3287347519755,3557
3287347619707,3557
3287347719659,3484
3287347819611,3470
3287347919563,3495
3287348019515,3500
3287348119467,3492
3287348219419,3493
3287348319371,3470
3287348419323,3455
3287348519275,3478
3287348619227,3493
3287348719180,3422
3287348819134,3495
3287348931693,16614
3287349031645,4045
3287349131597,4009
3287349231549,3986
3287349331501,4002
3287349431453,4008
3287349531405,4000
3287349631357,3999
3287349731309,3987
3287349831261,3992
3287349931213,3987
3287350031165,4036
3287350131117,4049
3287350231069,4840
3287350331021,4819
3287350430973,4810
3287350530925,4815
3287350630877,4810
3287350730830,4847
3287350830782,3988
3287350930734,3995
3287351030686,3999
3287351130638,3999
3287351230590,4010
3287351330542,4054
3287351430494,3992
3287351530446,3999
3287351630398,3990
3287351730350,3999
3287351830302,3990
3287351930254,3992
3287352030206,4814
3287352130158,4833
3287352230110,4811
3287352330062,4825
3287352430014,4822
3287352529966,3423
3287352629918,3422
3287352729870,3703
3287352829822,3655
3287352929774,3756
3287353029726,3803
3287353129678,3602
3287353229630,3713
3287353329582,3416
3287353429534,3559
3287353529486,3559
3287353629438,3581
3287353729390,3490
3287353829342,3493
3287353929294,3475
3287354029246,3523
3287354129198,3492
3287354229150,3478
3287354329102,3493
3287354429054,3496
3287354529006,3470
3287354628958,3500
3287354728911,3518
3287354828863,3498
3287354928815,3418
3287355028767,3476
3287355128719,3454
3287355228671,3523
3287355328623,3460
3287355428575,3557
3287355528527,3556
3287355628479,3556
3287355728431,3490
3287355828383,3493
3287355928335,3493
3287356028287,3475
3287356128239,3493
3287356228191,3458
3287356328143,3492
3287356428095,3494
3287356528047,3465
3287356627999,3496
3287356727951,3496
3287356827903,3480
3287356927855,3460
3287357027807,3495
3287357127759,3495
3287357227711,3477
3287357327663,3456
3287357427615,3543
3287357527567,3559
3287357627519,3570
3287357727471,3479
3287357827423,3493
3287357927375,3493
3287358027327,3475
3287358127279,3454
3287360525408,7456
3287360625361,4239
3287360725314,4273
3287360837572,17355
3287360937525,5051
3287361037478,5025
3287361137430,4004
3287361237382,4006
3287361337334,4038
3287361437286,4082
3287361537238,4063
3287361637190,4012
3287361737142,4036
3287361837094,4040
3287361937046,4004
3287362036998,4016
3287362136950,5187
3287362236902,4892
3287362336854,4918
3287362436806,4902
3287362536758,4910
3287362636711,4046
3287362736663,4019
3287362836615,4039
3287362936567,4015
3287363036519,4015
3287363136471,4012
3287363236423,4038
3287363336375,4017
3287363436327,4011
3287363536279,4017
3287363636231,4096
3287363736183,4067
3287363836135,5180
3287363936087,5202
3287364036039,5194
3287364135991,4948
3287364235943,4903
3287364335895,3422
3287364435847,3421
3287364535799,3557
3287364635751,3559
3287364735703,3669
3287364835655,3779
3287364935608,3587
3287365035560,3723
3287365135512,3607
3287365235464,3631
3287365335416,3741
3287365435368,3555
3287365535320,3498
3287365635272,3553
3287365735224,3563
3287365835176,3493
3287365935128,3493
3287366035080,3473
3287366135032,3416
3287366234984,3494
3287366334936,3474
3287366434888,3494
3287366534840,3482
3287366634792,3468
3287366734744,3510
3287366834696,3479
3287366934648,3501
3287367034600,3473
3287367134552,3494
3287367234504,3492
3287367334456,3492
3287367434408,3555
3287367534360,3504
3287367634312,3561
3287367734264,3499
3287367834216,3489
3287367934168,3498
3287368034120,3493
3287368134072,3494
3287368234024,3496
3287368333976,3500
3287368433928,3487
3287368533880,3484
3287368633832,3475
3287368733784,3503
3287368833736,3498
3287368933688,3498
3287369033640,3463
3287369133592,3499
3287369233544,3494
3287369333496,3457
3287369433448,3560
3287369533400,3559
3287369633352,3558
3287369733304,3543
3287369833256,3498
3287369933208,3464
3287370033160,3480
3287370133112,3496
3287370233064,3479
3287370333016,3461
3287370432968,3498
3287370532920,3487
3287370632872,3480
3287370732824,3501
3287370832776,3475
3287370932728,3473
3287371032680,3496
3287371132632,3498
3287371232584,3481
3287371332536,3457
3287371432488,3419
3287371532440,3563
3287371632392,3558
3287371732344,3497
3287371832296,3466
3287371932248,3502
3287372032200,3484
3287372132152,3485
3287372232104,3456
3287372332056,3477
3287372432008,3500
3287372531960,3501
3287372631912,3485
3287372731864,3437
3287372831816,3511
3287372944088,16362
3287373044040,4033
3287373143992,4047
3287373243944,4019
3287373343896,4001
3287373443848,4021
3287373543800,4037
3287373643752,4018
3287373743704,4013
3287373843656,3999
3287373943608,4014
3287374043560,4097
3287374143512,4067
3287374243464,5123
3287374343416,5139
3287374443368,5165
3287374543320,5125
3287374643272,4844
3287374743224,4024
3287374843176,4015
3287374943128,4032
3287375043081,4028
3287375143033,4021
3287375242986,4022
3287375342938,4024
3287375442890,4061
3287375542842,4004
3287375642794,4027
3287375742746,4015
3287375842698,4025
3287375942650,4068
3287376042602,5159
3287376142554,5102
3287376242506,4861
3287376342458,4853
3287376442410,3422
3287376542362,3422
3287376642314,3567
3287376742266,3613
3287376842218,3645
3287376942176,3802
3287377042128,3582
3287377142080,3623
3287377242032,3422
3287377341984,3694
3287377441936,3584
3287377541888,3584
3287377641840,3560
3287377741792,3525
3287377841744,3500
3287377941696,3484
3287378041648,3461
3287378141600,3476
3287378241552,3420
3287378341504,3507
3287378441456,3461
3287378541408,3496
3287378641360,3483
3287378741312,3461
3287378841264,3475
3287378941216,3419
3287379041168,3482
3287379141120,3421
3287379241072,3455
3287379341024,3483
3287379440976,3560
3287379540928,3560
3287379640880,3559
3287379740832,3505
3287379840784,3496
3287379940736,3459
3287380040688,3461
3287380140640,3497
3287380240592,3480
3287380340544,3497
3287380440496,3472
3287380540448,3472
3287380640400,3505
3287380740352,3459
3287380840304,3475
3287380940256,3491
3287381040208,3860
3287381140160,3492
3287381240112,3496
3287381340064,3470
3287381440016,3482
3287381539968,3512
3287381639920,3510
3287381739872,3472
3287381839824,3516
3287381939776,3492
3287384606103,7458
3287384706057,4240
3287384806010,4265
3287384905965,4284
3287385005919,4274
3287385105872,4269
3287385218134,16350
3287385318086,4363
3287385418038,4023
3287385517990,4017
3287385617942,4011
3287385717894,4068
3287385817846,4005
3287385917798,4064
3287386017750,4014
3287386117702,4020
3287386217654,4037
3287386317606,4057
3287386417558,4025
3287386517510,5179
3287386617462,5185
3287386717415,4912
3287386817368,4913
3287386917320,4915
3287387017272,4020
3287387117224,4030
3287387217176,4012
3287387317128,4013
3287387417080,4014
3287387517032,4041
3287387616984,4177
3287387716936,4028
3287387816888,4015
3287387916840,4067
3287388016792,4085
3287388116744,4008
3287388216696,5196
3287388316648,4967
3287388416600,4893
3287388516552,4904
3287388616504,4908
3287388716456,3420
3287388816408,3419
3287388916360,3643
3287389016312,3691
3287389116264,3814
3287389216216,3781
3287389316168,3560
3287389416120,3561
3287389516072,3566
3287389616024,3567
3287389715976,3571
3287389815928,3570
3287389915880,3418
3287390015832,3492
3287390115784,3495
3287390215736,3491
3287390315688,3496
3287390415640,3456
3287390515592,3495
3287390615544,3495
3287390715496,3495
3287390815448,3492
3287390915400,3477
3287391015352,3479
3287391115304,3516
3287391215256,3499
3287391315208,3487
3287391415160,3463
3287391515112,3572
3287391615064,3511
3287391715016,3505
3287391814968,3495
3287391914920,3484
3287392014872,3498
3287392114824,3476
3287392214776,3483
3287392314728,3476
3287392414680,3418
3287392514632,3520
3287392614584,3502
3287392714536,3494
3287392814488,3472
3287392914440,3492
3287393014392,3475
3287393114344,3493
3287393214296,3455
3287393314248,3468
3287393414200,3491
3287393514152,3554
3287393614104,3554
3287393714056,3491
3287393814008,3458
3287393913960,3513
3287394013912,3554
3287394113864,3475
3287394213816,3497
3287394313768,3499
3287394413720,3497
3287394513672,3457
3287394613624,3516
3287394713576,3498
3287394813528,3439
3287394913480,3477
3287395013432,3500
3287395113384,3465
3287395213336,3500
3287395313288,3496
3287395413240,3468
3287395513193,3559
3287395613146,3561
3287395713098,3507
3287395813050,3568
3287395913003,3517
3287396012955,3483
3287396112907,3498
3287396212859,3476
3287396312811,3478
3287396412763,3510
3287396512715,3483
3287396612667,3466
3287396712619,3502
3287396812571,3423
3287396912525,3572
3287397024782,16391
3287397124734,4022
3287397224686,4026
3287397324638,4004
3287397424590,3997
3287397524542,4105
3287397624494,4029
3287397724446,3992
3287397824398,4005
3287397924350,3996
3287398024302,4043
3287398124254,4052
3287398224206,4055
3287398324158,5128
3287398424110,5138
3287398524062,5172
3287398624014,5117
3287398723966,4865
3287398823918,4003
3287398923870,4021
3287399023822,4057
3287399123774,4034
3287399223726,4021
3287399323678,4021
3287399423630,4006
3287399523582,4056
3287399623534,3999
3287399723486,4026
3287399823438,4014
3287399923390,4030
3287400023342,4056
3287400123294,4859
3287400223246,4848
3287400323198,4853
3287400423150,4865
3287400523102,3423
3287400623054,3422
3287400723006,3623
3287400822958,3717
3287400922910,3691
3287401022862,3807
3287401122814,3601
3287401222766,3649
3287401322718,3587
3287401422670,3714
3287401522622,3561
3287401622574,3562
3287401722526,3498
3287401822478,3499
3287401922430,3497
3287402022382,3459
3287402122334,3497
3287402222286,3473
3287402322238,3456
3287402422190,3496
3287402522142,3461
3287402622094,3471
3287402722046,3480
3287402821998,3499
3287402921950,3498
3287403021902,3497
3287403121854,3465
3287403221806,3499
3287403321758,3487
3287403421710,3458
3287403521662,3569
3287403621614,3614
3287403721566,3480
3287403821518,3501
3287403921470,3460
3287404021422,3485
3287404121374,3497
3287404221326,3496
3287404321278,3456
3287404421230,3493
3287404521182,3510
3287404621134,3496
3287404721086,3421
3287404821038,3495
3287404920990,3498
3287405020943,3488
3287405120895,3498
3287405220847,3457
3287405320799,3460
3287405420751,3501
3287405520703,3560
3287405620655,3507
3287405720608,3499
3287405820560,3498
3287405920512,3472
3287406020464,3498
3287406120416,3505
