711853013764,11960
711853113683,8342
711853213587,6700
711853313491,6702
711853413395,6705
711853513297,6701
711853613199,6700
711853713101,6699
711853813004,6704
711853912906,6703
711854012808,6706
711854112711,6705
711854212613,6706
711854312515,6703
711854412417,6703
711854512319,6710
711854612221,6702
711854712123,6706
711854812025,6701
711854911927,6704
711855011829,6774
711855111731,6707
711855211633,6704
711855311535,6705
711855411437,6704
711855511339,6777
711855611241,6699
711855711143,6696
711855811045,6702
711855910947,6705
711856010849,6775
711856110751,6705
711856210655,6703
711856310557,6706
711856410459,6702
711856510361,6781
711856610263,6704
711856710165,6703
711856810067,6701
711856909969,6705
711857009871,6738
711857109773,6700
711857209675,6705
711857309577,6699
711857409479,6705
711857509381,6704
711857609283,6697
711857709185,6700
711857809087,6700
711857908989,6719
711858008891,6701
711858108793,6707
711858208695,6700
711858308597,6701
711858408499,6703
711858508401,6705
711858608303,6703
711858708205,6701
711858808107,6700
711858908009,6700
711859007911,6707
711859107815,6700
711859207717,6705
711859307619,6702
711859407521,6701
711859507425,6703
711859607327,7051
711859707229,6697
711859807131,6732
711859907033,6697
711860006935,6704
711860106837,6699
711860206739,6700
711860306641,6736
711860406543,6701
711860506445,6749
711860606347,6699
711860706249,6703
711860806151,6695
711860906053,6696
711861005955,6766
711861105857,6701
711861205759,6699
711861305661,6705
711861405563,6706
711861505465,6724
711861605367,6705
711861705269,6699
711861805171,6697
711861905073,6696
711862004975,6703
711862104877,6700
711862204779,6697
711862304681,6703
711862404583,6700
711862504485,6698
711862604387,6699
711862704289,6736
711862804191,6699
711862904093,6697
711863003995,8177
711863103898,44782
711863203800,44266
711863303702,43976
711863403604,44943
711863503506,43855
711863603408,44264
711863703310,44661
711863803212,43558
711863903114,44141
711864003016,43810
711864102918,44314
711864202820,44243
711864302722,44179
711864402624,44091
711864502526,44642
711864602428,44121
711864705403,9862
711864805305,6699
711864905207,6697
711865005111,6697
711865105013,6697
711865204915,6699
711865304817,6702
711865404719,6699
711865504621,6737
711865604523,6701
711865704425,6700
711865804327,6698
711865904229,6691
711866004131,6696
711866104033,6695
711866203935,6724
711866303837,6701
711866403739,6883
711866503643,6738
711866603545,6737
711866703447,6724
711866803349,6704
711866903251,6703
711867003153,6693
711867103055,6696
711867202957,6717
711867302859,6700
711867402761,6703
711867502663,6739
711867602565,6704
711867702467,6719
711867802369,6705
711867902271,6700
711868002173,6702
711868102075,6702
711868201977,6714
711868301879,6704
711868401781,6704
711868501683,6704
711868601585,6704
711868701487,6725
711868801389,6706
711868901291,6700
711869001193,6699
711869101095,6704
711869200997,6716
711869300899,6704
711869400801,6807
711869500703,6703
711869600605,6699
711869700507,6721
711869800409,6703
711869900311,6701
711870000213,6701
711870100115,6700
711870200017,6716
711870299919,6702
711870399821,6703
711870499723,6696
711870599625,6706
711870699527,6761
711870799429,6701
711870899331,6703
711870999233,6700
711871099135,6699
711871199039,6712
711871298941,6701
711871398843,6701
711871498745,6701
711871598647,6703
711871698549,6715
711871798451,6703
711871898353,6703
711871998255,6697
711872098157,6700
711872198059,6710
711872297961,6704
711872397863,6705
711872497765,6703
711872597667,6704
711872697569,6801
711872797471,6705
711872897373,6702
711872997287,6727
711873097189,44560
711873197091,44059
711873296993,44739
711873396895,45264
711873496797,44377
711873596699,44357
711873696601,44490
711873796503,44249
711873896405,44106
711873999376,9853
711874099280,6702
711874199184,6713
711874299086,6701
711874398988,6704
711874498890,6702
711874598792,6703
711874698694,6761
711874798596,6701
711874898498,6706
711874998400,6708
711875098302,6703
711875198204,6717
711875298106,6698
711875398008,6702
711875497910,6700
711875597812,6702
711875697734,6726
711875797636,6706
711875897538,6706
711875997440,6705
711876097342,6704
711876197244,6699
711876297146,6697
711876397048,6698
711876496950,6883
711876596852,6698
711876696754,6774
711876796656,6701
711876896558,6703
711876996460,6703
711877096362,6702
711877196264,6791
711877296166,6701
711877396068,6695
711877495970,6702
711877595872,6702
711877695774,6701
711877795676,6700
711877895578,6698
711877995480,6697
711878095382,6699
711878195284,6696
711878295186,6696
711878395088,6700
711878494990,6722
711878594892,6697
711878694794,6805
711878794696,6700
711878894598,6695
711878994500,6699
711879094402,6701
711879194304,6699
711879294206,6698
711879394108,6702
711879494010,6694
711879593912,6704
711879693814,6704
711879793716,6705
711879893618,6703
711879993520,6704
711880093422,7019
711880193324,6702
711880293226,6702
711880393128,6700
711880493030,6701
711880592932,6705
711880692835,6776
711880792737,6703
711880892639,6701
711880992541,6702
711881092443,6704
711881192345,6706
711881292247,6700
711881392150,6702
711881492052,6703
711881591954,6707
711881691856,6705
711881791758,6703
711881891660,6705
711881991562,6701
711882091464,6702
711882191366,6707
711882291268,6702
711882391170,6703
711882491072,6703
711882590974,6702
711882690876,6775
711882790778,6706
711882890680,6704
711882990582,6706
711883090485,46923
711883193532,9929
711883293436,6725
711883393338,6701
711883493240,6697
711883593142,6702
711883693044,6699
711883792946,6708
711883892848,6702
711883992752,6739
711884092654,6702
711884192556,6705
711884292458,6703
711884392360,6700
711884492262,6704
711884592164,6701
711884692066,6808
711884791968,6697
711884891870,6705
711884991772,6738
711885091674,6703
711885191576,6707
711885291478,6706
711885391380,6703
711885491282,6701
711885591184,6701
711885691086,6700
711885790988,6707
711885890890,6702
711885990792,6738
711886090694,6701
711886190596,6707
711886290498,6703
711886390400,6705
711886490302,6706
711886590204,6697
711886690106,6795
711886790008,6699
711886889910,6707
711886989812,6738
711887089714,6704
711887189616,6702
711887289518,6705
711887389420,6705
711887489322,6703
711887589224,6702
711887689126,6705
711887789028,6695
711887888930,6704
711887988832,6739
711888088734,6704
711888188636,6703
711888288538,6708
711888388440,6724
711888488342,6706
711888588244,6699
711888688146,6774
711888788048,6701
711888887950,6704
711888987852,6702
711889087754,6703
711889187656,6737
711889287558,6701
711889387460,6701
711889487362,6704
711889587264,6696
711889687166,6697
711889787068,6694
711889886970,6700
711889986872,6699
711890086774,6700
711890186676,6733
711890286578,6700
711890386480,6701
711890486382,6702
711890586284,6697
711890686186,6771
711890786088,6699
711890885990,6698
711890985892,6701
711891085794,6698
711891185696,6738
711891285598,6703
711891385500,6699
711891485402,6702
711891585304,6701
711891685206,6694
711891785108,6698
711891885010,6700
711891984912,6701
711892084814,6697
711892184716,6733
711892284618,6700
711892384520,6696
711892484422,6701
711892584324,6700
711892684226,6732
711892784128,6698
711892884030,6693
711892983932,6700
711893083834,44073
711893183736,43421
711893283638,43341
711893383540,45492
711893483442,46606
711893583344,46749
711893683246,44830
711893783148,43701
711893883050,43668
711893982952,43570
711894082854,43508
711894182756,43802
711894282658,43469
711894382560,43848
711894482462,43392
711894582366,43200
711894682269,43634
711894782171,43532
711894882073,43509
711894981975,44249
711895081877,46960
711895181779,45739
711895281681,45341
711895381583,45659
711895481485,44921
711895581387,47176
711895681289,45739
711895781191,44124
711895881093,43486
711895980995,43200
711896080897,43221
711896180799,43969
711896280701,43978
711896380603,43706
711896480505,43583
711896580407,43907
711896683453,9965
711896783359,6705
711896883261,6701
711896983163,6700
711897083067,6700
711897182969,6703
711897282871,6703
711897382773,6704
711897482675,6704
711897582577,6705
711897682479,6704
711897782381,6702
711897882283,6695
711897982185,6699
711898082087,6701
711898182012,6704
711898281914,6702
711898381816,6704
711898481718,6702
711898581620,6704
711898681522,6707
711898781424,6709
711898881326,6704
711898981228,6701
711899081130,6702
711899181032,6702
711899280934,6700
711899380836,6703
711899480738,6700
711899580640,6705
711899680542,6737
711899780444,6705
711899880346,6707
711899980248,6699
711900080150,6703
711900180052,6700
711900279954,6703
711900379856,6703
711900479758,6704
711900579660,6709
711900679563,6704
711900779465,6704
711900879367,6704
711900979269,6698
711901079171,6700
711901179073,6701
711901278975,6704
711901378877,6704
711901478779,6708
711901578681,6702
711901678583,6708
711901778485,6703
711901878387,6702
711901978289,6702
711902078191,6701
711902178093,6980
711902277995,6972
711902377897,6969
711902477799,6970
711902577701,6970
711902677603,6705
711902777505,6702
711902877407,6704
711902977309,6706
711903077211,43329
711903177113,43183
711903277015,44329
711903376917,45695
711903476819,46056
711903576721,47038
711903679762,9921
711903779666,6706
711903879568,6706
711903979470,6704
711904079372,6707
711904179274,6702
711904279176,6704
711904379078,6700
711904478980,6706
711904578882,6702
711904678784,6700
711904778686,6705
711904878588,6705
711904978490,6694
711905078392,6789
711905178294,6710
711905278196,6702
711905378098,6700
711905478004,6699
711905577906,6701
711905677808,6702
711905777710,6704
711905877612,6698
711905977514,6703
711906077416,6704
711906177318,6704
711906277220,6694
711906377122,6697
711906477024,6699
711906576926,6697
711906676828,6699
711906776730,6700
711906876632,6700
711906976534,6700
711907076436,6700
711907176338,6700
711907276240,6699
711907376142,6692
711907476044,6698
711907575946,6701
711907675848,6698
711907775750,6700
711907875652,6700
711907975554,6703
711908075456,6702
711908175358,6700
711908275260,6691
711908375162,6695
711908475064,6696
711908574966,6700
711908674868,6701
711908774770,6699
711908874672,6701
711908974574,6699
711909074476,6699
711909174378,6701
711909274280,6696
711909374182,6693
711909474084,6697
711909573986,6706
711909673888,6702
711909773790,6705
711909873692,6703
711909973594,6702
711910073496,6703
711910173398,6700
711910273300,6698
711910373202,6700
711910473104,6703
711910573008,6701
711910672910,6709
711910772812,6703
711910872714,6704
711910972616,6739
711911072518,6708
711911172420,6704
711911272322,6705
711911372224,6700
711911472126,6702
711911572028,6868
711911671930,6706
711911771832,6703
711911871734,6704
711911971636,6704
711912071538,6706
711912171440,6705
711912271342,6703
711912371244,6700
711912471146,6701
711912571048,6701
711912670950,6709
711912770852,6702
711912870754,6706
711912970656,6707
711913070559,44175
711913170461,43651
711913270363,43705
711913370265,44762
711913470167,46262
711913570069,46387
711913669971,45945
711913769873,43424
711913869775,43481
711913969677,43685
711914069579,43089
711914169481,43504
711914269383,43750
711914372393,9907
711914472297,6701
711914572199,6701
711914672101,6703
711914772004,6707
711914871906,6703
711914971808,6705
711915071710,6707
711915171612,6706
711915271514,6703
711915371416,6703
711915471318,6707
711915571220,6701
711915671122,6699
711915771024,6703
711915870926,6701
711915970828,6703
711916070730,6711
711916170632,6707
711916270534,6704
711916370436,6706
711916470338,6706
711916570240,6696
711916670142,6705
711916770044,6702
711916869946,6703
711916969848,6703
711917069750,6707
711917169652,6703
711917269554,6706
711917369460,6762
711917469362,6705
711917569264,6701
711917669166,6700
711917769068,6700
711917868970,6703
711917968872,6704
711918068774,6708
711918168676,6705
711918268578,6718
711918368480,6777
711918468382,6701
711918568284,6699
711918668187,6703
711918768089,6702
711918867991,6699
711918967893,6705
711919067795,6708
711919167697,6701
711919267599,6702
711919367501,6776
711919467403,6702
711919567305,6704
711919667207,6697
711919767109,6709
711919867011,6698
711919966913,6700
711920066815,6702
711920166717,6697
711920266619,6700
711920366521,6776
711920466423,6700
711920566325,6699
711920666227,6705
711920766129,6699
711920866050,6699
711920965952,6698
711921065854,6704
711921165756,6697
711921265658,6698
711921365560,6774
711921465462,6702
711921565364,6698
711921665266,6732
711921765168,6695
711921865070,6698
711921964972,6699
711922064874,6702
711922164776,6698
711922264678,6700
711922364580,6777
711922464482,6699
711922564384,6702
711922664286,6785
711922764188,6694
711922864090,6692
711922963992,6703
711923063895,46710
711923163797,47395
711923263699,44731
711923363601,43718
711923463503,44323
711923563405,43719
711923663307,43667
711923763209,43701
711923863111,43548
711923963013,43680
711924062915,43341
711924162817,43335
711924262719,43670
711924362621,43938
711924462523,43550
711924562425,43944
711924665443,9957
711924765355,6696
711924865257,6698
711924965159,6694
711925065063,6702
711925164965,6707
711925264867,6703
711925364769,6773
711925464671,6701
711925564573,6729
711925664475,6730
711925764377,6698
711925864279,6697
711925964181,6697
711926064083,6696
711926163985,6702
711926263887,6699
711926363789,6776
711926463691,6703
711926563593,6699
711926663495,6787
711926763397,6698
711926863299,6705
711926963201,6699
711927063105,6705
711927163007,6699
711927262909,6709
711927362811,6723
711927462713,6703
711927562615,6705
711927662517,6887
711927762419,6705
711927862321,6704
711927962223,6700
711928062125,6702
711928162027,6696
711928261929,6703
711928361831,6736
711928461733,6704
711928561635,6704
711928661537,6787
711928761439,6704
711928861341,6703
711928961243,6701
711929061145,6697
711929161047,6700
711929260949,6707
711929360851,6740
711929460753,6706
711929560655,6737
711929660557,6706
711929760459,6739
711929860361,6707
711929960263,6716
711930060165,6703
711930160067,6700
711930259969,6709
711930359871,6741
711930459773,6703
711930559675,6743
711930659577,6777
711930759479,6767
711930859381,6705
711930959283,6742
711931059185,6698
711931159087,6702
711931258989,6704
711931358891,6701
711931458793,6704
711931558695,6705
711931658597,6705
711931758499,6739
711931858401,6703
711931958303,6742
711932058205,6701
711932158107,6700
711932258009,6698
711932357911,6704
711932457813,6703
711932557715,6708
711932657617,6775
711932757519,6740
711932857421,6702
711932957323,6747
711933057225,43120
711933157127,44381
711933257029,43324
711933356931,43331
711933456834,46578
711933556736,46655
711933656638,45690
711933756540,43514
711933856442,43662
711933956344,44370
711934059354,9893
711934159258,6702
711934259160,6700
711934359062,6700
711934458964,6705
711934558866,6702
711934658768,6814
711934758672,6740
711934858574,6703
711934958476,6741
711935058378,6704
711935158280,6703
711935258182,6701
711935358084,6700
711935457986,6702
711935557888,6703
711935657790,6706
711935757692,6740
711935857594,6706
711935957496,6740
711936057398,6700
711936157300,6723
711936257202,6766
711936357104,6698
711936457006,6696
711936556908,6698
711936656810,6771
711936756712,6703
711936856614,6700
711936956516,6733
711937056418,6698
711937156320,6699
711937256222,6695
711937356124,6731
711937456026,6711
711937555928,6699
711937655830,6700
711937755732,6700
711937855634,6695
711937955536,6736
711938055438,6698
711938155340,6696
711938255242,6694
711938355144,6710
711938455046,6772
711938554948,6699
711938654850,6771
711938754752,6700
711938854654,6702
711938954556,6734
711939054458,6701
711939154360,6697
711939254262,6695
711939354164,6697
711939454066,6779
711939553968,6704
711939653870,6702
711939753772,6706
711939853674,6704
711939953576,6775
711940053478,6702
711940153380,6704
711940253282,6700
711940353184,6699
711940453086,6796
711940552988,6702
711940652890,6813
711940752792,6744
711940852694,6700
711940952596,6716
711941052498,6703
711941152400,6704
711941252302,6705
711941352204,6703
711941452106,6797
711941552008,6703
711941651910,6704
711941751812,6701
711941851714,6708
711941951616,6715
711942051518,6703
711942151420,6704
711942251322,6708
711942351224,6701
711942451126,6798
711942551028,6696
711942650930,6775
711942750832,6704
711942850734,6705
711942950636,6719
711943050538,47307
711943150440,47045
711943250342,47823
711943350244,47791
711943453288,10008
711943553192,6702
711943653095,6703
711943752999,6702
711943852901,6702
711943952803,6716
711944052705,6702
711944152607,6705
711944252509,6699
711944352411,6699
711944452313,6801
711944552215,6702
711944652117,6773
711944752021,6700
711944851923,6703
711944951825,6714
711945051727,6703
711945151629,6703
711945251531,6705
711945351433,6702
711945451335,6842
711945551237,6696
711945651139,6702
711945751041,6737
711945850943,6740
711945950845,6736
711946050747,6754
711946150649,6721
711946250551,6708
711946350453,6703
711946450355,6801
711946550257,6697
711946650159,6769
711946750061,6704
711946849963,6704
711946949865,6715
711947049767,6704
711947149669,6704
711947249571,6703
711947349473,6701
711947449375,6804
711947549277,6705
711947649179,6704
711947749081,6698
711947848983,6703
711947948885,6715
711948048787,6699
711948148689,6738
711948248591,6709
711948348493,6703
711948448395,6723
711948548297,6701
711948648199,6737
711948748101,6703
711948848004,6696
711948947906,6715
711949047808,6705
711949147710,6701
711949247612,6708
711949347514,6707
711949447416,6717
711949547318,6705
711949647220,6697
711949747122,6695
711949847024,6698
711949946926,6698
711950046828,6703
711950146730,6701
711950246632,6704
711950346534,6701
711950446436,6701
711950546338,6700
711950646241,6697
711950746143,6696
711950846045,6698
711950945947,6700
711951045849,6698
711951145751,6698
711951245653,6705
711951345555,6699
711951445457,6703
711951545359,6700
711951645261,6699
711951745163,6793
711951845065,6696
711951944967,6699
711952044869,6701
711952144771,6702
711952244673,6704
711952344575,6700
711952444477,6701
711952544379,6696
711952644281,6697
711952744183,6699
711952844085,6697
711952943987,6701
711953043889,43780
711953143791,43821
711953243693,43358
711953343595,43181
711953443497,46976
711953543399,46481
711953643301,46106
711953743203,43587
711953843105,43305
711953943007,43714
711954042909,43592
711954142811,44139
711954245811,9880
711954345715,6697
711954445617,6701
711954545519,6696
711954645421,6701
711954745323,6776
711954845225,6696
711954945127,6696
711955045029,6693
711955144931,6700
711955244833,6702
711955344735,6699
711955444637,6702
711955544539,6695
711955644441,6721
711955744343,6702
711955844245,6697
711955944147,6697
711956044049,6694
711956143951,6705
711956243853,6706
711956343755,6701
711956443657,6704
711956543559,6703
711956643461,6707
711956743363,6710
711956843265,6703
711956943167,6699
711957043069,6694
711957142971,6704
711957242873,6817
711957342775,6699
711957442677,6705
711957542579,6700
711957642481,6705
711957742383,6880
711957842285,6697
711957942187,6702
711958042089,6699
711958141991,6705
711958241893,6701
711958341795,6700
711958441697,6703
711958541599,6702
711958641501,6707
711958741403,6706
711958841305,6702
711958941207,6701
711959041109,6699
711959141011,6702
711959240913,6703
711959340815,6702
711959440717,6704
711959540619,6700
711959640521,6814
711959740423,6698
711959840325,6705
711959940227,6697
711960040129,6699
711960140031,6733
711960239933,6864
711960339835,6705
711960439737,6700
711960539639,6704
711960639541,6696
711960739443,6748
711960839345,6707
711960939247,6698
711961039149,6709
711961139051,6702
711961238953,6704
711961338855,6701
711961438757,6705
711961538659,6705
711961638561,6702
711961738463,6705
711961838365,6705
711961938267,6701
711962038169,6702
711962138071,6703
711962237973,6978
711962337875,6973
711962437777,6972
711962537679,6968
711962637581,6969
711962737483,6706
711962837385,6705
711962937287,6697
711963037190,44012
711963137092,43574
711963236994,43352
711963336896,44101
711963436798,47100
711963536700,46795
711963639747,9929
711963739651,6701
711963839553,6703
711963939455,6704
711964039359,6701
711964139261,6701
711964239163,6702
711964339065,6703
711964438967,6704
711964538871,6702
711964638773,6704
711964738675,6708
711964838577,6705
711964938479,6702
711965038381,6704
711965138283,6701
711965238185,6702
711965338087,6702
711965437989,6703
711965537891,6705
711965637793,6706
711965737695,6703
711965837597,6703
711965937499,6700
711966037421,6703
711966137323,6707
711966237225,6698
711966337127,6700
711966437029,6698
711966536931,6701
711966636833,6702
711966736735,6700
711966836637,6698
711966936539,6700
711967036441,6697
711967136343,6698
711967236245,6695
711967336147,6694
711967436049,6697
711967535951,6696
711967635853,6699
711967735755,6700
711967835657,6695
711967935559,6699
711968035461,6699
711968135363,6698
711968235265,6698
711968335167,6691
711968435069,6695
711968534971,6700
711968634873,6705
711968734775,6703
711968834677,6698
711968934579,6699
711969034481,6698
711969134383,6701
711969234285,6691
711969334187,6699
711969434089,6698
711969533991,6703
711969633893,6700
711969733795,6704
711969833697,6700
711969933599,6704
711970033501,6702
711970133403,6696
711970233305,6705
711970333207,6733
711970433109,6698
711970533011,6700
711970632913,6701
711970732815,6705
711970832717,6708
711970932619,6704
711971032521,6704
711971132423,6707
711971232325,6705
711971332227,6737
711971432129,6700
711971532031,6702
711971631933,6743
711971731835,6705
711971831737,6705
711971931639,6706
711972031541,6705
711972131443,6738
711972231345,6703
711972331247,6736
711972431149,6702
711972531051,6704
711972630953,6702
711972730855,6706
711972830757,6702
711972930659,6706
711973030562,43613
711973130464,43672
711973230366,43613
711973330268,43648
711973430170,46025
711973530072,46510
711973629974,45526
711973729876,43650
711973829778,42842
711973929680,43384
711974029582,44055
711974129484,43815
711974229386,43503
711974329288,44072
711974429190,43816
711974532189,9886
711974632093,6697
711974731997,6708
711974831899,6707
711974931801,6697
711975031703,6703
711975131605,6704
711975231507,6702
711975331409,6737
711975431311,6707
711975531213,6702
711975631115,6703
711975731017,6704
711975830919,6706
711975930821,6739
711976030723,6703
711976130625,6701
711976230527,6703
711976330429,6704
711976430331,6705
711976530233,6697
711976630135,6698
711976730037,6702
711976829939,6704
711976929841,6704
711977029743,6703
711977129645,6710
711977229547,6704
711977329449,6701
711977429351,6702
711977529253,6704
711977629155,6704
711977729057,6698
711977828959,6704
711977928861,6704
711978028763,6708
711978128665,6738
711978228567,6705
711978328469,6704
711978428371,6706
711978528273,6701
711978628175,6702
711978728077,6702
711978827979,6890
711978927881,6704
711979027783,6698
711979127685,6706
711979227587,6699
711979327489,6702
711979427391,6700
711979527293,6697
711979627195,6697
711979727097,6695
711979826999,6693
711979926901,6695
711980026803,6701
711980126705,6703
711980226607,6695
711980326509,6700
711980426411,6702
711980526313,6703
711980626215,6699
711980726117,6698
711980826019,6695
711980925921,6700
711981025823,6700
711981125725,6703
711981225627,6701
711981325529,6699
711981425431,6701
711981525333,6704
711981625235,6696
711981725137,6703
711981825039,6696
711981924941,6700
711982024843,6701
711982124745,6706
711982224647,6702
711982324549,6714
711982424451,6699
711982524353,6703
711982624255,6695
711982724157,6695
711982824059,6693
711982923961,6704
711983023864,46562
711983123766,46388
711983223668,46367
711983323570,43463
711983423472,44409
711983523374,43826
711983623276,44110
711983723178,43696
711983823080,43714
711983922982,43630
711984022884,43731
711984122786,43997
711984222688,42842
711984322590,43521
711984422492,43726
711984522394,44326
711984622296,43018
711984722198,43513
711984822100,44138
711984922004,43588
711985021906,43530
711985121808,43413
711985221710,43354
711985321612,43737
711985421514,47090
711985521416,46267
711985621318,46373
711985721220,42976
711985821122,43901
711985921024,43475
711986020927,43436
711986120829,43917
711986220731,43719
711986320633,43440
711986420535,43240
711986520438,43640
711986620340,43691
711986723349,9891
711986823253,6697
711986923155,6736
711987023057,6700
711987122959,6706
711987222861,6703
711987322763,6705
711987422665,6702
711987522567,6715
711987622469,6699
711987722371,6703
711987822273,6703
711987922175,6704
711988022077,6701
711988121979,6710
711988221881,6706
711988321783,6701
711988421685,6700
711988521607,6709
711988621509,6698
711988721411,6710
711988821313,6703
711988921216,6699
711989021118,6700
711989121020,6704
711989220922,6705
711989320824,6706
711989420726,6702
711989520628,6706
711989620530,6704
711989720432,6705
711989820334,6706
711989920236,6702
711990020138,6699
711990120040,6702
711990219942,6703
711990319844,6703
711990419746,6706
711990519648,6704
711990619550,6705
711990719452,6707
711990819354,6706
711990919256,6699
711991019158,6701
711991119060,6699
711991218962,6701
711991318864,6733
711991418766,6703
711991518668,6704
711991618570,6705
711991718472,6698
711991818374,6704
711991918276,6698
711992018178,6702
711992118080,6700
711992217982,6701
711992317884,6738
711992417786,6705
711992517689,6704
711992617591,6702
711992717493,6704
711992817395,6704
711992917297,6694
711993020295,9884
711993120199,6699
711993220101,6697
711993320004,6734
711993419906,6706
711993519808,6702
711993619710,6699
711993719612,6701
711993819514,6705
711993919416,6703
711994019318,6701
711994119220,6699
711994219122,6697
711994319024,6735
711994418926,6708
711994518828,6697
711994618730,6705
711994718634,6706
711994818536,6704
711994918438,6703
711995018340,6703
711995118242,6700
711995218144,6701
711995318046,6735
711995417948,6703
711995517850,6702
711995617752,6703
711995717654,6702
711995817556,6702
711995917458,6703
711996017360,6710
711996117262,6697
711996217164,6697
711996317066,6733
711996416968,6699
711996516870,6698
711996616772,6742
711996716674,6702
711996816576,6702
711996916478,6739
711997016380,6729
711997116282,6739
711997216184,6749
711997316086,6703
711997415988,6708
711997515890,6700
711997615792,6702
711997715694,6702
711997815596,6701
711997915498,6700
711998015400,6702
711998115302,6697
711998215204,6697
711998315106,6695
711998415008,6697
711998514910,6700
711998614812,6698
711998714714,6700
711998814616,6702
711998914518,6698
711999014420,6698
711999114322,6700
711999214224,6695
711999314126,6696
711999414028,6696
711999513930,6704
711999613832,6704
711999713734,6703
711999813636,6707
711999913538,6703
712000013440,6704
712000113342,6704
712000213244,6703
712000313146,6698
712000413048,6700
712000512950,6703
712000612852,6704
712000712755,6705
712000812657,6700
712000912559,6704
712001012461,6704
712001112363,6706
712001212265,6696
712001312167,6697
712001412069,6704
712001511971,6702
712001611873,6914
712001711775,6705
712001811677,6706
712001911579,6705
712002011481,6705
712002111383,6704
712002211285,6702
712002311187,6702
712002411089,6700
712002510991,6702
712002610893,6702
712002710795,6704
712002810697,6707
712002910599,6705
712003013629,9919
712003113533,6703
712003213435,6735
712003313337,6697
712003413239,6792
712003513141,6698
712003613043,6702
712003712945,6704
712003812847,6701
712003912749,6702
712004012651,6707
712004112553,6703
712004212455,6700
712004312357,6705
712004412259,6699
712004512163,6721
712004612065,6699
712004711967,6699
712004811869,6702
712004911771,6704
712005011673,6771
712005111575,6701
712005211477,6704
712005311379,6703
712005411281,6701
712005511183,6769
712005611085,6704
712005710987,6702
712005810889,6706
712005910791,6706
712006010693,6774
712006110595,6703
712006210497,6703
712006310399,6705
712006410304,6814
712006510206,6773
712006610108,6702
712006710010,6702
712006809912,6701
712006909814,6701
712007009716,6739
712007109618,6704
712007209520,6704
712007309422,6703
712007409324,6702
712007509226,6701
712007609128,6699
712007709030,6701
712007808932,6706
712007908834,6703
712008008736,6703
712008108638,6703
712008208540,6702
712008308442,6705
712008408344,6707
712008508246,6701
712008608148,6703
712008708050,6702
712008807952,6707
712008907854,6700
712009007756,6705
712009107658,6702
712009207560,6739
712009307462,6707
712009407364,6869
712009507266,6696
712009607168,6695
712009707070,6697
712009806972,6698
712009906874,6698
712010006776,6699
712010106678,6701
712010206580,6700
712010306482,6701
712010406384,6699
712010506286,6737
712010606188,6697
712010706090,6698
712010805992,6697
712010905894,6700
712011005796,6772
712011105698,6699
712011205617,6703
712011305519,6696
712011405421,6698
712011505323,6699
712011605225,6697
712011705127,6696
712011805029,6697
712011904931,6702
712012004833,6702
712012104735,6699
712012204637,6697
712012304539,6699
712012404441,6695
712012504343,6700
712012604245,6699
712012704147,6704
712012804049,6696
712012903951,6703
712013003853,15661
712013103756,43202
712013203658,44239
712013303560,43667
712013403462,46518
712013503364,45562
712013603266,45992
712013703168,44254
712013803070,43551
712013902972,43432
712014002874,43584
712014102776,43293
712014202678,43637
712014302580,43073
712014402482,43965
712014502384,43679
712014602286,43518
712014705283,9884
712014805187,6693
712014905089,6824
712015004993,6699
712015104895,6700
712015204797,6731
712015304699,6699
712015404601,6698
712015504503,6700
712015604405,6703
712015704307,6700
712015804209,6698
712015904111,6698
712016004013,6696
712016103915,6702
712016203817,6717
712016303720,6703
712016403622,6701
712016503524,6703
712016603426,6705
712016703328,6725
712016803230,6699
712016903133,6702
712017003035,6701
712017102937,6707
712017202839,6717
712017302741,6703
712017402643,6707
712017502545,6701
712017602447,6704
712017702349,6723
712017802251,6700
712017902153,6698
712018002055,6698
712018101957,6704
712018201859,6751
712018301761,6705
712018401663,6704
712018501565,6703
712018601467,6704
712018701369,6744
712018801271,6699
712018901173,6695
712019001075,6702
712019100977,6707
712019200879,6717
712019300781,6700
712019400683,6705
712019500585,6705
712019600487,6705
712019700389,6725
712019800291,6698
712019900193,6700
712020000095,6702
712020099997,6702
712020199899,6716
712020299801,6705
712020399703,6703
712020499605,6704
712020599507,6707
712020699409,6762
712020799311,6706
712020899213,6699
712020999115,6706
712021099017,6704
712021198921,6719
712021298823,6703
712021398725,6703
712021498627,6698
712021598529,6702
712021698431,6718
712021798333,6706
712021898235,6697
712021998137,6702
712022098039,6700
712022197941,6987
712022297843,6990
712022397745,6970
712022497647,6972
712022597549,6705
712022697452,6800
712022797354,6738
712022897256,6697
712022997158,6695
712023097060,43933
712023196962,44112
712023296864,43487
712023396766,46977
712023496668,48603
712023596571,47840
712023696474,44589
712023799473,9888
712023899377,6704
712023999279,6703
712024099183,6697
712024199085,6712
712024298987,6704
712024398889,6704
712024498791,6702
712024598693,6703
712024698595,6760
712024798497,6706
712024898399,6702
712024998301,6704
712025098203,6707
712025198106,6713
712025298008,6697
712025397910,6700
712025497812,6705
712025597714,6703
712025697616,6720
712025797518,6701
712025897420,6702
712025997322,6703
712026097224,6696
712026197126,6697
712026297028,6697
712026396930,6701
712026496832,6700
712026596734,6699
712026696636,6775
712026796538,6698
712026896440,6699
712026996342,6736
712027096244,6696
712027196146,6698
712027296048,6690
712027395950,6700
712027495852,6700
712027595754,6698
712027695656,6699
712027795558,6736
712027895460,6699
712027995362,6698
712028095264,6698
712028195166,6696
712028295068,6697
712028394970,6701
712028494872,6702
712028594774,6698
712028694676,6795
712028794578,6735
712028894480,6700
712028994382,6736
712029094284,6697
712029194186,6697
712029294088,6693
712029393990,6701
712029493892,6700
712029593794,6703
712029693696,6704
712029793598,6703
712029893500,6706
712029993402,6919
712030093304,6704
712030193206,6698
712030293108,6702
712030393010,6701
712030492912,6706
712030592814,6704
712030692716,6775
712030792618,6706
712030892520,6701
712030992422,6739
712031092324,6703
712031192226,6704
712031292128,6702
712031392030,6702
712031491932,6703
712031591836,6698
712031691738,6704
712031791640,6702
712031891542,6705
712031991444,6741
712032091346,6703
712032191248,6706
712032291150,6701
712032391052,6698
712032490954,6706
712032590856,6702
712032690758,6779
712032790660,6706
712032890562,6706
712032990464,6704
712033093457,9884
712033193362,6712
712033293264,6700
712033393166,6698
712033493068,6702
712033592970,6705
712033692872,6706
712033792794,6707
712033892696,6703
712033992598,6703
712034092500,6707
712034192402,6704
712034292304,6704
712034392208,6702
712034492110,6701
712034592012,6700
712034691914,6812
712034791816,6700
712034891718,6704
712034991620,6703
712035091522,6711
712035191424,6707
712035291326,6705
712035391228,6702
712035491130,6701
712035591032,6701
712035690934,6704
712035790836,6705
712035890738,6703
712035990640,6709
712036090542,6702
712036190444,6704
712036290346,6705
712036390248,6699
712036490150,6703
712036590052,6699
712036689954,6773
712036789856,6704
712036889758,6701
712036989660,6702
712037089562,6702
712037189464,6701
712037289366,6708
712037389268,6698
712037489170,6700
712037589072,6700
712037688974,6706
712037788876,6702
712037888778,6703
712037988680,6705
712038088582,6705
712038188484,6704
712038288386,6702
712038388288,6701
712038488190,6700
712038588092,6700
712038687994,6776
712038787896,6706
712038887798,6703
712038987700,6704
712039087602,6702
712039187504,6701
712039287406,6702
712039387308,6704
712039487210,6696
712039587112,6696
712039687014,6698
712039786916,6698
712039886818,6697
712039986720,6702
712040086622,6698
712040186524,6698
712040286426,6700
712040386328,6698
712040486230,6698
712040586132,6696
712040686034,6768
712040785936,6701
712040885838,6700
712040985740,6693
712041085642,6700
712041185544,6699
712041285446,6699
712041385348,6702
712041485250,6697
712041585152,6697
712041685054,6697
712041784956,6695
712041884858,6699
712041984760,6701
712042084662,6702
712042184564,6700
712042284466,6701
712042384368,6698
712042484270,6696
712042584172,6694
712042684074,6731
712042783976,6706
712042883878,6704
712042983780,6704
712043086827,9943
712043186731,6701
712043286633,6700
712043386535,6699
712043486437,6700
712043586339,6700
712043686241,6697
712043786145,6695
712043886047,6697
712043985949,6698
712044085851,6697
712044185753,6701
712044285655,6698
712044385557,6701
712044485459,6701
712044585361,6695
712044685263,6733
712044785165,6698
712044885067,6693
712044984969,6701
712045084871,6943
712045184773,6703
712045284675,6700
712045384577,6700
712045484479,6702
712045584381,6700
712045684283,6696
712045784185,6697
712045884087,6697
712045983989,6703
712046083891,6702
712046183793,6703
712046283695,6702
712046383597,6703
712046483499,6701
712046583401,6702
712046683303,6742
712046783205,6703
712046883107,6699
712046983009,6701
712047082912,6703
712047182814,6701
712047282716,6704
712047382618,6703
712047482520,6701
712047582422,6707
712047682324,6704
712047782226,6741
712047882128,6702
712047982030,6704
712048081932,6743
712048181834,6736
712048281736,6722
712048381638,6755
712048481540,6714
712048581442,6878
712048681345,6704
712048781247,6705
712048881149,6699
712048981051,6699
712049080953,6703
712049180855,6703
712049280757,6699
712049380659,6705
712049480561,6703
712049580463,6705
712049680365,6701
712049780267,6703
712049880169,6703
712049980071,6703
712050079973,6884
712050179875,6702
712050279777,6698
712050379679,6703
712050479581,6703
712050579483,6703
712050679385,6705
712050779287,6701
712050879189,6700
712050979091,6702
712051078993,6705
712051178895,6699
712051278797,6705
712051378699,6703
712051478601,6707
712051578504,6704
712051678406,6704
712051778308,6703
712051878210,6702
712051978112,6698
712052078014,6703
712052177916,6707
712052277818,6705
712052377720,6700
712052477622,6702
712052577524,6704
712052677426,6706
712052777328,6702
712052877230,6694
712052977132,6697
712053077034,43301
712053176937,42993
712053276839,43827
712053376741,44901
712053476643,46371
712053576545,46251
712053676447,46202
712053776349,43675
712053879359,9894
712053979263,6703
712054079167,6698
712054179069,6701
712054278971,6704
712054378873,6701
712054478775,6705
712054578677,6706
712054678579,6702
712054778482,6705
712054878384,6703
712054978286,6700
712055078188,6778
712055178090,6702
712055277992,6702
712055377894,6706
712055477796,6703
712055577698,6704
712055677600,6700
712055777502,6706
712055877404,6701
712055977306,6705
712056077208,6694
712056177110,6696
712056277012,6696
712056376914,6701
712056476818,6701
712056576736,6701
712056676638,6696
712056776540,6701
712056876442,6696
712056976344,6697
712057076247,6698
712057176149,6698
712057276051,6697
712057375953,6700
712057475855,6699
712057575757,6736
712057675659,6700
712057775561,6700
712057875463,6701
712057975365,6706
712058075267,6698
712058175169,6697
712058275071,6722
712058374973,6695
712058474875,6695
712058574777,6735
712058674680,6704
712058774582,6700
712058874484,6699
712058974386,6701
712059074288,6697
712059174190,6697
712059274092,6696
712059373994,6704
712059473896,6698
712059573798,6705
712059673700,6704
712059773602,6703
712059873504,6707
712059973406,6706
712060073308,6702
712060173210,6699
712060273112,6703
712060373014,6696
712060472916,6703
712060572818,6706
712060672720,6705
712060772622,6705
712060872524,6707
712060972426,6704
712061072328,6725
712061172230,6696
712061272132,6699
712061372034,6701
712061471936,6703
712061571838,6701
712061671740,6700
712061771642,6704
712061871544,6702
712061971446,6705
712062071348,6705
712062171250,6700
712062271152,6702
712062371054,6699
712062470956,6702
712062570858,6704
712062670760,6709
712062770662,6706
712062870564,6705
712062970466,6701
712063070369,44252
712063170271,43493
712063270173,42502
712063373153,9866
712063473057,6739
712063572959,6703
712063672861,6697
712063772763,6707
712063872665,6704
712063972567,6704
712064072471,6704
712064172373,6702
712064272275,6705
712064372177,6699
712064472079,6736
712064571981,6709
712064671883,6742
712064771785,6703
712064871687,6701
712064971589,6704
712065071491,6707
712065171393,6702
712065271295,6702
712065371197,6700
712065471099,6698
712065571004,6701
712065670906,6735
712065770808,6705
712065870710,6705
712065970612,6702
712066070514,6707
712066170416,6705
712066270318,6702
712066370220,6695
712066470122,6703
712066570024,6698
712066669926,6742
712066769828,6705
712066869730,6704
712066969633,6704
712067069535,6707
712067169437,6703
712067269339,6703
712067369241,6775
712067469143,6701
712067569045,6700
712067668947,6740
712067768849,6740
712067868751,6704
712067968653,6702
712068068555,6705
712068168457,6704
712068268359,6711
712068368261,6776
712068468163,6700
712068568065,6701
712068667967,6751
712068767869,6703
712068867771,6704
712068967673,6723
712069067575,6707
712069167477,6706
712069267379,6700
712069367281,6782
712069467183,6696
712069567085,6698
712069666987,6699
712069766889,6699
712069866791,6701
712069966693,6701
712070066595,6702
712070166497,6697
712070266399,6700
712070366301,6775
712070466203,6696
712070566105,6697
712070666007,6702
712070765909,6704
712070865811,6702
712070965713,6696
712071065615,6700
712071165517,6701
712071265419,6698
712071365321,6770
712071465223,6696
712071565125,6696
712071665027,6697
712071764929,6700
712071864831,6702
712071964733,6700
712072064635,6701
712072164537,6699
712072264439,6700
712072364341,6775
712072464243,6698
712072564145,6697
712072664047,6745
712072763950,6724
712072863852,6704
712072963754,6702
712073063657,44249
712073163559,43816
712073263461,43533
712073363363,44929
712073463265,46063
712073563167,46146
712073663069,44799
712073766036,9845
712073865940,6699
712073965842,6700
712074065744,6705
712074165646,6699
712074265548,6698
712074365450,6775
712074465352,6701
712074565254,6698
712074665156,6741
712074765058,6699
712074864960,6700
712074964862,6700
712075064764,6696
712075164666,6698
712075264568,6696
712075364470,6771
712075464372,6700
712075564274,6694
712075664176,6738
712075764078,6697
712075863980,6699
712075963882,6700
712076063784,6703
712076163686,6704
712076263588,6703
712076363490,6778
712076463392,6705
712076563294,6703
712076663196,6745
712076763098,6708
712076863003,6699
712076962905,6705
712077062807,6706
712077162709,6707
712077262611,6704
712077362513,6707
712077462415,6704
712077562317,6703
712077662219,6699
712077762121,6736
712077862023,6700
712077961925,6704
712078061827,6704
712078161729,6702
712078261631,6705
712078361533,6702
712078461435,6698
712078561337,6703
712078661239,6777
712078761141,6698
712078861043,6703
712078960945,6706
712079060847,6703
712079160749,6703
712079260666,6705
712079360568,6735
712079460470,6701
712079560372,6700
712079660274,6699
712079760176,6705
712079860078,6702
712079959980,6740
712080059882,6701
712080159784,6709
712080259686,6740
712080359588,6740
712080459490,6703
712080559392,6703
712080659294,6788
712080759196,6701
712080859098,6700
712080959004,6736
712081058906,6707
712081158808,6886
712081258710,6703
712081358612,6743
712081458514,6702
712081558416,6704
712081658318,6703
712081758220,6702
712081858122,6698
712081958024,6739
712082057926,6701
712082157828,6966
712082257730,6970
712082357632,6971
712082457534,6970
712082557436,6971
712082657338,7043
712082757240,6696
712082857142,6691
712082957044,6734
712083056946,43810
712083156848,44529
712083256750,44590
712083356652,44325
712083456555,44717
712083556457,45233
712083659429,9879
712083759333,6738
712083859235,6703
712083959137,6736
712084059039,6704
712084158941,6702
712084258843,6705
712084358745,6739
712084458647,6706
712084558549,6702
712084658451,6776
712084758355,6742
712084858257,6702
712084958159,6737
712085058061,6703
712085157963,6703
712085257865,6705
712085357767,6703
712085457669,6706
712085557571,6704
712085657473,6703
712085757375,6774
712085857277,6695
712085957179,6734
712086057081,6696
712086156983,6699
712086256885,6699
712086356787,6701
712086456689,6706
712086556591,6699
712086656493,6790
712086756395,6735
712086856297,6696
712086956199,6733
712087056101,6694
712087156004,6696
712087255906,6700
712087355808,6699
712087455710,6746
712087555612,6699
712087655514,6700
712087755416,6699
712087855318,6699
712087955220,6732
712088055122,6699
712088155024,6693
712088254926,6699
712088354828,6698
712088454730,6783
712088554632,6691
712088654534,6823
712088754436,6701
712088854338,6700
712088954240,6733
712089054142,6695
712089154044,6696
712089253946,6699
712089353848,6702
712089453750,6798
712089553652,6703
712089653554,6705
712089753456,6707
712089853358,6696
712089953260,6753
712090053162,6699
712090153064,6698
712090252966,6699
712090352868,6705
712090452770,6799
712090552672,6703
712090652574,6800
712090752476,6716
712090852378,6703
712090952280,6712
712091052182,6703
712091152084,6703
712091251986,6702
712091351888,6705
712091451790,6802
712091551692,6704
712091651594,6885
712091751496,6703
712091851398,6703
712091951300,6716
712092051202,6698
712092151104,6771
712092251006,6705
712092350908,6703
712092450810,6800
712092550712,6704
712092650614,6774
712092750516,6707
712092850418,6705
712092950320,6720
712093053296,9875
712093153200,6703
712093253103,6700
712093353005,6701
712093452907,6797
712093552809,6704
712093652711,6706
712093752613,6700
712093852515,6705
712093952417,6717
712094052319,6704
712094152221,6699
712094252123,6701
712094352025,6698
712094451927,6798
712094551829,6702
712094651731,6779
712094751633,6705
712094851535,6703
712094951437,6714
712095051339,6704
712095151241,6702
712095251143,6699
712095351045,6702
712095450947,6803
712095550849,6704
712095650751,6704
712095750653,6700
712095850555,6703
712095950457,6710
712096050359,6701
712096150261,6701
712096250163,6701
712096350065,6701
712096449967,6802
712096549869,6697
712096649771,6762
712096749673,6702
712096849575,6704
712096949477,6716
712097049379,6704
712097149281,6706
712097249183,6702
712097349085,6698
712097448987,6760
712097548889,6703
712097648791,6701
712097748693,6705
712097848595,6709
712097948497,6717
712098048399,6732
712098148301,6703
712098248203,6702
712098348105,6701
712098448007,6711
712098547909,6699
712098647811,6775
712098747713,6704
712098847615,6699
712098947517,6754
712099047419,6704
712099147321,6709
712099247223,6737
712099347125,6728
712099447027,6718
712099546929,6751
712099646831,6710
712099746733,6707
712099846635,6701
712099946537,6700
712100046439,6698
712100146341,6701
712100246243,6699
712100346145,6696
712100446047,6699
712100545949,6701
712100645851,6700
712100745753,6702
712100845655,6696
712100945557,6699
712101045459,6695
712101145361,6709
712101245263,6701
712101345165,6696
712101445067,6694
712101544969,6700
712101644871,6698
712101744773,6700
712101844675,6698
712101944594,6700
712102044496,6699
712102144398,6699
712102244300,6696
712102344202,6696
712102444104,6697
712102544008,6693
712102643910,6702
712102743812,6703
712102843714,6703
712102943616,6702
712103043519,45033
712103143421,44309
712103243323,44079
712103343225,44433
712103443127,44894
712103543029,44873
712103642931,44257
712103742833,44727
712103842735,43882
712103942637,44975
712104042539,44359
712104145500,9889
712104245402,6704
712104345304,6703
712104445206,6701
712104545108,6699
712104645010,6692
712104744912,6700
712104844814,6700
712104944716,6805
712105044618,6699
712105144520,6702
712105244422,6703
712105344324,6700
712105444226,6697
712105544128,6695
712105644030,6698
712105743932,6703
712105843834,6704
712105943736,6699
712106043638,6704
712106143540,6703
712106243442,6709
712106343344,6700
712106443246,6697
712106543148,6700
712106643050,6704
712106742952,6710
712106842854,6705
712106942756,6704
712107042658,6704
712107142560,6740
712107242462,6706
712107342364,6703
712107442266,6704
712107542168,6699
712107642070,6699
712107741972,6700
712107841874,6705
712107941776,6706
712108041678,6705
712108141580,6704
712108241482,6705
712108341384,6702
712108441286,6701
712108541188,6698
712108641090,6703
712108740992,6707
712108840894,6703
712108940796,6697
712109040698,6704
712109140600,6709
712109240502,6702
712109340404,6704
712109440306,6704
712109540208,6697
712109640110,6699
712109740012,6704
712109839914,6704
712109939816,6740
712110039718,6705
712110139620,6703
712110239522,6705
712110339424,6704
712110439326,6699
712110539228,6700
712110639130,6699
712110739032,6700
712110838934,6779
712110938836,6706
712111038738,6704
712111138640,6701
712111238542,6702
712111338444,6704
712111438346,6702
712111538248,6700
712111638150,6691
712111738052,6696
712111837954,6700
712111937856,6700
712112037758,6702
712112137660,6705
712112237562,6703
712112337464,6811
712112437366,6707
712112537268,6699
712112637170,6697
712112737072,6695
712112836974,6696
712112936876,6698
712113036778,45266
712113136680,45615
712113236582,45364
712113336484,45140
712113436386,45808
712113539323,9819
712113639227,6701
712113739129,6699
712113839031,6699
712113938933,6702
712114038837,6705
712114138739,6703
712114238641,6705
712114338543,6740
712114438445,6706
712114538347,6705
712114638249,6705
712114738151,6708
712114838053,6700
712114937955,6702
712115037857,6706
712115137759,6703
712115237663,6710
712115337565,6739
712115437467,6700
712115537369,6701
712115637271,6696
712115737173,6694
712115837075,6838
712115936977,6696
712116036879,6699
712116136781,6766
712116236683,6697
712116336585,6733
712116436487,6699
712116536389,6700
712116636291,6696
712116736193,6698
712116836095,6699
712116935997,6720
712117035899,6702
712117135801,6701
712117235703,6700
712117335605,6732
712117435507,6700
712117535409,6699
712117635311,6698
712117735213,6694
712117835115,6720
712117935017,6695
712118034919,6700
712118134821,6700
712118234723,6701
712118334625,6697
712118434527,6695
712118534429,6698
712118634331,6701
712118734233,6698
712118834135,6882
712118934037,6694
712119033939,6703
712119133841,6700
712119233743,6701
712119333645,6703
712119433547,6703
712119533449,6703
712119633351,6704
712119733253,6701
712119833155,6697
712119933057,6700
712120032959,6699
712120132861,6702
712120232763,6703
712120332665,6705
712120432567,6703
712120532469,6705
712120632371,6707
712120732273,6701
712120832175,6701
712120932077,6701
712121031979,6702
712121131881,6703
712121231783,6702
712121331685,6704
712121431587,6703
712121531489,6706
712121631391,6738
712121731293,6700
712121831195,6700
712121931097,6699
712122030999,6702
712122130901,6700
712122230803,6701
712122330705,6702
712122430607,6705
712122530509,6701
712122630411,6702
712122730313,6704
712122830215,6701
712122930117,6699
712123030019,47153
712123129921,46494
712123229823,46827
712123332747,9811
712123432651,6699
712123532553,6702
712123632455,6704
712123732359,6703
712123832261,6698
712123932163,6702
712124032065,6700
712124131967,6703
712124231869,6700
712124331771,6752
712124431673,6702
712124531594,7043
712124631496,6706
712124731398,6703
712124831300,6703
712124931202,6700
712125031104,6700
712125131006,6701
712125230908,6701
712125330810,6741
712125430712,6703
712125530614,6704
712125630516,6705
712125730418,6702
712125830320,6702
712125930222,6697
712126030124,6701
712126130026,6702
712126229928,6702
712126329830,6734
712126429732,6701
712126529634,6704
712126629536,6701
712126729438,6704
712126829340,6705
712126929242,6699
712127029144,6706
712127129046,6701
712127228948,6700
712127328850,6734
712127428752,6703
712127528654,6706
712127628556,6700
712127728458,6701
712127828360,6703
712127928262,6701
712128028164,6701
712128128066,6706
712128227968,6703
712128327870,6740
712128427772,6744
712128527674,6709
712128627576,6700
712128727478,6703
712128827380,6703
712128927282,6695
712129027184,6694
712129127086,6700
712129226988,6696
712129326890,6695
712129426792,6700
712129526694,6703
712129626596,6699
712129726498,6698
712129826400,6696
712129926302,6701
712130026204,6695
712130126106,6720
712130226008,6699
712130325910,6700
712130425812,6700
712130525714,6703
712130625616,6700
712130725518,6710
712130825420,6700
712130925322,6697
712131025224,6695
712131125126,6698
712131225028,6694
712131324930,6698
712131424832,6701
712131524734,6702
712131624636,6699
712131724538,6697
712131824440,6699
712131924342,6701
712132024244,6696
712132124146,6698
712132224048,6697
712132323950,6885
712132423852,6701
712132523754,6742
712132623656,6701
712132723558,6697
712132823461,6704
712132923363,6702
712133026327,9848
712133126230,6700
712133226132,6696
712133326034,6695
712133425936,6698
712133525838,6699
712133625740,6726
712133725642,6699
712133825544,6697
712133925446,6699
712134025348,6700
712134125250,6700
712134225152,6697
712134325054,6689
712134424956,6702
712134524858,6704
712134624760,6698
712134724662,6702
712134824564,6699
712134924466,6704
712135024368,6700
712135124270,6702
712135224172,6701
712135324074,6695
712135423976,6703
712135523878,6706
712135623780,6705
712135723682,6704
712135823584,6702
712135923486,6703
712136023388,6702
712136123290,6702
712136223192,6699
712136323094,6697
712136422996,6700
712136522898,6706
712136622800,6701
712136722702,6699
712136822604,6703
712136922506,6705
712137022408,6702
712137122310,6702
712137222212,6697
712137322114,6696
712137422016,6698
712137521918,6718
712137621820,6702
712137721722,6701
712137821624,6696
712137921526,6703
712138021428,6705
712138121330,6710
712138221232,6697
712138321134,6700
712138421036,6697
712138520938,6736
712138620840,6703
712138720742,6700
712138820644,6700
712138920546,6701
712139020448,6703
712139120350,6703
712139220252,6699
712139320154,6698
712139420056,6701
712139519958,6738
712139619860,6702
712139719762,6703
712139819664,6702
712139919566,6704
712140019468,6700
712140119370,6698
712140219272,6701
712140319174,6770
712140419076,6696
712140518978,6703
712140618880,6698
712140718784,6704
712140818686,6701
712140918588,6703
712141018490,6703
712141118392,6703
712141218294,6701
712141318196,6704
712141418098,6697
712141518003,6700
712141617905,6703
712141717807,6701
712141817709,6704
712141917611,6706
712142017513,6703
712142117415,6706
712142217317,6977
712142317219,6969
712142417121,6969
712142517023,6965
712142616925,6966
712142716827,6700
712142816729,6700
712142916631,6699
712143019555,9804
712143119459,6703
712143219361,6732
712143319263,6695
712143419165,6738
712143519067,6701
712143618969,6700
712143718872,6705
712143818774,6702
712143918676,6705
712144018578,6703
712144118480,6706
712144218382,6703
712144318284,6695
712144418186,6701
712144518088,6700
712144617990,6703
712144717892,6703
712144817794,6700
712144917696,6699
712145017598,6702
712145117500,6698
712145217402,6705
712145317304,6693
712145417206,6697
712145517108,6698
712145617010,6695
712145716912,6701
712145816814,6700
712145916716,6700
712146016618,6697
712146116520,6701
712146216422,6700
712146316324,6702
712146416226,6784
712146516128,6696
712146616031,6696
712146715933,6705
712146815835,6695
712146915737,6701
712147015639,6699
712147115541,6698
712147215443,6699
712147315361,6703
712147415263,6696
712147515165,6696
712147615067,6698
712147714969,6701
712147814871,6696
712147914773,6700
712148014675,6701
712148114577,6697
712148214479,6697
712148314381,6699
712148414283,6695
712148514186,6697
712148614088,6698
712148713990,6704
712148813892,6700
712148913794,6699
712149013696,6704
712149113598,6703
712149213500,6701
712149313402,6699
712149413304,6882
712149513206,6698
712149613108,6697
712149713010,6699
712149812912,6701
712149912814,6705
712150012716,6703
712150112618,6746
712150212520,6703
712150312422,6704
712150412324,6745
712150512227,6781
712150612129,6720
712150712032,6749
712150811934,6712
712150911836,6709
712151011738,6738
712151111640,6703
712151211542,6700
712151311444,6697
712151411346,6701
712151511248,6701
712151611150,6701
712151711052,6703
712151810954,6706
712151910856,6701
712152010758,6703
712152110660,6701
712152210562,6703
712152310464,6739
712152410366,6703
712152510268,6700
712152610170,6699
712152710072,6711
712152809974,6700
712152909876,6702
712153012869,9876
712153112773,6704
712153212675,6702
712153312577,6702
712153412479,6705
712153512381,6731
712153612283,6699
712153712185,6701
712153812087,6701
712153911989,6702
712154011893,6700
712154111795,6703
712154211697,6701
712154311599,6702
712154411501,6701
712154511403,6741
712154611305,6703
712154711207,6700
712154811109,6699
712154911011,6699
712155010913,6770
712155110815,6702
712155210717,6703
712155310619,6702
712155410521,6703
712155510423,6774
712155610325,6706
712155710227,6701
712155810129,6697
712155910031,6702
712156009933,6773
712156109835,6702
712156209737,6704
712156309639,6703
712156409541,6722
712156509443,6783
712156609345,6702
712156709247,6701
712156809149,6696
712156909051,6696
712157008953,6739
712157108855,6701
712157208757,6704
712157308659,6704
712157408561,6704
712157508463,6708
712157608365,6702
712157708267,6696
712157808169,6700
712157908071,6702
712158007973,6705
712158107875,6772
712158207777,6703
712158307679,6705
712158407581,6702
712158507483,6702
712158607385,6702
712158707287,6699
712158807189,6697
712158907091,6697
712159006993,6700
712159106895,6697
712159206797,6696
712159306699,6700
712159406601,6698
712159506503,6698
712159606405,6698
712159706307,6702
712159806209,6695
712159906111,6695
712160006013,6695
712160105915,6696
712160205817,6699
712160305719,6695
712160405621,6705
712160505523,6728
712160605425,6694
712160705328,6701
712160805230,6695
712160905132,6695
712161005034,6695
712161104936,6695
712161204838,6723
712161304740,6698
712161404642,6698
712161504544,6699
712161604446,6699
712161704348,6698
712161804250,6700
712161904152,6698
712162004054,6698
712162103956,6705
712162203858,6715
712162303760,6704
712162403662,6701
712162503564,6703
712162603466,6704
712162703368,6723
712162803270,6702
712162903172,6700
712163003075,19930
712163102977,45960
712163202879,45064
712163302781,44805
712163402683,44590
712163502585,43356
712163602487,44557
712163702389,44861
712163802291,45093
712163902193,45388
712164002095,44291
712164101997,44464
712164201899,43462
712164301801,44499
712164401703,45366
712164501605,44385
712164601507,43999
712164704465,9843
712164804369,6698
712164904271,6735
712165004173,6695
712165104075,6695
712165203977,6714
712165303879,6702
712165403781,6704
712165503683,6705
712165603586,6703
712165703488,6719
712165803390,6705
712165903292,6699
712166003194,6699
712166103096,6700
712166202998,6714
712166302900,6703
712166402802,6704
712166502704,6707
712166602606,6703
712166702508,6727
712166802412,6705
712166902314,6704
712167002216,6698
712167102118,6698
712167202020,6711
712167301922,6705
712167401824,6704
712167501726,6705
712167601628,6704
712167701530,6715
712167801432,6702
712167901334,6703
712168001236,6721
712168101138,6700
712168201040,6716
712168300942,6703
712168400844,6702
712168500746,6703
712168600648,6702
712168700550,6763
712168800452,6704
712168900354,6701
712169000256,6696
712169100158,6700
712169200060,6713
712169299962,6698
712169399864,6705
712169499766,6704
712169599668,6700
712169699570,6720
712169799472,6705
712169899399,6704
712169999301,6704
712170099203,6701
712170199105,6712
712170299007,6696
712170398909,6733
712170498811,6696
712170598713,6705
712170698615,6765
712170798517,6704
712170898419,6701
712170998321,6704
712171098223,6701
712171198125,6709
712171298027,6696
712171397929,6701
712171497831,6702
712171597733,6701
712171697635,6717
712171797537,6703
712171897439,6701
712171997341,6703
712172097243,6694
712172197145,6695
712172297047,6695
712172396949,6699
712172496851,6700
712172596753,6700
712172696655,6773
712172796557,6698
712172896459,6697
712172996361,6699
712173099298,9822
712173199202,6710
712173299104,6699
712173399006,6703
712173498908,6701
712173598810,6700
712173698712,6716
712173798614,6704
712173898516,6704
712173998418,6703
712174098320,6704
712174198223,6711
712174298125,6698
712174398027,6698
712174497929,6698
712174597831,6704
712174697733,6794
712174797635,6701
712174897537,6702
712174997439,6721
712175097341,6701
712175197243,6694
712175297145,6695
712175397047,6694
712175496949,6701
712175596851,6697
712175696753,6699
712175796655,6701
712175896557,6700
712175996459,6698
712176096361,6698
712176196263,6698
712176296165,6695
712176396067,6697
712176495969,6700
712176595871,6700
712176695773,6772
712176795675,6701
712176895578,6702
712176995480,6705
712177095382,6695
712177195284,6694
712177295186,6697
712177395088,6695
712177494990,6700
712177594892,6699
712177694794,6701
712177794696,6693
712177894598,6701
712177994500,6697
712178094402,6700
712178194304,6694
712178294206,6697
712178394108,6696
712178494010,6698
712178593912,6702
712178693814,6774
712178793716,6703
712178893618,6704
712178993520,6703
712179093422,6704
712179193326,6702
712179293228,6701
712179393130,6700
712179493032,6700
712179592934,6702
712179692836,6703
712179792738,6704
712179892640,6703
712179992542,6701
712180092444,6704
712180192346,6704
712180292248,6702
712180392150,6700
712180492052,6702
712180591954,6703
712180691856,6814
712180791758,6704
712180891660,6706
712180991562,6743
712181091464,6704
712181191366,6707
712181291268,6699
712181391170,6700
712181491072,6701
712181590974,6708
712181690876,6924
712181790778,6704
712181890680,6698
712181990582,6738
712182090484,6706
712182190386,6701
712182290288,6697
712182390190,6700
712182490092,6702
712182589994,6701
712182689896,6778
712182789798,6704
712182889700,6704
712182989602,6740
712183089504,46622
712183189406,46611
712183289308,47010
712183389210,46371
712183489112,46307
712183589014,46902
712183688916,46745
712183788818,45441
712183888720,45048
712183988622,45658
712184088524,45056
712184188426,45811
712184288328,45768
712184388230,45479
712184488133,45330
712184588035,45527
712184690995,9920
712184790899,6695
712184890801,6702
712184990703,6739
712185090607,6740
712185190509,6705
712185290411,6703
712185390313,6702
712185490215,6698
712185590117,6700
712185690019,6699
712185789921,6703
712185889823,6703
712185989725,6733
712186089627,6706
712186189529,6704
712186289431,6703
712186389333,6704
712186489235,6699
712186589137,6699
712186689039,6808
712186788941,6702
712186888843,6701
712186988745,6702
712187088647,6704
712187188549,6702
712187288451,6704
712187388353,6702
712187488255,6701
712187588157,6698
712187688059,6702
712187787961,6704
712187887863,6706
712187987765,6701
712188087667,6703
712188187569,6704
712188287471,6701
712188387373,6703
712188487275,6697
712188587177,6696
712188687079,6772
712188786981,6697
712188886883,6700
712188986785,6701
712189086687,6700
712189186589,6731
712189286491,6698
712189386393,6699
712189486295,6696
712189586197,6693
712189686099,6746
712189786004,6695
712189885906,6702
712189985808,6701
712190085710,6702
712190185612,6732
712190285514,6697
712190385416,6698
712190485318,6699
712190585220,6695
712190685122,6802
712190785024,6696
712190884926,6699
712190984828,6699
712191084730,6694
712191184632,6738
712191284534,6699
712191384436,6696
712191484338,6698
712191584240,6695
712191684142,6694
712191784044,6692
712191883946,6705
712191983850,6697
712192083752,6701
712192183654,6704
712192283556,6702
712192383458,6705
712192483360,6712
712192583278,6700
712192683180,6732
712192783082,6698
712192882984,6703
712192982886,6704
712193085850,9839
712193185754,6696
712193285656,6697
712193385558,6699
712193485460,6703
712193585362,6698
712193685264,6696
712193785168,6698
712193885070,6697
712193984972,6699
712194084876,6697
712194184778,6703
712194284680,6700
712194384582,6702
712194484484,6698
712194584386,6699
712194684288,6737
712194784190,6697
712194884092,6696
712194983994,6703
712195083896,6942
712195183798,6702
712195283700,6702
712195383602,6704
712195483504,6701
712195583406,6702
712195683308,6735
712195783210,6694
712195883112,6702
712195983014,6697
712196082917,6703
712196182819,7019
712196282721,6702
712196382623,6706
712196482525,6698
712196582427,6712
712196682329,6745
712196782231,6697
712196882133,6700
712196982035,6700
712197081937,6703
712197181839,6696
712197281741,6700
712197381643,6702
712197481545,6698
712197581447,6701
712197681349,6739
712197781251,6703
712197881153,6697
712197981055,6701
712198080957,6714
712198180859,6700
712198280761,6705
712198380663,6702
712198480565,6703
712198580467,6701
712198680369,6737
712198780271,6702
712198880173,6701
712198980075,6698
712199079977,6701
712199179879,6701
712199279781,6704
712199379683,6705
712199479585,6701
712199579487,6703
712199679389,6726
712199779291,6699
712199879193,6699
712199979095,6699
712200078997,6705
712200178899,6705
712200278801,6703
712200378703,6702
712200478605,6705
712200578507,6703
712200678410,6782
712200778312,6703
712200878214,6702
712200978116,6699
712201078018,6724
712201177920,6702
712201277822,6741
712201377724,6702
712201477626,6701
712201577528,6752
712201677430,6736
712201777332,6720
712201877234,6748
712201977136,6705
712202077038,6706
712202176940,6969
712202276842,6966
712202376744,6963
712202476646,6964
712202576548,6964
712202676450,6701
712202776352,6701
712202876254,6696
712202976156,6696
712203079145,9872
712203179049,6697
712203278951,6704
712203378853,6704
712203478755,6703
712203578657,6704
712203678560,6703
712203778462,6707
712203878364,6704
712203978266,6698
712204078168,6701
712204178074,6702
712204277976,6703
712204377878,6702
712204477780,6706
712204577682,6700
712204677584,6706
712204777486,6701
712204877388,6705
712204977290,6696
712205077192,6734
712205177094,6699
712205276996,6701
712205376898,6702
712205476800,6701
712205576702,6697
712205676606,6698
712205776508,6698
712205876410,6699
712205976312,6700
712206076214,6698
712206176116,6697
712206276018,6698
712206375920,6700
712206475822,6699
712206575724,6699
712206675626,6698
712206775528,6722
712206875430,6700
712206975332,6698
712207075234,6698
712207175136,6695
712207275038,6696
712207374940,6699
712207474842,6696
712207574744,6700
712207674646,6699
712207774548,6698
712207874450,6699
712207974352,6698
712208074254,6696
712208174156,6696
712208274058,6695
712208373960,6697
712208473862,6703
712208573764,6705
712208673666,6705
712208773568,6702
712208873470,6701
712208973372,6701
712209073274,6701
712209173176,6699
712209273078,6697
712209372980,6704
712209472882,6702
712209572784,6700
712209672686,6700
712209772588,6702
712209872490,6704
712209972392,6702
712210072294,6702
712210172196,6698
712210272098,6701
712210372003,6701
712210471905,6703
712210571807,6702
712210671709,6704
712210771611,6703
712210871513,6703
712210971415,6705
712211071317,6703
712211171219,6701
712211271121,6702
712211371023,6717
712211470925,6706
712211570827,6704
712211670729,6702
712211770631,6702
712211870533,6702
712211970435,6698
712212070337,6705
712212170239,6700
712212270142,6701
712212370044,6714
712212469946,6705
712212569848,6703
712212669750,6704
712212769652,6701
712212869554,6741
712212969456,6701
712213069359,44554
712213169261,43838
712213269163,44904
712213369065,45032
712213468967,44841
712213568869,44309
712213668771,45039
712213768673,44375
712213868575,44642
712213968477,44806
712214068379,44572
712214168281,44696
712214268183,44437
712214368085,44495
712214467988,44126
712214567890,44769
712214667792,43942
712214767695,44311
712214867597,44225
712214967499,44867
712215067401,45226
712215167303,44127
712215270283,9868
712215370187,6700
712215470089,6699
712215569991,6703
712215669893,6702
712215769795,6703
712215869697,6738
712215969599,6704
712216069501,6709
712216169403,6699
712216269305,6702
712216369207,6771
712216469109,6701
712216569011,6703
712216668914,6708
712216768816,6703
712216868718,6738
712216968620,6702
712217068522,6710
712217168424,6701
712217268326,6700
712217368228,6778
712217468130,6698
712217568032,6702
712217667936,6702
712217767838,6702
712217867740,6705
712217967642,6703
712218067544,6704
712218167446,6704
712218267349,6707
712218367251,6779
712218467153,6696
712218567055,6694
712218666957,6718
712218766860,6705
712218866764,6699
712218966666,6735
712219066568,6701
712219166470,6699
712219266372,6696
712219366274,6773
712219466176,6693
712219566078,6697
712219665980,6696
712219765882,6700
712219865784,6698
712219965686,6700
712220065588,6706
712220165490,6698
712220265392,6697
712220365294,6773
712220465196,6695
712220565098,6697
712220665016,6728
712220764918,6698
712220864820,6701
712220964722,6699
712221064624,6703
712221164526,6701
712221264428,6699
712221364330,6772
712221464232,6696
712221564134,6697
712221664036,6695
712221763938,6703
712221863840,6699
712221963742,6704
712222063644,6704
712222163546,6702
712222263448,6700
712222363350,6765
712222463252,6699
712222563154,6700
712222663056,6745
712222762958,6705
712222862860,6706
712222962762,6702
712223062665,45330
712223162567,45412
712223262469,45382
712223362372,45731
712223462274,45773
712223562176,45785
712223662078,45800
712223761980,44996
712223861882,45450
712223964842,9847
712224064746,6701
712224164648,6698
712224264550,6701
712224364452,6777
712224464354,6696
712224564256,6694
712224664158,6745
712224764060,6700
712224863962,6699
712224963864,6705
712225063766,6700
712225163668,6703
712225263570,6703
712225363472,6779
712225463374,6703
712225563276,6698
712225663178,6699
712225763080,6722
712225862983,6703
712225962885,6703
712226062787,6704
712226162689,6704
712226262591,6704
712226362493,6706
712226462395,6705
712226562297,6706
712226662199,6787
712226762101,6739
712226862004,6702
712226961906,6704
712227061808,6706
712227161710,6702
712227261612,6706
712227361514,6701
712227461416,6703
712227561318,6703
712227661220,6701
712227761122,6732
712227861024,6699
712227960926,6700
712228060828,6705
712228160730,6703
712228260632,6707
712228360534,6701
712228460436,6703
712228560338,6704
712228660240,6774
712228760142,6736
712228860044,6700
712228959946,6735
712229059848,6701
712229159750,6703
712229259652,6704
712229359554,6703
712229459456,6700
712229559358,6713
712229659260,6698
712229759162,6737
712229859064,6701
712229958966,6774
712230058868,6703
712230158770,6698
712230258672,6702
712230358574,6700
712230458476,6705
712230558378,6737
712230658280,6773
712230758182,6743
712230858084,6699
712230957986,6740
712231057888,6703
712231157790,6700
712231257692,6703
712231357594,6706
712231457496,6702
712231557398,6737
712231657300,6692
712231757202,6733
712231857104,6698
712231957006,6729
712232056908,6699
712232156810,6695
712232256712,6697
712232356614,6696
712232456517,6699
712232556419,6700
712232656321,6792
712232756223,6695
712232856125,6696
712232956027,6729
712233058985,9842
712233158889,6705
712233258791,6703
712233358693,6737
712233458595,6702
712233558497,6702
712233658399,6706
712233758301,6705
712233858204,6697
712233958106,6735
712234058008,6698
712234157910,6697
712234257812,6704
712234357715,6738
712234457617,6705
712234557519,6698
712234657421,6955
712234757323,6702
712234857225,6694
712234957127,6732
712235057029,6698
712235156931,6701
712235256833,6698
712235356735,6731
712235456637,6700
712235556539,6699
712235656441,6698
712235756344,6736
712235856246,6696
712235956148,6729
712236056050,6770
712236155952,6736
712236255854,6733
712236355756,6736
712236455659,6754
712236555561,6694
712236655463,6790
712236755365,6706
712236855267,6698
712236955169,6733
712237055071,6695
712237154973,6698
712237254875,6698
712237354777,6735
712237454679,6783
712237554581,6703
712237654483,6700
712237754385,6699
712237854287,6698
712237954203,6733
712238054105,6695
712238154008,6694
712238253910,6702
712238353812,6699
712238453714,6796
712238553616,6704
712238653518,6787
712238753420,6703
712238853323,6705
712238953225,6710
712239053127,6882
712239153029,6699
712239252931,6705
712239352833,6707
712239452735,6797
712239552637,6705
712239652539,6703
712239752441,6701
712239852343,6704
712239952245,6714
712240052147,6702
712240152049,6702
712240251951,6701
712240351853,6704
712240451755,6797
712240551657,6712
712240651559,6776
712240751461,6701
712240851363,6707
712240951265,6709
712241051167,6699
712241151069,6701
712241250971,6704
712241350873,6703
712241450775,6799
712241550677,6700
712241650579,6703
712241750481,6703
712241850383,6698
712241950285,6721
712242050187,6701
712242150089,6699
712242249991,6703
712242349893,6704
712242449795,6798
712242549697,6702
712242649599,6759
712242749501,6697
712242849403,6698
712242949305,6715
712243049207,45229
712243149109,45113
712243249011,45004
712243348913,45403
712243448815,45224
712243548717,46131
712243648619,45514
712243748521,45785
712243848423,45644
712243948325,45583
712244048227,45431
712244148129,45601
712244248031,45436
712244347933,45635
712244447836,45607
712244550831,9887
712244650733,6776
712244750637,6705
712244850539,6701
712244950441,6718
712245050343,6703
712245150245,6703
712245250147,6695
712245350049,6731
712245449951,6797
712245549853,6701
712245649755,6704
712245749657,6701
712245849559,6703
712245949461,6747
712246049363,6703
712246149265,6701
712246249167,6701
712246349069,6734
712246448971,6756
712246548873,6704
712246648775,6739
712246748677,6701
712246848579,6704
712246948481,6712
712247048383,6706
712247148285,6701
712247248187,6703
712247348091,6735
712247447993,6713
712247547895,6704
712247647797,6700
712247747699,6701
712247847601,6703
712247947503,6716
712248047405,6699
712248147312,6736
712248247214,6702
712248347116,6731
712248447018,6696
712248546920,6698
712248646822,6737
712248746724,6697
712248846626,6695
712248946528,6700
712249046430,6697
712249146332,6700
712249246234,6702
712249346136,6732
712249446038,6698
712249545940,6701
712249645842,6699
712249745744,6697
712249845646,6698
712249945548,6701
712250045450,6698
712250145352,6700
712250245254,6699
712250345156,6694
712250445058,6698
712250544960,6702
712250644862,6702
712250744764,6701
712250844666,6702
712250944568,6701
712251044470,6701
712251144372,6699
712251244274,6696
712251344176,6696
712251444078,6699
712251543980,6697
712251643882,6703
712251743784,6706
712251843686,6705
712251943588,6701
712252043490,6703
712252143392,6701
712252243294,6703
712252343196,6694
712252443098,6741
712252543004,6699
712252642906,6706
712252742808,6746
712252842710,6734
712252942612,6723
712253042515,45722
712253142417,45246
712253242319,44880
712253342221,45047
712253442123,46447
712253542025,46201
712253641927,45659
712253741829,44239
712253841731,44316
712253941633,44768
712254041535,44469
712254141437,45107
712254241339,44664
712254341241,44643
712254441143,44921
712254541045,44720
712254640947,44207
712254740849,44532
712254840751,44264
712254940653,43782
712255040555,44572
712255140457,44922
712255240359,44938
712255340261,44931
712255440163,44221
712255540065,45197
712255639967,44667
712255739869,43906
712255839771,44673
712255939673,44365
712256039575,44774
712256139477,44313
712256239379,44228
712256339281,44543
712256439183,44076
712256539085,43797
712256642092,9892
712256741996,6702
712256841898,6705
712256941800,6703
712257041702,6702
712257141604,6706
712257241506,6704
712257341408,6708
712257441310,6706
712257541212,6699
712257641114,6701
712257741016,6700
712257840918,6700
712257940820,6700
712258040722,6705
712258140624,6705
712258240526,6701
712258340428,6705
712258440330,6706
712258540232,6701
712258640134,6699
712258740036,6701
712258839938,6702
712258939840,6701
712259039742,6702
712259139644,6702
712259239546,6704
712259339448,6704
712259439350,6701
712259539252,6699
712259639154,6698
712259739056,6699
712259838958,6703
712259938860,6700
712260038762,6702
712260138664,6738
712260238566,6704
712260338486,6708
712260438388,6702
712260538290,6698
712260638192,6700
712260738094,6701
712260837996,6707
712260937898,6704
712261037800,6704
712261137702,6702
712261237604,6702
712261337506,6701
712261437408,6706
712261537310,6704
712261637212,6698
712261737114,6695
712261837016,6700
712261936918,6698
712262036820,6698
712262136722,6702
712262236624,6968
712262336526,6968
712262436428,6968
712262536330,6966
712262636232,6988
712262736134,6698
712262836036,6693
712262935938,6695
712263035840,44405
712263138834,9879
712263238738,6705
712263338640,6715
712263438542,6704
712263538444,6704
712263638347,6711
712263738249,6722
712263838151,6703
712263938053,6700
712264037955,6702
712264137857,6701
712264237759,6701
712264337661,6703
712264437563,6704
712264537465,6705
712264637367,6707
712264737269,6695
712264837171,6697
712264937073,6698
712265036975,6696
712265136877,6700
712265236779,6701
712265336681,6699
712265436583,6700
712265536485,6699
712265636387,6700
712265736289,6696
712265836191,6698
712265936093,6696
712266035995,6698
712266135897,6699
712266235799,6699
712266335701,6700
712266435603,6697
712266535505,6701
712266635407,6699
712266735309,6698
712266835211,6700
712266935113,6697
712267035015,6698
712267134917,6696
712267234819,6697
712267334721,7070
712267434623,6700
712267534525,6700
712267634427,6697
712267734329,6699
712267834231,6696
712267934133,6699
712268034035,6700
712268133937,6698
712268233839,6702
712268333742,6715
712268433644,6703
712268533546,6699
712268633448,6702
712268733350,6711
712268833252,6702
712268933154,6701
712269033056,6702
712269132958,6701
712269232860,6702
712269332762,6735
712269432664,6706
712269532566,6703
712269632468,6705
712269732370,6705
712269832272,6698
712269932174,6697
712270032076,6698
712270131978,6703
712270231880,6703
712270331782,6741
712270431684,6706
712270531586,6706
712270631488,6703
712270731390,6704
712270831292,6696
712270931194,6703
712271031096,6702
712271130998,6704
712271230900,6700
712271330802,6740
712271430704,6706
712271530606,6701
712271630508,6745
712271730410,6961
712271830312,6705
712271930214,6700
712272030116,6704
712272130018,6707
712272229920,6704
712272329822,6738
712272429724,6704
712272529626,6739
712272629528,6705
712272729430,6704
712272829332,6702
712272929234,6703
712273029136,44912
712273129038,44329
712273228940,44620
712273328842,44524
712273428744,44632
712273528646,45086
712273628548,44285
712273728450,44980
712273828352,44183
712273928254,44991
712274028156,44234
712274128058,44763
712274227960,44876
712274327862,43663
712274427764,44523
712274527666,45369
712274627568,43750
712274727470,44687
712274827372,44727
712274927274,45385
712275027176,44771
712275127078,44039
712275226980,44789
712275326882,44695
712275426784,45069
712275526686,44244
712275626588,44947
712275726490,44249
712275826392,44679
712275929385,9875
712276029289,6703
712276129191,6702
712276229093,6701
712276328995,6700
712276428897,6704
712276528799,6707
712276628701,6701
712276728603,6704
712276828505,6703
712276928407,6698
712277028309,6706
712277128211,6698
712277228113,6701
712277328015,6700
712277427917,6708
712277527819,6707
712277627721,6707
712277727623,6702
712277827525,6703
712277927427,6701
712278027329,6701
712278127231,6735
712278227133,6693
712278327035,6694
712278426937,6698
712278526839,6702
712278626741,6701
712278726643,6696
712278826545,6694
712278926447,6698
712279026349,6697
712279126251,6699
712279226153,6695
712279326055,6697
712279425957,6697
712279525859,6708
712279625761,6698
712279725663,6698
712279825565,6698
712279925467,6697
712280025369,6697
712280125271,6699
712280225173,6695
712280325075,6695
712280424977,6696
712280524880,6700
712280624782,6700
712280724684,6701
712280824586,6699
712280924488,6703
712281024390,6699
712281124292,6701
712281224194,6695
712281324096,6694
712281423998,6703
712281523900,6709
712281623802,6701
712281723704,6706
712281823606,6705
712281923508,6701
712282023410,6703
712282123312,6704
712282223214,6701
712282323116,6696
712282423018,6700
712282522920,6709
712282622822,6698
712282722724,6740
712282822626,6703
712282922547,6706
712283022450,44758
712283122352,44983
712283222254,44351
712283322156,45150
712283425165,9890
712283525075,6702
712283624977,6697
712283724879,6699
712283824781,6695
712283924683,6699
712284024585,6700
712284124487,6711
712284224389,6697
712284324291,6718
712284424193,6698
712284524095,6702
712284623997,6701
712284723899,6708
712284823801,6704
712284923703,6703
712285023605,6705
712285123507,6711
712285223409,6703
712285323311,6703
712285423213,6699
712285523115,6703
712285623017,6699
712285722919,6701
712285822821,6884
712285922723,6705
712286022625,6703
712286122527,6705
712286222429,6702
712286322331,6701
712286422233,6753
712286522135,6704
712286622037,6701
712286721939,6705
712286821841,6699
712286921743,6700
712287021645,6705
712287121547,6705
712287221449,6700
712287321351,6702
712287421253,6703
712287521155,6700
712287621057,6702
712287720959,6703
712287820861,6704
712287920763,6700
712288020665,6705
712288120567,6705
712288220469,6703
712288320371,6704
712288420273,6696
712288520175,6703
712288620077,6704
712288719979,6705
712288819881,6702
712288919783,6704
712289019685,6705
712289119587,6707
712289219489,6705
712289319391,6702
712289419293,6852
712289519195,6700
712289619097,6697
712289718999,6705
712289818901,6701
712289918803,6703
712290018705,6700
712290118607,6702
712290218509,6703
712290318411,6702
712290418313,6705
712290518215,6700
712290618117,6702
712290718019,6699
712290817921,6704
712290917823,6703
712291017725,6704
712291117627,6704
712291217529,6698
712291317431,6702
712291417333,6705
712291517235,6700
712291617137,6696
712291717039,6698
712291816941,6699
712291916843,6699
712292016745,6698
712292116647,6700
712292216549,6701
712292316451,6702
712292416353,6700
712292516255,6699
712292616157,6698
712292716059,6694
712292815961,6700
712292915863,6700
712293015766,44158
712293118761,9884
712293218665,6702
712293318567,6704
712293418469,6772
712293518371,6701
712293618273,6698
712293718175,6699
712293818077,6702
712293917979,6706
712294017881,6702
712294117783,6696
712294217685,6701
712294317587,6703
712294417489,6704
712294517391,6701
712294617293,6699
712294717195,6706
712294817097,6694
712294916999,6700
712295016901,6697
712295116803,6700
712295216705,6696
712295316607,6700
712295416509,6701
712295516411,6699
712295616313,6702
712295716215,6698
712295816117,6697
712295916019,6696
712296015921,6695
712296115823,6700
712296215725,6694
712296315627,6740
712296415529,6700
712296515431,6700
712296615333,6699
712296715235,6695
712296815137,6695
712296915039,6698
712297014941,6700
712297114843,6701
712297214745,6702
712297314647,6701
712297414549,6696
712297514451,6699
712297614353,6698
712297714255,6700
712297814157,6698
712297914059,6697
712298013961,6704
712298113863,6706
712298213765,6702
712298313667,6699
712298413569,6703
712298513471,6704
712298613373,6704
712298713275,6701
712298813177,6702
712298913079,6701
712299012981,6699
712299112883,6703
712299212785,6699
712299312687,6700
712299412589,6702
712299512491,6705
712299612393,6702
712299712295,6702
712299812197,6701
712299912099,6700
712300012004,6760
712300111906,6728
712300211808,6706
712300311710,6699
712300411612,6703
712300511514,6771
712300611416,6704
712300711318,6703
712300811220,6701
712300911122,6699
712301011024,6735
712301110926,6704
712301210828,6704
712301310730,6706
712301410632,6707
712301510534,6703
712301610436,6703
712301710338,6703
712301810240,6700
712301910142,6715
712302010044,6699
712302109946,6703
712302209848,6704
712302309750,6702
712302409652,6703
712302509554,6705
712302609456,6705
712302709359,6711
712302809261,6702
712302909163,6700
712303012187,9896
712303112091,6701
712303211993,6737
712303311895,6700
712303411798,6713
712303511700,6706
712303611602,6745
712303711504,6704
712303811406,6707
712303911308,6744
712304011210,6740
712304111112,6715
712304211014,6751
712304310916,6714
712304410818,6709
712304510720,6751
712304610622,6702
712304710524,6705
712304810426,6705
712304910328,6701
712305010230,6770
712305110132,6697
712305210034,6705
712305309936,6704
712305409838,6705
712305509740,6775
712305609657,6707
712305709559,6704
712305809461,6704
712305909363,6701
712306009265,6777
712306109167,6702
712306209069,6702
712306308971,6705
712306408873,6703
712306508775,6777
712306608677,6704
712306708579,6701
712306808481,6703
712306908383,6705
712307008285,6741
712307108187,6705
712307208089,6702
712307307991,6703
712307407893,6703
712307507795,6703
712307607697,6701
712307707599,6701
712307807501,6704
712307907403,6704
712308007305,6705
712308107207,6697
712308207109,6698
712308307011,6696
712308406913,6697
712308506815,6699
712308606717,6703
712308706619,6699
712308806521,6701
712308906423,6698
712309006325,6698
712309106227,6697
712309206129,6695
712309306031,6698
712309405933,6703
712309505835,6700
712309605737,6698
712309705639,6700
712309805541,6698
712309905443,6701
712310005345,6703
712310105247,6694
712310205149,6701
712310305051,6695
712310404953,6703
712310504855,6698
712310604757,6694
712310704659,6710
712310804561,6698
712310904463,6700
712311004365,6703
712311104267,6698
712311204169,6694
712311304071,6696
712311403973,6700
712311503877,6703
712311603779,6703
712311703681,6723
712311803583,6703
712311903485,6703
712312003387,6702
712312103289,6701
712312203191,6716
712312303093,6702
712312402995,6701
712312502897,6705
712312602799,6706
712312702701,6721
712312802603,6707
712312902505,6701
712313002407,24217
712313102309,44321
712313202211,44629
712313302113,44656
712313402015,44506
712313501917,44886
712313601819,45798
712313701721,44841
712313801623,45080
712313901525,44882
712314001427,44025
712314101329,45020
712314201231,45331
712314301133,44815
712314401035,44220
712314500938,44708
712314600840,44268
712314700742,45148
712314800644,45345
712314900546,44134
712315000448,43996
712315100350,43838
712315200252,44584
712315300154,44815
712315400056,44409
712315499958,43870
712315599860,44552
712315699762,44549
712315799664,45032
712315899566,44471
712315999468,44557
712316099370,44248
712316199272,45750
712316299174,44801
712316399076,44693
712316498978,44750
712316598880,44497
712316701840,9869
712316801744,6706
712316901646,6706
712317001548,6704
712317101450,6703
712317201352,6717
712317301254,6698
712317401156,6702
712317501058,6702
712317600961,6703
712317700863,6714
712317800765,6700
712317900667,6701
712318000569,6704
712318100471,6704
712318200373,6718
712318300275,6701
712318400177,6699
712318500079,6699
712318599981,6703
712318699883,6758
712318799785,6706
712318899687,6704
712318999589,6702
712319099491,6703
712319199393,6716
712319299295,6702
712319399197,6700
712319499099,6698
712319599004,6699
712319698906,6722
712319798808,6696
712319898710,6702
712319998612,6703
712320098514,6704
712320198416,6716
712320298318,6703
712320398220,6696
712320498122,6701
712320598024,6702
712320697926,6806
712320797828,6704
712320897730,6704
712320997632,6709
712321097534,6706
712321197436,6717
712321297338,6701
712321397240,6697
712321497142,6699
712321597044,6700
712321696946,6735
712321796848,6700
712321896750,6698
712321996652,6701
712322096554,6721
712322196457,6968
712322296359,6966
712322396262,6968
712322496164,6969
712322596066,6966
712322695968,6807
712322795870,6700
712322895772,6700
712322995674,6699
712323098632,9839
712323198536,6715
712323298438,6706
712323398340,6705
712323498242,6700
712323598144,6702
712323698047,6716
712323797949,6705
712323897851,6703
712323997753,6702
712324097655,6704
712324197557,6716
712324297459,6704
712324397361,6704
712324497263,6695
712324597165,6694
712324697067,6769
712324796971,6703
712324896873,6702
712324996775,6698
712325096677,6699
712325196579,6698
712325296481,6699
712325396383,6700
712325496285,6696
712325596187,6695
712325696089,6698
712325795991,6699
712325895893,6699
712325995795,6699
712326095697,6698
712326195599,6699
712326295501,6701
712326395403,6903
712326495305,6703
712326595207,6697
712326695109,6791
712326795011,6700
712326894913,6700
712326994815,6699
712327094717,6700
712327194619,6701
712327294521,6696
712327394423,6700
712327494325,6699
712327594227,6692
712327694129,6692
712327794031,6694
712327893933,6700
712327993835,6700
712328093737,6709
712328193655,6706
712328293557,6705
712328393459,6703
712328493361,6704
712328593263,6699
712328693165,6775
712328793067,6698
712328892969,6704
712328992871,6740
712329092773,6702
712329192675,6705
712329292577,6703
712329392479,6704
712329492381,6701
712329592283,6700
712329692185,6737
712329792087,6700
712329891989,6702
712329991891,6703
712330091793,6706
712330191695,6703
712330291597,6702
712330391499,6702
712330491401,6706
712330591303,6705
712330691205,6810
712330791107,6702
712330891009,6697
712330990911,6701
712331090813,6703
712331190715,6707
712331290617,6702
712331390519,6702
712331490421,6704
712331590323,6703
712331690225,6699
712331790127,6699
712331890029,6700
712331989931,6700
712332089833,6706
712332189735,6704
712332289637,6704
712332389539,6703
712332489441,6703
712332589343,6704
712332689246,6793
712332789148,6703
712332889050,6701
712332988952,6703
712333088855,44507
712333188757,45800
712333288659,45307
712333388561,44510
712333488463,44754
712333588365,44176
712333691323,9883
712333791227,6701
712333891129,6699
712333991033,6699
712334090937,6702
712334190839,6705
712334290741,6701
712334390643,6701
712334490545,6743
712334590447,6709
712334690349,6778
712334790251,6701
712334890153,6697
712334990055,6737
712335089957,6777
712335189859,6704
712335289761,6705
712335389663,6706
712335489565,6705
712335589467,6702
712335689369,6704
712335789271,6699
712335889173,6699
712335989075,6734
712336088977,6708
712336188879,6705
712336288781,6703
712336388683,6703
712336488585,6705
712336588487,6703
712336688389,6790
712336788291,6702
712336888193,6699
712336988095,6920
712337087997,6701
712337187899,6701
712337287801,6705
712337387703,6699
712337487605,6702
712337587507,6701
712337687409,6705
712337787311,6706
712337887213,6699
712337987115,6731
712338087017,6695
712338186919,6698
712338286821,6693
712338386723,6697
712338486625,6699
712338586527,6700
712338686429,6771
712338786331,6699
712338886233,6697
712338986135,6695
712339086037,6694
712339185939,6699
712339285841,6699
712339385743,6699
712339485645,6699
712339585547,6737
712339685449,6699
712339785351,6697
712339885253,6701
712339985155,6694
712340085057,6696
712340184959,6697
712340284861,6699
712340384763,6702
712340484665,6701
712340584567,6701
712340684469,6731
712340784371,6700
712340884273,6696
712340984175,6696
712341084077,6697
712341183979,6703
712341283881,6703
712341383783,6704
712341483685,6704
712341583587,6724
712341683489,6697
712341783391,6699
712341883293,6692
712341983195,6700
712342083097,6697
712342182999,6701
712342282901,6701
712342382803,6703
712342482705,6703
712342582607,6702
712342682509,6706
712342782411,6706
712342882313,6701
712342982215,6700
712343082117,45277
712343182019,44235
712343281921,45142
712343381823,44575
712343481725,44407
712343581627,44577
712343681529,44798
712343781431,45093
712343881333,45256
712343981235,44429
712344081137,44878
712344181039,44323
712344280941,45048
712344380843,44464
712344480746,44202
712344580648,44873
712344683639,9915
712344783543,6700
712344883445,6703
712344983347,6707
712345083249,6967
712345183151,6700
712345283053,6701
712345382955,6705
712345482857,6701
712345582759,6703
712345682661,6709
712345782563,6704
712345882465,6703
712345982367,6706
712346082269,6699
712346182171,6697
712346282073,6699
712346381975,6703
712346481877,6703
712346581779,6703
712346681681,6705
712346781583,6706
712346881485,6702
712346981387,6702
712347081289,6697
712347181191,6700
712347281093,6719
712347380995,6701
712347480897,6705
712347580799,6706
712347680701,6709
712347780603,6705
712347880505,6704
712347980407,6703
712348080309,6704
712348180211,6701
712348280113,6698
712348380015,6699
712348479917,6704
712348579819,6739
712348679721,6701
712348779623,6707
712348879525,6701
712348979427,6704
712349079329,6704
712349179231,6700
712349279133,6700
712349379035,6700
712349478937,6702
712349578839,6696
712349678741,6705
712349778643,6702
712349878545,6705
712349978447,6703
712350078349,6705
712350178251,6701
712350278153,6699
712350378055,6698
712350477957,6700
712350577859,6706
712350677761,6708
712350777681,6705
712350877583,6704
712350977485,6705
712351077387,6700
712351177289,6692
712351277191,6697
712351377093,6696
712351476995,6698
712351576897,6698
712351676799,6697
712351776701,6698
712351876603,6697
712351976505,6699
712352076407,6700
712352176309,6699
712352276211,6696
712352376113,6698
712352476015,6696
712352575917,6699
712352675820,6698
712352775722,6706
712352875624,6697
712352975526,6697
