3448491331749,105
3448491431713,82
3448491531665,81
3448491631617,81
3448491731569,81
3448491831521,81
3448491931473,81
3448492031425,81
3448492131377,81
3448492231329,81
3448492331281,81
3448492431233,81
3448492531185,81
3448492631137,85
3448492731089,81
3448492831041,84
3448492930993,82
3448493030945,95
3448493130897,81
3448493230849,81
3448493330801,81
3448493430753,81
3448493530705,81
3448493630657,81
3448493730609,81
3448493830561,82
3448493930513,81
3448494030465,81
3448494130417,81
3448494230369,81
3448494330321,81
3448494430273,81
3448494530225,81
3448494630177,84
3448494730129,82
3448494830081,81
3448494930033,81
3448495029985,97
3448495129937,96
3448495229889,81
3448495329841,81
3448495429793,81
3448495529745,81
3448495629697,81
3448495729649,81
3448495829601,81
3448495929553,81
3448496029505,81
3448496129457,81
3448496229410,81
3448496329362,81
3448496429314,81
3448496529271,102
3448496629223,85
3448496729175,85
3448496829127,84
3448496929079,84
3448497029031,96
3448497128983,97
3448497228935,84
3448497328887,81
3448497428839,80
3448497528791,85
3448497628743,84
3448497728695,81
3448497828648,82
3448497928600,81
3448498028552,81
3448498128504,81
3448498228456,81
3448498328408,81
3448498428360,81
3448498528312,94
3448498628264,81
3448498728216,85
3448498828168,81
3448498928120,84
3448499028072,84
3448499128025,85
3448499227977,84
3448499327929,84
3448499427881,81
3448499527833,81
3448499627785,81
3448499727737,81
3448499827689,81
3448499927641,81
3448500027593,81
3448500127545,81
3448500227497,81
3448500327449,81
3448500427401,81
3448500527365,81
3448500627317,94
3448500727270,97
3448500827222,84
3448500927174,84
3448501027126,84
3448501127078,84
3448501227030,96
3448501326982,97
3448501426934,84
3448501526886,85
3448501626844,107
3448501726796,95
3448501826749,81
3448501926701,81
3448502026653,81
3448502126605,81
3448502226557,81
3448502326509,81
3448502426461,81
3448502526413,81
3448502626365,81
3448502726317,95
3448502826269,81
3448502926221,84
3448503026173,81
3448503126125,84
3448503226077,81
3448503326029,81
3448503425981,84
3448503525933,88
3448503625885,84
3448503725837,81
3448503825789,81
3448503925741,81
3448504025693,81
3448504125645,81
3448504225597,81
3448504325549,81
3448504425501,81
3448504525453,81
3448504625405,81
3448504725357,81
3448504825309,94
3448504925261,96
3448505025213,84
3448505125165,84
3448505225117,84
3448505325069,84
3448505425021,94
3448505524973,87
3448505624925,87
3448505724877,81
3448505824829,81
3448505924781,81
3448506024733,81
3448506124685,81
3448506224637,81
3448506324589,81
3448506424541,81
3448506524493,81
3448506624445,81
3448506724404,108
3448506824356,81
3448506924308,94
3448507024260,97
3448507124212,84
3448507224164,84
3448507324116,84
3448507424072,84
3448507524024,84
3448507623976,90
3448507723928,87
3448507823880,81
3448507923832,81
3448508023784,81
3448508123736,81
3448508223688,81
3448508323640,81
3448508423592,81
3448508523544,81
3448508623496,81
3448508723448,81
3448508823400,81
3448508923352,81
3448509023304,81
3448509123256,96
3448509223208,81
3448509323160,84
3448509423112,81
3448509523064,84
3448509623016,84
3448509722968,84
3448509822920,85
3448509922872,82
3448510022824,81
3448510122776,81
3448510222728,81
3448510322680,81
3448510422632,81
3448510522584,81
3448510622536,81
3448510722488,82
3448510822440,81
3448510922392,85
3448511022344,84
3448511122296,85
3448511222248,84
3448511322200,84
3448511422152,84
3448511522104,84
3448511622068,84
3448511722020,97
3448511821978,120
3448511921930,84
3448512021882,81
3448512121834,81
3448512221786,81
3448512321738,81
3448512421690,81
3448512521642,81
3448512621594,81
3448512721546,81
3448512821498,81
3448512921450,81
3448513021402,80
3448513121366,97
3448513221318,94
3448513321270,97
3448513421222,84
3448513521174,84
3448513621126,84
3448513721078,84
3448513821031,97
3448513920983,97
3448514020935,83
3448514120887,81
3448514220839,81
3448514320791,81
3448514420743,81
3448514520695,81
3448514620647,81
3448514720599,82
3448514820551,81
3448514920503,81
3448515020455,81
3448515120407,81
3448515220360,81
3448515320312,94
3448515420284,96
3448515520236,84
3448515620188,84
3448515720140,84
3448515820092,84
3448515920044,96
3448516019996,97
3448516119948,84
3448516219900,81
3448516319852,81
3448516419804,80
3448516519756,81
3448516619708,81
3448516719660,81
3448516819612,82
3448516919571,108
3448517019523,81
3448517119475,81
3448517219430,82
3448517319382,81
3448517419334,81
3448517519286,81
3448517619238,81
3448517719190,81
3448517819143,85
3448517919095,81
3448518019047,84
3448518118999,82
3448518218951,82
3448518318903,81
3448518418855,81
3448518518807,81
3448518618759,81
3448518718711,81
3448518818663,81
3448518918615,81
3448519018567,81
3448519118519,81
3448519218471,81
3448519318423,81
3448519418375,81
3448519518327,81
3448519618279,94
3448519718231,81
3448519818183,81
3448519918135,84
3448520018087,84
3448520118039,81
3448520217991,82
3448520317943,82
3448520417895,81
3448520517847,81
3448520617799,81
3448520717751,81
3448520817703,81
3448520917655,81
3448521017607,81
3448521117559,81
3448521217511,81
3448521317463,81
3448521417415,80
3448521517367,80
3448521617319,81
3448521717271,81
3448521817224,97
3448521917176,85
3448522017137,105
3448522117089,85
3448522217041,96
3448522316993,97
3448522416945,84
3448522516897,81
3448522616849,81
3448522716801,81
3448522816753,81
3448522916705,84
3448523016657,84
3448523116609,84
3448523216561,81
3448523316513,81
3448523416465,81
3448523516417,81
3448523616369,81
3448523716321,94
3448523816273,96
3448523916225,84
3448524016177,84
3448524116129,84
3448524216081,85
3448524316033,96
3448524415985,96
3448524515937,84
3448524615889,81
3448524715841,82
3448524815793,81
3448524915745,81
3448525015697,81
3448525115649,81
3448525215601,81
3448525315553,81
3448525415505,81
3448525515457,84
3448525615409,84
3448525715361,85
3448525815313,82
3448525915265,81
3448526015217,85
3448526115169,84
3448526215122,82
3448526315074,80
3448526415026,95
3448526514978,85
3448526614930,84
3448526714882,82
3448526814834,81
3448526914786,81
3448527014738,82
3448527114694,104
3448527214646,81
3448527314598,81
3448527414550,81
3448527514502,81
3448527614454,81
3448527714406,81
3448527814361,81
3448527914313,94
3448528014265,96
3448528114217,84
3448528214169,84
3448528314121,84
3448528414073,84
3448528514025,95
3448528613977,99
3448528713929,87
3448528813881,81
3448528913833,81
3448529013785,81
3448529113737,81
3448529213689,81
3448529313641,81
3448529413593,81
3448529513545,81
3448529613497,80
3448529713449,81
3448529813401,82
3448529913353,81
3448530013305,81
3448530113257,81
3448530213209,85
3448530313161,84
3448530413113,81
3448530513069,84
3448530613021,94
3448530712973,84
3448530812925,84
3448530912877,81
3448531012829,81
3448531112781,81
3448531212733,81
3448531312685,81
3448531412637,81
3448531512589,81
3448531612541,81
3448531712493,81
3448531812445,81
3448531912397,81
3448532012349,81
3448532112301,82
3448532212258,103
3448532312210,81
3448532412162,81
3448532512114,81
3448532612066,81
3448532712018,96
3448532811970,84
3448532911922,84
3448533011874,81
3448533111826,81
3448533211778,81
3448533311730,81
3448533411682,81
3448533511634,81
3448533611586,81
3448533711538,81
3448533811490,82
3448533911442,81
3448534011394,81
3448534111354,81
3448534211306,96
3448534311258,81
3448534411210,81
3448534511162,84
3448534611114,84
3448534711066,82
3448534811018,81
3448534910970,84
3448535010922,83
3448535110874,81
3448535210826,81
3448535310778,81
3448535410730,81
3448535510682,80
3448535610634,81
3448535710586,81
3448535810538,81
3448535910490,81
3448536010442,81
3448536110394,81
3448536210346,94
3448536310298,94
3448536410250,84
3448536510202,85
3448536610154,84
3448536710106,85
3448536810066,84
3448536910018,95
3448537009970,84
3448537109922,84
3448537209874,82
3448537309831,106
3448537409783,81
3448537509735,81
3448537609687,81
3448537709639,81
3448537809591,82
3448537909543,80
3448538009495,81
3448538109447,81
3448538209399,81
3448538309361,81
3448538409313,94
3448538509265,81
3448538609217,85
3448538709169,85
3448538809121,81
3448538909073,81
3448539009025,81
3448539108977,97
3448539208929,84
3448539308881,81
3448539408833,81
3448539508806,85
3448539608758,81
3448539708710,81
3448539808662,81
3448539908614,81
3448540008566,81
3448540108518,94
3448540208470,81
3448540308422,80
3448540408374,81
3448540508326,81
3448540608278,81
3448540708230,81
3448540808182,81
3448540908134,84
3448541008086,81
3448541108038,84
3448541207990,84
3448541307942,84
3448541407894,81
3448541507846,81
3448541607798,81
3448541707750,81
3448541807703,82
3448541907655,81
3448542007607,81
3448542107559,81
3448542207511,81
