3156837740482,99964
3156837840447,99950
3156837940399,99950
3156838040351,99950
3156838140302,99950
3156838240253,99950
3156838340204,99950
3156838440155,99950
3156838540106,99950
3156838640057,99950
3156838740009,99950
3156838839960,99950
3156838939911,99950
3156839039862,99950
3156839139813,99950
3156839239764,99950
3156839339715,99950
3156839439666,99950
3156839539617,99950
3156839639568,99950
3156839739519,99950
3156839839470,99950
3156839939421,99950
3156840039372,99950
3156840139323,99950
3156840239274,99950
3156840339225,99950
3156840439176,99950
3156840539127,99950
3156840639078,99950
3156840739030,99951
3156840838981,99950
3156840938932,99950
3156841038883,99950
3156841138834,99950
3156841238785,99950
3156841338736,99950
3156841438687,99950
3156841538638,99950
3156841638589,99950
3156841738540,99950
3156841838492,99950
3156841938443,99950
3156842038394,99950
3156842138345,99950
3156842238296,99950
3156842338247,99950
3156842438198,99950
3156842538149,99950
3156842638100,99950
3156842738052,99952
3156842838005,99950
3156842937956,99950
3156843037907,99950
3156843137858,99950
3156843237809,99950
3156843337760,99950
3156843437711,99950
3156843537662,99950
3156843637613,99950
3156843737565,99950
3156843837516,99950
3156843937467,99950
3156844037418,99950
3156844137369,99950
3156844237320,99950
3156844337271,99950
3156844437222,99950
3156844537173,99950
3156844637124,99950
3156844737076,99950
3156844837027,99950
3156844936978,99950
3156845036929,99950
3156845136880,99950
3156845236831,99950
3156845336782,99950
3156845436733,99950
3156845536684,99950
3156845636635,99950
3156845736586,99950
3156845836537,99950
3156845936488,99950
3156846036439,99950
3156846136390,99950
3156846236341,99950
3156846336292,99950
3156846436243,99950
3156846536194,99950
3156846636145,99950
3156846736097,99951
3156846836048,99950
3156846935999,99950
3156847035950,99950
3156847135901,99950
3156847235852,99950
3156847335803,99950
3156847435754,99950
3156847535705,99950
3156847635656,99950
3156847735607,99950
3156847835559,99951
3156847935671,100111
3156848035623,99950
3156848135575,99950
3156848235526,99950
3156848335478,99951
3156848435429,99950
3156848535380,99950
3156848635331,99950
3156848735283,99950
3156848835234,99950
3156848935185,99950
3156849035136,99950
3156849135087,99950
3156849235038,99950
3156849334989,99950
3156849434940,99950
3156849534891,99950
3156849634842,99950
3156849734793,99950
3156849834744,99950
3156849934695,99950
3156850034646,99950
3156850134597,99950
3156850234548,99950
3156850334499,99950
3156850434450,99950
3156850534401,99950
3156850634365,99950
3156850734317,99950
3156850834268,99950
3156850934219,99950
3156851034170,99950
3156851134122,99950
3156851234074,99951
3156851334025,99950
3156851433976,99950
3156851533927,99950
3156851633878,99950
3156851733829,99950
3156851833781,99950
3156851933732,99950
3156852033683,99950
3156852133635,99950
3156852233586,99950
3156852333538,99951
3156852433489,99950
3156852533440,99950
3156852633391,99950
3156852733355,99950
3156852833307,99951
3156852933258,99950
3156853033210,99951
3156853133162,99951
3156853233113,99950
3156853333065,99950
3156853433016,99950
3156853532967,99950
3156853632918,99950
3156853732869,99950
3156853832820,99950
3156853932771,99950
3156854032722,99950
3156854132673,99950
3156854232624,99950
3156854332575,99950
3156854432526,99950
3156854532477,99950
3156854632428,99950
3156854732380,99950
3156854832331,99950
3156854932282,99950
3156855032233,99950
3156855132184,99950
3156855232135,99950
3156855332086,99950
3156855432037,99950
3156855531988,99950
3156855631939,99950
3156855731890,99950
3156855831841,99950
3156855931792,99950
3156856031743,99950
3156856131694,99950
3156856231645,99950
3156856331597,99951
3156856431548,99950
3156856531499,99950
3156856631450,99950
3156856731402,99950
3156856831353,99950
3156856931304,99950
3156857031255,99950
3156857131206,99950
3156857231157,99950
3156857331108,99950
3156857431060,99951
3156857531011,99950
3156857630962,99950
3156857730913,99950
3156857830864,99950
3156857930816,99951
3156858030925,100108
3156858130877,99951
3156858230849,99950
3156858330800,99950
3156858430751,99950
3156858530702,99950
3156858630653,99950
3156858730604,99950
3156858830555,99950
3156858930506,99950
3156859030457,99950
3156859130408,99950
3156859230359,99950
3156859330310,99950
3156859430261,99950
3156859530212,99950
3156859630163,99950
3156859730114,99950
3156859830065,99950
3156859930016,99950
3156860029967,99950
3156860129918,99950
3156860229869,99950
3156860329820,99950
3156860429771,99950
3156860529722,99950
3156860629674,99950
3156860729625,99950
3156860829576,99950
3156860929527,99950
3156861029478,99950
3156861129429,99950
3156861229380,99950
3156861329331,99950
3156861429282,99950
3156861529233,99950
3156861629184,99950
3156861729135,99950
3156861829086,99950
3156861929037,99950
3156862028989,99950
3156862128940,99950
3156862228891,99950
3156862328842,99950
3156862428793,99950
3156862528744,99950
3156862628695,99950
3156862728646,99950
3156862828597,99950
3156862928548,99950
3156863028499,99950
3156863128450,99950
3156863228401,99950
3156863328352,99950
3156863428303,99950
3156863528254,99950
3156863628205,99950
3156863728156,99950
3156863828107,99950
3156863928058,99950
3156864028009,99950
3156864127960,99950
3156864227911,99950
3156864327862,99950
3156864427813,99950
3156864527764,99950
3156864627715,99950
3156864727667,99951
3156864827618,99950
3156864927569,99950
3156865027520,99950
3156865127471,99950
3156865227422,99950
3156865327373,99950
3156865427324,99950
3156865527275,99950
3156865627226,99950
3156865727177,99950
3156865827128,99950
3156865927079,99950
3156866027030,99950
3156866126981,99950
3156866226932,99950
3156866326883,99950
3156866426834,99950
3156866526785,99950
3156866626736,99950
3156866726687,99950
3156866826638,99950
3156866926589,99950
3156867026540,99950
3156867126491,99950
3156867226442,99950
3156867326393,99950
3156867426344,99950
3156867526295,99950
3156867626246,99950
3156867726197,99950
3156867826148,99950
3156867926099,99950
3156868026051,99951
3156868126165,100111
3156868226117,99951
3156868326068,99950
3156868426020,99951
3156868525971,99950
3156868625922,99950
3156868725874,99951
3156868825825,99950
3156868925776,99950
3156869025727,99950
3156869125678,99950
3156869225629,99950
3156869325580,99950
3156869425531,99950
3156869525482,99950
3156869625433,99950
3156869725384,99950
3156869825335,99950
3156869925286,99950
3156870025237,99950
3156870125188,99950
3156870225139,99950
3156870325090,99950
3156870425041,99950
3156870524992,99950
3156870624943,99950
3156870724894,99950
3156870824845,99950
3156870924796,99950
3156871024747,99950
3156871124698,99950
3156871224649,99950
3156871324600,99950
3156871424551,99950
3156871524502,99950
3156871624453,99950
3156871724404,99950
3156871824355,99950
3156871924306,99950
3156872024257,99950
3156872124208,99950
3156872224159,99950
3156872324110,99950
3156872424062,99951
3156872524013,99950
3156872623964,99950
3156872723915,99950
3156872823866,99950
3156872923817,99950
3156873023768,99950
3156873123719,99950
3156873223670,99950
3156873323621,99950
3156873423572,99950
3156873523523,99950
3156873623474,99950
3156873723426,99951
3156873823377,99950
3156873923328,99950
3156874023279,99950
3156874123230,99950
3156874223181,99950
3156874323132,99950
3156874423083,99950
3156874523034,99950
3156874622985,99950
3156874722936,99950
3156874822887,99950
3156874922838,99950
3156875022789,99950
3156875122740,99950
3156875222691,99950
3156875322643,99951
3156875422594,99950
3156875522545,99950
3156875622497,99951
3156875722448,99950
3156875822399,99950
3156875922350,99950
3156876022301,99950
3156876122252,99950
3156876222203,99950
3156876322154,99950
3156876422105,99950
3156876522056,99950
3156876622007,99950
3156876721959,99951
3156876821910,99950
3156876921861,99950
3156877021812,99950
3156877121763,99950
3156877221714,99950
3156877321665,99950
3156877421616,99950
3156877521567,99950
3156877621518,99950
3156877721469,99950
3156877821420,99950
3156877921371,99950
3156878021322,99950
3156878121273,99950
3156878221384,100110
3156878321336,99950
3156878421287,99950
3156878521238,99950
3156878621189,99950
3156878721156,99950
3156878821107,99950
3156878921058,99950
3156879021009,99950
3156879120960,99950
3156879220911,99950
3156879320862,99950
3156879420813,99950
3156879520764,99950
3156879620715,99950
3156879720666,99950
3156879820617,99950
3156879920568,99950
3156880020519,99950
3156880120470,99950
3156880220421,99950
3156880320372,99950
3156880420323,99950
3156880520274,99950
3156880620225,99950
3156880720176,99950
3156880820127,99950
3156880920078,99950
3156881020029,99950
3156881119980,99950
3156881219931,99950
3156881319882,99950
3156881419833,99950
3156881519784,99950
3156881619735,99950
3156881719686,99950
3156881819637,99950
3156881919588,99950
3156882019539,99950
3156882119490,99950
3156882219441,99950
3156882319392,99950
3156882419343,99950
3156882519294,99950
3156882619245,99950
3156882719196,99950
3156882819147,99950
3156882919098,99950
3156883019049,99950
3156883119003,99950
3156883218954,99950
3156883318905,99950
3156883418856,99950
3156883518807,99950
3156883618758,99950
3156883718709,99950
3156883818660,99950
3156883918611,99950
3156884018562,99950
3156884118513,99950
3156884218464,99950
3156884318415,99950
3156884418366,99950
3156884518317,99950
3156884618268,99950
3156884718219,99950
3156884818170,99950
3156884918121,99950
3156885018072,99950
3156885118023,99950
3156885217974,99950
3156885317925,99950
3156885417876,99950
3156885517827,99950
3156885617778,99950
3156885717729,99950
3156885817680,99950
3156885917631,99950
3156886017582,99950
3156886117533,99950
3156886217484,99950
3156886317435,99950
3156886417386,99950
3156886517337,99950
3156886617288,99950
3156886717239,99950
3156886817190,99950
3156886917142,99951
3156887017093,99950
3156887117044,99950
3156887216995,99950
3156887316946,99950
3156887416897,99950
3156887516849,99951
3156887616800,99950
3156887716751,99950
3156887816702,99950
3156887916653,99950
3156888016604,99950
3156888116555,99950
3156888216507,99950
3156888316617,100109
3156888416569,99951
3156888516521,99951
3156888616472,99950
3156888716423,99950
3156888816374,99950
3156888916325,99950
3156889016276,99950
3156889116227,99950
3156889216178,99950
3156889316129,99950
3156889416080,99950
3156889516031,99950
3156889615982,99950
3156889715933,99950
3156889815884,99950
3156889915836,99951
3156890015787,99950
3156890115738,99950
3156890215689,99950
3156890315640,99950
3156890415591,99950
3156890515542,99950
3156890615493,99950
3156890715445,99951
3156890815396,99950
3156890915347,99950
3156891015298,99950
3156891115249,99950
3156891215200,99950
3156891315151,99950
3156891415102,99950
3156891515053,99950
3156891615005,99950
3156891714956,99950
3156891814907,99950
3156891914858,99950
3156892014809,99950
3156892114760,99950
3156892214711,99950
3156892314662,99950
3156892414613,99950
3156892514564,99950
3156892614516,99951
3156892714467,99950
3156892814418,99950
3156892914369,99950
3156893014321,99950
3156893114272,99950
3156893214223,99950
3156893314174,99950
3156893414125,99950
3156893514076,99950
3156893614027,99950
3156893713978,99950
3156893813929,99950
3156893913880,99950
3156894013831,99950
3156894113782,99950
3156894213733,99950
3156894313684,99950
3156894413635,99950
3156894513586,99950
3156894613537,99950
3156894713488,99950
3156894813439,99950
3156894913390,99950
3156895013341,99950
3156895113292,99950
3156895213243,99950
3156895313194,99950
3156895413145,99950
3156895513096,99950
3156895613047,99950
3156895712998,99950
3156895812962,99950
3156895912913,99950
3156896012864,99950
3156896112815,99950
3156896212766,99950
3156896312717,99950
3156896412668,99950
3156896512619,99950
3156896612570,99950
3156896712521,99950
3156896812472,99950
3156896912423,99950
3156897012375,99950
3156897112327,99951
3156897212278,99950
3156897312229,99950
3156897412181,99951
3156897512133,99951
3156897612084,99950
3156897712035,99950
3156897811986,99950
3156897911937,99950
3156898011888,99950
3156898111839,99950
3156898211790,99950
3156898311742,99951
3156898411852,100109
3156898511804,99951
3156898611755,99950
3156898711707,99951
3156898811658,99950
3156898911609,99950
3156899011560,99950
3156899111511,99950
3156899211481,99950
3156899311432,99950
3156899411383,99950
3156899511334,99950
3156899611285,99950
3156899711236,99950
3156899811187,99950
3156899911138,99950
3156900011090,99951
3156900111041,99950
3156900210992,99950
3156900310943,99950
3156900410894,99950
3156900510845,99950
3156900610796,99950
3156900710748,99951
3156900810699,99950
3156900910650,99950
3156901010601,99950
3156901110552,99950
3156901210503,99950
3156901310454,99950
3156901410405,99950
3156901510356,99950
3156901610307,99950
3156901710258,99950
3156901810209,99950
3156901910160,99950
3156902010111,99950
3156902110062,99950
3156902210013,99950
3156902309964,99950
3156902409915,99950
3156902509866,99950
3156902609817,99950
3156902709769,99951
3156902809720,99950
3156902909671,99950
3156903009623,99951
3156903109574,99950
3156903209525,99950
3156903309476,99950
3156903409427,99950
3156903509378,99950
3156903609329,99950
3156903709280,99950
3156903809231,99950
3156903909182,99950
3156904009133,99950
3156904109084,99950
3156904209035,99950
3156904308986,99950
3156904408937,99950
3156904508888,99950
3156904608839,99950
3156904708790,99950
3156904808741,99950
3156904908692,99950
3156905008643,99950
3156905108594,99950
3156905208545,99950
3156905308496,99950
3156905408447,99950
3156905508398,99950
3156905608349,99950
3156905708300,99950
3156905808251,99950
3156905908202,99950
3156906008153,99950
3156906108104,99950
3156906208055,99950
3156906308006,99950
3156906407957,99950
3156906507908,99950
3156906607859,99950
3156906707810,99950
3156906807761,99950
3156906907712,99950
3156907007664,99951
3156907107615,99950
3156907207566,99950
3156907307517,99950
3156907407468,99950
3156907507419,99950
3156907607370,99950
3156907707321,99950
3156907807272,99950
3156907907223,99950
3156908007174,99950
3156908107125,99950
3156908207076,99950
3156908307027,99950
3156908406979,99951
3156908507096,100116
3156908607048,99950
3156908707000,99951
3156908806951,99950
3156908906902,99950
3156909006853,99950
3156909106804,99950
3156909206755,99950
3156909306706,99950
3156909406657,99950
3156909506608,99950
3156909606561,99950
3156909706512,99950
3156909806463,99950
3156909906414,99950
3156910006366,99951
3156910106317,99950
3156910206268,99950
3156910306219,99950
3156910406170,99950
3156910506121,99950
3156910606072,99950
3156910706023,99950
3156910805974,99950
3156910905925,99950
3156911005876,99950
3156911105827,99950
3156911205778,99950
3156911305729,99950
3156911405680,99950
3156911505631,99950
3156911605582,99950
3156911705534,99951
3156911805485,99950
3156911905436,99950
3156912005387,99950
3156912105338,99950
3156912205289,99950
3156912305240,99950
3156912405191,99950
3156912505142,99950
3156912605093,99950
3156912705045,99950
3156912804996,99950
3156912904948,99951
3156913004900,99950
3156913104852,99951
3156913204803,99950
3156913304754,99950
3156913404705,99950
3156913504656,99950
3156913604607,99950
3156913704558,99950
3156913804509,99950
3156913904460,99950
3156914004411,99950
3156914104362,99950
3156914204313,99950
3156914304264,99950
3156914404215,99950
3156914504166,99950
3156914604117,99950
3156914704068,99950
3156914804019,99950
3156914903970,99950
3156915003921,99950
3156915103872,99950
3156915203823,99950
3156915303774,99950
3156915403725,99950
3156915503676,99950
3156915603627,99950
3156915703578,99950
3156915803529,99950
3156915903480,99950
3156916003431,99950
3156916103382,99950
3156916203333,99950
3156916303284,99950
3156916403235,99950
3156916503186,99950
3156916603137,99950
3156916703088,99950
3156916803039,99950
3156916902990,99950
3156917002942,99950
3156917102893,99950
3156917202844,99950
3156917302795,99950
3156917402746,99950
3156917502698,99951
3156917602649,99950
3156917702600,99950
3156917802551,99950
3156917902502,99950
3156918002453,99950
3156918102404,99950
3156918202355,99950
3156918302306,99950
3156918402257,99950
3156918502208,99950
3156918602319,100110
3156918702271,99950
3156918802222,99950
3156918902173,99950
3156919002124,99950
3156919102075,99950
3156919202026,99950
3156919301977,99950
3156919401928,99950
3156919501879,99950
3156919601847,99950
3156919701798,99950
3156919801749,99950
3156919901700,99950
3156920001652,99951
3156920101603,99950
3156920201554,99950
3156920301505,99950
3156920401456,99950
3156920501407,99950
3156920601358,99950
3156920701310,99951
3156920801261,99950
3156920901212,99950
3156921001163,99950
3156921101114,99950
3156921201065,99950
3156921301016,99950
3156921400967,99950
3156921500918,99950
3156921600869,99950
3156921700820,99950
3156921800771,99950
3156921900722,99950
3156922000673,99950
3156922100624,99950
3156922200575,99950
3156922300526,99950
3156922400477,99950
3156922500428,99950
3156922600379,99950
3156922700330,99950
3156922800281,99950
3156922900232,99950
3156923000184,99951
3156923100135,99950
3156923200086,99950
3156923300037,99950
3156923399988,99950
3156923499939,99950
3156923599890,99950
3156923699841,99950
3156923799792,99950
3156923899743,99950
3156923999694,99950
3156924099645,99950
3156924199596,99950
3156924299547,99950
3156924399498,99950
3156924499449,99950
3156924599400,99950
3156924699351,99950
3156924799302,99950
3156924899253,99950
3156924999204,99950
3156925099155,99950
3156925199106,99950
3156925299057,99950
3156925399008,99950
3156925498959,99950
3156925598910,99950
3156925698861,99950
3156925798812,99950
3156925898763,99950
3156925998714,99950
3156926098665,99950
3156926198616,99950
3156926298567,99950
3156926398518,99950
3156926498469,99950
3156926598420,99950
3156926698372,99951
3156926798323,99950
3156926898274,99950
3156926998226,99951
3156927098177,99950
3156927198128,99950
3156927298079,99950
3156927398030,99950
3156927497981,99950
3156927597932,99950
3156927697883,99950
3156927797834,99950
3156927897785,99950
3156927997736,99950
3156928097687,99950
3156928197638,99950
3156928297589,99950
3156928397540,99950
3156928497491,99950
3156928597443,99951
3156928697551,100107
3156928797503,99950
3156928897454,99950
3156928997405,99950
3156929097356,99950
3156929197307,99950
3156929297258,99950
3156929397209,99950
3156929497160,99950
3156929597111,99950
3156929697062,99950
3156929797013,99950
3156929896964,99950
3156929996916,99951
3156930096867,99950
3156930196818,99950
3156930296769,99950
3156930396720,99950
3156930496671,99950
3156930596622,99950
3156930696573,99950
3156930796524,99950
3156930896475,99950
3156930996426,99950
3156931096377,99950
3156931196328,99950
3156931296279,99950
3156931396230,99950
3156931496181,99950
3156931596132,99950
3156931696083,99950
3156931796034,99950
3156931895985,99950
3156931995936,99950
3156932095887,99950
3156932195838,99950
3156932295789,99950
3156932395740,99950
3156932495691,99950
3156932595642,99950
3156932695594,99951
3156932795545,99950
3156932895496,99950
3156932995448,99951
3156933095399,99950
3156933195350,99950
3156933295302,99951
3156933395253,99950
3156933495204,99950
3156933595155,99950
3156933695106,99950
3156933795058,99951
3156933895009,99950
3156933994961,99951
3156934094912,99950
3156934194863,99950
3156934294814,99950
3156934394765,99950
3156934494716,99950
3156934594667,99950
3156934694618,99950
3156934794569,99950
3156934894520,99950
3156934994471,99950
3156935094422,99950
3156935194374,99950
3156935294325,99950
3156935394277,99950
3156935494228,99950
3156935594179,99950
3156935694130,99950
3156935794082,99951
3156935894033,99950
3156935993984,99950
3156936093935,99950
3156936193886,99950
3156936293837,99950
3156936393788,99950
3156936493739,99950
3156936593690,99950
3156936693641,99950
3156936793592,99950
3156936893543,99950
3156936993494,99950
3156937093445,99950
3156937193397,99951
3156937293348,99950
3156937393299,99950
3156937493250,99950
3156937593201,99950
3156937693152,99950
3156937793103,99950
3156937893054,99950
3156937993005,99950
3156938092956,99950
3156938192907,99950
3156938292858,99950
3156938392809,99950
3156938492760,99950
