727478087075,13097
727478187015,1590
727478286923,1578
727478386827,1272
727478486731,1272
727478586633,1269
727478686536,1270
727478786440,1269
727478886342,1270
727478986244,1269
727479086146,1269
727479186048,1269
727479285950,1272
727479385852,1273
727479485754,1272
727479585656,1269
727479685558,1268
727479785460,1268
727479885362,1268
727479985264,1269
727480085166,1268
727480185068,1268
727480284970,1271
727480384872,1271
727480484774,1272
727480584676,1269
727480684578,1269
727480784480,1269
727480884382,1268
727480984284,1268
727481084186,1269
727481184088,1268
727481283990,1274
727481383894,1274
727481483796,1275
727481583698,1271
727481683600,1272
727481783504,1272
727481883406,1272
727481983308,1273
727482083210,1273
727482183112,1271
727482283014,1272
727482382916,1275
727482482818,1276
727482582720,1268
727482682622,1269
727482782524,1268
727482882426,1268
727482982328,1269
727483082230,1268
727483182132,1269
727483282034,1269
727483381936,1271
727483481838,1271
727483581740,1271
727483681642,1270
727483781544,1269
727483881446,1270
727483981348,1269
727484081251,1270
727484181153,1269
727484281055,1269
727484380957,1271
727484480859,1272
727484580762,1272
727484680664,1269
727484780566,1269
727484880468,1269
727484980370,1269
727485080272,1269
727485180174,1269
727485280076,1268
727485379978,1272
727485479880,1272
727485579782,1272
727485679684,1268
727485779586,1269
727485879488,1268
727485979390,1270
727486079292,1265
727486179194,1269
727486279096,1269
727486378998,1273
727486478900,1272
727486578802,1272
727486678704,1269
727486778606,1269
727486878508,1270
727486978410,1269
727487078312,1269
727487178214,1268
727487278116,1268
727487378018,1269
727487477920,1272
727487577822,1271
727487677724,1268
727487777626,1269
727487877528,1268
727487977430,1269
727488077332,1269
727488177969,2143
727488277873,1289
727488377777,1294
727488477679,1286
727488577581,1284
727488677483,1286
727488777385,1285
727488877287,1285
727488977189,1285
727489077091,1285
727489176993,1288
727489276895,1288
727489376797,1288
727489476699,1286
727489576601,1285
727489676503,1285
727489776405,1285
727489876307,1286
727489976209,1286
727490076111,1286
727490176013,1284
727490275915,1289
727490375817,1288
727490475719,1289
727490575621,1285
727490675523,1286
727490775425,1286
727490875327,1285
727490975229,1285
727491075131,1284
727491175033,1285
727491274935,1288
727491374837,1288
727491474739,1287
727491574641,1284
727491674543,1285
727491774445,1285
727491874347,1286
727491974249,1286
727492074151,1286
727492174053,1285
727492273955,1291
727492373857,1291
727492473759,1290
727492573661,1287
727492673563,1289
727492773465,1288
727492873367,1288
727492973269,1290
727493073171,1288
727493173073,1289
727493272975,1291
727493372877,1292
727493472779,1293
727493572681,1285
727493672583,1285
727493772485,1287
727493872387,1285
727493972289,1286
727494072191,1285
727494172093,1286
727494271995,1289
727494371897,1289
727494471799,1289
727494571701,1286
727494671603,1286
727494771505,1285
727494871407,1285
727494971309,1284
727495071211,1285
727495171113,1285
727495271015,1285
727495370917,1289
727495470819,1291
727495570721,1289
727495670623,1286
727495770525,1285
727495870427,1284
727495970329,1285
727496070231,1285
727496170133,1285
727496270035,1284
727496369937,1288
727496469839,1288
727496569741,1288
727496669643,1285
727496769545,1286
727496869447,1285
727496969349,1288
727497069251,1287
727497169153,1284
727497269055,1285
727497368957,1287
727497468859,1289
727497568761,1289
727497668663,1286
727497768565,1285
727497868467,1285
727497968369,1285
727498068271,1285
727498168905,2079
727498268809,1272
727498368711,1269
727498468613,1268
727498568515,1269
727498668418,1270
727498768320,1269
727498868222,1269
727498968124,1269
727499068026,1270
727499167928,1272
727499267830,1272
727499367732,1272
727499467634,1269
727499567536,1268
727499667438,1270
727499767340,1269
727499867242,1268
727499967144,1269
727500067046,1269
727500166948,1272
727500266850,1272
727500366752,1272
727500466654,1269
727500566556,1269
727500666458,1269
727500766360,1269
727500866297,1270
727500966199,1269
727501066101,1269
727501166004,1268
727501265908,1272
727501365810,1271
727501465712,1269
727501565614,1268
727501665516,1268
727501765419,1269
727501865321,1269
727501965223,1269
727502065125,1269
727502165027,1320
727502264929,1322
727502364831,1322
727502464733,1323
727502564635,1320
727502664537,1312
727502764439,1270
727502864341,1269
727502964243,1270
727503064145,1269
727503164047,1270
727503263949,1274
727503363851,1275
727503463753,1338
727503563656,1272
727503663558,1273
727503763460,1272
727503863362,1272
727503963264,1272
727504063166,1273
727504163068,1272
727504262970,1275
727504362872,1274
727504462774,1279
727504562676,1270
727504662579,1270
727504762482,1269
727504862384,1269
727504962286,1268
727505062188,1268
727505162090,1269
727505261992,1272
727505361894,1271
727505461796,1276
727505561698,1269
727505661600,1269
727505761502,1269
727505861404,1268
727505961306,1270
727506061208,1269
727506161110,1268
727506261012,1269
727506360914,1272
727506460816,1272
727506560718,1269
727506660620,1269
727506760522,1269
727506860424,1269
727506960333,1269
727507060235,1269
727507160137,1269
727507260039,1268
727507359941,1273
727507459843,1272
727507559745,1272
727507659647,1318
727507759549,1269
727507859451,1269
727507959353,1304
727508059255,1269
727508159910,2130
727508259814,1289
727508359717,1289
727508459619,1285
727508559521,1286
727508659423,1372
727508759325,1285
727508859227,1285
727508959129,1322
727509059031,1285
727509158933,1289
727509258835,1290
727509358737,1288
727509458639,1285
727509558541,1285
727509658443,1331
727509758345,1285
727509858247,1286
727509958149,1323
727510058051,1285
727510157953,1289
727510257855,1287
727510357757,1288
727510457659,1285
727510557561,1284
727510657463,1285
727510757365,1285
727510857267,1287
727510957169,1285
727511057071,1286
727511156973,1288
727511256875,1288
727511356777,1289
727511456679,1286
727511556581,1285
727511656483,1284
727511756385,1285
727511856287,1285
727511956189,1285
727512056091,1287
727512155993,1305
727512255895,1291
727512355797,1289
727512455699,1285
727512555601,1285
727512655503,1322
727512755405,1286
727512855307,1285
727512955209,1286
727513055111,1286
727513155013,1284
727513254915,1289
727513354817,1289
727513454719,1289
727513554621,1285
727513654523,1286
727513754425,1285
727513854327,1285
727513954229,1287
727514054131,1286
727514154033,1285
727514253935,1291
727514353837,1291
727514453739,1303
727514553641,1287
727514653544,1337
727514753447,1288
727514853349,1289
727514953251,1301
727515053153,1288
727515153055,1290
727515252957,1292
727515352859,1291
727515452761,1303
727515552663,1285
727515652565,1285
727515752467,1284
727515852369,1286
727515952271,1285
727516052173,1285
727516152075,1285
727516251977,1290
727516351879,1287
727516451781,1289
727516551683,1284
727516651585,1286
727516751487,1285
727516851389,1285
727516951291,1285
727517051193,1286
727517151095,1285
727517250997,1289
727517350899,1288
727517450801,1289
727517550703,1285
727517650605,1284
727517750507,1285
727517850409,1285
727517950311,1285
727518050213,1285
727518150850,2097
727518250754,1273
727518350656,1269
727518450558,1269
727518550460,1270
727518650362,1269
727518750264,1269
727518850166,1270
727518950068,1268
727519049970,1271
727519149872,1272
727519249774,1272
727519349676,1269
727519449578,1269
727519549480,1268
727519649382,1269
727519749284,1269
727519849186,1264
727519949088,1259
727520048990,1267
727520148892,1266
727520248794,1272
727520348696,1269
727520448598,1269
727520548500,1269
727520648402,1269
727520748304,1268
727520848206,1269
727520948108,1268
727521048010,1269
727521147912,1272
727521247814,1272
727521347716,1268
727521447618,1269
727521547520,1269
727521647422,1268
727521747324,1269
727521847226,1269
727521947128,1269
727522047030,1269
727522146934,1272
727522246836,1272
727522346738,1272
727522446640,1269
727522546542,1269
727522646444,1269
727522746346,1269
727522846248,1268
727522946150,1268
727523046052,1269
727523145954,1272
727523245856,1271
727523345758,1271
727523445660,1268
727523545562,1269
727523645482,1270
727523745384,1269
727523845286,1269
727523945188,1269
727524045090,1269
727524144992,1272
727524244894,1272
727524344796,1272
727524444698,1269
727524544600,1269
727524644502,1269
727524744404,1270
727524844306,1271
727524944208,1269
727525044110,1269
727525144012,1270
727525243914,1274
727525343816,1274
727525443718,1272
727525543620,1271
727525643522,1272
727525743424,1272
727525843326,1272
727525943228,1272
727526043130,1273
727526143032,1272
727526242934,1275
727526342836,1274
727526442738,1295
727526542640,1268
727526642542,1269
727526742444,1268
727526842346,1268
727526942248,1269
727527042150,1269
727527142052,1269
727527241954,1273
727527341856,1271
727527441758,1272
727527541660,1269
727527641562,1269
727527741464,1269
727527841366,1269
727527941268,1269
727528041170,1269
727528141831,2123
727528241735,1288
727528341637,1285
727528441539,1286
727528541441,1286
727528641343,1286
727528741245,1287
727528841147,1285
727528941049,1287
727529040951,1294
727529140853,1291
727529240755,1290
727529340657,1286
727529440559,1286
727529540461,1287
727529640363,1286
727529740265,1290
727529840167,1286
727529940069,1287
727530039971,1288
727530139873,1289
727530239775,1297
727530339677,1286
727530439579,1286
727530539481,1288
727530639383,1287
727530739285,1287
727530839187,1286
727530939089,1285
727531038991,1289
727531138893,1290
727531238795,1289
727531338697,1285
727531438599,1286
727531538501,1285
727531638403,1286
727531738305,1286
727531838207,1287
727531938109,1286
727532038011,1287
727532137913,1288
727532237815,1289
727532337717,1288
727532437619,1287
727532537521,1286
727532637423,1286
727532737325,1287
727532837227,1285
727532937129,1286
727533037031,1286
727533136933,1288
727533236835,1289
727533336737,1289
727533436639,1286
727533536541,1286
727533636443,1286
727533736345,1286
727533836247,1286
727533936149,1284
727534036051,1286
727534135953,1288
727534235855,1291
727534335757,1288
727534435659,1286
727534535561,1287
727534635463,1286
727534735365,1287
727534835267,1287
727534935169,1287
727535035071,1287
727535134973,1292
727535234875,1291
727535334777,1289
727535434679,1286
727535534581,1287
727535634483,1286
727535734385,1288
727535834287,1287
727535934189,1286
727536034091,1287
727536133993,1291
727536233895,1293
727536333797,1292
727536433699,1288
727536533601,1289
727536633503,1289
727536733405,1289
727536833307,1290
727536933209,1290
727537033111,1290
727537133013,1289
727537232915,1292
727537332817,1293
727537432719,1294
727537532621,1287
727537632523,1286
727537732425,1287
727537832327,1286
727537932229,1287
727538032131,1286
727538132770,2090
727538232674,1268
727538332576,1270
727538432478,1270
727538532380,1270
727538632282,1270
727538732184,1270
727538832086,1269
727538931988,1272
727539031890,1273
727539131792,1281
727539231694,1270
727539331596,1269
727539431498,1270
727539531400,1269
727539631302,1269
727539731204,1269
727539831106,1268
727539931008,1270
727540030910,1272
727540130812,1272
727540230714,1269
727540330616,1269
727540430518,1269
727540530420,1270
727540630322,1270
727540730224,1270
727540830126,1269
727540930028,1270
727541029930,1273
727541129832,1272
727541229734,1272
727541329636,1269
727541429538,1270
727541529440,1269
727541629342,1269
727541729244,1270
727541829146,1270
727541929048,1270
727542028950,1274
727542128852,1273
727542228754,1273
727542328656,1273
727542428558,1270
727542528460,1269
727542628362,1269
727542728265,1270
727542828167,1269
727542928069,1270
727543027971,1272
727543127873,1272
727543227775,1272
727543327677,1269
727543427579,1269
727543527481,1270
727543627383,1269
727543727285,1270
727543827187,1269
727543927089,1269
727544026991,1273
727544126893,1273
727544226795,1272
727544326697,1269
727544426599,1269
727544526501,1270
727544626403,1269
727544726305,1270
727544826207,1269
727544926109,1269
727545026011,1270
727545125913,1272
727545225815,1274
727545325717,1272
727545425619,1269
727545525521,1270
727545625423,1269
727545725325,1282
727545825227,1269
727545925129,1270
727546025031,1270
727546124933,1273
727546224835,1272
727546324756,1273
727546424658,1270
727546524560,1270
727546624462,1270
727546724365,1270
727546824267,1270
727546924169,1269
727547024071,1269
727547123973,1274
727547223875,1273
727547323777,1275
727547423679,1272
727547523581,1272
727547623483,1272
727547723385,1273
727547823287,1273
727547923189,1273
727548023091,1273
727548122993,1274
727548223632,2120
727548323536,1324
727548423439,1289
727548523341,1325
727548623243,1289
727548723145,1291
727548823047,1289
727548922949,1292
727549022851,1292
727549122753,1291
727549222655,1286
727549322557,1285
727549422459,1286
727549522361,1286
727549622263,1287
727549722165,1287
727549822067,1287
727549921969,1288
727550021871,1290
727550121773,1289
727550221675,1286
727550321577,1287
727550421479,1286
727550521381,1287
727550621283,1286
727550721185,1287
727550821087,1285
727550920989,1290
727551020891,1289
727551120793,1289
727551220695,1286
727551320597,1285
727551420499,1285
727551520401,1286
727551620303,1286
727551720205,1286
727551820107,1287
727551920009,1286
727552019911,1289
727552119813,1288
727552219715,1290
727552319617,1285
727552419519,1286
727552519421,1287
727552619323,1286
727552719225,1287
727552819127,1286
727552919029,1286
727553018931,1289
727553118833,1289
727553218735,1290
727553318637,1284
727553418539,1286
727553518441,1286
727553618343,1286
727553718245,1287
727553818147,1286
727553918049,1287
727554017951,1289
727554117853,1289
727554217755,1289
727554317657,1288
727554417559,1286
727554517461,1286
727554617363,1286
727554717265,1288
727554817167,1285
727554917069,1288
727555016971,1289
727555116873,1289
727555216775,1290
727555316677,1287
727555416579,1288
727555516481,1285
727555616383,1293
727555716285,1286
727555816187,1285
727555916089,1286
727556015991,1289
727556115893,1289
727556215795,1289
727556315697,1286
727556415599,1286
727556515501,1286
727556615403,1286
727556715305,1286
727556815207,1286
727556915109,1286
727557015011,1286
727557114913,1289
727557214815,1289
727557314717,1290
727557414619,1286
727557514521,1287
727557614423,1286
727557714325,1286
727557814227,1286
727557914129,1287
727558014031,1286
727558114670,2083
727558214574,1270
727558314476,1270
727558414378,1270
727558514280,1270
727558614182,1269
727558714084,1270
727558813986,1275
727558913888,1275
727559013790,1276
727559113692,1272
727559213594,1272
727559313496,1272
727559413398,1273
727559513300,1272
727559613202,1273
727559713104,1274
727559813006,1273
727559912908,1277
727560012810,1277
727560112714,1269
727560212616,1270
727560312518,1269
727560412420,1270
727560512322,1270
727560612224,1270
727560712126,1270
727560812028,1270
727560911930,1272
727561011832,1273
727561111734,1273
727561211636,1269
727561311538,1269
727561411440,1269
727561511342,1269
727561611244,1269
727561711146,1270
727561811048,1269
727561910950,1272
727562010852,1271
727562110754,1272
727562210656,1320
727562310558,1320
727562410460,1320
727562510362,1320
727562610264,1320
727562710167,1270
727562810069,1270
727562909971,1273
727563009873,1272
727563109775,1272
727563209677,1270
727563309579,1269
727563409481,1270
727563509383,1270
727563609286,1269
727563709188,1270
727563809090,1278
727563908992,1273
727564008894,1273
727564108796,1272
727564208698,1269
727564308600,1270
727564408502,1270
727564508404,1269
727564608306,1269
727564708209,1270
727564808111,1269
727564908013,1270
727565007915,1273
727565107817,1272
727565207719,1269
727565307621,1270
727565407523,1269
727565507425,1269
727565607327,1270
727565707229,1270
727565807131,1271
727565907033,1270
727566006935,1271
727566106837,1272
727566206739,1271
727566306641,1268
727566406543,1270
727566506445,1270
727566606347,1268
727566706250,1269
727566806152,1269
727566906054,1269
727567005956,1273
727567105858,1273
727567205760,1273
727567305662,1270
727567405564,1269
727567505466,1269
727567605368,1269
727567705270,1270
727567805172,1269
727567905074,1270
727568004976,1274
727568105653,2150
727568205557,1286
727568305459,1287
727568405361,1287
727568505263,1287
727568605165,1288
727568705068,1287
727568804970,1291
727568904872,1289
727569004774,1290
727569104695,1286
727569204597,1285
727569304499,1286
727569404401,1286
727569504303,1286
727569604205,1287
727569704107,1287
727569804009,1287
727569903911,1291
727570003813,1293
727570103715,1292
727570203617,1301
727570303519,1288
727570403421,1288
727570503323,1290
727570603225,1290
727570703127,1310
727570803029,1290
727570902931,1291
727571002833,1299
727571102735,1296
727571202637,1290
727571302539,1291
727571402441,1286
727571502343,1287
727571602245,1285
727571702147,1287
727571802049,1287
727571901951,1291
727572001853,1289
727572101755,1289
727572201657,1286
727572301559,1285
727572401461,1287
727572501363,1286
727572601265,1287
727572701167,1306
727572801069,1287
727572900971,1290
727573000873,1291
727573100775,1291
727573200677,1286
727573300579,1286
727573400481,1285
727573500383,1286
727573600285,1285
727573700187,1286
727573800089,1286
727573899991,1289
727573999893,1289
727574099795,1287
727574199697,1286
727574299599,1288
727574399501,1286
727574499403,1286
727574599305,1287
727574699207,1286
727574799109,1286
727574899011,1287
727574998913,1288
727575098815,1290
727575198717,1289
727575298619,1286
727575398521,1286
727575498423,1287
727575598325,1287
727575698227,1286
727575798130,1286
727575898032,1286
727575997934,1289
727576097836,1289
727576197738,1289
727576297640,1286
727576397542,1320
727576497444,1286
727576597346,1287
727576697248,1323
727576797150,1285
727576897052,1287
727576996954,1288
727577096856,1289
727577196758,1287
727577296660,1285
727577396562,1286
727577496464,1288
727577596366,1286
727577696268,1287
727577796170,1287
727577896072,1286
727577995974,1290
727578095876,1288
727578196517,2095
727578296421,1269
727578396323,1270
727578496225,1270
727578596127,1270
727578696029,1270
727578795931,1273
727578895833,1272
727578995735,1273
727579095637,1269
727579195539,1272
727579295441,1269
727579395343,1269
727579495245,1270
727579595147,1269
727579695049,1269
727579794951,1272
727579894853,1272
727579994755,1272
727580094657,1270
727580194559,1273
727580294461,1276
727580394363,1269
727580494265,1270
727580594167,1270
727580694069,1292
727580793971,1275
727580893873,1275
727580993775,1275
727581093677,1273
727581193579,1272
727581293481,1271
727581393383,1272
727581493285,1272
727581593187,1272
727581693089,1272
727581792991,1275
727581892893,1275
727581992795,1275
727582092697,1268
727582192599,1267
727582292501,1268
727582392403,1268
727582492305,1269
727582592207,1268
727582692109,1304
727582792011,1268
727582891913,1271
727582991815,1272
727583091717,1269
727583191619,1269
727583291521,1269
727583391423,1268
727583491325,1269
727583591227,1269
727583691129,1268
727583791031,1269
727583890933,1272
727583990835,1273
727584090737,1272
727584190639,1269
727584290541,1269
727584390443,1269
727584490345,1269
727584590247,1269
727584690149,1269
727584790051,1270
727584889953,1272
727584989855,1271
727585089757,1325
727585189659,1268
727585289561,1269
727585389463,1268
727585489365,1269
727585589267,1269
727585689169,1269
727585789071,1269
727585888973,1272
727585988875,1272
727586088777,1579
727586188679,1269
727586288581,1268
727586388483,1268
727586488385,1269
727586588287,1269
727586688189,1290
727586788091,1269
727586887993,1271
727586987895,1271
727587087797,1273
727587187699,1268
727587287601,1269
727587387503,1269
727587487405,1269
727587587307,1269
727587687209,1269
727587787111,1269
727587887013,1269
727587986915,1272
727588087555,2108
727588187459,1285
727588287361,1285
727588387263,1286
727588487165,1286
727588587067,1285
727588686969,1287
727588786871,1289
727588886773,1288
727588986675,1286
727589086577,1286
727589186479,1286
727589286381,1286
727589386283,1286
727589486185,1284
727589586087,1286
727589685989,1288
727589785891,1289
727589885793,1288
727589985695,1287
727590085597,1286
727590185499,1285
727590285401,1285
727590385303,1285
727590485205,1285
727590585107,1285
727590685009,1286
727590784911,1289
727590884813,1289
727590984715,1288
727591084617,1285
727591184519,1286
727591284421,1286
727591384323,1286
727591484225,1286
727591584127,1284
727591684029,1286
727591783948,1294
727591883850,1291
727591983752,1290
727592083654,1290
727592183556,1288
727592283458,1287
727592383360,1288
727592483262,1289
727592583164,1289
727592683066,1290
727592782968,1292
727592882870,1292
727592982772,1292
727593082674,1286
727593182576,1285
727593282478,1285
727593382380,1285
727593482282,1286
727593582184,1285
727593682086,1286
727593781988,1288
727593881890,1289
727593981792,1289
727594081694,1286
727594181596,1285
727594281498,1285
727594381400,1285
727594481302,1286
727594581204,1286
727594681106,1286
727594781008,1286
727594880910,1288
727594980812,1288
727595080714,1289
727595180616,1285
727595280518,1285
727595380420,1284
727595480322,1285
727595580224,1284
727595680126,1286
727595780028,1285
727595879930,1287
727595979832,1288
727596079734,1287
727596179636,1287
727596279538,1287
727596379440,1285
727596479342,1286
727596579244,1286
727596679146,1283
727596779048,1286
727596878950,1288
727596978852,1288
727597078754,1288
727597178656,1286
727597278558,1286
727597378460,1286
727597478362,1285
727597578264,1286
727597678166,1286
727597778068,1286
727597877970,1288
727597977872,1288
727598077774,1287
727598178450,2126
727598278354,1269
727598378256,1269
727598478158,1270
727598578060,1269
727598677962,1273
727598777864,1273
727598877766,1272
727598977668,1269
727599077570,1269
727599177472,1271
727599277374,1268
727599377276,1269
727599477178,1269
727599577080,1270
727599676982,1272
727599776884,1271
727599876786,1271
727599976688,1268
727600076590,1268
727600176492,1268
727600276394,1268
727600376296,1269
727600476198,1269
727600576100,1269
727600676004,1269
727600775906,1272
727600875808,1271
727600975710,1268
727601075612,1269
727601175514,1268
727601275416,1266
727601375318,1268
727601475220,1269
727601575122,1268
727601675024,1269
727601774926,1272
727601874828,1271
727601974730,1269
727602074632,1269
727602174534,1269
727602274436,1269
727602374338,1269
727602474240,1269
727602574142,1269
727602674044,1270
727602773946,1274
727602873848,1275
727602973750,1274
727603073652,1271
727603173554,1271
727603273456,1272
727603373358,1271
727603473260,1272
727603573162,1272
727603673064,1273
727603772966,1275
727603872868,1274
727603972770,1275
727604072672,1268
727604172574,1268
727604272476,1268
727604372378,1268
727604472280,1270
727604572182,1269
727604672084,1279
727604771986,1272
727604871888,1272
727604971790,1272
727605071692,1269
727605171594,1269
727605271496,1269
727605371398,1268
727605471300,1270
727605571202,1269
727605671104,1268
727605771006,1269
727605870908,1271
727605970810,1309
727606070712,1269
727606170614,1269
727606270516,1270
727606370418,1270
727606470320,1270
727606570222,1269
727606670124,1269
727606770026,1266
727606869928,1272
727606969830,1273
727607069732,1271
727607169634,1268
727607269536,1269
727607369438,1269
727607469340,1269
727607569242,1269
727607669144,1269
727607769046,1269
727607868948,1271
727607968850,1272
727608068752,1272
727608168654,1268
727608269293,2097
727608369197,1287
727608469099,1285
727608569004,1286
727608668906,1290
727608768808,1288
727608868710,1285
727608968612,1285
727609068514,1286
727609168416,1285
727609268318,1285
727609368220,1285
727609468122,1285
727609568024,1286
727609667926,1288
727609767828,1287
727609867730,1288
727609967632,1285
727610067534,1284
727610167436,1285
727610267338,1285
727610367240,1285
727610467142,1286
727610567044,1285
727610666946,1289
727610766848,1287
727610866750,1288
727610966652,1285
727611066554,1286
727611166456,1285
727611266358,1285
727611366260,1285
727611466162,1286
727611566064,1285
727611665966,1289
727611765868,1289
727611865770,1289
727611965672,1286
727612065574,1285
727612165476,1285
727612265378,1285
727612365280,1285
727612465182,1285
727612565084,1286
727612664986,1324
727612764888,1290
727612864790,1288
727612964692,1323
727613064594,1285
727613164496,1285
727613264398,1286
727613364300,1284
727613464202,1356
727613564104,1286
727613664006,1286
727613763908,1291
727613863810,1291
727613963712,1292
727614063614,1288
727614163516,1288
727614263418,1288
727614363321,1295
727614463223,1309
727614563147,1291
727614663049,1289
727614762951,1292
727614862853,1291
727614962755,1291
727615062657,1285
727615162559,1285
727615262461,1286
727615362363,1286
727615462265,1286
727615562167,1287
727615662069,1285
727615761971,1288
727615861873,1288
727615961775,1289
727616061677,1286
727616161579,1285
727616261481,1284
727616361383,1286
727616461285,1285
727616561188,1287
727616661090,1303
727616760993,1288
727616860895,1288
727616960797,1289
727617060699,1285
727617160601,1285
727617260503,1285
727617360405,1285
727617460307,1284
727617560209,1285
727617660111,1298
727617760013,1286
727617859915,1287
727617959817,1323
727618059719,1286
727618159621,1286
727618259523,1284
727618360161,2080
727618460065,1269
727618559967,1271
727618659869,1294
727618759772,1272
727618859674,1268
727618959576,1304
727619059478,1269
727619159380,1268
727619259282,1269
727619359184,1269
727619459086,1269
727619558988,1272
727619658890,1352
727619758792,1273
727619858694,1269
727619958596,1307
727620058498,1270
727620158400,1269
727620258302,1269
727620358204,1269
727620458106,1269
727620558008,1269
727620657910,1303
727620757812,1271
727620857716,1269
727620957618,1269
727621057520,1269
727621157422,1268
727621257324,1268
727621357226,1269
727621457128,1269
727621557030,1269
727621656932,1271
727621756834,1272
727621856736,1272
727621956638,1268
727622056540,1269
727622156442,1315
727622256344,1311
727622356246,1315
727622456148,1314
727622556050,1319
727622655952,1361
727622755854,1272
727622855756,1272
727622955658,1268
727623055560,1268
727623155462,1268
727623255364,1269
727623355266,1268
727623455168,1268
727623555071,1269
727623654973,1272
727623754875,1273
727623854777,1270
727623954679,1269
727624054581,1269
727624154483,1269
727624254385,1270
727624354287,1269
727624454189,1270
727624554091,1269
727624653993,1274
727624753895,1275
727624853797,1274
727624953699,1285
727625053601,1272
727625153503,1272
727625253405,1271
727625353307,1272
727625453209,1285
727625553111,1273
727625653013,1273
727625752915,1276
727625852817,1275
727625952719,1268
727626052621,1269
727626152523,1268
727626252425,1268
727626352327,1268
727626452229,1269
727626552131,1269
727626652033,1284
727626751936,1273
727626851838,1272
727626951740,1272
727627051642,1268
727627151544,1268
727627251446,1268
727627351348,1269
727627451250,1269
727627551152,1269
727627651054,1269
727627750956,1273
727627850858,1271
727627950760,1272
727628050662,1269
727628150564,1268
727628250466,1268
727628350372,1268
727628451020,2108
727628550924,1289
727628650826,1287
727628750728,1288
727628850630,1285
727628950532,1286
727629050434,1285
727629150336,1285
727629250238,1285
727629350140,1286
727629450042,1284
727629549944,1289
727629649846,1288
727629749748,1289
727629849650,1286
727629949552,1285
727630049454,1287
727630149356,1285
727630249258,1286
727630349160,1286
727630449062,1285
727630548964,1289
727630648866,1288
727630748768,1288
727630848670,1284
727630948572,1285
727631048474,1286
727631148376,1284
727631248278,1284
727631348180,1292
727631448082,1287
727631547984,1288
727631647886,1288
727631747788,1289
727631847690,1285
727631947592,1285
727632047494,1285
727632147396,1285
727632247298,1286
727632347200,1285
727632447102,1285
727632547005,1285
727632646907,1288
727632746809,1289
727632846711,1285
727632946613,1286
727633046515,1284
727633146417,1285
727633246319,1285
727633346221,1284
727633446123,1285
727633546025,1286
727633645927,1287
727633745829,1287
727633845731,1288
727633945633,1285
727634045535,1285
727634145437,1286
727634245339,1284
727634345241,1285
727634445143,1286
727634545045,1286
727634644947,1289
727634744849,1288
727634844751,1288
727634944653,1286
727635044555,1285
727635144457,1287
727635244359,1285
727635344261,1286
727635444163,1285
727635544065,1286
727635643967,1291
727635743869,1291
727635843772,1299
727635943674,1289
727636043576,1287
727636143478,1288
727636243380,1288
727636343282,1287
727636443184,1288
727636543086,1288
727636642988,1291
727636742890,1292
727636842792,1292
727636942694,1286
727637042596,1286
727637142498,1284
727637242419,1287
727637342321,1285
727637442223,1285
727637542125,1285
727637642027,1286
727637741929,1289
727637841831,1324
727637941733,1289
727638041635,1286
727638142272,2078
727638242176,1269
727638342079,1269
727638441981,1271
727638541883,1272
727638641785,1272
727638741687,1269
727638841589,1269
727638941491,1269
727639041393,1270
727639141295,1268
727639241197,1269
727639341099,1268
727639441004,1269
727639540906,1271
727639640808,1272
727639740710,1273
727639840612,1268
727639940514,1269
727640040416,1270
727640140318,1269
727640240220,1269
727640340122,1269
727640440024,1269
727640539926,1272
727640639828,1272
727640739730,1269
727640839632,1269
727640939534,1268
727641039436,1269
727641139338,1268
727641239240,1268
727641339142,1269
727641439044,1268
727641538946,1272
727641638848,1271
727641738750,1271
727641838652,1302
727641938554,1268
727642038456,1268
727642138358,1268
727642238260,1269
727642338162,1268
727642438064,1269
727642537966,1272
727642637868,1272
727642737770,1272
727642837672,1291
727642937574,1269
727643037476,1269
727643137378,1269
727643237280,1269
727643337182,1269
727643437084,1268
727643536986,1273
727643636888,1272
727643736790,1273
727643836692,1268
727643936594,1268
727644036496,1269
727644136398,1303
727644236300,1269
727644336202,1269
727644436104,1269
727644536006,1270
727644635908,1272
727644735810,1271
727644835712,1268
727644935614,1269
727645035516,1269
727645135418,1269
727645235320,1272
727645335222,1269
727645435124,1269
727645535026,1269
727645634928,1271
727645734830,1272
727645834732,1272
727645934634,1269
727646034536,1269
727646134438,1269
727646234340,1269
727646334242,1268
727646434144,1269
727646534046,1269
727646633948,1276
727646733850,1274
727646833752,1275
727646933654,1271
727647033556,1272
727647133459,1272
727647233361,1273
727647333263,1273
727647433165,1272
727647533067,1272
727647632969,1276
727647732871,1276
727647832773,1276
727647932675,1268
727648032577,1269
727648133234,2125
727648233138,1290
727648333041,1289
727648432943,1292
727648532845,1292
727648632747,1293
727648732649,1285
727648832551,1286
727648932453,1285
727649032355,1285
727649132257,1286
727649232159,1286
727649332061,1284
727649431963,1287
727649531865,1287
727649631767,1287
727649731669,1285
727649831571,1285
727649931473,1285
727650031375,1285
727650131277,1285
727650231179,1285
727650331081,1285
727650430983,1288
727650530885,1289
727650630787,1288
727650730689,1285
727650830591,1284
727650930493,1286
727651030395,1285
727651130297,1284
727651230199,1284
727651330101,1285
727651430005,1286
727651529907,1290
727651629809,1287
727651729711,1286
727651829613,1286
727651929515,1285
727652029417,1286
727652129319,1286
727652229221,1286
727652329123,1285
727652429025,1286
727652528927,1288
727652628829,1289
727652728731,1288
727652828633,1285
727652928535,1285
727653028437,1285
727653128339,1286
727653228241,1285
727653328143,1290
727653428045,1285
727653527947,1287
727653627849,1288
727653727751,1289
727653827653,1285
727653927555,1285
727654027457,1285
727654127359,1285
727654227261,1320
727654327163,1285
727654427065,1285
727654526967,1288
727654626869,1287
727654726771,1289
727654826673,1285
727654926575,1285
727655026477,1284
727655126379,1285
727655226281,1285
727655326183,1285
727655426085,1285
727655525987,1286
727655625889,1287
727655725791,1288
727655825693,1285
727655925595,1319
727656025497,1285
727656125399,1284
727656225301,1286
727656325203,1285
727656425105,1286
727656525007,1286
727656624909,1287
727656724811,1289
727656824713,1285
727656924615,1285
727657024517,1285
727657124419,1285
727657224321,1286
727657324223,1287
727657424125,1287
727657524027,1286
727657623929,1293
727657723831,1291
727657823733,1292
727657923636,1332
727658023538,1288
727658124198,2117
727658224102,1269
727658324005,1269
727658423907,1274
727658523809,1275
727658623712,1272
727658723614,1272
727658823516,1271
727658923418,1307
727659023320,1272
727659123222,1272
727659223124,1272
727659323026,1272
727659422928,1274
727659522830,1274
727659622732,1274
727659722634,1268
727659822536,1268
727659922438,1268
727660022356,1270
727660122258,1268
727660222160,1268
727660322062,1268
727660421964,1271
727660521866,1273
727660621768,1272
727660721670,1269
727660821572,1270
727660921474,1269
727661021376,1269
727661121278,1268
727661221180,1268
727661321082,1269
727661420984,1273
727661520886,1271
727661620788,1273
727661720690,1269
727661820592,1268
727661920494,1269
727662020396,1269
727662120298,1269
727662220200,1269
727662320102,1268
727662420004,1268
727662519906,1273
727662619808,1272
727662719711,1268
727662819613,1268
727662919515,1269
727663019417,1269
727663119319,1268
727663219221,1269
727663319123,1268
727663419025,1269
727663518927,1272
727663618829,1271
727663718731,1268
727663818633,1269
727663918535,1268
727664018437,1268
727664118339,1268
727664218241,1269
727664318143,1268
727664418045,1269
727664517947,1273
727664617849,1272
727664717751,1272
727664817653,1268
727664917555,1268
727665017457,1269
727665117359,1269
727665217261,1269
727665317163,1269
727665417065,1269
727665516967,1272
727665616869,1272
727665716771,1272
727665816673,1268
727665916575,1269
727666016477,1269
727666116379,1269
727666216281,1269
727666316183,1269
727666416085,1269
727666515987,1272
727666615889,1271
727666715791,1280
727666815693,1268
727666915595,1268
727667015497,1268
727667115399,1269
727667215301,1268
727667315203,1268
727667415105,1269
727667515007,1270
727667614909,1272
727667714811,1272
727667814713,1268
727667914615,1268
727668014517,1269
727668114419,1303
727668215059,2104
727668314963,1324
727668414865,1307
727668514767,1288
727668614669,1286
727668714571,1286
727668814473,1285
727668914375,1285
727669014277,1320
727669114179,1320
727669214081,1286
727669313983,1291
727669413885,1291
727669513787,1291
727669613689,1289
727669713591,1288
727669813493,1288
727669913395,1288
727670013297,1304
727670113199,1288
727670213101,1288
727670313004,1288
727670412906,1292
727670512808,1294
727670612710,1284
727670712613,1285
727670812515,1286
727670912417,1285
727671012319,1313
727671112221,1285
727671212123,1285
727671312025,1286
727671411927,1287
727671511829,1358
727671611731,1289
727671711633,1285
727671811535,1284
727671911437,1320
727672011339,1355
727672111241,1285
727672211143,1286
727672311045,1285
727672410947,1287
727672510849,1316
727672610751,1288
727672710653,1285
727672810555,1285
727672910457,1285
727673010359,1285
727673110261,1285
727673210163,1285
727673310065,1290
727673409967,1294
727673509869,1295
727673609771,1295
727673709673,1286
727673809575,1286
727673909477,1321
727674009379,1284
727674109281,1285
727674209183,1285
727674309085,1286
727674408987,1289
727674508889,1290
727674608791,1288
727674708693,1285
727674808595,1285
727674908497,1285
727675008399,1286
727675108301,1285
727675208203,1286
727675308105,1286
727675408007,1286
727675507909,1288
727675607811,1288
727675707713,1285
727675807615,1285
727675907517,1286
727676007419,1285
727676107321,1286
727676207223,1285
727676307125,1285
727676407027,1285
727676506929,1287
727676606831,1287
727676706733,1288
727676806635,1286
727676906537,1285
727677006439,1284
727677106341,1285
727677206243,1284
727677306145,1284
727677406047,1286
727677505949,1288
727677605851,1288
727677705754,1290
727677805656,1286
727677905558,1286
727678005460,1286
727678105369,1285
727678206018,2089
727678305922,1272
727678405825,1272
727678505727,1269
727678605630,1269
727678705532,1269
727678805434,1269
727678905336,1268
727679005238,1269
727679105140,1268
727679205042,1269
727679304944,1272
727679404846,1273
727679504748,1272
727679604650,1270
727679704552,1270
727679804454,1269
727679904356,1269
727680004258,1270
727680104160,1270
727680204062,1270
727680303964,1275
727680403866,1275
727680503769,1274
727680603671,1271
727680703573,1291
727680803475,1272
727680903377,1272
727681003279,1272
727681103181,1273
727681203083,1284
727681302985,1275
727681402887,1275
727681502789,1275
727681602691,1269
727681702593,1268
727681802495,1268
727681902397,1269
727682002299,1269
727682102201,1269
727682202103,1320
727682302005,1319
727682401907,1323
727682501809,1327
727682601711,1326
727682701630,1270
727682801532,1269
727682901434,1269
727683001336,1269
727683101238,1268
727683201140,1268
727683301042,1269
727683400944,1271
727683500846,1272
727683600750,1274
727683700652,1269
727683800554,1269
727683900456,1268
727684000358,1269
727684100260,1269
727684200162,1268
727684300064,1268
727684399966,1271
727684499868,1271
727684599770,1271
727684699672,1269
727684799574,1269
727684899476,1268
727684999378,1269
727685099280,1270
727685199182,1268
727685299084,1269
727685398986,1272
727685498888,1272
727685598790,1272
727685698692,1270
727685798594,1270
727685898496,1269
727685998398,1269
727686098300,1268
727686198202,1269
727686298104,1269
727686398006,1269
727686497908,1272
727686597810,1272
727686697712,1308
727686797614,1268
727686897516,1269
727686997418,1268
727687097320,1268
727687197222,1269
727687297124,1269
727687397026,1268
727687496928,1271
727687596830,1271
727687696732,1271
727687796634,1269
727687896536,1270
727687996438,1270
727688096340,1269
727688196978,2125
727688296882,1288
727688396784,1288
727688496686,1286
727688596588,1285
727688696490,1285
727688796392,1285
727688896294,1285
727688996196,1284
727689096098,1284
727689196002,1285
727689295904,1287
727689395806,1287
727689495708,1285
727689595610,1285
727689695512,1286
727689795414,1285
727689895316,1285
727689995218,1285
727690095120,1285
727690195022,1285
727690294924,1292
727690394826,1287
727690494728,1289
727690594630,1286
727690694532,1321
727690794434,1286
727690894336,1285
727690994238,1285
727691094140,1286
727691194042,1286
727691293944,1296
727691393846,1291
727691493748,1292
727691593650,1288
727691693552,1289
727691793454,1288
727691893356,1288
727691993258,1289
727692093160,1289
727692193062,1289
727692292964,1292
727692392866,1292
727692492768,1292
727692592670,1285
727692692572,1284
727692792474,1285
727692892376,1285
727692992278,1285
727693092180,1286
727693192082,1285
727693291984,1288
727693391886,1287
727693491788,1288
727693591690,1286
727693691592,1286
727693791494,1285
727693891396,1284
727693991298,1286
727694091200,1285
727694191102,1285
727694291004,1285
727694390906,1288
727694490808,1290
727694590710,1283
727694690612,1287
727694790514,1285
727694890416,1286
727694990318,1286
727695090220,1338
727695190122,1285
727695290024,1286
727695389926,1286
727695489828,1290
727695589730,1323
727695689632,1286
727695789534,1286
727695889436,1286
727695989338,1286
727696089240,1286
727696189142,1285
727696289044,1286
727696388946,1288
727696488848,1288
727696588750,1287
727696688652,1322
727696788554,1285
727696888456,1285
727696988358,1286
727697088260,1285
727697188162,1285
727697288064,1285
727697387966,1288
727697487868,1288
727697587770,1287
727697687672,1285
727697787574,1284
727697887476,1285
727697987378,1284
727698088015,2086
727698187919,1271
727698287822,1271
727698387724,1268
727698487626,1269
727698587528,1304
727698687430,1269
727698787332,1269
727698887234,1269
727698987136,1269
727699087038,1268
727699186940,1272
727699286842,1271
727699386744,1271
727699486646,1268
727699586548,1269
727699686450,1269
727699786352,1269
727699886254,1268
727699986156,1269
727700086058,1269
727700185960,1272
727700285862,1271
727700385764,1273
727700485666,1269
727700585568,1269
727700685470,1269
727700785372,1268
727700885274,1269
727700985176,1270
727701085078,1269
727701184980,1272
727701284882,1271
727701384784,1271
727701484686,1268
727701584588,1269
727701684490,1269
727701784392,1269
727701884294,1269
727701984196,1269
727702084098,1269
727702184005,1269
727702283907,1275
727702383809,1274
727702483711,1271
727702583613,1272
727702683515,1273
727702783417,1272
727702883319,1271
727702983221,1272
727703083123,1272
727703183025,1272
727703282927,1276
727703382829,1275
727703482731,1275
727703582633,1268
727703682535,1269
727703782437,1269
727703882339,1269
727703982241,1269
727704082143,1269
727704182045,1268
727704281947,1273
727704381849,1272
727704481751,1272
727704581653,1267
727704681555,1269
727704781457,1268
727704881359,1269
727704981261,1269
727705081163,1269
727705181065,1269
727705280967,1272
727705380869,1271
727705480788,1282
727705580690,1268
727705680592,1269
727705780494,1268
727705880396,1268
727705980298,1268
727706080200,1268
727706180102,1268
727706280004,1269
727706379906,1272
727706479808,1272
727706579710,1269
727706679612,1269
727706779514,1269
727706879416,1268
727706979318,1269
727707079220,1269
727707179122,1268
727707279024,1269
727707378926,1272
727707478828,1271
727707578730,1272
727707678632,1269
727707778534,1269
727707878436,1269
727707978338,1270
727708078240,1268
727708178898,2127
727708278802,1289
727708378705,1286
727708478607,1286
727708578509,1285
727708678411,1286
727708778313,1285
727708878215,1285
727708978117,1286
727709078019,1295
727709177921,1289
727709277823,1288
727709377725,1289
727709477627,1285
727709577529,1285
727709677431,1286
727709777333,1285
727709877235,1286
727709977137,1285
727710077039,1285
727710176941,1288
727710276843,1288
727710376745,1287
727710476647,1285
727710576549,1286
727710676451,1285
727710776353,1285
727710876255,1285
727710976157,1286
727711076059,1287
727711175961,1288
727711275863,1288
727711375765,1288
727711475667,1285
727711575569,1284
727711675471,1285
727711775373,1286
727711875275,1285
727711975177,1287
727712075079,1285
727712174981,1288
727712274883,1289
727712374785,1287
727712474687,1286
727712574589,1285
727712674491,1287
727712774393,1287
727712874295,1287
727712974197,1285
727713074099,1285
727713174006,1286
727713273908,1289
727713373810,1291
727713473712,1291
727713573614,1287
727713673516,1289
727713773418,1288
727713873320,1288
727713973222,1288
727714073124,1289
727714173026,1348
727714272928,1291
727714372830,1290
727714472732,1292
727714572634,1285
727714672536,1286
727714772438,1285
727714872340,1285
727714972242,1285
727715072144,1285
727715172046,1284
727715271948,1287
727715371850,1287
727715471752,1288
727715571654,1285
727715671556,1285
727715771458,1285
727715871360,1285
727715971262,1285
727716071164,1285
727716171066,1285
727716270968,1288
727716370870,1289
727716470772,1289
727716570674,1286
727716670576,1285
727716770478,1286
727716870380,1285
727716970282,1286
727717070184,1285
727717170086,1285
727717269988,1288
727717369890,1288
727717469792,1288
727717569694,1285
727717669596,1285
727717769498,1286
727717869400,1285
727717969302,1285
727718069204,1286
727718169841,2093
727718269745,1272
727718369647,1269
727718469550,1270
727718569452,1270
727718669354,1269
727718769256,1269
727718869158,1269
727718969060,1269
727719068962,1272
727719168864,1271
727719268766,1271
727719368668,1269
727719468570,1269
727719568472,1268
727719668374,1268
727719768276,1268
727719868178,1268
727719968080,1269
727720067982,1272
727720167884,1271
727720267786,1272
727720367688,1269
727720467590,1268
727720567492,1269
727720667394,1279
727720767296,1269
727720867198,1269
727720967100,1269
727721067004,1268
727721166906,1270
727721266808,1271
727721366710,1269
727721466612,1269
727721566514,1268
727721666416,1269
727721766318,1269
727721866220,1269
727721966122,1304
727722066024,1269
727722165926,1271
727722265828,1272
727722365730,1269
727722465632,1269
727722565534,1268
727722665436,1285
727722765338,1269
727722865240,1269
727722965142,1304
727723065044,1269
727723164946,1271
727723264848,1272
727723364750,1272
727723464652,1319
727723564554,1269
727723664456,1269
727723764358,1269
727723864260,1268
727723964162,1304
727724064064,1269
727724163966,1274
727724263868,1273
727724363770,1274
727724463672,1323
727724563574,1261
727724663476,1268
727724763378,1268
727724863280,1271
727724963182,1271
727725063084,1272
727725162986,1275
727725262888,1275
727725362790,1274
727725462692,1268
727725562594,1269
727725662496,1268
727725762398,1269
727725862300,1269
727725962202,1269
727726062104,1269
727726162006,1268
727726261908,1272
727726361810,1272
727726461712,1268
727726561614,1268
727726661516,1305
727726761418,1270
727726861320,1269
727726961222,1268
727727061124,1269
727727161026,1268
727727260928,1271
727727360830,1271
727727460732,1271
727727560634,1269
727727660536,1269
727727760438,1268
727727860340,1268
727727960242,1287
727728060144,1268
727728160784,2100
727728260704,1287
727728360606,1285
727728460508,1286
727728560410,1286
727728660313,1285
727728760215,1285
727728860117,1286
727728960025,1309
727729059927,1288
727729159829,1287
727729259731,1288
727729359633,1284
727729459535,1286
727729559437,1286
727729659339,1353
727729759241,1285
727729859143,1285
727729959045,1346
727730058947,1289
727730158849,1286
727730258751,1288
727730358653,1285
727730458555,1286
727730558457,1286
727730658359,1356
727730758261,1286
727730858163,1286
727730958065,1286
727731057967,1288
727731157869,1288
727731257771,1288
727731357673,1286
727731457575,1286
727731557477,1285
727731657379,1284
727731757281,1287
727731857183,1285
727731957085,1285
727732056987,1289
727732156889,1288
727732256791,1289
727732356693,1285
727732456595,1285
727732556497,1285
727732656399,1303
727732756301,1285
727732856203,1285
727732956105,1284
727733056007,1285
727733155909,1288
727733255811,1288
727733355713,1284
727733455615,1285
727733555517,1285
727733655419,1290
727733755321,1287
727733855223,1285
727733955125,1286
727734055027,1284
727734154929,1289
727734254831,1288
727734354733,1289
727734454635,1286
727734554537,1285
727734654439,1286
727734754341,1287
727734854243,1286
727734954145,1285
727735054047,1286
727735153949,1290
727735253851,1292
727735353753,1291
727735453655,1300
727735553557,1287
727735653459,1287
727735753361,1289
727735853263,1288
727735953165,1301
727736053067,1296
727736152969,1291
727736252871,1291
727736352773,1297
727736452675,1284
727736552577,1285
727736652479,1321
727736752381,1285
727736852283,1285
727736952185,1285
727737052087,1284
727737151989,1288
727737251891,1288
727737351793,1288
727737451695,1285
727737551597,1286
727737651499,1285
727737751401,1285
727737851303,1286
727737951205,1286
727738051107,1285
727738151746,2090
727738251650,1269
727738351552,1269
727738451454,1269
727738551356,1269
727738651258,1268
727738751160,1269
727738851062,1270
727738950964,1271
727739050866,1274
727739150768,1271
727739250670,1269
727739350572,1269
727739450474,1269
727739550376,1269
727739650278,1269
727739750180,1269
727739850082,1270
727739949984,1271
727740049886,1272
727740149788,1272
727740249690,1269
727740349592,1269
727740449494,1269
727740549396,1269
727740649298,1269
727740749200,1269
727740849102,1270
727740949004,1269
727741048906,1272
727741148808,1271
727741248710,1268
727741348612,1269
727741448514,1269
727741548416,1269
727741648318,1269
727741748220,1268
727741848122,1268
727741948024,1269
727742047926,1271
727742147828,1322
727742247730,1322
727742347632,1319
727742447534,1319
727742547436,1319
727742647338,1320
727742747240,1269
727742847142,1269
727742947044,1268
727743046946,1272
727743146848,1271
727743246750,1272
727743346652,1269
727743446554,1269
727743546457,1272
727743646359,1269
727743746261,1269
727743846163,1268
727743946065,1270
727744045967,1271
727744145869,1272
727744245771,1271
727744345673,1268
727744445575,1269
727744545477,1269
727744645379,1269
727744745281,1269
727744845183,1269
727744945085,1269
727745044987,1272
727745144889,1272
727745244791,1271
727745344693,1268
727745444595,1268
727745544497,1269
727745644399,1269
727745744301,1269
727745844203,1269
727745944105,1269
727746044007,1269
727746143909,1276
727746243812,1275
727746343714,1270
727746443616,1271
727746543518,1271
727746643420,1272
727746743322,1272
727746843224,1271
727746943126,1271
727747043028,1272
727747142930,1275
727747242832,1275
727747342734,1275
727747442636,1269
727747542538,1269
727747642440,1269
727747742342,1268
727747842244,1268
727747942146,1270
727748042048,1270
727748142727,2145
727748242631,1286
727748342533,1286
727748442435,1286
727748542337,1286
727748642239,1285
727748742143,1286
727748842045,1286
727748941947,1288
727749041849,1290
727749141751,1289
727749241653,1284
727749341555,1285
727749441457,1285
727749541359,1285
727749641261,1286
727749741163,1286
727749841065,1284
727749940967,1289
727750040869,1288
727750140771,1286
727750240673,1284
727750340575,1283
727750440477,1285
727750540379,1286
727750640281,1286
727750740183,1290
727750840085,1284
727750940007,1287
727751039909,1286
727751139811,1288
727751239713,1286
727751339615,1286
727751439517,1286
727751539419,1286
727751639321,1286
727751739223,1286
727751839125,1285
727751939027,1284
727752038929,1289
727752138831,1288
727752238733,1288
727752338635,1287
727752438537,1284
727752538439,1285
727752638341,1285
727752738243,1285
727752838145,1286
727752938047,1286
727753037949,1289
727753137851,1289
727753237753,1287
727753337655,1286
727753437557,1285
727753537459,1284
727753637361,1286
727753737263,1286
727753837165,1285
727753937067,1285
727754036969,1289
727754136871,1287
727754236773,1297
727754336675,1284
727754436577,1285
727754536479,1286
727754636381,1286
727754736283,1285
727754836185,1285
727754936087,1286
727755035989,1288
727755135891,1288
727755235793,1289
727755335695,1285
727755435597,1285
727755535499,1286
727755635401,1286
727755735303,1284
727755835205,1285
727755935107,1285
727756035009,1285
727756134911,1289
727756234813,1288
727756334715,1288
727756434617,1286
727756534519,1285
727756634421,1285
727756734323,1286
727756834225,1287
727756934127,1286
727757034029,1285
727757133931,1290
727757233833,1291
727757333735,1292
727757433637,1289
727757533539,1289
727757633441,1289
727757733343,1288
727757833245,1288
727757933147,1288
727758033049,1288
727758133685,2090
727758233589,1271
727758333491,1272
727758433393,1272
727758533295,1273
727758633197,1272
727758733099,1272
727758833004,1272
727758932906,1275
727759032810,1275
727759132712,1268
727759232614,1270
727759332516,1269
727759432418,1268
727759532320,1268
727759632222,1269
727759732124,1269
727759832026,1268
727759931928,1285
727760031830,1272
727760131732,1271
727760231634,1266
727760331536,1268
727760431438,1268
727760531340,1270
727760631242,1269
727760731144,1269
727760831046,1269
727760930948,1273
727761030850,1271
727761130752,1272
727761230654,1268
727761330556,1269
727761430458,1269
727761530360,1269
727761630262,1268
727761730164,1269
727761830066,1269
727761929968,1272
727762029870,1271
727762129772,1271
727762229674,1268
727762329576,1268
727762429478,1268
727762529380,1269
727762629282,1269
727762729184,1269
727762829086,1268
727762928988,1272
727763028890,1272
727763128792,1280
727763228694,1268
727763328596,1272
727763428498,1269
727763528400,1269
727763628302,1269
727763728204,1269
727763828106,1268
727763928008,1269
727764027910,1272
727764127812,1270
727764227714,1269
727764327616,1269
727764427518,1269
727764527420,1269
727764627322,1269
727764727224,1269
727764827126,1269
727764927028,1269
727765026930,1272
727765126832,1272
727765226734,1271
727765326636,1269
727765426538,1269
727765526440,1269
727765626342,1268
727765726244,1269
727765826146,1269
727765926048,1269
727766025950,1271
727766125852,1271
727766225754,1271
727766325656,1269
727766425558,1269
727766525460,1269
727766625362,1267
727766725264,1269
727766825166,1269
727766925068,1268
727767024970,1271
727767124872,1271
727767224774,1271
727767324676,1268
727767424578,1269
727767524480,1269
727767624382,1269
727767724284,1269
727767824186,1269
727767924088,1269
727768023990,1275
727768124667,2137
727768224571,1285
727768324473,1286
727768424375,1286
727768524277,1285
727768624179,1286
727768724081,1287
727768823983,1290
727768923885,1290
727769023787,1291
727769123689,1287
727769223591,1288
727769323493,1288
727769423395,1289
727769523297,1289
727769623199,1289
727769723101,1289
727769823004,1289
727769922906,1293
727770022808,1292
727770122710,1285
727770222612,1285
727770322514,1285
727770422416,1286
727770522318,1286
727770622220,1286
727770722122,1286
727770822024,1286
727770921926,1288
727771021828,1289
727771121730,1290
727771221632,1285
727771321534,1285
727771421436,1287
727771521338,1286
727771621240,1283
727771721142,1286
727771821044,1286
727771920946,1289
727772020848,1288
727772120750,1290
727772220652,1285
727772320554,1283
727772420456,1284
727772520358,1286
727772620260,1285
727772720162,1285
727772820064,1286
727772919966,1287
727773019868,1287
727773119770,1288
727773219672,1284
727773319574,1285
727773419476,1286
727773519378,1286
727773619280,1285
727773719197,1287
727773819099,1285
727773919005,1286
727774018907,1288
727774118809,1289
727774218711,1284
727774318613,1285
727774418515,1286
727774518417,1285
727774618319,1285
727774718221,1285
727774818123,1285
727774918025,1286
727775017927,1288
727775117829,1289
727775217731,1287
727775317633,1285
727775417535,1285
727775517437,1285
727775617339,1290
727775717241,1291
727775817143,1290
727775917045,1290
727776016947,1288
727776116849,1289
727776216751,1287
727776316653,1286
727776416555,1285
727776516457,1285
727776616359,1284
727776716261,1286
727776816163,1286
727776916065,1286
727777015967,1289
727777115869,1287
727777215771,1289
727777315673,1285
727777415575,1285
727777515477,1285
727777615379,1286
727777715281,1285
727777815183,1285
727777915085,1285
727778014987,1289
727778114889,1287
727778215527,2079
727778315431,1269
727778415334,1304
727778515236,1269
727778615138,1269
727778715040,1269
727778814942,1272
727778914844,1271
727779014746,1273
727779114648,1269
727779214550,1269
727779314452,1269
727779414354,1269
727779514257,1271
727779614159,1269
727779714061,1271
727779813963,1274
727779913865,1274
727780013767,1274
727780113669,1271
727780213571,1271
727780313473,1271
727780413375,1272
727780513277,1273
727780613180,1273
727780713082,1273
727780812984,1275
727780912886,1275
727781012788,1274
727781112690,1269
727781212592,1268
727781312494,1269
727781412396,1269
727781512298,1269
727781612200,1269
727781712102,1269
727781812004,1269
727781911906,1271
727782011808,1272
727782111710,1269
727782211612,1268
727782311514,1268
727782411416,1268
727782511318,1269
727782611220,1269
727782711122,1269
727782811024,1268
727782910926,1272
727783010828,1276
727783110730,1269
727783210632,1269
727783310534,1268
727783410436,1269
727783510338,1269
727783610240,1269
727783710142,1270
727783810044,1269
727783909946,1272
727784009848,1273
727784109750,1271
727784209652,1268
727784309554,1268
727784409456,1268
727784509358,1269
727784609260,1269
727784709162,1269
727784809064,1272
727784908966,1274
727785008868,1272
727785108770,1271
727785208672,1269
727785308574,1269
727785408476,1280
727785508378,1269
727785608280,1269
727785708182,1269
727785808084,1269
727785907986,1271
727786007888,1271
727786107790,1272
727786207692,1268
727786307594,1268
727786407496,1268
727786507398,1268
727786607300,1269
727786707202,1269
727786807104,1268
727786907006,1268
727787006908,1272
727787106810,1272
727787206712,1268
727787306614,1269
727787406516,1268
727787506418,1269
727787606320,1269
727787706222,1269
727787806124,1269
727787906026,1269
727788005928,1272
727788105830,1271
727788206507,2136
727788306411,1286
727788406313,1286
727788506215,1286
727788606117,1285
727788706019,1287
727788805921,1289
727788905823,1288
727789005725,1289
727789105627,1285
727789205529,1286
727789305431,1284
727789405333,1285
727789505235,1286
727789605137,1285
727789705040,1286
727789804942,1287
727789904844,1289
727790004746,1288
727790104648,1286
727790204550,1286
727790304452,1285
727790404354,1285
727790504256,1286
727790604158,1285
727790704060,1285
727790803962,1291
727790903864,1290
727791003766,1291
727791103668,1288
727791203570,1301
727791303472,1288
727791403374,1288
727791503276,1290
727791603178,1288
727791703080,1303
727791802982,1291
727791902884,1292
727792002786,1292
727792102688,1286
727792202590,1285
727792302492,1285
727792402394,1286
727792502296,1287
727792602198,1284
727792702100,1285
727792802004,1287
727792901906,1287
727793001808,1286
727793101710,1285
727793201612,1286
727793301514,1285
727793401416,1283
727793501318,1285
727793601220,1286
727793701122,1285
727793801024,1285
727793900926,1288
727794000828,1288
727794100730,1287
727794200632,1285
727794300534,1285
727794400436,1285
727794500338,1285
727794600240,1285
727794700142,1305
727794800044,1285
727794899946,1287
727794999848,1288
727795099750,1288
727795199652,1286
727795299554,1284
727795399456,1284
727795499358,1286
727795599260,1285
727795699162,1285
727795799064,1286
727795898966,1289
727795998868,1288
727796098770,1289
727796198672,1285
727796298574,1285
727796398494,1286
727796498396,1285
727796598298,1285
727796698208,1309
727796798110,1285
727796898012,1286
727796997914,1288
727797097816,1289
727797197718,1286
727797297620,1284
727797397522,1285
727797497424,1283
727797597326,1286
727797697228,1285
727797797130,1285
727797897032,1284
727797996934,1289
727798096836,1287
727798197472,2078
727798297376,1269
727798397278,1269
727798497180,1269
727798597083,1269
727798696985,1285
727798796888,1271
727798896790,1271
727798996692,1268
727799096594,1268
727799196496,1268
727799296398,1268
727799396300,1269
727799496202,1269
727799596104,1268
727799696006,1269
727799795908,1272
727799895810,1272
727799995712,1270
727800095614,1268
727800195516,1269
727800295418,1268
727800395320,1269
727800495222,1269
727800595124,1269
727800695026,1305
727800794928,1272
727800894830,1271
727800994732,1273
727801094634,1269
727801194536,1269
727801294438,1272
727801394340,1270
727801494242,1269
727801594144,1269
727801694046,1269
727801793948,1276
727801893850,1274
727801993752,1275
727802093654,1272
727802193556,1323
727802293458,1322
727802393360,1322
727802493262,1322
727802593164,1322
727802693066,1272
727802792968,1275
727802892870,1275
727802992772,1275
727803092674,1268
727803192576,1268
727803292478,1268
727803392380,1268
727803492282,1268
727803592185,1269
727803692087,1268
727803791989,1270
727803891891,1271
727803991793,1281
727804091695,1268
727804191597,1269
727804291499,1269
727804391401,1268
727804491303,1270
727804591205,1269
727804691107,1304
727804791009,1268
727804890911,1272
727804990813,1271
727805090715,1311
727805190617,1269
727805290519,1269
727805390421,1268
727805490323,1268
727805590225,1269
727805690127,1269
727805790029,1269
727805889931,1272
727805989833,1272
727806089735,1271
727806189637,1268
727806289539,1269
727806389441,1269
727806489343,1269
727806589245,1303
727806689147,1304
727806789049,1269
727806888951,1271
727806988853,1271
727807088755,1271
727807188657,1269
727807288559,1268
727807388461,1269
727807488363,1269
727807588265,1268
727807688167,1269
727807788069,1268
727807887971,1271
727807987873,1272
727808087775,1270
727808188412,2118
727808288316,1286
727808388218,1286
727808488120,1285
727808588022,1286
727808687924,1287
727808787826,1288
727808887728,1287
727808987630,1285
727809087534,1284
727809187436,1285
727809287338,1285
727809387240,1285
727809487142,1285
727809587044,1284
727809686946,1289
727809786848,1288
727809886750,1287
727809986652,1285
727810086554,1285
727810186456,1285
727810286358,1286
727810386260,1286
727810486162,1285
727810586064,1285
727810685966,1289
727810785868,1289
727810885770,1289
727810985672,1287
727811085574,1285
727811185476,1285
727811285378,1285
727811385280,1294
727811485182,1285
727811585084,1285
727811684986,1288
727811784888,1289
727811884790,1288
727811984692,1285
727812084594,1285
727812184496,1286
727812284398,1286
727812384300,1287
727812484202,1286
727812584104,1285
727812684007,1286
727812783909,1292
727812883811,1290
727812983713,1292
727813083615,1289
727813183517,1287
727813283419,1289
727813383321,1288
727813483223,1288
727813583125,1288
727813683027,1288
727813782929,1290
727813882831,1290
727813982733,1292
727814082635,1285
727814182537,1285
727814282439,1284
727814382341,1285
727814482243,1285
727814582145,1287
727814682047,1285
727814781949,1288
727814881851,1288
727814981753,1289
727815081655,1285
727815181557,1285
727815281459,1285
727815381361,1285
727815481263,1284
727815581165,1285
727815681067,1285
727815780969,1288
727815880871,1288
727815980773,1288
727816080675,1286
727816180577,1286
727816280479,1285
727816380381,1285
727816480283,1285
727816580185,1285
727816680087,1286
727816779990,1289
727816879892,1288
727816979794,1289
727817079696,1284
727817179598,1285
727817279500,1285
727817379402,1285
727817479304,1285
727817579206,1286
727817679108,1286
727817779010,1285
727817878912,1287
727817978814,1288
727818078716,1287
727818179356,2087
727818279260,1268
727818379164,1268
727818479066,1269
727818578968,1272
727818678870,1272
727818778772,1272
727818878674,1270
727818978576,1270
727819078478,1269
727819178397,1269
727819278299,1268
727819378201,1269
727819478103,1268
727819578005,1269
727819677907,1272
727819777809,1273
727819877711,1268
727819977613,1269
727820077515,1269
727820177417,1269
727820277319,1270
727820377221,1269
727820477123,1270
727820577025,1269
727820676928,1272
727820776830,1273
727820876732,1271
727820976634,1269
727821076536,1268
727821176438,1268
727821276340,1268
727821376242,1269
727821476144,1269
727821576046,1269
727821675948,1271
727821775850,1271
727821875752,1271
727821975654,1269
727822075556,1268
727822175458,1268
727822275360,1269
727822375262,1268
727822475164,1268
727822575066,1269
727822674969,1272
727822774871,1272
727822874773,1270
727822974675,1269
727823074577,1285
727823174479,1270
727823274381,1268
727823374283,1269
727823474185,1269
727823574087,1268
727823673989,1275
727823773891,1275
727823873794,1276
727823973696,1272
727824073598,1272
727824173500,1272
727824273402,1273
727824373304,1273
727824473206,1273
727824573108,1272
727824673010,1273
727824772912,1275
727824872814,1276
727824972716,1269
727825072618,1268
727825172520,1268
727825272422,1268
727825372324,1269
727825472226,1269
727825572128,1269
727825672030,1269
727825771932,1272
727825871834,1271
727825971736,1270
727826071638,1269
727826171540,1268
727826271442,1268
727826371344,1268
727826471246,1269
727826571148,1269
727826671050,1269
727826770952,1267
727826870854,1263
727826970756,1267
727827070658,1264
727827170560,1269
727827270462,1270
727827370364,1269
727827470266,1269
727827570168,1269
727827670070,1270
727827769972,1273
727827869874,1272
727827969776,1273
727828069678,1268
727828170337,2122
727828270241,1285
727828370144,1285
727828470046,1285
727828569948,1289
727828669850,1288
727828769752,1288
727828869654,1285
727828969556,1285
727829069458,1285
727829169360,1285
727829269262,1285
727829369164,1285
727829469066,1285
727829568968,1287
727829668870,1288
727829768772,1288
727829868674,1285
727829968576,1286
727830068478,1284
727830168380,1284
727830268282,1285
727830368184,1286
727830468086,1286
727830567988,1288
727830667890,1298
727830767793,1287
727830867695,1287
727830967597,1285
727831067499,1284
727831167401,1284
727831267303,1286
727831367205,1286
727831467107,1285
727831567009,1284
727831666911,1289
727831766813,1287
727831866715,1288
727831966617,1320
727832066519,1286
727832166421,1285
727832266323,1285
727832366225,1285
727832466127,1287
727832566029,1285
727832665931,1288
727832765833,1288
727832865735,1289
727832965637,1286
727833065539,1285
727833165441,1284
727833265343,1285
727833365245,1285
727833465147,1286
727833565049,1285
727833664951,1289
727833764853,1288
727833864755,1290
727833964657,1320
727834064559,1286
727834164461,1285
727834264363,1284
727834364265,1286
727834464167,1356
727834564069,1286
727834663971,1305
727834763873,1291
727834863775,1290
727834963677,1305
727835063579,1288
727835163481,1289
727835263383,1288
727835363285,1288
727835463187,1309
727835563089,1288
727835662991,1292
727835762893,1292
727835862795,1291
727835962697,1291
727836062599,1286
727836162501,1285
727836262403,1320
727836362305,1286
727836462207,1286
727836562109,1285
727836662011,1322
727836761913,1289
727836861815,1287
727836961717,1288
727837061619,1285
727837161521,1286
727837261423,1284
727837361325,1285
727837461227,1285
727837561129,1285
727837661031,1285
727837760933,1286
727837860835,1289
727837960737,1287
727838060639,1285
727838161279,2080
727838261183,1268
727838361086,1269
727838460988,1271
727838560890,1271
727838660792,1281
727838760694,1269
727838860596,1269
727838960498,1268
727839060400,1269
727839160302,1268
727839260204,1268
727839360106,1269
727839460008,1269
727839559910,1272
727839659812,1308
727839759714,1268
727839859616,1268
727839959518,1305
727840059420,1269
727840159322,1269
727840259224,1269
727840359126,1269
727840459028,1282
727840558930,1272
727840658832,1390
727840758734,1308
727840858636,1269
727840958538,1269
727841058440,1269
727841158342,1269
727841258244,1269
727841358146,1269
727841458048,1269
727841557950,1272
727841657852,1284
727841757754,1271
727841857671,1270
727841957573,1268
727842057475,1269
727842157377,1268
727842257279,1268
727842357181,1269
727842457083,1268
727842556985,1272
727842656887,1272
727842756789,1281
727842856691,1268
727842956593,1268
727843056495,1268
727843156397,1269
727843256299,1269
727843356201,1268
727843456103,1269
727843556005,1268
727843655907,1271
727843755809,1271
727843855711,1268
727843955613,1269
727844055515,1269
727844155417,1269
727844255319,1268
727844355221,1268
727844455123,1269
727844555025,1268
727844654927,1272
727844754829,1273
727844854731,1272
727844954633,1269
727845054535,1269
727845154437,1269
727845254339,1268
727845354241,1269
727845454143,1269
727845554045,1269
727845653947,1273
727845753849,1274
727845853751,1275
727845953653,1283
727846053555,1271
727846153457,1271
727846253359,1271
727846353261,1272
727846453163,1284
727846553065,1272
727846652967,1311
727846752869,1275
727846852771,1274
727846952673,1269
727847052575,1268
727847152477,1268
727847252379,1268
727847352281,1269
727847452183,1268
727847552085,1276
727847651987,1271
727847751889,1271
727847851791,1271
727847951693,1269
727848051595,1269
727848152236,2109
727848252140,1285
727848352042,1285
727848451944,1288
727848551846,1287
727848651748,1350
727848751650,1285
727848851552,1284
727848951454,1285
727849051358,1284
727849151261,1286
727849251163,1285
727849351065,1285
727849450967,1288
727849550869,1289
727849650771,1289
727849750673,1285
727849850575,1285
727849950477,1285
727850050379,1285
727850150281,1285
727850250183,1286
727850350085,1286
727850449987,1288
727850549889,1288
727850649791,1289
727850749693,1286
727850849595,1285
727850949497,1284
727851049399,1286
727851149301,1286
727851249203,1592
727851349105,1286
727851449007,1285
727851548909,1288
727851648811,1287
727851748713,1285
727851848615,1285
727851948517,1285
727852048419,1284
727852148321,1285
727852248223,1285
727852348125,1285
727852448027,1285
727852547929,1290
727852647831,1288
727852747733,1288
727852847635,1284
727852947537,1285
727853047439,1284
727853147341,1285
727853247243,1284
727853347145,1285
727853447047,1285
727853546949,1288
727853646851,1288
727853746753,1289
727853846655,1284
727853946557,1321
727854046459,1286
727854146361,1285
727854246263,1286
727854346165,1285
727854446067,1285
727854545969,1288
727854645871,1287
727854745773,1288
727854845675,1284
727854945577,1285
727855045479,1286
727855145381,1286
727855245283,1285
727855345185,1284
727855445087,1286
727855544989,1289
727855644891,1288
727855744793,1289
727855844695,1284
727855944597,1285
727856044499,1306
727856144401,1285
727856244303,1285
727856344205,1286
727856444107,1285
727856544009,1286
727856643911,1291
727856743813,1291
727856843715,1292
727856943617,1305
727857043519,1288
727857143421,1287
727857243323,1289
727857343225,1289
727857443127,1288
727857543029,1288
727857642931,1292
727857742833,1292
727857842735,1292
727857942637,1320
727858042539,1286
727858143176,2083
727858243080,1272
727858342982,1275
727858442884,1277
727858542786,1275
727858642688,1270
727858742592,1268
727858842494,1269
727858942396,1304
727859042298,1269
727859142200,1268
727859242102,1269
727859342004,1269
727859441906,1272
727859541808,1271
727859641710,1268
727859741612,1269
727859841514,1269
727859941416,1269
727860041318,1269
727860141220,1303
727860241122,1269
727860341024,1269
727860440926,1272
727860540828,1272
727860640730,1268
727860740632,1274
727860840534,1268
727860940436,1268
727861040338,1269
727861140240,1269
727861240142,1269
727861340044,1268
727861439946,1272
727861539848,1271
727861639750,1272
727861739652,1268
727861839554,1268
727861939456,1269
727862039358,1269
727862139260,1268
727862239162,1320
727862339064,1319
727862438966,1322
727862538868,1318
727862638770,1322
727862738672,1270
727862838574,1268
727862938476,1269
727863038378,1268
727863138280,1268
727863238182,1269
727863338084,1269
727863437986,1272
727863537888,1272
727863637791,1272
727863737693,1269
727863837595,1268
727863937497,1269
727864037399,1269
727864137301,1269
727864237203,1269
727864337105,1269
727864437007,1269
727864536909,1272
727864636826,1273
727864736728,1269
727864836630,1268
727864936532,1268
727865036434,1269
727865136336,1269
727865236238,1268
727865336140,1268
727865436042,1269
727865535944,1271
727865635846,1271
727865735748,1272
727865835650,1269
727865935552,1268
727866035454,1269
727866135356,1268
727866235258,1268
727866335160,1269
727866435062,1269
727866534964,1271
727866634866,1271
727866734768,1271
727866834670,1269
727866934572,1268
727867034474,1269
727867134376,1269
727867234278,1269
727867334180,1269
727867434082,1268
727867533984,1275
727867633886,1276
727867733788,1274
727867833690,1272
727867933592,1271
727868033494,1272
727868134154,2122
727868234058,1286
727868333960,1292
727868433862,1291
727868533764,1291
727868633666,1288
727868733568,1287
727868833470,1288
727868933372,1288
727869033274,1289
727869133176,1287
727869233078,1292
727869332980,1290
727869432882,1292
727869532784,1292
727869632686,1286
727869732588,1284
727869832490,1285
727869932392,1285
727870032294,1285
727870132196,1284
727870232098,1285
727870332003,1285
727870431905,1288
727870531807,1289
727870631709,1285
727870731611,1285
727870831513,1284
727870931415,1286
727871031317,1324
727871131219,1285
727871231121,1286
727871331023,1286
727871430925,1288
727871530827,1288
727871630729,1290
727871730631,1285
727871830533,1285
727871930435,1286
727872030337,1284
727872130239,1291
727872230141,1285
727872330043,1285
727872429945,1288
727872529847,1288
727872629749,1288
727872729651,1286
727872829553,1285
727872929455,1285
727873029357,1285
727873129259,1285
727873229161,1284
727873329063,1285
727873428965,1288
727873528867,1288
727873628769,1288
727873728671,1286
727873828573,1285
727873928475,1285
727874028377,1285
727874128279,1286
727874228181,1284
727874328083,1289
727874427985,1288
727874527887,1288
727874627789,1287
727874727691,1285
727874827593,1285
727874927495,1285
727875027397,1284
727875127299,1286
727875227201,1284
727875327103,1284
727875427005,1285
727875526907,1287
727875626809,1288
727875726711,1285
727875826613,1286
727875926515,1285
727876026417,1285
727876126319,1286
727876226221,1286
727876326123,1284
727876426025,1286
727876525927,1287
727876625829,1287
727876725731,1290
727876825633,1284
727876925535,1285
727877025437,1285
727877125339,1285
727877225241,1285
727877325143,1286
727877425045,1286
727877524947,1288
727877624849,1287
727877724751,1288
727877824653,1286
727877924555,1289
727878024457,1304
727878125096,2077
727878225003,1263
727878324905,1273
727878424807,1271
727878524709,1269
727878624611,1268
727878724513,1270
727878824415,1269
727878924317,1269
727879024221,1269
727879124123,1269
727879224025,1268
727879323927,1274
727879423829,1274
727879523731,1274
727879623633,1271
727879723535,1272
727879823437,1271
727879923339,1272
727880023241,1272
727880123143,1272
727880223045,1272
727880322947,1276
727880422849,1275
727880522751,1276
727880622653,1269
727880722555,1270
727880822457,1269
727880922359,1269
727881022261,1270
727881122163,1270
727881222065,1269
727881321967,1272
727881421869,1272
727881521771,1271
727881621673,1269
727881721576,1269
727881821478,1268
727881921380,1269
727882021282,1270
727882121184,1269
727882221086,1269
727882320988,1272
727882420890,1271
727882520792,1280
727882620694,1268
727882720597,1269
727882820499,1268
727882920401,1269
727883020303,1269
727883120205,1268
727883220107,1269
727883320009,1268
727883419911,1272
727883519813,1271
727883619715,1268
727883719617,1269
727883819519,1268
727883919421,1269
727884019323,1268
727884119225,1268
727884219127,1268
727884319029,1287
727884418931,1273
727884518833,1272
727884618735,1271
727884718637,1269
727884818539,1269
727884918441,1269
727885018343,1269
727885118245,1269
727885218147,1269
727885318049,1269
727885417951,1271
727885517853,1271
727885617755,1271
727885717657,1269
727885817559,1268
727885917461,1268
727886017363,1270
727886117265,1268
727886217167,1269
727886317069,1268
727886416971,1271
727886516873,1272
727886616775,1271
727886716677,1269
727886816579,1268
727886916481,1268
727887016383,1268
727887116285,1272
727887216187,1271
727887316104,1270
727887416006,1269
727887515908,1271
727887615810,1271
727887715712,1269
727887815614,1269
727887915516,1268
727888015418,1269
727888116053,2097
727888215957,1287
727888315859,1287
727888415761,1323
727888515663,1285
727888615565,1284
727888715468,1285
727888815370,1284
727888915272,1285
727889015174,1286
727889115076,1285
727889214978,1288
727889314880,1288
727889414782,1288
727889514684,1287
727889614586,1285
727889714488,1287
727889814390,1286
727889914292,1286
727890014194,1286
727890114096,1285
727890213998,1290
727890313900,1294
727890413802,1292
727890513704,1288
727890613606,1288
727890713508,1289
727890813410,1289
727890913312,1288
727891013214,1289
727891113116,1289
727891213018,1288
727891312920,1291
727891412822,1292
727891512724,1291
727891612626,1285
727891712528,1285
727891812430,1285
727891912332,1286
727892012234,1286
727892112136,1286
727892212038,1285
727892311940,1288
727892411842,1287
727892511744,1328
727892611646,1284
727892711548,1285
727892811450,1285
727892911352,1285
727893011254,1355
727893111156,1285
727893211058,1285
727893310960,1287
727893410862,1289
727893510764,1301
727893610666,1286
727893710568,1285
727893810470,1285
727893910372,1285
727894010274,1286
727894110176,1285
727894210078,1285
727894309980,1288
727894409882,1288
727894509784,1289
727894609686,1285
727894709588,1286
727894809490,1286
727894909392,1285
727895009294,1285
727895109196,1285
727895209098,1285
727895309003,1284
727895408905,1288
727895508807,1287
727895608709,1285
727895708611,1284
727895808513,1285
727895908415,1285
727896008317,1286
727896108219,1285
727896208121,1286
727896308023,1285
727896407925,1288
727896507827,1288
727896607729,1287
727896707631,1286
727896807533,1285
727896907435,1321
727897007337,1286
727897107239,1285
727897207141,1285
727897307043,1286
727897406945,1287
727897506847,1289
727897606749,1287
727897706651,1284
727897806553,1285
727897906455,1283
727898006357,1285
727898106992,2088
727898206896,1272
727898306800,1271
727898406704,1268
727898506608,1268
727898606510,1269
727898706413,1269
727898806315,1269
727898906217,1322
727899006121,1269
727899106023,1269
727899205925,1272
727899305827,1272
727899405729,1268
727899505631,1269
727899605533,1268
727899705435,1269
727899805337,1268
727899905239,1269
727900005143,1269
727900105045,1270
727900204947,1272
727900304849,1272
727900404751,1271
727900504653,1269
727900604555,1268
727900704457,1270
727900804359,1269
727900904261,1269
727901004163,1269
727901104065,1268
727901203967,1287
727901303869,1274
727901403771,1274
727901503673,1271
727901603575,1272
727901703477,1289
727901803379,1271
727901903281,1272
727902003183,1272
727902103085,1272
727902202987,1289
727902302889,1274
727902402791,1275
727902502693,1268
727902602595,1269
727902702497,1270
727902802399,1268
727902902301,1269
727903002203,1268
727903102105,1269
727903202007,1268
727903301909,1271
727903401811,1271
727903501713,1268
727903601615,1269
727903701517,1269
727903801419,1269
727903901321,1269
727904001223,1269
727904101125,1270
727904201027,1269
727904300929,1272
727904400831,1271
727904500733,1272
727904600635,1268
727904700537,1306
727904800439,1269
727904900341,1269
727905000243,1269
727905100145,1269
727905200047,1268
727905299949,1271
727905399851,1271
727905499753,1271
727905599655,1268
727905699557,1269
727905799459,1268
727905899361,1269
727905999263,1268
727906099165,1269
727906199067,1268
727906298969,1270
727906398871,1272
727906498773,1271
727906598675,1269
727906698577,1269
727906798479,1268
727906898381,1268
727906998283,1269
727907098185,1269
727907198087,1268
727907297989,1272
727907397891,1271
727907497793,1272
727907597695,1268
727907697597,1270
727907797499,1269
727907897401,1269
727907997303,1269
727908097205,1268
727908197863,2125
727908297767,1289
727908397670,1285
727908497572,1285
727908597474,1285
727908697376,1322
727908797278,1286
727908897180,1286
727908997082,1284
727909096984,1289
727909196886,1288
727909296788,1287
727909396690,1285
727909496592,1287
727909596494,1285
727909696396,1286
727909796298,1285
727909896200,1285
727909996102,1286
727910096021,1288
727910195923,1287
727910295825,1288
727910395727,1287
727910495629,1285
727910595531,1285
727910695433,1284
727910795335,1286
727910895237,1283
727910995139,1285
727911095041,1286
727911194943,1288
727911294845,1292
727911394747,1288
727911494649,1286
727911594551,1319
727911694453,1285
727911794355,1287
727911894257,1285
727911994159,1286
727912094061,1286
727912193963,1291
727912293865,1294
727912393769,1292
727912493671,1288
727912593574,1307
727912693476,1290
727912793378,1289
727912893280,1288
727912993182,1288
727913093084,1288
727913192986,1291
727913292888,1291
727913392790,1292
727913492692,1284
727913592594,1319
727913692496,1293
727913792398,1286
727913892300,1286
727913992202,1286
727914092104,1286
727914192006,1284
727914291908,1287
727914391810,1287
727914491713,1285
727914591615,1284
727914691518,1322
727914791420,1285
727914891322,1285
727914991224,1284
727915091126,1305
727915191028,1285
727915290930,1287
727915390832,1287
727915490734,1289
727915590636,1285
727915690538,1286
727915790440,1286
727915890342,1284
727915990244,1286
727916090146,1285
727916190048,1285
727916289950,1288
727916389852,1287
727916489754,1288
727916589656,1286
727916689558,1297
727916789460,1285
727916889362,1284
727916989264,1285
727917089166,1286
727917189068,1285
727917288970,1287
727917388872,1288
727917488774,1296
727917588676,1286
727917688578,1286
727917788480,1285
727917888382,1285
727917988284,1286
727918088186,1285
727918188823,2082
727918288727,1268
727918388629,1269
727918488531,1269
727918588433,1269
727918688335,1304
727918788237,1269
727918888139,1268
727918988041,1268
727919087943,1271
727919187845,1271
727919287747,1271
727919387649,1269
727919487551,1269
727919587453,1269
727919687355,1269
727919787257,1269
727919887159,1268
727919987061,1269
727920086963,1272
727920186865,1271
727920286769,1271
727920386672,1269
727920486574,1269
727920586476,1268
727920686378,1269
727920786280,1269
727920886182,1268
727920986084,1269
727921085986,1272
727921185888,1272
727921285790,1272
727921385692,1268
727921485594,1270
727921585496,1268
727921685398,1269
727921785300,1270
727921885202,1269
727921985104,1270
727922085006,1269
727922184908,1323
727922284810,1323
727922384712,1323
727922484614,1319
727922584517,1270
727922684420,1270
727922784322,1269
727922884224,1269
727922984126,1269
727923084028,1269
727923183930,1274
727923283832,1273
727923383734,1274
727923483636,1272
727923583539,1271
727923683441,1272
727923783343,1272
727923883245,1272
727923983147,1272
727924083049,1272
727924182951,1275
727924282853,1274
727924382755,1274
727924482657,1269
727924582559,1269
727924682461,1269
727924782363,1268
727924882265,1269
727924982167,1269
727925082069,1284
727925181971,1271
727925281873,1272
727925381775,1273
727925481677,1269
727925581579,1268
727925681481,1269
727925781383,1269
727925881285,1269
727925981187,1269
727926081089,1269
727926180991,1271
727926280893,1271
727926380795,1275
727926480697,1268
727926580599,1268
727926680501,1270
727926780403,1269
727926880305,1269
727926980207,1269
727927080109,1269
727927180011,1269
727927279913,1272
727927379815,1270
727927479717,1269
727927579619,1268
727927679521,1268
727927779423,1268
727927879325,1268
727927979227,1269
727928079129,1268
727928179765,2103
727928279669,1285
727928379571,1286
727928479473,1286
727928579375,1285
727928679277,1284
727928779179,1285
727928879081,1285
727928978983,1288
727929078885,1293
727929178787,1293
727929278689,1290
727929378591,1290
727929478493,1286
727929578395,1284
727929678297,1285
727929778199,1283
727929878101,1284
727929978004,1285
727930077906,1287
727930177808,1289
727930277710,1285
727930377612,1285
727930477514,1285
727930577416,1285
727930677318,1286
727930777220,1286
727930877122,1285
727930977024,1285
727931076926,1288
727931176828,1289
727931276730,1288
727931376632,1285
727931476534,1285
727931576436,1286
727931676338,1286
727931776240,1285
727931876142,1285
727931976044,1286
727932075946,1287
727932175848,1287
727932275750,1290
727932375652,1286
727932475554,1285
727932575456,1285
727932675358,1286
727932775260,1285
727932875179,1287
727932975081,1286
727933074983,1288
727933174885,1289
727933274787,1288
727933374689,1285
727933474591,1286
727933574493,1285
727933674395,1285
727933774297,1285
727933874199,1285
727933974101,1285
727934074006,1285
727934173908,1292
727934273810,1291
727934373712,1287
727934473614,1288
727934573516,1289
727934673418,1290
727934773320,1288
727934873222,1288
727934973124,1289
727935073026,1288
727935172928,1291
727935272830,1291
727935372732,1341
727935472634,1285
727935572536,1285
727935672438,1286
727935772340,1285
727935872242,1285
727935972144,1285
727936072046,1285
727936171948,1288
727936271850,1288
727936371752,1288
727936471654,1286
727936571556,1285
727936671458,1286
727936771360,1286
727936871262,1284
727936971164,1285
727937071066,1285
727937170968,1288
727937270870,1288
727937370772,1287
727937470674,1285
727937570576,1285
727937670478,1286
727937770380,1285
727937870289,1320
727937970191,1285
727938070093,1284
727938169995,1287
727938269897,1294
727938370571,2048
727938470475,1269
727938570379,1269
727938670281,1269
727938770185,1269
727938870087,1269
727938969989,1272
727939069891,1272
727939169793,1271
727939269695,1268
727939369597,1268
727939469499,1268
727939569401,1268
727939669303,1268
727939769205,1268
727939869107,1269
727939969009,1269
727940068911,1271
727940168813,1270
727940268715,1319
727940368617,1269
727940468519,1269
727940568421,1269
727940668324,1269
727940768226,1269
727940868128,1311
727940968030,1268
727941067932,1271
727941167834,1271
727941267736,1271
727941367638,1269
727941467540,1269
727941567442,1268
727941667344,1269
727941767246,1268
727941867148,1268
727941967050,1268
727942066952,1272
727942166854,1272
727942266756,1272
727942366658,1268
727942466560,1269
727942566462,1269
727942666364,1269
727942766266,1269
727942866168,1269
727942966070,1269
727943065972,1273
727943165874,1271
727943265776,1287
727943365678,1268
727943465580,1269
727943565482,1268
727943665384,1268
727943765286,1269
727943865188,1270
727943965090,1278
727944064992,1272
727944164894,1272
727944264796,1277
727944364698,1269
727944464600,1320
727944564502,1268
727944664404,1304
727944764306,1269
727944864208,1269
727944964110,1304
727945064012,1269
727945163914,1274
727945263816,1274
727945363718,1271
727945463620,1328
727945563522,1271
727945663424,1272
727945763326,1272
727945863228,1272
727945963130,1286
727946063032,1272
727946162934,1275
727946262836,1276
727946362738,1274
727946462640,1269
727946562542,1270
727946662444,1285
727946762346,1269
727946862248,1269
727946962150,1269
727947062052,1269
727947161954,1272
727947261856,1272
727947361758,1271
727947461660,1268
727947561562,1269
727947661464,1268
727947761366,1268
727947861268,1269
727947961170,1269
727948061072,1269
727948161708,2096
727948261612,1285
727948361514,1285
727948461416,1285
727948561318,1285
727948661220,1306
727948761122,1285
727948861024,1285
727948960926,1288
727949060828,1288
727949160730,1288
727949260632,1284
727949360534,1285
727949460436,1285
727949560338,1286
727949660240,1284
727949760142,1285
727949860044,1286
727949959946,1322
727950059848,1288
727950159750,1287
727950259652,1286
727950359554,1286
727950459456,1286
727950559358,1285
727950659260,1378
727950759162,1286
727950859064,1284
727950958966,1310
727951058868,1289
727951158770,1289
727951258672,1285
727951358574,1285
727951458476,1285
727951558378,1285
727951658280,1313
727951758182,1285
727951858084,1286
727951957986,1287
727952057888,1290
727952157790,1288
727952257692,1285
727952357594,1285
727952457496,1286
727952557398,1285
727952657300,1285
727952757203,1285
727952857105,1284
727952957007,1285
727953056909,1287
727953156811,1288
727953256713,1286
727953356615,1285
727953456517,1285
727953556419,1284
727953656321,1286
727953756223,1285
727953856125,1285
727953956027,1285
727954055929,1288
727954155831,1288
727954255733,1289
727954355635,1284
727954455537,1285
727954555439,1287
727954655341,1321
727954755243,1286
727954855145,1285
727954955047,1286
727955054949,1288
727955154851,1288
727955254753,1288
727955354655,1285
727955454557,1285
727955554474,1286
727955654376,1285
727955754278,1287
727955854180,1286
727955954082,1289
727956053984,1291
727956153886,1290
727956253788,1293
727956353690,1288
727956453592,1300
727956553494,1287
727956653396,1289
727956753298,1289
727956853200,1289
727956953102,1301
727957053004,1288
727957152906,1290
727957252808,1291
727957352710,1285
727957452612,1285
727957552514,1285
727957652416,1284
727957752318,1285
727957852220,1284
727957952122,1283
727958052024,1285
727958152660,2084
727958252564,1268
727958352466,1269
727958452368,1269
727958552270,1269
727958652173,1290
727958752075,1269
727958851977,1272
727958951879,1271
727959051783,1272
727959151685,1268
727959251587,1269
727959351489,1268
727959451391,1269
727959551293,1269
727959651195,1269
727959751097,1268
727959850999,1272
727959950901,1272
727960050803,1272
727960150705,1268
727960250607,1268
727960350509,1268
727960450411,1269
727960550313,1269
727960650215,1269
727960750117,1269
727960850019,1269
727960949921,1271
727961049825,1270
727961149727,1269
727961249629,1268
727961349531,1268
727961449433,1269
727961549335,1269
727961649237,1268
727961749139,1269
727961849041,1304
727961948943,1272
727962048845,1272
727962148747,1271
727962248649,1268
727962348551,1268
727962448453,1269
727962548355,1268
727962648257,1268
727962748159,1269
727962848061,1269
727962947963,1272
727963047865,1272
727963147767,1272
727963247669,1269
727963347571,1270
727963447473,1269
727963547375,1268
727963647277,1269
727963747179,1269
727963847081,1269
727963946983,1271
727964046885,1271
727964146787,1272
727964246689,1268
727964346591,1269
727964446493,1269
727964546395,1269
727964646297,1268
727964746199,1269
727964846101,1266
727964946004,1268
727965045906,1271
727965145808,1271
727965245710,1268
727965345612,1269
727965445514,1269
727965545416,1268
727965645318,1269
727965745220,1269
727965845122,1268
727965945024,1268
727966044926,1272
727966144828,1272
727966244730,1269
727966344632,1268
727966444534,1268
727966544436,1269
727966644338,1269
727966744240,1269
727966844142,1269
727966944044,1269
727967043946,1277
727967143848,1274
727967243750,1274
727967343652,1271
727967443554,1271
727967543456,1272
727967643358,1272
727967743260,1273
727967843162,1273
727967943064,1272
727968042966,1275
727968143638,2137
727968243542,1288
727968343444,1288
727968443346,1288
727968543248,1291
727968643150,1289
727968743052,1290
727968842954,1291
727968942856,1292
727969042760,1291
727969142662,1284
727969242564,1286
727969342466,1285
727969442368,1286
727969542270,1286
727969642172,1285
727969742074,1286
727969841976,1287
727969941878,1287
727970041780,1289
727970141682,1284
727970241584,1286
727970341486,1285
727970441388,1285
727970541290,1286
727970641192,1286
727970741094,1285
727970840996,1287
727970940898,1289
727971040800,1289
727971140702,1285
727971240604,1287
727971340506,1286
727971440408,1285
727971540310,1285
727971640212,1285
727971740114,1289
727971840016,1285
727971939918,1288
727972039820,1289
727972139722,1289
727972239624,1285
727972339526,1284
727972439428,1286
727972539330,1286
727972639232,1286
727972739134,1285
727972839036,1285
727972938938,1287
727973038840,1288
727973138742,1287
727973238644,1285
727973338546,1284
727973438448,1285
727973538350,1286
727973638252,1285
727973738155,1285
727973838057,1286
727973937959,1288
727974037861,1288
727974137763,1288
727974237665,1284
727974337567,1286
727974437469,1284
727974537371,1285
727974637273,1285
727974737175,1286
727974837077,1284
727974936979,1288
727975036881,1288
727975136783,1289
727975236685,1285
727975336587,1285
727975436489,1286
727975536391,1285
727975636293,1286
727975736195,1285
727975836097,1285
727975935999,1287
727976035901,1288
727976135803,1288
727976235705,1284
727976335607,1284
727976435509,1285
727976535411,1286
727976635313,1286
727976735215,1284
727976835117,1285
727976935019,1285
727977034921,1289
727977134823,1286
727977234725,1289
727977334627,1285
727977434529,1284
727977534431,1285
727977634333,1285
727977734235,1286
727977834137,1286
727977934039,1285
727978033941,1291
