3465890040996,25094
3465890140956,3476
3465890240879,3565
3465890340801,3550
3465890440723,3536
3465890540647,3553
3465890640569,3552
3465890740493,3411
3465890840416,3407
3465890940338,3406
3465891040260,3411
3465891140182,3407
3465891240104,3400
3465891340026,3399
3465891439948,3407
3465891539870,3414
3465891639792,3406
3465891739714,3403
3465891839636,3408
3465891939558,3398
3465892039480,3398
3465892139402,3400
3465892239324,3394
3465892339246,3397
3465892439168,3402
3465892539090,3400
3465892639012,3397
3465892738935,3406
3465892838857,3404
3465892938779,3410
3465893038701,3405
3465893138623,3405
3465893238545,3407
3465893338467,3399
3465893438389,3402
3465893538311,3397
3465893638233,3399
3465893738155,3402
3465893838078,3405
3465893938005,3398
3465894037927,3405
3465894137851,3405
3465894237773,3402
3465894337695,3406
3465894437617,3400
3465894537539,3399
3465894637461,3402
3465894737383,3403
3465894837305,3401
3465894937227,3404
3465895037149,3399
3465895137072,3472
3465895237159,3724
3465895337081,3490
3465895437003,3462
3465895536925,3598
3465895636847,3618
3465895736770,3600
3465895836692,3603
3465895936614,3601
3465896036536,3599
3465896136458,3605
3465896236381,3603
3465896336303,3599
3465896436225,3600
3465896536147,3601
3465896636069,3603
3465896735991,3466
3465896835913,3467
3465896935835,3465
3465897035757,3469
3465897135679,3469
3465897235601,3469
3465897335523,3462
3465897435445,3458
3465897535367,3465
3465897635289,3459
3465897735211,3466
3465897835134,3462
3465897935056,3458
3465898034978,3461
3465898134900,3461
3465898234822,3465
3465898334744,3464
3465898434666,3467
3465898534588,3461
3465898634510,3458
3465898734432,3497
3465898834354,3458
3465898934276,3459
3465899034198,3459
3465899134120,3464
3465899234043,3466
3465899333965,3468
3465899433887,3469
3465899533809,3469
3465899633731,3470
3465899733653,3466
3465899833575,3466
3465899933497,3467
3465900033419,3461
3465900133342,3466
3465900233265,3541
3465900333375,3687
3465900433297,3444
3465900533220,3395
3465900633142,3560
3465900733065,3541
3465900832987,3407
3465900932909,3405
3465901032831,3405
3465901132753,3410
3465901232675,3410
3465901332598,3410
3465901432520,3406
3465901532447,3512
3465901632369,3403
3465901732291,3513
3465901832214,3414
3465901932136,3405
3465902032058,3405
3465902131980,3406
3465902231902,3407
3465902331824,3408
3465902431746,3407
3465902531668,3439
3465902631590,3406
3465902731512,3406
3465902831434,3408
3465902931356,3405
3465903031278,3584
3465903131200,3407
3465903231122,3506
3465903331044,3404
3465903430966,3408
3465903530888,3471
3465903630810,3411
3465903730732,3414
3465903830654,3403
3465903930576,3403
3465904030498,3482
3465904130420,3397
3465904230342,3404
3465904330264,3395
3465904430186,3405
3465904530108,3475
3465904630030,3406
3465904729952,3405
3465904829874,3403
3465904929796,3403
3465905029718,3437
3465905129640,3405
3465905229562,3403
3465905329484,3471
3465905429576,3728
3465905529498,3460
3465905629420,3467
3465905729343,3597
3465905829266,3599
3465905929188,3596
3465906029110,3596
3465906129032,3602
3465906228954,3601
3465906328876,3608
3465906428798,3601
3465906528720,3602
3465906628642,3604
3465906728564,3469
3465906828486,3460
3465906928408,3464
3465907028330,3458
3465907128252,3458
3465907228174,3455
3465907328096,3460
3465907428018,3457
3465907527940,3462
3465907627862,3462
3465907727784,3458
3465907827706,3461
3465907927628,3469
3465908027550,3464
3465908127472,3464
3465908227394,3468
3465908327316,3458
3465908427238,3461
3465908527160,3464
3465908627082,3476
3465908727004,3457
3465908826926,3464
3465908926848,3460
3465909026770,3471
3465909126692,3462
3465909226614,3470
3465909326536,3455
3465909426458,3461
3465909526380,3569
3465909626302,3460
3465909726224,3460
3465909826146,3462
3465909926068,3458
3465910025990,3464
3465910125912,3468
3465910225834,3465
3465910325757,3464
3465910425679,3533
3465910525759,3637
3465910625681,3400
3465910725603,3402
3465910825525,3602
3465910925447,3527
3465911025369,3658
3465911125291,3538
3465911225213,3542
3465911325135,3529
3465911425057,3534
3465911524979,3534
3465911624943,3540
3465911724865,3544
3465911824787,3541
3465911924709,3543
3465912024631,3544
3465912124553,3538
3465912224475,3401
3465912324397,3401
3465912424319,3408
3465912524241,3404
3465912624163,3405
3465912724085,3418
3465912824007,3409
3465912923929,3406
3465913023851,3412
3465913123773,3409
3465913223695,3412
3465913323617,3408
3465913423539,3404
3465913523461,3409
3465913623383,3404
3465913723305,3413
3465913823228,3408
3465913923150,3403
3465914023072,3405
3465914122994,3408
3465914222916,3408
3465914322838,3412
3465914422760,3401
3465914522682,3408
3465914622604,3407
3465914722526,3405
3465914822448,3404
3465914922370,3401
3465915022292,3405
3465915122214,3401
3465915222136,3409
3465915322058,3407
3465915421980,3412
3465915521902,3481
3465915621995,3740
3465915721918,3499
3465915821840,3467
3465915921762,3610
3465916021684,3597
3465916121606,3606
3465916221528,3606
3465916321450,3609
3465916421372,3603
3465916521294,3601
3465916621216,3602
3465916721138,3466
3465916821060,3466
3465916920982,3465
3465917020904,3467
3465917120826,3468
3465917220748,3465
3465917320670,3466
3465917420592,3467
3465917520514,3465
3465917620436,3461
3465917720358,3462
3465917820280,3458
3465917920202,3467
3465918020124,3462
3465918120046,3466
3465918219968,3462
3465918319890,3460
3465918419812,3465
3465918519734,3464
3465918619656,3460
3465918719578,3464
3465918819500,3464
3465918919422,3462
3465919019344,3460
3465919119266,3459
3465919219188,3463
3465919319110,3460
3465919419032,3467
3465919518954,3464
3465919618876,3468
3465919718798,3462
3465919818720,3464
3465919918642,3463
3465920018564,3466
3465920118486,3461
3465920218408,3459
3465920318330,3460
3465920418252,3602
3465920518174,3466
3465920618097,3538
3465920718183,3646
3465920818105,3399
3465920918027,3401
3465921017949,3582
3465921117871,3538
3465921217793,3400
3465921317715,3402
3465921417637,3404
3465921517559,3400
3465921617481,3401
3465921717403,3402
3465921817325,3401
3465921917247,3402
3465922017169,3401
3465922117091,3402
3465922217013,3403
3465922316935,3409
3465922416857,3408
3465922516779,3403
3465922616701,3403
3465922716623,3401
3465922816545,3395
3465922916467,3393
3465923016389,3401
3465923116311,3518
3465923216233,3402
3465923316155,3424
3465923416077,3398
3465923515999,3407
3465923615921,3402
3465923715843,3407
3465923815765,3403
3465923915687,3404
3465924015609,3506
3465924115531,3398
3465924215453,3403
3465924315375,3402
3465924415297,3399
3465924515219,3400
3465924615141,3406
3465924715063,3398
3465924814985,3399
3465924914907,3407
3465925014829,3402
3465925114751,3406
3465925214673,3548
3465925314595,3402
3465925414517,3405
3465925514439,3398
3465925614361,3395
3465925714284,3476
3465925814364,3717
3465925914286,3502
3465926014208,3496
3465926114130,3616
3465926214053,3592
3465926313976,3610
3465926413898,3606
3465926513820,3607
3465926613742,3470
3465926713664,3477
3465926813586,3470
3465926913508,3468
3465927013430,3465
3465927113355,3466
3465927213277,3468
3465927313199,3468
3465927413121,3471
3465927513043,3469
3465927612965,3467
3465927712887,3473
3465927812809,3470
3465927912731,3468
3465928012653,3471
3465928112575,3476
3465928212497,3468
3465928312419,3465
3465928412341,3466
3465928512263,3467
3465928612185,3462
3465928712107,3466
3465928812029,3467
3465928911951,3469
3465929011873,3472
3465929111795,3472
3465929211717,3467
3465929311639,3464
3465929411561,3462
3465929511483,3464
3465929611405,3469
3465929711327,3465
3465929811249,3464
3465929911171,3462
3465930011093,3461
3465930111015,3465
3465930210937,3464
3465930310859,3472
3465930410781,3466
3465930510703,3467
3465930610625,3468
3465930710548,3474
3465930810470,3539
3465930910555,3645
3465931010477,3436
3465931110399,3405
3465931210332,3645
3465931310254,3537
3465931410176,3402
3465931510098,3404
3465931610020,3404
3465931709942,3404
3465931809864,3407
3465931909786,3400
3465932009708,3408
3465932109630,3406
3465932209552,3391
3465932309474,3401
3465932409396,3406
3465932509318,3402
3465932609240,3402
3465932709162,3401
3465932809084,3400
3465932909006,3403
3465933008928,3401
3465933108850,3408
3465933208788,3406
3465933308710,3404
3465933408632,3408
3465933508554,3399
3465933608476,3400
3465933708398,3403
3465933808320,3402
3465933908242,3400
3465934008164,3405
3465934108086,3404
3465934208008,3409
3465934307930,3405
3465934407852,3410
3465934507774,3403
3465934607696,3409
3465934707618,3408
3465934807540,3397
3465934907462,3396
3465935007384,3399
3465935107306,3400
3465935207228,3403
3465935307150,3401
3465935407072,3402
3465935506994,3403
3465935606916,3402
3465935706838,3401
3465935806760,3404
3465935906682,3472
3465936006762,3721
3465936106684,3462
3465936206606,3459
3465936306528,3600
3465936406450,3600
3465936506372,3597
3465936606294,3598
3465936706216,3465
3465936806138,3459
3465936906060,3460
3465937005982,3507
3465937105904,3464
3465937205826,3462
3465937305748,3466
3465937405670,3461
3465937505592,3464
3465937605514,3459
3465937705436,3460
3465937805358,3465
3465937905280,3461
3465938005202,3465
3465938105124,3461
3465938205046,3459
3465938304968,3467
3465938404890,3462
3465938504812,3462
3465938604734,3461
3465938704656,3474
3465938804578,3462
3465938904500,3460
3465939004422,3464
3465939104344,3465
3465939204266,3458
3465939304188,3458
3465939404110,3460
3465939504032,3460
3465939603954,3468
3465939703876,3484
3465939803798,3473
3465939903720,3467
3465940003642,3466
3465940103564,3466
3465940203486,3476
3465940303408,3465
3465940403330,3462
3465940503252,3465
3465940603174,3463
3465940703096,3489
3465940803018,3467
3465940902940,3470
