3448952157378,72
3448952257342,54
3448952357296,66
3448952457248,68
3448952557202,56
3448952657154,54
3448952757106,57
3448952857058,54
3448952957021,56
3448953056973,70
3448953156925,54
3448953256877,54
3448953356829,54
3448953456781,54
3448953556733,54
3448953656685,54
3448953756637,55
3448953856589,54
3448953956541,54
3448954056493,54
3448954156445,54
3448954256397,54
3448954356349,54
3448954456301,66
3448954556253,67
3448954656205,56
3448954756157,54
3448954856109,54
3448954956061,54
3448955056013,54
3448955155965,56
3448955255917,54
3448955355869,54
3448955455821,54
3448955555773,53
3448955655725,54
3448955755677,55
3448955855629,54
3448955955581,53
3448956055533,54
3448956155485,54
3448956255437,54
3448956355389,54
3448956455341,54
3448956555293,53
3448956655245,56
3448956755197,54
3448956855149,54
3448956955101,60
3448957055053,56
3448957155005,54
3448957254957,59
3448957354910,64
3448957454862,71
3448957554814,56
3448957654766,56
3448957754719,54
3448957854671,54
3448957954623,55
3448958054575,54
3448958154527,54
3448958254479,54
3448958354431,54
3448958454383,54
3448958554335,54
3448958654287,56
3448958754241,56
3448958854193,54
3448958954145,54
3448959054097,53
3448959154049,68
3448959254009,56
3448959353961,59
3448959453913,57
3448959553865,56
3448959653817,56
3448959753769,54
3448959853721,54
3448959953673,54
3448960053625,54
3448960153577,54
3448960253529,54
3448960353481,54
3448960453433,53
3448960553385,54
3448960653337,69
3448960753289,56
3448960853241,56
3448960953193,56
3448961053145,56
3448961153097,56
3448961253049,68
3448961353004,66
3448961452956,57
3448961552908,54
3448961652860,54
3448961752812,55
3448961852764,54
3448961952716,54
3448962052668,54
3448962152620,54
3448962252572,54
3448962352524,55
3448962452476,54
3448962552432,63
3448962652384,54
3448962752348,54
3448962852300,68
3448962952252,56
3448963052204,56
3448963152156,58
3448963252108,56
3448963352067,57
3448963452019,56
3448963551971,59
3448963651923,56
3448963751875,54
3448963851827,54
3448963951779,53
3448964051731,54
3448964151683,54
3448964251635,54
3448964351587,54
3448964451539,55
3448964551491,54
3448964651443,54
3448964751397,54
3448964851358,54
3448964951310,67
3448965051262,56
3448965151214,56
3448965251166,56
3448965351118,56
3448965451070,56
3448965551022,67
3448965650974,58
3448965750926,55
3448965850878,54
3448965950830,54
3448966050782,54
3448966150734,55
3448966250686,54
3448966350638,53
3448966450590,54
3448966550542,54
3448966650494,54
3448966750446,54
3448966850398,54
3448966950350,54
3448967050302,54
3448967150254,54
3448967250206,54
3448967350158,55
3448967450110,54
3448967550062,55
3448967650018,63
3448967749970,58
3448967849922,55
3448967949874,54
3448968049828,54
3448968149780,55
3448968249732,54
3448968349684,54
3448968449636,54
3448968549588,54
3448968649540,54
3448968749494,55
3448968849446,54
3448968949398,54
3448969049358,54
3448969149310,68
3448969249262,56
3448969349214,56
3448969449166,56
3448969549118,56
3448969649070,57
3448969749022,67
3448969848974,58
3448969948926,54
3448970048878,54
3448970148830,54
3448970248782,54
3448970348734,54
3448970448686,54
3448970548638,54
3448970648591,54
3448970748543,54
3448970848495,54
3448970948447,54
3448971048399,54
3448971148351,54
3448971248303,54
3448971348255,56
3448971448207,54
3448971548159,56
3448971648111,54
3448971748063,54
3448971848015,54
3448971947967,57
3448972047919,54
3448972147871,54
3448972247823,54
3448972347775,54
3448972447727,54
3448972547679,54
3448972647631,54
3448972747589,65
3448972847543,54
3448972947495,55
3448973047447,53
3448973147399,54
3448973247358,54
3448973347310,67
3448973447262,56
3448973547214,56
3448973647166,56
3448973747118,57
3448973847070,57
3448973947022,68
3448974046974,57
3448974146926,54
3448974246878,54
3448974346830,54
3448974446782,54
3448974546734,54
3448974646686,54
3448974746638,54
3448974846590,53
3448974946542,54
3448975046494,54
3448975146446,54
3448975246398,54
3448975346350,54
3448975446302,56
3448975546254,54
3448975646206,56
3448975746158,54
3448975846110,57
3448975946062,54
3448976046014,54
3448976145967,57
3448976245937,54
3448976345889,54
3448976445841,54
3448976545793,54
3448976645745,54
3448976745698,55
3448976845650,54
3448976945602,54
3448977045554,54
3448977145506,54
3448977245458,54
3448977345410,54
3448977445362,54
3448977545314,68
3448977645266,56
3448977745218,57
3448977845174,66
3448977945126,57
3448978045078,56
3448978145030,68
3448978244982,57
3448978344934,55
3448978444886,54
3448978544838,54
3448978644790,54
3448978744742,54
3448978844694,54
3448978944646,54
3448979044598,56
3448979144550,55
3448979244502,54
3448979344454,54
3448979444406,54
3448979544358,54
3448979644310,54
3448979744262,54
3448979844214,54
3448979944166,54
3448980044118,54
3448980144070,54
3448980244022,67
3448980343974,60
3448980443926,54
3448980543878,54
3448980643830,54
3448980743784,54
3448980843736,54
3448980943688,54
3448981043640,54
3448981143592,56
3448981243544,54
3448981343496,54
3448981443448,54
3448981543400,54
3448981643357,55
3448981743309,70
3448981843262,56
3448981943214,56
3448982043166,56
3448982143118,56
3448982243070,56
3448982343022,67
3448982442974,57
3448982542926,54
3448982642878,54
3448982742830,54
3448982842782,54
3448982942734,54
3448983042686,54
3448983142638,54
3448983242594,64
3448983342546,55
3448983442498,54
3448983542450,54
3448983642402,56
3448983742354,54
3448983842306,54
3448983942258,54
3448984042210,54
3448984142162,54
3448984242114,54
3448984342066,54
3448984442018,54
3448984541970,57
3448984641922,54
3448984741874,54
3448984841826,54
3448984941778,54
3448985041730,54
3448985141682,54
3448985241634,54
3448985341586,54
3448985441538,56
3448985541490,54
3448985641442,54
3448985741394,54
3448985841346,67
3448985941298,67
3448986041250,56
3448986141202,56
3448986241154,56
3448986341106,56
3448986441069,56
3448986541021,67
3448986640973,57
3448986740925,54
3448986840877,54
3448986940829,54
3448987040781,54
3448987140733,54
3448987240685,54
3448987340637,54
3448987440589,54
3448987540541,56
3448987640493,54
3448987740445,54
3448987840397,54
3448987940351,55
3448988040307,64
3448988140261,55
3448988240213,55
3448988340165,54
3448988440117,54
3448988540069,55
3448988640021,54
3448988739975,57
3448988839929,54
3448988939881,54
3448989039833,54
3448989139785,54
3448989239739,53
3448989339691,54
3448989439643,56
3448989539595,56
3448989639547,54
3448989739499,55
3448989839451,56
3448989939403,54
3448990039356,54
3448990139308,68
3448990239260,56
3448990339214,56
3448990439166,57
3448990539118,57
3448990639070,56
3448990739022,67
3448990838974,58
3448990938926,56
3448991038878,54
3448991138830,57
3448991238782,54
3448991338734,54
3448991438686,54
3448991538638,54
3448991638590,54
3448991738542,55
3448991838494,54
3448991938446,54
3448992038398,54
3448992138350,55
3448992238302,54
3448992338254,54
3448992438206,54
3448992538158,54
3448992638110,54
3448992738062,56
3448992838014,55
3448992937966,58
3448993037918,54
3448993137872,54
3448993237830,64
3448993337782,54
3448993437734,56
3448993537686,54
3448993637638,54
3448993737590,54
3448993837542,55
3448993937494,54
3448994037446,54
3448994137398,54
3448994237350,67
3448994337302,68
3448994437254,56
3448994537207,57
3448994637159,56
3448994737111,57
3448994837065,56
3448994937017,67
3448995036969,57
3448995136921,54
3448995236875,54
3448995336827,54
3448995436779,54
3448995536731,55
3448995636683,54
3448995736635,54
3448995836587,54
3448995936539,54
3448996036491,54
3448996136443,54
3448996236395,54
3448996336347,54
3448996436299,68
3448996536251,54
3448996636203,54
3448996736155,54
3448996836107,54
3448996936059,54
3448997036013,54
3448997135965,57
3448997235917,54
3448997335869,53
3448997435821,54
3448997535773,56
3448997635725,54
3448997735679,54
3448997835631,55
3448997935583,54
3448998035535,54
3448998135487,54
3448998235441,55
3448998335393,54
3448998435345,66
3448998535300,76
3448998635252,58
3448998735205,57
3448998835157,57
3448998935109,56
3448999035067,56
3448999135019,68
3448999234971,58
3448999334923,54
3448999434875,54
3448999534827,54
3448999634779,54
3448999734731,54
3448999834683,54
3448999934635,54
3449000034587,54
3449000134539,54
3449000234491,54
3449000334459,54
3449000434411,54
3449000534363,54
3449000634315,54
3449000734267,54
3449000834219,54
3449000934171,56
3449001034123,54
3449001134075,54
3449001234027,54
3449001333979,59
3449001433931,56
3449001533883,54
3449001633835,56
3449001733787,54
3449001833740,55
3449001933692,54
3449002033644,54
3449002133596,54
3449002233548,54
3449002333500,54
3449002433452,54
3449002533404,54
3449002633356,54
3449002733309,68
3449002833261,56
3449002933213,56
3449003033165,56
3449003133117,56
3449003233069,56
