3448900948254,386
3448901048219,54
3448901148172,56
3448901248124,56
3448901348076,53
3448901448028,54
3448901547980,67
3448901647932,54
3448901747884,53
3448901847836,54
3448901947788,53
3448902047740,53
3448902147692,53
3448902247644,53
3448902347596,53
3448902447548,53
3448902547500,53
3448902647452,53
3448902747404,53
3448902847356,53
3448902947308,53
3448903047260,67
3448903147212,53
3448903247164,55
3448903347116,53
3448903447068,55
3448903547020,53
3448903646972,68
3448903746924,52
3448903846876,52
3448903946828,53
3448904046780,53
3448904146732,53
3448904246684,53
3448904346636,53
3448904446588,53
3448904546540,53
3448904646492,53
3448904746444,53
3448904846396,61
3448904946348,53
3448905046300,53
3448905146252,53
3448905246204,55
3448905346156,55
3448905446108,53
3448905546060,53
3448905646019,56
3448905745971,67
3448905845923,54
3448905945875,53
3448906045827,53
3448906145779,53
3448906245733,62
3448906345687,54
3448906445639,54
3448906545591,54
3448906645543,54
3448906745495,54
3448906845447,54
3448906945399,56
3448907045351,57
3448907145303,57
3448907245255,56
3448907345207,56
3448907445159,56
3448907545111,56
3448907645067,57
3448907745019,67
3448907844971,56
3448907944923,54
3448908044875,54
3448908144827,54
3448908244779,53
3448908344731,54
3448908444683,54
3448908544635,54
3448908644587,54
3448908744539,54
3448908844491,54
3448908944443,54
3448909044395,54
3448909144348,54
3448909244300,68
3448909344252,56
3448909444204,56
3448909544156,56
3448909644108,56
3448909744068,56
3448909844020,68
3448909943972,59
3448910043924,54
3448910143876,54
3448910243828,54
3448910343780,54
3448910443732,54
3448910543684,54
3448910643637,54
3448910743589,54
3448910843541,56
3448910943493,54
3448911043445,54
3448911143399,55
3448911243354,62
3448911343306,67
3448911443258,55
3448911543210,55
3448911643162,55
3448911743114,55
3448911843069,56
3448911943021,66
3448912042975,56
3448912142928,55
3448912242880,53
3448912342832,53
3448912442784,53
3448912542736,53
3448912642688,53
3448912742640,54
3448912842592,53
3448912942544,53
3448913042496,53
3448913142448,53
3448913242400,53
3448913342352,53
3448913442304,56
3448913542256,55
3448913642208,55
3448913742160,56
3448913842112,54
3448913942064,53
3448914042016,53
3448914141968,56
3448914241920,53
3448914341872,53
3448914441824,53
3448914541776,53
3448914641728,53
3448914741680,53
3448914841632,53
3448914941584,53
3448915041536,53
3448915141488,53
3448915241440,53
3448915341392,53
3448915441344,55
3448915541296,55
3448915641248,55
3448915741200,55
3448915841152,55
3448915941104,55
3448916041067,55
3448916141019,66
3448916240973,56
3448916340929,62
3448916440883,54
3448916540835,54
3448916640787,54
3448916740739,54
3448916840691,54
3448916940643,54
3448917040595,56
3448917140547,54
3448917240499,55
3448917340451,54
3448917440403,59
3448917540355,56
3448917640307,56
3448917740259,56
3448917840212,56
3448917940164,56
3448918040116,56
3448918140068,56
3448918240020,68
3448918339972,58
3448918439924,54
3448918539876,54
3448918639828,54
3448918739780,54
3448918839732,54
3448918939684,56
3448919039636,56
3448919139589,56
3448919239541,54
3448919339493,54
3448919439445,54
3448919539397,54
3448919639359,54
3448919739311,68
3448919839263,56
3448919939215,56
3448920039167,57
3448920139119,56
3448920239071,57
3448920339023,67
3448920438975,58
3448920538927,54
3448920638879,55
3448920738831,54
3448920838783,54
3448920938735,54
3448921038687,54
3448921138639,54
3448921238591,54
3448921338543,54
3448921438499,64
3448921538451,66
3448921638404,53
3448921738356,53
3448921838310,54
3448921938262,53
3448922038214,53
3448922138167,53
3448922238119,53
3448922338071,53
3448922438023,53
3448922537975,56
3448922637927,53
3448922737879,53
3448922837831,54
3448922937783,53
3448923037735,53
3448923137687,53
3448923237639,52
3448923337591,54
3448923437543,53
3448923537495,53
3448923637447,53
3448923737399,53
3448923837361,53
3448923937313,66
3448924037265,55
3448924137217,55
3448924237169,55
3448924337121,55
3448924437073,55
3448924537025,67
3448924636977,56
3448924736929,53
3448924836881,53
3448924936833,53
3448925036802,53
3448925136754,53
3448925236706,53
3448925336658,53
3448925436610,53
3448925536562,55
3448925636514,53
3448925736466,53
3448925836418,54
3448925936370,52
3448926036322,65
3448926136274,53
3448926236226,53
3448926336178,53
3448926436132,53
3448926536088,63
3448926636040,54
3448926735992,57
3448926835944,54
3448926935896,54
3448927035848,54
3448927135800,54
3448927235752,54
3448927335704,54
3448927435656,55
3448927535608,54
3448927635560,57
3448927735512,54
3448927835464,54
3448927935416,54
3448928035368,54
3448928135320,68
3448928235272,56
3448928335224,56
3448928435176,56
3448928535128,56
3448928635080,56
3448928735032,67
3448928834984,57
3448928934936,54
3448929034888,56
3448929134840,54
3448929234792,54
3448929334744,54
3448929434696,56
3448929534648,57
3448929634600,56
3448929734552,56
3448929834504,55
3448929934456,54
3448930034408,54
3448930134360,54
3448930234312,54
3448930334264,54
3448930434216,54
3448930534168,54
3448930634120,58
3448930734072,55
3448930834024,54
3448930933976,61
3448931033928,56
3448931133880,56
3448931233832,56
3448931333784,54
3448931433736,54
3448931533688,55
3448931633644,61
3448931733596,54
3448931833548,53
3448931933500,53
3448932033452,53
3448932133404,53
3448932233356,53
3448932333308,66
3448932433260,55
3448932533212,55
3448932633164,55
3448932733117,56
3448932833069,55
3448932933021,66
3448933032973,56
3448933132925,53
3448933232877,53
3448933332829,53
3448933432781,55
3448933532733,55
3448933632685,54
3448933732637,53
3448933832589,53
3448933932541,53
3448934032493,53
3448934132445,53
3448934232397,53
3448934332360,53
3448934432312,73
3448934532264,68
3448934632216,55
3448934732169,56
3448934832121,55
3448934932073,55
3448935032025,79
3448935131977,56
3448935231929,53
3448935331881,53
3448935431833,55
3448935531785,53
3448935631737,55
3448935731689,53
3448935831641,53
3448935931593,53
3448936031545,54
3448936131497,54
3448936231449,53
3448936331401,53
3448936431353,53
3448936531305,53
3448936631257,53
3448936731211,55
3448936831163,55
3448936931118,65
3448937031075,56
3448937131027,68
3448937230979,57
3448937330931,54
3448937430883,56
3448937530835,56
3448937630788,57
3448937730740,55
3448937830692,55
3448937930644,54
3448938030596,54
3448938130548,54
3448938230501,54
3448938330453,54
3448938430405,54
3448938530357,54
3448938630311,54
3448938730263,54
3448938830215,54
3448938930167,54
3448939030119,54
3448939130071,55
3448939230023,67
3448939329975,57
3448939429927,58
3448939529879,56
3448939629831,56
3448939729783,55
3448939829735,54
3448939929687,54
3448940029639,54
3448940129591,54
3448940229543,54
3448940329495,54
3448940429447,54
3448940529399,54
3448940629362,54
3448940729314,68
3448940829266,56
3448940929218,56
3448941029170,56
3448941129122,56
3448941229074,56
3448941329026,68
3448941428978,60
3448941528930,56
3448941628882,56
3448941728834,56
3448941828787,56
3448941928741,54
3448942028696,62
3448942128650,53
3448942228602,53
3448942328554,53
3448942428506,53
3448942528458,53
3448942628410,53
3448942728362,53
3448942828314,67
3448942928266,55
3448943028218,60
3448943128170,55
3448943228122,55
3448943328074,53
3448943428026,53
3448943527978,55
3448943627930,53
3448943727882,53
3448943827834,53
3448943927786,53
3448944027738,53
3448944127690,53
3448944227642,53
3448944327594,53
3448944427546,53
3448944527498,53
3448944627450,53
3448944727402,54
3448944827354,53
3448944927306,66
3448945027258,55
3448945127210,55
3448945227162,55
3448945327114,55
3448945427066,55
3448945527018,55
3448945626970,58
3448945726922,53
3448945826874,54
3448945926826,53
3448946026778,53
3448946126730,53
3448946226683,54
3448946326635,53
3448946426587,53
3448946526539,53
3448946626491,53
3448946726443,53
3448946826395,53
3448946926347,54
3448947026301,54
3448947126253,53
3448947226205,53
3448947326157,55
3448947426112,66
3448947526064,57
3448947626016,57
3448947725968,59
3448947825920,55
3448947925872,54
3448948025824,54
3448948125776,54
3448948225728,54
3448948325680,54
3448948425632,54
3448948525584,54
3448948625536,53
3448948725488,54
3448948825440,54
3448948925392,54
3448949025344,66
3448949125314,71
3448949225266,57
3448949325218,58
3448949425170,56
3448949525122,56
3448949625074,56
3448949725026,67
3448949824978,58
3448949924930,54
3448950024882,54
3448950124834,54
3448950224786,54
3448950324738,54
3448950424690,54
3448950524642,54
3448950624594,54
3448950724546,54
3448950824498,54
3448950924450,54
3448951024402,54
3448951124354,54
3448951224306,70
3448951324258,56
3448951424210,56
3448951524162,56
3448951624114,56
3448951724066,56
3448951824018,67
3448951923970,59
3448952023922,54
