3536371105972,83854
3536371205934,34211
3536371305859,34149
3536371405782,27532
3536371505705,27358
3536371605627,27722
3536371705550,27765
3536371805472,28130
3536371905395,28466
3536372005318,28874
3536372105241,28833
3536372205164,28910
3536372305087,28827
3536372405021,28933
3536372504944,28949
3536372604867,28889
3536372704790,27970
3536372804712,27909
3536372904635,27904
3536373004557,27983
3536373104480,28821
3536373204403,28476
3536373304325,28639
3536373404248,28027
3536373504171,27875
3536373604096,27950
3536373704022,27936
3536373803944,27936
3536373903866,27905
3536374003789,27931
3536374103711,27969
3536374203633,27944
3536374303555,27924
3536374403477,28026
3536374503400,28046
3536374603323,28020
3536374703248,28127
3536374803171,27966
3536374903094,27906
3536375003016,27940
3536375102939,28470
3536375202861,28477
3536375302783,28475
3536375402705,28024
3536375502628,28081
3536375602550,27929
3536375702472,27984
3536375802395,27945
3536375902317,27922
3536376002240,27921
3536376102162,27954
3536376202085,28192
3536376302007,27888
3536376401930,28057
3536376501853,27943
3536376601776,27952
3536376701699,27921
3536376801622,27955
3536376901545,27904
3536377001468,27898
3536377101391,27907
3536377201314,27958
3536377301237,27965
3536377401160,28831
3536377501083,28479
3536377601005,28438
3536377700928,27943
3536377800850,27969
3536377900774,27895
3536378000696,27973
3536378100619,27959
3536378200541,27985
3536378300464,28231
3536378400387,28035
3536378500310,27878
3536378600233,27880
3536378700156,27996
3536378800078,27869
3536378900003,28114
3536378999925,27902
3536379099848,27921
3536379199771,27861
3536379299694,27925
3536379399617,28249
3536379499540,28373
3536379599463,28181
3536379699385,27884
3536379799308,27928
3536379899231,27870
3536379999154,27876
3536380099077,27873
3536380198999,27905
3536380298922,27925
3536380398844,27920
3536380498767,27953
3536380598689,27897
3536380698612,28129
3536380798534,27861
3536380898457,28094
3536380998380,27915
3536381098302,27883
3536381198225,27434
3536381298782,28663
3536381398704,27995
3536381498627,27941
3536381598549,27912
3536381698472,28398
3536381798395,28413
3536381898317,28443
3536381998239,28539
3536382098161,28591
3536382198084,29679
3536382298007,29672
3536382397929,29720
3536382497852,29675
3536382597775,29685
3536382697698,29660
3536382797621,29646
3536382897543,28767
3536382997465,28503
3536383097387,28849
3536383197309,28521
3536383297232,28540
3536383397154,29080
3536383497077,29095
3536383596999,29043
3536383696921,28569
3536383796843,28568
3536383896765,28557
3536383996687,28496
3536384096609,28532
3536384196531,28562
3536384296453,28475
3536384396375,28498
3536384496298,28538
3536384596220,28518
3536384696142,28777
3536384796064,28488
3536384895986,28493
3536384995909,28505
3536385095831,28518
3536385195753,28470
3536385295675,28517
3536385395597,29060
3536385495520,29037
3536385595442,29044
3536385695364,28523
3536385795287,28743
3536385895210,28541
3536385995132,28483
3536386095068,28534
3536386194990,28570
3536386294912,28549
3536386394834,28537
3536386494756,28526
3536386594679,28551
3536386694602,28708
3536386794525,28453
3536386894447,28505
3536386994369,28544
3536387094292,29040
3536387194214,29094
3536387294136,29234
3536387394058,28541
3536387493981,28512
3536387593903,28488
3536387693826,28546
3536387793749,28547
3536387893671,28537
3536387993593,28510
3536388093515,28473
3536388193437,28562
3536388293359,28506
3536388393282,28644
3536388493205,28501
3536388593128,28522
3536388693050,28695
3536388792972,28568
3536388892894,28523
3536388992816,28561
3536389092738,28531
3536389192660,28510
3536389292582,28500
3536389392504,29032
3536389492427,29072
3536389592349,29037
3536389692271,28504
3536389792194,28524
3536389892117,28678
3536389992040,28500
3536390091963,28488
3536390191886,28546
3536390291808,28537
3536390391732,28512
3536390491655,28491
3536390591577,28532
3536390691500,28801
3536390791423,28539
3536390891357,28456
3536390991280,28547
3536391091202,28549
3536391191125,28668
3536391291049,28065
3536391391614,28094
3536391491537,27397
3536391591490,27386
3536391691413,27383
3536391791335,27862
3536391891258,28010
3536391991181,28038
3536392091104,28045
3536392191026,28626
3536392290949,29189
3536392390871,29142
3536392490794,29186
3536392590717,29132
3536392690640,29290
3536392790563,29214
3536392890486,29149
3536392990409,28250
3536393090332,28208
3536393190254,28108
3536393290177,28082
3536393390100,28510
3536393490023,28503
3536393589945,28505
3536393689868,28025
3536393789791,27969
3536393889713,28025
3536393989636,27945
3536394089559,28022
3536394189481,27976
3536394289404,28120
3536394389327,27949
3536394489250,28045
3536394589173,27959
3536394689096,28191
3536394789018,28006
3536394888940,28007
3536394988862,27998
3536395088784,27977
3536395188708,27989
3536395288631,27993
3536395388554,28481
3536395488478,28441
3536395588400,28458
3536395688322,28060
3536395788245,28111
3536395888167,28032
3536395988090,27978
3536396088013,28028
3536396187936,27982
3536396287858,27976
3536396387780,27970
3536396487703,28016
3536396587626,28177
3536396687551,28194
3536396787474,27974
3536396887396,28003
3536396987321,28028
3536397087244,27981
3536397187167,27981
3536397287090,28007
3536397387013,28472
3536397486936,28484
3536397586859,28448
3536397686781,28140
3536397786703,27956
3536397886625,27998
3536397986547,27986
3536398086469,28175
3536398186391,28022
3536398286315,27981
3536398386238,27986
3536398486160,27961
3536398586083,28013
3536398686006,28196
3536398785929,27985
3536398885852,27975
3536398985774,27974
3536399085696,28361
3536399185618,28744
3536399285543,28474
3536399385466,27983
3536399485389,27940
3536399585312,28024
3536399685235,28003
3536399785158,28039
3536399885081,27937
3536399985006,28018
3536400084928,27962
3536400184850,28070
3536400284773,27949
3536400384696,27973
3536400484619,27988
3536400584541,27984
3536400684464,28210
3536400784386,27982
3536400884309,27972
3536400984231,27976
3536401084154,27974
3536401184076,28004
3536401283998,27940
3536401383922,28452
3536401484490,29272
3536401584413,28623
3536401684336,28555
3536401784259,28599
3536401884181,28490
3536401984103,28855
3536402084025,28552
3536402183947,28550
3536402283869,28525
3536402383792,29707
3536402483715,29705
3536402583638,30003
3536402683561,30180
3536402783484,30526
3536402883406,30446
3536402983329,30409
3536403083251,28832
3536403183173,28421
3536403283096,28321
3536403383018,28396
3536403482941,28481
3536403582863,28347
3536403682787,28405
3536403782709,28345
3536403882631,28347
3536403982553,28338
3536404082475,28367
3536404182397,28324
3536404282320,28346
3536404382242,28338
3536404482165,28319
3536404582087,28569
3536404682010,28569
3536404781933,28374
3536404881855,28354
3536404981777,28341
3536405081699,28338
3536405181622,28322
3536405281544,28367
3536405381466,28317
3536405481389,28385
3536405581311,28321
3536405681233,28447
3536405781155,28305
3536405881078,28409
3536405981003,28360
3536406080925,28550
3536406180847,28383
3536406280769,28389
3536406380691,28345
3536406480614,28354
3536406580536,28311
3536406680458,28614
3536406780380,28352
3536406880302,28403
3536406980225,28352
3536407080147,28387
3536407180070,28340
3536407279992,28396
3536407379914,28294
3536407479836,28376
3536407579758,28322
3536407679681,28401
3536407779603,28342
3536407879525,28339
3536407979448,28346
3536408079370,28351
3536408179292,28371
3536408279215,28324
3536408379137,28341
3536408479060,28345
3536408578983,28305
3536408678906,28595
3536408778828,28335
3536408878750,28404
3536408978672,28313
3536409078594,28346
3536409178516,28339
3536409278438,28352
3536409378360,28364
3536409478282,28340
3536409578204,28365
3536409678126,28440
3536409778048,28403
3536409877971,28290
3536409977893,28399
3536410077815,28309
3536410177737,28368
3536410277659,28358
3536410377581,28355
3536410477504,28355
3536410577426,28365
3536410677359,28569
3536410777281,28393
3536410877204,28334
3536410977126,28423
3536411077048,28354
3536411176970,28469
3536411276892,28334
3536411376814,28400
3536411476738,27999
3536411577302,28084
3536411677225,27440
3536411777148,27382
3536411877071,27377
3536411976994,27635
3536412076936,27604
3536412176859,27697
3536412276781,27603
3536412376704,28574
3536412476627,28774
3536412576550,28880
3536412676473,28959
3536412776396,28710
3536412876319,28683
3536412976242,28698
3536413076165,28691
3536413176088,27625
3536413276011,27611
3536413375934,27603
3536413475857,27606
3536413575779,27608
3536413675703,27641
3536413775625,27610
3536413875547,27605
3536413975469,27621
3536414075391,27608
3536414175314,27609
3536414275237,27600
3536414375161,27630
3536414475084,27605
3536414575006,27626
3536414674929,27816
3536414774851,27632
3536414874773,27608
3536414974696,27592
3536415074618,27756
3536415174541,27609
3536415274464,27616
3536415374386,27612
3536415474309,27626
3536415574231,27616
3536415674154,27665
3536415774076,27611
3536415873998,27622
3536415973921,27613
3536416073844,27610
3536416173767,27612
3536416273689,27582
3536416373612,27595
3536416473535,27604
3536416573457,27778
3536416673380,27793
3536416773303,27591
3536416873226,27597
3536416973149,27644
3536417073072,27596
3536417172994,27595
3536417272916,27631
3536417372838,27615
3536417472761,27600
3536417572683,27615
3536417672606,27664
3536417772529,27633
3536417872452,27623
3536417972374,27616
3536418072296,27625
3536418172218,27616
3536418272140,27598
3536418372062,27617
3536418471984,27607
3536418571906,27602
3536418671829,27792
3536418771751,27646
3536418871673,27653
3536418971596,27639
3536419071518,27623
3536419171440,27608
3536419271362,27756
3536419371284,27610
3536419471207,27598
3536419571129,27601
3536419671052,27646
3536419770975,27615
3536419870897,27611
3536419970820,27611
3536420070742,27619
3536420170664,27619
3536420270586,27606
3536420370508,27619
3536420470431,27625
3536420570354,27608
3536420670277,27790
3536420770199,27627
3536420870121,27622
3536420970043,27606
3536421069965,27625
3536421169887,27639
3536421269810,27613
3536421369732,27600
3536421469655,27594
3536421569578,27454
3536421670132,28683
3536421770055,27968
3536421869978,27924
3536421969901,27944
3536422069823,28035
3536422169746,28183
3536422269668,28159
3536422369590,28179
3536422469513,28426
3536422569436,29090
3536422669359,30072
3536422769282,29964
3536422869204,29391
3536422969126,29014
3536423069048,29014
3536423168971,29049
3536423268895,29069
3536423368817,29055
3536423468740,29030
3536423568662,29516
3536423668585,29044
3536423768508,29027
3536423868430,29056
3536423968352,29046
3536424068274,29038
3536424168196,29057
3536424268118,27933
3536424368042,27940
3536424467964,27935
3536424567886,27935
3536424667809,28104
3536424767731,27946
3536424867653,27928
3536424967575,27927
3536425067498,27940
3536425167420,27921
3536425267342,27947
3536425367266,27952
3536425467188,27933
3536425567110,27924
3536425667032,27977
3536425766954,27943
3536425866876,27929
3536425966798,27915
3536426066720,27920
3536426166642,27971
3536426266564,27934
3536426366486,27927
3536426466409,27932
3536426566332,27926
3536426666255,28050
3536426766180,27936
3536426866102,27928
3536426966024,27924
3536427065948,27921
3536427165871,27935
3536427265793,27919
3536427365715,27922
3536427465637,27917
3536427565561,27938
3536427665483,27974
3536427765405,27912
3536427865327,27925
3536427965249,27917
3536428065172,27911
3536428165094,27924
3536428265016,27920
3536428364938,27919
3536428464860,27919
3536428564782,27931
3536428664704,28084
3536428764627,27965
3536428864549,27935
3536428964471,27926
3536429064393,27921
3536429164315,27931
3536429264237,27915
3536429364159,27927
3536429464082,27943
3536429564007,27931
3536429663929,27985
3536429763852,27935
3536429863775,27930
3536429963697,27913
3536430063619,27915
3536430163543,27927
3536430263465,27933
3536430363387,27921
3536430463310,27949
3536430563233,27919
3536430663155,28117
3536430763078,27947
3536430863004,27932
3536430962926,27926
3536431062848,27936
3536431162770,27950
3536431262692,27949
3536431362614,27923
3536431462536,27941
3536431562458,27901
3536431662382,28025
3536431762945,28093
3536431862867,27405
3536431962790,27373
3536432062713,27379
3536432162635,27434
3536432262558,27371
3536432362481,27363
3536432462404,27360
3536432562346,28167
3536432662269,28653
3536432762192,29433
3536432862115,29067
3536432962038,29083
3536433061961,28828
3536433161884,28856
3536433261807,28942
3536433361731,27405
3536433461654,27363
3536433561576,27369
3536433661499,27385
3536433761421,27378
3536433861343,27372
3536433961265,27390
3536434061187,27366
3536434161109,27385
3536434261031,27360
3536434360953,27367
3536434460876,27389
3536434560798,27390
3536434660720,27476
3536434760644,27429
3536434860566,27360
3536434960488,27390
3536435060410,27389
3536435160332,27363
3536435260254,27386
3536435360176,27386
3536435460099,27373
3536435560021,27411
3536435659943,27372
3536435759865,27391
3536435859787,27363
3536435959709,27381
3536436059631,27364
3536436159553,27374
3536436259475,27356
3536436359398,27476
3536436459322,27404
3536436559244,27395
3536436659167,27489
3536436759091,27387
3536436859013,27379
3536436958935,27397
3536437058859,27399
3536437158781,27382
3536437258704,27392
3536437358626,27371
3536437458549,27373
3536437558471,27394
3536437658393,27373
3536437758316,27383
3536437858238,27358
3536437958160,27379
3536438058082,27380
3536438158004,27380
3536438257926,27389
3536438357848,27778
3536438457771,27393
3536438557694,27371
3536438657618,27517
3536438757541,27387
3536438857463,27378
3536438957387,27365
3536439057310,27372
3536439157232,27373
3536439257154,27392
3536439357077,27379
3536439457000,27386
3536439556922,27444
3536439656844,27383
3536439756767,27376
3536439856689,27372
3536439956611,27361
3536440056534,27367
3536440156456,27372
3536440256378,27382
3536440356301,27358
3536440456224,27379
3536440556147,27370
3536440656070,27537
3536440755993,27385
3536440855915,27382
3536440955837,27361
3536441055760,27375
3536441155682,27378
3536441255604,27393
3536441355526,27550
3536441455449,27393
3536441555371,27377
3536441655295,27353
3536441755218,27439
3536441855784,28667
3536441955706,27964
3536442055628,27922
3536442155551,27947
3536442255473,27923
3536442355396,27912
3536442455319,27948
3536442555241,27918
3536442655163,28081
3536442755086,29708
3536442855009,29593
3536442954932,29911
3536443054854,29636
3536443154776,29798
3536443254699,29710
3536443354621,29775
3536443454544,29073
3536443554466,29035
3536443654388,28530
3536443754311,27934
3536443854233,27926
3536443954155,27924
3536444054077,27937
3536444153999,27923
3536444253921,27934
3536444353843,27936
3536444453766,27935
3536444553688,27934
3536444653610,28089
3536444753533,27940
3536444853455,27947
3536444953377,27948
3536445053299,27941
3536445153221,27930
3536445253143,27929
3536445353065,27932
3536445452988,27961
3536445552912,27922
3536445652834,27921
3536445752756,27934
3536445852678,27934
3536445952600,27946
3536446052522,27911
3536446152444,27927
3536446252366,27926
3536446352288,27926
3536446452210,27956
3536446552132,27946
3536446652054,28131
3536446751976,27975
3536446851898,27922
3536446951820,27945
3536447051742,27920
3536447151664,27923
3536447251586,27914
3536447351508,27919
3536447451430,27953
3536447551352,27945
3536447651274,27929
3536447751197,27934
3536447851119,27926
3536447951041,27925
3536448050963,27929
3536448150885,27934
3536448250807,27948
3536448350730,28099
3536448450652,27970
3536448550574,27937
3536448650496,28147
3536448750418,27952
3536448850340,27963
3536448950262,27948
3536449050184,27930
3536449150106,27978
3536449250029,27912
3536449349951,27940
3536449449873,27955
3536449549795,27938
3536449649717,27911
3536449749639,27950
3536449849561,27925
3536449949483,27933
3536450049405,27930
3536450149327,27936
3536450249250,27943
3536450349172,27946
3536450449094,27947
3536450549016,27914
3536450648938,28138
3536450748861,27961
3536450848783,27967
3536450948705,27952
3536451048628,27933
3536451148550,27936
3536451248472,27931
3536451348394,27930
3536451448317,27944
3536451548239,27939
3536451648161,27923
3536451748083,27944
3536451848007,27978
3536451948573,28101
3536452048495,27385
3536452148418,27383
3536452248340,27365
3536452348263,27674
3536452448186,27394
3536452548109,27393
3536452648031,27566
3536452747954,27473
3536452847876,28436
3536452947799,28469
3536453047740,29135
3536453147663,29102
3536453247586,28985
3536453347509,29081
3536453447432,28442
3536453547356,27367
3536453647278,27387
3536453747202,27428
3536453847124,27383
3536453947046,27381
3536454046968,27410
3536454146890,27386
3536454246812,27584
3536454346734,27607
3536454446657,27390
3536454546579,27680
3536454646501,27783
3536454746424,27566
3536454846346,27562
3536454946268,27575
3536455046190,27358
3536455146112,27372
3536455246036,27382
3536455345958,27464
3536455445881,27394
3536455545803,27368
3536455645727,27376
3536455745649,27382
3536455845571,27352
3536455945493,27388
3536456045418,27375
3536456145340,27377
3536456245262,27368
3536456345184,27554
3536456445107,27361
3536456545030,27377
3536456644953,27696
3536456744878,27396
3536456844800,27378
3536456944722,27591
3536457044644,27392
3536457144566,27374
3536457244488,27378
3536457344410,27376
3536457444333,27386
3536457544256,27391
3536457644178,27370
3536457744100,27428
3536457844022,27361
3536457943944,27398
3536458043867,27378
3536458143789,27359
3536458243711,27384
3536458343633,27376
3536458443556,27374
3536458543478,27370
3536458643400,27576
3536458743323,27380
3536458843245,27382
3536458943167,27399
3536459043090,27366
3536459143012,27384
3536459242934,27390
3536459342856,27525
3536459442779,27399
3536459542701,27371
3536459642623,27460
3536459742545,27378
3536459842467,27365
3536459942389,27382
3536460042311,27352
3536460142233,27413
3536460242156,27385
3536460342078,27551
3536460442004,27400
3536460541926,27404
3536460641848,27617
3536460741771,27386
3536460841693,27385
3536460941615,27368
3536461041537,27369
3536461141459,27394
3536461241381,27365
3536461341303,27370
3536461441226,27395
3536461541148,27366
3536461641070,27379
3536461740993,27435
3536461840915,27364
3536461940839,27429
3536462041416,28683
3536462141338,27971
3536462241260,27940
3536462341183,28704
3536462441106,27950
3536462541029,27935
3536462640952,28142
3536462740875,27957
3536462840797,28153
3536462940719,29610
3536463040642,30304
3536463140565,30471
3536463240488,29666
3536463340411,29572
3536463440334,29022
3536463540257,29050
3536463640179,29140
3536463740103,29059
3536463840025,29031
3536463939947,29075
3536464039870,29037
3536464139792,29031
3536464239714,29030
3536464339636,29045
3536464439558,29063
3536464539480,27934
3536464639402,28141
3536464739326,28143
3536464839250,27938
3536464939172,27946
3536465039096,27911
3536465139018,27936
3536465238940,27915
3536465338862,28060
3536465438784,27941
3536465538706,27929
3536465638628,27923
3536465738551,27975
3536465838473,27929
3536465938395,27936
3536466038317,27926
3536466138239,27911
3536466238163,27919
3536466338085,27917
3536466438008,27956
3536466537930,27948
3536466637852,28112
3536466737774,27959
3536466837696,27928
3536466937618,27943
3536467037540,27932
3536467137462,27935
3536467237384,27923
3536467337306,27942
3536467437228,27950
3536467537150,27924
3536467637072,27926
3536467736994,28005
3536467836916,27931
3536467936838,27941
3536468036760,27936
3536468136682,27933
3536468236604,27930
3536468336526,27909
3536468436448,27939
3536468536370,27939
3536468636292,28078
3536468736216,27973
3536468836138,27931
3536468936062,27945
3536469035985,27912
3536469135909,27904
3536469235831,27932
3536469335753,28107
3536469435676,27948
3536469535598,27921
3536469635520,27921
3536469735442,27945
3536469835364,27939
3536469935286,27933
3536470035208,27933
3536470135130,27902
3536470235052,27914
3536470334974,27919
3536470434897,27933
3536470534819,27923
3536470634741,28094
3536470734664,27962
3536470834587,27929
3536470934509,27947
3536471034431,27907
3536471134355,27902
3536471234277,27934
3536471334199,27999
3536471434122,27934
3536471534046,27909
3536471633968,27938
3536471733891,27933
3536471833813,27935
