3449310648544,849
3449310748510,54
3449310848462,54
3449310948414,53
3449311048366,53
3449311148320,66
3449311248273,56
3449311348225,55
3449311448177,55
3449311548129,56
3449311648081,55
3449311748033,55
3449311847985,56
3449311947937,53
3449312047889,53
3449312147841,53
3449312247793,53
3449312347745,53
3449312447699,53
3449312547651,53
3449312647603,53
3449312747557,53
3449312847509,53
3449312947461,53
3449313047413,53
3449313147365,53
3449313247317,53
3449313347269,53
3449313447221,55
3449313547173,55
3449313647125,55
3449313747077,56
3449313847029,67
3449313946981,56
3449314046933,52
3449314146885,53
3449314246837,53
3449314346789,53
3449314446741,53
3449314546693,53
3449314646645,53
3449314746597,54
3449314846549,53
3449314946501,55
3449315046453,55
3449315146405,56
3449315246357,53
3449315346309,66
3449315446261,55
3449315546213,55
3449315646165,55
3449315746118,56
3449315846080,76
3449315946034,68
3449316045986,57
3449316145938,54
3449316245892,54
3449316345844,54
3449316445796,54
3449316545748,54
3449316645700,54
3449316745652,54
3449316845604,54
3449316945556,54
3449317045508,54
3449317145460,54
3449317245412,54
3449317345364,54
3449317445316,56
3449317545268,56
3449317645220,56
3449317745172,57
3449317845124,57
3449317945076,56
3449318045028,67
3449318144980,57
3449318244932,54
3449318344884,54
3449318444836,54
3449318544788,54
3449318644740,54
3449318744693,54
3449318844645,54
3449318944597,54
3449319044549,54
3449319144501,54
3449319244453,54
3449319344405,54
3449319444357,56
3449319544309,56
3449319644261,56
3449319744213,56
3449319844165,58
3449319944117,58
3449320044069,56
3449320144021,67
3449320243973,60
3449320343925,54
3449320443877,54
3449320543829,54
3449320643781,54
3449320743733,54
3449320843687,54
3449320943649,71
3449321043601,55
3449321143553,53
3449321243505,53
3449321343457,53
3449321443409,55
3449321543361,55
3449321643313,55
3449321743265,53
3449321843217,53
3449321943169,54
3449322043121,53
3449322143073,53
3449322243025,53
3449322342977,56
3449322442929,53
3449322542881,53
3449322642833,53
3449322742785,53
3449322842737,53
3449322942689,53
3449323042641,53
3449323142593,54
3449323242545,53
3449323342497,53
3449323442449,55
3449323542401,53
3449323642353,55
3449323742305,67
3449323842257,55
3449323942209,55
3449324042161,56
3449324142113,55
3449324242067,55
3449324342019,65
3449324441971,56
3449324541923,54
3449324641875,53
3449324741827,54
3449324841779,52
3449324941731,53
3449325041687,53
3449325141639,53
3449325241591,54
3449325341543,53
3449325441495,53
3449325541447,55
3449325641399,55
3449325741351,54
3449325841303,67
3449325941255,56
3449326041217,76
3449326141171,56
3449326241123,56
3449326341075,56
3449326441027,67
3449326540979,57
3449326640931,54
3449326740883,55
3449326840835,54
3449326940787,54
3449327040739,54
3449327140691,56
3449327240643,56
3449327340595,54
3449327440547,54
3449327540499,54
3449327640451,54
3449327740403,54
3449327840361,54
3449327940313,67
3449328040265,56
3449328140217,56
3449328240169,56
3449328340121,56
3449328440073,56
3449328540025,67
3449328639977,57
3449328739931,55
3449328839883,54
3449328939835,54
3449329039787,54
3449329139739,54
3449329239691,54
3449329339643,54
3449329439595,54
3449329539547,54
3449329639499,56
3449329739451,56
3449329839403,54
3449329939358,54
3449330039310,68
3449330139262,56
3449330239214,56
3449330339166,54
3449330439118,56
3449330539070,54
3449330639023,67
3449330738975,57
3449330838927,56
3449330938879,54
3449331038831,56
3449331138783,54
3449331238746,72
3449331338700,55
3449331438652,55
3449331538604,55
3449331638556,56
3449331738508,53
3449331838460,53
3449331938412,53
3449332038366,53
3449332138318,67
3449332238270,55
3449332338222,55
3449332438174,55
3449332538126,55
3449332638078,55
3449332738032,67
3449332837984,56
3449332937936,53
3449333037888,53
3449333137840,53
3449333237792,52
3449333337744,53
3449333437696,55
3449333537648,55
3449333637600,55
3449333737552,55
3449333837504,53
3449333937456,53
3449334037408,53
3449334137360,53
3449334237312,67
3449334337264,55
3449334437216,56
3449334537168,53
3449334637120,54
3449334737090,54
3449334837042,67
3449334936994,56
3449335036946,53
3449335136898,54
3449335236850,53
3449335336802,54
3449335436754,55
3449335536706,56
3449335636658,55
3449335736610,56
3449335836562,53
3449335936514,53
3449336036466,54
3449336136418,53
3449336236372,54
3449336336324,67
3449336436288,89
3449336536240,57
3449336636192,56
3449336736146,58
3449336836098,56
3449336936050,68
3449337036004,66
3449337135956,57
3449337235908,54
3449337335860,54
3449337435812,54
3449337535764,54
3449337635716,54
3449337735668,56
3449337835620,55
3449337935572,54
3449338035524,54
3449338135476,54
3449338235428,54
3449338335380,54
3449338435332,54
3449338535284,69
3449338635236,54
3449338735189,57
3449338835141,56
3449338935093,56
3449339035045,56
3449339134998,70
3449339234950,57
3449339334902,54
3449339434854,54
3449339534806,54
3449339634758,54
3449339734710,54
3449339834662,54
3449339934614,54
3449340034566,54
3449340134518,54
3449340234470,54
3449340334422,54
3449340434374,55
3449340534326,66
3449340634278,56
3449340734230,56
3449340834182,56
3449340934134,56
3449341034086,56
3449341134038,68
3449341233990,60
3449341333942,55
3449341433904,74
3449341533856,53
3449341633808,53
3449341733760,56
3449341833712,54
3449341933664,53
3449342033616,53
3449342133568,53
3449342233520,53
3449342333472,53
3449342433424,53
3449342533376,53
3449342633328,65
3449342733282,68
3449342833234,55
3449342933186,55
3449343033138,55
3449343133090,57
3449343233042,67
3449343332994,55
3449343432946,58
3449343532898,55
3449343632850,55
3449343732802,53
3449343832754,53
3449343932706,53
3449344032658,53
3449344132610,54
3449344232562,53
3449344332514,53
3449344432466,54
3449344532418,65
3449344632370,53
3449344732322,67
3449344832274,55
3449344932226,55
3449345032178,58
3449345132130,56
3449345232082,56
3449345332034,67
3449345431986,59
3449345531938,56
3449345631890,53
3449345731842,53
3449345831794,53
3449345931746,53
3449346031698,53
3449346131650,53
3449346231602,52
3449346331554,53
3449346431506,53
3449346531470,76
3449346631422,54
3449346731374,54
3449346831326,67
3449346931278,56
3449347031230,56
3449347131182,56
3449347231136,58
3449347331088,54
3449347431040,56
3449347530992,59
3449347630944,59
3449347730896,54
3449347830848,54
3449347930800,55
3449348030752,54
3449348130704,54
3449348230656,54
3449348330608,54
3449348430560,54
3449348530512,54
3449348630464,54
3449348730416,54
3449348830368,54
3449348930320,67
3449349030272,56
3449349130224,56
3449349230176,56
3449349330128,56
3449349430080,56
3449349530032,56
3449349629984,60
3449349729936,56
3449349829888,56
3449349929840,54
3449350029792,54
3449350129744,54
3449350229696,54
3449350329648,54
3449350429600,54
3449350529552,54
3449350629504,54
3449350729456,55
3449350829408,54
3449350929360,56
3449351029312,56
3449351129264,56
3449351229216,56
3449351329168,54
3449351429120,54
3449351529074,55
3449351629038,72
3449351728990,56
3449351828942,53
3449351928894,53
3449352028846,53
3449352128798,53
3449352228750,53
3449352328702,53
3449352428654,53
3449352528606,53
3449352628558,53
3449352728510,55
3449352828462,53
3449352928414,54
3449353028366,53
3449353128318,67
3449353228270,55
3449353328222,55
3449353428174,55
3449353528126,56
3449353628078,55
3449353728030,67
3449353827982,57
3449353927934,53
3449354027886,53
3449354127838,53
3449354227790,53
3449354327742,53
3449354427694,53
3449354527646,53
3449354627598,53
3449354727552,54
3449354827504,53
3449354927456,53
3449355027408,53
3449355127360,54
3449355227312,66
3449355327264,53
3449355427216,55
3449355527168,55
3449355627120,55
3449355727072,53
3449355827024,53
3449355926976,56
3449356026928,53
3449356126880,53
3449356226832,53
3449356326784,53
3449356426736,53
3449356526688,53
3449356626640,54
3449356726604,76
3449356826556,56
3449356926508,54
3449357026460,54
3449357126412,54
3449357226364,54
3449357326316,68
3449357426268,68
3449357526220,57
3449357626172,56
3449357726124,57
3449357826077,57
3449357926029,67
3449358025981,57
3449358125933,55
3449358225885,54
3449358325837,54
3449358425789,54
3449358525741,54
3449358625693,54
3449358725645,55
3449358825612,55
3449358925564,54
3449359025516,54
3449359125468,54
3449359225420,54
3449359325372,54
3449359425324,56
3449359525276,56
3449359625228,56
3449359725180,56
3449359825132,54
3449359925084,56
3449360025036,54
3449360124988,63
3449360224940,54
3449360324892,54
3449360424844,54
3449360524796,54
3449360624748,54
3449360724700,55
3449360824652,54
3449360924604,55
3449361024556,54
3449361124508,54
3449361224460,54
3449361324412,54
3449361424364,56
3449361524316,67
3449361624268,56
