3455481676672,2658
3455481776607,54
3455481876529,56
3455481976453,56
3455482076375,55
3455482176297,55
3455482276219,55
3455482376141,55
3455482476063,55
3455482575985,60
3455482675907,56
3455482775829,53
3455482875751,53
3455482975673,53
3455483075595,53
3455483175517,53
3455483275439,52
3455483375361,53
3455483475283,53
3455483575205,53
3455483675127,53
3455483775049,53
3455483874971,56
3455483974893,53
3455484074815,53
3455484174737,53
3455484274659,53
3455484374582,54
3455484474504,53
3455484574426,53
3455484674348,53
3455484774270,53
3455484874192,52
3455484974114,53
3455485074036,53
3455485173958,59
3455485273880,52
3455485373802,52
3455485473724,53
3455485573646,53
3455485673568,53
3455485773491,54
3455485873413,53
3455485973335,52
3455486073257,53
3455486173180,53
3455486273102,53
3455486373024,53
3455486472946,53
3455486572868,53
3455486672790,53
3455486772713,53
3455486872721,154
3455486972643,55
3455487072565,57
3455487172487,55
3455487272409,55
3455487372331,54
3455487472253,57
3455487572175,55
3455487672097,55
3455487772019,55
3455487871941,54
3455487971863,54
3455488071785,54
3455488171707,55
3455488271629,54
3455488371551,55
3455488471473,54
3455488571395,54
3455488671317,55
3455488771239,55
3455488871161,54
3455488971083,57
3455489071005,54
3455489170927,55
3455489270849,55
3455489370771,55
3455489470693,54
3455489570615,54
3455489670537,55
3455489770459,55
3455489870381,55
3455489970303,55
3455490070225,54
3455490170147,57
3455490270069,55
3455490369991,58
3455490469913,54
3455490569835,54
3455490669757,55
3455490769679,55
3455490869601,55
3455490969523,54
3455491069445,54
3455491169367,54
3455491269289,54
3455491369211,54
3455491469133,58
3455491569055,55
3455491668977,58
3455491768899,55
3455491868821,56
3455491968822,140
3455492068744,53
3455492168666,55
3455492268588,56
3455492368510,55
3455492468432,55
3455492568354,55
3455492668276,55
3455492768198,54
3455492868120,52
3455492968042,53
3455493067964,56
3455493167886,53
3455493267808,53
3455493367730,53
3455493467652,53
3455493567574,53
3455493667496,53
3455493767418,56
3455493867340,53
3455493967262,53
3455494067184,53
3455494167106,53
3455494267028,53
3455494366950,56
3455494466872,53
3455494566794,53
3455494666716,54
3455494766638,54
3455494866560,53
3455494966482,53
3455495066404,53
3455495166326,53
3455495266248,52
3455495366170,53
3455495466092,53
3455495566014,53
3455495665936,53
3455495765858,53
3455495865780,53
3455495965702,53
3455496065624,53
3455496165546,53
3455496265468,53
3455496365390,53
3455496465312,53
3455496565234,53
3455496665156,55
3455496765078,53
3455496865000,56
3455496964922,54
3455497064924,147
3455497164846,57
3455497264768,57
3455497364690,55
3455497464612,54
3455497564534,55
3455497664456,54
3455497764378,55
3455497864300,54
3455497964222,55
3455498064144,54
3455498164073,57
3455498263995,61
3455498363917,55
3455498463839,54
3455498563761,55
3455498663683,54
3455498763605,55
3455498863527,55
3455498963449,54
3455499063371,55
3455499163293,54
3455499263215,56
3455499363137,55
3455499463059,54
3455499562981,72
3455499662903,54
3455499762825,55
3455499862747,54
3455499962669,55
3455500062591,56
3455500162513,54
3455500262435,54
3455500362357,54
3455500462279,55
3455500562201,54
3455500662123,55
3455500762045,55
3455500861967,57
3455500961889,55
3455501061811,54
3455501161733,55
3455501261655,55
3455501361577,54
3455501461499,55
3455501561421,54
3455501661343,54
3455501761265,55
3455501861187,55
3455501961109,56
3455502061031,54
3455502161037,151
3455502260959,56
3455502360881,55
3455502460803,55
3455502560725,55
3455502660647,55
3455502760569,53
3455502860491,53
3455502960413,53
3455503060335,53
3455503160257,53
3455503260179,53
3455503360101,53
3455503460023,53
3455503559945,53
3455503659867,53
3455503759789,53
3455503859711,52
3455503959633,53
3455504059555,53
3455504159477,53
3455504259399,53
3455504359321,53
3455504459243,53
3455504559165,53
3455504659087,53
3455504759009,53
3455504858931,53
3455504958853,53
3455505058775,53
3455505158697,53
3455505258619,52
3455505358541,53
3455505458463,53
3455505558385,53
3455505658307,52
3455505758249,54
3455505858171,53
3455505958093,53
3455506058015,53
3455506157937,53
3455506257859,53
3455506357781,52
3455506457703,53
3455506557625,53
3455506657547,53
3455506757469,53
3455506857391,53
3455506957313,53
3455507057235,53
3455507157157,54
3455507257162,149
3455507357084,56
3455507457006,57
3455507556928,55
3455507656850,55
3455507756772,57
3455507856694,54
3455507956616,54
3455508056538,55
3455508156460,55
3455508256382,54
3455508356304,55
3455508456226,55
3455508556148,54
3455508656070,57
3455508755992,59
3455508855914,54
3455508955836,55
3455509055758,54
3455509155680,55
3455509255602,54
3455509355524,54
3455509455446,54
3455509555368,54
3455509655290,54
3455509755212,58
3455509855134,55
3455509955056,55
3455510054978,58
3455510154900,55
3455510254822,55
3455510354744,54
3455510454666,55
3455510554588,55
3455510654510,55
3455510754432,55
3455510854354,55
3455510954277,54
3455511054199,55
3455511154121,55
3455511254043,55
3455511353965,60
3455511453887,54
3455511553809,55
3455511653731,55
3455511753653,55
3455511853575,54
3455511953497,55
3455512053419,56
3455512153341,55
3455512253263,55
3455512353265,141
3455512453187,53
3455512553109,55
3455512653031,56
3455512752953,56
3455512852875,53
3455512952797,53
3455513052719,53
3455513152641,54
3455513252563,53
3455513352485,52
3455513452407,53
3455513552329,53
3455513652251,53
3455513752174,55
3455513852096,54
3455513952018,52
3455514051940,53
3455514151862,53
3455514251784,53
3455514351706,53
3455514451628,52
3455514551550,53
3455514651472,53
3455514751394,54
3455514851316,53
3455514951238,53
3455515051160,53
3455515151082,53
3455515251004,54
3455515350926,53
3455515450848,53
3455515550770,53
3455515650692,53
3455515750614,53
3455515850536,53
3455515950458,53
3455516050380,54
3455516150303,53
3455516250225,53
3455516350147,53
3455516450069,53
3455516549991,57
3455516649913,53
3455516749835,54
3455516849757,53
3455516949679,53
3455517049601,54
3455517149523,53
3455517249445,54
3455517349367,53
3455517449378,155
3455517549300,54
3455517649222,56
3455517749145,58
3455517849067,56
3455517948989,60
3455518048911,57
3455518148833,57
3455518248755,57
3455518348677,57
3455518448599,56
3455518548521,57
3455518648443,56
3455518748365,56
3455518848287,54
3455518948209,55
3455519048131,55
3455519148053,56
3455519247975,58
3455519347897,54
3455519447819,54
3455519547741,55
3455519647663,54
3455519747585,55
3455519847507,55
3455519947429,54
3455520047351,54
3455520147273,55
3455520247195,55
3455520347117,54
3455520447039,55
3455520546961,58
3455520646883,55
3455520746805,55
3455520846727,55
3455520946649,55
3455521046571,54
3455521146493,55
3455521246415,54
3455521346337,54
3455521446259,54
3455521546181,54
3455521646103,57
3455521746025,55
3455521845947,59
3455521945869,54
3455522045791,55
3455522145713,55
3455522245636,55
3455522345558,54
3455522445480,56
3455522545489,148
3455522645411,53
3455522745333,56
3455522845255,53
3455522945177,53
3455523045099,53
3455523145021,55
3455523244943,53
3455523344865,53
3455523444787,53
3455523544709,53
3455523644631,53
3455523744553,53
3455523844475,53
3455523944397,52
3455524044319,53
3455524144241,53
3455524244163,52
3455524344085,53
3455524444007,53
3455524543929,53
3455524643851,53
3455524743773,54
3455524843695,53
3455524943617,53
3455525043539,53
3455525143461,53
3455525243383,53
3455525343305,52
3455525443227,53
3455525543149,53
3455525643071,53
3455525742993,56
3455525842915,54
3455525942837,53
3455526042759,53
3455526142681,53
3455526242603,53
3455526342525,53
3455526442447,53
3455526542369,53
3455526642291,53
3455526742213,53
3455526842135,53
3455526942057,53
3455527041979,57
3455527141901,54
3455527241823,53
3455527341745,53
3455527441667,52
3455527541589,53
3455527641599,153
3455527741521,55
3455527841443,57
3455527941365,58
3455528041287,57
3455528141209,58
3455528241131,59
3455528341053,56
3455528440975,60
3455528540897,58
3455528640819,56
3455528740741,55
3455528840663,55
3455528940585,57
3455529040507,55
3455529140429,55
3455529240351,55
3455529340273,55
3455529440195,55
3455529540117,55
3455529640039,54
3455529739961,58
3455529839900,55
3455529939822,55
3455530039744,55
3455530139666,55
3455530239588,55
3455530339510,54
3455530439432,55
3455530539354,55
3455530639276,55
3455530739198,55
3455530839120,55
3455530939042,55
3455531038964,60
3455531138886,54
3455531238808,56
3455531338730,55
3455531438652,54
3455531538574,54
3455531638496,54
3455531738418,55
3455531838340,56
3455531938262,55
3455532038184,55
3455532138106,55
3455532238028,55
3455532337950,58
3455532437872,55
3455532537794,55
