3156973849904,99951
3156973949891,99950
3156974049843,99950
3156974149794,99950
3156974249745,99950
3156974349696,99950
3156974449647,99950
3156974549598,99950
3156974649549,99950
3156974749501,99950
3156974849452,99950
3156974949403,99950
3156975049354,99950
3156975149305,99950
3156975249256,99950
3156975349207,99950
3156975449158,99950
3156975549109,99950
3156975649060,99950
3156975749011,99950
3156975848962,99950
3156975948913,99950
3156976048864,99950
3156976148815,99950
3156976248766,99950
3156976348717,99950
3156976448668,99950
3156976548619,99950
3156976648570,99950
3156976748521,99950
3156976848472,99950
3156976948423,99950
3156977048374,99950
3156977148325,99950
3156977248276,99950
3156977348227,99950
3156977448178,99950
3156977548129,99950
3156977648082,99950
3156977748033,99950
3156977847984,99950
3156977947935,99950
3156978047886,99950
3156978147837,99950
3156978247788,99950
3156978347739,99950
3156978447690,99950
3156978547641,99950
3156978647592,99950
3156978747543,99950
3156978847494,99950
3156978947445,99950
3156979047396,99950
3156979147347,99950
3156979247298,99950
3156979347249,99950
3156979447200,99950
3156979547151,99950
3156979647102,99950
3156979747053,99950
3156979847004,99950
3156979946955,99950
3156980046907,99951
3156980146858,99950
3156980246809,99950
3156980346760,99950
3156980446711,99950
3156980546662,99950
3156980646613,99950
3156980746564,99950
3156980846515,99950
3156980946466,99950
3156981046417,99950
3156981146368,99950
3156981246319,99950
3156981346270,99950
3156981446221,99950
3156981546172,99950
3156981646123,99950
3156981746074,99950
3156981846025,99950
3156981945976,99950
3156982045927,99950
3156982145878,99950
3156982245829,99950
3156982345780,99950
3156982445731,99950
3156982545682,99950
3156982645633,99950
3156982745584,99950
3156982845535,99950
3156982945486,99950
3156983045437,99950
3156983145388,99950
3156983245339,99950
3156983345290,99950
3156983445241,99950
3156983545192,99950
3156983645143,99950
3156983745094,99950
3156983845045,99950
3156983944996,99950
3156984045035,100038
3156984144987,99950
3156984244939,99951
3156984344891,99950
3156984444842,99950
3156984544793,99950
3156984644744,99950
3156984744695,99950
3156984844646,99950
3156984944597,99950
3156985044548,99950
3156985144499,99950
3156985244450,99950
3156985344401,99950
3156985444352,99950
3156985544303,99950
3156985644254,99950
3156985744205,99950
3156985844156,99950
3156985944107,99950
3156986044058,99950
3156986144009,99950
3156986243960,99950
3156986343911,99950
3156986443862,99950
3156986543813,99950
3156986643764,99950
3156986743715,99950
3156986843666,99950
3156986943617,99950
3156987043568,99950
3156987143520,99951
3156987243471,99950
3156987343422,99950
3156987443373,99950
3156987543324,99950
3156987643275,99950
3156987743226,99950
3156987843177,99950
3156987943128,99950
3156988043079,99950
3156988143030,99950
3156988242981,99950
3156988342932,99950
3156988442883,99950
3156988542834,99950
3156988642785,99950
3156988742736,99950
3156988842687,99950
3156988942638,99950
3156989042589,99950
3156989142540,99950
3156989242491,99950
3156989342442,99950
3156989442393,99950
3156989542344,99950
3156989642295,99950
3156989742246,99950
3156989842197,99950
3156989942148,99950
3156990042099,99950
3156990142051,99953
3156990242005,99950
3156990341956,99950
3156990441907,99950
3156990541858,99950
3156990641809,99950
3156990741760,99950
3156990841711,99950
3156990941662,99950
3156991041614,99951
3156991141565,99950
3156991241516,99950
3156991341467,99950
3156991441418,99950
3156991541369,99950
3156991641320,99950
3156991741271,99950
3156991841222,99950
3156991941173,99950
3156992041124,99950
3156992141075,99950
3156992241026,99950
3156992340977,99950
3156992440928,99950
3156992540879,99950
3156992640830,99950
3156992740781,99950
3156992840732,99950
3156992940683,99950
3156993040634,99950
3156993140586,99950
3156993240537,99950
3156993340488,99950
3156993440439,99950
3156993540390,99950
3156993640341,99950
3156993740292,99950
3156993840243,99950
3156993940194,99950
3156994040146,99950
3156994140185,100038
3156994240136,99950
3156994340119,99950
3156994440070,99950
3156994540021,99950
3156994639972,99950
3156994739923,99950
3156994839874,99950
3156994939825,99950
3156995039776,99950
3156995139727,99950
3156995239678,99950
3156995339629,99950
3156995439580,99950
3156995539531,99950
3156995639482,99950
3156995739433,99950
3156995839384,99950
3156995939335,99950
3156996039286,99950
3156996139237,99950
3156996239188,99950
3156996339139,99950
3156996439090,99950
3156996539041,99950
3156996638992,99950
3156996738943,99950
3156996838894,99950
3156996938845,99950
3156997038796,99950
3156997138747,99950
3156997238698,99950
3156997338649,99950
3156997438600,99950
3156997538551,99950
3156997638502,99950
3156997738453,99950
3156997838404,99950
3156997938355,99950
3156998038306,99950
3156998138257,99950
3156998238208,99950
3156998338159,99950
3156998438110,99950
3156998538061,99950
3156998638012,99950
3156998737963,99950
3156998837914,99950
3156998937865,99950
3156999037816,99950
3156999137767,99950
3156999237718,99950
3156999337669,99950
3156999437620,99950
3156999537571,99950
3156999637522,99950
3156999737473,99950
3156999837424,99950
3156999937375,99950
3157000037326,99950
3157000137277,99950
3157000237228,99950
3157000337179,99950
3157000437130,99950
3157000537081,99950
3157000637032,99950
3157000736983,99950
3157000836934,99950
3157000936885,99950
3157001036836,99950
3157001136787,99950
3157001236738,99950
3157001336689,99950
3157001436640,99950
3157001536591,99950
3157001636542,99950
3157001736493,99950
3157001836444,99950
3157001936395,99950
3157002036346,99950
3157002136297,99950
3157002236248,99950
3157002336199,99950
3157002436150,99950
3157002536101,99950
3157002636052,99951
3157002736005,99950
3157002835956,99950
3157002935907,99950
3157003035858,99950
3157003135809,99950
3157003235760,99950
3157003335711,99950
3157003435662,99950
3157003535613,99950
3157003635564,99950
3157003735515,99950
3157003835466,99950
3157003935417,99950
3157004035368,99950
3157004135320,99950
3157004235358,100037
3157004335310,99950
3157004435261,99950
3157004535212,99950
3157004635164,99950
3157004735115,99950
3157004835067,99951
3157004935018,99950
3157005034969,99950
3157005134920,99950
3157005234871,99950
3157005334822,99950
3157005434773,99950
3157005534724,99950
3157005634675,99950
3157005734626,99950
3157005834577,99950
3157005934528,99950
3157006034479,99950
3157006134430,99950
3157006234381,99950
3157006334333,99951
3157006434284,99950
3157006534235,99950
3157006634186,99950
3157006734137,99950
3157006834088,99950
3157006934039,99950
3157007033990,99950
3157007133942,99951
3157007233893,99950
3157007333844,99950
3157007433795,99950
3157007533746,99950
3157007633697,99950
3157007733648,99950
3157007833599,99950
3157007933550,99950
3157008033501,99950
3157008133452,99950
3157008233403,99950
3157008333354,99950
3157008433305,99950
3157008533256,99950
3157008633207,99950
3157008733158,99950
3157008833109,99950
3157008933060,99950
3157009033011,99950
3157009132962,99950
3157009232913,99950
3157009332864,99950
3157009432815,99950
3157009532766,99950
3157009632717,99950
3157009732668,99950
3157009832619,99950
3157009932570,99950
3157010032521,99950
3157010132473,99951
3157010232424,99950
3157010332375,99950
3157010432326,99950
3157010532277,99950
3157010632228,99950
3157010732180,99951
3157010832131,99950
3157010932082,99950
3157011032033,99950
3157011131984,99950
3157011231935,99950
3157011331886,99950
3157011431837,99950
3157011531788,99950
3157011631739,99950
3157011731690,99950
3157011831641,99950
3157011931592,99950
3157012031543,99950
3157012131494,99950
3157012231445,99950
3157012331396,99950
3157012431347,99950
3157012531298,99950
3157012631249,99950
3157012731201,99951
3157012831152,99950
3157012931103,99950
3157013031054,99950
3157013131006,99951
3157013230957,99950
3157013330908,99950
3157013430859,99950
3157013530810,99950
3157013630761,99950
3157013730712,99950
3157013830663,99950
3157013930614,99950
3157014030565,99950
3157014130516,99950
3157014230468,99950
3157014330503,100034
3157014430454,99950
3157014530405,99950
3157014630356,99950
3157014730307,99950
3157014830279,99950
3157014930230,99950
3157015030181,99950
3157015130132,99950
3157015230083,99950
3157015330034,99950
3157015429985,99950
3157015529936,99950
3157015629887,99950
3157015729838,99950
3157015829789,99950
3157015929740,99950
3157016029691,99950
3157016129642,99950
3157016229593,99950
3157016329544,99950
3157016429495,99950
3157016529446,99950
3157016629397,99950
3157016729348,99950
3157016829299,99950
3157016929250,99950
3157017029201,99950
3157017129152,99950
3157017229103,99950
3157017329054,99950
3157017429005,99950
3157017528956,99950
3157017628907,99950
3157017728858,99950
3157017828809,99950
3157017928760,99950
3157018028711,99950
3157018128662,99950
3157018228613,99950
3157018328564,99950
3157018428515,99950
3157018528466,99950
3157018628417,99950
3157018728368,99950
3157018828319,99950
3157018928270,99950
3157019028221,99950
3157019128172,99950
3157019228123,99950
3157019328074,99950
3157019428025,99950
3157019527976,99950
3157019627927,99950
3157019727878,99950
3157019827829,99950
3157019927780,99950
3157020027731,99950
3157020127682,99950
3157020227633,99950
3157020327584,99950
3157020427535,99950
3157020527486,99950
3157020627437,99950
3157020727388,99950
3157020827339,99950
3157020927290,99950
3157021027241,99950
3157021127192,99950
3157021227143,99950
3157021327094,99950
3157021427045,99950
3157021526996,99950
3157021626947,99950
3157021726898,99950
3157021826849,99950
3157021926800,99950
3157022026751,99950
3157022126702,99950
3157022226653,99950
3157022326604,99950
3157022426555,99950
3157022526506,99950
3157022626457,99950
3157022726408,99950
3157022826359,99950
3157022926310,99950
3157023026261,99950
3157023126213,99951
3157023226164,99950
3157023326115,99950
3157023426066,99950
3157023526017,99950
3157023625968,99950
3157023725919,99950
3157023825870,99950
3157023925821,99950
3157024025772,99950
3157024125723,99950
3157024225674,99950
3157024325625,99950
3157024425663,100037
3157024525615,99950
3157024625567,99951
3157024725518,99950
3157024825469,99950
3157024925420,99950
3157025025372,99951
3157025125323,99950
3157025225274,99950
3157025325225,99950
3157025425176,99950
3157025525127,99950
3157025625078,99950
3157025725029,99950
3157025824980,99950
3157025924931,99950
3157026024882,99950
3157026124833,99950
3157026224784,99950
3157026324735,99950
3157026424686,99950
3157026524637,99950
3157026624588,99950
3157026724539,99950
3157026824490,99950
3157026924441,99950
3157027024392,99950
3157027124344,99951
3157027224295,99950
3157027324246,99950
3157027424197,99950
3157027524148,99950
3157027624099,99950
3157027724050,99955
3157027824007,99950
3157027923958,99950
3157028023909,99950
3157028123860,99950
3157028223811,99950
3157028323762,99950
3157028423713,99950
3157028523664,99950
3157028623615,99950
3157028723566,99950
3157028823517,99950
3157028923468,99950
3157029023419,99950
3157029123370,99950
3157029223321,99950
3157029323272,99950
3157029423223,99950
3157029523174,99950
3157029623125,99950
3157029723076,99950
3157029823027,99950
3157029922978,99950
3157030022929,99950
3157030122880,99950
3157030222831,99950
3157030322782,99950
3157030422733,99950
3157030522684,99950
3157030622635,99950
3157030722586,99950
3157030822537,99950
3157030922488,99950
3157031022439,99950
3157031122390,99950
3157031222341,99950
3157031322292,99950
3157031422243,99950
3157031522194,99950
3157031622145,99950
3157031722096,99950
3157031822047,99950
3157031921998,99950
3157032021949,99950
3157032121900,99950
3157032221851,99950
3157032321802,99950
3157032421753,99950
3157032521704,99950
3157032621655,99950
3157032721606,99950
3157032821557,99950
3157032921508,99950
3157033021459,99950
3157033121410,99950
3157033221362,99951
3157033321313,99950
3157033421264,99950
3157033521215,99950
3157033621166,99950
3157033721117,99950
3157033821068,99950
3157033921019,99950
3157034020970,99950
3157034120921,99950
3157034220872,99950
3157034320823,99950
3157034420775,99951
3157034520816,100040
3157034620767,99950
3157034720718,99950
3157034820669,99950
3157034920620,99950
3157035020571,99950
3157035120522,99950
3157035220473,99950
3157035320447,99950
3157035420398,99950
3157035520349,99950
3157035620300,99950
3157035720251,99950
3157035820202,99950
3157035920153,99950
3157036020104,99950
3157036120055,99950
3157036220006,99950
3157036319957,99950
3157036419908,99950
3157036519859,99950
3157036619810,99950
3157036719761,99950
3157036819712,99950
3157036919663,99950
3157037019614,99950
3157037119565,99950
3157037219516,99950
3157037319467,99950
3157037419418,99950
3157037519369,99950
3157037619320,99950
3157037719271,99950
3157037819222,99950
3157037919173,99950
3157038019124,99950
3157038119075,99950
3157038219026,99950
3157038318977,99950
3157038418928,99950
3157038518879,99950
3157038618830,99950
3157038718781,99950
3157038818732,99950
3157038918683,99950
3157039018634,99950
3157039118585,99950
3157039218536,99950
3157039318487,99950
3157039418438,99950
3157039518389,99950
3157039618340,99950
3157039718291,99950
3157039818242,99950
3157039918193,99950
3157040018144,99950
3157040118095,99950
3157040218047,99951
3157040317998,99950
3157040417949,99950
3157040517900,99950
3157040617851,99950
3157040717802,99950
3157040817753,99950
3157040917704,99950
3157041017655,99950
3157041117606,99950
3157041217557,99950
3157041317508,99950
3157041417459,99950
3157041517410,99950
3157041617361,99950
3157041717312,99950
3157041817263,99950
3157041917214,99950
3157042017165,99950
3157042117116,99950
3157042217067,99950
3157042317018,99950
3157042416969,99950
3157042516920,99950
3157042616871,99950
3157042716822,99950
3157042816773,99950
3157042916724,99950
3157043016675,99950
3157043116626,99950
3157043216577,99950
3157043316528,99950
3157043416479,99950
3157043516430,99950
3157043616381,99950
3157043716332,99950
3157043816283,99950
3157043916234,99950
3157044016185,99950
3157044116136,99950
3157044216087,99950
3157044316038,99950
3157044415989,99950
3157044515941,99951
3157044615979,100037
3157044715931,99950
3157044815882,99950
3157044915833,99950
3157045015785,99951
3157045115736,99950
3157045215687,99950
3157045315638,99950
3157045415589,99950
3157045515541,99951
3157045615492,99950
3157045715443,99950
3157045815394,99950
3157045915345,99950
3157046015296,99950
3157046115247,99950
3157046215198,99950
3157046315149,99950
3157046415100,99950
3157046515051,99952
3157046615004,99950
3157046714955,99950
3157046814906,99950
3157046914857,99950
3157047014808,99950
3157047114759,99950
3157047214711,99951
3157047314662,99950
3157047414613,99950
3157047514564,99950
3157047614515,99950
3157047714466,99950
3157047814417,99950
3157047914368,99950
3157048014319,99950
3157048114270,99950
3157048214221,99950
3157048314172,99950
3157048414123,99950
3157048514074,99950
3157048614025,99950
3157048713976,99950
3157048813927,99950
3157048913878,99950
3157049013829,99950
3157049113780,99950
3157049213731,99950
3157049313682,99950
3157049413633,99950
3157049513584,99950
3157049613535,99950
3157049713486,99950
3157049813437,99950
3157049913388,99950
3157050013339,99950
3157050113290,99950
3157050213242,99950
3157050313193,99950
3157050413144,99950
3157050513095,99950
3157050613046,99950
3157050712997,99950
3157050812948,99950
3157050912899,99950
3157051012850,99950
3157051112801,99950
3157051212752,99950
3157051312703,99950
3157051412654,99950
3157051512605,99950
3157051612556,99950
3157051712507,99950
3157051812458,99950
3157051912409,99950
3157052012360,99950
3157052112311,99950
3157052212262,99950
3157052312213,99950
3157052412164,99950
3157052512115,99950
3157052612066,99950
3157052712017,99950
3157052811968,99950
3157052911919,99950
3157053011870,99950
3157053111821,99950
3157053211773,99951
3157053311724,99950
3157053411675,99950
3157053511626,99950
3157053611577,99950
3157053711528,99950
3157053811479,99950
3157053911431,99951
3157054011382,99950
3157054111333,99950
3157054211284,99950
3157054311235,99950
3157054411186,99950
3157054511137,99950
3157054611088,99950
3157054711134,100045
3157054811085,99950
3157054911036,99950
3157055010987,99950
3157055110938,99950
3157055210889,99950
3157055310840,99950
3157055410791,99950
3157055510742,99950
3157055610694,99951
3157055710664,99950
3157055810615,99950
3157055910566,99950
3157056010517,99950
3157056110468,99950
3157056210419,99950
3157056310370,99950
3157056410321,99950
3157056510272,99950
3157056610223,99950
3157056710174,99950
3157056810125,99950
3157056910076,99950
3157057010027,99950
3157057109978,99950
3157057209929,99950
3157057309880,99950
3157057409831,99950
3157057509782,99950
3157057609733,99950
3157057709684,99950
3157057809635,99950
3157057909586,99950
3157058009537,99950
3157058109488,99950
3157058209439,99950
3157058309390,99950
3157058409341,99950
3157058509292,99950
3157058609243,99950
3157058709194,99950
3157058809145,99950
3157058909096,99950
3157059009047,99950
3157059108998,99950
3157059208949,99950
3157059308900,99950
3157059408851,99950
3157059508802,99950
3157059608753,99950
3157059708704,99950
3157059808655,99950
3157059908606,99950
3157060008557,99950
3157060108508,99950
3157060208459,99950
3157060308410,99950
3157060408361,99950
3157060508312,99950
3157060608263,99950
3157060708214,99950
3157060808165,99950
3157060908116,99950
3157061008067,99950
3157061108018,99950
3157061207969,99950
3157061307920,99950
3157061407871,99950
3157061507822,99950
3157061607773,99950
3157061707724,99950
3157061807675,99950
3157061907626,99950
3157062007577,99950
3157062107528,99950
3157062207479,99950
3157062307430,99950
3157062407381,99950
3157062507332,99950
3157062607283,99950
3157062707234,99950
3157062807185,99950
3157062907136,99950
3157063007087,99950
3157063107038,99950
3157063206989,99950
3157063306941,99950
3157063406894,99950
3157063506845,99950
3157063606796,99950
3157063706747,99950
3157063806698,99950
3157063906649,99950
3157064006600,99950
3157064106551,99950
3157064206502,99950
3157064306453,99950
3157064406404,99950
3157064506355,99950
3157064606306,99950
3157064706257,99950
3157064806295,100037
3157064906247,99951
3157065006199,99951
3157065106150,99950
3157065206101,99950
3157065306052,99951
3157065406005,99950
3157065505956,99950
3157065605907,99950
3157065705859,99951
3157065805810,99950
3157065905762,99951
3157066005714,99951
3157066105665,99950
3157066205616,99950
3157066305567,99950
3157066405518,99950
3157066505469,99950
3157066605420,99950
3157066705372,99951
3157066805323,99950
3157066905274,99950
3157067005225,99950
3157067105176,99950
3157067205128,99950
3157067305079,99950
3157067405030,99950
3157067504981,99950
3157067604933,99951
3157067704885,99951
3157067804836,99950
3157067904787,99950
3157068004738,99950
3157068104689,99950
3157068204640,99950
3157068304592,99951
3157068404543,99950
3157068504494,99950
3157068604445,99950
3157068704396,99950
3157068804347,99950
3157068904298,99950
3157069004249,99950
3157069104200,99950
3157069204151,99950
3157069304102,99950
3157069404053,99953
3157069504007,99950
3157069603958,99950
3157069703909,99950
3157069803860,99950
3157069903811,99950
3157070003762,99950
3157070103713,99950
3157070203665,99951
3157070303616,99950
3157070403567,99950
3157070503518,99950
3157070603469,99950
3157070703420,99950
3157070803371,99950
3157070903322,99950
3157071003273,99950
3157071103224,99950
3157071203175,99950
3157071303126,99950
3157071403077,99950
3157071503028,99950
3157071602979,99950
3157071702930,99950
3157071802881,99950
3157071902832,99950
3157072002783,99950
3157072102734,99950
3157072202685,99950
3157072302636,99950
3157072402587,99950
3157072502538,99950
3157072602489,99950
3157072702440,99950
3157072802391,99950
3157072902342,99950
3157073002293,99950
3157073102244,99950
3157073202195,99950
3157073302146,99950
3157073402097,99950
3157073502048,99950
3157073601999,99950
3157073701950,99950
3157073801901,99950
3157073901852,99950
3157074001803,99950
3157074101754,99950
3157074201705,99950
3157074301656,99950
3157074401607,99950
3157074501558,99950
3157074601509,99950
