3536157275941,38233
3536157375911,8587
3536157475836,8451
3536157575761,8436
3536157675683,7081
3536157775607,6819
3536157875529,6818
3536157975451,6824
3536158075373,6818
3536158175295,6815
3536158275217,6817
3536158375139,6808
3536158475061,6796
3536158574984,6807
3536158674907,7104
3536158774831,6869
3536158874753,6808
3536158974675,6811
3536159074597,6802
3536159174520,6805
3536159274444,6818
3536159374366,6811
3536159474288,6808
3536159574210,6798
3536159674132,6811
3536159774054,6804
3536159873976,6810
3536159973898,6812
3536160073822,6809
3536160173744,6806
3536160273666,6809
3536160373588,6813
3536160473511,6806
3536160573433,6819
3536160673356,6824
3536160773279,6821
3536160873201,6814
3536160973123,6809
3536161073045,6809
3536161172968,6820
3536161272890,6808
3536161372812,6807
3536161472735,6812
3536161572657,6810
3536161672579,6817
3536161772501,6804
3536161872423,6806
3536161972345,6814
3536162072267,6813
3536162172189,6815
3536162272111,6813
3536162372034,6811
3536162471957,6812
3536162571879,6813
3536162671802,6826
3536162771724,6820
3536162871646,6811
3536162971568,6811
3536163071490,6812
3536163171413,6809
3536163271335,6816
3536163371257,6814
3536163471179,6810
3536163571101,6806
3536163671023,6805
3536163770945,6815
3536163870867,6809
3536163970789,6810
3536164070711,6813
3536164170633,6812
3536164270555,6816
3536164370477,6804
3536164470400,6810
3536164570322,6817
3536164670245,6816
3536164770169,6847
3536164870091,6812
3536164970013,6797
3536165069936,6818
3536165169858,6811
3536165269780,6812
3536165369702,6807
3536165469625,6803
3536165569547,6815
3536165669469,6816
3536165769392,6809
3536165869315,6810
3536165969237,6814
3536166069159,6804
3536166169081,6802
3536166269004,6796
3536166368926,6807
3536166468848,6806
3536166568770,6809
3536166668693,6818
3536166768615,6820
3536166868538,6824
3536166968460,6812
3536167068382,6824
3536167168304,6816
3536167268226,6820
3536167368148,6802
3536167468072,6879
3536167568166,7243
3536167668088,6964
3536167768010,6920
3536167867933,7204
3536167967855,7252
3536168067779,6933
3536168167701,6931
3536168267623,6934
3536168367545,6927
3536168467467,6934
3536168567389,6940
3536168667313,6949
3536168767236,6943
3536168867160,6931
3536168967082,6933
3536169067005,6930
3536169166927,6925
3536169266849,6925
3536169366771,6917
3536169466694,6928
3536169566616,6921
3536169666538,6920
3536169766460,6931
3536169866382,6925
3536169966304,6927
3536170066226,6928
3536170166148,6927
3536170266070,6934
3536170365992,6925
3536170465914,6924
3536170565836,6923
3536170665758,6958
3536170765680,6932
3536170865603,6926
3536170965525,6925
3536171065447,6922
3536171165369,6924
3536171265291,6924
3536171365213,6922
3536171465136,6935
3536171565058,6915
3536171664980,6922
3536171764903,6929
3536171864825,6920
3536171964747,6925
3536172064669,6926
3536172164591,6927
3536172264514,6928
3536172364437,6982
3536172464359,6928
3536172564281,6922
3536172664203,6980
3536172764125,6923
3536172864047,6923
3536172963970,6925
3536173063892,6922
3536173163814,6928
3536173263736,6937
3536173363658,6926
3536173463581,6933
3536173563503,6929
3536173663425,6926
3536173763348,6937
3536173863270,6926
3536173963192,6935
3536174063114,6927
3536174163036,6928
3536174262958,6932
3536174362880,6935
3536174462803,6929
3536174562726,6937
3536174662656,6982
3536174762579,6942
3536174862501,6920
3536174962423,6927
3536175062345,6928
3536175162267,6936
3536175262189,6932
3536175362111,6939
3536175462034,6942
3536175561956,6941
3536175661878,6923
3536175761801,6933
3536175861723,6924
3536175961646,6931
3536176061569,6927
3536176161491,6934
3536176261413,6926
3536176361335,6924
3536176461258,6935
3536176561180,6925
3536176661103,7000
3536176761026,6949
3536176860948,6930
3536176960870,6932
3536177060793,6934
3536177160716,6937
3536177260638,6933
3536177360560,6930
3536177460483,6934
3536177560405,6916
3536177660329,6998
3536177760418,7071
3536177860340,6849
3536177960263,6809
3536178060185,7083
3536178160107,7081
3536178260031,6803
3536178359953,6815
3536178459876,6811
3536178559798,6810
3536178659720,6881
3536178759642,6821
3536178859589,6812
3536178959511,6804
3536179059433,6811
3536179159355,6817
3536179259277,6819
3536179359199,6813
3536179459122,6815
3536179559044,6809
3536179658966,6807
3536179758888,6804
3536179858810,6808
3536179958732,6803
3536180058654,6813
3536180158576,6805
3536180258498,6819
3536180358420,6809
3536180458342,6819
3536180558265,6815
3536180658187,6900
3536180758109,6816
3536180858031,6807
3536180957953,6813
3536181057875,6807
3536181157797,6814
3536181257719,6812
3536181357641,6807
3536181457563,6812
3536181557485,6812
3536181657407,6811
3536181757329,6802
3536181857251,6808
3536181957173,6800
3536182057095,6803
3536182157017,6806
3536182256939,6809
3536182356861,6811
3536182456783,6804
3536182556705,6795
3536182656627,6874
3536182756549,6821
3536182856471,6810
3536182956393,6799
3536183056315,6807
3536183156237,6806
3536183256159,6795
3536183356081,6813
3536183456004,6800
3536183555926,6811
3536183655848,6802
3536183755771,6803
3536183855693,6809
3536183955615,6801
3536184055537,6804
3536184155459,6808
3536184255381,6810
3536184355303,6876
3536184455226,6809
3536184555148,6801
3536184655070,6878
3536184754993,6820
3536184854915,6844
3536184954837,6809
3536185054759,6809
3536185154681,6809
3536185254603,6809
3536185354526,6925
3536185454448,6825
3536185554371,6816
3536185654294,6821
3536185754217,6814
3536185854139,6807
3536185954061,6827
3536186053983,6821
3536186153907,6823
3536186253829,6813
3536186353751,6812
3536186453674,6821
3536186553596,6807
3536186653519,6871
3536186753441,6818
3536186853363,6805
3536186953285,6818
3536187053207,6803
3536187153130,6816
3536187253052,6813
3536187352974,6807
3536187452897,6831
3536187552819,6820
3536187652741,6814
3536187752664,6817
3536187852588,6878
3536187952676,7250
3536188052598,6959
3536188152521,6923
3536188252444,7203
3536188352366,7208
3536188452289,6944
3536188552211,7207
3536188652133,7263
3536188752057,6946
3536188851979,6943
3536188951903,6942
3536189051825,6927
3536189151747,6928
3536189251669,6925
3536189351591,6930
3536189451514,6943
3536189551436,6936
3536189651358,6924
3536189751281,6930
3536189851203,6934
3536189951125,6944
3536190051047,6925
3536190150969,6922
3536190250891,6927
3536190350813,6925
3536190450735,6946
3536190550657,6925
3536190650579,6998
3536190750502,6948
3536190850424,6930
3536190950346,6943
3536191050269,6930
3536191150191,6935
3536191250113,6929
3536191350035,6922
3536191449957,6947
3536191549879,6924
3536191649801,6925
3536191749724,6934
3536191849646,6926
3536191949568,6941
3536192049491,6935
3536192149413,6924
3536192249335,6922
3536192349257,6929
3536192449180,6941
3536192549103,6926
3536192649025,6958
3536192748947,6943
3536192848869,6922
3536192948791,6936
3536193048713,6929
3536193148635,6935
3536193248557,6929
3536193348479,6925
3536193448402,6944
3536193548324,6939
3536193648246,6938
3536193748169,6967
3536193848091,6927
3536193948013,6930
3536194047935,6929
3536194147857,6925
3536194247779,6923
3536194347701,6927
3536194447624,6938
3536194547547,6932
3536194647469,6968
3536194747392,6954
3536194847314,6930
3536194947236,6943
3536195047158,6969
3536195147081,6930
3536195247003,6920
3536195346925,6917
3536195446847,6924
3536195546769,6918
3536195646691,6919
3536195746614,6927
3536195846536,6924
3536195946459,6927
3536196046381,6924
3536196146304,6923
3536196246226,6930
3536196346148,6966
3536196446070,6941
3536196545992,6926
3536196645914,6961
3536196745837,6939
3536196845759,6921
3536196945681,6923
3536197045603,6918
3536197145525,6924
3536197245448,6925
3536197345370,6925
3536197445293,6928
3536197545216,6935
3536197645138,6924
3536197745061,6963
3536197844983,6933
3536197944905,6936
3536198044829,6994
3536198144917,7326
3536198244840,6849
3536198344762,6804
3536198444685,7081
3536198544608,7084
3536198644530,7082
3536198744454,6823
3536198844376,6797
3536198944298,6806
3536199044220,6815
3536199144142,6808
3536199244064,6808
3536199343986,6803
3536199443908,6813
3536199543830,6805
3536199643752,6813
3536199743674,6805
3536199843596,6813
3536199943518,6799
3536200043441,6809
3536200143363,6811
3536200243285,6806
3536200343207,6812
3536200443149,6806
3536200543071,6816
3536200642993,6802
3536200742916,6828
3536200842838,6802
3536200942760,6801
3536201042682,6808
3536201142604,6810
3536201242526,6815
3536201342448,6803
3536201442370,6802
3536201542292,6812
3536201642214,6811
3536201742136,6848
3536201842058,6804
3536201941980,6811
3536202041902,6819
3536202141824,6814
3536202241746,6805
3536202341668,6814
3536202441590,6812
3536202541512,6814
3536202641434,6818
3536202741357,6826
3536202841279,6811
3536202941201,6819
3536203041123,6809
3536203141045,6814
3536203240967,6808
3536203340889,6802
3536203440811,6805
3536203540733,6817
3536203640655,6810
3536203740578,6806
3536203840500,6810
3536203940422,6801
3536204040344,6807
3536204140266,6812
3536204240188,6815
3536204340110,6802
3536204440033,6805
3536204539956,6809
3536204639878,6811
3536204739800,6820
3536204839722,6816
3536204939644,6814
3536205039566,6813
3536205139488,6822
3536205239410,6814
3536205339333,6811
3536205439255,6806
3536205539177,6815
3536205639099,6806
3536205739022,6815
3536205838944,6803
3536205938866,6804
3536206038788,6807
3536206138710,6815
3536206238632,6800
3536206338554,6815
3536206438476,6817
3536206538398,6812
3536206638320,6811
3536206738243,6827
3536206838165,6803
3536206938087,6808
3536207038009,6811
3536207137931,6823
3536207237854,6816
3536207337776,6811
3536207437698,6811
3536207537620,7137
3536207637542,6816
3536207737465,6817
3536207837387,6813
3536207937309,6805
3536208037231,6820
3536208137153,6876
3536208237077,6875
3536208337171,7247
3536208437094,6963
3536208537016,6917
3536208636938,7230
3536208736861,7227
3536208836785,7202
3536208936707,7197
3536209036629,7200
3536209136551,7205
3536209236475,7203
3536209336399,7196
3536209436321,7203
3536209536245,7205
3536209636167,7201
3536209736091,7201
3536209836015,7207
3536209935937,7207
3536210035859,7200
3536210135781,7205
3536210235703,7211
3536210335626,7203
3536210435549,7205
3536210535472,7196
3536210635399,7209
3536210735322,6947
3536210835244,6925
3536210935166,6919
3536211035088,6933
3536211135010,6920
3536211234935,6926
3536211334858,6923
3536211434780,6931
3536211534702,6924
3536211634624,6920
3536211734546,6927
3536211834468,6922
3536211934390,6931
3536212034312,7085
3536212134234,6916
3536212234156,6927
3536212334078,6920
3536212434006,6919
3536212533929,6932
3536212633851,6926
3536212733774,6942
3536212833696,6934
3536212933618,6926
3536213033541,6925
3536213133464,6937
3536213233386,6926
3536213333308,6927
3536213433231,6932
3536213533153,6930
3536213633075,6924
3536213732997,6935
3536213832919,6937
3536213932841,6929
3536214032763,6927
3536214132685,6934
3536214232607,6929
3536214332529,6929
3536214432452,6936
3536214532374,6930
3536214632296,6927
3536214732218,6954
3536214832140,6926
3536214932063,6933
3536215031985,6925
3536215131907,6934
3536215231829,6929
3536215331751,6933
3536215431674,6930
3536215531596,6927
3536215631518,6923
3536215731441,6926
3536215831363,6929
3536215931285,6937
3536216031207,6935
3536216131130,6934
3536216231052,6921
3536216330974,6922
3536216430897,6926
3536216530819,6981
3536216630741,6926
3536216730664,6940
3536216830586,6924
3536216930508,6930
3536217030430,6996
3536217130353,6930
3536217230275,6928
3536217330197,6928
3536217430120,6931
3536217530042,7003
3536217629965,6930
3536217729888,6937
3536217829810,6934
3536217929733,6932
3536218029655,6994
3536218129577,6935
3536218229499,6924
3536218329421,6918
3536218429345,7001
3536218529434,7130
3536218629356,6846
3536218729279,6819
3536218829201,7084
3536218929123,7076
3536219029047,6848
3536219128971,6814
3536219228893,6807
3536219328815,6810
3536219428738,6824
3536219528660,7074
3536219628582,7080
3536219728504,7079
3536219828426,7088
3536219928348,7092
3536220028270,7082
3536220128192,7086
3536220228114,6802
3536220328036,6795
3536220427959,6818
3536220527881,6821
3536220627803,6815
3536220727726,6828
3536220827648,6803
3536220927570,6815
3536221027492,6815
3536221127414,6814
3536221227336,6808
3536221327258,6807
3536221427181,6859
3536221527103,6798
3536221627025,6811
3536221726947,6814
3536221826869,6805
3536221926813,6808
3536222026735,6796
3536222126657,6793
3536222226579,6790
3536222326501,6847
3536222426424,6881
3536222526346,6844
3536222626268,6810
3536222726190,6817
3536222826112,6805
3536222926034,6793
3536223025956,6873
3536223125878,6814
3536223225800,6808
3536223325722,6803
3536223425644,6883
3536223525566,6878
3536223625488,6814
3536223725410,6826
3536223825332,6803
3536223925254,6809
3536224025176,6797
3536224125098,6803
3536224225020,6800
3536224324942,6808
3536224424864,6893
3536224524786,6806
3536224624708,6805
3536224724630,6827
3536224824553,6809
3536224924475,6797
3536225024397,6802
3536225124319,6808
3536225224241,6806
3536225324163,6933
3536225424085,6884
3536225524008,6805
3536225623930,6815
3536225723853,6818
3536225823777,6808
3536225923699,6806
3536226023621,6813
3536226123543,6807
3536226223465,6810
3536226323387,6811
3536226423309,6895
3536226523231,6808
3536226623153,6796
3536226723075,6813
3536226822997,6809
3536226922919,6819
3536227022841,6807
3536227122763,6805
3536227222686,6808
3536227322608,6802
3536227422530,6894
3536227522452,6813
3536227622374,6807
3536227722296,6806
3536227822218,6810
3536227922140,6803
3536228022062,6810
3536228121984,6813
3536228221907,6808
3536228321829,6808
3536228421751,6897
3536228521674,6810
3536228621598,6888
3536228721687,7228
3536228821609,6961
3536228921532,6930
3536229021455,7192
3536229121378,7200
3536229221302,7211
3536229321224,7381
3536229421146,7300
3536229521069,6940
3536229620991,6937
3536229720913,6935
3536229820835,6929
3536229920757,6931
3536230020679,6931
3536230120601,6931
3536230220523,6924
3536230320445,6922
3536230420367,6992
3536230520290,6933
3536230620212,6930
3536230720135,6948
3536230820057,6924
3536230919979,6932
3536231019901,6929
3536231119824,6935
3536231219746,6922
3536231319668,6929
3536231419590,6962
3536231519513,6937
3536231619435,6920
3536231719358,6931
3536231819280,6932
3536231919202,6926
3536232019124,6926
3536232119046,6926
3536232218968,6934
3536232318890,6998
3536232418813,6955
3536232518736,6938
3536232618658,6929
3536232718581,6947
3536232818503,6925
3536232918425,6928
3536233018347,6931
3536233118270,7064
3536233218192,6930
3536233318114,6928
3536233418036,6942
3536233517959,6927
3536233617881,6926
3536233717804,6931
3536233817727,6931
3536233917649,6925
3536234017571,6929
3536234117493,6927
3536234217415,6922
3536234317337,6934
3536234417259,6941
3536234517182,6952
3536234617104,6933
3536234717027,6933
3536234816949,6926
3536234916871,6926
3536235016793,6927
3536235116715,6932
3536235216638,6930
3536235316560,6921
3536235416483,6933
3536235516406,6924
3536235616328,6930
3536235716251,6924
3536235816173,6921
3536235916096,6931
3536236016018,6931
3536236115941,6926
3536236215863,6928
3536236315785,6929
3536236415707,6938
3536236515630,6923
3536236615552,6927
3536236715475,6941
3536236815397,6921
3536236915319,6922
3536237015242,6920
3536237115165,6933
3536237215087,6934
3536237315009,6917
3536237414931,6941
3536237514854,6930
3536237614776,6924
3536237714699,7000
3536237814621,6935
3536237914543,6936
3536238014465,6925
3536238114388,6929
3536238214310,7151
3536238314382,6970
3536238414305,6945
3536238514227,6929
3536238614149,6928
3536238714072,6932
3536238813996,6996
3536238914093,7068
3536239014015,6837
3536239113937,6796
3536239213860,7084
3536239313782,7079
3536239413706,6814
3536239513628,6921
3536239613551,7084
3536239713473,7095
3536239813396,7094
3536239913318,7085
3536240013240,6814
3536240113162,6806
3536240213084,6811
3536240313006,6808
3536240412928,6867
3536240512850,6875
3536240612772,6817
3536240712695,6907
3536240812617,6853
3536240912539,6862
3536241012461,6855
3536241112383,6869
3536241212306,6933
3536241312228,6822
3536241412150,6798
3536241512073,6804
3536241611995,6806
3536241711917,6807
3536241811839,6804
3536241911761,6812
3536242011683,6807
3536242111605,6803
3536242211527,6814
3536242311449,6819
3536242411371,6812
3536242511294,6857
3536242611216,6801
3536242711139,6817
3536242811061,6815
3536242910983,6808
3536243010906,6815
3536243110828,7024
3536243210750,6814
3536243310672,6810
3536243410594,6815
3536243510534,6818
3536243610456,6805
3536243710379,6809
3536243810301,6805
3536243910223,6817
3536244010145,6804
3536244110067,6808
3536244209990,6820
3536244309912,6815
3536244409834,6810
3536244509756,6815
3536244609678,6812
3536244709601,6825
3536244809523,6810
3536244909445,6815
3536245009367,6814
3536245109289,6822
3536245209211,6816
3536245309133,6805
3536245409055,6812
3536245508977,6814
3536245608899,6808
3536245708822,6814
3536245808744,6809
3536245908666,6814
3536246008588,6811
3536246108510,6812
3536246208433,6826
3536246308355,6803
3536246408277,6808
3536246508199,6811
3536246608121,6808
3536246708044,6822
3536246807966,6851
3536246907888,6807
3536247007810,6817
3536247107732,6816
3536247207654,6847
3536247307576,6814
3536247407498,6800
3536247507420,6807
3536247607342,6808
3536247707264,6817
3536247807186,6802
3536247907108,6806
3536248007030,6804
3536248106952,6803
3536248206874,6808
3536248306797,6822
3536248406719,6805
3536248506642,6816
3536248606564,6945
3536248706486,6822
3536248806408,6815
3536248906330,6809
3536249006254,6872
3536249106344,7229
3536249206267,6955
3536249306189,6924
3536249406111,7195
3536249506034,7198
3536249605958,7207
3536249705882,7197
3536249805805,7203
3536249905727,7198
3536250005649,7203
3536250105571,7199
3536250205493,7201
3536250305415,7206
3536250405337,7207
3536250505259,7205
3536250605182,7205
3536250705105,6947
3536250805027,7037
3536250904949,6932
3536251004871,6925
3536251104793,6930
3536251204715,6923
3536251304637,6922
3536251404559,6931
3536251504482,6931
3536251604404,6919
3536251704327,6933
3536251804249,6929
3536251904171,6923
3536252004093,6925
3536252104016,6919
3536252203938,6938
3536252303862,6924
3536252403784,6931
3536252503707,6927
3536252603629,6928
3536252703552,6957
3536252803474,6924
3536252903396,6926
3536253003318,6924
3536253103240,6931
3536253203162,6939
3536253303084,6933
3536253403006,6931
3536253502929,6940
3536253602851,6930
3536253702774,6947
3536253802696,6939
3536253902618,6925
3536254002540,6930
3536254102462,6928
3536254202384,6942
3536254302306,6922
3536254402228,6934
3536254502150,6932
3536254602073,6943
3536254701996,6964
3536254801918,6928
3536254901840,6924
3536255001762,6926
3536255101684,6937
3536255201606,6946
3536255301528,6927
3536255401451,6931
3536255501374,6947
3536255601296,6925
3536255701218,6952
3536255801141,6930
3536255901063,6933
3536256000985,6964
3536256100908,6926
3536256200831,6973
3536256300753,6927
3536256400676,6956
3536256500599,6934
3536256600521,6935
3536256700444,6998
3536256800367,6934
3536256900289,6920
3536257000212,6951
3536257100135,6929
3536257200057,6933
3536257299979,6933
3536257399901,6928
3536257499824,6922
3536257599746,6925
3536257699669,6946
3536257799591,6930
3536257899513,6921
3536257999435,6927
3536258099357,6928
3536258199280,6972
3536258299203,6941
3536258399125,6932
3536258499048,6927
3536258598971,6932
3536258698894,6997
3536258798816,6937
3536258898738,6936
3536258998660,6933
