713872349874,24691
713872449805,5212
713872549708,5404
713872649610,5118
713872749512,5079
713872849414,5078
713872949316,5092
713873049218,5077
713873149120,5079
713873249022,5079
713873348924,5075
713873448826,5111
713873548728,5076
713873648630,5074
713873748532,5075
713873848434,5130
713873948336,5075
713874048238,5075
713874148140,5075
713874248042,5079
713874347944,5077
713874447846,5108
713874547748,5075
713874647650,5075
713874747552,5081
713874847454,5075
713874947356,5074
713875047258,5074
713875147160,5075
713875247062,5079
713875346964,5078
713875446866,5111
713875546768,5073
713875646670,5074
713875746572,5073
713875846474,5076
713875946376,5074
713876046278,5075
713876146180,5074
713876246082,5078
713876345984,5078
713876445886,5109
713876545788,5075
713876645690,5074
713876745592,5074
713876845494,5073
713876945396,5074
713877045298,5074
713877145200,5074
713877245102,5080
713877345004,5076
713877444906,5114
713877544808,5076
713877644710,5074
713877744612,5076
713877844514,5074
713877944416,5077
713878044318,5075
713878144220,5077
713878244122,5080
713878344024,5075
713878443926,5080
713878543828,5077
713878643730,5087
713878743632,5079
713878843534,5076
713878943436,5078
713879043338,5078
713879143240,5079
713879243142,5078
713879343044,5078
713879442946,5081
713879542848,5078
713879642750,5080
713879742652,5079
713879842554,5079
713879942456,5077
713880042358,5078
713880142260,5119
713880242162,5076
713880342064,5080
713880441966,5081
713880541868,5077
713880641770,5078
713880741672,5078
713880841574,5078
713880941476,5079
713881041378,5079
713881141280,5077
713881241182,5079
713881341084,5079
713881440986,5085
713881540888,5080
713881640790,5077
713881740692,5079
713881840594,5078
713881940496,5078
713882040398,5080
713882140300,5103
713882240202,5282
713882340104,5281
713882441517,7049
713882541420,5364
713882641322,5149
713882741224,5149
713882841126,5146
713882941028,5144
713883040930,5149
713883140832,5146
713883240734,5147
713883340636,5148
713883440538,5151
713883540440,5148
713883640342,5148
713883740245,5160
713883840148,5149
713883940050,5149
713884039952,5151
713884139854,5151
713884239756,5148
713884339658,5146
713884439560,5147
713884539462,5147
713884639364,5148
713884739266,5151
713884839168,5147
713884939070,5145
713885038972,5152
713885138874,5152
713885238776,5145
713885338678,5145
713885438580,5144
713885538482,5142
713885638384,5145
713885738286,5144
713885838188,5143
713885938090,5145
713886037992,5149
713886137894,5147
713886237796,5143
713886337698,5143
713886437600,5145
713886537502,5141
713886637404,5142
713886737306,5147
713886837208,5149
713886937110,5143
713887037012,5142
713887136914,5144
713887236816,5143
713887336718,5143
713887436620,5142
713887536522,5141
713887636424,5142
713887736326,5143
713887836228,5142
713887936130,5142
713888036032,5142
713888135934,5147
713888235836,5140
713888335738,5146
713888435641,5146
713888535543,5145
713888635445,5153
713888735347,5146
713888835249,5144
713888935151,5144
713889035053,5143
713889134955,5146
713889234857,5148
713889334759,5144
713889434661,5143
713889534563,5144
713889634465,5143
713889734367,5145
713889834269,5142
713889934171,5144
713890034073,5143
713890133975,5150
713890233877,5151
713890333779,5146
713890433681,5144
713890533583,5147
713890633485,5146
713890733387,5151
713890833289,5145
713890933191,5145
713891033093,5145
713891132995,5151
713891232897,5149
713891332799,5146
713891432701,5148
713891532603,5148
713891632505,5149
713891732407,5145
713891832309,5146
713891932211,5149
713892032113,5147
713892132015,5160
713892231917,5147
713892331819,5148
713892433232,6732
713892533134,5079
713892633036,5079
713892732938,5084
713892832840,5079
713892932742,5079
713893032644,5078
713893132546,5079
713893232448,5077
713893332350,5077
713893432252,5078
713893532154,5079
713893632056,5079
713893731958,5081
713893831860,5079
713893931762,5079
713894031664,5079
713894131566,5078
713894231468,5079
713894331370,5078
713894431272,5079
713894531174,5079
713894631076,5078
713894730978,5083
713894830880,5078
713894930782,5077
713895030684,5079
713895130610,5080
713895230512,5078
713895330414,5079
713895430316,5077
713895530218,5080
713895630120,5079
713895730022,5077
713895829924,5083
713895929826,5076
713896029728,5078
713896129630,5079
713896229532,5078
713896329434,5077
713896429336,5078
713896529238,5077
713896629140,5077
713896729042,5077
713896828944,5082
713896928846,5076
713897028748,5111
713897128650,5076
713897228552,5076
713897328454,5075
713897428356,5076
713897528258,5075
713897628160,5075
713897728062,5076
713897827964,5077
713897927866,5074
713898027768,5110
713898127670,5079
713898227572,5075
713898327474,5075
713898427376,5074
713898527278,5079
713898627180,5075
713898727082,5073
713898826984,5077
713898926886,5074
713899026788,5091
713899126690,5077
713899226592,5072
713899326494,5075
713899426396,5075
713899526298,5076
713899626200,5073
713899726102,5072
713899826004,5075
713899925906,5075
713900025808,5075
713900125710,5077
713900225612,5074
713900325514,5075
713900425416,5075
713900525318,5078
713900625220,5075
713900725122,5076
713900825024,5076
713900924926,5079
713901024828,5075
713901124730,5080
713901224632,5077
713901324534,5076
713901424436,5077
713901524338,5082
713901624240,5077
713901724142,5075
713901824044,5076
713901923946,5081
713902023848,5076
713902123750,5082
713902223652,5079
713902323554,5078
713902424968,6795
713902524870,5151
713902624772,5144
713902724674,5147
713902824576,5145
713902924478,5146
713903024380,5143
713903124282,5147
713903224184,5144
713903324086,5143
713903423988,5153
713903523890,5680
713903623792,5149
713903723694,5149
713903823596,5146
713903923498,5146
713904023400,5464
713904123302,5151
713904223204,5147
713904323106,5182
713904423008,5150
713904522910,5160
713904622812,5146
713904722714,5151
713904822616,5148
713904922518,5150
713905022420,5147
713905122322,5148
713905222224,5147
713905322126,5149
713905422028,5151
713905521930,5149
713905621832,5147
713905721734,5148
713905821636,5148
713905921538,5148
713906021440,5146
713906121342,5146
713906221244,5146
713906321146,5148
713906421048,5149
713906520950,5148
713906620852,5147
713906720754,5155
713906820656,5149
713906920558,5146
713907020460,5147
713907120362,5182
713907220264,5146
713907320166,5148
713907420068,5149
713907519970,5151
713907619872,5151
713907719774,5148
713907819676,5147
713907919578,5147
713908019480,5147
713908119382,5149
713908219284,5147
713908319186,5145
713908419088,5149
713908518990,5148
713908618892,5149
713908718794,5147
713908818696,5144
713908918598,5145
713909018500,5142
713909118402,5144
713909218304,5144
713909318206,5144
713909418108,5146
713909518010,5145
713909617912,5146
713909717814,5145
713909817716,5143
713909917618,5142
713910017520,5141
713910117422,5145
713910217324,5144
713910317226,5143
713910417128,5147
713910517030,5144
713910616932,5146
713910716834,5148
713910816736,5145
713910916638,5143
713911016540,5141
713911116442,5142
713911216344,5144
713911316246,5143
713911416148,5143
713911516050,5144
713911615952,5145
713911715854,5142
713911815756,5143
713911915658,5142
713912015560,5144
713912115462,5146
713912215364,5144
713912315266,5145
713912416676,6700
713912516578,5075
713912616480,5075
713912716382,5112
713912816284,5076
713912916186,5074
713913016088,5074
713913115990,5076
713913215892,5074
713913315794,5074
713913415696,5075
713913515598,5074
713913615500,5074
713913715402,5075
713913815304,5074
713913915206,5075
713914015108,5076
713914115010,5063
713914214912,5041
713914314814,5060
713914414716,5062
713914514618,5074
713914614520,5075
713914714422,5076
713914814324,5075
713914914226,5075
713915014128,5075
713915114030,5075
713915213932,5080
713915313834,5079
713915413736,5078
713915513638,5079
713915613540,5077
713915713442,5077
713915813344,5079
713915913246,5077
713916013148,5078
713916113050,5077
713916212952,5081
713916312854,5114
713916412756,5078
713916512658,5078
713916612560,5078
713916712462,5079
713916812364,5078
713916912266,5080
713917012168,5079
713917112070,5078
713917211972,5083
713917311874,5078
713917411776,5077
713917511678,5079
713917611580,5079
713917711482,5079
713917811384,5078
713917911301,5081
713918011203,5079
713918111105,5079
713918211007,5078
713918310909,5225
713918410811,5106
713918510713,5115
713918610615,5079
713918710517,5080
713918810419,5079
713918910321,5080
713919010223,5151
713919110125,5079
713919210027,5080
713919309929,5081
713919409831,5077
713919509733,5150
713919609635,5078
713919709537,5077
713919809439,5077
713919909341,5075
713920009243,5150
713920109145,5080
713920209047,5083
713920308949,5081
713920408851,5077
713920508753,5145
713920608655,5076
713920708557,5075
713920808459,5073
713920908361,5075
713921008263,5112
713921108165,5075
713921208067,5076
713921307969,5078
713921407871,5074
713921507773,5074
713921607675,5074
713921707577,5076
713921807479,5073
713921907381,5076
713922007283,5075
713922107185,5073
713922207087,5075
713922306989,5084
713922408402,6773
713922508304,5145
713922608206,5145
713922708108,5147
713922808010,5143
713922907912,5146
713923007814,5143
713923107716,5142
713923207618,5142
713923307520,5166
713923407422,5144
713923507324,5142
713923607226,5144
713923707128,5149
713923807030,5146
713923906932,5147
713924006834,5145
713924106736,5144
713924206638,5144
713924306540,5143
713924406442,5144
713924506344,5144
713924606246,5143
713924706148,5148
713924806050,5144
713924905952,5146
713925005854,5143
713925105756,5144
713925205658,5142
713925305560,5141
713925405462,5144
713925505364,5144
713925605266,5144
713925705168,5143
713925805070,5144
713925904972,5146
713926004874,5147
713926104776,5143
713926204678,5145
713926304580,5144
713926404482,5146
713926504384,5145
713926604286,5143
713926704188,5145
713926804090,5142
713926903992,5147
713927003894,5148
713927103796,5148
713927203698,5159
713927303600,5147
713927403502,5145
713927503404,5148
713927603306,5145
713927703208,5166
713927803110,5184
713927903012,5149
713928002914,5158
713928102816,5148
713928202718,5160
713928302620,5149
713928402522,5149
713928502424,5149
713928602326,5147
713928702228,5170
713928802130,5150
713928902032,5147
713929001934,5150
713929101836,5147
713929201738,5159
713929301640,5148
713929401542,5150
713929501445,5150
713929601347,5149
713929701249,5163
713929801151,5146
713929901053,5148
713930000955,5153
713930100857,5149
713930200759,5160
713930300661,5146
713930400563,5148
713930500465,5149
713930600367,5148
713930700269,5203
713930800171,5149
713930900073,5147
713930999975,5151
713931099877,5154
713931199779,5157
713931299681,5148
713931399583,5148
713931499485,5150
713931599387,5149
713931699289,5213
713931799191,5147
713931899093,5148
713931998995,5149
713932098897,5149
713932198799,5143
713932298701,5144
713932400091,6686
713932499993,5081
713932599895,5079
713932699797,5136
713932799699,5078
713932899601,5077
713932999503,5078
713933099405,5078
713933199307,5091
713933299209,5077
713933399111,5077
713933499013,5077
713933598915,5075
713933698817,5076
713933798719,5076
713933898621,5075
713933998523,5074
713934098425,5075
713934198327,5074
713934298229,5075
713934398131,5075
713934498033,5076
713934597935,5076
713934697837,5149
713934797739,5073
713934897641,5076
713934997543,5076
713935097445,5075
713935197347,5074
713935297249,5074
713935397151,5075
713935497053,5074
713935596955,5077
713935696857,5075
713935796759,5076
713935896661,5074
713935996563,5076
713936096465,5075
713936196367,5075
713936296269,5075
713936396171,5076
713936496073,5077
713936595975,5077
713936695877,5113
713936795779,5074
713936895681,5075
713936995583,5074
713937095485,5074
713937195387,5075
713937295289,5083
713937395191,5074
713937495093,5077
713937594995,5077
713937694897,5113
713937794799,5075
713937894701,5075
713937994603,5076
713938094505,5075
713938194407,5075
713938294309,5077
713938394211,5075
713938494113,5077
713938594015,5077
713938693917,5154
713938793819,5077
713938893721,5077
713938993623,5078
713939093525,5076
713939193427,5078
713939293329,5080
713939393231,5077
713939493134,5078
713939593036,5078
713939692938,5082
713939792840,5080
713939892742,5079
713939992644,5080
713940092546,5079
713940192448,5079
713940292350,5077
713940392252,5079
713940492154,5078
713940592082,5081
713940691984,5155
713940791886,5079
713940891788,5079
713940991690,5080
713941091592,5080
713941191494,5079
713941291396,5079
713941391298,5078
713941491200,5079
713941591102,5079
713941691005,5080
713941790907,5079
713941890809,5079
713941990711,5078
713942090613,5078
713942190515,5282
713942290417,5283
713942391804,6771
713942491706,5148
713942591608,5148
713942691510,5222
713942791412,5146
713942891314,5145
713942991216,5149
713943091118,5147
713943191020,5146
713943290922,5154
713943390824,5148
713943490726,5149
713943590628,5147
713943690530,5147
713943790433,5147
713943890335,5146
713943990237,5150
713944090139,5150
713944190041,5147
713944289943,5151
713944389845,5144
713944489747,5147
713944589649,5148
713944689551,5184
713944789453,5145
713944889355,5148
713944989257,5148
713945089159,5239
713945189061,5146
713945288963,5150
713945388865,5150
713945488767,5144
713945588669,5143
713945688571,5143
713945788473,5143
713945888375,5142
713945988277,5145
713946088179,5143
713946188081,5141
713946287983,5146
713946387885,5146
713946487787,5143
713946587689,5141
713946687591,5215
713946787493,5146
713946887395,5142
713946987297,5144
713947087199,5144
713947187101,5144
713947287004,5142
713947386906,5144
713947486808,5141
713947586710,5145
713947686612,5143
713947786514,5143
713947886416,5145
713947986318,5142
713948086220,5143
713948186122,5144
713948286024,5143
713948385926,5147
713948485828,5143
713948585730,5144
713948685632,5179
713948785534,5143
713948885436,5145
713948985338,5144
713949085240,5144
713949185142,5142
713949285044,5144
713949384946,5150
713949484848,5144
713949584750,5479
713949684652,5146
713949784554,5146
713949884456,5175
713949984358,5143
713950084260,5144
713950184162,5144
713950284064,5142
713950383966,5150
713950483868,5148
713950583770,5145
713950683672,5147
713950783574,5163
713950883476,5144
713950983378,5147
713951083280,5147
713951183182,5147
713951283084,5146
713951382986,5151
713951482888,5149
713951582790,5148
713951682692,5146
713951782594,5148
713951882496,5147
713951982398,5148
713952082300,5148
713952182202,5147
713952282104,5149
713952383518,6718
713952483420,5078
713952583322,5077
713952683224,5078
713952783126,5077
713952883028,5079
713952982930,5082
713953082832,5080
713953182734,5079
713953282636,5078
713953382538,5079
713953482440,5077
713953582342,5076
713953682244,5079
713953782146,5074
713953882048,5080
713953981950,5081
713954081852,5077
713954181754,5078
713954281656,5078
713954381558,5077
713954481460,5078
713954581362,5079
713954681264,5080
713954781166,5079
713954881068,5078
713954980970,5081
713955080872,5202
713955180774,5079
713955280676,5079
713955380578,5079
713955480480,5078
713955580382,5079
713955680284,5077
713955780186,5080
713955880088,5078
713955979990,5082
713956079892,5081
713956179794,5078
713956279696,5077
713956379598,5078
713956479500,5078
713956579402,5076
713956679304,5080
713956779206,5079
713956879108,5079
713956979010,5078
713957078912,5074
713957178814,5075
713957278716,5076
713957378618,5075
713957478520,5075
713957578422,5121
713957678324,5076
713957778226,5075
713957878128,5075
713957978030,5074
713958077932,5078
713958177834,5074
713958277736,5074
713958377638,5075
713958477540,5073
713958577442,5074
713958677344,5077
713958777246,5075
713958877148,5075
713958977050,5075
713959076952,5077
713959176854,5074
713959276756,5076
713959376658,5076
713959476560,5076
713959576462,5075
713959676364,5076
713959776266,5075
713959876168,5075
713959976070,5077
713960075972,5079
713960175874,5075
713960275776,5075
713960375678,5075
713960475580,5075
713960575482,5075
713960675384,5076
713960775286,5082
713960875188,5076
713960975090,5075
713961074992,5079
713961174894,5074
713961274796,5075
713961374698,5075
713961474600,5075
713961574502,5076
713961674404,5074
713961774306,5110
713961874208,5076
713961974110,5076
713962074012,5076
713962173914,5077
713962273816,5077
713962375229,6790
713962475131,5145
713962575033,5146
713962674935,5147
713962774837,5146
713962874739,5143
713962974641,5144
713963074543,5145
713963174445,5143
713963274347,5145
713963374266,5144
713963474168,5141
713963574070,5145
713963673972,5149
713963773874,5151
713963873776,5145
713963973678,5146
713964073580,5145
713964173482,5145
713964273384,5147
713964373286,5148
713964473188,5146
713964573090,5146
713964672992,5151
713964772894,5156
713964872796,5148
713964972698,5148
713965072600,5147
713965172502,5149
713965272404,5167
713965372306,5169
713965472208,5166
713965572110,5168
713965672012,5150
713965771914,5149
713965871816,5147
713965971718,5145
713966071620,5148
713966171522,5147
713966271424,5147
713966371326,5148
713966471228,5149
713966571130,5146
713966671032,5148
713966770934,5151
713966870836,5147
713966970738,5149
713967070640,5155
713967170542,5149
713967270444,5145
713967370346,5150
713967470248,5146
713967570150,5146
713967670052,5147
713967769954,5150
713967869856,5143
713967969758,5145
713968069660,5151
713968169562,5146
713968269464,5145
713968369366,5216
713968469268,5146
713968569170,5148
713968669072,5148
713968768974,5150
713968868876,5149
713968968778,5146
713969068680,5147
713969168582,5145
713969268484,5144
713969368386,5217
713969468288,5144
713969568190,5145
713969668092,5145
713969767994,5145
713969867896,5145
713969967798,5144
713970067700,5149
713970167602,5143
713970267504,5143
713970367406,5217
713970467308,5144
713970567210,5143
713970667112,5154
713970767014,5145
713970866916,5157
713970966818,5144
713971066720,5147
713971166622,5143
713971266524,5144
713971366426,5213
713971466328,5143
713971566230,5142
713971666132,5141
713971766034,5141
713971865936,5145
713971965838,5142
713972065740,5141
713972165642,5144
713972265544,5142
713972366960,6812
713972466862,5074
713972566764,5073
713972666666,5082
713972766568,5074
713972866470,5074
713972966372,5074
713973066274,5080
713973166176,5073
713973266078,5074
713973365980,5185
713973465882,5074
713973565784,5076
713973665686,5074
713973765588,5074
713973865490,5073
713973965392,5074
713974065294,5074
713974165196,5074
713974265098,5074
713974365003,5150
713974464905,5091
713974564807,5075
713974664709,5121
713974764611,5076
713974864513,5076
713974964415,5075
713975064317,5076
713975164219,5076
713975264121,5077
713975364023,5077
713975463925,5081
713975563827,5077
713975663729,5077
713975763631,5114
713975863533,5078
713975963435,5077
713976063337,5078
713976163239,5078
713976263141,5116
713976363043,5080
713976462945,5081
713976562847,5079
713976662749,5116
713976762651,5113
713976862553,5080
713976962455,5078
713977062357,5079
713977162259,5078
713977262161,5079
713977362063,5079
713977461965,5081
713977561867,5080
713977661769,5077
713977761671,5114
713977861573,5078
713977961475,5079
713978061377,5077
713978161279,5079
713978261181,5078
713978361083,5078
713978460985,5087
713978560887,5077
713978660789,5152
713978760691,5113
713978860593,5079
713978960495,5079
713979060397,5078
713979160299,5078
713979260201,5080
713979360103,5078
713979460005,5077
713979559907,5079
713979659809,5077
713979759711,5114
713979859613,5079
713979959515,5127
713980059417,5080
713980159319,5114
713980259221,5079
713980359123,5077
713980459025,5079
713980558927,5081
713980658829,5148
713980758731,5095
713980858633,5075
713980958535,5112
713981058437,5075
713981158339,5108
713981258241,5075
713981358143,5074
713981458045,5112
713981557947,5079
713981657849,5076
713981757751,5075
713981857653,5074
713981957555,5111
713982057457,5075
713982157359,5075
713982257261,5074
713982358675,6787
713982458577,5181
713982558479,5179
713982658381,5216
713982758283,5147
713982858185,5144
713982958087,5181
713983057989,5146
713983157891,5147
713983257793,5141
713983357695,5142
713983457597,5144
713983557499,5139
713983657401,5142
713983757303,5141
713983857205,5142
713983957107,5180
713984057009,5146
713984156911,5146
713984256813,5145
713984356715,5144
713984456617,5144
713984556519,5144
713984656421,5197
713984756323,5149
713984856225,5144
713984956127,5179
713985056029,5144
713985155931,5148
713985255833,5142
713985355735,5142
713985455637,5199
713985555539,5144
713985655441,5141
713985755343,5142
713985855245,5142
713985955147,5163
713986055063,5144
713986154965,5145
713986254867,5148
713986354769,5144
713986454671,5229
713986554573,5145
713986654475,5215
713986754377,5146
713986854279,5144
713986954181,5145
713987054083,5142
713987153985,5150
713987253887,5150
713987353789,5145
713987453691,5245
713987553593,5148
713987653495,5148
713987753397,5147
713987853299,5145
713987953201,5169
713988053103,5148
713988153005,5182
713988252907,5164
713988352809,5147
713988452711,5244
713988552613,5147
713988652515,5223
713988752417,5149
713988852319,5149
713988952221,5160
713989052123,5147
713989152025,5146
713989251927,5150
713989351829,5147
713989451731,5242
713989551633,5148
713989651535,5151
713989751437,5147
713989851339,5147
713989951241,5162
713990051143,5149
713990151045,5147
713990250947,5150
713990350849,5147
713990450751,5221
713990550653,5150
713990650555,5204
713990750457,5149
713990850359,5147
713990950261,5161
713991050163,5149
713991150065,5147
713991249967,5154
713991349869,5154
713991449771,5162
713991549673,5149
713991649575,5182
713991749477,5145
713991849379,5145
713991949281,5161
713992049183,5149
713992149085,5149
713992248987,5157
713992350397,6696
713992450299,5099
713992550201,5081
713992650103,5115
713992750005,5078
713992849907,5079
713992949809,5089
713993049711,5078
713993149613,5078
713993249515,5079
713993349417,5078
713993449319,5124
713993549221,5079
713993649123,5079
713993749025,5078
713993848927,5082
713993948829,5073
713994048731,5074
713994148633,5074
713994248535,5078
713994348437,5075
713994448339,5111
713994548241,5076
713994648143,5076
713994748045,5076
713994847947,5077
713994947849,5075
713995047751,5075
713995147653,5073
713995247555,5079
713995347457,5073
713995447359,5109
713995547261,5075
713995647163,5075
713995747065,5075
713995846967,5078
713995946869,5074
713996046771,5075
713996146673,5075
713996246575,5079
713996346477,5075
713996446379,5110
713996546281,5075
713996646183,5075
713996746085,5079
713996845987,5079
713996945889,5073
713997045791,5075
713997145693,5075
713997245595,5078
713997345497,5077
713997445399,5109
713997545301,5076
713997645203,5076
713997745105,5075
713997845007,5075
713997944909,5075
713998044811,5074
713998144713,5075
713998244615,5080
713998344517,5076
713998444419,5109
713998544321,5076
713998644223,5075
713998744125,5076
713998844027,5075
713998943929,5080
713999043831,5077
713999143733,5078
713999243635,5077
713999343537,5078
713999443439,5079
713999543341,5077
713999643243,5078
713999743145,5079
713999843047,5080
713999942949,5081
714000042851,5078
714000142753,5112
714000242655,5079
714000342557,5077
714000442459,5078
714000542361,5080
714000642263,5078
714000742165,5078
714000842067,5079
714000941969,5080
714001041871,5076
714001141773,5079
714001241675,5080
714001341577,5079
714001441479,5079
714001541381,5080
714001641283,5087
714001741185,5077
714001841087,5078
714001940989,5082
714002040891,5079
714002140793,5140
714002240695,5282
714002340597,5281
714002441976,6766
714002541878,5149
714002641780,5147
714002741682,5154
714002841584,5145
714002941486,5148
714003041388,5148
714003141290,5147
714003241192,5148
714003341094,5147
714003440996,5150
714003540898,5149
714003640800,5145
714003740703,5147
714003840605,5147
714003940507,5144
714004040409,5149
714004140311,5147
714004240213,5148
714004340115,5147
714004440017,5149
714004539919,5152
714004639821,5150
714004739723,5153
714004839625,5149
714004939527,5146
714005039429,5148
714005139331,5149
714005239233,5148
714005339135,5148
714005439037,5148
714005538939,5150
714005638841,5145
714005738743,5144
714005838645,5144
714005938547,5143
714006038449,5143
714006138351,5146
714006238253,5143
714006338155,5144
714006438057,5145
714006537959,5150
714006637861,5147
714006737763,5150
714006837665,5142
714006937567,5180
714007037469,5323
714007137371,5144
714007237273,5145
714007337175,5144
714007437077,5143
714007536979,5146
714007636881,5146
714007736783,5145
714007836685,5143
714007936587,5143
714008036489,5180
714008136391,5144
714008236293,5146
714008336195,5143
714008436097,5143
714008535999,5147
714008635901,5145
714008735803,5147
714008835722,5143
714008935624,5143
714009035526,5178
714009135428,5143
714009235330,5143
714009335232,5147
714009435134,5145
714009535036,5145
714009634938,5148
714009734840,5145
714009834742,5145
714009934644,5144
714010034546,5249
714010134448,5144
714010234350,5145
714010334252,5143
714010434154,5146
714010534056,5146
714010633958,5151
714010733860,5159
714010833762,5146
714010933664,5147
714011033566,5145
714011133468,5145
714011233370,5149
714011333272,5147
714011433174,5147
714011533076,5147
714011632978,5149
714011732880,5150
714011832782,5147
714011932684,5145
714012032586,5150
714012132488,5184
714012232390,5146
714012332292,5148
714012433683,6676
714012533585,5077
714012633487,5079
714012733389,5080
714012833291,5079
714012933193,5078
714013033095,5078
714013132997,5081
714013232899,5078
714013332801,5079
714013432703,5079
714013532605,5079
714013632507,5079
714013732409,5079
714013832311,5078
714013932213,5079
714014032115,5079
714014132017,5077
714014231919,5078
714014331821,5080
714014431723,5079
714014531625,5080
714014631527,5079
714014731429,5078
714014831331,5078
714014931233,5078
714015031135,5079
714015131037,5079
714015230939,5081
714015330841,5078
714015430743,5080
714015530645,5077
714015630547,5078
714015730449,5078
714015830351,5078
714015930253,5079
714016030155,5080
714016130057,5079
714016229959,5082
714016329861,5077
714016429763,5063
714016529665,5046
714016629567,5061
714016729469,5066
714016829371,5077
714016929273,5083
714017029175,5080
714017129077,5077
714017228979,5081
714017328881,5075
714017428783,5075
714017528685,5075
714017628587,5075
714017728489,5077
714017828391,5077
714017928293,5075
714018028195,5076
714018128097,5075
714018227999,5078
714018327901,5073
714018427803,5075
714018527705,5079
714018627607,5076
714018727509,5076
714018827411,5073
714018927313,5075
714019027215,5074
714019127117,5077
714019227019,5074
714019326921,5073
714019426823,5074
714019526725,5078
714019626627,5076
714019726529,5074
714019826431,5075
714019926333,5074
714020026235,5076
714020126137,5078
714020226039,5076
714020325941,5076
714020425843,5074
714020525745,5079
714020625647,5075
714020725549,5074
714020825451,5075
714020925353,5075
714021025255,5075
714021125157,5081
714021225059,5073
714021324961,5078
714021424863,5076
714021524765,5079
714021624667,5077
714021724569,5076
714021824471,5076
714021924373,5075
714022024275,5075
714022124177,5079
714022224079,5075
714022323981,5082
714022425401,6797
714022525303,5150
714022625205,5145
714022725107,5148
714022825009,5143
714022924911,5146
714023024813,5145
714023124715,5148
714023224617,5144
714023324519,5143
714023424421,5145
714023524323,5149
714023624225,5142
714023724127,5142
714023824029,5144
714023923931,5151
714024023833,5149
714024123735,5148
714024223637,5147
714024323539,5181
714024423441,5147
714024523343,5151
714024623245,5145
714024723147,5150
714024823049,5148
714024922951,5149
714025022853,5150
714025122755,5149
714025222657,5149
714025322559,5147
714025422461,5147
714025522363,5146
714025622265,5168
714025722167,5148
714025822069,5147
714025921971,5153
714026021873,5150
714026121775,5148
714026221677,5145
714026321579,5148
714026421481,5147
714026521383,5147
714026621285,5147
714026721187,5149
714026821089,5147
714026920991,5151
714027020893,5153
714027120795,5148
714027220697,5154
714027320599,5147
714027420501,5183
714027520403,5146
714027620305,5148
714027720207,5149
714027820109,5147
714027920011,5148
714028019913,5151
714028119815,5147
714028219717,5146
714028319619,5147
714028419521,5180
714028519423,5148
714028619325,5146
714028719228,5149
714028819130,5146
714028919032,5148
714029018934,5149
714029118836,5145
714029218738,5144
714029318640,5142
714029418542,5178
714029518444,5144
714029618346,5147
714029718248,5142
714029818150,5142
714029918052,5144
714030017954,5149
714030117856,5148
714030217758,5141
714030317660,5141
714030417562,5147
714030517464,5146
714030617366,5142
714030717268,5146
714030817170,5144
714030917072,5142
714031016974,5146
714031116876,5142
714031216778,5144
714031316680,5144
714031416582,5143
714031516498,5145
714031616400,5142
714031716302,5143
714031816204,5144
714031916106,5145
714032016008,5146
714032115910,5145
714032215812,5142
714032315714,5143
714032417122,6690
714032517024,5076
714032616926,5077
714032716828,5076
714032816730,5075
714032916632,5076
714033016534,5075
714033116436,5074
714033216338,5073
714033316240,5075
714033416142,5110
714033516044,5075
714033615946,5080
714033715848,5074
714033815750,5075
714033915652,5074
714034015554,5076
714034115456,5074
714034215358,5074
714034315260,5075
714034415162,5075
714034515064,5074
714034614966,5080
714034714868,5076
714034814770,5076
714034914672,5074
714035014574,5076
714035114476,5075
714035214378,5076
714035314280,5076
714035414182,5076
714035514084,5075
714035613986,5081
714035713888,5079
714035813790,5078
714035913692,5079
714036013594,5078
714036113496,5079
714036213398,5079
714036313300,5115
714036413202,5077
714036513104,5078
714036613006,5078
714036712908,5078
714036812810,5080
714036912712,5077
714037012614,5081
714037112516,5080
714037212418,5077
714037312320,5079
714037412222,5077
714037512124,5080
714037612026,5080
714037711928,5081
714037811830,5078
714037911732,5078
714038011634,5079
714038111536,5078
714038211438,5078
714038311340,5077
714038411242,5079
714038511144,5117
714038611046,5078
714038710948,5081
714038810850,5078
714038910752,5079
714039010654,5149
714039110556,5077
714039210458,5079
714039310360,5078
714039410262,5079
714039510164,5150
714039610066,5080
714039709968,5081
714039809870,5077
714039909772,5076
714040009674,5155
714040109576,5079
714040209478,5077
714040309380,5077
714040409282,5084
714040509184,5150
714040609086,5080
714040708988,5084
714040808890,5075
714040908792,5073
714041008694,5112
714041108596,5075
714041208498,5075
714041308400,5076
714041408302,5076
714041508204,5075
714041608106,5076
714041708008,5076
714041807910,5076
714041907812,5074
714042007714,5074
714042107616,5076
714042207518,5075
714042307420,5076
714042408829,6772
714042508731,5148
714042608633,5143
714042708536,5147
714042808438,5143
714042908340,5179
714043008242,5149
714043108144,5142
714043208046,5144
714043307948,5145
714043407850,5141
714043507752,5140
714043607654,5143
714043707556,5144
714043807458,5143
714043907360,5143
714044007262,5144
714044107164,5142
714044207066,5142
714044306968,5146
714044406870,5146
714044506772,5144
714044606674,5145
714044706576,5147
714044806478,5145
714044906380,5145
714045006282,5144
714045106184,5146
714045206086,5142
714045305988,5147
714045405890,5146
714045505792,5147
714045605694,5144
714045705596,5145
714045805498,5144
714045905400,5144
714046005302,5144
714046105204,5144
714046205106,5144
714046305008,5145
714046404910,5146
714046504812,5180
714046604714,5144
714046704616,5148
714046804518,5143
714046904420,5143
714047004322,5147
714047104224,5145
714047204126,5145
714047304028,5145
714047403930,5149
714047503832,5184
714047603734,5147
714047703636,5166
714047803538,5147
714047903440,5145
714048003342,5145
714048103244,5148
714048203146,5160
714048303048,5145
714048402950,5151
714048502852,5147
714048602754,5145
714048702656,5171
714048802558,5147
714048902460,5146
714049002362,5147
714049102264,5146
714049202166,5159
714049302068,5147
714049401970,5150
714049501872,5151
714049601774,5147
714049701676,5161
714049801578,5148
714049901480,5145
714050001382,5147
714050101284,5147
714050201186,5159
714050301088,5145
714050400990,5150
714050500892,5151
714050600794,5147
714050700696,5204
714050800598,5148
714050900500,5146
714051000402,5147
714051100304,5146
714051200206,5160
714051300108,5145
714051400010,5148
714051499912,5150
714051599814,5148
714051699716,5488
714051799618,5147
714051899520,5146
714051999422,5148
714052099324,5148
714052199226,5193
714052299128,5148
714052400539,6722
714052500441,5079
714052600343,5080
714052700245,5135
714052800147,5079
714052900049,5080
714052999951,5083
714053099853,5080
714053199755,5090
714053299657,5078
714053399559,5076
714053499461,5078
714053599363,5079
714053699265,5095
714053799167,5079
714053899069,5079
714053998971,5083
714054098873,5074
714054198775,5074
714054298692,5076
714054398594,5076
714054498496,5076
714054598398,5076
714054698300,5137
714054798202,5075
714054898104,5075
714054998006,5075
714055097908,5075
714055197810,5072
714055297712,5073
714055397614,5074
714055497516,5074
714055597418,5074
714055697320,5073
714055797222,5074
714055897124,5075
714055997026,5074
714056096928,5079
714056196830,5076
714056296732,5072
714056396634,5076
714056496536,5076
714056596438,5075
714056696340,5148
714056796242,5083
714056896144,5077
714056996046,5075
714057095948,5077
714057195850,5075
714057295752,5075
714057395654,5074
714057495556,5077
714057595458,5076
714057695360,5075
714057795262,5076
714057895164,5074
714057995066,5075
714058094968,5081
714058194870,5074
714058294772,5075
714058394674,5077
714058494576,5074
714058594478,5076
714058694380,5147
714058794282,5076
714058894184,5075
714058994086,5074
714059093988,5081
714059193890,5078
714059293792,5077
714059393694,5078
714059493596,5077
714059593498,5079
714059693400,5077
714059793302,5079
714059893204,5086
714059993106,5080
714060093008,5079
714060192910,5079
714060292812,5079
714060392714,5079
714060492616,5081
714060592518,5078
714060692420,5118
714060792322,5081
714060892224,5079
714060992126,5081
714061092028,5078
714061191930,5082
714061291832,5077
714061391734,5094
714061491636,5079
714061591538,5080
714061691440,5441
714061791342,5079
714061891244,5079
714061991146,5078
714062091048,5078
714062190950,5285
714062290852,5285
714062392246,6782
714062492148,5148
714062592050,5146
714062691952,5227
714062791854,5145
714062891756,5147
714062991658,5147
714063091560,5146
714063191462,5148
714063291364,5148
714063391266,5150
714063491168,5147
714063591070,5147
714063690972,5151
714063790875,5577
714063890778,5155
714063990681,5151
714064090583,5150
714064190485,5150
714064290387,5150
714064390289,5148
714064490191,5145
714064590093,5149
714064689995,5207
714064789897,5151
714064889799,5147
714064989701,5147
714065089603,5218
714065189505,5149
714065289407,5147
714065389309,5146
714065489211,5147
714065589113,5149
714065689015,5149
714065788917,5152
714065888819,5144
714065988721,5145
714066088623,5144
714066188525,5145
714066288427,5144
714066388329,5147
714066488231,5146
714066588133,5144
714066688035,5216
714066787937,5150
714066887839,5145
714066987741,5142
714067087643,5143
714067187545,5144
714067287447,5143
714067387349,5142
714067487251,5143
714067587153,5165
714067687055,5169
714067786957,5169
714067886859,5165
714067986761,5145
714068086663,5143
714068186565,5144
714068286467,5142
714068386369,5146
714068486271,5143
714068586173,5144
714068686075,5192
714068785977,5150
714068885879,5146
714068985781,5144
714069085683,5144
714069185585,5179
714069285487,5144
714069385389,5146
714069485291,5143
714069585193,5143
714069685095,5236
714069784997,5149
714069884899,5146
714069984801,5144
714070084703,5144
714070184605,5144
714070284507,5142
714070384409,5144
714070484311,5145
714070584213,5145
714070684115,5162
714070784017,5148
714070883919,5151
714070983821,5147
714071083723,5148
714071183625,5184
714071283527,5147
714071383429,5148
714071483331,5147
714071583233,5147
714071683135,5146
714071783037,5172
714071882939,5150
714071982841,5149
714072082743,5148
714072182645,5151
714072282547,5147
714072383961,6759
714072483863,5078
714072583765,5077
714072683667,5080
714072783569,5077
714072883471,5080
714072983373,5081
714073083275,5079
714073183177,5080
714073283079,5079
714073382981,5092
714073482883,5079
714073582785,5077
714073682687,5078
714073782589,5078
714073882491,5080
714073982393,5080
714074082295,5080
714074182197,5077
714074282099,5079
714074382004,5080
714074481906,5081
714074581808,5080
714074681710,5080
714074781612,5081
714074881514,5079
714074981416,5079
714075081318,5219
714075181220,5078
714075281122,5079
714075381024,5080
714075480926,5082
714075580828,5078
714075680730,5079
714075780632,5079
714075880534,5079
714075980436,5079
714076080338,5079
714076180240,5078
714076280142,5081
714076380044,5080
714076479946,5082
714076579848,5077
714076679750,5079
714076779652,5094
714076879554,5077
714076979473,5081
714077079375,5080
714077179277,5079
714077279179,5077
714077379081,5079
714077478983,5083
714077578885,5076
714077678787,5074
714077778689,5075
714077878591,5075
714077978493,5076
714078078395,5076
714078178297,5075
714078278199,5074
714078378101,5077
714078478004,5076
714078577906,5076
714078677808,5076
714078777710,5074
714078877612,5075
714078977514,5075
714079077416,5075
714079177318,5076
714079277220,5075
714079377122,5075
714079477024,5076
714079576926,5079
714079676828,5074
714079776730,5076
714079876632,5075
714079976534,5074
714080076436,5077
714080176338,5074
714080276240,5075
714080376142,5075
714080476044,5074
714080575946,5078
714080675848,5077
714080775750,5076
714080875652,5075
714080975554,5075
714081075456,5075
714081175358,5075
714081275260,5076
714081375162,5077
714081475064,5078
714081574966,5078
714081674868,5076
714081774770,5111
714081874672,5076
714081974574,5077
714082074476,5076
714082174378,5074
714082274280,5076
714082375709,6826
714082475611,5143
714082575513,5145
714082675415,5144
714082775317,5145
714082875219,5148
714082975121,5189
714083075023,5147
714083174925,5150
714083274827,5144
714083374729,5145
714083474631,5146
714083574533,5144
714083674435,5145
714083774337,5143
714083874239,5144
714083974141,5144
714084074043,5142
714084173945,5151
714084273847,5148
714084373749,5147
714084473651,5149
714084573553,5146
714084673455,5149
714084773357,5151
714084873259,5147
714084973161,5146
714085073063,5148
714085172965,5150
714085272867,5151
714085372769,5148
714085472671,5151
714085572573,5150
714085672475,5146
714085772377,5146
714085872279,5147
714085972181,5147
714086072083,5146
714086171985,5153
714086271887,5151
714086371789,5150
714086471691,5148
714086571593,5148
714086671495,5149
714086771397,5148
714086871299,5145
714086971201,5149
714087071103,5148
714087171005,5149
714087270907,5148
714087370809,5147
714087470711,5147
714087570613,5148
714087670515,5180
714087770417,5148
714087870319,5145
714087970221,5146
714088070123,5151
714088170025,5147
714088269928,5152
714088369830,5184
714088469732,5148
714088569634,5148
714088669536,5149
714088769438,5151
714088869340,5147
714088969242,5147
714089069144,5150
714089169046,5148
714089268948,5148
714089368850,5221
714089468752,5143
714089568654,5144
714089668556,5145
714089768458,5143
714089868360,5146
714089968262,5150
714090068164,5149
714090168073,5146
714090267975,5147
714090367877,5221
714090467779,5145
714090567681,5143
714090667583,5155
714090767485,5146
714090867387,5143
714090967289,5145
714091067191,5149
714091167093,5143
714091266995,5145
714091366897,5221
714091466799,5142
714091566701,5140
714091666603,5142
714091766505,5142
714091866407,5144
714091966309,5143
714092066211,5148
714092166113,5143
714092266015,5451
714092367427,6766
714092467329,5075
714092567231,5076
714092667133,5081
714092767035,5076
714092866937,5078
714092966839,5075
714093066741,5079
714093166643,5075
714093266545,5075
714093366447,5152
714093466349,5075
714093566251,5076
714093666153,5075
714093766055,5075
714093865957,5078
714093965859,5074
714094065761,5075
714094165663,5075
714094265565,5074
714094365467,5152
714094465369,5075
714094565271,5075
714094665173,5121
714094765075,5075
714094864977,5078
714094964879,5075
714095064781,5078
714095164683,5077
714095264585,5076
714095364487,5096
714095464389,5076
714095564291,5074
714095664193,5076
714095764095,5076
714095863997,5081
714095963899,5079
714096063801,5078
714096163703,5078
714096263605,5079
714096363507,5078
714096463409,5080
714096563311,5079
714096663213,5124
714096763115,5114
714096863017,5081
714096962919,5079
714097062821,5077
714097162723,5078
714097262625,5078
714097362527,5078
714097462429,5078
714097562331,5080
714097662233,5078
714097762135,5115
714097862037,5079
714097961939,5083
714098061841,5077
714098161743,5078
714098261645,5078
714098361547,5077
714098461449,5080
714098561351,5080
714098661253,5149
714098761155,5113
714098861057,5118
714098960959,5081
714099060861,5079
714099160763,5079
714099260665,5078
714099360567,5079
714099460469,5079
714099560371,5079
714099660273,5078
714099760191,5114
714099860093,5079
714099959995,5117
714100059897,5078
714100159799,5078
714100259701,5079
714100359603,5080
714100459505,5079
714100559407,5077
714100659309,5137
714100759211,5114
714100859113,5114
714100959015,5115
714101058917,5076
714101158819,5075
714101258721,5075
714101358623,5075
714101458525,5075
714101558427,5076
714101658329,5075
714101758231,5076
714101858133,5078
714101958035,5111
714102057937,5078
714102157839,5075
714102257741,5074
714102359147,6779
714102459050,5146
714102558952,5367
714102658854,5223
714102758756,5181
714102858658,5146
714102958560,5181
714103058462,5143
714103158364,5140
714103258266,5145
714103358168,5177
714103458070,5145
714103557972,5145
714103657874,5143
714103757776,5144
714103857678,5142
714103957580,5179
714104057482,5146
714104157384,5144
714104257286,5143
714104357188,5158
714104457090,5142
714104556992,5150
714104656894,5183
714104756796,5150
714104856698,5144
714104956600,5176
714105056502,5146
714105156404,5147
714105256306,5142
714105356208,5144
714105456110,5159
714105556012,5144
714105655914,5156
714105755816,5142
714105855718,5145
714105955620,5177
714106055522,5143
714106155424,5144
714106255326,5145
714106355228,5146
714106455130,5221
714106555032,5145
714106654934,5219
714106754836,5145
714106854738,5145
714106954640,5143
714107054542,5144
714107154444,5145
714107254346,5144
714107354248,5144
714107454150,5226
714107554052,5143
714107653954,5151
714107753856,5149
714107853758,5147
714107953660,5159
714108053562,5146
714108153464,5181
714108253366,5185
714108353268,5149
714108453170,5243
714108553072,5147
714108652974,5224
714108752876,5154
714108852778,5147
714108952680,5161
714109052582,5148
714109152484,5147
714109252386,5149
714109352288,5146
714109452190,5240
714109552092,5147
714109651994,5152
714109751896,5151
714109851798,5146
714109951700,5159
714110051602,5147
714110151504,5148
714110251406,5148
714110351308,5148
714110451210,5244
714110551112,5147
714110651014,5184
714110750916,5157
714110850818,5146
714110950720,5159
714111050622,5146
714111150524,5147
714111250426,5147
714111350328,5146
714111450230,5168
714111550132,5146
714111650034,5148
714111749936,5150
714111849838,5148
714111949740,5160
714112049642,5148
714112149544,5147
714112249446,5149
714112350858,6704
714112450760,5149
714112550662,5075
714112650564,5116
714112750467,5080
714112850369,5078
714112950271,5091
714113050173,5077
714113150075,5079
714113249977,5082
714113349879,5078
714113449781,5091
714113549683,5079
714113649585,5083
714113749487,5080
714113849389,5258
714113949291,5092
714114049193,5076
714114149095,5077
714114248997,5083
714114348899,5076
714114448801,5110
714114548703,5075
714114648605,5114
714114748507,5075
714114848409,5074
714114948311,5076
714115048213,5075
714115148115,5075
714115248017,5077
714115347919,5075
714115447821,5109
714115547723,5075
714115647625,5076
714115747527,5074
714115847429,5075
714115947331,5075
714116047233,5075
714116147135,5077
714116247037,5077
714116346939,5078
714116446841,5110
714116546743,5075
714116646645,5076
714116746547,5076
714116846449,5074
714116946351,5074
714117046253,5110
714117146155,5074
714117246057,5080
714117345959,5078
714117445861,5112
714117545763,5075
714117645665,5074
714117745567,5076
714117845469,5075
714117945371,5073
714118045273,5109
714118145175,5074
714118245077,5078
714118344979,5077
714118444881,5109
714118544783,5074
714118644685,5073
714118744587,5060
714118844489,5041
714118944391,5060
714119044293,5095
714119144195,5075
714119244097,5078
714119343999,5078
714119443901,5116
714119543803,5076
714119643705,5077
714119743607,5079
714119843509,5079
714119943411,5078
714120043313,5114
714120143215,5113
714120243117,5078
714120343019,5078
714120442921,5081
714120542823,5079
714120642725,5080
714120742627,5079
714120842529,5079
714120942431,5079
714121042333,5115
714121142235,5078
714121242137,5078
714121342039,5077
714121441941,5083
714121541843,5079
714121641745,5077
714121741647,5079
714121841549,5078
714121941451,5078
714122041353,5077
714122141255,5159
714122241157,5082
714122341059,5101
714122442468,6825
714122542386,5150
714122642289,5147
714122742191,5149
714122842093,5488
714122941995,5151
714123041897,5151
714123141799,5148
714123241701,5146
714123341603,5148
714123441505,5182
714123541407,5149
714123641309,5150
714123741211,5146
714123841114,5146
714123941016,5148
714124040918,5153
714124140820,5147
714124240722,5146
714124340624,5147
714124440526,5145
714124540428,5144
714124640330,5148
714124740232,5151
714124840134,5149
714124940036,5149
714125039938,5148
714125139840,5146
714125239742,5148
714125339644,5145
714125439546,5150
714125539448,5149
714125639350,5146
714125739252,5147
714125839154,5148
714125939056,5149
714126038958,5152
714126138860,5150
714126238762,5144
714126338664,5145
714126438566,5180
714126538468,5145
714126638370,5144
714126738272,5147
714126838174,5145
714126938076,5144
714127037978,5143
714127137880,5145
714127237782,5143
714127337684,5143
714127437586,5176
714127537488,5143
714127637390,5144
714127737292,5142
714127837194,5142
714127937096,5167
714128036998,5148
714128136900,5147
714128236802,5144
714128336704,5143
714128436606,5178
714128536508,5145
714128636410,5143
714128736312,5146
714128836214,5144
714128936116,5144
714129036018,5144
714129135920,5147
714129235822,5144
714129335724,5142
714129435626,5179
714129535528,5145
714129635430,5144
714129735332,5142
714129835234,5143
714129935136,5144
714130035038,5150
714130134940,5147
714130234842,5144
714130334744,5143
714130434646,5180
714130534548,5145
714130634450,5145
714130734352,5147
714130834254,5144
714130934156,5144
714131034058,5144
714131133960,5152
714131233862,5149
714131333764,5147
714131433666,5146
714131533568,5148
714131633470,5148
714131733372,5146
714131833274,5147
714131933176,5149
714132033078,5147
714132132980,5186
714132232882,5151
714132332784,5148
714132434176,6686
714132534078,5076
714132633980,5082
714132733882,5078
714132833784,5078
714132933686,5078
714133033588,5077
714133133490,5078
714133233392,5080
714133333294,5078
714133433196,5077
714133533098,5081
714133633003,5078
714133732905,5079
714133832807,5080
714133932709,5080
714134032611,5078
714134132513,5078
714134232415,5077
714134332317,5079
714134432219,5080
714134532121,5081
714134632023,5080
714134731925,5083
714134831827,5078
714134931729,5078
714135031631,5080
714135131533,5079
714135231435,5078
714135331337,5078
714135431239,5080
714135531141,5079
714135631043,5077
714135730945,5082
714135830847,5080
714135930749,5078
714136030651,5079
714136130553,5079
714136230455,5080
714136330357,5078
714136430259,5079
714136530161,5079
714136630063,5077
714136729965,5082
714136829867,5080
714136929769,5079
714137029671,5078
714137129573,5079
714137229475,5076
714137329377,5079
714137429279,5078
714137529181,5078
714137629083,5078
714137728985,5085
714137828887,5075
714137928789,5075
714138028691,5074
714138128593,5075
714138228495,5076
714138328397,5075
714138428299,5077
714138528201,5076
714138628103,5075
714138728005,5076
714138827907,5074
714138927809,5075
714139027711,5074
714139127613,5078
714139227515,5073
714139327417,5075
714139427319,5074
714139527221,5080
714139627123,5075
714139727025,5074
714139826927,5078
714139926829,5075
714140026731,5076
714140126633,5079
714140226535,5075
714140326437,5076
714140426339,5075
714140526241,5082
714140626143,5076
714140726045,5076
714140825947,5078
714140925849,5074
714141025751,5076
714141125653,5078
714141225555,5076
714141325457,5075
714141425359,5075
714141525261,5078
714141625163,5075
714141725065,5075
714141824967,5077
714141924869,5076
714142024771,5077
714142124673,5079
714142224575,5075
714142324477,5074
714142425851,6750
714142525753,5152
714142625655,5144
714142725557,5148
714142825459,5144
714142925361,5143
714143025263,5142
714143125165,5150
714143225067,5147
714143324969,5474
714143424871,5148
714143524773,5147
714143624675,5143
714143724577,5144
714143824479,5142
714143924381,5147
714144024283,5145
714144124185,5150
714144224087,5142
714144323989,5185
714144423891,5150
714144523793,5149
714144623695,5147
714144723597,5153
714144823499,5146
714144923401,5147
714145023303,5146
714145123205,5151
714145223123,5149
714145323025,5146
714145422927,5149
714145522829,5147
714145622731,5147
714145722633,5150
714145822535,5147
714145922437,5147
714146022339,5150
714146122241,5149
714146222143,5149
714146322045,5148
714146421947,5153
714146521849,5147
714146621751,5149
714146721653,5150
714146821555,5147
714146921457,5149
714147021359,5149
714147121261,5148
714147221163,5151
714147321065,5146
714147420967,5150
714147520869,5148
714147620771,5149
714147720673,5148
714147820575,5147
714147920477,5145
714148020379,5147
714148120281,5146
714148220183,5150
714148320085,5146
714148419987,5151
714148519889,5149
714148619791,5148
714148719693,5152
714148819595,5148
714148919497,5147
714149019399,5147
714149119301,5145
714149219203,5153
714149319105,5145
714149419007,5148
714149518909,5152
714149618811,5145
714149718713,5145
714149818615,5144
714149918517,5145
714150018419,5147
714150118321,5145
714150218223,5147
714150318125,5143
714150418027,5141
714150517929,5146
714150617831,5143
714150717733,5149
714150817635,5143
714150917537,5145
714151017439,5143
714151117341,5147
714151217243,5143
714151317145,5145
714151417047,5143
714151516949,5144
714151616851,5144
714151716753,5142
714151816655,5142
714151916557,5141
714152016459,5142
714152116361,5144
714152216263,5145
714152316165,5143
714152417572,6688
714152517474,5074
714152617376,5075
714152717278,5075
714152817180,5075
714152917082,5074
714153016984,5086
714153116886,5076
714153216788,5074
714153316690,5075
714153416592,5075
714153516494,5079
714153616396,5075
714153716298,5076
714153816200,5075
714153916102,5076
714154016004,5073
714154115906,5074
714154215808,5074
714154315710,5075
714154415612,5074
714154515514,5071
714154615416,5075
714154715318,5075
714154815220,5076
714154915122,5074
714155015024,5074
714155114926,5078
714155214828,5075
714155314730,5075
714155414632,5074
714155514534,5076
714155614436,5075
714155714338,5077
714155814240,5075
714155914142,5077
714156014044,5077
714156113946,5081
714156213848,5077
714156313750,5114
714156413652,5078
714156513554,5077
714156613456,5078
714156713358,5081
714156813260,5078
714156913162,5080
714157013064,5079
714157112966,5080
714157212868,5078
714157312770,5077
714157412672,5080
714157512574,5080
714157612476,5079
714157712378,5078
714157812280,5080
714157912182,5079
714158012084,5080
714158111986,5081
714158211888,5079
714158311790,5079
714158411692,5077
714158511594,5115
714158611496,5079
714158711398,5077
714158811300,5079
714158911202,5079
714159011104,5150
714159111006,5078
714159210908,5079
714159310810,5080
714159410712,5079
714159510614,5150
714159610516,5081
714159710418,5080
714159810320,5078
714159910222,5079
714160010124,5154
714160110026,5079
714160209928,5082
714160309830,5077
714160409732,5078
714160509634,5150
714160609536,5077
714160709438,5079
714160809340,5077
714160909242,5079
714161009144,5115
714161109046,5079
714161208948,5083
714161308850,5075
714161408752,5076
714161508654,5075
714161608556,5075
714161708458,5075
714161808360,5074
714161908262,5076
714162008164,5075
714162108066,5075
714162207968,5078
714162307870,5074
714162409281,6781
714162509183,5147
714162609085,5147
714162708988,5154
714162808890,5151
714162908792,5144
714163008694,5149
714163108596,5145
714163208498,5144
714163308400,5143
714163408302,5141
714163508204,5144
714163608106,5148
714163708008,5144
714163807910,5149
714163907812,5143
714164007714,5145
714164107616,5143
714164207518,5144
714164307420,5145
714164407322,5142
714164507224,5190
714164607126,5145
714164707028,5145
714164806930,5145
714164906832,5143
714165006734,5141
714165106636,5144
714165206538,5144
714165306440,5141
714165406342,5143
714165506244,5144
714165606146,5142
714165706048,5144
714165805950,5148
714165905852,5145
714166005754,5144
714166105656,5142
714166205558,5147
714166305460,5144
714166405362,5144
714166505264,5144
714166605166,5144
714166705068,5146
714166804970,5148
714166904872,5147
714167004774,5144
714167104676,5145
714167204578,5143
714167304480,5142
714167404382,5145
714167504284,5142
714167604186,5143
714167704088,5146
714167803990,5150
714167903892,5150
714168003808,5149
714168103710,5145
714168203612,5161
714168303514,5146
714168403416,5146
714168503318,5146
714168603220,5148
714168703122,5170
714168803024,5147
714168902926,5147
714169002828,5147
714169102730,5147
714169202632,5162
714169302534,5148
714169402436,5147
714169502338,5150
714169602240,5146
714169702142,5160
714169802044,5147
714169901946,5171
714170001848,5172
714170101750,5169
714170201652,5180
714170301554,5148
714170401456,5146
714170501358,5148
714170601260,5149
714170701162,5189
714170801064,5148
714170900966,5150
714171000868,5149
714171100770,5148
714171200672,5161
714171300574,5145
714171400476,5147
714171500378,5147
714171600280,5145
714171700182,5169
714171800084,5148
714171899986,5153
714171999888,5150
714172099790,5146
714172199692,5159
714172299594,5146
714172401008,6707
714172500910,5078
714172600812,5079
714172700714,5137
714172800616,5079
714172900518,5078
714173000420,5079
714173100322,5078
714173200224,5091
714173300126,5078
714173400028,5078
714173499930,5082
714173599832,5079
714173699734,5098
714173799637,5080
714173899539,5079
714173999441,5080
714174099343,5079
714174199245,5093
714174299147,5080
714174399049,5079
714174498951,5083
714174598853,5077
714174698755,5113
714174798657,5075
714174898559,5076
714174998461,5075
714175098363,5076
714175198265,5076
714175298167,5074
714175398069,5074
714175497971,5077
714175597873,5074
714175697775,5073
714175797677,5075
714175897579,5074
714175997481,5077
714176097383,5075
714176197285,5083
714176297187,5075
714176397089,5075
714176496991,5082
714176596893,5074
714176696795,5149
714176796697,5076
714176896599,5075
714176996501,5076
714177096403,5075
714177196305,5078
714177296207,5072
714177396109,5077
714177496011,5077
714177595913,5075
714177695815,5078
714177795717,5076
714177895619,5074
714177995521,5074
714178095423,5075
714178195325,5074
714178295227,5076
714178395129,5075
714178495031,5076
714178594933,5078
714178694835,5149
714178794737,5075
714178894639,5075
714178994541,5077
714179094443,5092
714179194345,5113
714179294247,5076
714179394149,5074
714179494051,5079
714179593953,5083
714179693855,5077
714179793757,5079
714179893659,5077
714179993561,5079
714180093463,5079
714180193365,5081
714180293267,5080
714180393169,5079
714180493071,5079
714180592973,5083
714180692875,5115
714180792777,5078
714180892679,5079
714180992581,5080
714181092483,5079
714181192385,5079
714181292287,5078
714181392189,5080
714181492091,5080
714181591993,5082
714181691895,5078
714181791797,5080
714181891699,5078
714181991601,5078
714182091503,5080
714182191405,5082
714182291307,5080
714182392716,6790
714182492618,5150
714182592520,5149
714182692422,5188
714182792324,5151
714182892226,5148
714182992128,5151
714183092030,5148
714183191932,5153
714183291834,5148
714183391736,5149
714183491638,5146
714183591540,5146
714183691442,5146
714183791344,5147
714183891247,5147
714183991149,5150
714184091051,5147
714184190953,5152
714184290855,5150
714184390757,5149
714184490659,5150
714184590561,5149
714184690463,5224
714184790365,5149
714184890267,5149
714184990169,5147
714185090071,5210
714185189973,5150
714185289875,5150
714185389777,5144
714185489679,5150
714185589581,5147
714185689483,5146
714185789385,5148
714185889287,5147
714185989189,5149
714186089091,5146
714186188993,5148
714186288895,5152
714186388797,5144
714186488699,5145
714186588601,5144
714186688503,5216
714186788405,5146
714186888307,5144
714186988209,5143
714187088111,5143
714187188013,5142
714187287915,5145
714187387817,5142
714187487719,5142
714187587621,5142
714187687523,5144
714187787425,5141
714187887327,5144
714187987229,5150
714188087131,5143
714188187033,5144
714188286935,5145
714188386837,5144
714188486739,5144
714188586641,5144
714188686543,5180
714188786445,5144
714188886347,5144
714188986249,5143
714189086151,5145
714189186053,5142
714189285955,5145
714189385857,5147
714189485759,5148
714189585661,5143
714189685563,5144
714189785465,5144
714189885367,5145
714189985269,5144
714190085171,5143
714190185073,5143
714190284975,5148
714190384877,5146
714190484779,5144
714190584681,5144
714190684602,5178
714190784504,5150
714190884406,5144
714190984308,5143
714191084210,5143
714191184112,5142
714191284014,5145
714191383916,5151
714191483818,5146
714191583720,5146
714191683622,5145
714191783524,5147
714191883426,5146
714191983328,5147
714192083230,5149
714192183132,5148
714192283034,5148
714192384453,6710
714192484355,5077
714192584257,5075
714192684159,5096
714192784061,5077
714192883963,5081
714192983865,5096
714193083767,5079
714193183669,5078
714193283571,5080
714193383473,5079
714193483375,5079
714193583277,5080
714193683179,5077
714193783081,5079
714193882983,5087
714193982885,5078
714194082787,5080
714194182689,5078
714194282591,5079
714194382493,5080
714194482395,5080
714194582297,5076
714194682199,5080
714194782101,5079
714194882004,5080
714194981906,5080
714195081808,5238
714195181710,5079
714195281612,5078
714195381514,5079
714195481416,5079
714195581318,5079
714195681220,5078
714195781122,5078
714195881024,5078
714195980926,5082
714196080828,5079
714196180730,5080
714196280632,5080
714196380534,5080
714196480436,5078
714196580338,5079
714196680240,5080
714196780142,5079
714196880044,5079
714196979946,5082
714197079848,5077
714197179750,5078
714197279652,5077
714197379554,5078
714197479456,5079
714197579358,5078
714197679260,5078
714197779162,5083
714197879064,5077
714197978966,5082
714198078868,5074
714198178770,5076
714198278672,5076
714198378574,5076
714198478476,5076
714198578378,5077
714198678280,5075
714198778182,5076
714198878084,5076
714198977986,5077
714199077888,5073
714199177790,5075
714199277692,5084
714199377594,5074
714199477496,5074
714199577398,5075
714199677300,5074
714199777202,5076
714199877104,5076
714199977006,5074
714200076908,5077
714200176810,5075
714200276712,5075
714200376614,5076
714200476516,5076
714200576418,5075
714200676320,5077
714200776222,5075
714200876124,5076
714200976026,5076
714201075928,5088
714201175830,5075
714201275732,5076
714201375634,5074
714201475536,5074
714201575438,5075
714201675340,5073
714201775242,5075
714201875144,5074
714201975046,5075
714202074948,5079
714202174850,5075
714202274752,5075
714202376142,6745
714202476044,5146
714202575946,5148
714202675848,5144
714202775750,5148
714202875652,5144
714202975554,5143
714203075456,5145
714203175358,5144
714203275260,5142
714203375162,5143
714203475064,5146
714203574966,5146
714203674868,5146
714203774770,5144
714203874672,5147
714203974574,5144
714204074476,5144
714204174378,5144
714204274280,5146
714204374182,5143
714204474084,5145
714204573986,5150
714204673888,5154
714204773790,5149
714204873692,5144
714204973594,5144
714205073496,5144
714205173398,5147
714205273300,5148
714205373202,5145
714205473104,5148
714205573006,5148
714205672908,5182
714205772810,5147
714205872712,5149
714205972614,5149
714206072516,5148
714206172418,5148
714206272320,5147
714206372222,5149
714206472124,5148
714206572026,5149
714206671928,5151
714206771830,5149
714206871732,5147
714206971634,5149
714207071536,5149
714207171438,5146
714207271340,5146
714207371242,5146
714207471144,5148
714207571046,5147
714207670948,5151
714207770850,5150
714207870752,5149
714207970654,5146
714208070556,5153
714208170458,5148
714208270360,5148
714208370262,5147
714208470164,5149
714208570066,5185
714208669968,5151
714208769870,5153
714208869772,5148
714208969674,5147
714209069576,5152
714209169478,5146
714209269380,5148
714209369282,5217
714209469184,5146
714209569086,5184
714209668988,5150
714209768890,5151
714209868792,5147
714209968694,5142
714210068596,5149
714210168498,5144
714210268400,5144
714210368302,5217
714210468204,5143
714210568106,5142
714210668008,5156
714210767910,5153
714210867812,5144
714210967714,5145
714211067616,5145
714211167518,5142
714211267420,5140
714211367322,5215
714211467224,5142
714211567126,5144
714211667028,5145
714211766930,5147
714211866832,5145
714211966734,5145
714212066636,5146
714212166538,5144
714212266440,5143
714212367824,6736
714212467726,5075
714212567628,5076
714212667530,5119
714212767432,5075
714212867334,5075
714212967236,5074
714213067138,5079
714213167040,5075
714213266942,5080
714213366844,5149
714213466763,5078
714213566665,5076
714213666567,5110
714213766469,5075
714213866371,5076
714213966273,5074
714214066175,5079
714214166077,5074
714214265979,5078
714214365881,5151
714214465783,5076
714214565685,5074
714214665588,5121
714214765490,5076
714214865392,5075
714214965294,5076
714215065196,5076
714215165098,5075
714215265004,5075
714215364906,5118
714215464808,5073
714215564710,5074
714215664612,5076
714215764514,5075
714215864416,5077
714215964318,5076
714216064220,5075
714216164122,5075
714216264024,5075
714216363926,5085
714216463828,5078
714216563730,5078
714216663632,5126
714216763534,5079
714216863436,5078
714216963338,5079
714217063240,5078
714217163142,5079
714217263044,5080
714217362946,5082
714217462848,5079
714217562750,5079
714217662652,5078
714217762554,5115
714217862456,5079
714217962358,5080
714218062260,5079
714218162162,5078
714218262064,5078
714218361966,5081
714218461868,5080
714218561770,5080
714218661672,5151
714218761574,5114
714218861476,5079
714218961378,5079
714219061280,5088
714219161182,5077
714219261084,5079
714219360986,5085
714219460888,5079
714219560790,5078
714219660692,5079
714219760594,5113
714219860496,5079
714219960398,5093
714220060300,5079
714220160202,5079
714220260104,5080
714220360006,5078
714220459908,5079
714220559810,5080
714220659712,5114
714220759614,5114
714220859516,5079
714220959418,5113
714221059320,5099
714221159222,5046
714221259124,5064
714221359026,5065
714221458928,5083
714221558830,5075
714221658732,5075
714221758634,5111
714221858536,5074
714221958438,5113
714222058340,5074
714222158242,5075
714222258144,5076
714222359557,6784
714222459460,5152
714222559362,5150
714222659264,5210
714222759166,5185
714222859068,5148
714222958970,5185
714223058872,5149
714223158774,5164
714223258676,5143
714223358578,5143
714223458480,5143
714223558382,5144
714223658284,5143
714223758186,5142
714223858088,5143
714223957990,5181
714224057892,5149
714224157794,5177
714224257696,5143
714224357598,5143
714224457500,5146
714224557402,5143
714224657304,5200
714224757206,5149
714224857108,5143
714224957010,5181
714225056912,5148
714225156814,5148
714225256716,5146
714225356618,5141
714225456520,5144
714225556422,5144
714225656324,5143
714225756226,5145
714225856128,5144
714225956030,5180
714226055932,5146
714226155834,5139
714226255736,5144
714226355638,5143
714226455540,5204
714226555442,5142
714226655344,5214
714226755246,5146
714226855148,5142
714226955050,5161
714227054952,5181
714227154854,5144
714227254756,5144
714227354658,5143
714227454560,5227
714227554462,5179
714227654364,5147
714227754266,5146
714227854168,5144
714227954070,5145
714228053972,5184
714228153874,5183
714228253776,5184
714228353678,5146
714228453580,5243
714228553482,5178
714228653384,5185
714228753286,5147
714228853188,5147
714228953091,5204
714229052993,5184
714229152895,5153
714229252797,5146
714229352699,5147
714229452601,5242
714229552503,5147
714229652405,5148
714229752307,5147
714229852209,5149
714229952111,5159
714230052013,5182
714230151915,5150
714230251817,5167
714230351719,5148
714230451621,5246
714230551523,5147
714230651425,5221
714230751327,5152
714230851229,5147
714230951131,5159
714231051033,5184
714231150935,5152
714231250837,5148
714231350739,5146
714231450641,5215
714231550543,5148
714231650445,5147
714231750347,5146
714231850249,5149
714231950151,5160
714232050053,5182
714232149955,5151
714232249857,5150
714232351266,6696
714232451168,5175
714232551070,5115
714232650972,5118
714232750874,5077
714232850776,5078
714232950678,5092
714233050580,5079
714233150482,5079
714233250384,5080
714233350286,5079
714233450188,5099
714233550090,5079
714233649992,5083
714233749894,5077
714233849796,5077
714233949698,5091
714234049600,5079
714234149502,5078
714234249404,5079
714234349306,5079
714234449208,5092
714234549110,5079
714234649012,5115
714234748914,5076
714234848816,5077
714234948718,5076
714235048620,5075
714235148522,5074
714235248424,5079
714235348326,5074
714235448228,5110
714235548130,5075
714235648032,5076
714235747934,5078
714235847836,5074
714235947738,5076
714236047640,5074
714236147559,5075
714236247461,5079
714236347363,5076
714236447265,5110
714236547167,5077
714236647069,5074
714236746971,5078
714236846873,5077
714236946775,5075
714237046677,5075
714237146579,5073
714237246481,5078
714237346383,5076
714237446285,5110
714237546187,5074
714237646089,5075
714237745991,5079
714237845893,5075
714237945795,5074
714238045697,5075
714238145599,5074
714238245501,5080
714238345403,5076
714238445305,5109
714238545207,5074
714238645109,5074
714238745011,5076
714238844913,5076
714238944815,5076
714239044717,5076
714239144619,5075
714239244521,5079
714239344423,5077
714239444325,5113
714239544227,5076
714239644129,5076
714239744031,5075
714239843933,5082
714239943835,5077
714240043737,5077
714240143639,5113
714240243541,5078
714240343443,5079
714240443345,5102
714240543247,5079
714240643149,5088
714240743051,5079
714240842953,5081
714240942855,5078
714241042757,5080
714241142659,5079
714241242561,5079
714241342463,5078
714241442370,5080
714241542272,5079
714241642174,5080
714241742076,5080
714241841978,5080
714241941880,5079
714242041782,5079
714242141684,5160
714242241586,5085
714242341488,5118
714242442901,6804
714242542803,5146
714242642705,5155
714242742607,5155
714242842509,5147
714242942411,5147
714243042313,5147
714243142215,5145
714243242117,5147
714243342019,5147
714243441921,5183
714243541823,5148
714243641725,5147
714243741627,5147
714243841530,5149
714243941432,5147
714244041334,5147
714244141236,5147
714244241138,5146
714244341040,5146
714244440942,5151
714244540844,5148
714244640746,5148
714244740648,5152
714244840550,5150
714244940452,5148
714245040354,5146
714245140256,5148
714245240158,5146
714245340060,5149
714245439962,5150
714245539864,5152
714245639766,5146
714245739668,5146
714245839570,5148
714245939472,5147
714246039374,5148
714246139276,5145
714246239178,5148
714246339080,5147
714246438982,5151
714246538884,5149
714246638786,5144
714246738688,5149
714246838590,5144
714246938492,5145
714247038394,5142
714247138296,5144
714247238198,5144
714247338100,5142
714247438004,5145
714247537906,5146
714247637808,5146
714247737710,5143
714247837612,5145
714247937514,5142
714248037416,5145
714248137318,5145
714248237220,5145
714248337122,5144
714248437024,5144
714248536926,5148
714248636828,5143
714248736730,5146
714248836632,5143
714248936534,5146
714249036436,5143
714249136338,5144
714249236240,5145
714249336142,5143
714249436044,5144
714249535946,5149
714249635848,5142
714249735750,5143
714249835652,5143
714249935554,5145
714250035456,5143
714250135358,5143
714250235260,5145
714250335162,5143
714250435064,5145
714250534966,5147
714250634868,5147
714250734770,5147
714250834672,5143
714250934574,5142
714251034476,5143
714251134378,5146
714251234280,5143
714251334182,5144
714251434084,5146
714251533986,5152
714251633888,5150
714251733790,5147
714251833692,5146
714251933594,5147
714252033496,5147
714252133398,5184
714252233300,5147
714252333202,5147
714252434615,6702
714252534517,5077
714252634419,5152
714252734321,5077
714252834223,5076
714252934125,5075
714253034027,5076
714253133929,5081
714253233831,5078
714253333733,5079
714253433635,5078
714253533537,5079
714253633439,5079
714253733341,5078
714253833243,5079
714253933145,5079
714254033047,5079
714254132949,5083
714254232851,5080
714254332753,5079
714254432655,5081
714254532557,5080
714254632459,5079
714254732361,5080
714254832263,5080
714254932165,5078
714255032067,5080
714255131969,5083
714255231871,5078
714255331773,5080
714255431675,5077
714255531577,5078
714255631479,5076
714255731381,5078
714255831283,5080
714255931185,5078
714256031087,5078
714256130989,5082
714256230891,5079
714256330793,5078
714256430695,5078
714256530597,5078
714256630499,5079
714256730401,5081
714256830303,5077
714256930205,5080
714257030107,5079
714257130009,5079
714257229911,5078
714257329813,5079
714257429715,5080
714257529617,5080
714257629519,5078
714257729421,5078
714257829323,5078
714257929225,5079
714258029127,5080
714258129029,5079
714258228931,5083
714258328833,5075
714258428735,5076
714258528637,5076
714258628539,5075
714258728441,5075
714258828343,5074
714258928260,5076
714259028162,5074
714259128064,5074
714259227966,5077
714259327868,5075
714259427770,5074
714259527672,5078
714259627574,5074
714259727476,5075
714259827378,5111
714259927280,5077
714260027182,5075
714260127084,5079
714260226986,5086
714260326888,5074
714260426790,5075
714260526692,5079
714260626594,5074
714260726496,5076
714260826398,5076
714260926300,5075
714261026202,5074
714261126104,5079
714261226006,5075
714261325908,5073
714261425810,5075
714261525712,5080
714261625614,5076
714261725516,5075
714261825418,5390
714261925320,5076
714262025222,5074
714262125124,5080
714262225026,5076
714262324928,5079
714262426327,6783
714262526229,5148
714262626131,5143
714262726033,5146
714262825935,5147
714262925837,5144
714263025739,5146
714263125641,5146
714263225543,5146
714263325445,5143
714263425347,5143
714263525249,5149
714263625151,5144
714263725053,5145
714263824955,5150
714263924857,5148
714264024759,5145
714264124661,5149
714264224563,5145
714264324465,5145
714264424367,5145
714264524269,5147
714264624171,5144
714264724073,5148
714264823975,5150
714264923877,5149
714265023779,5148
714265123681,5152
714265223583,5146
714265323485,5148
714265423387,5151
714265523289,5152
714265623191,5147
714265723093,5147
714265822995,5149
714265922897,5152
714266022799,5145
714266122701,5145
714266222603,5148
714266322505,5146
714266422407,5147
714266522309,5148
714266622211,5150
714266722113,5156
714266822015,5148
714266921917,5150
714267021819,5146
714267121721,5148
714267221623,5144
714267321525,5147
714267421427,5147
714267521329,5146
714267621231,5144
714267721133,5147
714267821035,5147
714267920937,5149
714268020839,5149
714268120741,5145
714268220643,5146
714268320545,5146
714268420447,5148
714268520349,5145
714268620251,5149
714268720153,5152
714268820055,5148
714268919957,5148
714269019859,5150
714269119761,5148
714269219663,5146
714269319565,5147
714269419467,5149
714269519369,5147
714269619271,5148
714269719173,5145
714269819075,5148
714269918977,5152
714270018879,5149
714270118781,5145
714270218683,5141
714270318585,5144
714270418487,5149
714270518389,5146
714270618291,5144
714270718193,5147
714270818095,5141
714270917997,5146
714271017899,5147
714271117801,5144
714271217703,5144
714271317605,5143
714271417507,5143
714271517409,5145
714271617311,5144
714271717213,5151
714271817115,5142
714271917017,5141
714272016919,5151
714272116821,5143
714272216723,5165
714272316625,5165
714272418002,6674
714272517904,5060
714272617806,5075
714272717708,5076
714272817610,5075
714272917512,5075
714273017414,5073
714273117316,5076
714273217218,5075
714273317120,5076
714273417022,5110
714273516924,5075
714273616826,5076
714273716728,5076
714273816630,5076
714273916532,5075
714274016434,5075
714274116336,5074
714274216238,5076
714274316140,5076
714274416042,5076
714274515944,5080
714274615846,5074
714274715748,5076
714274815650,5074
714274915552,5075
714275015454,5075
714275115356,5074
714275215258,5076
714275315160,5076
714275415062,5074
714275514964,5080
714275614866,5076
714275714768,5076
714275814670,5076
714275914572,5075
714276014474,5075
714276114376,5074
714276214278,5074
714276314180,5110
714276414082,5075
714276513984,5081
714276613886,5078
714276713788,5078
714276813690,5077
714276913592,5079
714277013494,5080
714277113396,5077
714277213298,5078
714277313200,5077
714277413102,5080
714277513004,5078
714277612906,5078
714277712808,5079
714277812710,5078
714277912612,5078
714278012514,5080
714278112416,5079
714278212318,5079
714278312220,5078
714278412122,5079
714278512024,5103
714278611926,5083
714278711828,5079
714278811730,5079
714278911632,5079
714279011534,5150
714279111436,5078
714279211338,5078
714279311240,5079
714279411142,5078
714279511044,5150
714279610946,5080
714279710848,5079
714279810750,5079
714279910652,5078
714280010554,5150
714280110456,5078
714280210358,5079
714280310260,5079
714280410162,5079
714280510064,5150
714280609966,5082
714280709868,5078
714280809770,5083
714280909672,5078
714281009574,5112
714281109476,5077
714281209378,5077
714281309280,5078
714281409182,5096
714281509084,5078
714281609007,5079
714281708909,5076
714281808811,5074
714281908713,5076
714282008615,5076
714282108517,5076
714282208419,5075
714282308321,5075
714282409719,6789
714282509621,5149
714282609523,5148
714282709425,5152
714282809327,5148
714282909229,5147
714283009131,5148
714283109033,5146
714283208935,5150
714283308837,5183
714283408739,5144
714283508641,5143
714283608543,5144
714283708445,5144
714283808347,5144
714283908249,5145
714284008151,5147
714284108053,5143
714284207955,5146
714284307857,5142
714284407759,5144
714284507661,5189
714284607563,5144
714284707465,5145
714284807367,5143
714284907269,5142
714285007171,5210
714285107073,5143
714285206975,5147
714285306877,5148
714285406779,5144
714285506681,5144
714285606583,5145
714285706485,5143
714285806387,5145
714285906289,5143
714286006191,5144
714286106093,5143
714286205995,5145
714286305897,5149
714286405799,5144
714286505701,5144
714286605603,5145
714286705505,5147
714286805407,5146
714286905309,5141
714287005211,5143
714287105113,5142
714287205015,5142
714287304917,5153
714287404819,5144
714287504721,5143
714287604623,5143
714287704525,5144
714287804427,5144
714287904329,5143
714288004231,5145
714288104133,5147
714288204035,5143
714288303937,5150
714288403839,5146
714288503741,5145
714288603643,5149
714288703545,5171
714288803447,5146
714288903349,5146
714289003251,5148
714289103153,5149
714289203055,5158
714289302957,5149
714289402859,5151
714289502761,5150
714289602663,5147
714289702565,5159
714289802467,5145
714289902369,5146
714290002271,5147
714290102173,5144
714290202075,5159
714290301977,5150
714290401879,5148
714290501781,5146
714290601683,5148
714290701585,5170
714290801487,5145
714290901389,5153
714291001291,5146
714291101193,5148
714291201095,5160
714291300997,5152
714291400899,5151
714291500801,5148
714291600703,5148
714291700605,5213
714291800507,5148
714291900409,5149
714292000311,5148
714292100213,5149
714292200115,5159
714292300017,5146
714292401427,6706
714292501329,5081
714292601231,5078
714292701133,5123
714292801035,5078
714292900937,5081
714293000839,5077
714293100741,5078
714293200643,5092
714293300545,5079
714293400447,5078
714293500349,5080
714293600251,5080
714293700153,5097
714293800055,5080
714293899957,5081
714293999859,5078
714294099761,5077
714294199663,5091
714294299565,5078
714294399467,5080
714294499369,5078
714294599271,5080
714294699173,5136
714294799075,5077
714294898977,5081
714294998879,5076
714295098781,5075
714295198683,5074
714295298585,5073
714295398487,5075
714295498389,5075
714295598291,5075
714295698193,5077
714295798095,5077
714295897997,5077
714295997899,5077
714296097801,5075
714296197703,5076
714296297605,5076
714296397507,5076
714296497409,5074
714296597311,5075
714296697213,5157
714296797115,5076
714296897017,5076
714296996919,5075
714297096821,5076
714297196723,5074
714297296625,5076
714297396527,5077
714297496429,5077
714297596331,5076
714297696233,5075
714297796135,5075
714297896037,5074
714297995939,5077
714298095841,5073
714298195743,5076
714298295645,5076
714298395547,5075
714298495449,5075
714298595351,5076
714298695256,5134
714298795158,5075
714298895060,5073
714298994962,5079
714299094864,5074
714299194766,5075
714299294668,5076
714299394570,5075
714299494472,5075
714299594374,5077
714299694276,5076
714299794178,5076
714299894080,5076
714299993982,5082
714300093884,5077
714300193786,5077
714300293688,5079
714300393590,5078
714300493492,5078
714300593394,5078
714300693296,5154
714300793198,5079
714300893100,5076
714300993004,5078
714301092906,5078
714301192808,5079
714301292710,5079
714301392612,5080
714301492514,5080
714301592416,5079
714301692318,5080
714301792220,5080
714301892122,5080
714301992024,5077
714302091926,5084
714302191828,5082
714302291730,5078
714302393149,6817
714302493051,5149
714302592953,5149
714302692856,5191
714302792758,5146
714302892660,5148
714302992562,5147
714303092464,5149
714303192366,5150
714303292268,5147
714303392170,5148
714303492072,5148
714303591974,5150
714303691876,5149
714303791778,5146
714303891681,5147
714303991583,5148
714304091485,5148
714304191387,5148
714304291289,5148
714304391207,5150
714304491109,5149
714304591011,5148
714304690913,5226
714304790815,5147
714304890717,5144
714304990619,5147
714305090521,5188
714305190423,5146
714305290325,5148
714305390227,5147
714305490129,5149
714305590031,5150
714305689933,5152
714305789835,5146
714305889737,5147
714305989639,5147
714306089541,5146
714306189443,5150
714306289345,5148
714306389247,5148
714306489149,5147
714306589051,5147
714306688953,5222
714306788855,5141
714306888757,5144
714306988659,5146
714307088561,5143
714307188463,5142
714307288365,5143
714307388267,5142
714307488169,5141
714307588071,5141
714307687973,5145
714307787875,5146
714307887777,5142
714307987679,5176
714308087581,5142
714308187483,5144
714308287385,5144
714308387287,5144
714308487189,5143
714308587091,5144
714308686993,5198
714308786895,5146
714308886797,5143
714308986699,5145
714309086601,5145
714309186503,5145
714309286405,5145
714309386307,5145
714309486209,5143
714309586111,5143
714309686013,5143
714309785915,5149
714309885817,5143
714309985719,5145
714310085621,5145
714310185523,5145
714310285425,5144
714310385327,5147
714310485229,5144
714310585131,5143
714310685033,5179
714310784935,5148
714310884837,5144
714310984739,5143
714311084641,5146
714311184543,5145
714311284445,5142
714311384347,5145
714311484249,5143
714311584151,5144
714311684053,5145
714311783955,5184
714311883857,5149
714311983759,5146
714312083661,5146
714312183563,5146
714312283465,5147
714312384879,6723
714312484781,5076
714312584683,5076
714312684585,5113
714312784487,5075
714312884389,5076
714312984291,5076
714313084193,5077
714313184095,5075
714313283997,5081
714313383899,5078
714313483801,5078
714313583703,5079
714313683605,5078
714313783507,5079
714313883409,5079
714313983311,5079
714314083213,5078
714314183115,5080
714314283017,5077
714314382919,5079
714314482821,5078
714314582723,5078
714314682625,5079
714314782527,5078
714314882429,5080
714314982331,5078
714315082233,5257
714315182135,5078
714315282037,5080
714315381939,5082
714315481841,5078
714315581743,5078
714315681645,5078
714315781547,5080
714315881449,5078
714315981351,5079
714316081253,5080
714316181155,5079
714316281057,5080
714316380959,5082
714316480861,5079
714316580763,5078
714316680665,5080
714316780567,5079
714316880469,5079
714316980371,5079
714317080273,5078
714317180175,5079
714317280077,5080
714317379979,5082
714317479881,5079
714317579783,5080
714317679685,5079
714317779587,5079
714317879489,5079
714317979391,5080
714318079293,5078
714318179195,5080
714318279097,5080
714318378999,5081
714318478901,5074
714318578803,5076
714318678705,5077
714318778607,5077
714318878509,5075
714318978411,5076
714319078313,5075
714319178215,5076
714319278117,5073
714319378019,5075
714319477921,5074
714319577823,5074
714319677725,5072
714319777627,5075
714319877529,5074
714319977431,5072
714320077333,5075
714320177235,5074
714320277137,5075
714320377039,5075
714320476941,5079
714320576843,5076
714320676745,5074
714320776647,5076
714320876549,5075
714320976451,5075
714321076353,5075
714321176255,5076
714321276157,5075
714321376059,5078
714321475961,5079
714321575863,5075
714321675765,5074
714321775667,5074
714321875569,5075
714321975471,5076
714322075373,5075
714322175275,5076
714322275177,5075
714322376590,6782
714322476492,5148
714322576394,5143
714322676296,5147
714322776198,5147
714322876100,5143
714322976004,5143
714323075906,5146
714323175808,5145
714323275710,5145
714323375612,5162
714323475514,5163
714323575416,5165
714323675318,5163
714323775220,5147
714323875122,5147
714323975024,5144
714324074926,5148
714324174828,5142
714324274730,5145
714324374632,5146
714324474534,5144
714324574436,5144
714324674338,5147
714324774240,5146
714324874142,5144
714324974044,5145
714325073946,5151
714325173848,5145
714325273750,5146
714325373652,5148
714325473554,5147
714325573456,5148
714325673358,5146
714325773260,5147
714325873162,5147
714325973064,5148
714326072966,5154
714326172868,5152
714326272770,5149
714326372672,5148
714326472574,5147
714326572476,5147
714326672378,5150
714326772280,5148
714326872182,5147
714326972084,5149
714327071986,5152
714327171904,5153
714327271806,5151
714327371708,5147
714327471610,5149
714327571512,5147
714327671414,5148
714327771316,5150
714327871218,5149
714327971120,5147
714328071022,5148
714328170924,5148
714328270826,5149
714328370728,5146
714328470630,5148
714328570532,5150
714328670434,5151
714328770336,5152
714328870238,5147
714328970140,5149
714329070042,5150
714329169944,5151
714329269846,5147
714329369748,5184
714329469650,5148
714329569552,5147
714329669454,5147
714329769356,5147
714329869258,5146
714329969160,5148
714330069062,5148
714330168964,5152
714330268866,5148
714330368768,5219
714330468670,5144
714330568572,5145
714330668474,5146
714330768376,5142
714330868278,5143
714330968180,5145
714331068082,5147
714331167984,5146
714331267886,5146
714331367788,5217
714331467690,5143
714331567592,5144
714331667494,5142
714331767396,5144
714331867298,5142
714331967200,5143
714332067102,5150
714332167004,5144
714332266906,5146
714332368310,6698
714332468212,5076
714332568114,5092
714332668016,5084
714332767918,5071
714332867820,5076
714332967722,5074
714333067624,5079
714333167526,5077
714333267428,5075
714333367330,5151
714333467232,5076
714333567134,5074
714333667036,5075
714333766938,5078
714333866840,5073
714333966742,5075
714334066644,5080
714334166546,5076
714334266448,5075
714334366350,5150
714334466252,5075
714334566154,5075
714334666056,5086
714334765958,5080
714334865860,5075
714334965762,5077
714335065664,5075
714335165566,5077
714335265468,5074
714335365370,5150
714335465272,5074
714335565174,5074
714335665076,5074
714335764978,5079
714335864880,5075
714335964782,5076
714336064684,5076
714336164586,5077
714336264488,5075
714336364390,5094
714336464292,5076
714336564194,5077
714336664096,5123
714336763998,5081
714336863900,5079
714336963802,5077
714337063704,5077
714337163606,5077
714337263508,5078
714337363410,5078
714337463312,5080
714337563214,5080
714337663116,5078
714337763018,5077
714337862920,5079
714337962822,5079
714338062724,5079
714338162626,5080
714338262528,5081
714338362430,5079
714338462332,5080
714338562234,5079
714338662136,5152
714338762038,5115
714338861940,5081
714338961842,5082
714339061744,5113
714339161646,5080
714339261548,5079
714339361450,5078
714339461352,5078
714339561254,5078
714339661156,5079
714339761058,5116
714339860960,5083
714339960862,5080
714340060764,5079
714340160666,5078
714340260568,5078
714340360470,5078
714340460372,5079
714340560274,5079
714340660176,5135
714340760078,5131
714340859980,5081
714340959882,5114
714341059784,5114
714341159686,5079
714341259588,5078
714341359490,5079
714341459392,5077
714341559294,5079
714341659196,5077
714341759098,5114
714341859003,5078
714341958905,5118
714342058807,5091
714342158709,5076
714342258611,5084
714342359985,6759
714342459887,5159
714342559789,5182
714342659691,5184
714342759593,5183
714342859495,5148
714342959397,5182
714343059299,5147
714343159201,5146
714343259103,5147
714343359005,5148
714343458907,5149
714343558809,5144
714343658711,5144
714343758613,5179
714343858515,5145
714343958417,5178
714344058319,5144
714344158221,5143
714344258123,5144
714344358025,5145
714344457927,5148
714344557829,5144
714344657731,5214
714344757633,5145
714344857535,5145
714344957437,5178
714345057339,5143
714345157241,5143
714345257143,5144
714345357045,5144
714345456947,5147
714345556849,5145
714345656751,5143
714345756653,5143
714345856555,5143
714345956457,5179
714346056359,5143
714346156261,5146
714346256163,5143
714346356065,5143
714346455967,5168
714346555869,5146
714346655771,5216
714346755673,5147
714346855575,5144
714346955477,5182
714347055379,5143
714347155281,5144
714347255183,5144
714347355085,5144
714347454987,5231
714347554889,5149
714347654791,5143
714347754693,5145
714347854595,5144
714347954497,5143
714348054399,5142
714348154301,5179
714348254203,5181
714348354105,5146
714348454018,5230
714348553920,5150
714348653822,5186
714348753724,5149
714348853626,5145
714348953528,5161
714349053430,5182
714349153332,5183
714349253234,5150
714349353136,5146
714349453038,5241
714349552940,5151
714349652842,5147
714349752744,5147
714349852661,5149
714349952563,5161
714350052465,5146
714350152367,5183
714350252269,5146
714350352171,5146
714350452073,5245
714350551975,5150
714350651877,5224
714350751779,5150
714350851681,5149
714350951583,5161
714351051485,5149
714351151387,5147
714351251289,5149
714351351191,5150
714351451093,5243
714351550995,5151
714351650897,5151
714351750799,5149
714351850701,5148
714351950603,5157
714352050505,5147
714352150407,5149
714352250309,5150
714352351708,6700
714352451610,5212
714352551512,5078
714352651414,5137
714352751316,5080
714352851218,5080
714352951120,5091
714353051022,5078
714353150924,5082
714353250826,5077
714353350728,5080
714353450630,5133
714353550532,5079
714353650434,5078
714353750336,5077
714353850238,5081
714353950140,5090
714354050042,5081
714354149944,5082
714354249846,5077
714354349748,5078
714354449650,5091
714354549552,5077
714354649454,5114
714354749356,5080
714354849258,5079
714354949160,5089
714355049062,5078
714355148964,5079
714355248866,5077
714355348768,5072
714355448670,5073
714355548572,5077
714355648474,5074
714355748376,5078
714355848278,5076
714355948180,5074
714356048082,5076
714356147984,5078
714356247886,5079
714356347788,5076
714356447690,5110
714356547592,5077
714356647494,5076
714356747396,5075
714356847298,5075
714356947200,5075
714357047102,5074
714357147004,5415
714357246906,5080
714357346808,5077
714357446710,5113
714357546612,5077
714357646514,5076
714357746416,5075
714357846318,5076
714357946220,5076
714358046122,5076
714358146024,5074
714358245926,5084
714358345828,5074
714358445730,5111
714358545632,5076
714358645534,5074
714358745436,5075
714358845338,5076
714358945240,5076
714359045142,5076
714359145044,5071
714359244946,5083
714359344848,5075
714359444750,5111
714359544652,5075
714359644554,5076
714359744456,5077
714359844358,5076
714359944260,5075
714360044162,5077
714360144064,5110
714360243966,5084
714360343868,5078
714360443770,5112
714360543672,5080
714360643574,5078
714360743476,5079
714360843378,5078
714360943280,5081
714361043182,5079
714361143084,5078
714361242986,5088
714361342888,5080
714361442790,5095
714361542692,5080
714361642594,5078
714361742496,5078
714361842398,5079
714361942300,5079
714362042202,5080
714362142104,5178
714362242006,5080
714362341908,5120
714362443326,6805
714362543228,5185
714362643130,5146
714362743032,5151
714362842934,5150
714362942836,5150
714363042738,5148
714363142640,5146
714363242542,5148
714363342444,5147
714363442346,5147
714363542248,5220
714363642150,5149
714363742052,5147
714363841955,5150
714363941857,5153
714364041759,5146
714364141661,5147
714364241563,5146
714364341465,5147
714364441367,5147
714364541269,5148
714364641171,5146
714364741073,5150
714364840975,5151
714364940877,5151
714365040779,5147
714365140681,5147
714365240583,5145
714365340485,5148
714365440387,5149
714365540289,5149
714365640191,5148
714365740093,5149
714365839995,5152
714365939897,5152
714366039799,5149
714366139701,5148
714366239603,5148
714366339505,5147
714366439407,5148
714366539309,5146
714366639211,5147
714366739113,5149
714366839015,5148
714366938917,5155
714367038819,5144
714367138721,5143
714367238623,5141
714367338525,5144
714367438427,5143
714367538329,5143
714367638231,5143
714367738133,5143
714367838035,5146
714367937937,5146
714368037839,5141
714368137741,5143
714368237643,5145
714368337545,5143
714368437447,5143
714368537349,5143
714368637251,5145
714368737153,5148
714368837055,5145
714368936957,5147
714369036859,5148
714369136761,5179
714369236663,5145
714369336565,5145
714369436467,5146
714369536369,5146
714369636271,5146
714369736173,5146
714369836075,5144
714369935977,5144
714370035879,5145
714370135781,5143
714370235683,5142
714370335585,5144
714370435487,5142
714370535389,5147
714370635291,5141
714370735193,5147
714370835095,5142
714370934997,5148
714371034899,5146
714371134801,5144
714371234703,5145
714371334605,5144
714371434507,5144
714371534409,5144
714371634311,5143
714371734213,5143
714371834115,5144
714371934017,5144
714372033919,5147
714372133821,5183
714372233723,5147
714372333625,5149
