3529662537659,31258
3529662637618,6932
3529662737541,7290
3529662837465,6828
3529662937387,6814
3529663037311,6819
3529663137233,6817
3529663237155,6810
3529663337077,6817
3529663436999,6813
3529663536921,6809
3529663636843,6809
3529663736765,6809
3529663836688,6813
3529663936610,6800
3529664036532,6811
3529664136454,6801
3529664236376,6806
3529664336298,6802
3529664436220,6811
3529664536143,6804
3529664636065,6805
3529664735988,6801
3529664835910,6801
3529664935832,6801
3529665035754,6807
3529665135676,6800
3529665235598,6810
3529665335520,6810
3529665435443,6806
3529665535365,6810
3529665635287,6794
3529665735209,6804
3529665835131,6798
3529665935055,6802
3529666034977,6808
3529666134899,6798
3529666234821,6806
3529666334743,6798
3529666434665,6803
3529666534587,6801
3529666634509,6814
3529666734432,6804
3529666834354,6804
3529666934276,6804
3529667034198,6801
3529667134120,6810
3529667234042,6808
3529667333964,6804
3529667433886,6810
3529667533808,6802
3529667633730,6801
3529667733653,6813
3529667833575,6808
3529667933497,6809
3529668033419,6800
3529668133341,6847
3529668233263,6811
3529668333185,6801
3529668433107,6806
3529668533029,6810
3529668632951,6806
3529668732874,6818
3529668832796,6813
3529668932718,6804
3529669032640,6814
3529669132562,6807
3529669232484,6809
3529669332407,6807
3529669432329,6809
3529669532251,6808
3529669632173,6806
3529669732095,6801
3529669832017,6802
3529669931939,6809
3529670031861,6815
3529670131783,6814
3529670231706,6819
3529670331629,6803
3529670431551,6802
3529670531473,6837
3529670631395,6806
3529670731318,6828
3529670831240,6806
3529670931162,6821
3529671031084,6879
3529671131006,6802
3529671230928,6799
3529671330850,6806
3529671430773,6809
3529671530695,6871
3529671630617,6818
3529671730539,6807
3529671830461,6811
3529671930383,6813
3529672030305,6876
3529672130227,6805
3529672230149,6807
3529672330071,6810
3529672429993,6811
3529672529915,7018
3529672629838,6877
3529672729844,7188
3529672829766,6974
3529672929688,7316
3529673029611,7045
3529673129533,6935
3529673229455,6930
3529673329377,6927
3529673429299,6939
3529673529221,6939
3529673629143,6934
3529673729066,6930
3529673828988,6933
3529673928910,6930
3529674028833,6940
3529674128755,6937
3529674228677,6930
3529674328599,6953
3529674428521,6941
3529674528443,6935
3529674628365,6931
3529674728288,6946
3529674828210,6928
3529674928132,6930
3529675028054,6927
3529675127976,6929
3529675227898,6940
3529675327820,6930
3529675427742,6929
3529675527664,6932
3529675627587,6938
3529675727509,6927
3529675827431,6928
3529675927353,6931
3529676027275,6931
3529676127197,6926
3529676227119,6940
3529676327041,6933
3529676426963,6932
3529676526885,6984
3529676626808,6923
3529676726730,6934
3529676826652,6922
3529676926574,6920
3529677026496,6998
3529677126418,6936
3529677226340,6939
3529677326262,6936
3529677426184,6928
3529677526106,6997
3529677626028,6924
3529677725950,6926
3529677825872,6929
3529677925794,6920
3529678025716,6999
3529678125638,6930
3529678225560,6929
3529678325482,6930
3529678425404,6932
3529678525326,6960
3529678625248,6920
3529678725170,6941
3529678825092,6928
3529678925014,6914
3529679024936,6926
3529679124858,6933
3529679224780,6942
3529679324702,6928
3529679424624,6929
3529679524546,6934
3529679624468,6930
3529679724391,6933
3529679824313,6927
3529679924235,6929
3529680024157,6929
3529680124079,6940
3529680224006,6928
3529680323928,6924
3529680423851,6940
3529680523773,6929
3529680623695,6940
3529680723618,6943
3529680823540,6936
3529680923462,6937
3529681023384,6935
3529681123306,6933
3529681223228,6932
3529681323150,6935
3529681423084,6939
3529681523006,6923
3529681622928,6934
3529681722850,6931
3529681822772,6931
3529681922694,6934
3529682022616,6938
3529682122538,6932
3529682222460,6929
3529682322382,6932
3529682422305,7001
3529682522227,6935
3529682622149,6930
3529682722072,7008
3529682822077,6997
3529682921999,6837
3529683021922,7122
3529683121845,7082
3529683221767,7079
3529683321689,7082
3529683421611,7162
3529683521533,7086
3529683621455,7083
3529683721377,7077
3529683821299,7075
3529683921221,7081
3529684021143,7081
3529684121090,6808
3529684221012,6805
3529684320934,6817
3529684420856,6906
3529684520778,6810
3529684620700,6805
3529684720622,6820
3529684820544,6811
3529684920466,6814
3529685020388,6807
3529685120310,6802
3529685220232,6811
3529685320154,6801
3529685420076,6901
3529685519998,6817
3529685619920,6810
3529685719843,6813
3529685819765,6811
3529685919687,6803
3529686019609,6801
3529686119531,6811
3529686219453,6812
3529686319375,6860
3529686419297,6906
3529686519219,6811
3529686619141,6802
3529686719064,6810
3529686818986,6807
3529686918908,6808
3529687018830,6808
3529687118752,6808
3529687218674,6803
3529687318596,6810
3529687418518,6907
3529687518440,6809
3529687618362,6810
3529687718284,6819
3529687818206,6825
3529687918128,6807
3529688018050,6800
3529688117972,6818
3529688217894,6807
3529688317816,6811
3529688417738,6913
3529688517660,6798
3529688617582,6804
3529688717505,6815
3529688817427,6801
3529688917349,6811
3529689017271,6799
3529689117193,6797
3529689217115,6795
3529689317037,6794
3529689416959,6904
3529689516881,6802
3529689616803,6804
3529689716725,6810
3529689816647,6802
3529689916569,6809
3529690016491,6803
3529690116413,6805
3529690216335,6804
3529690316257,6810
3529690416179,6902
3529690516101,6796
3529690616023,6803
3529690715946,6804
3529690815868,6804
3529690915790,6799
3529691015712,6803
3529691115634,6811
3529691215556,6806
3529691315478,6802
3529691415400,6834
3529691515322,6810
3529691615244,6806
3529691715166,6804
3529691815088,6798
3529691915010,6798
3529692014932,6811
3529692114854,6811
3529692214777,6809
3529692314699,6811
3529692414621,6829
3529692514543,6814
3529692614465,6804
3529692714388,6799
3529692814311,6878
3529692914316,7169
3529693014238,6959
3529693114161,7597
3529693214084,6940
3529693314006,6926
3529693413928,6931
3529693513850,6939
3529693613772,6934
3529693713694,6931
3529693813616,6937
3529693913538,6933
3529694013461,6936
3529694113383,6929
3529694213305,6925
3529694313227,6931
3529694413149,7260
3529694513072,7019
3529694612995,6937
3529694712918,6962
3529694812840,6940
3529694912763,6936
3529695012685,6940
3529695112607,6937
3529695212529,6941
3529695312451,6935
3529695412373,6938
3529695512295,6936
3529695612217,6932
3529695712139,6944
3529695812061,6930
3529695911983,6926
3529696011905,6926
3529696111827,6937
3529696211749,6946
3529696311671,6932
3529696411593,6929
3529696511516,6943
3529696611438,6941
3529696711361,6946
3529696811283,6941
3529696911205,6929
3529697011127,6944
3529697111049,6935
3529697210971,6938
3529697310893,6935
3529697410815,6933
3529697510737,6932
3529697610659,6930
3529697710581,6940
3529697810503,6939
3529697910425,6935
3529698010347,6940
3529698110269,6933
3529698210191,6924
3529698310113,6931
3529698410035,6927
3529698509957,6931
3529698609879,6935
3529698709802,6945
3529698809725,6951
3529698909647,6927
3529699009569,6928
3529699109491,6937
3529699209413,6931
3529699309335,6968
3529699409257,6930
3529699509179,7009
3529699609101,6941
3529699709023,6928
3529699808945,6922
3529699908867,6937
3529700008789,6931
3529700108712,6926
3529700208634,6932
3529700308556,6930
3529700408478,6934
3529700508400,6938
3529700608322,6930
3529700708244,6940
3529700808166,6931
3529700908088,6929
3529701008010,6941
3529701107932,6933
3529701207854,6939
3529701307776,6936
3529701407698,6930
3529701507620,6934
3529701607542,6932
3529701707464,6942
3529701807386,6922
3529701907308,6930
3529702007230,6931
3529702107153,6929
3529702207075,6923
3529702306997,6924
3529702406919,6927
3529702506842,6932
3529702606764,6927
3529702706687,6943
3529702806609,6932
3529702906531,6994
3529703006533,6969
3529703106455,6838
3529703206377,7075
3529703306300,7075
3529703406222,7082
3529703506145,7085
3529703606067,7084
3529703705990,7081
3529703805912,7070
3529703905835,7071
3529704005758,6806
3529704105680,6797
3529704205602,6808
3529704305524,6799
3529704405446,6809
3529704505368,6810
3529704605290,6808
3529704705213,6813
3529704805136,6808
3529704905058,6885
3529705004981,6808
3529705104903,6810
3529705204825,6807
3529705304747,6808
3529705404669,6804
3529705504591,6811
3529705604513,6807
3529705704453,6806
3529705804375,6812
3529705904297,6804
3529706004219,6803
3529706104141,6797
3529706204063,6801
3529706303985,6807
3529706403907,6806
3529706503829,6811
3529706603751,6800
3529706703674,6842
3529706803596,6810
3529706903518,6811
3529707003440,6808
3529707103362,6805
3529707203284,6832
3529707303206,6802
3529707403128,6798
3529707503050,6808
3529707602972,6810
3529707702894,6819
3529707802816,6803
3529707902738,6808
3529708002660,6807
3529708102582,6804
3529708202504,6817
3529708302426,6808
3529708402348,6811
3529708502270,6815
3529708602192,6806
3529708702114,6958
3529708802037,6805
3529708901959,6812
3529709001881,6810
3529709101803,6810
3529709201725,6822
3529709301647,6816
3529709401569,6809
3529709501491,6804
3529709601413,6808
3529709701335,6827
3529709801257,6815
3529709901179,6803
3529710001101,6807
3529710101023,6799
3529710200945,6928
3529710300867,6806
3529710400789,6812
3529710500711,6809
3529710600633,6808
3529710700555,6881
3529710800477,6805
3529710900399,6807
3529711000321,6812
3529711100243,6805
3529711200165,6810
3529711300087,6801
3529711400009,6806
3529711499931,6812
3529711599853,6809
3529711699775,6901
3529711799697,6799
3529711899619,6812
3529711999541,6809
3529712099463,6804
3529712199385,6823
3529712299307,6812
3529712399229,6809
3529712499151,6806
3529712599073,6804
3529712698996,6873
3529712798918,6803
3529712898840,6804
3529712998762,6877
3529713098763,7176
3529713198686,6967
3529713298608,7214
3529713398530,6938
3529713498452,7074
3529713598374,6937
3529713698296,6944
3529713798218,6934
3529713898140,6935
3529713998062,7058
3529714097984,6930
3529714197906,6952
3529714297828,6929
3529714397750,6945
3529714497672,6931
3529714597594,7215
3529714697516,7040
3529714797438,6942
3529714897360,6979
3529714997282,6971
3529715097204,6927
3529715197126,6947
3529715297048,6923
3529715396970,6929
3529715496892,6931
3529715596814,6922
3529715696736,6933
3529715796658,6928
3529715896580,6925
3529715996502,6924
3529716096424,6925
3529716196346,6979
3529716296268,6926
3529716396190,6927
3529716496112,6927
3529716596034,6930
3529716695957,7065
3529716795879,6933
3529716895801,6927
3529716995723,6934
3529717095645,6925
3529717195567,6932
3529717295489,6934
3529717395411,6934
3529717495333,6943
3529717595255,6926
3529717695177,6927
3529717795099,6929
3529717895021,6935
3529717994943,6925
3529718094865,6927
3529718194787,6921
3529718294709,6939
3529718394631,6930
3529718494553,6944
3529718594475,6934
3529718694397,7042
3529718794320,6936
3529718894242,6924
3529718994164,6926
3529719094086,6936
3529719194008,6929
3529719293930,6931
3529719393852,6937
3529719493774,6931
3529719593696,6929
3529719693618,6947
3529719793540,6937
3529719893462,6933
3529719993384,6958
3529720093306,6932
3529720193228,6934
3529720293150,6930
3529720393072,6943
3529720492994,6933
3529720592916,6948
3529720692839,7007
3529720792761,6936
3529720892683,6938
3529720992605,6929
3529721092527,6929
3529721192449,6928
3529721292371,6931
3529721392293,6935
3529721492215,6930
3529721592137,6920
3529721692059,6927
3529721791981,6923
3529721891903,6929
3529721991825,6938
3529722091747,6935
3529722191669,6925
3529722291591,6936
3529722391513,6935
3529722491435,6940
3529722591357,6928
3529722691280,7041
3529722791202,6933
3529722891124,6929
3529722991046,6929
3529723090969,6991
3529723190974,7008
3529723290896,6842
3529723390819,7077
3529723490742,6817
3529723590664,6809
3529723690586,6804
3529723790508,6803
3529723890430,6808
3529723990352,6812
3529724090274,6808
3529724190196,6799
3529724290118,6807
3529724390040,6807
3529724489963,6806
3529724589886,7083
3529724689808,6884
3529724789731,6931
3529724889654,6802
3529724989577,6812
3529725089499,6810
3529725189421,6799
3529725289343,6811
3529725389265,6811
3529725489187,6801
3529725589109,6805
3529725689031,6823
3529725788953,6809
3529725888875,6811
3529725988797,6806
3529726088719,6806
3529726188641,6808
3529726288563,6806
3529726388485,6797
3529726488407,6809
3529726588329,6807
3529726688252,6932
3529726788174,6808
3529726888096,6806
3529726988018,6807
3529727087940,6798
3529727187882,6812
3529727287805,6808
3529727387727,6809
3529727487649,6808
3529727587571,6805
3529727687493,6841
3529727787415,6814
3529727887337,6803
3529727987259,6817
3529728087181,6813
3529728187103,6796
3529728287025,6802
3529728386947,6805
3529728486869,6806
3529728586791,6796
3529728686714,6912
3529728786636,6982
3529728886558,6806
3529728986480,6801
3529729086402,6809
3529729186324,6802
3529729286246,6797
3529729386168,6799
3529729486090,6792
3529729586012,6805
3529729685934,6839
3529729785856,6795
3529729885778,6797
3529729985700,6806
3529730085622,6806
3529730185544,6799
3529730285467,6816
3529730385389,6807
3529730485311,6801
3529730585233,6808
3529730685155,6876
3529730785077,6811
3529730884999,6811
3529730984921,6792
3529731084843,6806
3529731184765,6811
3529731284687,6807
3529731384609,6809
3529731484531,6806
3529731584453,6810
3529731684375,6844
3529731784297,6892
3529731884219,6805
3529731984141,6798
3529732084063,6806
3529732183985,6803
3529732283907,6803
3529732383829,6804
3529732483751,6810
3529732583673,6811
3529732683595,6888
3529732783517,6824
3529732883439,6814
3529732983364,6811
3529733083286,6801
3529733183209,6877
3529733283218,7214
3529733383140,6963
3529733483063,7206
3529733582986,7215
3529733682908,7245
3529733782831,7209
3529733882753,7206
3529733982675,7209
3529734082597,7205
3529734182519,7205
3529734282441,7212
3529734382363,7207
3529734482285,7216
3529734582207,6942
3529734682130,6974
3529734782053,6952
3529734881975,6932
3529734981897,6963
3529735081819,6930
3529735181741,6935
3529735281663,6933
3529735381586,6932
3529735481508,6936
3529735581430,6928
3529735681352,6928
3529735781274,6929
3529735881196,6930
3529735981118,6931
3529736081040,6927
3529736180962,6934
3529736280884,6932
3529736380806,6934
3529736480728,6933
3529736580650,6928
3529736680572,6933
3529736780494,6933
3529736880416,6925
3529736980338,6933
3529737080260,6930
3529737180182,6931
3529737280104,6932
3529737380026,6929
3529737479948,6940
3529737579870,6932
3529737679792,6929
3529737779714,6933
3529737879636,6927
3529737979558,6932
3529738079480,6936
3529738179402,6923
3529738279324,6932
3529738379246,6941
3529738479168,6927
3529738579091,6931
3529738679013,6937
3529738778935,6940
3529738878857,6932
3529738978779,6931
3529739078701,6931
3529739178623,6924
3529739278545,6936
3529739378467,6928
3529739478389,6943
3529739578311,6938
3529739678233,6936
3529739778156,6935
3529739878078,6930
3529739978003,6926
3529740077925,6935
3529740177847,6933
3529740277769,6927
3529740377691,6929
3529740477613,6939
3529740577535,6935
3529740677458,6930
3529740777380,6937
3529740877302,6937
3529740977224,6930
3529741077146,6932
3529741177068,6926
3529741276990,6924
3529741376912,6925
3529741476834,6926
3529741576756,6929
3529741676678,6931
3529741776601,6937
3529741876523,6934
3529741976445,6932
3529742076367,6930
3529742176289,6926
3529742276211,6928
3529742376133,6924
3529742476055,6931
3529742575977,6925
3529742675899,6930
3529742775821,6930
3529742875743,6930
3529742975665,6925
3529743075587,6924
3529743175509,6939
3529743275431,6998
3529743375437,6985
3529743475359,6846
3529743575281,7080
3529743675203,6810
3529743775125,6797
3529743875047,6803
3529743974969,6806
3529744074891,6792
3529744174813,6807
3529744274735,6793
3529744374657,6806
3529744474579,6811
3529744574501,6800
3529744674423,6804
3529744774346,6825
3529744874268,6794
3529744974190,6803
3529745074112,6805
3529745174034,6809
3529745273956,6799
3529745373878,6808
3529745473800,7127
3529745573722,6813
3529745673644,6865
3529745773566,6863
3529745873488,6808
3529745973410,6895
3529746073332,6869
3529746173254,6860
3529746273176,6862
3529746373098,6857
3529746473020,6801
3529746572942,6812
3529746672864,6808
3529746772786,6811
3529746872708,6800
3529746972630,6811
3529747072552,6809
3529747172474,6810
3529747272396,6802
3529747372318,6805
3529747472240,6812
3529747572162,6802
3529747672084,6803
3529747772006,6854
3529747871928,6810
3529747971850,6803
3529748071772,6809
3529748171694,6810
3529748271616,6806
3529748371538,6859
3529748471460,6808
3529748571382,6811
3529748671304,6808
3529748771243,6808
3529748871165,6812
3529748971087,6805
3529749071009,6807
3529749170931,6811
3529749270853,6806
3529749370775,6811
3529749470697,6812
3529749570619,6810
3529749670541,6807
3529749770463,6812
3529749870385,6806
3529749970307,6802
3529750070229,6815
3529750170151,6796
3529750270073,6806
3529750369995,6809
3529750469917,6804
3529750569839,6800
3529750669761,6809
3529750769683,6810
3529750869605,6808
3529750969527,6810
3529751069449,6811
3529751169371,6805
3529751269293,6803
3529751369215,6813
3529751469137,6806
3529751569059,6806
3529751668981,6810
3529751768903,6808
3529751868825,6806
3529751968747,6807
3529752068669,6796
3529752168592,6806
3529752268514,6804
3529752368436,6810
3529752468358,6806
3529752568280,6808
3529752668202,6810
3529752768124,6820
3529752868046,6869
3529752967968,6808
3529753067890,6849
3529753167812,6818
3529753267734,6803
3529753367656,6884
3529753467664,7161
3529753567586,6962
3529753667508,7198
3529753767431,7208
3529753867354,7214
3529753967276,7215
3529754067198,7207
3529754167120,7203
3529754267042,7207
3529754366964,7292
3529754466886,7215
3529754566808,7322
3529754666731,7226
3529754766653,6933
3529754866575,6933
3529754966497,6920
3529755066419,6928
3529755166341,6928
3529755266263,6929
3529755366185,6929
3529755466107,6932
3529755566029,6938
3529755665951,6930
3529755765874,6924
3529755865796,6923
3529755965718,6924
3529756065640,6933
3529756165562,6921
3529756265484,6933
3529756365406,6931
3529756465328,6929
3529756565250,6925
3529756665172,6984
3529756765094,6942
3529756865016,6929
3529756964938,6925
3529757064860,6929
3529757164782,6926
3529757264705,6923
3529757364627,6922
3529757464549,6932
3529757564471,6923
3529757664393,6931
3529757764315,6933
3529757864237,6934
3529757964159,6939
3529758064081,6932
3529758164007,6923
3529758263929,6923
3529758363851,6931
3529758463773,6937
3529758563695,6930
3529758663617,6978
3529758763539,6964
3529758863461,6932
3529758963383,6925
3529759063305,6929
3529759163227,6934
3529759263149,6939
3529759363071,6925
3529759462993,6934
3529759562915,6932
3529759662837,6929
3529759762759,6927
3529759862681,6932
3529759962603,6929
3529760062525,6927
3529760162447,6927
3529760262369,6928
3529760362291,6937
3529760462213,6931
3529760562135,6930
3529760662057,7016
3529760761979,6933
3529760861901,6933
3529760961823,6929
3529761061745,6943
3529761161667,6928
3529761261589,6929
3529761361511,6933
3529761461433,6939
3529761561355,6933
3529761661277,6927
3529761761199,6939
3529761861121,6933
3529761961043,6931
3529762060965,6926
3529762160887,6935
3529762260809,6937
3529762360731,6933
3529762460653,6935
3529762560575,6932
3529762660497,7006
3529762760419,6941
3529762860341,6930
3529762960263,6926
3529763060185,6930
3529763160107,6936
3529763260029,6937
3529763359951,6929
