3455430563340,2045
3455430663274,29
3455430763197,27
3455430863119,26
3455430963041,26
3455431062963,26
3455431162887,28
3455431262809,27
3455431362731,27
3455431462653,26
3455431562575,27
3455431662497,26
3455431762419,27
3455431862341,27
3455431962263,26
3455432062185,27
3455432162107,26
3455432262029,26
3455432361951,26
3455432461873,26
3455432561795,26
3455432661717,27
3455432761639,27
3455432861561,26
3455432961483,27
3455433061405,26
3455433161327,26
3455433261249,26
3455433361171,27
3455433461093,26
3455433561015,26
3455433660937,27
3455433760859,28
3455433860781,26
3455433960703,26
3455434060625,26
3455434160547,26
3455434260469,26
3455434360391,26
3455434460313,26
3455434560235,26
3455434660157,27
3455434760079,27
3455434860004,26
3455434959926,26
3455435059848,27
3455435159770,27
3455435259692,26
3455435359614,26
3455435459536,27
3455435559458,26
3455435659380,27
3455435759343,77
3455435859266,29
3455435959188,32
3455436059110,28
3455436159032,27
3455436258954,27
3455436358876,27
3455436458798,27
3455436558720,27
3455436658642,27
3455436758564,27
3455436858486,27
3455436958408,27
3455437058330,27
3455437158252,27
3455437258174,27
3455437358096,27
3455437458018,27
3455437557940,27
3455437657862,27
3455437757784,28
3455437857706,27
3455437957628,27
3455438057550,27
3455438157472,30
3455438257394,27
3455438357316,27
3455438457238,27
3455438557160,28
3455438657082,27
3455438757004,28
3455438856926,27
3455438956848,27
3455439056770,27
3455439156692,27
3455439256614,27
3455439356536,27
3455439456458,27
3455439556380,27
3455439656302,27
3455439756224,27
3455439856146,27
3455439956068,27
3455440055990,30
3455440155912,27
3455440255834,27
3455440355756,27
3455440455678,27
3455440555600,27
3455440655522,30
3455440755445,27
3455440855407,73
3455440955329,40
3455441055251,26
3455441155173,27
3455441255095,27
3455441355017,27
3455441454939,26
3455441554861,26
3455441654783,26
3455441754706,26
3455441854628,26
3455441954550,27
3455442054472,26
3455442154394,26
3455442254316,27
3455442354238,26
3455442454160,27
3455442554082,26
3455442654005,27
3455442753927,27
3455442853849,27
3455442953771,26
3455443053693,26
3455443153615,27
3455443253537,26
3455443353459,26
3455443453381,26
3455443553303,26
3455443653225,27
3455443753147,27
3455443853069,26
3455443952991,31
3455444052913,26
3455444152835,27
3455444252757,27
3455444352679,26
3455444452601,26
3455444552523,26
3455444652445,26
3455444752367,27
3455444852289,26
3455444952211,27
3455445052133,26
3455445152055,26
3455445251977,30
3455445351899,26
3455445451821,26
3455445551743,26
3455445651665,27
3455445751588,27
3455445851510,27
3455445951472,76
3455446051394,29
3455446151316,28
3455446251238,28
3455446351160,28
3455446451082,28
3455446551004,28
3455446650926,28
3455446750848,27
3455446850770,27
3455446950692,27
3455447050614,27
3455447150536,27
3455447250458,27
3455447350380,27
3455447450302,27
3455447550224,27
3455447650146,27
3455447750068,27
3455447849990,30
3455447949912,27
3455448049834,27
3455448149756,27
3455448249678,27
3455448349600,27
3455448449522,27
3455448549444,27
3455448649366,27
3455448749288,27
3455448849210,27
3455448949132,27
3455449049054,27
3455449148976,30
3455449248898,27
3455449348820,27
3455449448742,27
3455449548664,27
3455449648586,27
3455449748508,30
3455449848430,28
3455449948352,27
3455450048274,27
3455450148196,27
3455450248118,27
3455450348040,27
3455450447962,27
3455450547884,28
3455450647806,27
3455450747728,28
3455450847650,28
3455450947573,27
3455451047535,73
3455451147465,40
3455451247387,27
3455451347309,26
3455451447231,26
3455451547153,27
3455451647075,27
3455451746997,30
3455451846919,27
3455451946841,27
3455452046763,27
3455452146685,26
3455452246607,27
3455452346529,27
3455452446451,26
3455452546373,26
3455452646295,27
3455452746217,27
3455452846139,27
3455452946061,26
3455453045983,30
3455453145905,27
3455453245827,26
3455453345749,26
3455453445671,29
3455453545593,27
3455453645515,27
3455453745437,27
3455453845359,27
3455453945281,26
3455454045203,26
3455454145125,26
3455454245047,27
3455454344969,26
3455454444891,27
3455454544813,26
3455454644754,27
3455454744676,27
3455454844598,26
3455454944520,26
3455455044442,27
3455455144364,27
3455455244286,26
3455455344208,27
3455455444130,27
3455455544052,27
3455455643974,32
3455455743896,27
3455455843818,27
3455455943740,26
3455456043662,27
3455456143625,85
3455456243548,28
3455456343470,28
3455456443392,28
3455456543314,29
3455456643236,28
3455456743158,28
3455456843080,30
3455456943004,28
3455457042926,27
3455457142848,28
3455457242770,27
3455457342692,27
3455457442614,27
3455457542536,27
3455457642458,27
3455457742380,28
3455457842302,28
3455457942224,27
3455458042146,27
3455458142068,27
3455458241990,29
3455458341912,27
3455458441834,27
3455458541756,27
3455458641678,28
3455458741600,28
3455458841522,27
3455458941444,27
3455459041366,27
3455459141288,28
3455459241210,27
3455459341132,27
3455459441054,27
3455459540976,31
3455459640898,27
3455459740820,27
3455459840742,27
3455459940664,28
3455460040586,27
3455460140508,27
3455460240430,27
3455460340352,27
3455460440274,27
3455460540196,27
3455460640118,27
3455460740040,28
3455460839962,27
3455460939884,27
3455461039806,28
3455461139728,28
3455461239694,78
3455461339616,28
3455461439538,27
3455461539460,27
3455461639382,26
3455461739304,27
3455461839226,27
3455461939148,27
3455462039070,27
3455462138992,30
3455462238914,26
3455462338836,27
3455462438758,26
3455462538680,26
3455462638602,26
3455462738524,27
3455462838446,27
3455462938368,26
3455463038290,27
3455463138212,27
3455463238134,26
3455463338056,28
3455463437978,31
3455463537900,27
3455463637822,29
3455463737744,27
3455463837666,26
3455463937588,26
3455464037510,27
3455464137432,27
3455464237354,27
3455464337276,26
3455464437198,26
3455464537120,26
3455464637042,26
3455464736964,27
3455464836886,27
3455464936808,27
3455465036730,26
3455465136652,27
3455465236574,26
3455465336496,26
3455465436418,26
3455465536340,27
3455465636262,27
3455465736184,27
3455465836106,27
3455465936028,26
3455466035950,27
3455466135872,27
3455466235794,27
3455466335760,80
3455466435682,28
3455466535604,29
3455466635526,28
3455466735448,28
3455466835370,27
3455466935292,27
3455467035214,27
3455467135136,27
3455467235058,27
3455467334980,31
3455467434902,27
3455467534824,27
3455467634746,27
3455467734668,30
3455467834590,27
3455467934512,27
3455468034434,27
3455468134356,27
3455468234278,27
3455468334200,27
3455468434122,27
3455468534044,28
3455468633966,27
3455468733888,28
3455468833810,27
3455468933732,27
3455469033654,27
3455469133576,27
3455469233498,27
3455469333420,27
3455469433342,27
3455469533264,27
3455469633186,27
3455469733108,28
3455469833030,28
3455469932952,27
3455470032874,27
3455470132796,27
3455470232718,27
3455470332640,27
3455470432562,27
3455470532484,27
3455470632406,27
3455470732328,28
3455470832250,27
3455470932172,27
3455471032094,28
3455471132016,27
3455471231938,28
3455471331860,28
3455471431825,76
3455471531747,28
3455471631669,28
3455471731591,28
3455471831513,28
3455471931435,27
3455472031357,27
3455472131279,28
3455472231201,28
3455472331123,27
3455472431045,27
3455472530967,26
3455472630889,26
3455472730811,27
3455472830733,27
3455472930655,27
3455473030577,27
3455473130499,27
3455473230421,26
3455473330343,26
3455473430265,26
3455473530187,26
3455473630109,26
3455473730031,28
3455473829954,28
3455473929876,27
3455474029798,26
3455474129720,27
3455474229642,27
3455474329564,26
3455474429486,26
3455474529408,26
3455474629330,26
3455474729252,27
3455474829174,27
3455474929096,26
3455475029018,26
3455475128940,27
3455475228862,26
3455475328784,26
3455475428706,27
3455475528628,26
3455475628550,27
3455475728472,27
3455475828394,27
3455475928316,26
3455476028238,27
3455476128160,27
3455476228082,26
3455476328005,26
3455476427927,27
3455476527889,76
3455476627811,28
3455476727733,30
3455476827655,27
3455476927577,27
3455477027499,27
3455477127421,27
3455477227343,27
3455477327265,27
3455477427187,27
3455477527109,27
3455477627031,27
3455477726953,28
3455477826875,28
3455477926797,27
3455478026719,27
3455478126641,27
3455478226563,27
3455478326485,27
3455478426407,27
3455478526329,27
3455478626251,27
3455478726190,28
3455478826112,27
3455478926034,27
3455479025956,27
3455479125878,27
3455479225800,27
3455479325722,27
3455479425644,28
3455479525566,27
3455479625488,27
3455479725410,28
3455479825332,28
3455479925254,27
3455480025176,27
3455480125098,27
3455480225020,27
3455480324942,27
3455480424864,29
3455480524786,27
3455480624708,27
3455480724630,27
3455480824552,27
3455480924474,27
3455481024396,27
3455481124318,27
3455481224240,27
3455481324162,27
3455481424084,27
