714376841636,25575
714376941575,6503
714377041478,5088
714377141380,5080
714377241282,5079
714377341184,5077
714377441087,5079
714377540989,5085
714377640891,5081
714377740793,5081
714377840695,5081
714377940597,5078
714378040499,5079
714378140401,5078
714378240303,5078
714378340205,5077
714378440107,5080
714378540009,5079
714378639911,5079
714378739813,5079
714378839715,5078
714378939617,5079
714379039519,5077
714379139421,5080
714379239323,5080
714379339225,5079
714379439127,5080
714379539029,5078
714379638931,5082
714379738833,5075
714379838735,5074
714379938637,5076
714380038539,5076
714380138441,5074
714380238343,5073
714380338245,5074
714380438147,5074
714380538049,5076
714380637951,5078
714380737853,5077
714380837755,5076
714380937657,5076
714381037559,5075
714381137461,5074
714381237363,5076
714381337265,5075
714381437167,5075
714381537069,5077
714381636971,5078
714381736873,5074
714381836775,5076
714381936677,5075
714382036579,5073
714382136481,5076
714382236383,5075
714382336285,5075
714382436187,5112
714382536089,5076
714382635991,5080
714382735893,5078
714382835795,5074
714382935697,5074
714383035599,5076
714383135501,5076
714383235403,5078
714383335305,5076
714383435207,5110
714383535109,5076
714383635011,5076
714383734913,5077
714383834815,5075
714383934717,5075
714384034619,5075
714384134521,5113
714384234423,5078
714384334325,5077
714384434227,5076
714384534129,5073
714384634031,5077
714384733933,5083
714384833835,5078
714384933737,5079
714385033639,5078
714385133541,5078
714385233443,5079
714385333345,5077
714385433247,5079
714385533150,5477
714385633052,5078
714385732954,5082
714385832856,5081
714385932758,5079
714386032660,5079
714386132562,5078
714386232464,5077
714386332366,5077
714386432268,5080
714386532170,5079
714386632072,5079
714386731974,5083
714386831876,5081
714386934767,8313
714387034669,5147
714387134571,5143
714387234473,5145
714387334375,5144
714387434277,5147
714387534179,5143
714387634081,5141
714387733983,5444
714387833885,5153
714387933787,5147
714388033689,5146
714388133591,5147
714388233493,5145
714388333395,5147
714388433297,5147
714388533199,5149
714388633101,5148
714388733005,5148
714388832907,5150
714388932809,5147
714389032711,5149
714389132613,5146
714389232515,5147
714389332417,5148
714389432319,5148
714389532221,5148
714389632123,5149
714389732025,5149
714389831927,5151
714389931829,5147
714390031731,5149
714390131633,5148
714390231535,5149
714390331437,5147
714390431339,5147
714390531241,5146
714390631143,5147
714390731045,5152
714390830947,5149
714390930849,5147
714391030751,5149
714391130653,5147
714391230555,5147
714391330457,5146
714391430359,5147
714391530261,5147
714391630163,5150
714391730065,5146
714391829967,5151
714391929869,5151
714392029772,5152
714392129674,5150
714392229576,5145
714392329478,5147
714392429380,5145
714392529283,5167
714392629185,5150
714392729087,5150
714392828989,5148
714392928891,5150
714393028793,5141
714393128695,5143
714393228597,5145
714393328499,5144
714393428401,5143
714393528303,5146
714393628205,5143
714393728107,5145
714393828009,5143
714393927911,5148
714394027813,5143
714394127715,5148
714394227617,5146
714394327519,5141
714394427421,5146
714394527323,5152
714394627225,5144
714394727127,5143
714394827029,5142
714394926931,5147
714395026833,5146
714395126735,5147
714395226637,5144
714395326539,5144
714395426441,5145
714395526343,5150
714395626245,5141
714395726147,5144
714395826049,5143
714395925951,5147
714396025853,5144
714396125755,5146
714396225657,5144
714396325559,5142
714396425461,5144
714396525363,5149
714396625265,5145
714396725167,5149
714396825069,5143
714396927993,8219
714397027895,5076
714397127797,5080
714397227699,5077
714397327601,5075
714397427503,5078
714397527405,5080
714397627307,5076
714397727209,5076
714397827111,5076
714397927013,5079
714398026915,5076
714398126817,5079
714398226719,5112
714398326621,5074
714398426523,5076
714398526425,5079
714398626327,5076
714398726229,5075
714398826131,5076
714398926033,5076
714399025935,5079
714399125837,5079
714399225739,5113
714399325641,5075
714399425543,5077
714399525445,5080
714399625377,5077
714399725279,5076
714399825181,5078
714399925083,5074
714400024985,5078
714400124887,5079
714400224789,5077
714400324691,5075
714400424593,5076
714400524495,5079
714400624397,5076
714400724299,5076
714400824201,5076
714400924103,5076
714401024006,5076
714401123908,5083
714401223810,5079
714401323712,5078
714401423614,5081
714401523516,5082
714401623418,5081
714401723320,5077
714401823222,5079
714401923124,5081
714402023026,5080
714402122928,5086
714402222830,5079
714402322732,5080
714402422634,5079
714402522536,5079
714402622438,5079
714402722340,5080
714402822242,5081
714402922144,5079
714403022046,5080
714403121948,5081
714403221850,5073
714403321752,5077
714403421654,5077
714403521556,5079
714403621458,5078
714403721360,5077
714403821262,5077
714403921164,5078
714404021066,5076
714404120968,5082
714404220870,5080
714404320772,5078
714404420674,5078
714404520576,5080
714404620478,5079
714404720380,5079
714404820282,5079
714404920184,5080
714405020086,5077
714405119988,5083
714405219890,5078
714405319792,5080
714405419694,5081
714405519596,5078
714405619498,5079
714405719400,5080
714405819302,5080
714405919204,5081
714406019106,5080
714406119008,5080
714406218910,5076
714406318812,5076
714406418714,5076
714406518616,5077
714406618518,5075
714406718420,5187
714406818322,5076
714406921260,8319
714407021162,5147
714407121064,5149
714407220966,5149
714407320868,5147
714407420770,5146
714407520672,5146
714407620574,5145
714407720476,5148
714407820378,5148
714407920280,5148
714408020182,5146
714408120084,5152
714408219986,5153
714408319888,5222
714408419790,5148
714408519692,5147
714408619594,5149
714408719496,5150
714408819398,5145
714408919300,5148
714409019202,5148
714409119104,5147
714409219006,5146
714409318908,5151
714409418810,5145
714409518712,5142
714409618614,5143
714409718516,5144
714409818418,5145
714409918320,5142
714410018222,5144
714410118124,5144
714410218026,5144
714410317928,5147
714410417830,5144
714410517732,5143
714410617634,5144
714410717536,5149
714410817438,5144
714410917340,5142
714411017242,5144
714411117144,5142
714411217046,5145
714411316948,5144
714411416850,5145
714411516752,5144
714411616654,5143
714411716556,5144
714411816458,5148
714411916360,5140
714412016262,5142
714412116164,5145
714412216066,5145
714412315968,5148
714412415870,5147
714412515772,5144
714412615674,5145
714412715576,5144
714412815478,5144
714412915380,5142
714413015282,5142
714413115184,5143
714413215086,5144
714413314988,5147
714413414890,5149
714413514792,5145
714413614694,5144
714413714596,5145
714413814498,5145
714413914400,5144
714414014302,5145
714414114204,5143
714414214106,5146
714414314008,5143
714414413910,5150
714414513812,5149
714414613714,5145
714414713616,5149
714414813518,5147
714414913420,5147
714415013322,5148
714415113224,5146
714415213126,5147
714415313028,5147
714415412930,5146
714415512832,5145
714415612734,5146
714415712636,5145
714415812538,5146
714415912440,5147
714416012342,5147
714416112244,5236
714416212146,5148
714416312048,5147
714416411950,5151
714416511852,5194
714416611754,5146
714416711657,5149
714416811559,5145
714416914521,8238
714417014423,5077
714417114325,5077
714417214227,5075
714417314129,5076
714417414031,5078
714417513933,5081
714417613835,5079
714417713737,5078
714417813639,5079
714417913541,5079
714418013443,5078
714418113345,5080
714418213247,5081
714418313149,5081
714418413051,5083
714418512953,5082
714418612855,5066
714418712757,5047
714418812659,5063
714418912561,5064
714419012463,5080
714419112365,5079
714419212267,5080
714419312169,5080
714419412071,5078
714419511973,5085
714419611875,5079
714419711777,5080
714419811679,5080
714419911581,5081
714420011483,5081
714420111385,5080
714420211287,5089
714420311189,5116
714420411091,5080
714420510993,5083
714420610895,5080
714420710797,5082
714420810699,5079
714420910601,5079
714421010503,5079
714421110405,5080
714421210307,5079
714421310209,5078
714421410111,5172
714421510013,5079
714421609915,5079
714421709817,5079
714421809719,5079
714421909621,5080
714422009523,5081
714422109425,5080
714422209327,5082
714422309229,5079
714422409147,5082
714422509049,5117
714422608951,5082
714422708853,5076
714422808755,5078
714422908657,5074
714423008559,5148
714423108461,5075
714423208363,5074
714423308265,5075
714423408167,5077
714423508069,5147
714423607971,5080
714423707873,5077
714423807776,5085
714423907678,5078
714424007580,5155
714424107482,5076
714424207384,5076
714424307286,5081
714424407188,5078
714424507090,5110
714424606992,5081
714424706895,5076
714424806797,5073
714424906699,5077
714425006601,5076
714425106503,5075
714425206405,5075
714425306307,5075
714425406209,5075
714425506111,5077
714425606013,5077
714425705915,5077
714425805817,5073
714425905719,5075
714426005621,5077
714426105523,5078
714426205425,5076
714426305327,5076
714426405229,5076
714426505131,5078
714426605033,5075
714426704935,5078
714426804837,5076
714426907791,8369
714427007693,5147
714427107595,5142
714427207497,5142
714427307399,5143
714427407301,5144
714427507203,5142
714427607105,5143
714427707007,5141
714427806909,5170
714427906811,5143
714428006713,5143
714428106615,5142
714428206517,5142
714428306419,5144
714428406321,5144
714428506223,5145
714428606125,5145
714428706028,5156
714428805930,5147
714428905832,5142
714429005734,5144
714429105636,5142
714429205538,5142
714429305440,5143
714429405342,5144
714429505244,5143
714429605146,5145
714429705048,5144
714429804950,5145
714429904852,5144
714430004754,5145
714430104656,5145
714430204558,5144
714430304460,5141
714430404362,5146
714430504264,5145
714430604166,5145
714430704068,5147
714430803970,5152
714430903872,5150
714431003774,5146
714431103676,5148
714431203578,5159
714431303480,5147
714431403382,5149
714431503284,5148
714431603186,5148
714431703088,5167
714431802990,5150
714431902892,5150
714432002794,5147
714432102696,5146
714432202598,5158
714432302500,5147
714432402402,5147
714432502304,5146
714432602206,5148
714432702108,5204
714432802010,5146
714432901912,5158
714433001814,5148
714433101716,5147
714433201618,5159
714433301520,5146
714433401422,5149
714433501324,5148
714433601226,5146
714433701128,5160
714433801030,5147
714433900932,5152
714434000834,5147
714434100736,5148
714434200638,5159
714434300540,5146
714434400442,5149
714434500344,5149
714434600246,5149
714434700148,5208
714434800050,5148
714434899952,5150
714434999854,5150
714435099756,5149
714435199658,5160
714435299560,5145
714435399462,5148
714435499364,5148
714435599266,5150
714435699168,5161
714435799070,5149
714435898972,5148
714435998874,5150
714436098776,5143
714436198678,5143
714436298580,5143
714436398482,5145
714436498384,5147
714436598286,5148
714436698189,5203
714436798091,5143
714436901005,8208
714437000907,5079
714437100809,5080
714437200711,5091
714437300613,5078
714437400515,5081
714437500417,5081
714437600319,5079
714437700221,5097
714437800123,5079
714437900025,5077
714437999927,5080
714438099829,5078
714438199731,5092
714438299633,5078
714438399535,5080
714438499437,5078
714438599339,5077
714438699241,5137
714438799143,5399
714438899045,5080
714438998947,5081
714439098849,5076
714439198751,5073
714439298653,5075
714439398555,5075
714439498457,5075
714439598359,5073
714439698261,5075
714439798163,5075
714439898065,5074
714439997967,5078
714440097869,5074
714440197771,5075
714440297673,5074
714440397575,5075
714440497477,5076
714440597379,5075
714440697281,5149
714440797183,5076
714440897085,5078
714440996987,5083
714441096889,5075
714441196791,5074
714441296693,5076
714441396595,5077
714441496497,5075
714441596399,5075
714441696301,5075
714441796203,5076
714441896105,5074
714441996007,5071
714442095909,5075
714442195811,5076
714442295713,5075
714442395615,5076
714442495517,5076
714442595419,5075
714442695322,5135
714442795224,5076
714442895126,5074
714442995028,5076
714443094930,5078
714443194832,5076
714443294734,5075
714443394636,5075
714443494538,5076
714443594440,5076
714443694342,5077
714443794244,5076
714443894146,5075
714443994048,5077
714444093950,5080
714444193852,5078
714444293754,5079
714444393656,5114
714444493558,5078
714444593460,5081
714444693362,5150
714444793264,5080
714444893166,5078
714444993068,5080
714445092989,5086
714445192891,5078
714445292793,5079
714445392695,5114
714445492597,5079
714445592499,5078
714445692401,5079
714445792303,5079
714445892205,5078
714445992107,5079
714446092009,5082
714446191911,5079
714446291813,5080
714446391715,5097
714446491617,5079
714446591519,5079
714446691421,5150
714446791323,5080
714446894223,8249
714446994125,5144
714447094027,5144
714447193929,5149
714447293831,5144
714447393733,5182
714447493635,5149
714447593537,5151
714447693439,5145
714447793341,5147
714447893243,5146
714447993145,5148
714448093047,5148
714448192949,5151
714448292851,5168
714448392753,5180
714448492655,5146
714448592557,5146
714448692459,5184
714448792361,5148
714448892263,5150
714448992165,5149
714449092067,5147
714449191969,5151
714449291871,5148
714449391773,5183
714449491675,5146
714449591577,5146
714449691479,5145
714449791381,5148
714449891283,5144
714449991185,5146
714450091087,5147
714450190989,5148
714450290891,5149
714450390793,5147
714450490695,5147
714450590597,5147
714450690499,5223
714450790401,5148
714450890303,5146
714450990205,5146
714451090107,5145
714451190009,5149
714451289911,5150
714451389813,5147
714451489715,5146
714451589617,5148
714451689519,5148
714451789421,5148
714451889323,5146
714451989225,5146
714452089127,5150
714452189029,5146
714452288931,5149
714452388833,5144
714452488735,5144
714452588637,5144
714452688539,5217
714452788441,5145
714452888343,5143
714452988245,5141
714453088147,5143
714453188049,5144
714453287951,5144
714453387853,5141
714453487755,5144
714453587657,5143
714453687559,5142
714453787461,5145
714453887363,5142
714453987265,5146
714454087167,5144
714454187069,5146
714454286971,5150
714454386873,5181
714454486775,5144
714454586677,5145
714454686579,5179
714454786481,5146
714454886383,5142
714454986285,5145
714455086187,5340
714455186089,5143
714455285991,5148
714455385893,5148
714455485795,5143
714455585697,5142
714455685599,5143
714455785501,5143
714455885403,5143
714455985305,5144
714456085207,5143
714456185109,5144
714456285011,5146
714456384913,5148
714456484815,5142
714456584717,5179
714456684619,5180
714456784521,5146
714456887403,8163
714456987305,5077
714457087207,5076
714457187109,5074
714457287011,5075
714457386913,5076
714457486815,5076
714457586717,5111
714457686619,5074
714457786521,5075
714457886423,5075
714457986325,5077
714458086227,5076
714458186129,5076
714458286031,5074
714458385933,5079
714458485835,5076
714458585737,5111
714458685639,5112
714458785541,5075
714458885443,5166
714458985345,5078
714459085247,5079
714459185149,5076
714459285051,5076
714459384953,5078
714459484855,5076
714459584757,5077
714459684659,5077
714459784561,5076
714459884463,5075
714459984365,5076
714460084267,5077
714460184169,5077
714460284071,5076
714460383973,5082
714460483875,5079
714460583777,5078
714460683680,5081
714460783582,5079
714460883484,5079
714460983386,5080
714461083288,5080
714461183190,5078
714461283092,5079
714461382994,5082
714461482896,5077
714461582798,5079
714461682700,5079
714461782602,5079
714461882504,5079
714461982406,5080
714462082308,5081
714462182210,5079
714462282112,5078
714462382014,5078
714462481916,5080
714462581818,5079
714462681720,5079
714462781622,5115
714462881524,5079
714462981426,5077
714463081328,5078
714463181230,5079
714463281132,5079
714463381034,5078
714463480936,5081
714463580838,5081
714463680740,5078
714463780642,5115
714463880544,5079
714463980446,5079
714464080348,5078
714464180250,5079
714464280152,5078
714464380054,5079
714464479956,5084
714464579858,5079
714464679760,5079
714464779662,5113
714464879564,5078
714464979466,5079
714465079368,5137
714465179270,5079
714465279172,5078
714465379074,5079
714465478976,5082
714465578878,5076
714465678780,5074
714465778682,5111
714465878584,5076
714465978486,5075
714466078388,5078
714466178290,5078
714466278192,5073
714466378094,5075
714466477996,5080
714466577898,5074
714466677800,5075
714466777702,5111
714466880621,8285
714466980523,5148
714467080425,5147
714467180327,5147
714467280229,5147
714467380131,5149
714467480033,5148
714467579935,5151
714467679837,5146
714467779739,5184
714467879657,5148
714467979559,5148
714468079461,5146
714468179363,5147
714468279265,5146
714468379167,5147
714468479069,5146
714468578971,5152
714468678874,5152
714468778776,5145
714468878678,5141
714468978580,5143
714469078482,5141
714469178384,5145
714469278286,5143
714469378188,5142
714469478090,5145
714469577992,5145
714469677894,5145
714469777796,5165
714469877698,5162
714469977600,5162
714470077502,5164
714470177404,5143
714470277306,5145
714470377208,5142
714470477110,5142
714470577012,5166
714470676915,5156
714470776817,5144
714470876719,5145
714470976621,5142
714471076523,5141
714471176425,5144
714471276327,5141
714471376229,5144
714471476131,5144
714471576033,5143
714471675935,5148
714471775837,5144
714471875739,5144
714471975641,5145
714472075543,5144
714472175445,5145
714472275347,5143
714472375249,5144
714472475151,5145
714472575053,5143
714472674956,5149
714472774858,5147
714472874760,5142
714472974662,5143
714473074564,5141
714473174466,5143
714473274368,5143
714473374270,5145
714473474172,5141
714473574074,5144
714473673976,5149
714473773878,5150
714473873780,5146
714473973682,5148
714474073584,5184
714474173486,5148
714474273388,5146
714474373290,5145
714474473192,5146
714474573094,5146
714474672997,5152
714474772899,5150
714474872801,5146
714474972703,5146
714475072605,5145
714475172507,5147
714475272409,5147
714475372311,5148
714475472213,5144
714475572115,5148
714475672017,5147
714475771919,5152
714475871821,5146
714475971723,5147
714476071625,5146
714476171527,5147
714476271429,5146
714476371331,5147
714476471233,5146
714476571135,5150
714476671037,5148
714476770939,5147
714476873830,8188
714476973732,5079
714477073634,5079
714477173536,5080
714477273438,5079
714477373340,5081
714477473242,5078
714477573144,5081
714477673046,5079
714477772948,5083
714477872850,5080
714477972752,5078
714478072654,5079
714478172556,5080
714478272458,5080
714478372360,5080
714478472262,5113
714478572164,5081
714478672067,5080
714478771969,5083
714478871871,5080
714478971773,5098
714479071675,5082
714479171577,5079
714479271479,5081
714479371382,5081
714479471284,5114
714479571186,5082
714479671088,5080
714479770990,5083
714479870892,5077
714479970794,5078
714480070696,5083
714480170598,5079
714480270500,5079
714480370402,5079
714480470304,5117
714480570206,5081
714480670109,5080
714480770011,5080
714480869913,5079
714480969815,5078
714481069717,5118
714481169619,5078
714481269521,5079
714481369423,5149
714481469325,5113
714481569227,5079
714481669129,5081
714481769031,5080
714481868933,5083
714481968835,5076
714482068737,5099
714482168639,5281
714482268541,5278
714482368443,5282
714482468345,5278
714482568247,5279
714482668149,5078
714482768051,5077
714482867953,5078
714482967855,5077
714483067757,5080
714483167659,5075
714483267561,5076
714483367463,5148
714483467365,5077
714483567267,5076
714483667169,5075
714483767071,5075
714483866974,5096
714483966876,5076
714484066778,5082
714484166680,5076
714484266582,5075
714484366484,5149
714484466386,5078
714484566288,5083
714484666190,5086
714484766092,5077
714484865994,5079
714484965896,5075
714485065798,5076
714485165700,5075
714485265602,5075
714485365504,5148
714485465406,5078
714485565308,5075
714485665210,5075
714485765112,5075
714485865014,5077
714485964916,5075
714486064818,5077
714486164720,5076
714486264622,5076
714486364524,5098
714486464426,5075
714486564328,5076
714486664230,5128
714486764132,5076
714486867058,8361
714486966960,5150
714487066862,5151
714487166764,5144
714487266666,5144
714487366568,5215
714487466470,5145
714487566372,5143
714487666274,5139
714487766176,5144
714487866078,5145
714487965980,5146
714488065882,5151
714488165784,5145
714488265686,5142
714488365588,5216
714488465490,5144
714488565392,5148
714488665294,5164
714488765196,5148
714488865098,5146
714488965004,5142
714489064906,5144
714489164808,5143
714489264710,5140
714489364612,5181
714489464514,5145
714489564416,5146
714489664318,5146
714489764220,5143
714489864122,5143
714489964024,5144
714490063926,5147
714490163828,5147
714490263730,5145
714490363632,5148
714490463534,5146
714490563451,5147
714490663353,5193
714490763255,5148
714490863157,5145
714490963059,5147
714491062961,5151
714491162863,5154
714491262765,5146
714491362667,5145
714491462569,5147
714491562471,5145
714491662373,5146
714491762275,5147
714491862177,5149
714491962079,5147
714492061981,5150
714492161883,5152
714492261785,5183
714492361687,5146
714492461589,5148
714492561491,5148
714492661393,5217
714492761295,5184
714492861197,5147
714492961099,5146
714493061004,5148
714493160906,5151
714493260808,5146
714493360710,5147
714493460612,5147
714493560514,5149
714493660416,5145
714493760318,5183
714493860220,5148
714493960124,5171
714494060026,5147
714494159928,5148
714494259830,5146
714494359732,5146
714494459634,5147
714494559536,5146
714494659438,5201
714494759340,5181
714494859242,5146
714494959144,5183
714495059046,5146
714495158948,5149
714495258850,5144
714495358752,5143
714495458654,5144
714495558556,5142
714495658458,5143
714495758360,5180
714495858262,5145
714495958164,5180
714496058066,5142
714496157968,5146
714496257870,5146
714496357772,5143
714496457674,5144
714496557576,5141
714496657478,5216
714496757380,5177
714496860275,8205
714496960177,5097
714497060079,5078
714497159981,5081
714497259883,5079
714497359785,5079
714497459687,5078
714497559589,5078
714497659491,5078
714497759393,5116
714497859295,5079
714497959197,5115
714498059099,5079
714498159004,5078
714498258906,5075
714498358808,5075
714498458710,5076
714498558612,5077
714498658514,5147
714498758416,5076
714498858318,5076
714498958220,5111
714499058122,5074
714499158024,5074
714499257926,5077
714499357828,5075
714499457730,5075
714499557632,5076
714499657534,5075
714499757436,5077
714499857338,5076
714499957240,5148
714500057142,5077
714500157044,5076
714500256946,5076
714500356848,5073
714500456750,5076
714500556652,5074
714500656554,5124
714500756456,5085
714500856358,5076
714500956260,5110
714501056162,5074
714501156064,5077
714501255966,5078
714501355868,5075
714501455770,5116
714501555672,5075
714501655574,5074
714501755476,5076
714501855378,5076
714501955280,5097
714502055182,5075
714502155084,5075
714502254986,5088
714502354888,5076
714502454790,5158
714502554692,5076
714502654594,5148
714502754496,5076
714502854398,5074
714502954300,5074
714503054202,5075
714503154104,5077
714503254006,5075
714503353908,5077
714503453810,5173
714503553712,5080
714503653614,5078
714503753516,5079
714503853418,5078
714503953320,5090
714504053222,5078
714504153124,5114
714504253026,5082
714504352928,5083
714504452830,5177
714504552732,5079
714504652634,5151
714504752536,5079
714504852438,5080
714504952340,5091
714505052242,5079
714505152144,5079
714505252046,5079
714505351948,5080
714505451850,5178
714505551752,5074
714505651654,5115
714505751556,5079
714505851458,5078
714505951360,5108
714506051262,5077
714506151164,5150
714506251066,5079
714506350968,5081
714506450870,5163
714506550772,5079
714506650674,5115
714506750576,5080
714506853460,8254
714506953362,5159
714507053264,5147
714507153166,5147
714507253068,5147
714507352970,5150
714507452872,5243
714507552774,5146
714507652676,5146
714507752578,5148
714507852480,5148
714507952382,5159
714508052284,5145
714508152186,5146
714508252088,5148
714508351990,5150
714508451892,5243
714508551794,5145
714508651696,5217
714508751598,5150
714508851500,5148
714508951402,5160
714509051304,5145
714509151206,5147
714509251108,5146
714509351010,5149
714509450912,5243
714509550814,5149
714509650716,5147
714509750618,5147
714509850520,5150
714509950422,5160
714510050324,5147
714510150226,5152
714510250128,5146
714510350030,5147
714510449932,5203
714510549834,5145
714510649736,5183
714510749638,5148
714510849540,5146
714510949442,5158
714511049344,5147
714511149246,5149
714511249148,5146
714511349050,5146
714511448952,5161
714511548854,5144
714511648756,5145
714511748658,5144
714511848560,5144
714511948462,5145
714512048364,5144
714512148266,5144
714512248168,5149
714512348070,5143
714512447972,5147
714512547874,5148
714512647776,5144
714512747678,5145
714512847580,5142
714512947482,5145
714513047384,5141
714513147286,5142
714513247188,5146
714513347107,5143
714513447009,5179
714513546911,5147
714513646813,5143
714513746715,5144
714513846617,5144
714513946519,5143
714514046421,5145
714514146323,5145
714514246225,5146
714514346127,5142
714514446029,5177
714514545931,5145
714514645833,5144
714514745735,5145
714514845637,5142
714514945539,5145
714515045441,5143
714515145343,5141
714515245245,5147
714515345147,5144
714515445049,5179
714515544951,5147
714515644853,5141
714515744755,5144
714515844657,5144
714515944559,5141
714516044461,5141
714516144363,5179
714516244265,5148
714516344167,5144
714516444069,5145
714516543971,5149
714516643873,5147
714516743775,5151
714516846690,8183
714516946592,5075
714517046494,5111
714517146396,5076
714517246298,5078
714517346200,5075
714517446102,5075
714517546004,5076
714517645906,5075
714517745808,5075
714517845710,5076
714517945612,5076
714518045514,5074
714518145416,5077
714518245318,5078
714518345220,5075
714518445122,5075
714518545024,5076
714518644926,5078
714518744828,5076
714518844730,5076
714518944632,5075
714519044534,5076
714519144436,5075
714519244338,5079
714519344240,5074
714519444142,5076
714519544044,5076
714519643946,5079
714519743848,5079
714519843750,5079
714519943652,5077
714520043554,5081
714520143456,5079
714520243358,5080
714520343260,5079
714520443162,5078
714520543064,5079
714520642966,5082
714520742868,5078
714520842770,5080
714520942672,5061
714521042574,5046
714521142476,5063
714521242378,5060
714521342280,5079
714521442182,5080
714521542084,5079
714521641986,5081
714521741888,5080
714521841790,5080
714521941692,5080
714522041594,5080
714522141496,5081
714522241398,5079
714522341300,5078
714522441202,5079
714522541104,5079
714522641006,5079
714522740908,5079
714522840810,5080
714522940712,5079
714523040614,5078
714523140516,5077
714523240418,5077
714523340320,5077
714523440222,5078
714523540124,5079
714523640026,5079
714523739928,5082
714523839830,5079
714523939732,5079
714524039634,5077
714524139536,5079
714524239438,5078
714524339340,5078
714524439242,5079
714524539144,5080
714524639046,5079
714524738948,5083
714524838850,5075
714524938752,5076
714525038654,5076
714525138556,5075
714525238458,5076
714525338360,5077
714525438262,5077
714525538164,5077
714525638066,5076
714525737968,5080
714525837870,5076
714525937772,5075
714526037674,5076
714526137576,5075
714526237478,5075
714526337380,5075
714526437282,5083
714526537184,5075
714526637086,5076
714526736988,5084
714526836890,5116
714526939770,8271
714527039672,5148
714527139574,5150
714527239476,5185
714527339378,5147
714527439280,5147
714527539182,5150
714527639084,5147
714527738986,5151
714527838888,5151
714527938790,5144
714528038692,5142
714528138594,5177
714528238496,5144
714528338398,5145
714528438300,5144
714528538202,5144
714528638104,5145
714528738006,5146
714528837908,5145
714528937810,5142
714529037712,5142
714529137614,5142
714529237516,5144
714529337418,5142
714529437320,5144
714529537222,5145
714529637124,5142
714529737026,5143
714529836928,5146
714529936830,5145
714530036732,5143
714530136634,5166
714530236536,5142
714530336438,5145
714530436340,5143
714530536242,5141
714530636144,5142
714530736046,5143
714530835948,5148
714530935850,5143
714531035752,5142
714531135654,5144
714531235556,5142
714531335458,5142
714531435360,5144
714531535262,5143
714531635164,5145
714531735066,5143
714531834968,5146
714531934870,5146
714532034772,5146
714532134674,5142
714532234576,5141
714532334478,5143
714532434380,5144
714532534282,5147
714532634184,5142
714532734086,5144
714532833988,5148
714532933890,5150
714533033792,5147
714533133694,5145
714533233596,5147
714533333498,5146
714533433400,5146
714533533302,5146
714533633204,5146
714533733106,5146
714533833008,5148
714533932910,5149
714534032812,5146
714534132714,5147
714534232616,5262
714534332518,5147
714534432420,5147
714534532322,5146
714534632224,5147
714534732126,5148
714534832028,5145
714534931930,5150
714535031832,5148
714535131734,5145
714535231636,5146
714535331538,5146
714535431440,5144
714535531342,5147
714535631244,5147
714535731146,5148
714535831048,5145
714535930950,5183
714536030869,5151
714536130771,5149
714536230673,5149
714536330575,5145
714536430477,5146
714536530379,5148
714536630281,5147
714536730184,5151
714536830086,5147
714536933005,8191
714537032907,5078
714537132809,5080
714537232711,5079
714537332613,5080
714537432515,5079
714537532417,5082
714537632319,5078
714537732221,5081
714537832123,5080
714537932025,5080
714538031927,5083
714538131829,5079
714538231731,5079
714538331633,5079
714538431535,5078
714538531437,5079
714538631339,5079
714538731241,5079
714538831143,5080
714538931045,5079
714539030947,5082
714539130849,5078
714539230751,5079
714539330653,5078
714539430555,5078
714539530457,5078
714539630359,5080
714539730261,5081
714539830163,5079
714539930065,5078
714540029967,5083
714540129869,5084
714540229771,5080
714540329673,5081
714540429575,5078
714540529477,5082
714540629379,5079
714540729282,5084
714540829184,5079
714540929086,5079
714541028988,5084
714541128890,5076
714541228792,5076
714541328694,5076
714541428596,5076
714541528498,5075
714541628400,5076
714541728302,5075
714541828204,5075
714541928106,5076
714542028008,5076
714542127910,5078
714542227812,5291
714542327714,5278
714542427616,5279
714542527518,5280
714542627420,5277
714542727322,5076
714542827224,5075
714542927126,5076
714543027028,5075
714543126930,5082
714543226832,5076
714543326734,5074
714543426636,5073
714543526538,5081
714543626440,5110
714543726342,5075
714543826244,5285
714543926147,5091
714544026049,5074
714544125951,5082
714544225853,5075
714544325755,5075
714544425657,5074
714544525559,5079
714544625461,5075
714544725363,5076
714544825265,5074
714544925167,5074
714545025069,5076
714545124971,5083
714545224873,5074
714545324775,5075
714545424677,5075
714545524579,5077
714545624481,5075
714545724383,5076
714545824285,5075
714545924187,5075
714546024089,5076
714546123991,5084
714546223893,5077
714546323795,5077
714546423697,5077
714546523599,5080
714546623501,5078
714546723403,5079
714546823305,5078
714546926179,8278
714547026081,5141
714547125983,5149
714547225885,5145
714547325787,5142
714547425689,5143
714547525591,5147
714547625493,5142
714547725395,5142
714547825297,5142
714547925199,5141
714548025101,5143
714548125004,5146
714548224906,5148
714548324808,5144
714548424710,5143
714548524612,5149
714548624514,5143
714548724416,5148
714548824318,5179
714548924220,5147
714549024122,5144
714549124024,5148
714549223926,5147
714549323828,5147
714549423730,5148
714549523632,5151
714549623534,5147
714549723436,5148
714549823338,5147
714549923240,5147
714550023142,5144
714550123044,5151
714550222946,5150
714550322848,5146
714550422750,5148
714550522652,5146
714550622554,5147
714550722457,5154
714550822359,5149
714550922261,5149
714551022163,5148
714551122065,5149
714551221967,5149
714551321869,5149
714551421771,5149
714551521673,5145
714551621575,5145
714551721477,5147
714551821379,5147
714551921281,5148
714552021183,5146
714552121085,5148
714552220987,5150
714552320889,5185
714552420791,5147
714552520693,5149
714552620595,5148
714552720497,5151
714552820399,5151
714552920301,5146
714553020203,5145
714553120105,5146
714553220007,5148
714553319909,5149
714553419811,5147
714553519713,5146
714553619615,5145
714553719517,5147
714553819419,5148
714553919321,5147
714554019223,5148
714554119125,5147
714554219027,5146
714554318929,5150
714554418831,5144
714554518733,5142
714554618635,5145
714554718537,5147
714554818439,5144
714554918341,5143
714555018243,5145
714555118145,5148
714555218047,5145
714555317949,5148
714555417851,5143
714555517753,5143
714555617655,5143
714555717557,5144
714555817459,5146
714555917361,5144
714556017263,5143
714556117165,5145
714556217067,5142
714556316969,5181
714556416871,5151
714556516773,5142
714556616675,5144
714556716577,5182
714556816479,5143
714556919435,8252
714557019337,5079
714557119239,5079
714557219141,5077
714557319043,5079
714557418945,5082
714557518847,5076
714557618749,5077
714557718651,5077
714557818553,5076
714557918455,5075
714558018357,5072
714558118259,5077
714558218161,5075
714558318063,5077
714558417965,5079
714558517867,5077
714558617769,5073
714558717671,5077
714558817594,5077
714558917496,5074
714559017398,5077
714559117300,5076
714559217202,5074
714559317104,5075
714559417006,5074
714559516908,5076
714559616810,5076
714559716712,5074
714559816614,5076
714559916516,5074
714560016418,5075
714560116320,5077
714560216222,5075
714560316124,5076
714560416026,5077
714560515929,5079
714560615831,5077
714560715733,5077
714560815635,5072
714560915537,5079
714561015439,5075
714561115341,5075
714561215243,5075
714561315145,5074
714561415047,5075
714561514949,5081
714561614851,5076
714561714753,5078
714561814655,5077
714561914557,5076
714562014459,5076
714562114361,5076
714562214263,5075
714562314165,5077
714562414067,5076
714562513969,5082
714562613871,5079
714562713774,5078
714562813676,5078
714562913578,5079
714563013480,5080
714563113382,5080
714563213284,5083
714563313186,5080
714563413088,5080
714563512990,5083
714563612892,5079
714563712794,5116
714563812696,5079
714563912598,5080
714564012500,5079
714564112402,5078
714564212304,5081
714564312206,5118
714564412108,5081
714564512010,5081
714564611912,5077
714564711814,5079
714564811716,5079
714564911618,5077
714565011520,5082
714565111422,5079
714565211324,5080
714565311226,5080
714565411128,5079
714565511030,5080
714565610932,5082
714565710834,5078
714565810736,5079
714565910638,5079
714566010540,5078
714566110442,5080
714566210344,5080
714566310246,5078
714566410148,5079
714566510050,5116
714566609952,5082
714566709854,5086
714566809756,5079
714566912678,8301
714567012580,5147
714567112482,5148
714567212384,5147
714567312286,5148
714567412188,5149
714567512090,5205
714567611992,5151
714567711894,5186
714567811796,5145
714567911698,5147
714568011600,5221
714568111502,5148
714568211404,5146
714568311306,5147
714568411208,5146
714568511110,5220
714568611012,5145
714568710914,5159
714568810816,5147
714568910718,5147
714569010620,5183
714569110522,5146
714569210424,5148
714569310326,5146
714569410228,5146
714569510130,5146
714569610032,5148
714569709934,5152
714569809836,5146
714569909738,5145
714570009640,5146
714570109542,5148
714570209444,5145
714570309346,5145
714570409248,5147
714570509150,5144
714570609052,5146
714570708955,5184
714570808857,5150
714570908759,5143
714571008661,5146
714571108563,5142
714571208465,5144
714571308367,5140
714571408269,5141
714571508171,5143
714571608073,5143
714571707975,5181
714571807877,5146
714571907779,5145
714572007681,5145
714572107583,5166
714572207485,5162
714572307387,5161
714572407289,5162
714572507191,5183
714572607093,5146
714572706995,5148
714572806897,5149
714572906799,5141
714573006701,5144
714573106603,5140
714573206505,5141
714573306407,5143
714573406309,5142
714573506211,5141
714573606113,5142
714573706015,5143
714573805917,5145
714573905819,5142
714574005721,5141
714574105623,5146
714574205525,5144
714574305427,5143
714574405329,5143
714574505231,5147
714574605133,5142
714574705035,5146
714574804937,5146
714574904839,5144
714575004741,5144
714575104643,5143
714575204545,5143
714575304447,5145
714575404349,5144
714575504251,5144
714575604153,5142
714575704055,5146
714575803957,5150
714575903859,5149
714576003761,5147
714576103663,5145
714576203565,5158
714576303467,5146
714576403369,5183
714576503271,5148
714576603173,5179
714576703075,5168
714576802977,5149
714576905870,8170
714577005772,5076
714577105674,5075
714577205576,5074
714577305478,5074
714577405380,5077
714577505282,5076
714577605184,5111
714577705086,5076
714577804988,5083
714577904890,5076
714578004792,5076
714578104694,5075
714578204596,5076
714578304498,5075
714578404400,5090
714578504302,5075
714578604204,5112
714578704106,5077
714578804008,5077
714578903910,5078
714579003812,5078
714579103714,5078
714579203616,5092
714579303518,5077
714579403420,5114
714579503322,5079
714579603224,5079
714579703126,5094
714579803028,5078
714579902930,5081
714580002832,5080
714580102734,5079
714580202636,5092
714580302538,5079
714580402440,5114
714580502342,5078
714580602244,5079
714580702146,5100
714580802048,5079
714580901950,5084
714581001852,5079
714581101754,5079
714581201656,5091
714581301558,5098
714581401460,5114
714581501377,5083
714581601279,5079
714581701181,5097
714581801083,5079
714581900985,5087
714582000887,5080
714582100789,5081
714582200691,5092
714582300593,5078
714582400495,5079
714582500397,5078
714582600299,5079
714582700201,5137
714582800103,5081
714582900005,5078
714582999907,5080
714583099809,5081
714583199711,5091
714583299613,5079
714583399515,5077
714583499417,5079
714583599319,5076
714583699221,5092
714583799123,5079
714583899025,5080
714583998927,5085
714584098829,5077
714584198731,5077
714584298633,5171
714584398535,5075
714584498437,5078
714584598339,5075
714584698241,5148
714584798143,5075
714584898045,5075
714584997947,5078
714585097849,5077
714585197751,5076
714585297653,5075
714585397555,5076
714585497457,5076
714585597359,5075
714585697261,5076
714585797163,5075
714585897065,5075
714585996967,5078
714586096869,5075
714586196771,5073
714586296673,5075
714586396575,5076
714586496477,5074
714586596379,5078
714586696281,5133
714586796183,5077
714586899085,8260
714586998987,5154
714587098889,5148
714587198791,5143
714587298693,5143
714587398595,5145
714587498497,5148
714587598399,5144
714587698301,5144
714587798203,5144
714587898105,5143
714587998007,5144
714588097909,5149
714588197811,5141
714588297713,5142
714588397615,5144
714588497517,5146
714588597419,5142
714588697321,5215
714588797223,5145
714588897125,5144
714588997027,5149
714589096929,5146
714589196831,5143
714589296733,5142
714589396635,5143
714589496537,5142
714589596439,5144
714589696341,5140
714589796243,5144
714589896145,5143
714589996047,5144
714590095949,5148
714590195851,5143
714590295753,5145
714590395655,5141
714590495557,5145
714590595459,5143
714590695362,5200
714590795264,5142
714590895166,5143
714590995068,5145
714591094970,5147
714591194872,5148
714591294774,5144
714591394676,5144
714591494578,5148
714591594480,5458
714591694382,5147
714591794284,5143
714591894186,5143
714591994088,5145
714592093990,5150
714592193892,5148
714592293794,5146
714592393696,5146
714592493598,5148
714592593500,5148
714592693402,5221
714592793304,5146
714592893206,5148
714592993108,5148
714593093010,5146
714593192912,5150
714593292814,5148
714593392716,5144
714593492618,5147
714593592520,5149
714593692422,5147
714593792324,5149
714593892226,5147
714593992128,5146
714594092030,5149
714594191932,5150
714594291834,5144
714594391736,5144
714594491638,5147
714594591540,5146
714594691442,5219
714594791344,5148
714594891246,5144
714594991148,5146
714595091050,5172
714595190952,5150
714595290854,5151
714595390756,5147
714595490658,5148
714595590560,5146
714595690462,5148
714595790364,5145
714595890266,5147
714595990168,5147
714596090070,5146
714596189972,5148
714596289874,5146
714596389776,5145
714596489678,5148
714596589580,5148
714596689483,5198
714596789385,5145
714596892287,8180
714596992189,5080
714597092091,5081
714597191993,5083
714597291895,5079
714597391797,5080
714597491699,5081
714597591601,5079
714597691503,5081
714597791405,5079
714597891307,5078
714597991209,5079
714598091111,5081
714598191013,5078
714598290915,5079
714598390817,5078
714598490719,5081
714598590621,5078
714598690523,5154
714598790425,5080
714598890327,5078
714598990229,5078
714599090131,5080
714599190033,5080
714599289935,5083
714599389837,5081
714599489739,5114
714599589641,5079
714599689543,5078
714599789445,5085
714599889347,5080
714599989249,5078
714600089151,5080
714600189053,5080
714600288955,5083
714600388857,5077
714600488759,5112
714600588661,5076
714600688564,5151
714600788466,5075
714600888368,5076
714600988270,5075
714601088172,5110
714601188074,5075
714601287976,5079
714601387878,5075
714601487780,5111
714601587682,5076
714601687584,5078
714601787486,5077
714601887388,5075
714601987290,5076
714602087192,5077
714602187094,5076
714602286996,5079
714602386898,5074
714602486800,5111
714602586702,5074
714602686604,5112
714602786506,5076
714602886408,5077
714602986310,5077
714603086212,5077
714603186114,5078
714603286016,5074
714603385918,5075
714603485820,5110
714603585722,5078
714603685624,5075
714603785526,5075
714603885429,5076
714603985331,5076
714604085233,5110
714604185135,5075
714604285053,5077
714604384955,5078
714604484857,5111
714604584759,5076
714604684661,5111
714604784563,5075
714604884465,5076
714604984367,5075
714605084269,5305
714605184171,5076
714605284073,5079
714605383975,5082
714605483877,5079
714605583779,5077
714605683681,5077
714605783583,5079
714605883485,5078
714605983387,5079
714606083289,5113
714606183191,5079
714606283093,5078
714606382995,5081
714606482897,5080
714606582799,5079
714606682702,5078
714606782604,5080
714606885463,8342
714606985365,5143
714607085267,5144
714607185169,5142
714607285071,5141
714607384973,5147
714607484875,5147
714607584777,5142
714607684679,5141
714607784581,5144
714607884483,5177
714607984385,5141
714608084287,5142
714608184189,5146
714608284091,5141
714608383993,5148
714608483895,5150
714608583797,5146
714608683699,5146
714608783601,5151
714608883503,5146
714608983405,5147
714609083307,5147
714609183209,5151
714609283111,5148
714609383013,5145
714609482915,5158
714609582817,5147
714609682719,5145
714609782621,5147
714609882523,5146
714609982425,5146
714610082327,5148
714610182229,5146
714610282131,5148
714610382033,5147
714610481935,5151
714610581837,5145
714610681740,5148
714610781642,5147
714610881544,5147
714610981446,5148
714611081348,5147
714611181250,5146
714611281152,5148
714611381054,5147
714611480956,5149
714611580858,5149
714611680760,5145
714611780662,5148
714611880564,5149
714611980466,5146
714612080368,5147
714612180270,5149
714612280172,5147
714612380074,5149
714612479976,5154
714612579879,5150
714612679782,5150
714612779684,5145
714612879586,5182
714612979488,5147
714613079390,5145
714613179292,5148
714613279194,5147
714613379096,5149
714613478998,5152
714613578900,5149
714613678802,5144
714613778704,5143
714613878606,5144
714613978508,5143
714614078410,5142
714614178312,5144
714614278214,5143
714614378116,5144
714614478018,5145
714614577920,5147
714614677823,5145
714614777725,5141
714614877627,5140
714614977529,5145
714615077431,5143
714615177333,5147
714615277235,5143
714615377137,5143
714615477039,5142
714615576941,5146
714615676843,5196
714615776745,5145
714615876647,5144
714615976549,5143
714616076451,5143
714616176353,5145
714616276255,5143
714616376157,5145
714616476059,5145
714616575961,5143
714616675863,5146
714616775765,5145
714616878683,8200
714616978585,5075
714617078487,5075
714617178389,5076
714617278291,5077
714617378193,5075
714617478095,5077
714617578006,5209
714617677908,5074
714617777810,5112
714617877712,5077
714617977614,5075
714618077516,5074
714618177418,5219
714618277320,5077
714618377222,5077
714618477124,5077
714618577027,5076
714618676930,5130
714618776832,5112
714618876734,5075
714618976636,5075
714619076538,5094
714619176440,5075
714619276342,5076
714619376244,5074
714619476146,5077
714619576048,5076
714619675950,5080
714619775852,5076
714619875754,5076
714619975656,5076
714620075558,5075
714620175460,5075
714620275362,5075
714620375264,5075
714620475166,5075
714620575068,5231
714620674971,5080
714620774873,5076
714620874775,5077
714620974677,5076
714621074579,5076
714621174481,5097
714621274383,5076
714621374285,5077
714621474187,5075
714621574089,5075
714621673991,5083
714621773893,5078
714621873795,5077
714621973697,5082
714622073599,5077
714622173501,5078
714622273403,5081
714622373305,5089
714622473207,5081
714622573109,5080
714622673011,5081
714622772913,5079
714622872815,5080
714622972717,5079
714623072619,5079
714623172521,5079
714623272423,5061
714623372325,5045
714623472227,5065
714623572129,5065
714623672031,5080
714623771933,5083
714623871835,5078
714623971737,5080
714624071639,5079
714624171541,5079
714624271443,5079
714624371345,5080
714624471247,5080
714624571149,5079
714624671052,5082
714624770954,5083
714624870856,5079
714624970758,5081
714625070660,5083
714625170562,5080
714625270464,5079
714625370366,5081
714625470268,5080
714625570170,5079
714625670072,5080
714625769974,5081
714625869876,5079
714625969778,5078
714626069680,5083
714626169582,5080
714626269484,5080
714626369386,5149
714626469288,5080
714626569190,5080
714626669092,5081
714626768994,5081
714626871876,8237
714626971778,5149
714627071697,5148
714627171599,5292
714627271501,5253
714627371403,5285
714627471305,5351
714627571207,5285
714627671109,5273
714627771011,5271
714627870913,5269
714627970815,5265
714628070717,5254
714628170619,5250
714628270521,5250
714628370423,5254
714628470325,5261
714628570227,5302
714628670130,5270
714628770032,5272
714628869934,5285
714628969836,5267
714629069738,5288
714629169640,5250
714629269542,5286
714629369444,5318
714629469346,5352
714629569248,5369
714629669150,5352
714629769052,5236
714629868954,5272
714629968856,5232
714630068758,5258
714630168660,5212
714630268562,5245
714630368464,5285
714630468366,5246
714630568268,5227
714630668171,5269
714630768073,5235
714630867975,5283
714630967877,5248
714631067779,5290
714631167681,5248
714631267583,5278
714631367485,5319
714631467387,5349
714631567289,5346
714631667191,5347
714631767093,5271
714631866995,5267
714631966897,5266
714632066799,5269
714632166701,5249
714632266603,5248
714632366505,5322
714632466407,5270
714632566309,5262
714632666211,5273
714632766114,5267
714632866016,5266
714632965918,5284
714633065820,5266
714633165722,5283
714633265624,5249
714633365526,5352
714633465428,5347
714633565330,5349
714633665232,5347
714633765134,5280
714633865036,5233
714633964938,5263
714634064840,5229
714634164742,5247
714634264644,5212
714634364546,5300
714634464448,5215
714634564359,5246
714634664261,5272
714634764163,5265
714634864068,5233
714634963970,5352
714635063872,5352
714635163774,5286
714635263676,5250
714635363578,5285
714635463480,5249
714635563382,5286
714635663284,5267
714635763186,5319
714635863088,5273
714635962990,5271
714636062892,5269
714636162794,5254
714636262696,5284
714636362598,5250
714636462500,5249
714636562402,5250
714636662304,5319
714636762206,5266
714636865051,8218
714636964953,5195
714637064855,5143
714637164757,5178
714637264659,5145
714637364561,5217
714637464463,5279
714637564365,5277
714637664267,5278
714637764169,5197
714637864071,5170
714637963973,5219
714638063875,5184
714638163777,5216
714638263679,5183
714638363581,5219
714638463483,5184
714638563385,5218
714638663287,5241
714638763189,5217
714638863091,5190
714638962993,5204
714639062895,5197
714639162797,5183
714639262699,5181
714639362601,5183
714639462503,5283
714639562405,5182
714639662307,5197
714639762209,5201
714639862111,5206
714639962013,5201
714640061915,5219
714640161817,5188
714640261719,5255
714640361621,5182
714640461523,5220
714640561425,5184
714640661327,5289
714640761229,5252
714640861131,5218
714640961033,5167
714641060935,5235
714641160837,5149
714641260739,5182
714641360641,5148
714641460543,5280
714641560445,5281
714641660347,5280
714641760250,5165
714641860152,5202
714641960066,5206
714642059968,5257
714642159870,5187
714642259772,5218
714642359674,5187
714642459577,5223
714642559479,5182
714642659381,5275
714642759283,5197
714642859185,5218
714642959087,5229
714643058989,5202
714643158891,5197
714643258793,5180
714643358695,5180
714643458597,5278
714643558499,5278
714643658401,5276
714643758303,5194
714643858205,5197
714643958107,5238
714644058009,5200
714644157911,5218
714644257813,5179
714644357715,5214
714644457617,5181
714644557519,5214
714644657421,5254
714644757323,5213
714644857225,5180
714644957127,5252
714645057029,5162
714645156931,5196
714645256833,5145
714645356735,5178
714645456637,5279
714645556539,5278
714645656441,5278
714645756343,5194
714645856245,5162
714645956147,5234
714646056049,5180
714646155951,5220
714646255853,5184
714646355755,5215
714646455657,5235
714646555559,5215
714646655461,5253
714646755363,5216
714646858217,8324
714646958119,5388
714647058021,5348
714647157923,5323
714647257825,5261
714647357727,5285
714647457629,5248
714647557531,5283
714647657433,5246
714647757335,5315
714647857237,5249
714647957139,5316
714648057041,5232
714648156943,5302
714648256845,5264
714648356747,5248
714648456649,5212
714648556551,5248
714648656453,5247
714648756355,5303
714648856257,5227
714648956159,5299
714649056068,5234
714649155970,5283
714649255872,5250
714649355774,5283
714649455677,5407
714649555579,5349
714649655481,5347
714649755398,5286
714649855300,5260
714649955202,5363
714650055104,5269
714650155006,5304
714650254908,5265
714650354810,5263
714650454712,5332
714650554614,5248
714650654516,5321
714650754418,5256
714650854320,5262
714650954222,5266
714651054124,5267
714651154026,5268
714651253928,5284
714651353830,5266
714651453732,5453
714651553634,5250
714651653536,5288
714651753438,5253
714651853340,5286
714651953242,5265
714652053144,5284
714652153046,5252
714652252948,5272
714652352850,5233
714652452752,5363
714652552655,5217
714652652557,5320
714652752459,5218
714652852361,5250
714652952263,5244
714653052165,5267
714653152069,5238
714653251971,5292
714653351873,5252
714653451775,5488
714653551677,5354
714653651579,5353
714653751481,5249
714653851383,5284
714653951285,5274
714654051187,5284
714654151089,5273
714654250991,5271
714654350893,5269
714654450795,5400
714654550697,5251
714654650599,5287
714654750501,5252
714654850403,5251
714654950306,5281
714655050208,5268
714655150110,5272
714655250012,5270
714655349914,5284
714655449816,5375
714655549718,5354
714655649620,5354
714655749522,5289
714655849424,5249
714655949326,5297
714656049228,5251
714656149130,5287
714656249032,5237
714656348934,5268
714656448836,5245
714656548738,5248
714656648640,5248
714656748543,5250
714656851391,8274
714656951293,5207
714657051195,5216
714657151097,5187
714657250999,5205
714657350901,5201
714657450803,5381
714657550705,5280
714657650607,5280
714657750509,5182
714657850411,5183
714657950313,5209
714658050215,5202
714658150117,5206
714658250019,5207
714658349921,5221
714658449823,5205
714658549725,5218
714658649627,5221
714658749529,5220
714658849431,5184
714658949333,5293
714659049235,5278
714659149137,5257
714659249039,5167
714659348941,5203
714659448843,5145
714659548745,5180
714659648647,5144
714659748549,5180
714659848451,5145
714659948363,5179
714660048265,5158
714660148167,5270
714660248072,5170
714660347974,5219
714660447876,5184
714660547778,5217
714660647680,5181
714660747582,5214
714660847484,5179
714660947386,5216
714661047288,5193
714661147190,5213
714661247092,5192
714661346994,5200
714661446896,5280
714661546798,5281
714661646700,5278
714661746602,5178
714661846504,5180
714661946406,5177
714662046309,5193
714662146211,5199
714662246113,5205
714662346015,5198
714662445917,5218
714662545819,5179
714662645721,5218
714662745624,5540
714662845526,5218
714662945428,5183
714663045330,5214
714663145232,5181
714663245134,5218
714663345036,5160
714663444938,5282
714663544840,5369
714663644742,5501
714663744644,5350
714663844546,5384
714663944449,5352
714664044358,5180
714664144260,5159
714664244162,5202
714664344065,5166
714664443967,5220
714664543869,5184
714664643771,5221
714664743674,5182
714664843576,5217
714664943478,5181
714665043380,5220
714665143282,5198
714665243184,5216
714665343086,5187
714665442988,5320
714665542890,5284
714665642792,5283
714665742694,5184
714665842596,5183
714665942498,5183
714666042400,5183
714666142302,5197
714666242204,5202
714666342106,5204
714666442008,5240
714666541910,5222
714666641812,5187
714666741714,5218
714666844578,8329
714666944480,5246
714667044382,5243
714667144284,5224
714667244186,5304
714667344088,5233
714667443990,5389
714667543892,5355
714667643794,5355
714667743696,5252
714667843598,5284
714667943500,5249
714668043402,5286
714668143304,5265
714668243206,5285
714668343108,5272
714668443010,5312
714668542912,5273
714668642814,5267
714668742716,5255
714668842618,5252
714668942520,5245
714669042422,5248
714669142324,5262
714669242226,5265
714669342128,5268
714669442030,5389
714669541932,5355
714669641834,5353
714669741736,5287
714669841638,5250
714669941540,5284
714670041442,5251
714670141344,5284
714670241246,5251
714670341148,5283
714670441050,5234
714670540952,5271
714670640854,5233
714670740757,5253
714670840659,5215
714670940561,5351
714671040463,5352
714671140365,5291
714671240267,5232
714671340169,5270
714671440071,5239
714671539973,5286
714671639875,5252
714671739777,5289
714671839679,5251
714671939581,5286
714672039483,5251
714672139385,5290
714672239287,5265
714672339189,5290
714672439091,5275
714672539013,5273
714672638915,5273
714672738817,5265
714672838719,5248
714672938621,5247
714673038523,5248
714673138425,5245
714673238327,5260
714673338229,5261
714673438131,5349
714673538033,5348
714673637935,5350
714673737837,5262
714673837739,5288
714673937641,5246
714674037543,5283
714674137445,5246
714674237347,5281
714674337249,5246
714674437151,5304
714674537053,5254
714674636955,5291
714674736857,5252
714674836759,5253
714674936661,5213
714675036563,5143
714675136465,5147
714675236367,5143
714675336269,5142
714675436171,5143
714675536073,5146
714675635975,5146
714675735877,5146
714675835779,5145
714675935681,5142
714676035583,5141
714676135485,5141
714676235387,5140
714676335289,5144
714676435191,5142
714676535093,5142
714676634995,5182
714676734897,5232
714676834799,5254
714676937647,8238
714677037549,5180
714677137451,5181
714677237353,5182
714677337255,5216
714677437157,5277
714677537059,5280
714677636961,5280
714677736863,5147
714677836765,5146
714677936667,5144
714678036569,5143
714678136471,5182
714678236373,5180
714678336275,5161
714678436177,5164
714678536079,5168
714678635981,5185
714678735883,5217
714678835785,5179
714678935687,5215
714679035589,5214
714679135491,5177
714679235393,5215
714679335295,5179
714679435197,5241
714679535099,5167
714679635004,5161
714679734906,5160
714679834808,5218
714679934710,5144
714680034612,5145
714680134514,5145
714680234416,5181
714680334318,5159
714680434220,5161
714680534123,5201
714680634025,5217
714680733927,5184
714680833829,5184
714680933731,5182
714681033633,5182
714681133535,5181
714681233437,5185
714681333339,5184
714681433241,5217
714681533143,5281
714681633045,5280
714681732947,5164
714681832849,5149
714681932751,5149
714682032653,5150
714682132555,5148
714682232457,5185
714682332359,5184
714682432261,5163
714682532163,5168
714682632068,5171
714682731970,5188
714682831872,5221
714682931774,5284
714683031676,5234
714683131578,5264
714683231480,5185
714683331382,5218
714683431284,5185
714683531186,5185
714683631088,5186
714683730990,5170
714683830892,5153
714683930794,5221
714684030696,5147
714684130598,5152
714684230500,5147
714684330402,5182
714684430304,5161
714684530206,5165
714684630108,5204
714684730010,5218
714684829912,5190
714684929814,5182
714685029716,5183
714685129618,5182
714685229520,5183
714685329422,5182
714685429324,5185
714685529226,5214
714685629128,5281
714685729030,5167
714685828932,5165
714685928834,5143
714686028736,5145
714686128638,5146
714686228540,5145
714686328442,5181
714686428344,5194
714686528246,5158
714686628148,5166
714686728050,5180
714686827952,5183
714686930809,8335
714687030711,5356
714687130613,5350
714687230515,5351
714687330417,5350
714687430319,5350
714687530221,5145
714687630123,5236
714687730025,5252
714687829927,5255
714687929829,5255
714688029731,5250
714688129633,5250
714688229535,5249
714688329437,5252
714688429339,5247
714688529241,5250
714688629143,5254
714688729045,5238
714688828947,5234
714688928849,5233
714689028751,5212
714689128653,5215
714689228555,5210
714689328457,5214
714689428362,5211
714689528264,5227
714689628166,5233
714689728069,5237
714689827971,5250
714689927873,5250
714690027775,5251
714690127677,5249
714690227579,5250
714690327481,5249
714690427383,5247
714690527285,5253
714690627187,5248
714690727089,5238
714690826991,5235
714690926893,5227
714691026795,5216
714691126697,5218
714691226599,5212
714691326501,5212
714691426403,5350
714691526305,5229
714691626207,5317
714691726109,5237
714691826011,5246
714691925913,5252
714692025816,5253
714692125718,5250
714692225620,5246
714692325522,5246
714692425424,5248
714692525326,5252
714692625228,5247
714692725130,5250
714692825032,5232
714692924934,5230
714693024836,5213
714693124738,5218
714693224640,5212
714693324542,5214
714693424444,5296
714693524358,5219
714693624260,5228
714693724162,5234
714693824066,5233
714693923968,5251
714694023870,5252
714694123772,5255
714694223674,5250
714694323576,5252
714694423478,5252
714694523380,5256
714694623282,5250
714694723184,5255
714694823086,5237
714694922988,5236
714695022890,5235
714695122792,5224
714695222712,5219
714695322614,5218
714695422516,5217
714695522418,5218
714695622320,5228
714695722223,5231
714695822125,5236
714695922027,5250
714696021929,5271
714696121831,5256
714696221733,5251
714696321635,5283
714696421537,5252
714696521439,5251
714696621341,5251
714696721243,5254
714696821145,5252
714696923994,8282
714697023896,5182
714697123798,5185
714697223700,5181
714697323602,5181
714697423504,5183
714697523406,5189
714697623308,5183
714697723210,5265
714697823112,5169
714697923014,5165
714698022916,5164
714698122818,5148
714698222720,5149
714698322622,5148
714698422524,5147
714698522426,5184
714698622328,5160
714698722231,5164
714698822133,5167
714698922035,5183
714699021937,5284
714699121839,5284
714699221741,5405
714699321643,5281
714699421545,5281
714699521447,5078
714699621349,5184
714699721251,5185
714699821153,5171
714699921055,5166
714700020957,5166
714700120859,5153
714700220761,5149
714700320663,5147
714700420565,5149
714700520467,5147
714700620369,5148
714700720272,5164
714700820174,5169
714700920076,5169
714701019978,5187
714701119880,5188
714701219782,5181
714701319684,5184
714701419586,5217
714701519488,5186
714701619390,5184
714701719292,5183
714701819194,5182
714701919096,5170
714702018998,5166
714702118900,5152
714702218802,5143
714702318704,5145
714702418606,5181
714702518508,5148
714702618410,5144
714702718313,5158
714702818215,5162
714702918117,5166
714703018019,5179
714703117921,5183
714703217823,5182
714703317725,5180
714703417627,5181
714703517529,5279
714703617431,5280
714703717333,5180
714703817235,5178
714703917137,5166
714704017039,5161
714704116941,5196
714704216843,5184
714704316745,5145
714704416647,5146
714704516550,5145
714704616452,5145
714704716359,5144
714704816261,5159
714704916163,5198
714705016067,5203
714705115969,5183
714705215871,5184
714705315773,5180
714705415675,5181
714705515577,5179
714705615479,5178
714705715381,5183
714705815283,5216
714705915185,5181
714706015087,5164
714706114989,5164
714706214891,5149
714706314793,5146
714706414695,5146
714706514597,5147
714706614499,5180
714706714401,5144
714706814303,5158
714706917149,8380
714707017051,5259
714707116953,5229
714707216855,5225
714707316757,5249
714707416659,5246
714707516561,5213
714707616463,5212
714707716365,5212
714707816267,5229
714707916169,5232
714708016071,5236
714708115973,5268
714708215875,5283
714708315777,5285
714708415679,5248
714708515581,5247
714708615483,5252
714708715385,5250
714708815287,5247
714708915189,5247
714709015091,5282
714709114993,5234
714709214895,5227
714709314797,5215
714709414699,5233
714709514601,5211
714709614503,5211
714709714405,5212
714709814307,5265
714709914209,5229
714710014111,5233
714710114013,5246
714710213915,5288
714710313817,5254
714710413719,5249
714710513621,5253
714710613523,5287
714710713426,5290
714710813328,5250
714710913230,5250
714711013132,5351
714711113034,5352
714711212936,5355
714711312838,5353
714711412740,5355
714711512642,5146
714711612544,5216
714711712446,5218
714711812356,5216
714711912258,5232
714712012160,5267
714712112074,5236
714712211976,5251
714712311878,5255
714712411780,5254
714712511682,5288
714712611584,5248
714712711486,5252
714712811388,5251
714712911290,5249
714713011192,5287
714713111094,5238
714713210996,5240
714713310898,5232
714713410800,5218
714713510702,5214
714713610604,5217
714713710507,5220
714713810409,5216
714713910311,5229
714714010213,5235
714714110115,5237
714714210017,5251
714714309919,5255
714714409821,5252
714714509723,5250
714714609625,5249
714714709527,5254
714714809429,5252
714714909331,5250
714715009233,5252
714715109135,5248
714715209037,5237
714715308939,5234
714715408841,5228
714715508743,5210
714715608645,5250
714715708547,5214
714715808449,5212
714715908354,5211
714716008256,5229
714716108158,5230
714716208067,5236
714716307969,5250
714716407871,5251
714716507773,5294
714716607675,5247
714716707578,5251
714716807480,5247
714716910329,8215
714717010231,5200
714717110133,5169
714717210035,5183
714717309937,5186
714717409839,5186
714717509741,5219
714717609643,5182
714717709545,5185
714717809447,5182
714717909349,5186
714718009266,5210
714718109168,5171
714718209070,5168
714718308972,5166
714718408874,5150
714718508776,5191
714718608678,5143
714718708581,5147
714718808483,5146
714718908385,5146
714719008287,5194
714719108189,5164
714719208091,5167
714719307993,5184
714719407895,5182
714719507797,5181
714719607699,5183
714719707601,5180
714719807503,5183
714719907405,5180
714720007307,5179
714720107209,5181
714720207111,5165
714720307013,5162
714720406915,5159
714720506817,5145
714720606719,5144
714720706621,5146
714720806523,5145
714720906425,5143
714721006327,5158
714721106229,5162
714721206131,5165
714721306033,5179
714721405935,5184
714721505837,5183
714721605739,5214
714721705641,5180
714721805543,5180
714721905445,5181
714722005347,5180
714722105249,5216
714722205152,5385
714722305054,5386
714722404956,5374
714722504859,5372
714722604761,5369
714722704663,5145
714722804565,5145
714722904467,5149
714723004369,5144
714723104271,5194
714723204173,5165
714723304075,5166
714723403977,5187
714723503879,5282
714723603781,5183
714723703683,5286
714723803585,5186
714723903488,5183
714724003390,5184
714724103292,5222
714724203194,5197
714724303096,5167
714724402998,5173
714724502900,5152
714724602802,5148
714724702704,5171
714724802606,5148
714724902508,5148
714725002410,5148
714725102312,5197
714725202214,5181
714725302116,5171
714725402018,5183
714725501920,5284
714725601822,5169
714725701724,5166
714725801626,5169
714725901528,5184
714726001430,5184
714726101332,5220
714726201234,5197
714726301136,5171
714726401038,5167
714726500940,5166
714726600842,5147
714726700745,5204
714726800647,5147
714726903490,8339
714727003392,5250
714727103294,5284
714727203196,5262
714727303098,5250
714727403003,5234
714727502905,5235
714727602807,5352
714727702709,5337
714727802611,5218
714727902513,5216
714728002415,5214
714728102318,5231
714728202220,5247
714728302122,5238
714728402024,5249
714728501926,5287
714728601829,5253
714728701732,5276
714728801634,5252
714728901536,5341
714729001438,5252
714729101340,5252
714729201242,5260
714729301144,5286
714729401046,5273
714729500948,5235
714729600850,5233
714729700752,5231
714729800654,5216
714729900556,5216
714730000458,5217
714730100360,5251
714730200262,5279
714730300164,5237
714730400067,5237
714730499969,5255
714730599871,5256
714730699773,5314
714730799675,5251
714730899577,5252
714730999479,5337
714731099381,5352
714731199283,5263
714731299185,5249
714731399087,5242
714731498989,5274
714731598891,5235
714731698793,5237
714731798695,5282
714731898597,5210
714731998499,5214
714732098401,5212
714732198303,5227
714732298205,5231
714732398107,5234
714732498009,5283
714732597911,5287
714732697814,5290
714732797716,5249
714732897618,5244
714732997520,5250
714733097422,5246
714733197324,5249
714733297226,5247
714733397128,5283
714733497030,5396
714733596932,5353
714733696834,5214
714733796736,5213
714733896638,5214
714733996540,5214
714734096442,5213
714734196357,5249
714734296259,5264
714734396161,5232
714734496065,5271
714734595967,5249
714734695869,5270
714734795771,5272
714734895673,5248
714734995575,5248
714735095477,5145
714735195379,5144
714735295281,5143
714735395183,5141
714735495085,5143
714735594987,5147
714735694889,5145
714735794791,5142
714735894693,5143
714735994595,5144
714736094497,5143
714736194399,5143
714736294301,5143
714736394203,5145
714736494105,5144
714736594007,5142
714736693909,5225
714736793811,5254
714736896669,8211
714736996571,5146
714737096473,5142
714737196375,5180
714737296277,5157
714737396179,5163
714737496081,5169
714737595983,5287
714737695885,5219
714737795787,5182
714737895689,5179
714737995591,5181
714738095493,5180
714738195395,5182
714738295297,5215
714738395199,5180
714738495101,5166
714738595004,5163
714738694906,5236
714738794808,5146
714738894710,5144
714738994612,5181
714739094514,5144
714739194416,5179
714739294318,5156
714739394220,5161
714739494122,5168
714739594024,5272
714739693926,5186
714739793828,5185
714739893730,5184
714739993632,5185
714740093534,5183
714740193436,5184
714740293338,5183
714740393240,5184
714740493142,5192
714740593044,5166
714740692963,5206
714740792865,5186
714740892767,5148
714740992669,5146
714741092571,5148
714741192473,5148
714741292375,5182
714741392277,5164
714741492179,5166
714741592081,5171
714741691983,5264
714741791885,5187
714741891787,5185
714741991689,5184
714742091591,5184
714742191493,5184
714742291395,5186
714742391297,5220
714742491199,5182
714742591101,5206
714742691004,5241
714742790906,5201
714742890808,5147
714742990710,5149
714743090612,5189
714743190514,5149
714743290416,5183
714743390318,5163
714743490220,5165
714743590122,5169
714743690024,5218
714743789926,5188
714743889828,5186
714743989730,5185
714744089632,5185
714744189535,5186
714744289438,5186
714744389340,5184
714744489242,5183
714744589144,5191
714744689058,5235
714744788960,5165
714744888862,5184
714744988764,5145
714745088666,5253
714745188568,5145
714745288470,5144
714745388372,5179
714745488274,5277
714745588176,5161
714745688078,5168
714745787980,5219
714745887882,5182
714745987784,5181
714746087686,5179
714746187588,5180
714746287490,5180
714746387392,5181
714746487294,5216
714746587196,5184
714746687098,5223
714746787003,5161
714746889851,8327
714746989753,5253
714747089655,5356
714747189557,5352
714747289459,5353
714747389361,5351
714747489263,5352
714747589165,5251
714747689067,5238
714747788969,5237
714747888871,5232
714747988773,5254
714748088675,5210
714748188577,5211
714748288479,5214
714748388381,5211
714748488283,5225
714748588185,5233
714748688088,5305
714748787990,5255
714748887892,5250
714748987794,5248
714749087696,5246
714749187598,5249
714749287500,5247
714749387402,5248
714749487304,5243
714749587206,5248
714749687108,5247
714749787010,5232
714749886912,5229
714749986814,5214
714750086716,5211
714750186618,5211
714750286520,5211
714750386422,5209
714750486324,5227
714750586226,5227
714750686129,5270
714750786031,5247
714750885933,5251
714750985835,5252
714751085737,5246
714751185639,5246
714751285541,5245
714751385443,5248
714751485345,5248
714751585247,5348
714751685149,5246
714751785051,5230
714751884953,5228
714751984855,5228
714752084758,5250
714752184660,5246
714752284562,5213
714752384464,5213
714752484366,5210
714752584269,5231
714752684172,5248
714752784074,5237
714752883976,5273
714752983878,5287
714753083780,5252
714753183682,5251
714753283584,5250
714753383486,5250
714753483388,5254
714753583290,5252
714753683192,5251
714753783094,5286
714753882996,5235
714753982898,5234
714754082800,5218
714754182702,5214
714754282604,5216
714754382507,5219
714754482409,5213
714754582311,5263
714754682214,5235
714754782116,5235
714754882018,5251
714754981920,5253
714755081822,5415
714755181724,5250
714755281626,5247
714755381528,5286
714755481430,5253
714755581332,5251
714755681234,5250
714755781136,5254
714755881038,5238
714755980940,5235
714756080842,5231
714756180744,5252
714756280646,5252
714756380548,5218
714756480450,5217
714756580363,5216
714756680266,5233
714756780168,5231
714756883013,8198
714756982915,5200
714757082817,5148
714757182719,5147
714757282621,5148
714757382523,5147
714757482425,5147
714757582327,5161
714757682229,5164
714757782131,5204
714757882033,5185
714757981935,5187
714758081837,5187
714758181739,5185
714758281641,5185
714758381543,5184
714758481445,5184
714758581347,5218
714758681250,5201
714758781152,5171
714758881054,5169
714758980956,5166
714759080858,5284
714759180760,5286
714759280662,5280
714759380564,5281
714759480466,5281
714759580368,5150
714759680270,5164
714759780172,5201
714759880074,5169
714759979976,5186
714760079878,5188
714760179780,5182
714760279682,5184
714760379584,5186
714760479486,5184
714760579388,5184
714760679290,5191
714760779192,5220
714760879094,5169
714760978996,5167
714761078898,5154
714761178800,5146
714761278702,5144
714761378604,5140
714761478506,5145
714761578408,5146
714761678310,5159
714761778212,5198
714761878114,5163
714761978016,5180
714762077918,5182
714762177820,5218
714762277722,5179
714762377624,5179
714762477526,5180
714762577428,5215
714762677330,5184
714762777232,5214
714762877134,5166
714762977036,5163
714763076938,5162
714763176840,5144
714763276742,5143
714763376644,5146
714763476560,5146
714763576462,5148
714763676364,5143
714763776266,5194
714763876168,5163
714763976070,5169
714764075972,5183
714764175874,5183
714764275776,5181
714764375678,5183
714764475580,5181
714764575482,5179
714764675385,5184
714764775287,5183
714764875189,5180
714764975091,5164
714765074993,5163
714765174895,5149
714765274797,5147
714765374699,5145
714765474601,5145
714765574503,5145
714765674405,5145
714765774307,5161
714765874209,5163
714765974111,5168
714766074013,5179
714766173915,5187
714766273817,5186
714766373719,5183
714766473621,5186
714766573523,5185
714766673425,5186
714766773327,5186
714766876173,8274
714766976075,5234
714767075977,5249
714767175879,5249
714767275781,5249
714767375683,5246
714767475585,5250
714767575487,5249
714767675389,5249
714767775291,5249
714767875193,5248
714767975095,5234
714768074997,5231
714768174899,5234
714768274801,5219
714768374703,5214
714768474605,5216
714768574507,5249
714768674410,5213
714768774312,5229
714768874214,5226
714768974116,5234
714769074018,5246
714769173920,5253
714769273822,5290
714769373724,5249
714769473626,5354
714769573528,5353
714769673430,5348
714769773332,5252
714769873234,5251
714769973136,5251
714770073038,5286
714770172940,5268
714770272842,5231
714770372744,5219
714770472646,5215
714770572548,5251
714770672451,5216
714770772359,5216
714770872261,5264
714770972163,5268
714771072065,5351
714771171967,5355
714771271869,5353
714771371771,5354
714771471673,5354
714771571575,5252
714771671477,5250
714771771379,5248
714771871281,5250
714771971183,5250
714772071085,5238
714772170987,5236
714772270889,5233
714772370791,5221
714772470693,5215
714772570595,5215
714772670498,5219
714772770400,5214
714772870302,5229
714772970204,5236
714773070106,5243
714773170008,5250
714773269910,5255
714773369812,5286
714773469714,5252
714773569616,5350
714773669518,5253
714773769420,5251
714773869322,5248
714773969224,5250
714774069126,5254
714774169028,5234
714774268930,5234
714774368832,5305
714774468734,5211
714774568636,5212
714774668539,5215
714774768441,5215
714774868343,5226
714774968245,5228
714775068147,5236
714775168049,5248
714775267951,5249
714775367853,5323
714775467755,5248
714775567657,5247
714775667559,5249
714775767461,5249
714775867363,5247
714775967265,5247
714776067167,5252
714776167069,5235
714776266971,5232
714776366873,5303
714776466775,5211
714776566677,5213
714776666579,5218
714776766481,5234
714776869328,8187
714776969230,5166
714777069132,5158
714777169034,5165
714777268936,5165
714777368838,5237
714777468740,5144
714777568642,5278
714777668544,5277
714777768446,5145
714777868361,5146
714777968263,5159
714778068165,5203
714778168067,5206
714778267969,5184
714778367871,5256
714778467773,5180
714778567675,5182
714778667577,5193
714778767479,5181
714778867381,5180
714778967283,5259
714779067185,5282
714779167087,5164
714779266989,5161
714779366891,5235
714779466793,5145
714779566695,5147
714779666597,5144
714779766499,5181
714779866401,5146
714779966303,5160
714780066205,5166
714780166107,5166
714780266009,5181
714780365911,5257
714780465813,5180
714780565715,5213
714780665617,5192
714780765519,5177
714780865421,5179
714780965323,5179
714781065225,5180
714781165127,5168
714781265029,5162
714781364931,5274
714781464833,5285
714781564735,5281
714781664637,5278
714781764539,5145
714781864441,5145
714781964343,5156
714782064246,5160
714782164148,5407
714782264050,5422
714782363952,5394
714782463854,5390
714782563756,5391
714782663658,5438
714782763560,5187
714782863462,5182
714782963364,5183
714783063266,5218
714783163168,5183
714783263070,5203
714783362972,5166
714783462874,5283
714783562776,5284
714783662678,5280
714783762580,5149
714783862482,5181
714783962385,5150
714784062287,5201
714784162189,5167
714784262091,5204
714784361993,5184
714784461895,5220
714784561797,5182
714784661699,5261
714784761601,5183
714784861503,5216
714784961405,5183
714785061307,5219
714785161209,5200
714785261111,5208
714785361013,5202
714785460915,5285
714785560817,5284
714785660719,5284
714785760621,5183
714785860523,5185
714785960425,5213
714786060327,5195
714786160247,5202
714786260149,5190
714786360051,5218
714786459953,5202
714786559855,5223
714786659757,5222
714786759659,5220
714786862510,8320
714786962412,5215
714787062314,5262
714787162216,5230
714787262118,5271
714787362020,5248
714787461922,5354
714787561824,5356
714787661726,5354
714787761628,5249
714787861530,5286
714787961432,5253
714788061334,5286
714788161236,5266
714788261138,5284
714788361040,5272
714788460942,5270
714788560845,5270
714788660747,5293
714788760650,5356
714788860552,5349
714788960454,5295
714789060359,5248
714789160261,5267
714789260163,5269
714789360068,5275
714789459970,5272
714789559872,5289
714789659774,5254
714789759676,5290
714789859578,5250
714789959480,5355
714790059382,5249
714790159284,5286
714790259186,5250
714790359088,5286
714790458990,5238
714790558892,5269
714790658794,5258
714790758696,5330
714790858598,5209
714790958500,5383
714791058402,5348
714791158304,5299
714791258206,5231
714791358108,5267
714791458010,5247
714791557912,5337
714791657814,5252
714791757716,5318
714791857618,5249
714791957520,5318
714792057422,5248
714792157324,5297
714792257227,5299
714792357129,5284
714792457031,5269
714792556933,5267
714792656835,5303
714792756737,5286
714792856639,5244
714792956542,5284
714793056444,5247
714793156346,5248
714793256248,5262
714793356150,5267
714793456053,5361
714793555955,5375
714793655858,5350
714793755760,5265
714793855662,5283
714793955564,5283
714794055466,5283
714794155368,5248
714794255270,5281
714794355172,5246
714794455074,5361
714794554976,5232
714794654878,5338
714794754780,5217
714794854682,5246
714794954584,5213
714795054486,5144
714795154388,5176
714795254290,5146
714795354192,5145
714795454094,5228
714795553996,5149
714795653898,5148
714795753800,5145
714795853702,5145
714795953605,5158
714796053507,5147
714796153409,5145
714796253311,5147
714796353213,5146
714796453115,5238
714796553017,5146
714796652919,5219
714796752821,5223
714796855674,8214
714796955576,5250
714797055478,5180
714797155380,5213
714797255282,5180
714797355184,5181
714797455086,5245
714797554988,5280
714797654890,5199
714797754793,5180
714797854695,5146
714797954597,5147
714798054499,5145
714798154401,5145
714798254303,5158
714798354205,5162
714798454107,5252
714798554009,5248
714798653911,5221
714798753813,5184
714798853715,5183
714798953618,5232
714799053520,5181
714799153422,5184
714799253324,5216
714799353226,5214
714799453128,5380
714799553030,5282
714799652932,5284
714799752834,5149
714799852736,5183
714799952638,5161
714800052540,5149
714800152442,5185
714800252344,5229
714800352246,5165
714800452148,5262
714800552050,5185
714800651952,5260
714800751854,5187
714800851756,5184
714800951658,5196
714801051560,5218
714801151462,5183
714801251364,5217
714801351266,5182
714801451168,5344
714801551070,5170
714801650972,5283
714801750874,5199
714801850776,5182
714801950678,5162
714802050580,5150
714802150482,5148
714802250384,5150
714802350286,5163
714802450188,5185
714802550090,5171
714802649992,5295
714802749894,5189
714802849796,5181
714802949698,5295
714803049600,5278
714803149502,5184
714803249404,5182
714803349306,5218
714803449208,5234
714803549110,5191
714803649012,5165
714803748914,5166
714803848816,5144
714803948718,5179
714804048620,5146
714804148522,5181
714804248424,5184
714804348326,5230
714804448228,5160
714804548130,5167
714804648032,5202
714804747934,5184
714804847836,5184
714804947738,5179
714805047640,5182
714805147542,5216
714805247444,5182
714805347346,5218
714805447248,5280
714805547150,5243
714805647052,5164
714805746954,5162
714805846856,5182
714805946758,5180
714806046660,5146
714806146562,5145
714806246464,5149
714806346366,5145
714806446268,5160
714806546170,5165
714806646072,5170
714806745974,5253
714806848821,8285
714806948723,5213
714807048625,5392
714807148527,5348
714807248429,5392
714807348331,5348
714807448233,5384
714807548135,5233
714807648037,5247
714807747939,5250
714807847841,5250
714807947743,5248
714808047645,5246
714808147547,5247
714808247449,5252
714808347351,5248
714808447253,5247
714808547155,5247
714808647057,5231
714808746959,5236
714808846861,5228
714808946780,5216
714809046682,5210
714809146584,5212
714809246486,5218
714809346388,5210
714809446290,5243
714809546192,5230
714809646094,5231
714809745996,5248
714809845898,5251
714809945800,5251
714810045702,5249
714810145604,5249
714810245506,5250
714810345408,5247
714810445310,5281
714810545212,5247
714810645114,5236
714810745016,5233
714810844918,5230
714810944820,5218
714811044722,5213
714811144624,5215
714811244526,5217
714811344428,5214
714811444330,5256
714811544232,5347
714811644134,5347
714811744036,5243
714811843938,5251
714811943840,5252
714812043742,5251
714812143644,5251
714812243546,5251
714812343448,5290
714812443350,5283
714812543252,5285
714812643154,5252
714812743056,5239
714812842958,5235
714812942860,5229
714813042762,5215
714813142664,5251
714813242566,5218
714813342468,5215
714813442370,5351
714813542272,5313
714813642174,5232
714813742076,5241
714813841978,5255
714813941880,5292
714814041782,5254
714814141684,5251
714814241586,5251
714814341488,5250
714814441390,5248
714814541292,5250
714814641194,5259
714814741096,5289
714814840998,5274
714814940900,5232
714815040802,5215
714815140704,5218
714815240606,5215
714815340508,5216
714815440410,5215
714815540313,5302
714815640216,5272
714815740118,5236
714815840020,5250
714815939922,5253
714816039824,5253
714816139726,5253
714816239628,5249
714816339530,5254
714816439432,5286
714816539334,5248
714816639236,5259
714816739138,5251
714816841989,8236
714816941891,5271
714817041793,5183
714817141695,5218
714817241597,5182
714817341499,5216
714817441401,5281
714817541303,5281
714817641205,5282
714817741107,5227
714817841009,5220
714817940911,5237
714818040813,5220
714818140715,5219
714818240617,5217
714818340519,5218
714818440421,5187
714818540323,5219
714818640225,5234
714818740127,5206
714818840029,5239
714818939931,5199
714819039833,5233
714819139735,5183
714819239637,5182
714819339539,5183
714819439441,5220
714819539343,5195
714819639245,5281
714819739147,5243
714819839049,5253
714819938951,5201
714820038853,5222
714820138755,5180
714820238657,5251
714820338559,5181
714820438461,5250
714820538363,5182
714820638265,5252
714820738168,5198
714820838070,5198
714820937972,5161
714821037874,5231
714821137776,5179
714821237678,5215
714821337580,5179
714821437482,5278
714821537384,5277
714821637286,5276
714821737188,5201
714821837090,5222
714821936992,5216
714822036894,5234
714822136796,5219
714822236698,5217
714822336600,5215
714822436502,5218
714822536404,5181
714822636306,5218
714822736209,5229
714822836111,5200
714822936013,5235
714823035915,5196
714823135817,5217
714823235719,5180
714823335621,5178
714823435523,5277
714823535425,5277
714823635327,5277
714823735229,5271
714823835131,5188
714823935033,5248
714824034935,5197
714824134837,5217
714824234739,5180
714824334641,5251
714824434543,5179
714824534445,5253
714824634359,5189
714824734261,5251
714824834163,5201
714824934065,5200
714825033967,5165
714825133869,5234
714825233771,5182
714825333673,5219
714825433575,5281
714825533477,5280
714825633379,5280
714825733281,5551
714825833183,5167
714825933086,5228
714826032988,5220
714826132890,5237
714826232792,5223
714826332694,5220
714826432596,5219
714826532498,5219
714826632400,5222
714826732302,5220
714826832204,5276
714826935059,8384
714827034961,5349
714827134863,5351
714827234765,5251
714827334667,5280
714827434569,5246
714827534471,5318
714827634373,5248
714827734275,5316
714827834177,5267
714827934079,5339
714828033981,5291
714828133883,5325
714828233785,5283
714828333687,5287
714828433589,5253
714828533491,5285
714828633393,5253
714828733295,5300
714828833197,5264
714828933099,5273
714829033004,5252
714829132906,5287
714829232808,5255
714829332710,5286
714829432612,5352
714829532514,5352
714829632416,5350
714829732318,5346
714829832220,5305
714829932122,5289
714830032024,5272
714830131926,5270
714830231828,5303
714830331730,5250
714830431632,5283
714830531534,5253
714830631436,5251
714830731339,5266
714830831241,5268
714830931143,5269
714831031045,5322
714831130947,5269
714831230849,5330
714831330751,5254
714831430653,5287
714831530555,5249
714831630457,5352
714831730374,5255
714831830276,5321
714831930178,5268
714832030080,5318
714832129982,5273
714832229884,5270
714832329786,5220
714832429688,5246
714832529590,5218
714832629492,5288
714832729394,5254
714832829296,5297
714832929198,5268
714833029100,5269
714833129004,5251
714833228906,5287
714833328808,5251
714833428710,5355
714833528612,5347
714833628514,5346
714833728416,5331
714833828318,5282
714833928220,5266
714834028122,5285
714834128024,5265
714834227926,5268
714834327828,5299
714834427730,5249
714834527632,5283
714834627534,5247
714834727436,5249
714834827338,5258
714834927240,5263
714835027142,5267
714835127044,5320
714835226946,5265
714835326848,5318
714835426750,5353
714835526653,5357
714835626555,5348
714835726457,5283
714835826359,5248
714835926261,5317
714836026164,5562
714836126066,5324
714836225968,5303
714836325870,5270
714836425772,5215
714836525674,5250
714836625576,5211
714836725478,5315
714836825380,5244
714836928236,8168
714837028138,5216
714837128040,5217
714837227942,5196
714837327844,5179
714837427746,5281
714837527648,5285
714837627550,5276
714837727452,5219
714837827356,5180
714837927258,5195
714838027160,5201
714838127066,5208
714838226968,5199
714838326870,5254
714838426772,5179
714838526674,5217
714838626576,5180
714838726478,5251
714838826380,5180
714838926282,5278
714839026184,5278
714839126086,5252
714839225988,5201
714839325890,5195
714839425792,5145
714839525694,5183
714839625596,5148
714839725498,5182
714839825400,5147
714839925302,5228
714840025204,5197
714840125106,5206
714840225008,5183
714840324910,5219
714840424812,5220
714840524714,5221
714840624616,5181
714840724518,5215
714840824420,5213
714840924322,5215
714841024224,5235
714841124126,5208
714841224028,5199
714841323930,5199
714841423832,5318
714841523735,5289
714841623637,5280
714841723539,5229
714841823441,5182
714841923343,5197
714842023245,5212
714842123147,5196
714842223049,5283
714842322951,5285
714842422853,5357
714842522755,5289
714842622657,5280
714842722560,5079
714842822462,5078
714842922364,5079
714843022266,5078
714843122168,5079
714843222070,5204
714843321972,5201
714843421874,5234
714843521776,5284
714843621678,5280
714843721580,5274
714843821482,5183
714843921385,5187
714844021287,5197
714844121189,5201
714844221091,5205
714844320993,5222
714844420895,5221
714844520797,5223
714844620699,5218
714844720602,5254
714844820504,5217
714844920406,5218
714845020308,5230
714845120210,5232
714845220112,5239
714845320014,5236
714845419916,5236
714845519818,5286
714845619720,5279
714845719622,5277
714845819524,5218
714845919426,5217
714846019328,5231
714846119230,5236
714846219132,5241
714846319034,5236
714846418936,5237
714846518838,5233
714846618740,5214
714846718642,5216
714846818544,5215
714846921393,8331
714847021295,5262
714847121197,5265
714847221099,5270
714847321004,5284
714847420906,5286
714847520808,5353
714847620710,5352
714847720612,5348
714847820514,5287
714847920416,5286
714848020319,5301
714848120221,5302
714848220123,5305
714848320025,5309
714848419927,5308
714848519830,5300
714848619732,5287
714848719634,5288
714848819536,5352
714848919438,5353
714849019347,5281
714849119249,5300
714849219151,5306
714849319066,5309
714849418968,5311
714849518870,5305
714849618772,5298
714849718674,5283
714849818576,5281
714849918478,5281
714850018380,5283
714850118282,5279
714850218184,5281
714850318086,5283
714850417988,5270
714850517890,5264
714850617792,5249
714850717695,5249
714850817597,5240
714850917499,5347
714851017401,5347
714851117303,5348
714851217205,5264
714851317107,5266
714851417009,5282
714851516911,5285
714851616813,5283
714851716715,5284
714851816617,5280
714851916519,5282
714852016421,5282
714852116323,5295
714852216225,5298
714852316127,5337
714852416029,5303
714852515931,5308
714852615833,5299
714852715736,5286
714852815638,5282
714852915540,5278
714853015442,5280
714853115350,5283
714853215252,5294
714853315154,5301
714853415068,5303
714853514970,5351
714853614872,5349
714853714774,5338
714853814676,5282
714853914578,5282
714854014480,5280
714854114382,5318
714854214284,5281
714854314186,5280
714854414104,5286
714854514006,5266
714854613908,5268
714854713811,5264
714854813713,5248
714854913615,5252
714855013517,5143
714855113419,5179
714855213321,5145
714855313223,5146
714855413125,5147
714855513027,5146
714855612929,5149
714855712831,5148
714855812733,5147
714855912635,5146
714856012537,5146
714856112439,5179
714856212341,5147
714856312243,5146
714856412145,5149
714856512056,5207
714856611958,5150
714856711860,5149
714856811762,5217
714856914613,8241
714857014515,5217
714857114417,5213
714857214319,5182
714857314221,5180
714857414123,5165
714857514025,5192
714857613927,5166
714857713829,5240
714857813731,5184
714857913633,5183
714858013535,5148
714858113437,5182
714858213339,5160
714858313241,5164
714858413143,5170
714858513045,5181
714858612947,5199
714858712849,5223
714858812751,5183
714858912653,5183
714859012555,5182
714859112457,5219
714859212359,5185
714859312261,5182
714859412163,5171
714859512065,5281
714859611967,5286
714859711869,5200
714859811771,5148
714859911673,5149
714860011575,5150
714860111477,5150
714860211379,5149
714860311281,5199
714860411183,5167
714860511085,5217
714860610987,5187
714860710890,5188
714860810792,5184
714860910694,5187
714861010596,5255
714861110498,5217
714861210400,5183
714861310302,5184
714861410204,5181
714861510106,5326
714861610008,5194
714861709910,5164
714861809812,5182
714861909714,5184
714862009616,5252
714862109518,5149
714862209420,5149
714862309322,5160
714862409224,5167
714862509126,5238
714862609028,5183
714862708931,5200
714862808833,5222
714862908735,5284
714863008637,5313
714863108539,5278
714863208441,5180
714863308343,5181
714863408245,5178
714863508147,5217
714863608049,5200
714863707951,5157
714863807853,5183
714863907755,5143
714864007657,5145
714864107559,5145
714864207461,5145
714864307363,5145
714864407265,5197
714864507167,5201
714864607069,5168
714864706971,5185
714864806873,5184
714864906775,5181
714865006677,5181
714865106579,5182
714865206481,5215
714865306383,5178
714865406285,5180
714865506187,5314
714865606090,5289
714865705992,5165
714865805894,5148
714865905796,5180
714866005698,5182
714866105600,5180
714866205502,5144
714866305404,5145
714866405306,5159
714866505209,5198
714866605111,5165
714866705014,5183
714866804916,5198
714866907770,8291
714867007672,5295
714867107574,5212
714867207476,5211
714867307378,5211
714867407281,5228
714867507183,5337
714867607085,5269
714867706987,5290
714867806889,5248
714867906791,5286
714868006693,5247
714868106595,5248
714868206497,5248
714868306399,5247
714868406301,5283
714868506203,5301
714868606105,5235
714868706007,5234
714868805909,5231
714868905812,5217
714869005714,5211
714869105616,5247
714869205518,5245
714869305420,5247
714869405322,5224
714869505224,5347
714869605126,5347
714869705028,5250
714869804930,5251
714869904832,5250
714870004734,5248
714870104636,5281
714870204538,5251
714870304440,5247
714870404342,5249
714870504244,5249
714870604146,5250
714870704049,5235
714870803951,5234
714870903853,5264
714871003755,5217
714871103657,5216
714871203559,5225
714871303461,5215
714871403363,5214
714871503265,5352
714871603167,5236
714871703069,5319
714871802971,5254
714871902873,5251
714872002775,5287
714872102677,5250
714872202579,5263
714872302481,5252
714872402383,5251
714872502285,5287
714872602188,5268
714872702090,5271
714872801992,5238
714872901894,5233
714873001796,5220
714873101698,5219
714873201600,5264
714873301502,5250
714873401404,5248
714873501306,5351
714873601208,5351
714873701110,5250
714873801012,5253
714873900914,5253
714874000816,5255
714874100718,5249
714874200620,5298
714874300522,5252
714874400424,5251
714874500326,5254
714874600228,5250
714874700130,5313
714874800032,5238
714874899934,5236
714874999836,5267
714875099738,5218
714875199640,5229
714875299542,5216
714875399444,5216
714875499346,5228
714875599248,5232
714875699150,5249
714875799052,5285
714875898954,5253
714875998856,5255
714876098758,5288
714876198660,5251
714876298562,5248
714876398464,5248
714876498366,5248
714876598268,5278
714876698171,5304
714876798073,5236
