3287414131168,23152
3287414231161,3240
3287414331114,3178
3287414431067,2558
3287414531019,2559
3287414630971,2560
3287414730924,2593
3287414830876,2560
3287414930829,2562
3287415030782,2558
3287415130734,2559
3287415230686,2558
3287415330638,2565
3287415430590,2559
3287415530542,2564
3287415630495,2558
3287415730448,2559
3287415830400,2558
3287415930353,2559
3287416030305,2558
3287416130257,2558
3287416230209,2557
3287416330161,2558
3287416430113,2558
3287416530066,2556
3287416630018,2559
3287416729971,2559
3287416829923,2563
3287416929875,2559
3287417029827,2562
3287417129779,2559
3287417229731,2559
3287417329684,2558
3287417429636,2559
3287417529588,2560
3287417629540,2559
3287417729493,2558
3287417829445,2560
3287417929397,2554
3287418029349,2558
3287418129301,2559
3287418229253,2557
3287418329206,2559
3287418429158,2553
3287418529110,2558
3287418629062,2558
3287418729015,2557
3287418828967,2563
3287418928919,2558
3287419028871,2595
3287419128823,2559
3287419228775,2559
3287419328727,2560
3287419428679,2563
3287419528631,2560
3287419628583,2560
3287419728536,2560
3287419828488,2558
3287419928440,2557
3287420028392,2558
3287420128344,2558
3287420228296,2556
3287420328248,2557
3287420428200,2558
3287420528152,2558
3287420628105,2553
3287420728058,2552
3287420828010,2553
3287420927962,2555
3287421027914,2554
3287421127866,2555
3287421227818,2553
3287421327770,2554
3287421427722,2554
3287421527674,2554
3287421627626,2554
3287421727578,2555
3287421827530,2656
3287421927482,2655
3287422027434,2657
3287422127386,2656
3287422227338,2678
3287422327290,2654
3287422427242,2654
3287422527194,2654
3287422627146,2655
3287422727099,2685
3287422827052,2680
3287422927004,2664
3287423026956,2659
3287423126908,2588
3287423226860,2617
3287423326812,2604
3287423426764,2594
3287423526717,2606
3287423626669,2605
3287423726621,2606
3287423826573,2624
3287423926525,2617
3287424026477,2627
3287424126429,2590
3287424226381,2590
3287424326334,2626
3287424426286,2664
3287424526238,2698
3287424626197,2686
3287424726150,2663
3287424826102,2667
3287424926054,2736
3287425026007,2699
3287425125959,2710
3287425225911,2744
3287425325863,2710
3287425425816,2729
3287425525769,2667
3287425625721,2974
3287425725674,2599
3287425825626,2593
3287425925578,2594
3287426025531,2748
3287426125484,2596
3287426225436,2617
3287426325388,2617
3287426425340,2593
3287426525292,2623
3287426625244,2605
3287426725197,2590
3287426825150,2607
3287426925102,2590
3287427025054,2605
3287427125006,2600
3287427224958,2638
3287427324910,2592
3287427424862,2593
3287427524814,2646
3287427624766,2605
3287427724719,2571
3287427824671,2597
3287427924623,2593
3287428024575,2615
3287428124527,2593
3287428224479,2592
3287428324431,2564
3287428424383,2590
3287428524335,2664
3287428624287,2594
3287428724240,2741
3287428824192,2744
3287428924144,2710
3287429024096,2590
3287429124048,2657
3287429224005,2597
3287429323957,2714
3287429423909,2661
3287429523861,2662
3287429623820,2628
3287429723773,2609
3287429823725,2599
3287429923677,2612
3287430023629,2608
3287430123582,2784
3287430223534,2624
3287430323486,2601
3287430423438,2608
3287430523390,2600
3287430623342,2596
3287430723294,2596
3287430823246,2669
3287430923198,2661
3287431023150,2661
3287431123102,2659
3287431223054,2661
3287431323006,2677
3287431422958,2746
3287431522910,2596
3287431622862,2600
3287431722814,2615
3287431822766,2630
3287431922718,2628
3287432022670,2625
3287432122622,2596
3287432222574,2612
3287432322526,2629
3287432422478,2604
3287432522430,2607
3287432622383,2616
3287432722335,2593
3287432822287,2696
3287432922239,2774
3287433022192,2667
3287433122144,2660
3287433222096,2660
3287433322048,2658
3287433422003,2659
3287433521955,2612
3287433621908,2675
3287433721861,2698
3287433821813,2696
3287433921765,2660
3287434021718,2712
3287434121670,2697
3287434221622,2703
3287434321574,2739
3287434421527,2697
3287434521479,2700
3287434621431,2714
3287434721384,2703
3287434821336,2657
3287434921289,2774
3287435021242,2787
3287435121195,2692
3287435221148,2717
3287435321100,2722
3287435421052,2735
3287435521004,2695
3287435620956,2708
3287435720944,2641
3287435820896,2604
3287435920848,2609
3287436020800,2597
3287436120752,2627
3287436220705,2601
3287436320657,2627
3287436420609,2642
3287436520562,2649
3287436620514,2622
3287436720466,2639
3287436820418,2601
3287436920371,2595
3287437020323,2598
3287437120275,2590
3287437220227,2589
3287437320179,2614
3287437420131,2593
3287437520083,2656
3287437620035,2644
3287437719988,2616
3287437819940,2598
3287437919892,2625
3287438019844,2630
3287438119797,2613
3287438219749,2637
3287438319701,2593
3287438419653,2599
3287438519605,2612
3287438619557,2640
3287438719510,2713
3287438819462,2702
3287438919414,2699
3287439019367,2717
3287439119319,2696
3287439219271,2695
3287439319224,2767
3287439419176,2768
3287439519129,2757
3287439619081,2701
3287439719033,2692
3287439818985,2718
3287439918938,2771
3287440018891,2659
3287440118844,2567
3287440218798,2679
3287440325072,8953
3287440425024,2580
3287440524976,2609
3287440624928,2579
3287440724881,2570
3287440824833,2577
3287440924785,2575
3287441024737,2580
3287441124689,2576
3287441224641,2582
3287441324593,2576
3287441424545,2577
3287441524497,2608
3287441624449,2576
3287441724401,2574
3287441824353,2572
3287441924305,2570
3287442024257,2577
3287442124209,2570
3287442224161,2573
3287442324113,2567
3287442424065,2571
3287442524017,2609
3287442623969,2574
3287442723921,2575
3287442823873,2580
3287442923825,2578
3287443023777,2577
3287443123729,2575
3287443223681,2577
3287443323633,2579
3287443423585,2574
3287443523537,2581
3287443623489,2581
3287443723441,2578
3287443823393,2649
3287443923345,2631
3287444023297,2578
3287444123249,2578
3287444223201,2576
3287444323153,2577
3287444423105,2582
3287444523058,2580
3287444623010,2578
3287444722962,2583
3287444822914,2578
3287444922866,2580
3287445022818,2582
3287445122770,2581
3287445222722,2607
3287445322674,2615
3287445422626,2577
3287445522578,2578
3287445622530,2574
3287445722482,2576
3287445822434,2576
3287445922386,2574
3287446022338,2576
3287446122290,2579
3287446222242,2575
3287446322194,2577
3287446422146,2574
3287446522098,2575
3287446622051,2576
3287446722004,2579
3287446821956,2582
3287446921908,2583
3287447021860,2581
3287447121812,2584
3287447221764,2578
3287447321716,2578
3287447421668,2580
3287447521620,2688
3287447621572,2682
3287447721525,2687
3287447821477,2704
3287447921429,2684
3287448021381,2682
3287448121334,2680
3287448221287,2694
3287448321240,2686
3287448421192,2673
3287448521144,2678
3287448621096,2673
3287448721048,2601
3287448821003,2604
3287448920955,2627
3287449020907,2628
3287449120859,2611
3287449220811,2641
3287449320763,2604
3287449420715,2562
3287449520667,2671
3287449620619,2616
3287449720571,2599
3287449820523,2604
3287449920475,2618
3287450020427,2628
3287450120379,2602
3287450220331,2613
3287450320283,2604
3287450420236,2839
3287450520189,2792
3287450620142,2786
3287450720095,2780
3287450820047,2781
3287450919999,2783
3287451019951,2795
3287451119903,2783
3287451219855,2783
3287451319807,2783
3287451419759,2781
3287451519711,2785
3287451619663,2780
3287451719615,2783
3287451819567,2784
3287451919519,2784
3287452019471,2781
3287452119423,2782
3287452219375,2783
3287452319327,2784
3287452419279,2783
3287452519231,2782
3287452619183,2782
3287452719136,2780
3287452819088,2781
3287452919040,2781
3287453018993,2792
3287453118945,2789
3287453218898,2791
3287453318850,2793
3287453418803,2789
3287453518755,2784
3287453618707,2784
3287453718660,2791
3287453818612,2668
3287453918565,2786
3287454018518,2797
3287454118471,2794
3287454218424,2794
3287454318376,2792
3287454418328,2790
3287454518280,2796
3287454618233,2788
3287454718186,2780
3287454818138,2781
3287454918090,2779
3287455018042,2780
3287455117994,2782
3287455217946,2782
3287455317898,2788
3287455417850,2784
3287455517802,2785
3287455617754,2784
3287455717707,2798
3287455817660,2726
3287455917612,2800
3287456017564,2720
3287456117516,2673
3287456217468,2673
3287456317420,2708
3287456417372,2708
3287456517324,2728
3287456617277,2737
3287456717230,2606
3287456817182,2604
3287456917134,2634
3287457017086,2626
3287457117038,2600
3287457216990,2612
3287457316969,2607
3287457416921,2669
3287457516873,2634
3287457616825,2606
3287457716777,2622
3287457816729,2602
3287457916681,2603
3287458016633,2670
3287458116585,2682
3287458216537,2621
3287458316489,2624
3287458416441,2610
3287458516393,2612
3287458616345,2730
3287458716298,2602
3287458816250,2633
3287458916203,2671
3287459016155,2602
3287459116107,2600
3287459216059,2624
3287459316011,2689
3287459415963,2609
3287459515915,2610
3287459615867,2655
3287459715819,2640
3287459815771,2605
3287459915723,2567
3287460015675,2661
3287460115627,2681
3287460215579,2679
3287460315532,2704
3287460415484,2672
3287460515436,2567
3287460615388,2644
3287460715341,2616
3287460815293,2629
3287460915245,2615
3287461015197,2743
3287461115149,2612
3287461215101,2642
3287461315053,2669
3287461415005,2601
3287461514957,2681
3287461614909,2676
3287461714862,2667
3287461814814,2646
3287461914766,2641
3287462014718,2670
3287462114670,2679
3287462214622,2660
3287462314574,2649
3287462414526,2684
3287462514479,2764
3287462614431,2754
3287462714384,2623
3287462814336,2646
3287462914288,2641
3287463014240,2657
3287463114192,2642
3287463214145,2716
3287463314097,2735
3287463414049,2601
3287463514006,2672
3287463613958,2615
3287463713911,2733
3287463813863,2757
3287463913816,2582
3287464013770,2655
3287464120041,8922
3287464219993,2566
3287464319945,2571
3287464419897,2564
3287464519849,2568
3287464619801,2565
3287464719754,2566
3287464819706,2567
3287464919658,2568
3287465019610,2565
3287465119562,2580
3287465219514,2568
3287465319466,2563
3287465419418,2558
3287465519371,2560
3287465619323,2558
3287465719275,2559
3287465819227,2563
3287465919179,2560
3287466019131,2559
3287466119083,2558
3287466219036,2565
3287466318988,2566
3287466418940,2565
3287466518892,2564
3287466618844,2564
3287466718797,2566
3287466818750,2566
3287466918702,2566
3287467018655,2568
3287467118607,2564
3287467218559,2565
3287467318511,2564
3287467418463,2563
3287467518415,2559
3287467618367,2561
3287467718320,2560
3287467818272,2564
3287467918224,2559
3287468018176,2558
3287468118128,2561
3287468218080,2561
3287468318032,2562
3287468417984,2565
3287468517937,2564
3287468617889,2574
3287468717842,2571
3287468817794,2565
3287468917746,2567
3287469017698,2565
3287469117650,2565
3287469217603,2667
3287469317556,2667
3287469417508,2674
3287469517461,2666
3287469617413,2666
3287469717366,2689
3287469817318,2665
3287469917270,2664
3287470017222,2665
3287470117174,2665
3287470217127,2655
3287470317079,2662
3287470417031,2642
3287470516983,2592
3287470616935,2596
3287470716888,2595
3287470816840,2595
3287470916792,2590
3287471016744,2641
3287471116696,2596
3287471216648,2591
3287471316601,2595
3287471416553,2614
3287471516505,2596
3287471616457,2591
3287471716410,2612
3287471816362,2594
3287471916314,2588
3287472016267,2598
3287472116219,2589
3287472216171,2635
3287472316123,2659
3287472416075,2589
3287472516027,2627
3287472615979,2590
3287472715932,2593
3287472815884,2630
3287472915836,2605
3287473015788,2594
3287473115740,2614
3287473215692,2591
3287473315644,2595
3287473415596,2591
3287473515548,2600
3287473615500,2609
3287473715452,2592
3287473815404,2605
3287473915356,2615
3287474015309,2595
3287474115261,2587
3287474215213,2631
3287474315165,2594
3287474415117,2593
3287474515069,2603
3287474615021,2588
3287474714974,2625
3287474814926,2609
3287474914878,2598
3287475014841,2606
3287475114793,2613
3287475214745,2607
3287475314697,2591
3287475414649,2590
3287475514601,2611
3287475614553,2608
3287475714505,2601
3287475814457,2597
3287475914409,2615
3287476014361,2591
3287476114313,2589
3287476214266,2598
3287476314218,2595
3287476414170,2594
3287476514122,2594
3287476614074,2594
3287476714027,2596
3287476813979,2596
3287476913931,2593
3287477013884,2602
3287477113837,2595
3287477213789,2602
3287477313741,2652
3287477413693,2594
3287477513645,2604
3287477613597,2618
3287477713549,2594
3287477813501,2621
3287477913453,2599
3287478013406,2606
3287478113358,2608
3287478213310,2593
3287478313262,2592
3287478413214,2611
3287478513166,2605
3287478613118,2593
3287478713071,2596
3287487461034,5593
3287487560990,3193
3287487667266,9562
3287487767218,3193
3287487867170,3187
3287487967122,2568
3287488067074,2569
3287488167026,2565
3287488266978,2569
3287488366930,2572
3287488466882,2571
3287488566834,2567
3287488666786,2573
3287488766738,2573
3287488866690,2573
3287488966642,2572
3287489066594,2575
3287489166546,2574
3287489266498,2573
3287489366450,2574
3287489466402,2611
3287489566354,2572
3287489666306,2570
3287489766258,2571
3287489866210,2572
3287489966162,2572
3287490066114,2571
3287490166067,2622
3287490266019,2573
3287490365971,2577
3287490465923,2577
3287490565875,2577
3287490665827,2583
3287490765779,2570
3287490865731,2569
3287490965683,2572
3287491065635,2571
3287491165587,2569
3287491265539,2567
3287491365491,2567
3287491465443,2570
3287491565395,2566
3287491665347,2565
3287491765299,2568
3287491865251,2565
3287491965203,2567
3287492065155,2566
3287492165107,2567
3287492265059,2566
3287492365011,2567
3287492464963,2569
3287492564915,2570
3287492664867,2604
3287492764819,2671
3287492864771,2679
3287492964723,2849
3287493064675,2859
3287493164627,2723
3287493264579,2787
3287493364531,2678
3287493464483,2680
3287493564435,2682
3287493664387,2681
3287493764339,2676
3287493864291,2620
3287493964243,2602
3287494064195,2604
3287494164147,2601
3287494264099,2608
3287494364051,2606
3287494464005,2598
3287494563957,2617
3287494663909,2654
3287494763862,2629
3287494863814,2673
3287494963766,2673
3287495063718,2667
3287495163670,2629
3287495263622,2643
3287495363574,2612
3287495463526,2601
3287495563478,2603
3287495663430,2567
3287495763382,2603
3287495863334,2647
3287495963286,2605
3287496063238,2623
3287496163190,2618
3287496263142,2678
3287496363094,2612
3287496463046,2609
3287496562998,2624
3287496662950,2639
3287496762903,2630
3287496862855,2604
3287496962807,2611
3287497062759,2606
3287497162711,2644
3287497262663,2619
3287497362615,2628
3287497462567,2675
3287497562519,2678
3287497662471,2605
3287497762423,2610
3287497862375,2610
3287497962327,2639
3287498062279,2603
3287498162231,2620
3287498262183,2621
3287498362135,2625
3287498462087,2608
3287498562039,2619
3287498661991,2640
3287498761943,2606
3287498861895,2616
3287498961847,2605
3287499061800,2622
3287499161752,2600
3287499261704,2606
3287499361656,2632
3287499461608,2683
3287499561560,2674
3287499661512,2672
3287499761464,2680
3287499861416,2611
3287499961368,2606
3287500061320,2600
3287500161272,2633
3287500261224,2601
3287500361176,2599
3287500461139,2613
3287500561091,2605
3287500661043,2637
3287500760995,2600
3287500860947,2630
3287500960899,2605
3287501060851,2601
3287501160803,2621
3287501260755,2607
3287501360707,2629
3287501460659,2606
3287501560611,2606
3287501660563,2606
3287501760515,2632
3287501860467,2623
3287501960419,2604
3287502060371,2606
3287502160323,2605
3287502260275,2606
3287502360227,2600
3287502460179,2605
3287502560131,2603
3287502660083,2640
3287502760035,2599
3287502859987,2622
3287502959939,2640
3287503059891,2607
3287503159843,2601
3287503259795,2620
3287503359747,2641
3287503459699,2671
3287503559651,2605
3287503659603,2605
3287503759555,2605
3287503859507,2605
3287503959459,2610
3287504059412,2621
3287504159364,2603
3287504259316,2600
3287504359270,2613
3287504459222,2638
3287504559175,2614
3287504659127,2640
3287504759079,2602
3287504859031,2627
3287504958983,2601
3287505058935,2616
3287505158887,2650
3287505258839,2651
3287505358791,2642
3287505458743,2677
3287505558695,2670
3287505658647,2670
3287505758599,2672
3287505858551,2676
3287505958503,2673
3287506058455,2636
3287506158407,2644
3287506258359,2617
3287506358311,2609
3287506458263,2641
3287506558215,2639
3287506658167,2683
3287506758120,2643
3287506858072,2644
3287506958024,2670
3287507057976,2672
3287507157928,2672
3287507257880,2671
3287507357832,2672
3287507457784,2624
3287507557736,2643
3287507657688,2644
3287507757640,2639
3287507857592,2641
3287507957545,2649
3287508057497,2600
3287508157449,2640
3287508257401,2658
3287508357353,2638
3287508457305,2623
3287508557257,2638
3287508657209,2678
3287508757161,2640
3287508857113,2639
3287508957065,2639
3287509063706,5681
3287509163661,2659
3287509269933,8922
3287509369886,2565
3287509469838,2562
3287509569790,2564
3287509669742,2566
3287509769694,2743
3287509869646,2564
3287509969598,2565
3287510069550,2564
3287510169502,2565
3287510269454,2564
3287510369406,2563
3287510469358,2634
3287510569310,2564
3287510669262,2560
3287510769214,2562
3287510869166,2578
3287510969118,2562
3287511069070,2562
3287511169022,2563
3287511268974,2606
3287511368926,2572
3287511468878,2563
3287511568830,2568
3287511668782,2568
3287511768734,2569
3287511868686,2568
3287511968638,2567
3287512068590,2567
3287512168542,2571
3287512268494,2567
3287512368446,2566
3287512468398,2563
3287512568350,2563
3287512668303,2565
3287512768255,2562
3287512868207,2564
3287512968159,2567
3287513068111,2564
3287513168063,2564
3287513268015,2565
3287513367967,2568
3287513467919,2567
3287513567871,2565
3287513667823,2567
3287513767776,2571
3287513867728,2563
3287513967680,2567
3287514067632,2564
3287514167584,2565
3287514267536,2670
3287514367488,2668
3287514467440,2667
3287514567392,2673
3287514667345,2675
3287514767297,2722
3287514867249,2793
3287514967204,2839
3287515067156,2773
3287515167108,2860
3287515267060,2748
3287515367012,2594
3287515466964,2658
3287515566916,2675
3287515666868,2611
3287515766820,2626
3287515866772,2612
3287515966724,2596
3287516066676,2596
3287516166628,2595
3287516266581,2593
3287516366533,2610
3287516466485,2591
3287516566437,2611
3287516666389,2622
3287516766341,2594
3287516866293,2588
3287516966245,2603
3287517066197,2607
3287517166149,2595
3287517266101,2590
3287517366053,2615
3287517466005,2656
3287517565957,2658
3287517665909,2659
3287517765861,2658
3287517865813,2595
3287517965765,2596
3287518065717,2590
3287518165670,2599
3287518265622,2590
3287518365574,2590
3287518465526,2632
3287518565478,2597
3287518665430,2628
3287518765382,2630
3287518865334,2657
3287518965286,2656
3287519065239,2756
3287519165191,2592
3287519265143,2611
3287519365095,2590
3287519465047,2593
3287519564999,2602
3287519664951,2615
3287519764903,2593
3287519864855,2596
3287519964807,2619
3287520064759,2595
3287520164711,2621
3287520264663,2590
3287520364615,2635
3287520464567,2596
3287520564519,2686
3287520664471,2638
3287520764423,2631
3287520864375,2613
3287520964327,2553
3287521064279,2590
3287521164231,2623
3287521264183,2598
3287521364135,2593
3287521464087,2656
3287521564039,2656
3287521663991,2599
3287521763943,2635
3287521863895,2594
3287521963847,2601
3287522063799,2602
3287522163751,2594
3287522263703,2639
3287522363655,2594
3287522463608,2600
3287522563560,2627
3287522663512,2629
3287522763465,2602
3287522863417,2594
3287522963369,2608
3287523063322,2608
3287523163274,2596
3287523263226,2593
3287523363179,2618
3287523463131,2662
3287523563083,2661
3287523663035,2666
3287523762987,2601
3287523862939,2598
3287523962891,2595
3287524062843,2595
3287524162795,2595
3287524262747,2635
3287524362699,2612
3287524462651,2594
3287524562603,2621
3287524662555,2614
3287524762507,2599
3287524862459,2615
3287524962411,2607
3287525062363,2598
3287525162315,2582
3287525262280,2596
3287525362232,2591
3287525462184,2660
3287525562136,2671
3287525662088,2659
3287525762040,2593
3287525861992,2607
3287525961944,2599
3287526061896,2611
3287526161848,2598
3287526261800,2611
3287526361752,2607
3287526461704,2594
3287526561656,2600
3287526661608,2637
3287526761560,2637
3287526861512,2593
3287526961464,2673
3287527061416,2612
3287527161368,2594
3287527261320,2595
3287527361272,2605
3287527461224,2656
3287527561176,2655
3287527661128,2594
3287527761080,2642
3287527861032,2589
3287527960984,2602
3287528060936,2595
3287528160889,2605
3287528260841,2606
3287528360793,2591
3287528460746,2612
3287528560698,2596
3287528660650,2627
3287528760603,2610
3287528860555,2612
3287528960507,2613
3287529060459,2595
3287529160411,2594
3287529260363,2609
3287529360315,2589
3287529460267,2657
3287529560219,2656
3287529660171,2588
3287529760123,2627
3287529860075,2590
3287529960027,2609
3287530059979,2608
3287530159931,2600
3287530259883,2591
3287530359835,2594
3287530459787,2632
3287532494784,5604
3287532594739,3186
3287532701054,9622
3287532801008,3188
3287532900960,3194
3287533000912,2571
3287533100864,2570
3287533200816,2569
3287533300768,2571
3287533400720,2571
3287533500672,2568
3287533600624,2570
3287533700576,2569
3287533800528,2576
3287533900480,2570
3287534000432,2572
3287534100384,2567
3287534200336,2567
3287534300288,2567
3287534400240,2567
3287534500192,2566
3287534600144,2566
3287534700096,2604
3287534800048,2569
3287534900002,2568
3287534999954,2572
3287535099906,2625
3287535199858,2569
3287535299810,2569
3287535399762,2567
3287535499714,2566
3287535599666,2572
3287535699618,2567
3287535799570,2570
3287535899522,2569
3287535999474,2569
3287536099426,2568
3287536199378,2567
3287536299330,2568
3287536399282,2569
3287536499234,2567
3287536599186,2568
3287536699138,2606
3287536799090,2566
3287536899042,2569
3287536998994,2570
3287537098946,2571
3287537198898,2570
3287537298850,2569
3287537398802,2568
3287537498754,2569
3287537598706,2844
3287537698658,2673
3287537798610,2672
3287537898562,2672
3287537998514,2673
3287538098466,2673
3287538198418,2672
3287538298370,2673
3287538398322,2672
3287538498274,2670
3287538598226,2692
3287538698179,2626
3287538798131,2565
3287538898083,2630
3287538998035,2644
3287539097987,2628
3287539197939,2601
3287539297891,2606
3287539397843,2613
3287539497795,2669
3287539597747,2615
3287539697700,2664
3287539797652,2628
3287539897604,2600
3287539997556,2599
3287540097508,2620
3287540197460,2630
3287540297412,2623
3287540397364,2598
3287540497316,2604
3287540597268,2624
3287540697220,2601
3287540797172,2622
3287540897124,2625
3287540997076,2601
3287541097028,2614
3287541196980,2621
3287541296932,2603
3287541396884,2602
3287541496836,2672
3287541596788,2668
3287541696740,2644
3287541796692,2624
3287541896644,2603
3287541996596,2604
3287542096548,2642
3287542196500,2566
3287542296452,2630
3287542396404,2602
3287542496362,2599
3287542596314,2605
3287542696267,2612
3287542796219,2606
3287542896171,2670
3287542996123,2669
3287543096075,2608
3287543196027,2600
3287543295979,2692
3287543395931,2599
3287543495883,2617
3287543595835,2601
3287543695787,2639
3287543795739,2623
3287543895691,2601
3287543995643,2603
3287544095595,2628
3287544195547,2620
3287544295499,2605
3287544395451,2602
3287544495403,2625
3287544595355,2618
3287544695319,2605
3287544795271,2604
3287544895223,2637
3287544995175,2607
3287545095127,2602
3287545195079,2625
3287545295031,2601
3287545394983,2607
3287545494935,2672
3287545594887,2668
3287545694839,2599
3287545794791,2607
3287545894743,2616
3287545994695,2602
3287546094647,2604
3287546194599,2606
3287546294551,2621
3287546394503,2599
3287546494455,2599
3287546594407,2661
3287546694359,2664
3287546794311,2597
3287546894263,2623
3287546994215,2612
3287547094167,2602
3287547194119,2603
3287547294071,2617
3287547394023,2606
3287547493975,2674
3287547593927,2648
3287547693879,2624
3287547793831,2606
3287547893783,2603
3287547993735,2624
3287548093687,2639
3287548193639,2612
3287548293591,2604
3287548393543,2626
3287548493495,2608
3287548593447,2607
3287548693400,2646
3287548793352,2606
3287548893304,2611
3287548993256,2604
3287549093208,2602
3287549193160,2630
3287549293112,2602
3287549393064,2611
3287549493016,2672
3287549592968,2606
3287549692920,2618
3287549792872,2606
3287549892824,2626
3287549992776,2672
3287550092728,2676
3287550192680,2647
3287550292632,2627
3287550392584,2649
3287550492536,2644
3287550592488,2651
3287550692440,2631
3287550792392,2634
3287550892344,2643
3287550992296,2641
3287551092248,2645
3287551192200,2568
3287551292152,2644
3287551392104,2644
3287551492056,2672
3287551592008,2673
3287551691960,2710
3287551791912,2674
3287551891864,2674
3287551991816,2674
3287552091768,2675
3287552191720,2650
3287552291672,2626
3287552391624,2645
3287552491576,2631
3287552591528,2644
3287552691480,2626
3287552791432,2648
3287552891384,2648
3287552991336,2635
3287553091288,2639
3287553191240,2597
3287553291192,2641
3287553391144,2621
3287553491096,2670
3287553591048,2666
3287553691002,2703
3287553790954,2672
3287553890906,2601
3287553990860,2685
3287554097159,9015
3287554197111,2613
3287554297067,2613
3287554397019,2626
3287554496971,2629
3287554596923,2629
3287554696875,2628
3287554796827,2627
3287554896779,2663
3287554996731,2628
3287555096683,2614
3287555196635,2613
3287555296587,2610
3287555396539,2610
3287555496491,2605
3287555596443,2592
3287555696395,2628
3287555796347,2590
3287555896299,2603
3287555996251,2591
3287556096203,2608
3287556196155,2589
3287556296107,2612
3287556396059,2592
3287556496011,2663
3287556595963,2592
3287556695915,2627
3287556795867,2594
3287556895819,2629
3287556995771,2591
3287557095723,2631
3287557195675,2593
3287557295627,2650
3287557395579,2592
3287557495531,2629
3287557595483,2593
3287557695435,2647
3287557795387,2556
3287557895339,2557
3287557995291,2590
3287558095243,2640
3287558195195,2610
3287558295147,2645
3287558395099,2612
3287558495051,2660
3287558595004,2625
3287558694956,2698
3287558794908,2629
3287558894860,2660
3287558994812,2626
3287559094764,2681
3287559194716,2718
3287559294668,2704
3287559394620,2659
3287559494572,2658
3287559594524,2659
3287559694476,2659
3287559794428,2660
3287559894380,2660
3287559994332,2657
3287560094284,2553
3287560194236,2657
3287560294188,2591
3287560394140,2589
3287560494092,2616
3287560594044,2589
3287560693996,2647
3287560793948,2664
3287560893900,2662
3287560993852,2657
3287561093804,2600
3287561193756,2598
3287561293708,2593
3287561393660,2604
3287561493612,2619
3287561593564,2594
3287561693516,2598
3287561793469,2604
3287561893421,2601
3287561993373,2597
3287562093325,2619
3287562193277,2667
3287562293229,2615
3287562393181,2592
3287562493133,2603
3287562593085,2617
3287562693037,2658
3287562792989,2557
3287562892941,2598
3287562992893,2611
3287563092845,2596
3287563192797,2656
3287563292749,2610
3287563392701,2598
3287563492653,2651
3287563592605,2661
3287563692557,2699
3287563792509,2594
3287563892461,2596
3287563992413,2617
3287564092365,2628
3287564192317,2597
3287564292269,2598
3287564392221,2596
3287564492173,2593
3287564592125,2649
3287564692077,2600
3287564792029,2596
3287564891981,2632
3287564991933,2557
3287565091885,2601
3287565191837,2640
3287565291789,2598
3287565391741,2597
3287565491693,2661
3287565591645,2661
3287565691597,2654
3287565791549,2598
3287565891501,2598
3287565991453,2593
3287566091405,2580
3287566191357,2591
3287566291309,2619
3287566391261,2606
3287566491213,2592
3287566591165,2588
3287566691118,2603
3287566791070,2589
3287566891022,2656
3287566990974,2660
3287567090926,2658
3287567190878,2595
3287567290830,2596
3287567390782,2609
3287567490734,2594
3287567590686,2596
3287567690638,2667
3287567790590,2597
3287567890542,2619
3287567990494,2594
3287568090446,2592
3287568190398,2615
3287568290350,2617
3287568390302,2591
3287568490254,2657
3287568590206,2590
3287568690158,2609
3287568790110,2697
3287568890062,2610
3287568990014,2641
3287569089966,2613
3287569189919,2608
3287569289871,2597
3287569389823,2608
3287569489775,2657
3287569589727,2652
3287569689679,2676
3287569789631,2618
3287569889583,2659
3287569989535,2598
3287570089487,2596
3287570189439,2592
3287570289391,2594
3287570389343,2612
3287570489295,2599
3287570589247,2589
3287570689200,2594
3287570789152,2594
3287570889104,2589
3287570989056,2589
3287571089008,2629
3287571188960,2589
3287571288912,2611
3287571388864,2668
3287571488816,2657
3287571588768,2661
3287571688720,2694
3287571788672,2627
3287571888624,2596
3287571988576,2603
3287572088528,2595
3287572188480,2595
3287572288432,2596
3287572388384,2615
3287572488336,2593
3287572588288,2593
3287572688241,2597
3287572788193,2613
3287572888145,2628
3287572988097,2588
3287573088049,2596
3287573188003,2593
3287573287955,2628
3287573387907,2610
3287573487859,2658
3287573587811,2663
3287573687763,2694
3287573787715,2611
3287573887667,2641
3287573987619,2594
3287574087572,2616
3287574187524,2591
3287574287476,2591
3287574387428,2615
3287574487380,2592
3287574587332,2613
3287574687284,2591
3287574787236,2588
3287574887188,2618
3287574987140,2616
3287575087092,2625
3287575187044,2590
3287575286996,2596
3287575386948,2613
3287575486900,2659
3287575586852,2659
3287577302846,4026
3287577402801,3194
3287577509074,9559
3287577609026,3188
3287577708978,3193
3287577808930,3192
3287577908882,3194
3287578008834,3192
3287578108786,3188
3287578208738,3190
3287578308690,3194
3287578408642,3189
3287578508595,3194
3287578608547,3187
3287578708500,3188
3287578808452,3184
3287578908404,3186
3287579008356,3192
3287579108309,3189
3287579208261,3194
3287579308214,3193
3287579408166,3187
3287579508118,3188
3287579608070,3191
3287579708023,3202
3287579807975,3198
3287579907927,3245
3287580007879,3193
3287580107831,3191
3287580207783,3188
3287580307736,3190
3287580407688,3190
3287580507640,3188
3287580607592,3189
3287580707545,3190
3287580807497,3185
3287580907449,3196
3287581007401,3191
3287581107353,3189
3287581207305,3189
3287581307257,3188
3287581407209,3191
3287581507161,3184
3287581607113,3191
3287581707065,3190
3287581807017,3187
3287581906969,3190
3287582006921,3216
3287582106873,3196
3287582206825,3195
3287582306777,3185
3287582406730,3199
3287582506683,3193
3287582606636,3192
3287582706589,3189
3287582806542,3194
3287582906495,3196
3287583006448,3205
3287583106401,3192
3287583206354,3189
3287583306307,3194
3287583406260,3190
3287583506213,3188
3287583606166,3190
3287583706119,3192
3287583806072,3188
3287583906025,3195
3287584005978,3218
3287584105931,3198
3287584205884,3202
3287584305837,3201
3287584405790,3197
3287584505743,3196
3287584605696,3195
3287584705649,3190
3287584805602,3185
3287584905555,3185
3287585005507,3196
3287585105459,3181
3287585205412,3185
3287585305365,3186
3287585405318,3183
3287585505271,3184
3287585605223,3185
3287585705176,3180
3287585805128,3181
3287585905080,3181
3287586005032,3196
3287586104984,3182
3287586204936,3190
3287586304889,3186
3287586404842,3187
3287586504795,3183
3287586604748,3189
3287586704701,3188
3287586804653,3193
3287586904605,3185
3287587004557,3204
3287587104509,3187
3287587204461,3185
3287587304413,3184
3287587404365,3182
3287587504317,3183
3287587604269,3186
3287587704221,3183
3287587804173,3185
3287587904125,3184
3287588004077,3200
3287588104030,3184
3287588203982,3206
3287588303934,3197
3287588403886,3194
3287588503838,3191
3287588603791,3191
3287588703744,3202
3287588803696,3186
3287588903648,3185
3287589003600,3189
3287589103552,3197
3287589203504,3207
3287589303457,3189
3287589403410,3191
3287589503362,3188
3287589603314,3192
3287589703266,3214
3287589803218,3189
3287589903170,3189
3287590003122,3193
3287590103074,3180
3287590203026,2581
3287590302978,2712
3287590402930,2711
3287590502882,2675
3287590602834,2721
3287590702787,2709
3287590802739,2724
3287590902691,2676
3287591002643,2760
3287591102595,2713
3287591202547,2688
3287591302499,2711
3287591402451,2684
3287591502403,2675
3287591602355,2748
3287591702308,2766
3287591802260,2709
3287591902212,2674
3287592002164,2690
3287592102116,2718
3287592202068,2757
3287592302020,2741
3287592401972,2674
3287592501924,2711
3287592601876,2677
3287592701829,2726
3287592801781,2721
3287592901733,2675
3287593001685,2678
3287593101637,2711
3287593201589,2690
3287593301541,2711
3287593401493,2712
3287593501445,2692
3287593601397,2674
3287593701349,2694
3287593801301,2687
3287593901253,2706
3287594001205,2703
3287594101157,2702
3287594201109,2670
3287594301061,2704
3287594401013,2704
3287594500965,2672
3287594600917,2709
3287594700869,2707
3287594800821,2706
3287594900773,2672
3287595000725,2674
3287595100677,2669
3287595200636,2823
3287595300588,2715
3287595400540,2743
3287595500492,2740
3287595600444,2708
3287595700396,2672
3287595800348,2784
3287595900304,2780
3287596000256,2705
3287596100208,2704
3287596200160,2670
3287596300112,2668
3287596400064,2669
3287596500016,2705
3287596599968,2708
3287596699921,2742
3287596799873,2674
3287596899826,2673
3287596999778,2564
3287597099730,2783
3287597199682,2690
3287597299634,2674
3287597399586,2710
3287597499538,2672
3287597599490,2730
3287597699442,2673
3287597799394,2708
3287597899346,2674
3287597999298,2686
3287598099250,2756
3287598199202,2670
3287598299154,2692
3287598399106,2750
3287598499058,2695
3287598599010,2684
3287598698963,2711
3287599044873,5609
3287599144827,2644
3287599251099,8914
3287599351051,2555
3287599451003,2559
3287599550955,2872
3287599650907,2557
3287599750859,2558
3287599850811,2559
3287599950763,2559
3287600050715,2561
3287600150667,2567
3287600250619,2564
3287600350571,2567
3287600450523,2570
3287600550475,2561
3287600650427,2559
3287600750380,2559
3287600850332,2561
3287600950284,2560
3287601050236,2558
3287601150188,2560
3287601250140,2561
3287601350092,2559
3287601450044,2558
3287601549996,2566
3287601649948,2562
3287601749900,2560
3287601849852,2562
3287601949804,2563
3287602049756,2564
3287602149708,2565
3287602249660,2564
3287602349612,2562
3287602449564,2562
3287602549516,2561
3287602649468,2561
3287602749421,2559
3287602849373,2563
3287602949325,2558
3287603049277,2560
3287603149229,2559
3287603249181,2649
3287603349133,2559
3287603449085,2561
3287603549037,2562
3287603648989,2573
3287603748941,2565
3287603848893,2565
3287603948845,2564
3287604048797,2566
3287604148749,2630
3287604248702,2780
3287604348657,2734
3287604448609,2778
3287604548561,2822
3287604648513,2816
3287604748466,2809
3287604848418,2772
3287604948370,2738
3287605048322,2772
3287605148274,2770
3287605248227,2770
3287605348179,2770
3287605448131,2768
3287605548083,2768
3287605648035,2767
3287605747987,2771
3287605847939,2771
3287605947891,2771
3287606047843,2771
3287606147795,2771
3287606247747,2772
3287606347699,2771
3287606447651,2770
3287606547603,2829
3287606647555,2801
3287606747508,2814
3287606847460,2759
3287606947413,2877
3287607047365,2830
3287607147317,2773
3287607247270,2772
3287607347222,2767
3287607447174,2767
3287607547126,2768
3287607647078,2787
3287607747030,2804
3287607846982,2801
3287607946934,2791
3287608046886,2769
3287608146838,2697
3287608246790,2662
3287608346742,2672
3287608446694,2694
3287608546646,2696
3287608646598,2697
3287608746551,2660
3287608846503,2661
3287608946455,2697
3287609046407,2696
3287609146360,2661
3287609246312,2658
3287609346264,2658
3287609446216,2657
3287609546168,2694
3287609646120,2657
3287609746073,2659
3287609846025,2694
3287609945978,2662
3287610045930,2695
3287610145882,2660
3287610245834,2661
3287610345786,2698
3287610445738,2656
3287610545690,2656
3287610645643,2789
3287610745596,2733
3287610845549,2674
3287610945501,2697
3287611045453,2697
3287611145405,2704
3287611245357,2699
3287611345309,2731
3287611445261,2693
3287611545213,2657
3287611645165,2672
3287611745117,2709
3287611845069,2692
3287611945021,2692
3287612044973,2679
3287612144925,2697
3287612244877,2696
3287612344829,2701
3287612444781,2660
3287612544733,2663
3287612644685,2662
3287612744637,2661
3287612844589,2665
3287612944541,2697
3287613044493,2771
3287613144445,2661
3287613244397,2663
3287613344349,2662
3287613444301,2694
3287613544253,2682
3287613644205,2658
3287613744157,2729
3287613844109,2693
3287613944061,2658
3287614044013,2656
3287614143965,2699
3287614243917,2664
3287614343869,2663
3287614443821,2664
3287614543773,2682
3287614643725,2701
3287614743678,2702
3287614843631,2718
3287614943583,2662
3287615043535,2663
3287615143487,2699
3287615243439,2669
3287615343391,2663
3287615443343,2700
3287615543295,2662
3287615643248,2680
3287615743200,2662
3287615843152,2661
3287615943104,2698
3287616043057,2662
3287616143009,2666
3287616242961,2660
3287616342913,2660
3287616442865,2700
3287616542817,2698
3287616642769,2667
3287616742722,2701
3287616842674,2700
3287616942627,2701
3287617042579,2752
3287617142531,2699
3287617242483,2700
3287617342435,2663
3287617442387,2701
3287617542339,2665
3287617642291,2698
3287617742243,2662
3287617842195,2664
3287617942147,2697
3287618042099,2713
3287618142051,2697
3287618242004,2705
3287618341956,2667
3287618441908,2664
3287618541860,2699
3287618641813,2701
3287618741765,2713
3287618841718,2688
3287618941670,2698
3287619041622,2697
3287619141574,2664
3287619241526,2663
3287619341478,2699
3287619441430,2700
3287619541382,2679
3287619641334,2657
3287619741286,2657
3287619841238,2659
3287619941190,2660
3287620041143,2708
3287620141095,2659
3287620241047,2659
3287620340999,2659
3287620440951,2696
3287620540903,2694
3287622967402,5595
3287623067365,3189
3287623173758,9688
3287623273710,3192
3287623373662,3189
3287623473614,3191
3287623573566,2572
3287623673518,2575
3287623773470,2576
3287623873422,2572
3287623973374,2607
3287624073326,2583
3287624173278,2587
3287624273230,2584
3287624373182,2582
3287624473134,2570
3287624573086,2570
3287624673039,2573
3287624772991,2575
3287624872943,2574
3287624972895,2608
3287625072847,2575
3287625172799,2574
3287625272751,2580
3287625372703,2611
3287625472655,2574
3287625572607,2616
3287625672559,2581
3287625772511,2573
3287625872463,2575
3287625972415,2610
3287626072367,2572
3287626172319,2571
3287626272271,2574
3287626372223,2578
3287626472175,2570
3287626572127,2570
3287626672079,2570
3287626772031,2573
3287626871983,2577
3287626971935,2609
3287627071887,2572
3287627171839,2573
3287627271791,2574
3287627371743,2573
3287627471695,2574
3287627571647,2575
3287627671599,2569
3287627771551,2569
3287627871503,2571
3287627971455,2584
3287628071407,2609
3287628171359,2676
3287628271311,2669
3287628371263,2668
3287628471215,2714
3287628571167,2669
3287628671119,2693
3287628771071,2669
3287628871023,2669
3287628970975,2768
3287629070927,2670
3287629170879,2671
3287629270831,2599
3287629370783,2616
3287629470735,2618
3287629570687,2565
3287629670639,2641
3287629770591,2608
3287629870543,2609
3287629970495,2641
3287630070447,2916
3287630170400,2627
3287630270352,2605
3287630370304,2602
3287630470256,2613
3287630570208,2638
3287630670161,2616
3287630770113,2605
3287630870065,2606
3287630970017,2604
3287631069969,2603
3287631169921,2620
3287631269873,2605
3287631369825,2623
3287631469777,2602
3287631569729,2603
3287631669681,2627
3287631769633,2607
3287631869585,2604
3287631969537,2604
3287632069489,2627
3287632169441,2601
3287632269393,2601
3287632369345,2626
3287632469297,2606
3287632569249,2605
3287632669201,2606
3287632769153,2621
3287632869105,2604
3287632969057,2613
3287633069009,2620
3287633168961,2608
3287633268913,2602
3287633368865,2600
3287633468817,2613
3287633568769,2611
3287633668721,2600
3287633768673,2624
3287633868625,2609
3287633968577,2607
3287634068529,2627
3287634168481,2617
3287634268433,2607
3287634368385,2600
3287634468337,2601
3287634568289,2601
3287634668241,2598
3287634768193,2617
3287634868145,2639
3287634968097,2602
3287635068049,2606
3287635168002,2611
3287635267954,2601
3287635367906,2607
3287635467858,2601
3287635567810,2599
3287635667762,2604
3287635767714,2648
3287635867666,2600
3287635967618,2609
3287636067570,2606
3287636167522,2606
3287636267474,2603
3287636367426,2602
3287636467378,2627
3287636567330,2602
3287636667282,2624
3287636767234,2598
3287636867186,2639
3287636967138,2624
3287637067090,2600
3287637167042,2600
3287637266994,2625
3287637366946,2621
3287637466898,2604
3287637566850,2604
3287637666802,2606
3287637766754,2717
3287637866706,2641
3287637966658,2605
3287638066610,2626
3287638166562,2600
3287638266514,2607
3287638366466,2623
3287638466418,2611
3287638566370,2605
3287638666322,2612
3287638766274,2625
3287638866226,2604
3287638966178,2614
3287639066130,2603
3287639166082,2661
3287639266034,2624
3287639365986,2608
3287639465938,2640
3287639565890,2620
3287639665842,2603
3287639765794,2599
3287639865746,2635
3287639965698,2624
3287640065650,2584
3287640165602,2603
3287640265554,2612
3287640365506,2566
3287640465458,2646
3287640565410,2644
3287640665362,2643
3287640765314,2634
3287640865266,2641
3287640965218,2638
3287641065170,2670
3287641165122,2669
3287641265074,2670
3287641365026,2631
3287641464978,2643
3287641564930,2627
3287641664882,2583
3287641764834,2622
3287641864786,2645
3287641964738,2631
3287642064690,2673
3287642164642,2669
3287642264594,2567
3287642364546,2641
3287642464498,2642
3287642564450,2642
3287642664402,2647
3287642764354,2640
3287642864306,2644
3287642964258,2623
3287643064210,2644
3287643164162,2670
3287643264114,2672
3287643364066,2671
3287643464018,2638
3287643563970,2646
3287643663922,2620
3287643763874,2648
3287643863826,2645
3287643963778,2648
3287644063730,2569
3287644163682,2670
3287644263634,2646
3287644363586,2647
