3449361766483,3374
3449361866451,54
3449361966404,54
3449362066358,53
3449362166310,66
3449362266262,53
3449362366214,55
3449362466167,53
3449362566121,55
3449362666073,53
3449362766027,54
3449362865979,54
3449362965931,53
3449363065883,53
3449363165835,53
3449363265787,53
3449363365739,53
3449363465691,53
3449363565643,53
3449363665595,53
3449363765547,53
3449363865499,53
3449363965451,53
3449364065403,53
3449364165355,53
3449364265314,53
3449364365266,53
3449364465218,53
3449364565170,53
3449364665122,57
3449364765074,53
3449364865026,55
3449364964978,57
3449365064930,53
3449365164882,53
3449365264834,53
3449365364786,53
3449365464738,53
3449365564690,53
3449365664642,53
3449365764595,54
3449365864547,53
3449365964499,53
3449366064451,52
3449366164404,52
3449366264356,53
3449366364308,53
3449366464260,53
3449366564212,53
3449366664164,53
3449366764116,54
3449366864068,53
3449366964035,77
3449367063987,62
3449367163939,54
3449367263891,54
3449367363843,55
3449367463795,56
3449367563747,56
3449367663699,58
3449367763651,54
3449367863603,54
3449367963555,54
3449368063507,54
3449368163459,54
3449368263411,54
3449368363363,54
3449368463315,67
3449368563267,56
3449368663219,56
3449368763171,57
3449368863123,56
3449368963075,56
3449369063027,67
3449369162979,57
3449369262931,54
3449369362883,54
3449369462835,56
3449369562787,56
3449369662739,56
3449369762693,54
3449369862645,54
3449369962598,54
3449370062550,54
3449370162502,54
3449370262454,55
3449370362406,54
3449370462363,54
3449370562315,67
3449370662275,58
3449370762228,57
3449370862180,57
3449370962132,56
3449371062084,59
3449371162036,67
3449371261988,57
3449371361940,54
3449371461892,56
3449371561844,56
3449371661796,56
3449371761748,54
3449371861700,54
3449371961653,54
3449372061616,72
3449372161570,53
3449372261522,54
3449372361474,53
3449372461426,53
3449372561378,53
3449372661330,65
3449372761284,53
3449372861236,53
3449372961188,55
3449373061140,53
3449373161092,53
3449373261044,53
3449373360996,56
3449373460948,57
3449373560900,55
3449373660852,55
3449373760804,54
3449373860756,53
3449373960708,53
3449374060660,53
3449374160612,53
3449374260564,54
3449374360516,53
3449374460468,53
3449374560420,53
3449374660372,53
3449374760324,67
3449374860276,55
3449374960228,55
3449375060180,55
3449375160132,55
3449375260084,55
3449375360036,67
3449375459988,56
3449375559940,53
3449375659892,53
3449375759844,55
3449375859796,53
3449375959750,53
3449376059702,53
3449376159655,54
3449376259607,52
3449376359559,53
3449376459511,53
3449376559463,53
3449376659415,53
3449376759367,53
3449376859319,65
3449376959271,54
3449377059223,53
3449377159177,54
3449377259140,76
3449377359092,56
3449377459044,56
3449377558996,59
3449377658948,59
3449377758901,54
3449377858853,54
3449377958806,54
3449378058758,55
3449378158710,54
3449378258662,54
3449378358614,54
3449378458566,54
3449378558518,54
3449378658470,54
3449378758422,55
3449378858374,54
3449378958326,66
3449379058278,69
3449379158230,56
3449379258182,56
3449379358134,56
3449379458086,56
3449379558038,56
3449379657990,57
3449379757942,54
3449379857894,54
3449379957846,54
3449380057798,53
3449380157750,54
3449380257702,54
3449380357654,54
3449380457606,54
3449380557558,54
3449380657510,54
3449380757462,54
3449380857414,54
3449380957366,54
3449381057318,67
3449381157270,54
3449381257222,56
3449381357174,54
3449381457126,56
3449381557078,56
3449381657030,56
3449381756983,58
3449381856935,54
3449381956887,54
3449382056839,54
3449382156791,54
3449382256744,54
3449382356707,73
3449382456661,54
3449382556613,53
3449382656565,65
3449382756519,54
3449382856471,53
3449382956424,54
3449383056376,53
3449383156328,65
3449383256280,67
3449383356232,55
3449383456184,55
3449383556136,55
3449383656088,55
3449383756040,67
3449383855992,56
3449383955944,53
3449384055896,53
3449384155848,53
3449384255800,53
3449384355752,53
3449384455704,53
3449384555656,53
3449384655608,53
3449384755560,53
3449384855512,53
3449384955464,53
3449385055416,53
3449385155368,53
3449385255320,66
3449385355272,55
3449385455224,55
3449385555176,55
3449385655128,55
3449385755080,56
3449385855051,67
3449385955006,66
3449386054958,56
3449386154910,54
3449386254862,53
3449386354814,53
3449386454766,53
3449386554718,53
3449386654670,54
3449386754622,53
3449386854574,53
3449386954526,55
3449387054478,55
3449387154430,55
3449387254382,53
3449387354334,66
3449387454286,56
3449387554248,78
3449387654200,57
3449387754152,56
3449387854104,56
3449387954068,57
3449388054020,67
3449388153972,60
3449388253924,54
3449388353876,54
3449388453828,54
3449388553780,54
3449388653732,55
3449388753684,54
3449388853636,54
3449388953588,54
3449389053540,54
3449389153492,54
3449389253444,54
3449389353396,54
3449389453348,56
3449389553300,56
3449389653252,56
3449389753205,57
3449389853157,54
3449389953109,56
3449390053061,54
3449390153013,67
3449390252965,57
3449390352917,54
3449390452869,54
3449390552821,54
3449390652774,54
3449390752726,54
3449390852678,54
3449390952630,54
3449391052582,54
3449391152534,54
3449391252486,54
3449391352438,54
3449391452390,56
3449391552342,56
3449391652294,56
3449391752246,56
3449391852198,56
3449391952150,56
3449392052102,56
3449392152066,56
3449392252018,67
3449392351970,57
3449392451922,55
3449392551876,54
3449392651836,72
3449392751790,54
3449392851742,54
3449392951694,53
3449393051646,53
3449393151598,53
3449393251550,53
3449393351502,53
3449393451454,53
3449393551406,56
3449393651358,55
3449393751311,68
3449393851263,55
3449393951215,55
3449394051167,55
3449394151119,55
3449394251071,55
3449394351023,66
3449394450975,56
3449394550927,53
3449394650879,53
3449394750831,54
3449394850783,53
3449394950735,53
3449395050687,53
3449395150639,53
3449395250591,53
3449395350543,53
3449395450495,55
3449395550447,55
3449395650399,55
3449395750351,53
3449395850303,67
3449395950255,55
3449396050207,55
3449396150160,56
3449396250112,56
3449396350068,55
3449396450022,66
3449396549974,56
3449396649926,53
3449396749878,53
3449396849830,53
3449396949782,53
3449397049734,53
3449397149686,53
3449397249638,53
3449397349590,53
3449397449542,55
3449397549494,56
3449397649447,56
3449397749410,75
3449397849362,55
3449397949314,54
3449398049266,57
3449398149219,54
3449398249171,56
3449398349123,54
3449398449075,56
3449398549027,55
3449398648979,56
3449398748931,54
3449398848883,54
3449398948835,56
3449399048787,56
3449399148740,56
3449399248692,56
3449399348644,54
3449399448596,54
3449399548548,54
3449399648500,55
3449399748452,54
3449399848404,54
3449399948360,54
3449400048312,67
3449400148264,56
3449400248216,56
3449400348168,56
3449400448120,56
3449400548072,56
3449400648024,67
3449400747976,58
3449400847928,54
3449400947880,54
3449401047832,54
3449401147784,54
3449401247736,54
3449401347688,54
3449401447640,56
3449401547592,56
3449401647544,56
3449401747496,54
3449401847448,55
3449401947400,54
3449402047352,68
3449402147304,68
3449402247256,56
3449402347208,56
3449402447160,56
3449402547112,56
3449402647065,56
3449402747019,67
3449402846982,76
3449402946934,53
3449403046886,54
3449403146838,53
3449403246790,53
3449403346743,54
3449403446695,55
3449403546647,55
3449403646599,55
3449403746551,53
3449403846503,53
3449403946455,53
3449404046407,53
3449404146359,53
3449404246311,67
3449404346263,55
3449404446215,55
3449404546167,55
3449404646119,55
3449404746071,55
3449404846023,67
3449404945975,56
3449405045927,53
3449405145879,53
3449405245831,53
3449405345783,53
3449405445735,55
3449405545687,53
3449405645639,53
3449405745591,56
3449405845543,54
3449405945495,53
3449406045447,53
3449406145399,53
3449406245361,53
3449406345313,66
3449406445265,54
3449406545217,55
3449406645169,53
3449406745121,55
3449406845073,53
3449406945025,67
3449407044977,57
3449407144929,54
3449407244881,53
3449407344833,53
3449407444785,55
3449407544737,55
3449407644689,55
3449407744641,55
3449407844593,53
3449407944553,73
3449408044505,54
3449408144458,55
3449408244410,54
3449408344362,54
3449408444314,68
3449408544266,56
3449408644218,56
3449408744170,56
3449408844122,56
3449408944074,54
3449409044026,68
3449409143978,59
3449409243930,54
3449409343882,54
3449409443834,56
3449409543786,56
3449409643738,56
3449409743690,54
3449409843642,54
3449409943612,55
3449410043564,54
3449410143516,54
3449410243468,54
3449410343420,54
3449410443372,54
3449410543324,69
3449410643276,54
3449410743228,56
3449410843180,54
3449410943132,57
3449411043084,57
3449411143036,56
3449411242988,60
3449411342940,54
3449411442892,54
3449411542844,54
3449411642796,54
3449411742748,54
3449411842700,54
3449411942652,54
3449412042604,54
3449412142556,54
3449412242508,54
3449412342460,54
3449412442412,54
3449412542364,54
3449412642316,67
3449412742268,57
3449412842220,56
