726475724717,8123
726475824643,320
726475924545,317
726476024448,317
726476124350,317
726476224252,316
726476324154,317
726476424056,316
726476523958,323
726476623860,322
726476723763,323
726476823665,316
726476923568,316
726477023470,317
726477123372,316
726477223274,316
726477323176,316
726477423078,316
726477522980,320
726477622882,320
726477722784,320
726477822686,320
726477922588,316
726478022490,316
726478122392,316
726478222294,316
726478322196,316
726478422098,316
726478522003,317
726478621905,320
726478721807,320
726478821709,320
726478921611,316
726479021513,316
726479121415,316
726479221317,316
726479321219,316
726479421121,316
726479521023,316
726479620925,320
726479720827,319
726479820729,320
726479920631,316
726480020533,316
726480120435,316
726480220337,316
726480320239,337
726480420141,317
726480520043,317
726480619945,319
726480719847,320
726480819749,320
726480919651,316
726481019553,317
726481119455,316
726481219357,316
726481319259,316
726481419161,316
726481519063,316
726481618965,320
726481718867,321
726481818769,320
726481918671,316
726482018573,316
726482118475,317
726482218377,316
726482318279,316
726482418181,316
726482518083,317
726482617985,320
726482717887,320
726482817789,319
726482917691,320
726483017593,316
726483117495,316
726483217397,316
726483317299,316
726483417201,316
726483517104,316
726483617006,317
726483716908,320
726483816810,320
726483916712,320
726484016614,316
726484116516,316
726484216418,316
726484316320,316
726484416222,316
726484516124,317
726484616026,316
726484715928,319
726484815830,320
726484915732,320
726485015634,317
726485115536,317
726485215438,316
726485315340,316
726485415242,316
726485515144,317
726485615046,316
726485714948,321
726485815584,1128
726485915487,323
726486015389,321
726486115291,321
726486215193,321
726486315095,320
726486414997,324
726486514899,324
726486614801,324
726486714703,325
726486814605,321
726486914507,321
726487014409,320
726487114311,320
726487214213,321
726487314115,320
726487414017,320
726487513919,326
726487613821,326
726487713723,326
726487813625,321
726487913527,320
726488013429,321
726488113331,320
726488213233,320
726488313135,320
726488413037,320
726488512939,324
726488612841,323
726488712743,324
726488812645,320
726488912547,321
726489012449,321
726489112351,320
726489212253,321
726489312155,320
726489412057,320
726489511959,366
726489611861,323
726489711763,324
726489811665,320
726489911567,320
726490011469,320
726490111371,320
726490211273,320
726490311175,320
726490411077,321
726490510979,324
726490610881,323
726490710783,324
726490810685,323
726490910587,321
726491010489,320
726491110391,320
726491210293,320
726491310195,320
726491410097,320
726491509999,324
726491609901,323
726491709803,324
726491809705,323
726491909607,321
726492009509,320
726492109411,320
726492209313,321
726492309215,321
726492409117,320
726492509019,321
726492608921,325
726492708823,325
726492808725,324
726492908627,321
726493008529,321
726493108431,321
726493208333,322
726493308235,320
726493408137,321
726493508039,320
726493607941,323
726493707843,324
726493807745,324
726493907647,321
726494007549,320
726494107451,320
726494207353,321
726494307255,320
726494407157,321
726494507059,321
726494606961,324
726494706863,324
726494806765,324
726494906667,321
726495006569,320
726495106471,321
726495206373,320
726495306275,320
726495406177,320
726495506079,321
726495605981,323
726495705884,323
726495806524,1103
726495906426,317
726496006328,317
726496106230,316
726496206132,316
726496306034,316
726496405936,319
726496505838,320
726496605740,320
726496705642,317
726496805544,316
726496905446,316
726497005348,317
726497105250,316
726497205152,316
726497305054,316
726497404956,319
726497504858,320
726497604760,319
726497704662,317
726497804564,316
726497904466,316
726498004368,317
726498104270,316
726498204172,316
726498304074,317
726498403976,322
726498503878,322
726498603780,322
726498703682,317
726498803584,316
726498903486,316
726499003388,317
726499103290,316
726499203192,316
726499303094,316
726499402996,320
726499502898,320
726499602800,319
726499702702,320
726499802626,317
726499902528,316
726500002430,316
726500102332,316
726500202234,316
726500302136,316
726500402038,316
726500501940,320
726500601842,320
726500701744,321
726500801646,316
726500901548,316
726501001450,316
726501101352,317
726501201254,317
726501301156,316
726501401058,316
726501500960,319
726501600862,320
726501700764,320
726501800666,316
726501900568,317
726502000470,317
726502100372,315
726502200274,316
726502300176,316
726502400078,316
726502499980,320
726502599882,320
726502699784,320
726502799686,320
726502899588,317
726502999490,316
726503099392,316
726503199294,316
726503299196,316
726503399098,316
726503499003,317
726503598905,320
726503698807,320
726503798709,320
726503898611,317
726503998513,317
726504098415,317
726504198317,316
726504298219,316
726504398121,317
726504498023,317
726504597925,319
726504697827,336
726504797729,320
726504897631,316
726504997533,316
726505097435,317
726505197337,316
726505297239,316
726505397141,316
726505497043,317
726505596945,320
726505696847,320
726505797481,1097
726505897383,321
726505997285,322
726506097187,320
726506197089,321
726506296991,324
726506396893,324
726506496795,324
726506596697,324
726506696599,321
726506796501,321
726506896403,321
726506996305,321
726507096207,321
726507196109,320
726507296011,320
726507395913,323
726507495815,324
726507595717,323
726507695619,320
726507795521,320
726507895423,320
726507995325,320
726508095227,321
726508195129,320
726508295031,320
726508394933,324
726508494835,325
726508594737,323
726508694639,320
726508794541,321
726508894443,321
726508994345,321
726509094247,321
726509194149,320
726509294051,334
726509393953,325
726509493855,325
726509593757,326
726509693659,320
726509793561,321
726509893463,321
726509993365,320
726510093267,320
726510193169,320
726510293071,320
726510392973,324
726510492875,324
726510592777,323
726510692679,324
726510792581,320
726510892483,320
726510992385,320
726511092287,319
726511192189,320
726511292091,321
726511391993,324
726511491895,325
726511591797,324
726511691699,323
726511791601,320
726511891503,320
726511991405,321
726512091307,321
726512191209,336
726512291111,321
726512391013,320
726512490915,324
726512590817,324
726512690719,324
726512790621,321
726512890523,320
726512990425,321
726513090327,320
726513190229,320
726513290131,320
726513390033,320
726513489935,324
726513589837,324
726513689739,324
726513789641,321
726513889543,320
726513989445,322
726514089347,321
726514189249,321
726514289151,320
726514389053,320
726514488955,325
726514588857,324
726514688759,324
726514788661,321
726514888563,321
726514988465,320
726515088367,320
726515188269,320
726515288171,320
726515388073,320
726515487975,324
726515587877,324
726515687779,324
726515788420,1104
726515888322,317
726515988224,317
726516088126,316
726516188028,317
726516287930,320
726516387832,320
726516487734,320
726516587636,317
726516687538,317
726516787440,317
726516887342,317
726516987244,317
726517087146,316
726517187048,316
726517286950,319
726517386852,320
726517486754,319
726517586656,313
726517686558,315
726517786460,315
726517886362,316
726517986264,316
726518086166,316
726518186068,316
726518285970,319
726518385872,319
726518485774,320
726518585676,316
726518685578,317
726518785480,317
726518885382,316
726518985284,317
726519085186,317
726519185088,316
726519284990,320
726519384892,320
726519484794,320
726519584696,321
726519684598,317
726519784500,316
726519884402,317
726519984304,317
726520084206,317
726520184108,316
726520284010,316
726520383912,322
726520483814,322
726520583716,323
726520683618,317
726520783520,317
726520883422,317
726520983324,317
726521083226,317
726521183128,316
726521283030,316
726521382932,320
726521482834,320
726521582736,320
726521682638,316
726521782540,317
726521882442,317
726521982344,316
726522082246,316
726522182148,316
726522282050,316
726522381952,319
726522481854,320
726522581756,333
726522681658,317
726522781560,317
726522881462,316
726522981364,317
726523081266,316
726523181168,316
726523281070,316
726523380972,320
726523480874,321
726523580776,320
726523680678,317
726523780580,317
726523880499,317
726523980401,316
726524080303,317
726524180205,316
726524280107,316
726524380009,317
726524479911,320
726524579813,320
726524679715,320
726524779617,316
726524879519,316
726524979421,316
726525079323,317
726525179225,317
726525279127,316
726525379029,316
726525478931,319
726525578833,320
726525678735,320
726525779371,1102
726525879273,321
726525979175,321
726526079077,321
726526178979,324
726526278881,324
726526378783,323
726526478685,323
726526578587,320
726526678489,323
726526778391,321
726526878293,321
726526978195,321
726527078097,321
726527177999,323
726527277901,324
726527377803,324
726527477705,325
726527577607,320
726527677509,320
726527777411,320
726527877313,320
726527977215,320
726528077117,321
726528177019,320
726528276921,324
726528376823,324
726528476725,324
726528576627,320
726528676529,321
726528776431,321
726528876333,321
726528976235,321
726529076137,320
726529176039,320
726529275941,324
726529375843,324
726529475745,325
726529575647,321
726529675549,320
726529775451,320
726529875353,321
726529975255,320
726530075157,320
726530175059,320
726530274961,323
726530374863,324
726530474765,324
726530574667,337
726530674569,321
726530774471,321
726530874373,320
726530974275,320
726531074177,320
726531174079,321
726531273981,325
726531373883,326
726531473785,327
726531573687,326
726531673589,320
726531773491,320
726531873393,320
726531973295,321
726532073197,321
726532173099,320
726532273003,321
726532372905,325
726532472807,324
726532572709,324
726532672611,321
726532772513,321
726532872415,320
726532972317,321
726533072219,321
726533172121,320
726533272023,320
726533371925,324
726533471827,324
726533571729,324
726533671631,321
726533771533,321
726533871435,320
726533971337,321
726534071239,320
726534171141,320
726534271043,321
726534370945,324
726534470847,323
726534570749,324
726534670651,321
726534770553,321
726534870455,321
726534970357,321
726535070259,321
726535170161,320
726535270063,320
726535369965,324
726535469867,324
726535569769,324
726535669671,321
726535770306,1100
726535870208,317
726535970110,317
726536070012,317
726536169914,320
726536269816,319
726536369718,320
726536469620,317
726536569522,317
726536669424,317
726536769326,317
726536869228,316
726536969130,317
726537069032,316
726537168934,319
726537268836,320
726537368738,319
726537468640,317
726537568542,316
726537668444,317
726537768346,316
726537868248,316
726537968150,317
726538068052,316
726538167954,320
726538267856,319
726538367758,319
726538467660,317
726538567562,317
726538667464,317
726538767366,317
726538867268,316
726538967170,316
726539067072,316
726539166974,319
726539266876,320
726539366778,320
726539466680,317
726539566582,316
726539666484,317
726539766386,317
726539866288,317
726539966190,316
726540066092,317
726540165994,320
726540265896,320
726540365798,320
726540465700,320
726540565602,316
726540665504,317
726540765406,317
726540865308,316
726540965210,317
726541065112,316
726541165014,316
726541264916,320
726541364818,320
726541464720,354
726541564622,317
726541664524,316
726541764426,316
726541864328,316
726541964230,316
726542064132,317
726542164034,329
726542263936,336
726542363838,336
726542463740,340
726542563642,329
726542663544,329
726542763446,317
726542863348,317
726542963250,317
726543063152,317
726543163054,316
726543262956,320
726543362858,320
726543462760,320
726543562663,316
726543662565,317
726543762467,316
726543862369,316
726543962271,316
726544062173,315
726544162075,316
726544261977,319
726544361879,320
726544461781,319
726544561683,316
726544661585,317
726544761487,317
726544861389,317
726544961291,316
726545061193,317
726545161095,316
726545260997,320
726545360899,320
726545460801,319
726545560703,320
726545660605,336
726545761241,1101
726545861143,321
726545961045,321
726546060947,323
726546160849,323
726546260751,324
726546360653,320
726546460555,320
726546560457,320
726546660359,320
726546760262,321
726546860164,321
726546960066,343
726547059968,324
726547159870,323
726547259772,324
726547359674,320
726547459576,321
726547559478,321
726547659380,355
726547759282,320
726547859184,320
726547959106,320
726548059008,320
726548158910,324
726548258812,323
726548358714,324
726548458616,321
726548558518,321
726548658420,321
726548758322,321
726548858224,321
726548958126,320
726549058028,321
726549157930,324
726549257832,324
726549357734,324
726549457636,320
726549557538,320
726549657440,321
726549757342,320
726549857244,320
726549957146,320
726550057048,320
726550156950,323
726550256852,323
726550356754,323
726550456656,320
726550556558,320
726550656460,320
726550756362,321
726550856264,321
726550956166,321
726551056068,321
726551155970,324
726551255872,324
726551355774,324
726551455676,320
726551555578,321
726551655480,321
726551755382,320
726551855284,321
726551955186,321
726552055088,320
726552154990,324
726552254892,324
726552354794,325
726552454696,324
726552554598,321
726552654500,320
726552754402,320
726552854304,321
726552954206,320
726553054108,321
726553154010,320
726553253912,327
726553353814,326
726553453716,339
726553553618,320
726553653520,320
726553753422,320
726553853324,320
726553953226,321
726554053128,320
726554153030,320
726554252932,324
726554352834,322
726554452736,324
726554552638,320
726554652540,320
726554752442,321
726554852344,320
726554952246,320
726555052148,321
726555152050,320
726555251952,324
726555351854,324
726555451756,323
726555551658,320
726555651560,320
726555752202,1101
726555852104,317
726555952006,317
726556051908,320
726556151810,321
726556251712,319
726556351614,317
726556451516,316
726556551418,317
726556651320,316
726556751222,317
726556851124,316
726556951026,317
726557050928,321
726557150830,320
726557250732,320
726557350634,317
726557450536,316
726557550438,316
726557650340,317
726557750242,317
726557850144,317
726557950046,316
726558049948,320
726558149850,320
726558249752,319
726558349654,316
726558449556,317
726558549458,317
726558649360,316
726558749262,317
726558849164,316
726558949066,316
726559048968,320
726559148870,320
726559248772,319
726559348674,316
726559448576,317
726559548478,316
726559648380,317
726559748282,316
726559848184,333
726559948086,316
726560047988,320
726560147890,320
726560247792,320
726560347694,320
726560447596,316
726560547498,317
726560647400,316
726560747302,317
726560847204,316
726560947106,316
726561047008,317
726561146910,320
726561246812,320
726561346714,320
726561446616,316
726561546518,317
726561646420,317
726561746322,316
726561846224,317
726561946126,316
726562046028,317
726562145930,319
726562245832,320
726562345734,319
726562445636,316
726562545538,316
726562645440,316
726562745342,317
726562845244,316
726562945146,316
726563045048,317
726563144950,320
726563244852,320
726563344754,320
726563444656,316
726563544558,317
726563644460,316
726563744362,317
726563844264,316
726563944166,317
726564044068,317
726564143970,322
726564243872,322
726564343774,323
726564443676,316
726564543578,317
726564643480,316
726564743382,317
726564843284,316
726564943186,316
726565043088,317
726565142990,321
726565242892,320
726565342794,320
726565442696,320
726565542598,316
726565642500,316
726565743140,1119
726565843042,320
726565942944,324
726566042846,324
726566142748,323
726566242650,321
726566342552,320
726566442454,320
726566542356,321
726566642258,321
726566742160,321
726566842062,320
726566941964,324
726567041866,324
726567141768,324
726567241670,320
726567341572,321
726567441474,320
726567541376,321
726567641278,320
726567741180,321
726567841082,320
726567940984,324
726568040886,324
726568140788,324
726568240690,324
726568340592,320
726568440494,320
726568540396,321
726568640298,321
726568740200,322
726568840102,321
726568940004,322
726569039906,323
726569139808,324
726569239710,324
726569339612,320
726569439514,320
726569539416,321
726569639318,320
726569739220,320
726569839122,321
726569939024,320
726570038926,325
726570138828,324
726570238730,324
726570338632,321
726570438534,320
726570538436,320
726570638338,320
726570738240,320
726570838142,320
726570938044,320
726571037946,323
726571137848,324
726571237750,322
726571337652,321
726571437554,320
726571537456,321
726571637358,320
726571737260,321
726571837162,320
726571937064,320
726572036984,325
726572136886,323
726572236788,324
726572336690,324
726572436592,321
726572536494,321
726572636396,320
726572736298,321
726572836200,319
726572936102,320
726573036004,321
726573135906,323
726573235808,324
726573335710,324
726573435612,320
726573535514,321
726573635416,321
726573735318,321
726573835220,320
726573935122,320
726574035024,321
726574134926,323
726574234828,324
726574334730,324
726574434632,320
726574534534,320
726574634436,320
726574734338,321
726574834240,320
726574934142,320
726575034044,320
726575133946,326
726575233848,326
726575333750,326
726575433652,321
726575533554,321
726575633456,320
726575734101,1117
726575834006,317
726575933908,321
726576033810,322
726576133712,336
726576233614,316
726576333516,317
726576433418,316
726576533320,317
726576633222,316
726576733124,317
726576833026,317
726576932928,319
726577032830,320
726577132732,320
726577232634,316
726577332536,317
726577432438,316
726577532340,317
726577632242,316
726577732144,316
726577832046,317
726577931948,320
726578031850,320
726578131752,320
726578231654,316
726578331556,316
726578431458,316
726578531360,317
726578631262,316
726578731164,317
726578831066,317
726578930968,320
726579030870,320
726579130772,320
726579230674,316
726579330576,317
726579430478,316
726579530380,317
726579630282,316
726579730184,317
726579830086,316
726579929988,320
726580029890,320
726580129792,320
726580229694,320
726580329596,316
726580429498,316
726580529400,316
726580629302,317
726580729204,317
726580829106,316
726580929008,317
726581028910,319
726581128812,319
726581228714,320
726581328616,316
726581428518,316
726581528420,316
726581628322,317
726581728224,316
726581828126,317
726581928028,316
726582027930,320
726582127832,319
726582227734,320
726582327636,316
726582427538,316
726582527440,317
726582627342,316
726582727244,317
726582827146,316
726582927048,316
726583026950,320
726583126852,320
726583226754,320
726583326656,316
726583426558,316
726583526460,316
726583626362,316
726583726264,317
726583826166,317
726583926068,316
726584025970,320
726584125872,319
726584225774,320
726584325676,316
726584425578,316
726584525480,317
726584625382,316
726584725284,317
726584825186,317
726584925088,316
726585024990,320
726585124892,320
726585224794,320
726585324696,320
726585424598,316
726585524500,316
726585624402,317
726585725035,1097
726585824937,325
726585924839,324
726586024741,325
726586124643,320
726586224545,320
726586324447,320
726586424349,320
726586524251,320
726586624153,320
726586724055,321
726586823957,326
726586923859,326
726587023761,325
726587123663,320
726587223565,320
726587323467,320
726587423369,320
726587523271,320
726587623173,321
726587723075,321
726587822977,324
726587922879,322
726588022781,324
726588122683,324
726588222585,321
726588322487,321
726588422389,320
726588522291,321
726588622193,321
726588722095,320
726588821997,324
726588921899,324
726589021801,324
726589121703,324
726589221605,320
726589321507,320
726589421409,320
726589521311,321
726589621213,320
726589721115,321
726589821017,320
726589920919,324
726590020821,324
726590120723,322
726590220625,320
726590320527,321
726590420429,320
726590520331,321
726590620233,320
726590720135,320
726590820037,321
726590919939,323
726591019841,323
726591119743,323
726591219645,320
726591319547,321
726591419449,320
726591519351,319
726591619253,321
726591719155,321
726591819057,320
726591918959,323
726592018861,323
726592118763,323
726592218665,321
726592318567,320
726592418469,320
726592518371,321
726592618273,320
726592718175,320
726592818077,321
726592917979,325
726593017881,324
726593117783,322
726593217685,323
726593317587,321
726593417489,321
726593517391,320
726593617293,320
726593717195,320
726593817097,321
726593916999,324
726594016901,324
726594116803,323
726594216705,324
726594316607,320
726594416509,320
726594516411,320
726594616313,321
726594716215,320
726594816117,320
726594916019,321
726595015921,324
726595115823,324
726595215725,324
726595315627,320
726595415529,320
726595515431,321
726595615333,321
726595715235,320
726595815867,1102
726595915769,320
726596015688,321
726596115590,316
726596215492,316
726596315394,316
726596415296,316
726596515198,317
726596615100,317
726596715004,317
726596814906,320
726596914808,320
726597014710,320
726597114612,316
726597214514,316
726597314416,316
726597414318,316
726597514220,317
726597614122,316
726597714024,317
726597813926,322
726597913828,322
726598013730,323
726598113632,316
726598213534,316
726598313436,316
726598413338,316
726598513240,317
726598613142,316
726598713044,317
726598812946,320
726598912848,320
726599012750,319
726599112652,316
726599212554,316
726599312456,316
726599412358,316
726599512260,317
726599612162,316
726599712064,317
726599811966,320
726599911868,319
726600011770,320
726600111672,316
726600211574,317
726600311476,317
726600411378,317
726600511280,317
726600611182,316
726600711084,317
726600810986,319
726600910888,319
726601010790,320
726601110692,320
726601210594,316
726601310496,316
726601410398,316
726601510300,317
726601610202,316
726601710104,317
726601810006,317
726601909908,320
726602009810,319
726602109712,320
726602209614,317
726602309516,316
726602409418,316
726602509320,317
726602609222,317
726602709124,317
726602809026,316
726602908928,320
726603008830,319
726603108732,320
726603208634,316
726603308536,316
726603408438,316
726603508341,316
726603608243,316
726603708145,317
726603808047,316
726603907949,320
726604007851,320
726604107753,320
726604207655,316
726604307557,316
726604407459,316
726604507361,317
726604607263,317
726604707165,317
726604807067,316
726604906969,320
726605006871,319
726605106773,321
726605206675,316
726605306577,317
726605406479,316
726605506381,317
726605606283,316
726605706185,317
726605806818,1122
726605906720,326
726606006622,321
726606106524,320
726606206426,320
726606306328,320
726606406230,334
726606506132,321
726606606034,321
726606705936,324
726606805838,324
726606905740,323
726607005642,321
726607105544,320
726607205446,320
726607305348,355
726607405250,321
726607505152,320
726607605054,321
726607704956,324
726607804858,324
726607904760,324
726608004662,320
726608104564,322
726608204466,320
726608304368,320
726608404270,320
726608504172,320
726608604074,321
726608703976,347
726608803878,326
726608903780,345
726609003682,327
726609103584,320
726609203486,320
726609303388,321
726609403290,320
726609503192,321
726609603094,321
726609702996,324
726609802898,325
726609902800,324
726610002702,324
726610102604,320
726610202506,321
726610302408,321
726610402310,320
726610502212,321
726610602114,320
726610702016,320
726610801918,324
726610901820,324
726611001722,323
726611101624,320
726611201526,320
726611301428,321
726611401330,321
726611501232,320
726611601134,320
726611701036,320
726611800938,324
726611900840,343
726612000742,325
726612100644,320
726612200546,321
726612300448,321
726612400350,320
726612500252,320
726612600154,321
726612700056,321
726612799958,323
726612899860,324
726612999762,328
726613099664,320
726613199566,321
726613299468,320
726613399370,320
726613499272,320
726613599174,320
726613699076,320
726613798978,323
726613898880,323
726613998782,324
726614098684,323
726614198586,321
726614298488,321
726614398390,320
726614498292,321
726614598194,320
726614698096,340
726614797998,324
726614897900,323
726614997802,323
726615097704,323
726615197606,320
726615297508,321
726615397410,320
726615497312,321
726615597214,321
726615697116,321
726615797753,1103
726615897655,317
726615997557,317
726616097459,316
726616197361,316
726616297263,317
726616397165,316
726616497067,317
726616596969,320
726616696871,321
726616796773,321
726616896675,316
726616996577,316
726617096479,316
726617196381,316
726617296283,316
726617396185,316
726617496087,316
726617595989,320
726617695891,319
726617795793,320
726617895695,320
726617995597,316
726618095499,317
726618195401,317
726618295303,316
726618395205,316
726618495107,316
726618595009,316
726618694911,340
726618794813,320
726618894715,319
726618994617,316
726619094519,316
726619194421,316
726619294323,316
726619394225,317
726619494127,317
726619594029,316
726619693931,322
726619793833,321
726619893735,321
726619993637,315
726620093557,316
726620193459,316
726620293361,316
726620393263,316
726620493165,317
726620593067,317
726620692969,321
726620792871,320
726620892773,321
726620992675,317
726621092577,316
726621192479,316
726621292381,316
726621392283,316
726621492185,317
726621592087,316
726621691989,320
726621791891,319
726621891793,320
726621991695,320
726622091597,316
726622191499,316
726622291401,316
726622391303,316
726622491205,317
726622591107,316
726622691009,317
726622790911,320
726622890813,320
726622990715,320
726623090617,316
726623190519,316
726623290421,316
726623390323,317
726623490225,317
726623590127,316
726623690029,316
726623789931,320
726623889833,320
726623989735,320
726624089637,316
726624189539,316
726624289441,316
726624389343,316
726624489245,316
726624589147,316
726624689049,352
726624788951,320
726624888853,319
726624988755,320
726625088657,316
726625188559,316
726625288461,316
726625388363,316
726625488265,316
726625588167,316
726625688069,316
726625788708,1113
726625888610,321
726625988512,320
726626088414,320
726626188316,320
726626288218,320
726626388120,320
726626488022,321
726626587924,324
726626687826,324
726626787728,324
726626887630,321
726626987532,320
726627087434,320
726627187336,321
726627287238,321
726627387140,320
726627487042,321
726627586944,322
726627686846,323
726627786748,323
726627886650,321
726627986552,321
726628086454,320
726628186356,320
726628286258,321
726628386160,320
726628486062,320
726628585964,323
726628685866,324
726628785768,324
726628885670,321
726628985572,323
726629085474,320
726629185376,320
726629285278,320
726629385180,321
726629485082,321
726629584984,323
726629684886,324
726629784788,325
726629884690,325
726629984592,321
726630084494,320
726630184396,320
726630284298,320
726630384200,320
726630484102,320
726630584006,320
726630683908,326
726630783810,326
726630883712,326
726630983614,320
726631083516,320
726631183418,320
726631283320,320
726631383222,320
726631483124,320
726631583026,320
726631682928,323
726631782830,325
726631882732,323
726631982634,320
726632082536,320
726632182438,319
726632282340,320
726632382242,320
726632482144,321
726632582046,321
726632681948,324
726632781850,323
726632881752,323
726632981654,320
726633081556,320
726633181458,320
726633281360,320
726633381262,320
726633481164,321
726633581066,320
726633680968,323
726633780870,324
726633880772,323
726633980674,321
726634080576,320
726634180478,320
726634280380,321
726634380282,321
726634480184,321
726634580086,321
726634679988,324
726634779890,323
726634879792,323
726634979694,324
726635079596,320
726635179498,320
726635279400,320
726635379302,320
726635479204,321
726635579106,320
726635679008,321
726635779647,1105
726635879549,317
726635979451,317
726636079353,316
726636179255,317
726636279157,317
726636379059,316
726636478961,320
726636578863,319
726636678765,320
726636778667,317
726636878569,317
726636978471,333
726637078373,316
726637178275,316
726637278177,316
726637378079,316
726637477981,321
726637577883,320
726637677785,319
726637777687,319
726637877589,316
726637977491,316
726638077393,316
726638177295,316
726638277197,316
726638377099,316
726638477005,317
726638576907,319
726638676810,321
726638776712,320
726638876614,316
726638976516,316
726639076418,316
726639176320,316
726639276222,316
726639376124,316
726639476026,316
726639575928,320
726639675830,319
726639775732,320
726639875634,317
726639975536,316
726640075438,316
726640175340,316
726640275242,316
726640375144,316
726640475046,317
726640574948,320
726640674850,321
726640774752,320
726640874654,317
726640974556,316
726641074458,316
726641174360,316
726641274262,316
726641374164,316
726641474066,316
726641573968,324
726641673870,322
726641773772,322
726641873674,317
726641973576,316
726642073478,316
726642173380,316
726642273282,316
726642373184,317
726642473086,316
726642572988,319
726642672890,320
726642772792,320
726642872694,319
726642972596,317
726643072498,316
726643172400,316
726643272302,316
726643372204,316
726643472106,316
726643572008,316
726643671910,320
726643771812,320
726643871714,320
726643971616,316
726644071518,316
726644171436,317
726644271338,316
726644371240,316
726644471142,317
726644571044,317
726644670946,320
726644770848,320
726644870750,320
726644970652,316
726645070554,316
726645170456,316
726645270358,316
726645370260,317
726645470162,317
726645570064,316
726645669966,320
726645770602,1114
726645870504,321
726645970406,321
726646070308,320
726646170210,321
726646270112,320
726646370014,320
726646469916,324
726646569818,323
726646669720,324
726646769622,320
726646869524,321
726646969426,320
726647069328,320
726647169230,320
726647269132,320
726647369034,320
726647468936,324
726647568838,323
726647668740,324
726647768642,321
726647868544,321
726647968446,320
726648068348,320
726648168250,320
726648268152,321
726648368054,321
726648467956,324
726648567858,324
726648667760,335
726648767662,321
726648867564,320
726648967466,320
726649067368,320
726649167270,320
726649267172,320
726649367074,320
726649466976,325
726649566878,323
726649666780,325
726649766682,324
726649866584,321
726649966486,320
726650066388,320
726650166290,320
726650266192,320
726650366094,320
726650465996,325
726650565898,324
726650665800,324
726650765702,324
726650865604,320
726650965506,321
726651065408,320
726651165310,320
726651265212,320
726651365114,320
726651465016,337
726651564918,325
726651664820,324
726651764722,324
726651864624,320
726651964526,320
726652064428,320
726652164330,320
726652264232,320
726652364134,321
726652464036,320
726652563938,326
726652663840,326
726652763742,326
726652863644,320
726652963546,321
726653063448,321
726653163350,320
726653263252,320
726653363154,319
726653463056,320
726653562958,324
726653662860,325
726653762762,325
726653862664,320
726653962566,320
726654062468,320
726654162370,320
726654262272,320
726654362174,320
726654462076,319
726654561978,324
726654661880,324
726654761782,324
726654861684,324
726654961586,320
726655061488,320
726655161390,320
726655261292,321
726655361194,320
726655461096,320
726655560998,326
726655660900,325
726655761533,1108
726655861435,317
726655961337,317
726656061239,316
726656161141,316
726656261043,316
726656360945,320
726656460847,320
726656560749,320
726656660651,317
726656760553,317
726656860455,316
726656960357,317
726657060259,315
726657160161,316
726657260063,316
726657359965,319
726657459867,320
726657559769,320
726657659671,354
726657759573,316
726657859475,316
726657959377,316
726658059279,316
726658159181,316
726658259083,316
726658358985,319
726658458887,320
726658558789,319
726658658691,331
726658758593,317
726658858495,317
726658958397,316
726659058299,316
726659158201,316
726659258103,316
726659358005,316
726659457907,320
726659557809,321
726659657711,320
726659757613,317
726659857515,316
726659957417,316
726660057319,316
726660157221,338
726660257123,317
726660357025,317
726660456927,320
726660556829,320
726660656731,319
726660756633,317
726660856535,317
726660956437,316
726661056339,316
726661156241,316
726661256143,316
726661356045,317
726661455947,320
726661555849,321
726661655751,319
726661755653,317
726661855555,316
726661955457,316
726662055359,317
726662155261,316
726662255163,317
726662355065,316
726662454967,320
726662554869,321
726662654771,320
726662754673,317
726662854575,316
726662954477,316
726663054379,316
726663154281,316
726663254183,316
726663354085,316
726663453987,334
726663553890,322
726663653792,322
726663753694,322
726663853596,316
726663953498,316
726664053400,317
726664153302,316
726664253204,316
726664353106,316
726664453008,316
726664552910,319
726664652812,319
726664752714,320
726664852616,316
726664952518,317
726665052420,316
726665152322,317
726665252224,316
726665352126,316
726665452028,316
726665551930,320
726665651832,320
726665752468,1110
726665852370,321
726665952272,320
726666052174,320
726666152076,320
726666251978,324
726666351880,323
726666451782,324
726666551684,324
726666651586,320
726666751488,321
726666851390,337
726666951292,321
726667051194,319
726667151096,320
726667250998,323
726667350900,323
726667450802,324
726667550704,324
726667650606,320
726667750508,321
726667850410,320
726667950312,320
726668050214,320
726668150116,319
726668250034,321
726668349936,323
726668449838,323
726668549740,324
726668649642,320
726668749544,321
726668849446,320
726668949348,321
726669049250,321
726669149152,320
726669249054,321
726669348956,323
726669448858,323
726669548760,324
726669648662,320
726669748564,321
726669848466,320
726669948368,320
726670048270,321
726670148172,320
726670248074,320
726670347976,323
726670447878,323
726670547780,345
726670647682,324
726670747584,321
726670847486,320
726670947388,321
726671047290,322
726671147192,321
726671247094,322
726671346996,325
726671446898,323
726671546800,324
726671646702,324
726671746604,320
726671846506,320
726671946408,320
726672046310,320
726672146212,320
726672246114,320
726672346016,320
726672445918,323
726672545820,324
726672645722,323
726672745624,321
726672845526,320
726672945428,320
726673045330,320
726673145232,320
726673245134,320
726673345036,320
726673444938,324
726673544840,324
726673644742,325
726673744644,321
726673844546,320
726673944448,320
726674044350,320
726674144252,320
726674244154,320
726674344056,320
726674443958,326
726674543860,326
726674643762,327
726674743664,321
726674843566,320
726674943468,320
726675043370,320
726675143272,320
726675243174,320
726675343076,320
726675442978,323
726675542880,324
726675642782,324
726675743422,1101
726675843324,317
726675943226,316
726676043128,316
726676143030,316
726676242932,320
726676342834,320
726676442736,320
726676542638,316
726676642540,316
726676742442,317
726676842344,316
726676942246,316
726677042148,316
726677142050,316
726677241952,319
726677341854,319
726677441756,319
726677541658,316
726677641560,316
726677741462,317
726677841364,316
726677941266,317
726678041168,316
726678141070,351
726678240972,320
726678340874,320
726678440776,320
726678540678,316
726678640580,316
726678740482,317
726678840384,316
726678940286,316
726679040188,316
726679140090,317
726679239992,320
726679339894,319
726679439796,319
726679539698,320
726679639600,316
726679739502,316
726679839404,316
726679939306,316
726680039208,316
726680139110,317
726680239012,316
726680338914,319
726680438816,319
726680538718,321
726680638620,316
726680738522,317
726680838424,317
726680938326,316
726681038228,316
726681138130,316
726681238032,316
726681337934,319
726681437836,320
726681537738,319
726681637640,316
726681737542,316
726681837444,317
726681937346,316
726682037248,316
726682137150,316
726682237052,316
726682336954,319
726682436856,320
726682536758,320
726682636660,316
726682736562,317
726682836464,316
726682936366,316
726683036268,316
726683136170,317
726683236072,316
726683335974,320
726683435876,319
726683535778,320
726683635680,316
726683735582,317
726683835484,317
726683935386,316
726684035288,317
726684135190,317
726684235092,316
726684334994,320
726684434896,320
726684534798,320
726684634700,321
726684734602,317
726684834504,316
726684934406,316
726685034308,316
726685134210,316
726685234112,316
726685334014,317
726685433916,321
726685533818,322
726685633720,322
726685734364,1120
726685834266,321
726685934168,321
726686034070,321
726686133972,326
726686233874,326
726686333776,326
726686433678,320
726686533580,321
726686633482,320
726686733384,321
726686833286,320
726686933188,319
726687033090,320
726687132992,324
726687232894,324
726687332796,324
726687432698,324
726687532600,321
726687632502,320
726687732404,320
726687832306,320
726687932208,320
726688032110,320
726688132012,320
726688231914,323
726688331816,324
726688431718,324
726688531620,320
726688631522,320
726688731424,322
726688831326,319
726688931228,320
726689031130,321
726689131032,320
726689230934,323
726689330836,323
726689430738,324
726689530640,320
726689630542,321
726689730444,321
726689830346,320
726689930248,320
726690030150,320
726690130052,320
726690229954,324
726690329856,324
726690429758,322
726690529660,320
726690629562,320
726690729464,321
726690829366,320
726690929268,320
726691029170,320
726691129072,321
726691228974,324
726691328876,327
726691428778,324
726691528680,324
726691628582,320
726691728484,321
726691828386,319
726691928288,320
726692028190,321
726692128092,320
726692227994,324
726692327912,324
726692427814,323
726692527716,324
726692627618,320
726692727520,321
726692827422,320
726692927324,320
726693027226,320
726693127128,320
726693227030,321
726693326932,323
726693426834,323
726693526736,324
726693626638,320
726693726540,321
726693826442,321
726693926344,320
726694026246,320
726694126148,321
726694226050,320
726694325952,324
726694425854,323
726694525756,324
726694625658,320
726694725560,321
726694825462,320
726694925364,320
726695025266,320
726695125168,320
726695225070,320
726695324972,325
726695424874,324
726695524776,324
726695624678,321
726695725313,1111
726695825215,317
726695925117,316
726696025019,317
726696124921,320
726696224823,320
726696324725,320
726696424627,316
726696524529,316
726696624431,316
726696724333,317
726696824235,316
726696924137,317
726697024039,317
726697123941,322
726697223843,322
726697323745,323
726697423647,317
726697523549,316
726697623451,316
726697723353,317
726697823255,316
726697923157,316
726698023059,316
726698122961,319
726698222863,320
726698322765,320
726698422667,316
726698522569,317
726698622471,317
726698722373,317
726698822275,316
726698922177,316
726699022079,315
726699121981,320
726699221883,320
726699321785,320
726699421687,320
726699521589,317
726699621491,316
726699721393,317
726699821295,316
726699921197,317
726700021099,316
726700121003,317
726700220905,320
726700320807,320
726700420709,320
726700520611,316
726700620513,317
726700720415,317
726700820317,316
726700920219,316
726701020121,316
726701120023,316
726701219925,320
726701319827,320
726701419729,319
726701519631,317
726701619533,316
726701719435,317
726701819337,316
726701919239,316
726702019141,316
726702119043,316
726702218945,319
726702318847,319
726702418749,319
726702518651,316
726702618553,316
726702718455,317
726702818357,316
726702918259,316
726703018161,316
726703118063,316
726703217965,320
726703317867,320
726703417769,320
726703517671,316
726703617573,316
726703717475,317
726703817377,316
726703917279,317
726704017181,317
726704117083,316
726704216985,319
726704316887,319
726704416789,320
726704516691,321
726704616593,316
726704716495,317
726704816397,316
726704916299,316
726705016201,316
726705116103,317
726705216005,316
726705315907,319
726705415809,320
726705515711,320
726705615613,316
726705715515,316
726705816150,1108
726705916052,321
726706015954,324
726706115856,324
726706215758,323
726706315660,320
726706415562,320
726706515464,320
726706615366,320
726706715268,322
726706815170,320
726706915072,320
726707014974,324
726707114876,324
726707214778,324
726707314680,323
726707414582,320
726707514484,320
726707614386,320
726707714288,321
726707814190,320
726707914092,320
726708013994,326
726708113896,326
726708213798,327
726708313700,326
726708413602,320
726708513504,321
726708613406,320
726708713308,321
726708813210,319
726708913112,320
726709013014,319
726709112916,323
726709212818,324
726709312720,323
726709412622,320
726709512524,321
726709612426,320
726709712328,321
726709812230,321
726709912132,320
726710012034,321
726710111936,324
726710211838,324
726710311740,323
726710411642,320
726710511544,320
726710611446,320
726710711348,321
726710811250,321
726710911152,320
726711011054,320
726711110956,323
726711210858,322
726711310760,323
726711410662,320
726711510564,320
726711610466,320
726711710368,321
726711810270,321
726711910172,320
726712010074,320
726712109976,324
726712209878,323
726712309780,324
726712409682,324
726712509584,320
726712609486,320
726712709388,320
726712809290,319
726712909192,320
726713009094,320
726713108996,324
726713208898,324
726713308800,323
726713408702,324
726713508604,320
726713608506,320
726713708408,321
726713808310,320
726713908212,321
726714008114,321
726714108016,321
726714207918,323
726714307820,324
726714407722,323
726714507624,321
726714607526,320
726714707428,321
726714807330,320
726714907232,320
726715007134,320
726715107036,320
726715206938,323
726715306840,324
726715406742,323
726715506644,320
726715606546,321
726715706448,320
726715807084,1103
726715906986,320
726716006888,320
726716106790,320
726716206692,320
726716306609,317
726716406511,316
726716506413,317
726716606315,317
726716706217,317
726716806119,316
726716906021,316
726717005923,319
726717105825,319
726717205727,320
726717305629,316
726717405531,316
726717505433,316
726717605335,316
726717705237,317
726717805139,316
726717905041,316
726718004943,320
726718104845,320
726718204747,320
726718304649,316
726718404551,316
726718504453,316
726718604355,318
726718704258,317
726718804160,316
726718904062,316
726719003964,321
726719103866,322
726719203768,335
726719303670,316
726719403572,316
726719503474,317
726719603376,316
726719703278,317
726719803180,317
726719903082,316
726720002984,320
726720102886,320
726720202789,320
726720302691,320
726720402593,316
726720502495,316
726720602397,316
726720702299,317
726720802201,316
726720902103,316
726721002005,316
726721101907,320
726721201809,319
726721301711,320
726721401613,316
726721501515,316
726721601417,316
726721701319,317
726721801221,317
726721901123,316
726722001025,316
726722100927,318
726722200829,318
726722300731,319
726722400633,315
726722500535,317
726722600437,316
726722700339,317
726722800241,317
726722900143,317
726723000045,317
726723099947,320
726723199849,319
726723299751,319
726723399653,316
726723499556,317
726723599458,317
726723699360,317
726723799262,316
726723899164,316
726723999066,316
726724098968,320
726724198870,319
726724298772,320
726724398674,316
726724498576,316
726724598478,316
726724698380,331
726724798282,316
726724898184,316
726724998086,317
726725097988,319
726725197890,320
726725297792,320
726725397694,320
726725497596,316
726725597498,317
726725697400,316
726725798031,1097
726725897933,324
726725997835,324
726726097737,323
726726197639,320
726726297541,321
726726397443,320
726726497345,320
726726597247,320
726726697149,321
726726797051,321
726726896953,324
726726996855,324
726727096757,324
726727196659,320
726727296561,320
726727396463,320
726727496365,321
726727596267,321
726727696169,320
726727796071,320
726727895973,324
726727995875,324
726728095777,324
726728195679,320
726728295581,320
726728395483,320
726728495385,320
726728595287,320
726728695189,338
726728795091,321
726728894993,324
726728994895,324
726729094797,324
726729194699,324
726729294601,320
726729394503,320
726729494405,320
726729594307,320
726729694209,320
726729794111,320
726729894013,320
726729993915,326
726730093817,326
726730193719,355
726730293621,321
726730393523,320
726730493425,320
726730593327,321
726730693229,321
726730793131,320
726730893033,320
726730992935,323
726731092837,324
726731192739,323
726731292641,322
726731392543,320
726731492445,320
726731592347,321
726731692249,321
726731792151,320
726731892053,322
726731991955,323
726732091857,322
726732191759,323
726732291661,321
726732391563,320
726732491465,320
726732591367,319
726732691269,320
726732791171,320
726732891073,320
726732990975,323
726733090877,323
726733190779,324
726733290681,324
726733390583,321
726733490485,320
726733590387,320
726733690289,320
726733790191,320
726733890093,320
726733989995,324
726734089897,323
726734189799,323
726734289701,324
726734389603,320
726734489505,321
726734589407,319
726734689309,342
726734789211,321
726734889113,320
726734989015,321
726735088917,347
726735188819,324
726735288721,323
726735388623,321
726735488525,320
726735588427,320
726735688329,320
726735788960,1108
726735888862,319
726735988764,320
726736088666,316
726736188568,316
726736288470,316
726736388372,316
726736488274,316
726736588176,316
726736688078,317
726736787980,320
726736887882,319
726736987784,320
726737087686,320
726737187588,316
726737287490,316
726737387392,316
726737487294,316
726737587196,316
726737687098,316
726737787003,317
726737886905,319
726737986807,320
726738086709,320
726738186611,316
726738286513,316
726738386415,316
726738486317,316
726738586219,316
726738686121,317
726738786023,317
726738885925,321
726738985827,319
726739085729,319
726739185631,316
726739285533,316
726739385435,316
726739485337,316
726739585239,316
726739685141,316
726739785043,316
726739884945,320
726739984847,320
726740084749,320
726740184651,316
726740284553,316
726740384471,316
726740484373,317
726740584275,317
726740684178,317
726740784080,316
726740883982,323
726740983884,322
726741083786,323
726741183688,322
726741283590,316
726741383492,316
726741483394,316
726741583296,316
726741683198,316
726741783100,316
726741883004,316
726741982906,319
726742082808,319
726742182710,320
726742282612,316
726742382514,317
726742482416,317
726742582318,316
726742682220,317
726742782122,317
726742882024,317
726742981926,320
726743081828,324
726743181730,320
726743281632,316
726743381534,316
726743481436,316
726743581338,316
726743681240,316
726743781142,316
726743881044,317
726743980946,320
726744080848,319
726744180750,319
726744280652,317
726744380554,316
726744480456,317
726744580358,316
726744680260,317
726744780162,317
726744880064,316
726744979966,320
726745079868,319
726745179770,319
726745279672,316
726745379574,316
726745479476,316
726745579378,316
726745679280,316
726745779912,1108
726745879814,324
726745979716,324
726746079618,320
726746179520,320
726746279422,320
726746379324,320
726746479226,321
726746579128,320
726746679030,321
726746778932,324
726746878834,324
726746978736,323
726747078638,321
726747178540,320
726747278442,320
726747378344,321
726747478246,320
726747578148,320
726747678050,320
726747777952,323
726747877854,324
726747977756,358
726748077658,320
726748177560,321
726748277462,319
726748377364,320
726748477266,321
726748577168,320
726748677070,321
726748776972,324
726748876874,324
726748976776,324
726749076678,320
726749176580,320
726749276482,320
726749376384,320
726749476286,320
726749576188,320
726749676090,320
726749775992,324
726749875894,324
726749975796,323
726750075698,324
726750175600,320
726750275502,320
726750375404,320
726750475306,321
726750575208,321
726750675110,321
726750775012,321
726750874914,324
726750974816,324
726751074718,322
726751174620,320
726751274522,320
726751374424,320
726751474326,320
726751574228,320
726751674130,320
726751774032,320
726751873934,326
726751973836,326
726752073738,326
726752173640,320
726752273542,320
726752373444,319
726752473346,320
726752573248,321
726752673150,321
726752773052,320
726752872954,323
726752972856,323
726753072758,323
726753172660,319
726753272562,321
726753372464,320
726753472366,321
726753572268,320
726753672170,321
726753772072,320
726753871974,324
726753971876,324
726754071778,323
726754171680,324
726754271582,320
726754371484,320
726754471386,320
726754571288,320
726754671190,321
726754771092,320
726754870994,324
726754970896,324
726755070798,324
726755170700,323
726755270602,320
726755370504,321
726755470406,319
726755570308,320
726755670210,320
726755770837,1109
726755870739,321
726755970641,317
726756070543,316
726756170445,316
726756270347,316
726756370249,316
726756470151,316
726756570053,316
726756669955,320
726756769857,320
726756869759,320
726756969661,316
726757069563,316
726757169465,316
726757269367,316
726757369269,316
726757469171,316
726757569073,316
726757668975,321
726757768877,320
726757868779,319
726757968681,316
726758068583,316
726758168485,316
726758268387,316
726758368289,316
726758468191,316
726758568093,316
726758667995,329
726758767897,320
726758867799,320
726758967701,320
726759067603,316
726759167505,316
726759267407,316
726759367309,316
726759467211,317
726759567113,316
726759667015,317
726759766917,319
726759866819,320
726759966721,319
726760066623,316
726760166525,316
726760266427,316
726760366329,316
726760466231,316
726760566133,317
726760666035,316
726760765937,320
726760865839,320
726760965741,320
726761065643,316
726761165545,316
726761265447,316
726761365349,316
726761465251,316
726761565153,316
726761665055,316
726761764957,320
726761864859,320
726761964761,321
726762064663,316
726762164565,316
726762264467,316
726762364369,316
726762464271,334
726762564173,316
726762664075,317
726762763977,322
726762863879,322
726762963781,323
726763063683,316
726763163585,316
726763263487,316
726763363389,316
726763463291,316
726763563193,316
726763663095,316
726763762997,319
726763862899,320
726763962801,320
726764062703,320
726764162605,316
726764262507,316
726764362409,316
726764462327,317
726764562229,317
726764662131,355
726764762033,317
726764861935,319
726764961837,319
726765061739,320
726765161641,316
726765261543,316
726765361445,316
726765461347,316
726765561249,316
726765661151,317
726765761785,1115
726765861687,324
726765961589,320
726766061491,320
726766161393,320
726766261295,320
726766361197,320
726766461099,320
726766561004,320
726766660906,324
726766760808,324
726766860710,325
726766960612,321
726767060514,320
726767160416,320
726767260318,320
726767360220,320
726767460122,320
726767560024,321
726767659926,344
726767759828,324
726767859730,324
726767959632,321
726768059534,320
726768159436,320
726768259338,320
726768359240,320
726768459142,320
726768559044,320
726768658946,357
726768758848,324
726768858750,324
726768958652,320
726769058554,319
726769158456,320
726769258358,320
726769358260,321
726769458162,320
726769558064,320
726769657966,323
726769757868,324
726769857770,324
726769957672,319
726770057574,320
726770157476,321
726770257378,320
726770357280,320
726770457182,320
726770557084,320
726770656986,323
726770756888,325
726770856790,324
726770956692,324
726771056594,321
726771156496,320
726771256398,321
726771356300,320
726771456202,320
726771556104,320
726771656006,320
726771755908,323
726771855810,323
726771955712,324
726772055614,320
726772155516,320
726772255418,320
726772355320,320
726772455222,320
726772555124,320
726772655026,320
726772754928,325
726772854830,324
726772954732,324
726773054634,320
726773154536,320
726773254438,321
726773354340,322
726773454242,321
726773554144,322
726773654046,320
726773753948,326
726773853850,326
726773953752,338
726774053654,320
726774153556,320
726774253458,320
726774353360,321
726774453262,320
726774553164,321
726774653066,338
726774752968,324
726774852870,324
726774952772,323
726775052674,321
726775152576,320
726775252478,320
726775352380,320
726775452282,320
726775552184,320
726775652086,319
726775752724,1125
726775852626,316
726775952528,317
726776052430,317
726776152332,316
726776252234,316
726776352136,316
726776452038,316
726776551940,321
726776651842,319
726776751744,320
726776851646,316
726776951548,316
726777051450,316
726777151352,316
726777251254,316
726777351156,316
726777451058,316
726777550960,319
726777650862,319
726777750764,320
726777850666,316
726777950568,316
726778050470,316
726778150372,316
726778250274,316
726778350176,316
726778450078,316
726778549980,319
726778649882,320
726778749784,320
726778849686,320
726778949588,316
726779049490,316
726779149392,316
726779249294,316
726779349196,316
726779449098,316
726779549004,316
726779648906,320
726779748808,321
726779848710,319
726779948612,316
726780048514,316
726780148416,316
726780248318,316
726780348220,316
726780448122,316
726780548024,316
726780647926,320
726780747828,320
726780847730,319
726780947632,316
726781047534,316
726781147436,316
726781247338,317
726781347240,317
726781447142,316
726781547044,316
726781646946,319
726781746848,319
726781846750,320
726781946652,316
726782046554,317
726782146456,316
726782246358,316
726782346260,316
726782446162,317
726782546064,316
726782645966,320
726782745868,321
726782845770,319
726782945672,316
726783045574,316
726783145476,316
726783245378,316
726783345280,316
726783445182,316
726783545085,316
726783644987,320
726783744889,320
726783844791,320
726783944693,320
726784044595,316
726784144497,316
726784244399,316
726784344301,316
726784444203,316
726784544105,316
726784644007,316
726784743909,323
726784843811,322
726784943713,322
726785043615,316
726785143517,316
726785243419,316
726785343321,316
726785443223,316
726785543125,316
726785643027,316
726785743668,1127
726785843570,321
726785943472,320
726786043374,320
726786143276,320
726786243178,320
726786343080,321
726786442982,323
726786542884,324
726786642786,324
726786742688,325
726786842590,320
726786942492,320
726787042394,320
726787142296,320
726787242198,320
726787342100,320
726787442004,319
726787541906,324
726787641808,323
726787741710,324
726787841612,320
726787941514,320
726788041416,320
726788141318,320
726788241220,320
726788341122,320
726788441024,320
726788540942,326
726788640844,323
726788740746,329
726788840648,321
726788940550,320
726789040452,321
726789140354,320
726789240256,320
726789340158,320
726789440060,320
726789539962,323
726789639864,324
726789739766,323
726789839668,320
726789939570,320
726790039472,320
726790139374,320
726790239276,320
726790339178,320
726790439080,319
726790538982,323
726790638884,325
726790738786,324
726790838688,323
726790938590,320
726791038492,320
726791138394,319
726791238296,320
726791338198,319
726791438100,321
726791538004,320
726791637906,323
726791737808,324
726791837710,324
726791937612,320
726792037514,320
726792137416,320
726792237318,320
726792337220,321
726792437122,320
726792537024,320
726792636926,323
726792736828,324
726792836730,324
726792936632,320
726793036534,320
726793136436,320
726793236338,320
726793336240,320
726793436142,320
726793536044,321
726793635946,323
726793735848,324
726793835750,323
726793935652,320
726794035554,320
726794135456,320
726794235358,320
726794335260,320
726794435162,320
726794535064,321
726794634966,324
726794734868,324
726794834770,324
726794934672,320
726795034574,319
726795134476,321
726795234378,320
726795334280,320
726795434182,320
726795534084,321
726795633986,325
726795734627,1116
726795834529,317
726795934431,316
726796034333,316
726796134235,316
726796234137,316
726796334039,316
726796433941,322
726796533844,322
726796633746,322
726796733648,317
726796833550,316
726796933452,316
726797033354,316
726797133256,316
726797233158,316
726797333060,316
726797432962,320
726797532864,320
726797632766,320
726797732668,317
726797832570,316
726797932472,316
726798032374,316
726798132276,316
726798232178,316
726798332080,316
726798431982,319
726798531884,320
726798631786,319
726798731688,321
726798831590,316
726798931492,316
726799031394,316
726799131296,316
726799231198,316
726799331100,317
726799431004,316
726799530906,321
726799630808,319
726799730710,319
726799830612,316
726799930514,316
726800030416,316
726800130318,316
726800230220,316
726800330122,316
726800430024,316
726800529926,320
726800629828,320
726800729730,320
726800829632,316
726800929534,316
726801029436,316
726801129338,316
726801229240,316
726801329142,316
726801429044,316
726801528946,319
726801628848,321
726801728750,320
726801828652,355
726801928554,317
726802028456,316
726802128358,316
726802228260,316
726802328162,316
726802428064,316
726802527966,319
726802627868,320
726802727770,320
726802827672,316
726802927574,316
726803027476,316
726803127378,316
726803227280,316
726803327182,316
726803427084,317
726803526986,320
726803626888,319
726803726790,320
726803826692,319
726803926594,316
726804026496,316
726804126398,316
726804226300,316
726804326202,316
726804426104,316
726804526006,317
726804625908,320
726804725810,320
726804825712,340
726804925614,316
726805025516,316
726805125418,316
726805225320,317
726805325222,316
726805425124,316
726805525026,316
726805624928,320
726805725562,1106
726805825464,336
726805925366,320
726806025268,321
726806125170,320
726806225072,321
726806324974,324
726806424876,324
726806524778,324
726806624680,324
726806724582,321
726806824484,320
726806924386,320
726807024288,321
726807124190,320
726807224092,320
726807323994,326
726807423896,325
726807523798,326
726807623700,325
726807723602,320
726807823504,320
726807923406,320
726808023308,320
726808123210,320
726808223112,321
726808323014,321
726808422916,323
726808522818,324
726808622720,323
726808722622,321
726808822524,320
726808922426,320
726809022328,323
726809122230,320
726809222132,320
726809322034,320
726809421936,323
726809521838,324
726809621740,323
726809721642,320
726809821544,321
726809921446,320
726810021348,320
726810121250,319
726810221152,320
726810321054,338
726810420956,324
726810520858,324
726810620760,324
726810720662,320
726810820564,321
726810920466,320
726811020368,321
726811120270,320
726811220172,320
726811320074,320
726811419976,323
726811519878,324
726811619780,324
726811719682,323
726811819584,321
726811919486,321
726812019388,320
726812119290,321
726812219192,320
726812319094,320
726812418996,324
726812518898,324
726812618817,325
726812718719,324
726812818621,320
726812918523,320
726813018425,320
726813118327,319
726813218229,320
726813318131,319
726813418033,321
726813517935,324
726813617837,323
726813717739,324
726813817641,319
726813917543,320
726814017445,320
726814117347,320
726814217249,320
726814317151,320
726814417053,320
726814516955,324
726814616857,324
726814716759,324
726814816661,320
726814916563,320
726815016465,320
726815116367,320
726815216269,320
726815316171,320
726815416073,320
726815515975,323
726815615877,323
726815715779,324
726815816417,1100
726815916319,317
726816016221,317
726816116123,316
726816216025,316
726816315927,320
726816415829,319
726816515731,320
726816615633,316
726816715535,317
726816815437,316
726816915339,316
726817015241,316
726817115143,316
726817215045,316
726817314947,319
726817414849,320
726817514751,320
726817614653,316
726817714555,316
726817814457,316
726817914359,316
726818014261,316
726818114163,316
726818214065,316
726818313967,321
726818413869,322
726818513771,322
726818613673,316
726818713575,317
726818813477,316
726818913379,316
726819013281,316
726819113183,316
726819213085,316
726819312987,319
726819412889,320
726819512791,320
726819612693,319
726819712595,317
726819812497,316
726819912399,316
726820012307,330
726820112209,317
726820212111,316
726820312013,316
726820411915,319
726820511817,350
726820611719,320
726820711621,317
726820811523,316
726820911425,318
726821011327,316
726821111229,316
726821211131,316
726821311033,316
726821410935,320
726821510837,320
726821610739,319
726821710641,317
726821810543,316
726821910445,316
726822010347,317
726822110249,316
726822210151,316
726822310053,316
726822409955,319
726822509857,320
726822609759,320
726822709661,317
726822809563,316
726822909465,316
726823009367,316
726823109269,316
726823209171,316
726823309073,316
726823408975,320
726823508877,319
726823608779,320
726823708681,316
726823808583,316
726823908485,317
726824008387,316
726824108289,317
726824208191,316
726824308093,316
726824407995,318
726824507897,316
726824607799,319
726824707701,319
726824807603,316
726824907505,316
726825007407,316
726825107309,316
726825207211,316
726825307113,316
726825407015,316
726825506917,319
726825606819,320
726825706721,320
726825807359,1105
726825907261,320
726826007163,320
726826107065,321
726826206967,324
726826306869,323
726826406771,323
726826506673,320
726826606575,320
726826706477,321
726826806379,320
726826906281,320
726827006183,320
726827106085,320
726827205987,324
726827305889,324
726827405791,323
726827505693,324
726827605595,320
726827705497,320
726827805399,320
726827905301,320
726828005203,320
726828105105,320
726828205007,320
726828304909,323
726828404811,323
726828504713,324
726828604615,320
726828704517,321
726828804419,320
726828904321,320
726829004223,320
726829104125,320
726829204027,320
726829303929,325
726829403831,326
726829503733,326
726829603635,320
726829703537,320
726829803439,320
726829903341,320
726830003243,320
726830103145,320
726830203047,320
726830302949,323
726830402851,323
726830502753,323
726830602655,320
726830702557,321
726830802459,321
726830902361,320
726831002263,320
726831102165,320
726831202067,320
726831301969,323
726831401871,323
726831501773,323
726831601675,320
726831701577,320
726831801479,320
726831901381,320
726832001283,321
726832101185,320
726832201087,321
726832300989,324
726832400891,323
726832500793,324
726832600695,324
726832700597,320
726832800499,320
726832900401,320
726833000303,320
726833100205,320
726833200107,320
726833300009,320
726833399911,322
726833499813,324
726833599715,325
726833699617,320
726833799519,320
726833899421,320
726833999323,320
726834099225,320
726834199127,320
726834299029,320
726834398931,323
726834498833,324
726834598735,323
726834698637,321
726834798539,320
726834898441,321
726834998343,320
726835098245,320
726835198147,320
726835298049,320
726835397951,324
726835497853,324
726835597755,324
726835697657,320
726835798294,1109
726835898196,317
726835998098,317
726836098003,317
726836197905,320
726836297807,334
726836397709,320
726836497611,317
726836597532,316
726836697434,317
726836797336,317
726836897238,316
726836997140,317
726837097042,316
726837196944,320
726837296846,319
726837396748,320
726837496650,316
726837596552,316
726837696454,317
726837796356,316
726837896258,316
726837996160,316
726838096062,316
726838195964,320
726838295866,320
726838395768,320
726838495670,317
726838595572,316
726838695474,317
726838795376,316
726838895278,316
726838995180,316
726839095082,316
726839194984,320
726839294886,324
726839394788,320
726839494690,320
726839594592,317
726839694494,316
726839794396,317
726839894298,316
726839994200,316
726840094102,316
726840194006,316
726840293908,324
726840393810,322
726840493712,323
726840593614,316
726840693516,317
726840793418,317
726840893320,316
726840993222,316
726841093124,317
726841193026,316
726841292928,320
726841392830,319
726841492732,320
726841592634,316
726841692536,316
726841792438,317
726841892340,316
726841992242,317
726842092144,316
726842192046,329
726842291948,321
726842391850,320
726842491752,321
726842591654,316
726842691556,317
726842791458,317
726842891360,316
726842991262,316
726843091164,316
726843191066,316
726843290968,320
726843390870,320
726843490772,320
726843590675,316
726843690577,316
726843790479,317
726843890381,316
726843990283,316
726844090185,316
726844190087,316
726844289989,319
726844389891,320
726844489793,319
726844589695,320
726844689597,317
726844789499,317
726844889401,316
726844989303,316
726845089205,331
726845189107,316
726845289009,316
726845388911,320
726845488813,320
726845588715,319
726845688617,316
726845789248,1106
726845889150,321
726845989052,321
726846088954,323
726846188856,322
726846288758,323
726846388660,320
726846488562,320
726846588464,320
726846688366,321
726846788268,320
726846888170,319
726846988072,320
726847087974,324
726847187876,323
726847287778,323
726847387680,324
726847487582,320
726847587484,320
726847687386,320
726847787288,320
726847887190,320
726847987092,320
726848086994,324
726848186896,324
726848286798,323
726848386700,323
726848486602,320
726848586504,320
726848686406,321
726848786308,321
726848886210,320
726848986112,320
726849086014,321
726849185916,323
726849285818,323
726849385720,323
726849485622,320
726849585524,320
726849685426,320
726849785328,320
726849885230,321
726849985132,320
726850085034,320
726850184936,323
726850284838,323
726850384740,323
726850484642,320
726850584544,320
726850684446,320
726850784348,320
726850884250,320
726850984152,320
726851084054,320
726851183956,326
726851283858,326
726851383760,326
726851483662,321
726851583564,320
726851683466,320
726851783368,320
726851883270,320
726851983172,320
726852083074,320
726852182976,324
726852282878,323
726852382780,323
726852482682,324
726852582584,321
726852682486,320
726852782388,321
726852882290,320
726852982192,320
726853082094,319
726853181996,323
726853281898,322
726853381800,324
726853481702,324
726853581604,320
726853681506,321
726853781408,320
726853881310,320
726853981212,319
726854081114,320
726854181016,320
726854280918,323
726854380820,324
726854480722,324
726854580624,320
726854680526,321
726854780428,320
726854880330,320
726854980232,320
726855080134,320
726855180036,319
726855279938,322
726855379840,324
726855479742,323
726855579644,320
726855679546,320
726855780182,1097
726855880084,317
726855979986,319
726856079888,319
726856179790,320
726856279692,319
726856379594,316
726856479496,316
726856579398,316
726856679300,317
726856779202,317
726856879104,316
726856979006,316
726857078908,320
726857178810,320
726857278712,320
726857378614,316
726857478516,316
726857578418,316
726857678320,316
726857778222,317
726857878124,316
726857978026,316
726858077928,319
726858177830,320
726858277732,319
726858377634,316
726858477536,317
726858577438,316
726858677340,317
726858777242,317
726858877144,316
726858977046,316
726859076948,320
726859176850,319
726859276752,320
726859376654,316
726859476556,316
726859576458,316
726859676360,316
726859776262,316
726859876164,316
726859976066,316
726860075968,320
726860175870,319
726860275772,320
726860375674,316
726860475576,316
726860575478,317
726860675395,316
726860775297,317
726860875199,316
726860975101,316
726861075004,316
726861174906,320
726861274808,320
726861374710,320
726861474612,316
726861574514,316
726861674416,316
726861774318,316
726861874220,316
726861974122,316
726862074024,316
726862173926,322
726862273828,341
726862373730,322
726862473632,316
726862573534,316
726862673437,317
726862773339,317
726862873241,316
726862973143,316
726863073045,316
726863172947,320
726863272849,319
726863372751,320
726863472653,316
726863572555,316
726863672457,316
726863772359,317
726863872261,316
726863972163,316
726864072065,316
726864171967,319
726864271869,319
726864371771,320
726864471673,316
726864571575,316
726864671477,317
726864771379,317
726864871281,316
726864971183,316
726865071085,317
726865170987,319
726865270889,320
726865370791,320
726865470693,320
726865570595,316
726865670497,316
726865771135,1105
726865871037,339
726865970939,324
726866070841,323
726866170743,324
726866270645,320
726866370547,320
726866470449,319
726866570351,320
726866670253,321
726866770155,320
726866870057,320
726866969959,323
726867069861,323
726867169763,323
726867269665,320
726867369567,320
726867469469,321
726867569371,320
726867669273,320
726867769175,320
726867869077,320
726867968979,323
726868068881,324
726868168783,323
726868268685,323
726868368587,320
726868468489,320
726868568391,320
726868668294,321
726868768196,320
726868868098,320
726868968003,320
726869067905,323
726869167807,323
726869267709,323
726869367611,320
726869467513,320
726869567415,320
726869667317,320
726869767219,321
726869867121,320
726869967023,320
726870066925,323
726870166827,323
726870266729,323
726870366631,320
726870466533,320
726870566435,320
726870666337,321
726870766239,321
726870866141,320
726870966043,320
726871065945,323
726871165847,323
726871265749,323
726871365651,320
726871465553,320
726871565455,320
726871665357,319
726871765259,319
726871865161,320
726871965063,320
726872064965,325
726872164867,324
726872264769,324
726872364671,320
726872464573,354
726872564475,321
726872664377,320
726872764279,321
726872864181,321
726872964083,320
726873063985,325
726873163887,326
726873263789,326
726873363691,326
726873463593,320
726873563495,320
726873663397,321
726873763299,320
726873863201,320
726873963103,320
726874063005,320
726874162907,323
726874262809,324
726874362711,324
726874462613,319
726874562515,320
726874662417,334
726874762319,321
726874862221,320
726874962123,320
726875062025,320
726875161927,323
726875261829,323
726875361731,323
726875461633,320
726875561535,321
726875661437,321
726875762074,1100
726875861976,318
726875961878,320
726876061780,320
726876161682,317
726876261584,316
726876361486,316
726876461388,316
726876561290,316
726876661192,316
726876761094,317
726876860996,320
726876960898,320
726877060800,320
726877160702,319
726877260604,316
726877360506,316
726877460408,317
726877560310,316
726877660212,317
726877760114,316
726877860016,316
726877959918,337
726878059820,319
726878159722,319
726878259624,316
726878359526,316
726878459428,316
726878559330,316
726878659232,370
726878759134,317
726878859036,316
726878958938,320
726879058840,320
726879158742,320
726879258644,316
726879358546,316
726879458448,316
726879558350,316
726879658252,316
726879758154,317
726879858056,316
726879957958,319
726880057860,320
726880157762,319
726880257664,316
726880357566,316
726880457468,316
726880557370,316
726880657272,316
726880757174,317
726880857076,316
726880956978,320
726881056880,320
726881156782,319
726881256684,319
726881356586,316
726881456488,316
726881556390,317
726881656292,316
726881756194,317
726881856096,316
726881955998,320
726882055900,320
726882155802,319
726882255704,319
726882355606,316
726882455508,316
726882555410,316
726882655312,316
726882755214,317
726882855116,316
726882955018,316
726883054920,320
726883154822,320
726883254724,321
726883354626,316
726883454528,317
726883554430,316
726883654332,316
726883754234,316
726883854136,316
726883954038,316
726884053940,322
726884153842,322
726884253744,322
726884353646,316
726884453548,316
726884553450,317
726884653352,337
726884753270,317
726884853172,316
726884953074,316
726885052976,320
726885152878,319
726885252780,320
726885352682,316
726885452584,316
726885552486,316
726885652388,316
726885753021,1105
726885852923,324
726885952825,324
726886052727,324
726886152629,320
726886252531,320
726886352433,320
726886452335,320
726886552237,321
726886652139,320
726886752041,321
726886851943,323
726886951845,323
726887051747,323
726887151649,320
726887251551,320
726887351453,320
726887451355,320
726887551257,320
726887651159,319
726887751061,320
726887850963,324
726887950865,323
726888050767,322
726888150669,320
726888250571,320
726888350473,321
726888450375,320
726888550277,320
726888650179,320
726888750081,321
726888849983,324
726888949885,324
726889049787,323
726889149689,324
726889249591,320
726889349493,320
726889449395,320
726889549297,321
726889649199,320
726889749101,320
726889849004,321
726889948906,324
726890048808,325
726890148710,324
726890248612,320
726890348514,320
726890448416,320
726890548318,320
726890648220,320
726890748122,321
726890848024,320
726890947926,324
726891047828,323
726891147730,323
726891247632,320
726891347534,320
726891447436,320
726891547338,320
726891647240,319
726891747142,320
726891847044,320
726891946946,322
726892046848,324
726892146750,324
726892246652,320
726892346554,320
726892446456,320
726892546358,320
726892646260,320
726892746162,321
726892846064,320
726892945966,324
726893045868,323
726893145770,323
726893245672,321
726893345574,320
726893445476,320
726893545378,320
726893645280,320
726893745182,320
726893845084,321
726893944986,323
726894044888,324
726894144790,322
726894244692,323
726894344594,320
726894444496,320
726894544398,321
726894644300,320
726894744202,320
726894844104,319
726894944006,320
726895043908,325
726895143810,326
726895243712,326
726895343614,320
726895443516,320
726895543418,320
726895643320,320
726895743949,1104
726895843851,322
726895943753,324
726896043655,317
726896143557,316
726896243459,316
726896343361,316
726896443263,316
726896543165,317
726896643067,316
726896742969,321
726896842871,319
726896942773,320
726897042675,316
726897142577,316
726897242479,316
726897342381,316
726897442283,316
726897542185,316
726897642087,316
726897741989,320
726897841891,319
726897941793,320
726898041695,320
726898141597,316
726898241499,316
726898341401,316
726898441303,316
726898541205,316
726898641107,316
726898741009,317
726898840911,320
726898940813,319
726899040715,320
726899140617,316
726899240519,316
726899340421,316
726899440323,316
726899540225,316
726899640127,316
726899740029,317
726899839931,320
726899939833,319
726900039735,320
726900139637,316
726900239539,316
726900339441,317
726900439343,316
726900539245,316
726900639147,316
726900739049,317
726900838951,319
726900938853,320
726901038755,319
726901138657,316
726901238559,316
726901338461,316
726901438363,316
726901538265,316
726901638167,316
726901738069,316
726901837971,319
726901937873,319
726902037775,320
726902137677,332
726902237579,329
726902337481,329
726902437383,316
726902537285,316
726902637187,316
726902737089,317
726902836991,320
726902936893,320
726903036795,319
726903136697,319
726903236599,316
726903336501,316
726903436403,317
726903536306,316
726903636208,316
726903736110,317
726903836012,316
726903935914,320
726904035816,320
726904135718,319
726904235620,316
726904335522,316
726904435424,316
726904535326,316
726904635228,316
726904735130,317
726904835032,316
726904934934,319
726905034836,320
726905134738,320
726905234640,316
726905334542,316
726905434444,316
726905534346,317
726905634248,316
726905734880,1111
726905834782,324
726905934684,335
726906034586,321
726906134488,320
726906234390,320
726906334292,321
726906434194,320
726906534096,320
726906633998,325
726906733900,327
726906833802,326
726906933704,326
726907033606,320
726907133508,320
726907233410,320
726907333312,320
726907433214,320
726907533116,320
726907633018,320
726907732920,323
726907832822,324
726907932724,324
726908032626,321
726908132528,320
726908232430,321
726908332332,320
726908432234,320
726908532136,320
726908632038,320
726908731940,323
726908831858,324
726908931760,324
726909031662,320
726909131564,320
726909231466,320
726909331368,320
726909431270,320
726909531172,320
726909631074,320
726909730976,323
726909830878,324
726909930780,324
726910030682,323
726910130584,319
726910230486,320
726910330388,320
726910430290,320
726910530192,320
726910630094,321
726910729996,324
726910829898,323
726910929800,323
726911029702,324
726911129604,319
726911229506,320
726911329408,322
726911429310,321
726911529212,320
726911629114,320
726911729016,320
726911828918,323
726911928820,324
726912028722,324
726912128624,320
726912228526,320
726912328428,320
726912428330,320
726912528232,320
726912628134,320
726912728036,321
726912827938,322
726912927840,324
726913027742,324
726913127644,320
726913227546,320
726913327448,320
726913427350,320
726913527252,320
726913627154,320
726913727056,320
726913826958,324
726913926860,324
726914026762,324
726914126664,320
726914226566,319
726914326468,320
726914426370,320
726914526272,320
726914626174,320
726914726076,320
726914825978,324
726914925880,323
726915025782,323
726915125684,323
726915225586,320
726915325488,320
726915425390,320
726915525292,320
726915625194,320
726915725827,1101
726915825729,321
726915925631,316
726916025533,317
726916125435,316
726916225337,316
726916325239,316
726916425141,316
726916525043,316
726916624945,319
726916724847,321
726916824749,320
726916924651,316
726917024553,316
726917124455,316
726917224357,316
726917324259,316
726917424161,316
726917524063,316
726917623965,322
726917723867,322
726917823769,322
726917923671,316
726918023573,316
726918123475,316
726918223377,316
726918323279,316
726918423181,316
726918523083,316
726918622985,319
726918722887,320
726918822789,320
726918922691,320
726919022593,316
726919122495,316
726919222397,316
726919322299,316
726919422201,316
726919522103,316
726919622005,316
726919721907,320
726919821809,319
726919921711,320
726920021613,316
726920121515,316
726920221417,316
726920321319,316
726920421221,316
726920521123,317
726920621025,316
726920720927,320
726920820829,320
726920920731,320
726921020633,316
726921120535,316
726921220437,316
726921320339,316
726921420241,316
726921520143,316
726921620045,316
726921719947,319
726921819849,321
726921919751,320
726922019653,316
726922119555,316
726922219457,316
726922319359,316
726922419261,316
726922519163,316
726922619065,316
726922718967,320
726922818869,319
726922918771,319
726923018673,316
726923118575,316
726923218477,317
726923318379,316
726923418281,316
726923518183,316
726923618085,316
726923717987,320
726923817889,320
726923917791,320
726924017693,320
726924117595,316
726924217497,316
726924317399,317
726924417301,316
726924517203,316
726924617105,316
726924717007,317
726924816909,320
726924916811,320
726925016713,320
726925116615,316
726925216517,316
726925316419,316
726925416321,316
726925516223,316
726925616125,316
726925716027,316
726925816658,1112
726925916560,320
726926016462,321
726926116364,320
726926216266,320
726926316168,320
726926416070,320
726926515972,323
726926615874,324
726926715776,325
726926815678,321
726926915580,322
726927015482,322
726927115384,320
726927215286,320
726927315188,319
726927415090,320
726927514992,324
726927614894,323
726927714796,324
726927814698,323
726927914600,320
726928014502,320
726928114404,320
726928214306,320
726928314208,320
726928414110,320
726928514012,320
726928613914,325
726928713816,327
726928813718,326
726928913620,320
726929013522,320
726929113424,319
726929213326,320
726929313228,319
726929413130,320
726929513032,320
726929612934,324
726929712836,323
726929812738,324
726929912640,320
726930012542,320
726930112444,320
726930212346,320
726930312248,320
726930412150,320
726930512052,320
726930611954,323
726930711856,324
726930811758,323
726930911660,320
726931011562,320
726931111464,320
726931211366,320
726931311268,320
726931411170,320
726931511072,320
726931610974,323
726931710876,323
726931810778,323
726931910680,324
726932010582,320
726932110484,320
726932210386,320
726932310288,320
726932410190,320
726932510092,320
726932609994,323
726932709896,324
726932809798,324
726932909715,325
726933009617,320
726933109519,321
726933209421,320
726933309323,320
726933409225,319
726933509127,321
726933609029,321
726933708931,323
726933808833,322
726933908735,324
726934008637,321
726934108539,320
726934208441,320
726934308343,320
726934408245,320
726934508147,335
726934608049,321
726934707951,324
726934807853,324
726934907755,324
726935007657,320
726935107559,321
726935207461,320
726935307363,320
726935407265,321
726935507167,320
726935607069,320
726935706971,324
726935807608,1101
726935907510,318
726936007412,317
726936107314,316
726936207216,316
726936307118,316
726936407020,316
726936506922,320
726936606824,320
726936706726,320
726936806628,316
726936906530,316
726937006432,316
726937106334,316
726937206236,316
726937306138,316
726937406040,316
726937505942,320
726937605844,320
726937705746,319
726937805648,316
726937905550,316
726938005452,316
726938105354,316
726938205256,316
726938305158,316
726938405060,316
726938504962,319
726938604864,320
726938704766,321
726938804668,316
726938904570,316
726939004472,316
726939104374,316
726939204276,316
726939304178,316
726939404080,316
726939503982,322
726939603884,322
726939703786,336
726939803688,322
726939903590,316
726940003492,316
726940103394,316
726940203296,316
726940303198,316
726940403100,316
726940503004,317
726940602906,320
726940702808,320
726940802710,320
726940902612,316
726941002514,316
726941102416,316
726941202318,316
726941302220,316
726941402122,316
726941502024,316
726941601926,320
726941701828,320
726941801730,320
726941901632,316
726942001534,316
726942101436,316
726942201338,316
726942301240,316
726942401142,317
726942501044,316
726942600946,319
726942700848,320
726942800750,320
726942900652,316
726943000554,316
726943100456,316
726943200358,316
726943300260,316
726943400162,316
726943500064,316
726943599966,319
726943699868,320
726943799770,319
726943899672,317
726943999574,316
726944099476,316
726944199378,317
726944299280,316
726944399182,317
726944499084,317
726944598986,320
726944698888,320
726944798790,320
726944898692,320
726944998594,316
726945098496,316
726945198398,316
726945298300,316
726945398202,316
726945498104,316
726945598006,316
726945697908,320
726945798551,1108
726945898453,321
726945998355,320
726946098257,320
726946198159,320
726946298061,320
726946397963,324
726946497865,323
726946597767,323
726946697669,320
726946797571,320
726946897473,320
726946997375,319
726947097277,320
726947197179,320
726947297081,319
726947396983,324
726947496885,324
726947596787,323
726947696689,323
726947796591,320
726947896493,320
726947996395,320
726948096297,320
726948196199,321
726948296101,320
726948396004,319
726948495906,323
726948595808,323
726948695710,324
726948795612,321
726948895514,320
726948995416,320
726949095318,320
726949195220,320
726949295122,319
726949395024,320
726949494926,324
726949594828,323
726949694730,324
726949794632,320
726949894534,320
726949994436,320
726950094338,320
726950194240,320
726950294142,320
726950394044,320
726950493946,327
726950593848,326
726950693750,325
726950793652,321
726950893554,320
726950993456,320
726951093358,320
726951193260,320
726951293162,320
726951393064,320
726951492966,324
726951592868,324
726951692770,324
726951792672,320
726951892574,320
726951992476,320
726952092378,320
726952192280,320
726952292182,320
726952392084,320
726952491986,323
726952591888,323
726952691790,341
726952791692,323
726952891594,320
726952991496,320
726953091398,320
726953191300,320
726953291202,320
726953391104,320
726953491006,320
726953590908,323
726953690810,324
726953790712,324
726953890614,321
726953990516,320
726954090418,320
726954190320,320
726954290222,320
726954390124,320
726954490026,320
726954589928,324
726954689830,323
726954789732,324
726954889634,320
726954989536,320
726955089438,320
726955189340,319
726955289242,320
726955389144,320
726955489046,320
726955588948,324
726955688850,323
726955789488,1104
726955889390,317
726955989292,335
726956089194,316
726956189096,316
726956288998,319
726956388900,320
726956488802,319
726956588704,320
726956688606,317
726956788508,317
726956888425,317
726956988327,316
726957088229,316
726957188131,316
726957288033,316
726957387935,319
726957487837,326
726957587739,320
726957687641,316
726957787543,316
726957887445,316
726957987347,316
726958087249,316
726958187151,316
726958287053,317
726958386955,319
726958486857,320
726958586759,319
726958686661,317
726958786563,317
726958886465,316
726958986367,316
726959086269,316
726959186171,316
726959286073,316
726959385975,320
726959485877,320
726959585779,320
726959685681,316
726959785583,316
726959885485,316
726959985387,316
726960085289,316
726960185191,316
726960285093,317
726960384995,320
726960484897,320
726960584799,320
726960684701,320
726960784603,316
726960884505,316
726960984407,316
726961084309,316
726961184211,316
726961284113,316
726961384015,316
726961483917,322
726961583819,321
726961683721,322
726961783623,316
726961883525,316
726961983427,316
726962083329,316
726962183231,329
726962283133,329
726962383035,316
726962482937,319
726962582839,320
726962682741,320
726962782643,317
726962882545,316
726962982447,316
726963082349,316
726963182251,316
726963282153,316
726963382055,316
726963481957,320
726963581860,319
726963681762,320
726963781664,317
726963881566,317
726963981468,316
726964081370,316
726964181272,316
726964281174,316
726964381076,316
726964480978,319
726964580880,320
726964680782,320
726964780684,321
726964880586,316
726964980488,316
726965080390,316
726965180292,316
726965280194,316
726965380096,316
726965479998,320
726965579900,319
726965679802,320
726965780444,1124
726965880346,320
726965980248,320
726966080150,320
726966180052,320
726966279954,323
726966379856,323
726966479758,324
726966579660,320
726966679562,321
726966779464,321
726966879366,321
726966979268,320
726967079170,320
726967179072,320
726967278974,322
726967378876,323
726967478778,325
726967578680,323
726967678582,320
726967778484,320
726967878386,339
726967978288,320
726968078190,320
726968178092,320
726968277994,323
726968377896,323
726968477798,324
726968577700,324
726968677602,321
726968777504,320
726968877406,320
726968977308,320
726969077210,320
726969177112,320
726969277014,319
726969376916,323
726969476818,324
726969576720,345
726969676622,320
726969776524,321
726969876426,320
726969976328,320
726970076230,320
726970176132,320
726970276034,319
726970375936,323
726970475838,323
726970575740,323
726970675642,320
726970775544,320
726970875446,320
726970975348,320
726971075250,320
726971175152,320
726971275054,320
726971374956,324
726971474858,323
726971574760,324
726971674662,320
726971774564,321
726971874466,320
726971974368,320
726972074270,320
726972174172,320
726972274074,320
726972373976,326
726972473878,326
726972573780,326
726972673682,327
726972773584,320
726972873486,320
726972973388,320
726973073290,320
726973173192,320
726973273094,320
726973372996,324
726973472898,324
726973572800,324
726973672702,323
726973772604,320
726973872506,320
726973972408,320
726974072310,320
726974172212,320
726974272114,320
726974372016,322
726974471918,323
726974571820,323
726974671722,324
726974771624,321
726974871526,321
726974971428,320
726975071330,320
726975171232,320
726975271134,320
726975371036,320
726975470938,323
726975570840,323
726975670742,324
