3465942993616,32491
3465943093572,6951
3465943193495,6823
3465943293417,6828
3465943393339,6807
3465943493261,7104
3465943593183,7081
3465943693105,7123
3465943793027,7083
3465943892949,7100
3465943992871,7093
3465944092793,7088
3465944192715,7079
3465944292637,7080
3465944392559,7082
3465944492481,6816
3465944592403,6803
3465944692326,6901
3465944792248,6809
3465944892170,6808
3465944992092,6812
3465945092014,6801
3465945191936,6807
3465945291858,6802
3465945391780,6806
3465945491702,6806
3465945591624,6800
3465945691546,6809
3465945791469,6804
3465945891391,6809
3465945991313,6810
3465946091235,6812
3465946191157,6805
3465946291079,6807
3465946391004,6809
3465946490926,6803
3465946590848,6810
3465946690770,6892
3465946790692,6804
3465946890614,6809
3465946990536,6808
3465947090458,6814
3465947190380,6921
3465947290302,6815
3465947390224,6811
3465947490146,6811
3465947590068,6798
3465947689990,6816
3465947789912,6807
3465947889834,6805
3465947989756,6808
3465948089678,6875
3465948189915,7663
3465948289837,6920
3465948389759,6921
3465948489681,6927
3465948589603,6925
3465948689526,7276
3465948789448,7201
3465948889370,7194
3465948989293,7198
3465949089215,7197
3465949189137,7218
3465949289059,7213
3465949388981,7205
3465949488903,6927
3465949588825,6925
3465949688747,6924
3465949788670,6926
3465949888592,6930
3465949988514,6922
3465950088436,6931
3465950188358,6924
3465950288280,6937
3465950388202,6924
3465950488124,6934
3465950588046,6922
3465950687969,7011
3465950787891,6941
3465950887813,6924
3465950987735,6928
3465951087658,6935
3465951187581,6928
3465951287503,6928
3465951387425,6927
3465951487347,6923
3465951587269,6931
3465951687191,6950
3465951787113,6924
3465951887035,6913
3465951986957,6924
3465952086879,6924
3465952186801,6922
3465952286723,6920
3465952386645,6919
3465952486567,6918
3465952586489,6925
3465952686411,7035
3465952786333,6928
3465952886255,6924
3465952986177,6916
3465953086099,6920
3465953186022,6991
3465953286283,7250
3465953386205,6805
3465953486127,6801
3465953586049,6799
3465953685971,6844
3465953785894,7099
3465953885816,7066
3465953985738,7075
3465954085660,7076
3465954185582,6805
3465954285504,6811
3465954385426,6809
3465954485348,6815
3465954585270,6808
3465954685193,6881
3465954785115,6805
3465954885038,6804
3465954984960,6810
3465955084882,6806
3465955184804,6801
3465955284726,6805
3465955384648,6800
3465955484570,6818
3465955584492,6809
3465955684414,6839
3465955784336,6802
3465955884258,6807
3465955984180,6807
3465956084102,6804
3465956184025,6810
3465956283947,6815
3465956383869,6808
3465956483791,6808
3465956583713,6799
3465956683635,6877
3465956783557,6811
3465956883479,6814
3465956983401,6814
3465957083323,6809
3465957183245,6812
3465957283167,6803
3465957383089,6809
3465957483011,6806
3465957582933,6811
3465957682855,6911
3465957782778,6818
3465957882700,6811
3465957982622,6809
3465958082544,6812
3465958182466,6800
3465958282388,6877
3465958382643,7425
3465958482566,6937
3465958582488,6933
3465958682410,6986
3465958782332,6926
3465958882254,7218
3465958982177,7202
3465959082099,7208
3465959182022,7200
3465959281945,7211
3465959381867,7213
3465959481789,6926
3465959581711,6931
3465959681633,6967
3465959781555,6925
3465959881477,6928
3465959981399,7283
3465960081321,6934
3465960181243,6929
3465960281165,6928
3465960381087,6936
3465960481009,6924
3465960580931,6927
3465960680853,6960
3465960780775,6930
3465960880697,6927
3465960980619,6927
3465961080541,6927
3465961180463,6934
3465961280385,6943
3465961380307,6928
3465961480229,7070
3465961580151,6925
3465961680073,6918
3465961779996,6924
3465961879918,6929
3465961979840,6926
3465962079762,6924
3465962179684,6929
3465962279606,6925
3465962379528,6932
3465962479450,6928
3465962579372,6926
3465962679294,6925
3465962779216,6936
3465962879138,6938
3465962979060,6930
3465963078982,7047
3465963178904,6929
3465963278826,6926
3465963378749,7007
3465963478990,7226
3465963578912,6844
3465963678834,6811
3465963778756,6793
3465963878678,6800
3465963978600,7108
3465964078522,7070
3465964178444,7084
3465964278367,7094
3465964378289,7080
3465964478211,6812
3465964578163,6901
3465964678085,6813
3465964778007,6798
3465964877929,6802
3465964977851,6800
3465965077773,6821
3465965177695,6811
3465965277617,6809
3465965377539,6808
3465965477461,6811
3465965577383,6807
3465965677305,6802
3465965777228,6812
3465965877150,6796
3465965977072,6803
3465966076994,6811
3465966176916,6797
3465966276838,6803
3465966376760,6805
3465966476682,6806
3465966576604,6820
3465966676526,6814
3465966776448,6809
3465966876370,6805
3465966976292,6813
3465967076214,6807
3465967176136,6800
3465967276058,6804
3465967375980,6808
3465967475902,6809
3465967575824,6985
3465967675746,6809
3465967775668,6794
3465967875590,6806
3465967975512,6808
3465968075434,6801
3465968175356,6803
3465968275278,6796
3465968375200,6814
3465968475123,6861
3465968575362,7400
3465968675284,6923
3465968775207,6933
3465968875129,6924
3465968975051,6916
3465969074973,7221
3465969174896,7197
3465969274818,7201
3465969374740,7200
3465969474662,7192
3465969574584,7202
3465969674506,7202
3465969774429,7199
3465969874351,7200
3465969974273,7204
3465970074195,7206
3465970174118,7198
3465970274040,7197
3465970373962,6930
3465970473884,6929
3465970573806,6923
3465970673728,6932
3465970773650,6936
3465970873572,6926
3465970973494,6929
3465971073416,6935
3465971173338,6928
3465971273260,6921
3465971373182,6925
3465971473104,6943
3465971573026,6922
3465971672949,6933
3465971772871,6931
3465971872793,6923
3465971972715,6926
3465972072637,6932
3465972172559,6931
3465972272481,6928
3465972372403,6931
3465972472325,6926
3465972572247,6928
3465972672169,6932
3465972772091,6931
3465972872013,6920
3465972971935,6925
3465973071857,6930
3465973171779,6930
3465973271701,6933
3465973371623,6921
3465973471545,6922
3465973571467,6991
3465973671707,7249
3465973771630,6843
3465973871552,6805
3465973971474,6805
3465974071396,6805
3465974171318,7092
3465974271240,7073
3465974371162,7078
3465974471084,7089
3465974571007,7080
3465974670929,7091
3465974770851,6817
3465974870773,6801
3465974970695,6808
3465975070617,6805
3465975170539,6808
3465975270461,6810
3465975370383,6814
3465975470305,6815
3465975570227,6817
3465975670149,6805
3465975770071,6811
3465975869993,6810
3465975969915,6815
3465976069837,6810
3465976169759,6811
3465976269681,6809
3465976369603,6814
3465976469525,6815
3465976569447,6807
3465976669369,6811
3465976769291,6814
3465976869213,6809
3465976969135,6801
3465977069057,6805
3465977168979,6812
3465977268901,6802
3465977368823,6810
3465977468745,6811
3465977568667,6812
3465977668589,6809
3465977768512,6808
3465977868434,6809
3465977968356,6815
3465978068278,6807
3465978168200,6810
3465978268122,6804
3465978368044,6805
3465978467966,6803
3465978567888,6804
3465978667810,6899
3465978768052,7437
3465978867974,6931
3465978967897,6930
3465979067819,6918
3465979167742,6927
3465979267665,7407
3465979367587,7279
3465979467509,7198
3465979567431,7202
3465979667354,7203
3465979767276,7203
3465979867198,7201
3465979967120,7200
3465980067042,7204
3465980166965,7207
3465980266887,7206
3465980366809,7201
3465980466731,7212
3465980566653,7198
3465980666575,7211
3465980766497,6933
3465980866419,6921
3465980966341,6923
3465981066263,6921
3465981166185,6935
3465981266107,6934
3465981366029,6922
3465981465951,6914
3465981565873,6933
3465981665795,6930
3465981765718,6928
3465981865640,6918
3465981965562,6939
3465982065484,6923
3465982165406,6926
3465982265328,6923
3465982365250,6914
3465982465172,6923
3465982565094,6919
3465982665016,6971
3465982764938,6924
3465982864860,6926
3465982964782,6922
3465983064704,6920
3465983164626,6927
3465983264548,6929
3465983364470,6924
3465983464392,6928
3465983564314,6920
3465983664236,6922
3465983764158,6989
3465983864420,7262
3465983964342,6798
3465984064264,6796
3465984164186,6799
3465984264108,6800
3465984364030,7174
3465984463952,7080
3465984563875,7077
3465984663797,7152
3465984763720,6819
3465984863642,6813
3465984963564,6811
3465985063486,6812
3465985163408,6814
3465985263330,6805
3465985363252,6810
3465985463174,6811
3465985563096,6795
3465985663018,6806
3465985762940,6812
3465985862862,6804
3465985962784,6810
3465986062706,6824
3465986162648,6817
3465986262570,6819
3465986362492,6811
3465986462414,6809
3465986562336,6811
3465986662258,6881
3465986762180,6814
3465986862102,6807
3465986962024,6807
3465987061946,6806
3465987161868,6809
3465987261790,6816
3465987361712,6810
3465987461634,6816
3465987561556,6819
3465987661478,6804
3465987761400,6805
3465987861322,6806
3465987961244,6806
3465988061166,6871
3465988161088,6808
3465988261010,6810
3465988360932,6810
3465988460854,6816
3465988560776,6804
3465988660698,6880
3465988760620,6799
3465988860542,6882
3465988960782,7436
3465989060704,6929
3465989160626,6933
3465989260548,6923
3465989360470,6919
3465989460393,7199
3465989560315,7201
3465989660237,7206
3465989760160,7197
3465989860083,7198
3465989960005,7204
3465990059927,7207
3465990159850,7210
3465990259772,7201
3465990359694,7210
3465990459616,7205
3465990559538,7205
3465990659461,7262
3465990759383,6935
3465990859305,6927
3465990959227,6929
3465991059149,6927
3465991159071,6933
3465991258993,6929
3465991358915,6929
3465991458837,6919
3465991558759,6942
3465991658681,6933
3465991758603,6925
3465991858526,6930
3465991958448,6922
3465992058370,7099
3465992158292,6929
3465992258214,6928
3465992358136,6932
3465992458058,6925
3465992557980,6932
3465992657902,7073
3465992757824,6927
3465992857746,7106
3465992957668,6927
3465993057590,6926
3465993157512,6929
3465993257434,6931
3465993357356,6924
3465993457278,6929
3465993557200,6923
3465993657122,6967
3465993757045,6920
