726976788274,8168
726976888202,639
726976988106,632
726977088010,633
726977187912,636
726977287814,636
726977387716,636
726977487618,636
726977587520,636
726977687422,636
726977787324,633
726977887226,633
726977987128,633
726978087030,633
726978186932,637
726978286834,636
726978386736,636
726978486638,637
726978586540,637
726978686442,636
726978786344,633
726978886248,633
726978986150,633
726979086052,633
726979185954,636
726979285856,635
726979385760,637
726979485662,638
726979585564,636
726979685466,636
726979785368,636
726979885270,633
726979985172,633
726980085074,633
726980184976,636
726980284878,636
726980384780,636
726980484682,636
726980584584,637
726980684486,636
726980784388,637
726980884290,633
726980984192,632
726981084096,632
726981183998,638
726981283900,638
726981383802,638
726981483704,639
726981583606,640
726981683508,639
726981783410,639
726981883312,633
726981983214,633
726982083116,633
726982183018,633
726982282920,636
726982382822,636
726982482724,636
726982582626,637
726982682528,636
726982782430,637
726982882332,633
726982982234,633
726983082136,631
726983182038,633
726983281940,635
726983381842,635
726983481744,636
726983581646,635
726983681548,636
726983781450,636
726983881352,633
726983981254,632
726984081156,632
726984181058,633
726984280960,637
726984380862,636
726984480764,637
726984580666,636
726984680568,638
726984780470,636
726984880372,638
726984980274,634
726985080176,632
726985180078,633
726985279980,635
726985379882,636
726985479784,636
726985579686,635
726985679588,636
726985779490,636
726985879392,636
726985979294,633
726986079196,633
726986179098,632
726986279003,632
726986378905,636
726986478807,636
726986578709,636
726986678611,636
726986778513,636
726986879155,1465
726986979059,642
726987078961,645
726987178863,644
726987278765,644
726987378667,643
726987478569,645
726987578471,660
726987678373,644
726987778275,641
726987878177,675
726987978079,641
726988077981,644
726988177883,644
726988277785,644
726988377687,644
726988477589,643
726988577491,644
726988677393,644
726988777295,641
726988877197,641
726988977099,641
726989077004,640
726989176906,644
726989276808,644
726989376710,643
726989476612,644
726989576514,678
726989676416,645
726989776318,641
726989876220,640
726989976122,640
726990076024,641
726990175926,643
726990275828,643
726990375730,645
726990475632,645
726990575534,643
726990675436,643
726990775338,641
726990875240,641
726990975142,641
726991075044,640
726991174946,644
726991274848,643
726991374750,645
726991474652,644
726991574554,643
726991674456,644
726991774358,640
726991874260,640
726991974162,641
726992074064,641
726992173966,646
726992273868,646
726992373770,646
726992473672,648
726992573574,647
726992673476,648
726992773378,647
726992873280,640
726992973182,641
726993073084,641
726993172986,645
726993272888,645
726993372790,643
726993472692,645
726993572594,644
726993672496,643
726993772398,643
726993872300,642
726993972202,641
726994072104,641
726994172006,640
726994271908,644
726994371810,643
726994471712,644
726994571614,644
726994671516,644
726994771418,644
726994871320,641
726994971222,641
726995071124,641
726995171026,641
726995270928,645
726995370830,644
726995470732,644
726995570634,644
726995670536,645
726995770438,644
726995870340,640
726995970242,640
726996070144,640
726996170046,641
726996269948,644
726996369850,644
726996469752,644
726996569654,644
726996669556,644
726996769458,643
726996870106,1438
726996970010,633
726997069912,636
726997169814,636
726997269716,635
726997369618,636
726997469520,636
726997569422,636
726997669324,633
726997769226,633
726997869128,632
726997969030,632
726998068932,636
726998168834,636
726998268736,636
726998368638,636
726998468540,636
726998568442,637
726998668345,633
726998768247,633
726998868149,633
726998968051,633
726999067953,636
726999167855,635
726999267757,636
726999367659,636
726999467561,636
726999567463,636
726999667365,633
726999767267,632
726999867169,632
726999967071,635
727000066973,636
727000166875,636
727000266777,636
727000366679,636
727000466581,636
727000566483,637
727000666385,637
727000766287,633
727000866222,630
727000966124,633
727001066026,633
727001165928,635
727001265830,635
727001365732,636
727001465634,637
727001565536,636
727001665438,636
727001765340,632
727001865242,633
727001965144,633
727002065046,632
727002164948,636
727002264850,640
727002364752,636
727002464654,686
727002564556,636
727002664458,649
727002764360,633
727002864262,633
727002964164,633
727003064066,633
727003163968,637
727003263870,639
727003363772,639
727003463674,644
727003563576,640
727003663478,639
727003763380,640
727003863282,633
727003963184,632
727004063086,633
727004162988,636
727004262890,636
727004362792,636
727004462694,636
727004562596,636
727004662498,650
727004762400,637
727004862302,633
727004962204,633
727005062106,633
727005162008,633
727005261910,636
727005361812,636
727005461714,636
727005561616,636
727005661518,636
727005761420,636
727005861322,632
727005961224,633
727006061126,632
727006161028,632
727006260930,635
727006360832,655
727006460734,636
727006560636,637
727006660538,637
727006760440,637
727006860342,633
727006960982,1440
727007060886,644
727007160788,644
727007260690,644
727007360592,645
727007460494,645
727007560396,644
727007660298,641
727007760200,641
727007860102,641
727007960004,677
727008059906,644
727008159808,644
727008259710,644
727008359612,644
727008459514,644
727008559416,643
727008659318,712
727008759220,641
727008859122,641
727008959024,641
727009058926,644
727009158828,644
727009258730,643
727009358632,644
727009458534,644
727009558436,645
727009658338,641
727009758240,641
727009858142,641
727009958044,641
727010057946,644
727010157848,644
727010257750,644
727010357652,644
727010457554,644
727010557456,645
727010657358,640
727010757260,641
727010857162,640
727010957064,641
727011056966,645
727011156868,643
727011256770,643
727011356672,643
727011456574,644
727011556476,645
727011656378,645
727011756280,640
727011856182,640
727011956084,642
727012055986,644
727012155888,643
727012255790,645
727012355692,643
727012455594,644
727012555496,645
727012655398,644
727012755300,641
727012855202,640
727012955104,640
727013055006,641
727013154908,643
727013254810,644
727013354712,644
727013454614,644
727013554516,645
727013654418,644
727013754320,640
727013854222,641
727013954124,641
727014054026,641
727014153928,646
727014253830,646
727014353732,647
727014453634,660
727014553536,648
727014653439,665
727014753341,640
727014853243,640
727014953145,640
727015053047,640
727015152949,644
727015252851,644
727015352753,644
727015452655,646
727015552557,645
727015652459,645
727015752361,645
727015852263,641
727015952165,640
727016052067,641
727016151969,644
727016251871,643
727016351773,644
727016451675,644
727016551577,645
727016651479,644
727016751381,645
727016852024,1431
727016951928,636
727017051830,636
727017151732,636
727017251634,636
727017351536,636
727017451438,636
727017551340,633
727017651242,632
727017751144,633
727017851046,632
727017950948,671
727018050850,636
727018150752,636
727018250654,636
727018350556,636
727018450458,636
727018550360,631
727018650262,628
727018750164,631
727018850066,630
727018949968,636
727019049870,636
727019149772,635
727019249674,636
727019349576,636
727019449478,636
727019549380,636
727019649282,632
727019749184,633
727019849086,633
727019948988,636
727020048890,636
727020148792,637
727020248694,637
727020348596,636
727020448498,636
727020548400,650
727020648302,633
727020748204,633
727020848106,632
727020948008,633
727021047910,636
727021147812,636
727021247714,636
727021347616,636
727021447518,636
727021547420,636
727021647322,630
727021747224,633
727021847126,633
727021947028,632
727022046930,636
727022146832,636
727022246734,636
727022346636,636
727022446538,656
727022546440,637
727022646342,633
727022746244,633
727022846146,633
727022946048,633
727023045950,636
727023145852,635
727023245754,636
727023345656,636
727023445558,637
727023545461,637
727023645363,633
727023745265,633
727023845167,633
727023945069,632
727024044971,636
727024144873,636
727024244775,636
727024344677,637
727024444579,636
727024544481,637
727024644383,637
727024744285,633
727024844187,632
727024944106,633
727025044008,633
727025143910,638
727025243812,638
727025343714,639
727025443616,638
727025543518,639
727025643420,640
727025743322,633
727025843224,633
727025943126,632
727026043028,633
727026142930,636
727026242832,636
727026342734,636
727026442636,636
727026542538,636
727026642440,636
727026742342,633
727026842244,633
727026942885,1445
727027042789,645
727027142691,644
727027242593,644
727027342495,643
727027442397,644
727027542299,641
727027642201,639
727027742103,642
727027842005,641
727027941907,644
727028041809,645
727028141711,644
727028241613,644
727028341515,644
727028441417,644
727028541319,641
727028641221,641
727028741123,640
727028841025,641
727028940927,645
727029040829,643
727029140731,645
727029240633,644
727029340535,644
727029440437,644
727029540339,641
727029640241,640
727029740143,640
727029840045,640
727029939947,644
727030039849,645
727030139751,643
727030239653,643
727030339555,644
727030439457,644
727030539359,644
727030639261,639
727030739163,641
727030839065,640
727030938967,645
727031038869,644
727031138771,644
727031238673,644
727031338575,644
727031438477,645
727031538379,644
727031638281,642
727031738183,641
727031838085,640
727031937987,644
727032037889,643
727032137791,642
727032237693,644
727032337595,645
727032437499,643
727032537403,644
727032637307,640
727032737211,641
727032837115,653
727032937019,640
727033036923,644
727033136825,645
727033236727,644
727033336631,644
727033436535,645
727033536439,644
727033636343,640
727033736247,641
727033836151,641
727033936053,640
727034035955,644
727034135857,644
727034235759,644
727034335661,643
727034435563,643
727034535465,644
727034635367,645
727034735269,640
727034835171,640
727034935073,641
727035034975,644
727035134877,644
727035234779,644
727035334681,644
727035434583,644
727035534485,644
727035634387,645
727035734289,641
727035834191,641
727035934093,640
727036033995,647
727036133897,648
727036233799,647
727036333701,647
727036433603,646
727036533505,647
727036633407,647
727036733309,641
727036833952,1442
727036933856,639
727037033758,640
727037133660,639
727037233562,639
727037333464,639
727037433366,633
727037533268,633
727037633170,632
727037733072,633
727037832974,656
727037932876,636
727038032778,637
727038132680,636
727038232582,636
727038332484,636
727038432386,637
727038532288,633
727038632190,633
727038732092,633
727038831994,636
727038931896,636
727039031798,636
727039131700,636
727039231602,636
727039331504,636
727039431406,636
727039531308,633
727039631210,632
727039731112,633
727039831014,632
727039930916,636
727040030818,636
727040130720,636
727040230622,636
727040330524,637
727040430426,636
727040530328,633
727040630230,632
727040730132,633
727040830034,633
727040929936,636
727041029838,636
727041129740,636
727041229642,636
727041329544,636
727041429446,637
727041529348,633
727041629250,632
727041729152,633
727041829054,633
727041928956,636
727042028858,636
727042128760,636
727042228662,636
727042328564,640
727042428466,636
727042528368,636
727042628270,633
727042728172,633
727042828074,632
727042927976,636
727043027878,636
727043127780,637
727043227682,636
727043327584,636
727043427486,636
727043527388,636
727043627290,633
727043727192,633
727043827094,632
727043926996,636
727044026898,637
727044126800,636
727044226702,636
727044326604,636
727044426506,636
727044526408,637
727044626310,633
727044726212,633
727044826114,632
727044926016,633
727045025918,637
727045125820,636
727045225722,635
727045325624,636
727045425526,636
727045525428,637
727045625330,632
727045725232,633
727045825134,632
727045925036,633
727046024938,638
727046124840,637
727046224742,636
727046324644,636
727046424546,636
727046524448,637
727046624350,633
727046724252,633
727046824154,633
727046924056,633
727047023958,638
727047124607,1451
727047224511,645
727047324413,645
727047424315,640
727047524217,641
727047624119,641
727047724021,642
727047823923,647
727047923825,646
727048023727,647
727048123629,646
727048223531,647
727048323433,646
727048423335,641
727048523237,640
727048623139,641
727048723041,641
727048822943,643
727048922845,644
727049022767,647
727049122669,644
727049222571,643
727049322473,643
727049422375,644
727049522277,641
727049622179,640
727049722081,641
727049821983,644
727049921885,644
727050021787,644
727050121689,644
727050221591,642
727050321493,643
727050421395,644
727050521297,641
727050621199,641
727050721102,640
727050821005,640
727050920907,644
727051020809,644
727051120711,643
727051220613,644
727051320515,645
727051420417,645
727051520319,641
727051620221,641
727051720123,642
727051820025,640
727051919927,645
727052019829,645
727052119731,645
727052219633,644
727052319535,644
727052419437,644
727052519339,642
727052619241,641
727052719143,640
727052819045,641
727052918947,644
727053018849,644
727053118751,644
727053218653,643
727053318555,644
727053418457,677
727053518359,645
727053618261,641
727053718163,641
727053818065,641
727053917967,643
727054017869,644
727054117771,644
727054217673,644
727054317575,647
727054417477,644
727054517379,644
727054617281,641
727054717184,641
727054817086,640
727054916988,644
727055016890,644
727055116792,643
727055216694,644
727055316596,643
727055416498,645
727055516400,645
727055616302,640
727055716204,641
727055816106,641
727055916008,641
727056015910,645
727056115812,644
727056215714,645
727056315616,643
727056415518,644
727056515420,645
727056615322,641
727056715224,642
727056815126,640
727056915769,1436
727057015673,636
727057115575,636
727057215477,636
727057315379,637
727057415281,633
727057515183,633
727057615085,632
727057714987,636
727057814889,636
727057914791,636
727058014693,636
727058114595,636
727058214497,636
727058314399,636
727058414301,633
727058514203,633
727058614105,633
727058714007,633
727058813909,638
727058913811,640
727059013713,639
727059113615,638
727059213517,639
727059313419,639
727059413321,633
727059513223,633
727059613125,633
727059713027,633
727059812929,636
727059912831,637
727060012733,636
727060112635,636
727060212537,635
727060312439,636
727060412341,633
727060512244,668
727060612146,633
727060712048,633
727060811950,636
727060911852,636
727061011754,671
727061111656,635
727061211558,636
727061311460,636
727061411362,633
727061511264,633
727061611166,633
727061711068,633
727061810970,635
727061910872,636
727062010774,636
727062110676,635
727062210578,635
727062310480,636
727062410382,636
727062510284,633
727062610186,633
727062710088,633
727062809990,636
727062909892,636
727063009794,636
727063109696,636
727063209598,635
727063309500,636
727063409402,636
727063509304,633
727063609206,633
727063709108,633
727063809010,632
727063908912,636
727064008814,636
727064108716,636
727064208618,636
727064308520,636
727064408422,636
727064508324,633
727064608226,633
727064708128,633
727064808030,633
727064907932,636
727065007834,636
727065107736,636
727065207638,637
727065307540,636
727065407442,635
727065507344,633
727065607246,633
727065707148,633
727065807050,633
727065906952,636
727066006854,636
727066106756,636
727066206658,636
727066306560,636
727066406462,637
727066506364,633
727066606266,633
727066706168,633
727066806070,633
727066906715,1457
727067006619,645
727067106521,645
727067206423,645
727067306325,641
727067406227,641
727067506129,641
727067606031,641
727067705933,643
727067805835,643
727067905737,644
727068005639,645
727068105541,644
727068205443,644
727068305345,640
727068405247,640
727068505149,641
727068605051,640
727068704953,645
727068804855,644
727068904757,645
727069004659,644
727069104561,644
727069204463,644
727069304365,645
727069404267,641
727069504169,641
727069604071,640
727069703973,664
727069803875,648
727069903777,647
727070003679,648
727070103581,647
727070203483,660
727070303385,646
727070403287,641
727070503189,641
727070603091,641
727070702993,644
727070802895,644
727070902797,643
727071002699,644
727071102601,643
727071202503,643
727071302405,644
727071402307,640
727071502209,641
727071602111,641
727071702013,640
727071801915,644
727071901817,666
727072001719,644
727072101621,644
727072201523,644
727072301425,644
727072401327,640
727072501229,641
727072601131,641
727072701033,677
727072800935,645
727072900837,644
727073000739,645
727073100657,646
727073200559,645
727073300461,644
727073400363,644
727073500265,641
727073600167,640
727073700069,641
727073799971,644
727073899873,644
727073999775,644
727074099677,644
727074199579,644
727074299481,644
727074399383,643
727074499285,640
727074599187,641
727074699089,641
727074798991,644
727074898893,643
727074998795,645
727075098697,645
727075198599,644
727075298501,644
727075398403,644
727075498306,641
727075598208,640
727075698110,642
727075798012,640
727075897914,643
727075997816,644
727076097718,645
727076197620,644
727076297522,645
727076397424,644
727076497326,642
727076597228,641
727076697131,642
727076797033,642
727076897684,1451
727076997589,637
727077097491,636
727077197393,636
727077297295,633
727077397197,632
727077497099,633
727077597004,633
727077696906,636
727077796808,635
727077896710,636
727077996612,636
727078096514,636
727078196416,636
727078296318,632
727078396220,633
727078496122,633
727078596024,632
727078695926,637
727078795828,636
727078895730,638
727078995632,636
727079095534,636
727079195436,635
727079295338,632
727079395240,632
727079495142,633
727079595044,633
727079694946,637
727079794848,636
727079894750,637
727079994652,637
727080094554,635
727080194456,636
727080294358,633
727080394260,633
727080494162,633
727080594064,633
727080693966,639
727080793868,639
727080893770,639
727080993674,639
727081093576,639
727081193478,639
727081293380,639
727081393282,633
727081493184,633
727081593086,633
727081692988,636
727081792890,636
727081892792,636
727081992694,637
727082092596,636
727082192498,662
727082292400,662
727082392302,657
727082492204,658
727082592106,657
727082692008,670
727082791910,637
727082891812,636
727082991714,636
727083091616,636
727083191518,636
727083291420,636
727083391322,633
727083491224,633
727083591127,634
727083691029,633
727083790931,636
727083890833,636
727083990735,636
727084090637,636
727084190539,636
727084290441,637
727084390343,633
727084490245,633
727084590147,633
727084690049,633
727084789951,636
727084889853,636
727084989755,636
727085089657,671
727085189559,636
727085289461,636
727085389363,633
727085489265,633
727085589167,633
727085689069,633
727085788971,637
727085888873,636
727085988775,636
727086088677,637
727086188579,636
727086288481,635
727086388383,636
727086488285,633
727086588187,632
727086688089,633
727086788729,1465
727086888633,644
727086988535,643
727087088437,645
727087188339,640
727087288241,640
727087388143,641
727087488045,641
727087587947,644
727087687849,644
727087787751,645
727087887653,647
727087987555,645
727088087457,644
727088187359,641
727088287261,641
727088387163,640
727088487065,642
727088586967,645
727088686869,643
727088786771,644
727088886673,644
727088986575,644
727089086477,645
727089186379,644
727089286281,640
727089386183,641
727089486085,641
727089585987,643
727089685889,644
727089785791,643
727089885693,645
727089985595,643
727090085497,645
727090185399,644
727090285301,641
727090385203,641
727090485105,640
727090585007,641
727090684909,644
727090784811,644
727090884713,644
727090984615,645
727091084517,643
727091184419,643
727091284321,641
727091384223,640
727091484125,641
727091584027,642
727091683929,648
727091783831,646
727091883733,647
727091983635,647
727092083537,647
727092183439,648
727092283341,641
727092383243,640
727092483145,642
727092583047,640
727092682949,644
727092782851,644
727092882753,646
727092982655,645
727093082557,644
727093182459,644
727093282361,644
727093382263,641
727093482165,641
727093582067,640
727093681969,644
727093781871,644
727093881773,644
727093981675,644
727094081577,644
727094181479,644
727094281381,643
727094381283,641
727094481185,641
727094581087,641
727094680989,644
727094780891,644
727094880793,644
727094980695,644
727095080597,644
727095180499,645
727095280401,643
727095380303,640
727095480205,640
727095580107,641
727095680009,641
727095779911,644
727095879813,645
727095979715,646
727096079617,643
727096179519,644
727096279421,644
727096379323,641
727096479225,641
727096579127,641
727096679029,641
727096778931,645
727096879580,1463
727096979484,636
727097079404,637
727097179306,634
727097279208,633
727097379110,632
727097479012,633
727097578914,635
727097678816,636
727097778718,636
727097878620,636
727097978522,636
727098078424,636
727098178326,633
727098278228,633
727098378130,633
727098478032,633
727098577934,636
727098677836,637
727098777738,635
727098877640,637
727098977542,636
727099077444,637
727099177346,633
727099277248,633
727099377150,632
727099477052,633
727099576954,636
727099676856,636
727099776758,636
727099876660,636
727099976562,637
727100076464,636
727100176366,632
727100276268,632
727100376170,633
727100476072,633
727100575974,636
727100675876,636
727100775778,636
727100875680,636
727100975582,637
727101075484,637
727101175386,636
727101275288,632
727101375190,632
727101475092,633
727101574994,636
727101674896,636
727101774798,636
727101874700,636
727101974602,637
727102074504,637
727102174406,635
727102274308,633
727102374210,633
727102474112,632
727102574014,633
727102673916,640
727102773818,639
727102873720,639
727102973622,640
727103073524,639
727103173426,640
727103273328,632
727103373230,633
727103473132,633
727103573034,633
727103672936,637
727103772838,636
727103872740,636
727103972642,637
727104072544,637
727104172446,636
727104272348,633
727104372250,633
727104472152,633
727104572054,634
727104671956,637
727104771858,637
727104871760,636
727104971662,637
727105071564,636
727105171466,637
727105271368,636
727105371270,633
727105471172,632
727105571074,633
727105670976,636
727105770878,636
727105870780,636
727105970682,636
727106070584,636
727106170486,636
727106270388,636
727106370290,633
727106470192,633
727106570094,633
727106669996,637
727106769898,636
727106870543,1451
727106970447,645
727107070349,642
727107170251,640
727107270153,641
727107370055,640
727107469957,644
727107569859,644
727107669761,644
727107769663,644
727107869565,645
727107969467,645
727108069369,644
727108169271,640
727108269173,640
727108369075,640
727108468977,644
727108568879,644
727108668781,645
727108768683,647
727108868585,644
727108968487,645
727109068389,644
727109168291,640
727109268193,641
727109368095,640
727109467997,644
727109567899,644
727109667801,644
727109767703,644
727109867605,645
727109967507,664
727110067409,644
727110167311,640
727110267213,640
727110367115,641
727110467017,640
727110566919,644
727110666821,645
727110766723,645
727110866625,644
727110966527,645
727111066429,644
727111166331,641
727111266233,640
727111366135,641
727111466037,641
727111565939,644
727111665841,645
727111765743,644
727111865645,644
727111965547,644
727112065449,645
727112165351,640
727112265253,641
727112365155,640
727112465057,656
727112564959,643
727112664861,679
727112764763,645
727112864665,645
727112964567,644
727113064469,645
727113164371,643
727113264273,641
727113364175,641
727113464077,676
727113563979,646
727113663881,646
727113763783,682
727113863685,647
727113963587,648
727114063489,648
727114163391,647
727114263293,641
727114363195,641
727114463097,639
727114562999,644
727114662901,644
727114762803,644
727114862705,645
727114962607,644
727115062509,645
727115162411,644
727115262313,641
727115362215,641
727115462117,641
727115562019,640
727115661921,644
727115761823,644
727115861725,643
727115961627,644
727116061529,644
727116161431,644
727116261333,640
727116361235,640
727116461137,640
727116561039,643
727116660941,645
727116760843,645
727116861492,1459
727116961394,637
727117061296,633
727117161198,632
727117261100,633
727117361005,650
727117460907,636
727117560809,636
727117660711,636
727117760613,636
727117860515,637
727117960417,648
727118060319,633
727118160221,632
727118260123,633
727118360025,633
727118459927,637
727118559829,636
727118659732,686
727118759634,636
727118859536,636
727118959438,650
727119059340,633
727119159242,633
727119259144,633
727119359046,633
727119458948,637
727119558850,636
727119658752,647
727119758654,637
727119858556,636
727119958458,636
727120058360,633
727120158262,632
727120258164,633
727120358066,633
727120457968,636
727120557870,636
727120657772,636
727120757674,637
727120857576,634
727120957478,631
727121057380,634
727121157297,631
727121257199,633
727121357101,633
727121457004,633
727121556906,636
727121656808,637
727121756710,636
727121856612,636
727121956514,636
727122056416,636
727122156318,633
727122256220,632
727122356122,632
727122456024,633
727122555926,637
727122655828,657
727122755730,637
727122855632,636
727122955534,637
727123055436,636
727123155338,632
727123255240,632
727123355142,633
727123455044,633
727123554946,636
727123654848,637
727123754750,636
727123854652,636
727123954554,637
727124054456,636
727124154358,632
727124254260,632
727124354162,632
727124454064,633
727124553966,639
727124653868,638
727124753770,639
727124853672,639
727124953574,652
727125053476,640
727125153378,640
727125253280,632
727125353182,633
727125453084,633
727125552986,637
727125652888,636
727125752790,637
727125852692,636
727125952594,636
727126052496,636
727126152398,637
727126252300,632
727126352202,632
727126452104,633
727126552006,633
727126651908,636
727126751810,637
727126851712,635
727126952359,1476
727127052263,641
727127152165,641
727127252067,640
727127351969,644
727127451871,648
727127551773,645
727127651675,643
727127751577,645
727127851479,642
727127951381,644
727128051283,642
727128151185,641
727128251087,640
727128350989,643
727128450891,643
727128550793,645
727128650695,644
727128750597,645
727128850499,643
727128950401,644
727129050303,640
727129150205,640
727129250107,641
727129350009,641
727129449911,644
727129549813,644
727129649715,644
727129749617,645
727129849519,644
727129949421,645
727130049323,644
727130149225,640
727130249127,641
727130349029,641
727130448931,644
727130548833,644
727130648735,643
727130748637,644
727130848539,644
727130948441,644
727131048343,641
727131148245,641
727131248147,641
727131348049,640
727131447951,643
727131547853,644
727131647755,643
727131747657,644
727131847559,644
727131947461,645
727132047363,642
727132147265,641
727132247167,640
727132347069,641
727132446971,643
727132546873,644
727132646775,644
727132746677,644
727132846579,643
727132946481,644
727133046383,644
727133146285,639
727133246187,641
727133346089,640
727133445991,644
727133545893,643
727133645795,643
727133745697,643
727133845599,644
727133945501,643
727134045403,644
727134145305,640
727134245207,640
727134345109,641
727134445011,641
727134544913,644
727134644815,644
727134744717,645
727134844619,643
727134944521,643
727135044423,645
727135144325,641
727135244227,641
727135344129,640
727135444031,641
727135543933,647
727135643835,647
727135743737,646
727135843639,648
727135943541,646
727136043443,648
727136143345,642
727136243247,641
727136343149,641
727136443051,641
727136542953,644
727136642855,643
727136742757,646
727136842659,643
727136943307,1454
727137043211,633
727137143113,632
727137243015,633
727137342917,636
727137442819,636
727137542721,637
727137642623,636
727137742525,636
727137842427,637
727137942329,633
727138042231,633
727138142133,632
727138242035,633
727138341937,636
727138441839,636
727138541741,636
727138641643,637
727138741545,637
727138841447,636
727138941349,633
727139041251,632
727139141153,632
727139241055,633
727139340957,636
727139440859,636
727139540761,636
727139640663,636
727139740565,640
727139840467,636
727139940369,636
727140040271,632
727140140173,633
727140240075,633
727140339977,636
727140439879,636
727140539781,637
727140639683,636
727140739585,637
727140839487,636
727140939389,636
727141039291,633
727141139193,633
727141239095,633
727141338997,636
727141438899,636
727141538801,636
727141638703,637
727141738605,636
727141838507,636
727141938409,636
727142038311,633
727142138213,632
727142238115,658
727142338017,658
727142437919,661
727142537821,661
727142637723,661
727142737625,637
727142837527,636
727142937429,636
727143037331,633
727143137233,632
727143237135,633
727143337037,633
727143436939,636
727143536842,637
727143636744,636
727143736646,636
727143836548,636
727143936450,636
727144036352,633
727144136254,632
727144236156,633
727144336058,632
727144435960,635
727144535862,637
727144635764,637
727144735666,637
727144835568,636
727144935470,636
727145035372,693
727145135274,633
727145235195,632
727145335097,633
727145434999,636
727145534901,636
727145634803,636
727145734705,637
727145834607,636
727145934509,637
727146034411,636
727146134313,632
727146234215,632
727146334117,633
727146434019,632
727146533921,638
727146633823,639
727146733725,639
727146834369,1455
727146934273,640
727147034177,641
727147134079,641
727147233981,647
727147333883,647
727147433785,646
727147533687,647
727147633589,646
727147733491,648
727147833393,648
727147933295,642
727148033197,641
727148133099,640
727148233004,641
727148332906,644
727148432808,644
727148532710,644
727148632612,644
727148732514,644
727148832416,644
727148932318,640
727149032220,640
727149132122,640
727149232024,641
727149331926,644
727149431828,644
727149531730,645
727149631632,645
727149731534,644
727149831436,645
727149931338,641
727150031240,640
727150131142,641
727150231044,641
727150330946,643
727150430848,643
727150530750,643
727150630652,644
727150730554,645
727150830456,644
727150930358,667
727151030260,641
727151130162,640
727151230064,641
727151329966,643
727151429868,644
727151529770,643
727151629672,644
727151729574,644
727151829476,644
727151929378,644
727152029280,640
727152129182,640
727152229084,641
727152328986,648
727152428888,644
727152528790,644
727152628692,644
727152728594,644
727152828496,644
727152928398,647
727153028300,641
727153128202,641
727153228104,641
727153328006,641
727153427908,644
727153527810,645
727153627712,645
727153727614,644
727153827516,644
727153927418,645
727154027320,641
727154127222,640
727154227124,641
727154327026,641
727154426928,643
727154526830,644
727154626732,646
727154726634,645
727154826536,644
727154926438,644
727155026340,640
727155126242,640
727155226144,640
727155326046,640
727155425948,644
727155525850,645
727155625752,645
727155725654,646
727155825556,644
727155925458,644
727156025360,644
727156125262,641
727156225164,641
727156325066,641
727156424968,644
727156524870,644
727156624772,647
727156724674,645
727156824576,644
727156925224,1459
727157025128,633
727157125030,632
727157224932,636
727157324834,636
727157424736,637
727157524638,637
727157624540,636
727157724442,636
727157824344,632
727157924246,633
727158024148,634
727158124050,633
727158223952,639
727158323854,638
727158423756,639
727158523658,639
727158623560,639
727158723462,639
727158823364,632
727158923266,633
727159023168,633
727159123070,633
727159222972,635
727159322874,635
727159422776,636
727159522678,636
727159622580,636
727159722482,636
727159822384,636
727159922286,632
727160022188,633
727160122090,632
727160221992,636
727160321894,636
727160421796,636
727160521698,636
727160621600,636
727160721502,637
727160821404,636
727160921306,633
727161021208,633
727161121110,632
727161221012,632
727161320914,636
727161420816,636
727161520718,636
727161620620,636
727161720522,636
727161820424,636
727161920326,632
727162020228,633
727162120130,632
727162220032,633
727162319934,636
727162419836,636
727162519738,637
727162619640,636
727162719542,637
727162819444,635
727162919346,633
727163019248,632
727163119150,632
727163219052,633
727163318954,635
727163418856,636
727163518758,636
727163618660,636
727163718562,637
727163818464,635
727163918366,632
727164018268,633
727164118170,632
727164218072,633
727164317974,636
727164417876,636
727164517778,636
727164617680,636
727164717582,637
727164817484,636
727164917386,636
727165017288,633
727165117190,632
727165217092,632
727165316994,636
727165416896,635
727165516798,636
727165616700,637
727165716602,636
727165816504,635
727165916406,637
727166016308,633
727166116210,632
727166216112,633
727166316014,632
727166415916,636
727166515818,636
727166615720,637
727166715622,637
727166816262,1453
727166916166,641
727167016068,641
727167115970,644
727167215872,644
727167315774,644
727167415676,644
727167515578,644
727167615480,645
727167715382,645
727167815284,640
727167915186,641
727168015088,641
727168114990,644
727168214892,645
727168314794,644
727168414696,646
727168514598,644
727168614500,645
727168714402,645
727168814304,639
727168914206,640
727169014108,641
727169114010,641
727169213912,646
727169313831,648
727169413733,647
727169513635,648
727169613537,646
727169713439,648
727169813341,641
727169913243,640
727170013145,641
727170113047,641
727170212949,644
727170312851,644
727170412753,643
727170512655,645
727170612557,643
727170712459,645
727170812361,644
727170912263,640
727171012165,641
727171112067,640
727171211969,643
727171311871,644
727171411773,644
727171511675,643
727171611577,645
727171711479,644
727171811381,644
727171911283,640
727172011185,644
727172111087,643
727172210989,645
727172310891,646
727172410793,645
727172510695,644
727172610597,644
727172710499,645
727172810401,645
727172910303,641
727173010205,640
727173110107,640
727173210009,640
727173309911,644
727173409813,643
727173509715,644
727173609617,644
727173709519,644
727173809421,644
727173909323,641
727174009225,641
727174109127,641
727174209029,640
727174308931,644
727174408833,643
727174508735,644
727174608637,644
727174708539,645
727174808441,643
727174908343,642
727175008245,641
727175108147,640
727175208049,641
727175307951,644
727175407853,644
727175507755,644
727175607657,643
727175707559,644
727175807461,644
727175907363,644
727176007265,641
727176107167,640
727176207069,641
727176306971,645
727176406873,644
727176506775,644
727176606677,644
727176706579,644
727176806482,643
727176907126,1439
727177007030,633
727177106932,636
727177206834,636
727177306736,636
727177406638,636
727177506540,636
727177606442,636
727177706344,633
727177806246,632
727177906148,633
727178006050,633
727178105952,636
727178205854,636
727178305756,636
727178405658,637
727178505560,636
727178605462,637
727178705364,633
727178805266,633
727178905168,633
727179005070,633
727179104972,636
727179204874,636
727179304776,636
727179404678,636
727179504580,636
727179604482,636
727179704384,636
727179804286,632
727179904188,633
727180004090,632
727180103992,638
727180203894,652
727180303797,638
727180403699,639
727180503601,640
727180603503,640
727180703405,662
727180803307,633
727180903209,633
727181003111,633
727181103013,633
727181202915,639
727181302817,636
727181402719,636
727181502621,636
727181602523,636
727181702425,637
727181802327,633
727181902229,632
727182002131,632
727182102033,632
727182201935,635
727182301837,636
727182401739,636
727182501641,636
727182601543,636
727182701445,656
727182801347,633
727182901249,633
727183001151,633
727183101053,633
727183200955,636
727183300857,636
727183400759,636
727183500661,636
727183600563,636
727183700465,636
727183800367,636
727183900269,633
727184000171,633
727184100073,632
727184199975,636
727184299877,636
727184399779,636
727184499681,636
727184599583,636
727184699485,636
727184799387,636
727184899289,633
727184999191,632
727185099093,633
727185198995,636
727185298897,636
727185398799,636
727185498701,636
727185598603,635
727185698505,636
727185798407,636
727185898309,633
727185998211,633
727186098113,633
727186198015,632
727186297917,636
727186397819,636
727186497721,636
727186597623,636
727186697525,637
727186797427,636
727186898066,1458
727186997970,654
727187097872,644
727187197774,644
727187297676,644
727187397578,647
727187497480,645
727187597382,645
727187697284,640
727187797186,640
727187897088,641
727187996990,643
727188096892,645
727188196794,644
727188296696,643
727188396598,644
727188496500,644
727188596402,645
727188696305,641
727188796207,641
727188896109,641
727188996011,641
727189095913,644
727189195815,644
727189295717,643
727189395619,643
727189495521,644
727189595423,645
727189695325,640
727189795227,639
727189895129,641
727189995031,641
727190094933,643
727190194835,644
727190294737,648
727190394639,644
727190494541,645
727190594443,643
727190694345,642
727190794247,640
727190894149,640
727190994051,641
727191093953,646
727191193855,646
727191293757,646
727191393659,646
727191493561,648
727191593463,647
727191693365,646
727191793267,640
727191893169,641
727191993071,641
727192092973,644
727192192875,645
727192292777,643
727192392679,643
727192492581,645
727192592483,645
727192692385,644
727192792287,641
727192892189,640
727192992091,640
727193091993,644
727193191895,644
727193291797,643
727193391714,646
727193491616,643
727193591518,644
727193691420,644
727193791322,641
727193891224,641
727193991126,641
727194091028,641
727194190930,643
727194290832,643
727194390734,644
727194490636,645
727194590538,643
727194690440,644
727194790342,641
727194890244,641
727194990146,641
727195090048,661
727195189950,644
727195289852,643
727195389754,644
727195489656,645
727195589558,645
727195689460,643
727195789362,645
727195889264,641
727195989166,640
727196089068,641
727196188970,644
727196288872,644
727196388774,644
727196488676,645
727196588578,644
727196688480,645
727196788382,644
727196889021,1445
727196988925,636
727197088827,636
727197188729,636
727197288631,636
727197388533,636
727197488435,636
727197588337,633
727197688239,633
727197788141,633
727197888043,632
727197987945,635
727198087847,636
727198187749,636
727198287651,636
727198387553,637
727198487455,636
727198587357,633
727198687259,633
727198787161,632
727198887063,633
727198986965,636
727199086867,636
727199186769,635
727199286671,636
727199386573,636
727199486475,636
727199586377,636
727199686279,633
727199786181,633
727199886083,633
727199985985,636
727200085887,636
727200185789,636
727200285691,637
727200385593,636
727200485495,637
727200585397,637
727200685299,633
727200785201,633
727200885103,633
727200985005,633
727201084907,636
727201184809,636
727201284711,636
727201384613,636
727201484515,636
727201584417,637
727201684319,633
727201784221,633
727201884123,633
727201984025,633
727202083927,639
727202183829,639
727202283731,638
727202383633,639
727202483535,639
727202583437,640
727202683339,633
727202783241,633
727202883143,633
727202983045,633
727203082947,635
727203182849,636
727203282751,635
727203382653,636
727203482555,636
727203582458,635
727203682360,633
727203782262,633
727203882164,632
727203982066,633
727204081968,636
727204181870,635
727204281772,636
727204381674,636
727204481576,637
727204581478,636
727204681380,636
727204781282,633
727204881184,632
727204981086,633
727205080988,636
727205180890,637
727205280792,636
727205380694,636
727205480596,637
727205580498,636
727205680400,637
727205780302,633
727205880204,632
727205980106,633
727206080008,632
727206179910,636
727206279812,637
727206379714,636
727206479616,637
727206579518,636
727206679420,637
727206779322,633
727206879964,1454
727206979868,643
727207079770,645
727207179672,643
727207279574,644
727207379476,644
727207479378,645
727207579280,641
727207679182,640
727207779084,644
727207878986,644
727207978888,643
727208078790,644
727208178692,645
727208278594,643
727208378496,642
727208478398,644
727208578300,641
727208678202,641
727208778104,641
727208878006,641
727208977908,645
727209077810,645
727209177712,645
727209277614,644
727209377516,643
727209477418,661
727209577320,641
727209677222,640
727209777124,641
727209877026,639
727209976928,644
727210076830,644
727210176732,644
727210276634,643
727210376536,642
727210476438,645
727210576340,641
727210676242,641
727210776144,641
727210876046,640
727210975948,645
727211075850,644
727211175752,644
727211275654,643
727211375556,644
727211475458,645
727211575360,644
727211675262,641
727211775164,641
727211875066,641
727211974968,644
727212074870,643
727212174772,643
727212274674,644
727212374576,644
727212474478,643
727212574380,644
727212674282,639
727212774184,640
727212874086,640
727212973988,646
727213073890,646
727213173792,646
727213273694,646
727213373596,646
727213473498,648
727213573400,648
727213673302,640
727213773204,641
727213873106,641
727213973008,641
727214072910,644
727214172812,642
727214272714,644
727214372616,643
727214472518,645
727214572420,645
727214672322,642
727214772224,641
727214872126,640
727214972028,641
727215071930,645
727215171832,644
727215271734,643
727215371636,644
727215471538,644
727215571440,644
727215671342,641
727215771244,640
727215871146,641
727215971048,641
727216070950,644
727216170852,645
727216270754,644
727216370656,644
727216470558,643
727216570460,643
727216670362,644
727216770264,640
727216870905,1445
727216970809,636
727217070711,637
727217170613,636
727217270515,636
727217370435,637
727217470337,633
727217570239,632
727217670141,633
727217770043,633
727217869945,636
727217969847,636
727218069749,636
727218169651,637
727218269553,636
727218369455,689
727218469357,633
727218569259,632
727218669161,633
727218769063,633
727218868965,636
727218968867,637
727219068769,636
727219168671,636
727219268573,637
727219368475,636
727219468378,637
727219568280,632
727219668182,633
727219768084,633
727219867986,636
727219967888,636
727220067790,637
727220167692,636
727220267594,635
727220367496,636
727220467398,636
727220567300,633
727220667202,633
727220767104,633
727220867006,633
727220966908,670
727221066810,636
727221166712,635
727221266614,635
727221366516,636
727221466418,636
727221566320,633
727221666222,633
727221766124,632
727221866026,633
727221965928,636
727222065830,636
727222165732,636
727222265634,636
727222365536,636
727222465438,637
727222565340,633
727222665242,656
727222765144,633
727222865046,632
727222964948,636
727223064850,636
727223164752,633
727223264654,631
727223364556,634
727223464459,691
727223564361,633
727223664263,632
727223764165,633
727223864067,633
727223963969,639
727224063871,639
727224163773,639
727224263675,639
727224363577,674
727224463479,644
727224563381,640
727224663283,633
727224763185,633
727224863087,633
727224962989,636
727225062891,636
727225162793,637
727225262695,635
727225362597,636
727225462499,636
727225562401,636
727225662303,632
727225762205,633
727225862107,632
727225962009,633
727226061911,635
727226161813,636
727226261715,636
727226361617,637
727226461519,637
727226561421,637
727226661323,633
727226761225,633
727226861869,1459
727226961771,645
727227061673,643
727227161575,645
727227261477,645
727227361379,644
727227461281,641
727227561183,640
727227661085,641
727227760987,645
727227860889,643
727227960791,643
727228060693,643
727228160595,643
727228260497,644
727228360399,643
727228460301,641
727228560203,641
727228660105,654
727228760007,643
727228859909,644
727228959811,680
727229059713,644
727229159615,643
727229259517,644
727229359419,644
727229459321,641
727229559223,640
727229659125,676
727229759027,642
727229858929,644
727229958831,645
727230058733,645
727230158635,644
727230258537,643
727230358439,644
727230458341,641
727230558243,641
727230658145,641
727230758047,640
727230857949,644
727230957851,643
727231057753,643
727231157655,643
727231257557,644
727231357459,644
727231457361,643
727231557263,641
727231657165,641
727231757067,641
727231856969,644
727231956871,644
727232056773,645
727232156675,645
727232256577,644
727232356479,646
727232456381,643
727232556291,641
727232656193,677
727232756095,640
727232855997,644
727232955899,644
727233055801,644
727233155703,644
727233255605,644
727233355507,643
727233455409,644
727233555311,640
727233655213,641
727233755115,641
727233855017,640
727233954919,644
727234054821,644
727234154723,644
727234254625,644
727234354527,644
727234454429,645
727234554331,641
727234654233,640
727234754135,641
727234854037,641
727234953939,659
727235053841,647
727235153743,647
727235253645,647
727235353547,647
727235453449,659
727235553351,641
727235653253,640
727235753155,640
727235853057,640
727235952959,643
727236052861,644
727236152763,643
727236252665,644
727236352567,645
727236452469,644
727236552371,645
727236652273,640
727236752175,641
727236852817,1456
727236952721,636
727237052623,636
727237152525,636
727237252427,636
727237352329,632
727237452231,633
727237552133,633
727237652035,632
727237751937,636
727237851839,637
727237951741,637
727238051643,636
727238151545,635
727238251447,636
727238351349,632
727238451251,633
727238551153,633
727238651055,633
727238750957,636
727238850859,636
727238950761,636
727239050663,636
727239150565,636
727239250467,636
727239350369,635
727239450271,632
727239550173,633
727239650075,634
727239749977,637
727239849879,636
727239949781,636
727240049683,636
727240149585,636
727240249487,636
727240349389,636
727240449291,633
727240549193,633
727240649095,632
727240748997,636
727240848899,636
727240948801,635
727241048703,636
727241148605,636
727241248507,636
727241348409,636
727241448325,633
727241548227,633
727241648129,632
727241748031,633
727241847933,636
727241947835,637
727242047737,636
727242147639,636
727242247541,637
727242347443,636
727242447345,632
727242547247,632
727242647149,633
727242747051,633
727242846953,636
727242946855,636
727243046757,636
727243146659,636
727243246561,636
727243346463,636
727243446365,632
727243546267,633
727243646169,632
727243746071,632
727243845973,636
727243945875,636
727244045777,636
727244145679,636
727244245581,636
727244345483,636
727244445385,636
727244545287,633
727244645189,633
727244745091,633
727244844993,635
727244944895,636
727245044797,636
727245144699,636
727245244601,636
727245344503,635
727245444405,637
727245544307,633
727245644209,633
727245744111,633
727245844013,633
727245943915,638
727246043817,639
727246143719,639
727246243621,640
727246343523,639
727246443425,639
727246543327,633
727246643229,632
727246743131,633
727246843782,1469
727246943686,647
727247043588,648
727247143490,647
727247243392,647
727247343294,640
727247443196,641
727247543098,641
727247643003,641
727247742905,644
727247842807,643
727247942709,644
727248042611,644
727248142513,644
727248242415,644
727248342317,641
727248442219,641
727248542121,641
727248642023,641
727248741925,645
727248841827,644
727248941729,644
727249041631,644
727249141533,643
727249241435,644
727249341337,640
727249441239,640
727249541141,640
727249641043,640
727249740945,648
727249840847,644
727249940749,643
727250040651,644
727250140553,644
727250240455,644
727250340357,640
727250440259,640
727250540161,640
727250640063,641
727250739965,645
727250839867,644
727250939769,644
727251039671,644
727251139573,644
727251239475,644
727251339377,644
727251439279,640
727251539181,640
727251639083,641
727251738985,644
727251838887,644
727251938789,644
727252038691,643
727252138593,644
727252238495,643
727252338397,644
727252438299,640
727252538201,641
727252638103,640
727252738005,641
727252837907,645
727252937809,644
727253037711,643
727253137613,644
727253237515,643
727253337417,644
727253437319,640
727253537221,640
727253637123,640
727253737025,641
727253836927,644
727253936829,644
727254036731,644
727254136633,644
727254236535,644
727254336437,644
727254436339,640
727254536241,641
727254636143,641
727254736045,641
727254835947,644
727254935849,645
727255035751,645
727255135653,644
727255235555,644
727255335457,644
727255435359,640
727255535261,640
727255635163,640
727255735065,641
727255834967,644
727255934869,644
727256034771,644
727256134673,644
727256234575,644
727256334477,645
727256434379,644
727256534281,640
727256634183,641
727256734085,641
727256834730,1448
727256934634,636
727257034536,637
727257134438,636
727257234340,633
727257334242,632
727257434144,633
727257534046,633
727257633948,638
727257733850,639
727257833752,638
727257933654,639
727258033556,640
727258133458,641
727258233360,633
727258333262,633
727258433165,633
727258533067,633
727258632969,636
727258732871,637
727258832773,635
727258932675,635
727259032577,636
727259132479,636
727259232381,636
727259332283,633
727259432185,633
727259532087,633
727259631989,636
727259731891,636
727259831793,636
727259931695,637
727260031597,637
727260131499,636
727260231401,637
727260331303,633
727260431205,632
727260531107,633
727260631009,632
727260730911,636
727260830813,636
727260930715,636
727261030617,636
727261130519,636
727261230421,636
727261330323,632
727261430225,633
727261530127,633
727261630029,632
727261729931,636
727261829833,636
727261929735,636
727262029637,637
727262129539,636
727262229441,637
727262329343,632
727262429245,633
727262529147,632
727262629049,632
727262728951,636
727262828853,636
727262928755,636
727263028657,635
727263128559,635
727263228461,636
727263328363,632
727263428265,633
727263528168,632
727263628070,633
727263727972,636
727263827874,636
727263927776,636
727264027678,636
727264127580,636
727264227482,637
727264327384,636
727264427286,632
727264527188,633
727264627090,632
727264726992,637
727264826894,636
727264926796,636
727265026698,635
727265126600,636
727265226502,635
727265326404,636
727265426306,632
727265526224,633
727265626126,633
727265726028,633
727265825930,636
727265925832,636
727266025734,635
727266125636,636
727266225538,637
727266325440,636
727266425342,633
727266525244,633
727266625146,633
727266725048,633
727266824950,635
727266925596,1467
727267025500,645
727267125402,644
727267225305,641
727267325207,641
727267425109,640
727267525011,640
727267624913,644
727267724815,644
727267824717,644
727267924619,644
727268024521,644
727268124423,645
727268224325,639
727268324227,640
727268424129,640
727268524031,641
727268623933,647
727268723835,646
727268823737,645
727268923639,646
727269023541,648
727269123443,648
727269223345,640
727269323247,640
727269423149,641
727269523051,640
727269622953,643
727269722855,643
727269822757,643
727269922659,644
727270022561,643
727270122463,643
727270222365,645
727270322267,641
727270422169,642
727270522071,641
727270621973,644
727270721875,681
727270821777,644
727270921679,643
727271021581,646
727271121483,644
727271221385,644
727271321287,641
727271421189,640
727271521091,641
727271620993,644
727271720895,644
727271820797,643
727271920699,644
727272020601,644
727272120503,644
727272220405,644
727272320307,658
727272420209,641
727272520111,640
727272620013,641
727272719915,645
727272819817,644
727272919719,644
727273019621,643
727273119523,645
727273219425,644
727273319327,641
727273419229,640
727273519131,641
727273619033,641
727273718935,644
727273818837,643
727273918739,644
727274018641,643
727274118543,644
727274218445,642
727274318347,642
727274418249,642
727274518151,643
727274618053,643
727274717955,645
727274817857,642
727274917759,643
727275017661,646
727275117563,644
727275217465,644
727275317367,644
727275417269,640
727275517171,641
727275617073,640
727275716975,644
727275816877,644
727275916779,643
727276016681,643
727276116583,644
727276216485,643
727276316387,643
727276416289,640
727276516191,640
727276616093,641
727276715995,645
727276815897,644
727276916545,1455
727277016449,636
727277116351,632
727277216253,633
727277316155,632
727277416057,632
727277515959,636
727277615861,637
727277715763,636
727277815665,635
727277915567,636
727278015469,636
727278115371,636
727278215273,633
727278315175,632
727278415077,633
727278514979,636
727278614881,636
727278714783,637
727278814685,636
727278914587,636
727279014489,636
727279114391,636
727279214293,632
727279314195,632
727279414097,633
727279513999,638
727279613901,638
727279713803,639
727279813705,638
727279913607,639
727280013509,640
727280113411,640
727280213313,632
727280313215,632
727280413117,634
727280513020,633
727280612922,637
727280712824,636
727280812726,636
727280912628,636
727281012530,636
727281112432,636
727281212334,632
727281312236,633
727281412138,633
727281512040,703
727281611942,636
727281711844,636
727281811746,636
727281911648,637
727282011550,671
727282111452,636
727282211354,632
727282311256,632
727282411158,632
727282511060,633
727282610962,636
727282710864,636
727282810766,636
727282910668,636
727283010570,636
727283110472,636
727283210374,636
727283310276,632
727283410178,633
727283510080,634
727283609982,635
727283709884,636
727283809786,636
727283909688,636
727284009590,636
727284109492,636
727284209394,636
727284309296,632
727284409198,632
727284509100,632
727284609004,633
727284708906,637
727284808808,636
727284908710,636
727285008612,636
727285108514,637
727285208416,636
727285308318,632
727285408220,632
727285508122,633
727285608024,632
727285707926,637
727285807828,635
727285907730,636
727286007632,636
727286107534,636
727286207436,636
727286307338,632
727286407240,633
727286507142,633
727286607044,633
727286706946,636
727286806848,635
727286907499,1468
727287007403,644
727287107307,641
727287207209,641
727287307111,639
727287407013,641
727287506915,644
727287606817,644
727287706719,644
727287806621,643
727287906523,644
727288006425,643
727288106327,641
727288206229,641
727288306131,641
727288406033,641
727288505935,644
727288605837,644
727288705739,644
727288805641,644
727288905543,645
727289005445,644
727289105347,640
727289205249,640
727289305151,641
727289405053,642
727289504955,644
727289604873,645
727289704775,644
727289804677,642
727289904579,644
727290004481,644
727290104383,644
727290204285,641
727290304187,640
727290404089,640
727290503991,647
727290603893,647
727290703796,669
727290803698,647
727290903600,647
727291003502,647
727291103404,647
727291203306,639
727291303208,640
727291403110,641
727291503012,641
727291602914,643
727291702816,643
727291802718,644
727291902620,644
727292002522,644
727292102424,645
727292202326,640
727292302228,641
727292402130,640
727292502032,641
727292601934,644
727292701836,645
727292801738,644
727292901640,645
727293001542,644
727293101444,644
727293201346,640
727293301248,640
727293401150,640
727293501052,641
727293600954,644
727293700856,645
727293800758,644
727293900660,644
727294000562,644
727294100464,644
727294200366,644
727294300268,640
727294400170,640
727294500072,640
727294599974,644
727294699876,645
727294799778,643
727294899680,644
727294999582,644
727295099484,645
727295199386,643
727295299288,640
727295399190,641
727295499092,641
727295598994,644
727295698896,643
727295798798,643
727295898700,643
727295998602,647
727296098504,644
727296198406,644
727296298308,639
727296398210,641
727296498112,641
727296598014,641
727296697916,680
727296797819,644
727296898462,1448
727296998366,633
727297098268,632
727297198170,632
727297298072,632
727297397974,636
727297497876,636
727297597780,636
727297697684,636
727297797588,636
727297897492,636
727297997396,636
727298097300,632
727298197204,632
727298297108,632
727298397012,632
727298496914,635
727298596818,636
727298696720,636
727298796622,636
727298896524,636
727298996426,636
727299096328,632
727299196230,632
727299296132,632
727299396034,633
727299495936,636
727299595838,636
727299695740,636
727299795642,636
727299895544,636
727299995446,636
727300095348,633
727300195250,632
727300295152,632
727300395054,633
727300494956,636
727300594860,636
727300694763,672
727300794665,637
727300894567,637
727300994469,637
727301094371,637
727301194273,632
727301294175,633
727301394077,633
727301493979,639
727301593881,638
727301693783,639
727301793685,639
727301893587,639
727301993489,639
727302093391,639
727302193293,632
727302293195,632
727302393097,633
727302492999,636
727302592901,635
727302692803,636
727302792705,636
727302892607,636
727302992509,636
727303092411,636
727303192313,632
727303292215,632
727303392117,633
727303492019,633
727303591921,635
727303691823,636
727303791725,636
727303891627,636
727303991529,635
727304091431,637
727304191333,632
727304291235,632
727304391137,632
727304491039,633
727304590941,636
727304690843,636
727304790745,636
727304890647,635
727304990549,636
727305090451,654
727305190353,633
727305290255,632
727305390157,632
727305490059,633
727305589961,636
727305689863,636
727305789765,636
727305889667,636
727305989569,637
727306089471,636
727306189373,636
727306289275,632
727306389177,633
727306489079,632
727306588981,636
727306688883,660
727306788785,635
727306889433,1473
727306989337,640
727307089239,640
727307189141,640
727307289043,640
727307388945,644
727307488847,644
727307588749,644
727307688651,643
727307788553,644
727307888455,644
727307988357,640
727308088259,640
727308188161,640
727308288063,641
727308387965,644
727308487867,644
727308587769,660
727308687671,644
727308787573,644
727308887475,644
727308987377,644
727309087279,641
727309187181,641
727309287083,641
727309386985,643
727309486887,645
727309586789,644
727309686691,644
727309786593,643
727309886495,645
727309986397,643
727310086299,644
727310186201,639
727310286103,641
727310386005,641
727310485907,645
727310585809,644
727310685711,645
727310785613,643
727310885515,646
727310985417,644
727311085319,641
727311185221,642
727311285123,641
727311385025,641
727311484927,644
727311584829,643
727311684731,644
727311784633,642
727311884535,643
727311984437,644
727312084339,640
727312184241,640
727312284143,640
727312384045,641
727312483947,647
727312583849,646
727312683751,647
727312783653,647
727312883555,647
727312983457,648
727313083359,641
727313183261,640
727313283163,641
727313383065,641
727313482967,643
727313582869,643
727313682790,644
727313782692,644
727313882594,643
727313982496,645
727314082398,643
727314182300,640
727314282202,640
727314382104,641
727314482006,641
727314581908,644
727314681810,645
727314781712,644
727314881614,644
727314981516,643
727315081418,645
727315181320,640
727315281222,640
727315381124,641
727315481026,641
727315580928,643
727315680830,643
727315780732,644
727315880634,643
727315980536,644
727316080438,643
727316180340,641
727316280242,640
727316380144,641
727316480046,641
727316579948,643
727316679850,644
727316779752,645
727316880396,1450
727316980300,632
727317080202,633
727317180104,632
727317280006,633
727317379908,636
727317479810,636
727317579712,636
727317679614,637
727317779516,636
727317879418,636
727317979320,633
727318079222,632
727318179124,633
727318279026,633
727318378928,636
727318478830,636
727318578732,636
727318678634,636
727318778536,636
727318878438,636
727318978340,633
727319078242,632
727319178144,633
727319278046,632
727319377948,636
727319477850,636
727319577752,636
727319677654,636
727319777556,636
727319877458,636
727319977360,633
727320077262,632
727320177164,633
727320277066,633
727320376968,636
727320476870,636
727320576772,636
727320676674,636
727320776576,636
727320876478,636
727320976380,635
727321076282,632
727321176184,633
727321276086,633
727321375988,636
727321475890,671
727321575792,636
727321675694,636
727321775596,636
727321875498,637
727321975400,636
727322075302,630
727322175204,633
727322275106,632
727322375008,633
727322474910,649
727322574812,636
727322674714,636
727322774616,637
727322874518,637
727322974420,637
727323074322,633
727323174224,632
727323274126,633
727323374028,633
727323473930,639
727323573833,639
727323673735,639
727323773637,639
727323873539,640
727323973441,640
727324073343,633
727324173245,632
727324273147,633
727324373049,632
727324472951,636
727324572853,636
727324672755,636
727324772657,636
727324872559,636
727324972461,636
727325072363,633
727325172265,633
727325272167,632
727325372069,632
727325471971,634
727325571873,630
727325671775,634
727325771677,634
727325871579,636
727325971481,637
727326071383,636
727326171285,632
727326271187,632
727326371089,632
727326470991,637
727326570893,635
727326670795,636
727326770697,636
727326871343,1467
727326971247,641
727327071150,641
727327171052,640
727327270954,645
727327370856,644
727327470758,645
727327570660,641
727327670562,644
727327770464,643
727327870366,644
727327970268,641
727328070170,641
727328170072,641
727328269974,643
727328369876,644
727328469778,643
727328569680,644
727328669582,645
727328769484,645
727328869386,643
727328969288,640
727329069190,641
727329169092,639
727329268994,644
727329368896,644
727329468798,644
727329568700,644
727329668602,643
727329768504,644
727329868406,644
727329968308,641
727330068210,641
727330168112,640
727330268014,641
727330367916,644
727330467818,644
727330567722,643
727330667624,645
727330767526,644
727330867428,644
727330967330,640
727331067232,641
727331167134,639
727331267036,642
727331366938,646
727331466840,644
727331566742,643
727331666644,644
727331766546,644
727331866448,644
727331966350,639
727332066252,641
727332166154,641
727332266056,641
727332365958,643
727332465860,644
727332565762,645
727332665664,643
727332765566,645
727332865468,644
727332965370,645
727333065272,641
727333165174,640
727333265076,641
727333364978,643
727333464880,665
727333564782,643
727333664684,644
727333764586,643
727333864488,644
727333964390,646
727334064292,640
727334164194,641
727334264096,640
727334363998,647
727334463900,668
727334563802,647
727334663704,650
727334763606,647
727334863508,647
727334963410,648
727335063312,640
727335163214,641
727335263116,640
727335363018,640
727335462920,644
727335562822,643
727335662724,644
727335762626,644
727335862528,643
727335962430,645
727336062332,640
727336162234,640
727336262136,640
727336362038,639
727336461940,644
727336561842,643
727336661744,661
727336761646,645
727336861548,644
727336962188,1430
727337062092,633
727337161994,636
727337261896,636
727337361798,636
727337461700,636
727337561602,636
727337661522,637
727337761424,637
727337861326,633
727337961228,633
727338061130,633
727338161032,632
727338260934,636
727338360836,636
727338460738,636
727338560640,636
727338660542,637
727338760444,637
727338860346,632
727338960248,647
727339060150,633
727339160052,632
727339259954,636
727339359856,636
727339459758,636
727339559660,636
727339659562,689
727339759464,636
727339859366,632
727339959268,648
727340059170,633
727340159072,632
727340258974,635
727340358876,636
727340458778,635
727340558680,637
727340658582,648
727340758484,637
727340858386,636
727340958288,632
727341058190,632
727341158092,632
727341257994,636
727341357896,635
727341457798,635
727341557701,638
727341657603,636
727341757505,638
727341857407,637
727341957309,633
727342057211,633
727342157113,632
727342257015,633
727342356917,636
727342456819,636
727342556721,636
727342656623,636
727342756525,637
727342856427,636
727342956329,632
727343056231,632
727343156133,633
727343256035,632
727343355937,636
727343455839,636
727343555741,636
727343655643,637
727343755545,637
727343855447,636
727343955349,632
727344055251,633
727344155153,633
727344255055,633
727344354957,636
727344454859,637
727344554761,636
727344654663,637
727344754565,636
727344854467,637
727344954369,636
727345054271,633
727345154173,633
727345254075,633
727345353977,638
727345453879,650
727345553781,638
727345653683,639
727345753585,639
727345853487,640
727345953389,652
727346053291,633
727346153193,632
727346253095,632
727346352997,635
727346452899,637
727346552801,636
727346652703,653
727346752605,636
727346852507,636
727346953170,1471
727347053074,641
727347152976,643
727347252878,643
727347352780,643
727347452682,644
727347552584,644
727347652486,645
727347752388,645
727347852290,640
727347952192,640
727348052094,640
727348151996,643
727348251898,645
727348351800,644
727348451702,644
727348551604,643
727348651506,643
727348751408,644
727348851310,640
727348951212,641
727349051114,641
727349151016,641
727349250918,643
727349350820,645
727349450722,643
727349550624,644
727349650526,644
727349750428,645
727349850330,640
727349950232,640
727350050134,641
727350150036,639
727350249938,643
727350349840,643
727350449742,643
727350549644,644
727350649546,644
727350749448,645
727350849350,640
727350949252,641
727351049154,641
727351149056,642
727351248958,644
727351348860,644
727351448762,643
727351548664,644
727351648566,644
727351748468,644
727351848370,644
727351948272,641
727352048174,640
727352148076,641
727352247978,644
727352347880,644
727352447782,644
727352547684,644
727352647586,644
727352747488,644
727352847390,644
727352947292,641
727353047194,641
727353147096,640
727353246998,644
727353346900,644
727353446802,644
727353546704,644
727353646606,644
727353746508,644
727353846410,645
727353946312,639
727354046214,641
727354146116,641
727354246018,641
727354345920,643
727354445822,644
727354545724,643
727354645626,644
727354745528,644
727354845430,644
727354945332,641
727355045234,641
727355145136,640
727355245038,641
727355344940,644
727355444842,644
727355544744,643
727355644646,643
727355744548,644
727355844450,644
727355944352,639
727356044254,640
727356144156,641
727356244058,640
727356343960,646
727356443862,647
727356543764,645
727356643666,647
727356743568,647
727356844218,1452
727356944122,633
727357044026,632
727357143930,638
727357243832,639
727357343734,638
727357443636,639
727357543538,639
727357643440,639
727357743342,633
727357843244,633
727357943146,632
727358043048,633
727358142950,636
727358242852,635
727358342754,636
727358442656,636
727358542558,636
727358642460,636
727358742362,633
727358842264,632
727358942166,633
727359042068,633
727359141970,635
727359241872,636
727359341774,635
727359441676,636
727359541578,636
727359641480,636
727359741382,637
727359841284,632
727359941186,633
727360041088,633
727360140990,636
727360240892,635
727360340794,636
727360440696,635
727360540598,637
727360640500,635
727360740402,640
727360840304,633
727360940206,632
727361040108,633
727361140010,632
727361239912,635
727361339814,636
727361439716,635
727361539618,636
727361639520,637
727361739438,637
727361839340,632
727361939242,633
727362039144,633
727362139046,633
727362238948,636
727362338850,636
727362438752,636
727362538654,636
727362638556,636
727362738458,637
727362838360,632
727362938262,632
727363038164,632
727363138066,632
727363237968,636
727363337870,635
727363437772,636
727363537674,636
727363637576,636
727363737478,636
727363837380,637
727363937282,633
727364037184,633
727364137086,633
727364236988,635
727364336890,635
727364436792,636
727364536694,636
727364636596,637
727364736498,636
727364836400,637
727364936302,632
727365036204,632
727365136106,633
727365236008,632
727365335910,635
727365435812,636
727365535714,637
727365635616,636
727365735518,635
727365835420,658
727365935322,633
727366035224,633
727366135126,633
727366235028,633
727366334930,636
727366434832,636
727366534734,636
727366634636,636
727366734538,637
727366834440,636
727366934342,633
727367034244,633
727367134889,1389
727367234793,643
727367334695,644
727367434597,644
727367534499,644
727367634401,644
727367734303,641
727367834205,640
727367934107,641
727368034009,641
727368133911,646
727368233813,646
727368333715,646
727368433617,646
727368533519,648
727368633421,647
727368733323,640
727368833225,640
727368933127,640
727369033029,640
727369132931,643
727369232833,643
727369332735,644
727369432637,645
727369532539,643
727369632441,643
727369732343,641
727369832245,640
727369932147,641
727370032049,641
727370131951,643
727370231853,644
727370331755,645
727370431657,644
727370531559,643
727370631461,644
727370731363,645
727370831265,641
727370931167,640
727371031069,640
727371130971,644
727371230873,644
727371330775,644
727371430677,643
727371530579,645
727371630481,643
727371730383,644
727371830285,640
727371930187,641
727372030089,640
727372129991,644
727372229893,644
727372329795,645
727372429697,644
727372529599,643
727372629501,645
727372729403,643
727372829305,640
727372929207,640
727373029109,641
727373129011,640
727373228913,644
727373328815,648
727373428717,644
727373528619,643
727373628521,644
727373728423,644
727373828325,640
727373928227,640
727374028129,640
727374128031,640
727374227933,643
727374327835,643
727374427737,643
727374527639,644
727374627541,645
727374727443,645
727374827345,641
727374927247,640
727375027149,641
727375127051,640
727375226953,643
727375326855,643
727375426757,644
727375526659,644
727375626561,645
727375726463,643
727375826365,644
727375926267,641
727376026169,640
727376126071,640
727376225973,644
727376325875,644
727376425777,644
727376525679,645
727376625581,646
727376725483,646
727376826132,1445
727376926036,631
727377025938,636
727377125840,636
727377225742,636
727377325644,637
727377425546,636
727377525448,636
727377625350,632
727377725252,633
727377825154,632
727377925056,632
727378024958,636
727378124860,636
727378224762,636
727378324664,636
727378424566,636
727378524468,637
727378624370,636
727378724272,633
727378824174,632
727378924076,633
727379023978,638
727379123880,638
727379223782,639
727379323684,638
727379423586,639
727379523488,641
727379623390,640
727379723292,633
727379823194,632
727379923096,632
727380022998,636
727380122900,635
727380222802,636
727380322704,636
727380422606,636
727380522508,636
727380622410,636
727380722312,633
727380822214,633
727380922116,633
727381022018,633
727381121920,635
727381221822,636
727381321724,636
727381421626,636
727381521528,636
727381621430,636
727381721332,668
727381821234,632
727381921136,633
727382021038,633
727382120940,636
727382220842,636
727382320744,637
727382420646,637
727382520548,636
727382620450,636
727382720352,633
727382820254,632
727382920156,632
727383020058,633
727383119960,636
727383219862,635
727383319764,636
727383419666,636
727383519568,636
727383619471,636
727383719373,637
727383819275,632
727383919177,633
727384019079,632
727384118981,636
727384218883,636
727384318785,635
727384418687,635
727384518589,636
727384618491,635
727384718393,636
727384818295,632
727384918197,632
727385018099,633
727385118004,633
727385217906,635
727385317808,636
727385417710,635
727385517612,636
727385617514,636
727385717416,636
727385817337,634
727385917239,633
727386017141,633
727386117043,633
727386216945,635
727386316847,636
727386416749,636
727386516651,635
727386616553,636
727386716455,636
727386817102,1451
727386917008,641
727387016910,644
727387116812,644
727387216714,643
727387316616,643
727387416518,644
727387516420,643
727387616322,640
727387716224,641
727387816126,640
727387916028,639
727388015930,644
727388115832,644
727388215734,645
727388315636,644
727388415538,662
727388515440,645
727388615342,640
727388715244,641
727388815146,641
727388915048,640
727389014950,644
727389114852,644
727389214754,646
727389314656,642
727389414558,644
727389514460,645
727389614362,644
727389714264,641
727389814166,640
727389914068,641
727390013970,646
727390113872,646
727390213774,647
727390313676,646
727390413578,647
727390513480,647
727390613382,647
727390713284,641
727390813186,640
727390913088,641
727391012990,643
727391112892,643
727391212794,644
727391312696,642
727391412598,643
727391512500,644
727391612402,644
727391712304,641
727391812206,641
727391912108,641
727392012010,641
727392111912,644
727392211814,645
727392311716,645
727392411618,644
727392511520,650
727392611422,644
727392711324,640
727392811226,640
727392911128,640
727393011030,640
727393110932,644
727393210834,644
727393310736,643
727393410638,643
727393510540,644
727393610442,644
727393710344,641
727393810246,640
727393910148,641
727394010050,639
727394109952,643
727394209854,645
727394309756,644
727394409658,643
727394509560,644
727394609462,644
727394709364,644
727394809266,640
727394909168,640
727395009070,641
727395108972,644
727395208874,643
727395308776,643
727395408678,644
727395508580,644
727395608482,644
727395708384,644
727395808286,640
727395908188,640
727396008090,641
727396107992,643
727396207894,644
727396307796,643
727396407698,644
727396507600,644
727396607502,645
727396707404,644
727396807306,641
727396907208,639
727397007110,640
727397107751,1449
727397207655,636
727397307557,636
727397407459,636
727397507361,633
727397607263,632
727397707165,633
727397807067,632
727397906969,636
727398006871,636
727398106773,636
727398206675,636
727398306577,635
727398406479,636
727398506381,636
727398606283,633
727398706185,633
727398806087,633
727398905989,636
727399005891,636
727399105793,636
727399205695,636
727399305597,636
727399405499,636
727399505401,636
727399605303,633
727399705205,633
727399805107,632
727399905009,633
727400004911,636
727400104813,636
727400204715,635
727400304617,636
727400404519,636
727400504421,636
727400604323,633
727400704225,633
727400804127,633
727400904029,633
727401003931,639
727401103833,640
727401203735,651
727401303637,639
727401403539,639
727401503441,640
727401603343,632
727401703245,633
727401803147,632
727401903049,632
727402002951,636
727402102853,637
727402202755,636
727402302657,636
727402402559,636
727402502461,636
727402602363,633
727402702265,633
727402802167,633
727402902069,632
727403001971,636
727403101873,636
727403201775,636
727403301677,636
727403401579,636
727403501481,637
727403601383,636
727403701285,632
727403801187,633
727403901089,651
727404000991,636
727404100893,636
727404200795,636
727404300697,636
727404400599,636
727404500501,636
727404600403,636
727404700305,633
727404800207,633
727404900109,632
727405000011,633
727405099913,636
727405199815,636
727405299717,636
727405399619,636
727405499521,636
727405599423,637
727405699325,632
727405799227,632
727405899129,632
727405999031,633
727406098933,636
727406198835,635
727406298737,636
727406398639,636
727406498541,636
727406598443,636
727406698345,652
727406798247,633
727406898890,1450
727406998794,644
727407098696,644
727407198598,644
727407298500,644
727407398402,644
727407498306,640
727407598208,640
727407698110,641
727407798012,641
727407897914,644
727407997816,643
727408097718,643
727408197620,644
727408297522,643
727408397424,660
727408497326,640
727408597228,640
727408697130,641
727408797032,640
727408896934,644
727408996836,644
727409096738,644
727409196640,644
727409296542,644
727409396444,644
727409496346,641
727409596248,641
727409696150,641
727409796052,641
727409895970,645
727409995872,645
727410095774,644
727410195676,643
727410295578,643
727410395480,643
727410495382,644
727410595284,640
727410695186,662
727410795088,640
727410894990,644
727410994892,644
727411094794,644
727411194696,642
727411294598,648
727411394500,644
727411494402,645
727411594304,640
727411694206,640
727411794108,640
727411894010,640
727411993912,646
727412093814,647
727412193716,646
727412293618,646
727412393520,650
727412493422,648
727412593324,639
727412693226,641
727412793128,641
727412893030,639
727412992932,645
727413092834,644
727413192736,644
727413292638,644
727413392540,645
727413492442,645
727413592344,641
727413692246,639
727413792148,640
727413892050,640
727413991952,643
727414091854,643
727414191756,643
727414291658,643
727414391560,644
727414491462,643
727414591364,644
727414691266,640
727414791168,640
727414891070,641
727414990972,643
727415090874,680
727415190776,644
727415290678,644
727415390580,643
727415490482,644
727415590384,644
727415690286,641
727415790188,641
727415890090,640
727415989992,645
727416089894,643
727416189796,644
727416289698,644
727416389600,643
727416489502,643
727416589404,664
727416689306,656
727416789209,641
727416889847,1431
727416989751,636
727417089655,636
727417189557,636
727417289459,636
727417389363,632
727417489267,632
727417589171,632
727417689073,633
727417788975,636
727417888877,636
727417988779,636
727418088681,636
727418188583,636
727418288485,636
727418388387,636
727418488289,633
727418588191,633
727418688093,633
727418787995,636
727418887897,636
727418987799,635
727419087701,636
727419187603,636
727419287505,635
727419387407,636
727419487309,633
727419587211,668
727419687113,633
727419787015,632
727419886917,636
727419986819,636
727420086721,635
727420186623,635
727420286525,635
727420386427,636
727420486329,632
727420586231,633
727420686133,633
727420786035,633
727420885937,636
727420985839,636
727421085741,637
727421185643,636
727421285545,637
727421385447,636
727421485349,633
727421585251,632
727421685153,633
727421785055,633
727421884957,636
727421984859,636
727422084761,636
727422184663,636
727422284565,636
727422384467,637
727422484369,636
727422584271,632
727422684173,633
727422784075,633
727422883977,638
727422983879,639
727423083781,639
727423183683,639
727423283585,639
727423383487,639
727423483389,639
727423583291,632
727423683193,633
727423783095,632
727423882997,635
727423982899,636
727424082801,636
727424182703,635
727424282605,636
727424382507,650
727424482409,636
727424582311,633
727424682213,633
727424782115,633
727424882017,632
727424981919,636
727425081821,636
727425181723,636
727425281625,636
727425381527,636
727425481429,636
727425581331,632
727425681233,633
727425781135,633
727425881037,632
727425980939,635
727426080841,636
727426180743,636
727426280645,636
727426380547,635
727426480449,637
727426580351,632
727426680253,633
727426780155,633
727426880798,1457
727426980704,643
727427080606,644
727427180508,643
727427280410,644
727427380312,640
727427480214,641
727427580116,640
727427680018,640
727427779920,647
727427879822,646
727427979724,644
727428079626,647
727428179528,645
727428279430,643
727428379332,641
727428479234,640
727428579136,640
727428679038,641
727428778940,643
727428878842,644
727428978744,644
727429078646,643
727429178548,644
727429278450,644
727429378352,640
727429478254,641
727429578156,640
727429678058,641
727429777960,643
727429877862,644
727429977764,643
727430077666,644
727430177568,643
727430277470,644
727430377372,644
727430477274,641
727430577176,640
727430677078,640
727430776980,644
727430876882,643
727430976784,644
727431076686,644
727431176588,644
727431276490,643
727431376392,644
727431476294,640
727431576196,641
727431676098,641
727431776003,640
727431875905,642
727431975807,644
727432075709,644
727432175611,644
727432275513,644
727432375415,644
727432475317,640
727432575219,640
727432675121,641
727432775023,641
727432874925,643
727432974827,644
727433074729,645
727433174631,645
727433274533,644
727433374435,644
727433474337,640
727433574239,640
727433674141,641
727433774043,641
727433873945,646
727433973863,649
727434073765,645
727434173667,647
727434273569,647
727434373471,647
727434473373,648
727434573275,640
727434673177,641
727434773079,641
727434872981,643
727434972883,644
727435072785,644
727435172687,643
727435272589,643
727435372491,644
727435472393,643
727435572295,641
727435672197,640
727435772099,640
727435872004,640
727435971906,643
727436071808,644
727436171710,644
727436271612,644
727436371514,644
727436471416,645
727436571318,641
727436671220,640
727436771122,641
727436871766,1441
727436971670,639
727437071572,637
727437171474,635
727437271376,636
727437371278,632
727437471180,633
727437571082,633
727437670984,636
727437770886,636
727437870788,636
727437970690,636
727438070592,636
727438170494,637
727438270396,636
727438370298,632
727438470200,633
727438570102,632
727438670005,633
727438769907,635
727438869809,636
727438969711,636
727439069613,636
727439169515,636
727439269417,636
727439369319,632
727439469221,633
727439569123,633
727439669025,633
727439768927,636
727439868829,636
727439968731,636
727440068633,636
727440168535,636
727440268437,636
727440368339,633
727440468241,633
727440568143,632
727440668045,643
727440767947,637
727440867849,636
727440967751,636
727441067653,637
727441167555,636
727441267457,636
727441367359,632
727441467261,633
727441567163,632
727441667065,632
727441766967,636
727441866869,635
727441966771,636
727442066673,636
727442166575,636
727442266477,636
727442366379,636
727442466281,633
727442566183,632
727442666085,633
727442765987,636
727442865889,635
727442965791,637
727443065693,635
727443165595,636
727443265497,635
727443365399,637
727443465301,633
727443565204,633
727443665106,633
727443765008,632
727443864910,636
727443964812,636
727444064714,636
727444164616,636
727444264518,636
727444364420,636
727444464322,691
727444564224,632
727444664126,633
727444764028,633
727444863930,638
727444963832,638
727445063734,639
727445163636,639
727445263538,639
727445363440,639
727445463342,632
727445563244,632
727445663146,633
727445763048,633
727445862950,635
727445962852,636
727446062754,636
727446162656,635
727446262558,636
727446362460,636
727446462362,632
727446562264,633
727446662166,669
727446762068,633
727446861970,635
727446962610,1457
727447062514,644
727447162416,644
727447262318,640
727447362220,641
727447462122,640
727447562024,641
727447661926,644
727447761828,644
727447861730,644
727447961632,644
727448061534,643
727448161436,644
727448261338,640
727448361240,641
727448461142,641
727448561044,641
727448660946,645
727448760848,644
727448860750,643
727448960652,644
727449060554,644
727449160456,643
727449260358,640
727449360260,640
727449460162,641
727449560064,641
727449659966,661
727449759868,643
727449859770,644
727449959672,663
727450059574,643
727450159476,644
727450259378,643
727450359280,640
727450459182,640
727450559084,641
727450658986,713
727450758888,644
727450858790,645
727450958692,644
727451058594,643
727451158496,643
727451258398,643
727451358300,640
727451458202,641
727451558104,640
727451658006,640
727451757908,644
727451857810,643
727451957712,644
727452057614,644
727452157516,644
727452257418,644
727452357320,640
727452457222,640
727452557124,641
727452657026,640
727452756928,644
727452856830,643
727452956732,644
727453056634,644
727453156536,644
727453256438,644
727453356340,640
727453456242,640
727453556144,641
727453656046,642
727453755948,645
727453855850,644
727453955752,644
727454055654,644
727454155556,644
727454255458,644
727454355360,644
727454455262,641
727454555164,641
727454655066,641
727454754968,644
727454854870,645
727454954772,643
727455054674,644
727455154576,644
727455254478,644
727455354380,644
727455454282,641
727455554184,641
727455654086,640
727455753988,646
727455853890,647
727455953792,659
727456053694,647
727456153596,647
727456253498,648
727456353400,646
727456453302,641
727456553204,640
727456653106,676
727456753008,641
727456852910,643
727456953553,1465
727457053457,640
727457153359,632
727457253261,633
727457353163,632
727457453065,633
727457552967,636
727457652869,635
727457752771,637
727457852673,636
727457952591,636
727458052493,636
727458152395,636
727458252297,633
727458352199,632
727458452101,632
727458552005,632
727458651907,635
727458751809,637
727458851711,636
727458951613,637
727459051515,636
727459151417,636
727459251319,632
727459351221,632
727459451123,632
727459551025,633
727459650927,636
727459750829,636
727459850731,635
727459950633,635
727460050535,637
727460150437,636
727460250339,632
727460350241,632
727460450143,632
727460550045,632
727460649947,636
727460749849,637
727460849751,636
727460949653,636
727461049555,636
727461149457,636
727461249359,632
727461349261,632
727461449163,632
727461549065,633
727461648967,636
727461748869,636
727461848771,636
727461948673,636
727462048575,636
727462148477,636
727462248379,636
727462348281,632
727462448183,632
727462548085,633
727462647987,637
727462747889,636
727462847791,637
727462947693,636
727463047595,636
727463147497,636
727463247399,636
727463347301,632
727463447203,633
727463547105,631
727463647007,632
727463746910,636
727463846812,637
727463946714,636
727464046616,636
727464146518,656
727464246420,636
727464346322,633
727464446224,632
727464546126,633
727464646028,633
727464745930,636
727464845832,636
727464945734,636
727465045636,636
727465145538,636
727465245440,635
727465345342,632
727465445244,633
727465545146,633
727465645048,633
727465744950,636
727465844852,636
727465944754,635
727466044656,636
727466144558,636
727466244460,636
727466344362,632
727466444264,633
727466544166,632
727466644068,632
727466743970,639
727466844613,1452
727466944517,643
727467044419,645
727467144321,640
727467244223,640
727467344125,640
727467444027,640
727467543929,647
727467643831,645
727467743733,646
727467843635,645
727467943537,646
727468043439,646
727468143341,641
727468243243,640
727468343145,640
727468443047,640
727468542949,644
727468642851,644
727468742753,644
727468842655,643
727468942557,645
727469042459,644
727469142361,643
727469242263,640
727469342165,639
727469442067,641
727469541969,643
727469641871,643
727469741773,644
727469841675,644
727469941577,643
727470041479,644
727470141381,643
727470241283,641
727470341185,641
727470441087,641
727470540989,644
727470640891,643
727470740793,649
727470840695,644
727470940597,644
727471040499,643
727471140401,643
727471240303,641
727471340205,639
727471440107,640
727471540009,642
727471639911,644
727471739813,643
727471839715,643
727471939617,644
727472039519,645
727472139421,645
727472239323,639
727472339225,640
727472439127,641
727472539029,641
727472638931,644
727472738833,643
727472838735,663
727472938637,644
727473038539,645
727473138441,644
727473238343,640
727473338245,640
727473438147,640
727473538049,641
727473637951,643
727473737853,642
727473837755,644
727473937657,644
727474037559,644
727474137461,643
727474237363,644
727474337265,641
727474437167,640
727474537069,641
727474636971,643
727474736873,644
727474836775,644
727474936677,644
727475036579,644
727475136481,644
727475236383,644
727475336285,640
727475436187,639
727475536089,640
727475635991,644
727475735893,643
727475835795,643
727475935697,643
727476035599,644
727476135501,644
727476235403,644
727476335305,641
727476435207,640
727476535109,655
727476635011,640
727476734913,644
