729988007415,4190
729988107332,2376
729988207235,2359
729988307137,2366
729988407041,2358
729988506948,2353
729988606850,2354
729988706753,2369
729988806655,2355
729988906557,2369
729989006459,2359
729989106361,2354
729989206263,2365
729989306165,2361
729989406067,1925
729989505969,1904
729989605871,1945
729989705773,1953
729989805675,1945
729989905577,1946
729990005479,1943
729990105381,1946
729990205283,1945
729990305185,1936
729990405087,1937
729990504989,1954
729990604891,1943
729990704793,1974
729990804695,1942
729990904597,1945
729991004499,1950
729991104401,1947
729991204303,1947
729991304205,1936
729991404107,1927
729991504020,1929
729991603922,1938
729991703824,1963
729991803726,1948
729991903628,1943
729992003530,1948
729992103432,1964
729992203334,1948
729992303236,1923
729992403138,1949
729992503040,1937
729992602942,1900
729992702844,1940
729992802746,1943
729992902648,1959
729993002550,1944
729993102452,1908
729993202354,1942
729993302256,1944
729993402158,1920
729993502060,1944
729993601962,1945
729993701864,1951
729993801766,1939
729993901668,1942
729994001570,1942
729994101472,2013
729994201374,1944
729994301276,1942
729994401178,1926
729994501080,1959
729994600982,1945
729994700884,1975
729994800786,1943
729994900688,1945
729995000590,1939
729995100492,1949
729995200394,1939
729995300296,1957
729995400198,1946
729995500100,1946
729995600003,1898
729995699905,1899
729995799807,1939
729995899709,1910
729995999611,1941
729996099513,1952
729996199415,1940
729996299327,1902
729996399229,1925
729996499132,1930
729996599034,1932
729996698936,1939
729996798838,1939
729996898740,1953
729996998642,1907
729997098544,2014
729997198446,1941
729997298348,1933
729997398250,1928
729997498152,1937
729997598054,1943
729997697956,1953
729997797858,1906
729997897760,1941
729997997662,1943
729998097565,2090
729998197467,1981
729998297369,1946
729998397271,1967
729998497173,1948
729998597075,1951
729998696978,1986
729998796880,1947
729998896782,1949
729998996684,1941
729999096586,1984
729999196488,1949
729999296390,1935
729999396292,1982
729999496194,1983
729999596096,1985
729999695998,1943
729999795900,1950
729999895802,1984
729999995704,1947
730000095606,1942
730000195508,1947
730000295410,1948
730000395312,1946
730000495214,1967
730000595116,1949
730000695018,1987
730000794920,1939
730000894822,1983
730000994724,1944
730001094626,1983
730001194528,1943
730001294430,1979
730001394332,1978
730001494234,1992
730001594136,1984
730001694038,1987
730001793940,1946
730001893842,1983
730001993744,1944
730002093646,1988
730002193548,1948
730002293451,1994
730002393355,1945
730002493257,1973
730002593159,1955
730002693061,1952
730002792963,1946
730002892865,1945
730002992767,1946
730003092669,1953
730003192571,1985
730003292473,1949
730003392375,1986
730003492277,1981
730003592179,1994
730003692081,1937
730003791983,1940
730003891885,1942
730003991787,2018
730004091689,1945
730004191591,1942
730004291493,1945
730004391395,1949
730004491297,1950
730004591200,2032
730004691102,1986
730004791004,1982
730004890906,1948
730004990808,1980
730005090710,1984
730005190612,1984
730005290514,1942
730005390416,1979
730005490318,1989
730005590220,1982
730005690122,1984
730005790024,1984
730005889926,1943
730005989828,1984
730006089730,1944
730006189632,1982
730006289534,1944
730006389436,1978
730006489338,1963
730006589240,1968
730006689142,1984
730006789044,1947
730006888946,1943
730006988848,1941
730007088750,1989
730007188652,1990
730007288554,1986
730007388456,1951
730007488363,1930
730007588265,1937
730007688167,1941
730007788069,1938
730007887971,1944
730007987873,1943
730008087776,2031
730008187678,1945
730008287580,1944
730008387482,1950
730008487384,1942
730008587286,1947
730008687189,1982
730008787091,1948
730008886993,1982
730008986895,1948
730009086797,1982
730009186699,1947
730009286601,1982
730009386503,1980
730009486405,1987
730009586307,1983
730009686209,1997
730009786111,1982
730009886013,1980
730009985915,1943
730010085817,1979
730010185719,1948
730010285621,1985
730010385523,1949
730010485425,1996
730010585327,1959
730010685229,1964
730010785152,1944
730010885054,1945
730010984956,1948
730011084858,1948
730011184760,1941
730011284662,1960
730011384564,1978
730011484466,1988
730011584368,1990
730011684270,1942
730011784172,1941
730011884074,1930
730011983976,1951
730012083878,1958
730012183780,1981
730012283682,1952
730012383584,1951
730012483486,1949
730012583388,1952
730012683291,1953
730012783193,1967
730012883095,1964
730012982997,1983
730013082899,1946
730013182801,1983
730013282703,1946
730013382605,1985
730013482507,1983
730013582409,1986
730013682311,1962
730013782214,1982
730013882116,1981
730013982018,1976
730014081920,1949
730014181822,1983
730014281724,1943
730014381626,1983
730014481528,1958
730014581431,1982
730014681334,1960
730014781237,1960
730014881139,1944
730014981041,1945
730015080943,1942
730015180845,1941
730015280747,1959
730015380649,1946
730015480551,1986
730015580453,1989
730015680355,1995
730015780257,1945
730015880159,1946
730015980066,1931
730016079968,1960
730016179870,1943
730016279772,1982
730016379674,1946
730016479576,1945
730016579479,1945
730016679382,1946
730016779284,1947
730016879186,1978
730016979088,1948
730017078990,1974
730017178892,1947
730017278794,1981
730017378696,1947
730017478598,1986
730017578500,1948
730017678402,1996
730017778304,1944
730017878206,1979
730017978108,1981
730018078011,2022
730018177913,1985
730018277815,1941
730018377717,1984
730018477619,1986
730018577521,1984
730018677424,1928
730018777326,1983
730018877228,1938
730018977130,1982
730019077032,1992
730019176934,1985
730019276836,1993
730019376738,1981
730019476640,1944
730019576542,1984
730019676444,1950
730019776346,1973
730019876248,1963
730019976150,1985
730020076052,1987
730020175954,1950
730020275856,1946
730020375758,1941
730020475660,1943
730020575562,1943
730020675465,1984
730020775367,1984
730020875269,1982
730020975171,1939
730021075073,1936
730021174975,1950
730021274877,1942
730021374779,1950
730021474681,1985
730021574583,1993
730021674485,1986
730021774387,1943
730021874289,1963
730021974191,1950
730022074094,1971
730022173996,1956
730022273898,1987
730022373800,1945
730022473702,1987
730022573604,1987
730022673506,1987
730022773408,1952
730022873310,1986
730022973212,1940
730023073115,1986
730023173017,1950
730023272919,1989
730023372821,1983
730023472723,1987
730023572625,1984
730023672527,1988
730023772430,1953
730023872332,1972
730023972234,1969
730024072136,1989
730024172038,1986
730024271940,1950
730024371842,1951
730024471744,1946
730024571646,1941
730024671548,1943
730024771450,1987
730024871352,1972
730024971254,1974
730025071156,1940
730025171066,1931
730025270968,1950
730025370870,1944
730025470772,1987
730025570674,1985
730025670576,1983
730025770478,1984
730025870380,1947
730025970282,1965
730026070184,1943
730026170086,1990
730026269988,1947
730026369890,1984
730026469792,1946
730026569694,1983
730026669597,1991
730026769499,1983
730026869401,1930
730026969303,1980
730027069205,1948
730027169107,2015
730027269009,1946
730027368911,1983
730027468813,1980
730027568715,1991
730027668617,1952
730027768519,1983
730027868421,1946
730027968323,1969
730028068226,2016
730028168128,1982
730028268030,1983
730028367932,1977
730028467834,1942
730028567737,1948
730028667639,1954
730028767541,1943
730028867443,1997
730028967347,1965
730029067249,1981
730029167151,1946
730029267066,1926
730029366968,1942
730029466870,1978
730029566772,1943
730029666674,1995
730029766576,1982
730029866478,1984
730029966380,1949
730030066282,1961
730030166184,1948
730030266086,1966
730030365988,1947
730030465890,1996
730030565792,1948
730030665694,1982
730030765596,1983
730030865498,1982
730030965400,1929
730031065302,1990
730031165204,1989
730031265106,2004
730031365008,1991
730031464911,2003
730031564813,1983
730031664715,1983
730031764617,1945
730031864519,1997
730031964421,1946
730032064323,1982
730032164225,1961
730032264128,1983
730032364030,1982
730032463932,2022
730032563834,1950
730032663737,2055
730032763639,1945
730032863541,1965
730032963443,1986
730033063350,1969
730033163253,1986
730033263155,1944
730033363069,1942
730033462971,2057
730033562890,1983
730033662792,1964
730033762694,1985
730033862596,1983
730033962498,1986
730034062400,1948
730034162302,1960
730034262204,1951
730034362106,1973
730034462008,1960
730034561910,1983
730034661812,1982
730034761714,1983
730034861616,1982
730034961518,1982
730035061420,1942
730035161322,1981
730035261224,1961
730035361126,1980
730035461028,1984
730035560930,1983
730035660832,1990
730035760734,1982
730035860636,1944
730035960539,1997
730036060441,1958
730036160343,1968
730036260245,1965
730036360147,1982
730036460049,1982
730036559951,1948
730036659853,1948
730036759755,1947
730036859657,1962
730036959559,1993
730037059461,1980
730037159363,1969
730037259265,1980
730037359167,1947
730037459069,1983
730037558971,1984
730037658873,2087
730037758775,1938
730037858677,1981
730037958579,2018
730038058482,2053
730038158384,1950
730038258286,1961
730038358188,1946
730038458090,1967
730038557992,1951
730038657894,2045
730038757796,1941
730038857698,1975
730038957600,2006
730039057502,1984
730039157404,1944
730039257306,1982
730039357208,1949
730039457110,1991
730039557012,1982
730039656914,1978
730039756816,1982
730039856718,1981
730039956620,1951
730040056522,1982
730040156424,1947
730040256326,1970
730040356228,1967
730040456130,1980
730040556032,1982
730040655934,1980
730040755836,1943
730040855738,1945
730040955640,1942
730041055542,1946
730041155444,1982
730041255347,1967
730041355249,1979
730041455151,1946
730041555053,1951
730041654955,1949
730041754857,1944
730041854759,1941
730041954661,1986
730042054563,1981
730042154465,1983
730042254367,1951
730042354269,1965
730042454171,1950
730042554074,1969
730042653976,1946
730042753878,1983
730042853780,1946
730042953682,2000
730043053584,2028
730043153486,1985
730043253388,1994
730043353290,1980
730043453192,1953
730043553094,1988
730043652996,1946
730043752898,1986
730043852800,1986
730043952702,2001
730044052604,1951
730044152506,1990
730044252408,1953
730044352310,1974
730044452212,1982
730044552114,1983
730044652016,2025
730044751918,1946
730044851820,1948
730044951722,1950
730045051624,1964
730045151526,1951
730045251428,1983
730045351330,1983
730045451232,1982
730045551134,1945
730045651036,1992
730045750938,1951
730045850840,1945
730045950742,1943
730046050644,2018
730046150546,1984
730046250448,1982
730046350359,1945
730046450261,1964
730046550163,1946
730046650068,1971
730046749970,1943
730046849872,1980
730046949774,1950
730047049676,2002
730047149578,1979
730047249480,1983
730047349382,1927
730047449284,1979
730047549186,1991
730047649088,1982
730047748990,1940
730047848892,1983
730047948794,1984
730048048697,2065
730048148599,1940
730048248501,1984
730048348403,1947
730048448305,1966
730048548207,1965
730048648109,1981
730048748011,1979
730048847913,1961
730048947815,1945
730049047717,1941
730049147619,1948
730049247521,1940
730049347423,1982
730049447325,1982
730049547227,1988
730049647129,1959
730049747031,1941
730049846933,1948
730049946835,1948
730050046737,1944
730050146639,1985
730050246541,1983
730050346443,1982
730050446357,1955
730050546259,1962
730050646161,1948
730050746072,1969
730050845974,1942
730050945876,1982
730051045778,1948
730051145680,1982
730051245582,1994
730051345484,1980
730051445387,1989
730051545290,1981
730051645192,1935
730051745094,1982
730051844996,1943
730051944898,1982
730052044801,1997
730052144703,1981
730052244605,1944
730052344507,1982
730052444409,1948
730052544311,1970
730052644213,1965
730052744116,1982
730052844018,1996
730052943920,1944
730053043822,1944
730053143724,1945
730053243626,1945
730053343528,1946
730053443430,1986
730053543332,1987
730053643235,2000
730053743137,1943
730053843039,1948
730053942941,1948
730054042843,1945
730054142745,1947
730054242647,1984
730054342549,1987
730054442451,1995
730054542355,1949
730054642257,1966
730054742160,1960
730054842070,1970
730054941972,1949
730055041874,1987
730055141776,1985
730055241678,1999
730055341580,1990
730055441482,1982
730055541384,1930
730055641286,1981
730055741188,1948
730055841090,1981
730055940992,1942
730056040894,1998
730056140796,2016
730056240716,1984
730056340618,1946
730056440520,1980
730056540422,1946
730056640324,1970
730056740227,1968
730056840129,1996
730056940031,1982
730057039933,1947
730057139835,1940
730057239737,1947
730057339639,1947
730057439541,1985
730057539443,1985
730057639345,2002
730057739247,1985
730057839149,1945
730057939051,1940
730058038954,2024
730058138856,1985
730058238758,1982
730058338660,1986
730058438562,1987
730058538464,1985
730058638366,1971
730058738269,1980
730058838171,1965
730058938073,1966
730059037975,1950
730059137877,1982
730059237779,1985
730059337681,1978
730059437583,1981
730059537485,1983
730059637387,1930
730059737289,1981
730059837191,1982
730059937093,1984
730060036995,1979
730060136897,1984
730060236799,1983
730060336701,1983
730060436603,1949
730060536505,1983
730060636407,1945
730060736310,1982
730060836212,1998
730060936114,1984
730061036016,1984
730061135918,1984
730061235820,1983
730061335722,1982
730061435624,1989
730061535526,1984
730061635428,1986
730061735330,1983
730061835232,1981
730061935134,1985
730062035036,1983
730062134938,1979
730062234840,1982
730062334742,1985
730062434644,1984
730062534546,1982
730062634448,1984
730062734357,1968
730062834259,1985
730062934161,1965
730063034067,1971
730063133969,1952
730063233871,1988
730063333773,1986
730063433675,1985
730063533577,1988
730063633479,1987
730063733382,1933
730063833284,1987
730063933186,1944
730064033088,1991
730064132990,1981
730064232892,1986
730064332794,1989
730064432696,1985
730064532598,1948
730064632500,1987
730064732402,1951
730064832304,1988
730064932206,1984
730065032108,1987
730065132010,1983
730065231912,1983
730065331814,1983
730065431716,1985
730065531618,1990
730065631520,1988
730065731422,1988
730065831324,1989
730065931226,1986
730066031128,1907
730066131030,1912
730066230932,1901
730066330834,1942
730066430736,1987
730066530638,1986
730066630540,1978
730066730442,1981
730066830344,1970
730066930246,1964
730067030148,1964
730067130050,1984
730067229952,1991
730067329854,1976
730067429756,1951
730067529658,1951
730067629560,1949
730067729463,1944
730067829365,1925
730067929267,1941
730068029170,2022
730068129072,1941
730068228974,1948
730068328876,1946
730068428778,1944
730068528680,1941
730068628582,1946
730068728484,1983
730068828386,1996
730068928288,1961
730069028190,1964
730069128092,1968
730069227994,1983
730069327896,1987
730069427798,1979
730069527701,1990
730069627603,1996
730069727505,1983
730069827407,1983
730069927309,1981
730070027211,1981
730070127113,1981
730070227015,1979
730070326917,1982
730070426819,1996
730070526721,1985
730070626623,1979
730070726526,1984
730070826428,1983
730070926330,1970
730071026232,1972
730071126134,1959
730071226036,1957
730071325938,1949
730071425840,1989
730071525742,1984
730071625644,1989
730071725546,1976
730071825448,1940
730071925358,1931
730072025260,1956
730072125162,1940
730072225069,1933
730072324971,1938
730072424873,1947
730072524775,1943
730072624677,1947
730072724580,1979
730072824482,1961
730072924384,1983
730073024286,1959
730073124188,1963
730073224090,1970
730073323992,1986
730073423894,1982
730073523796,1986
730073623698,1994
730073723601,1988
730073823503,1988
730073923405,1987
730074023307,1982
730074123209,1985
730074223111,1985
730074323013,1985
730074422915,1999
730074522817,1979
730074622719,1986
730074722622,1985
730074822524,1986
730074922426,1985
730075022328,1971
730075122230,1967
730075222132,1978
730075322034,1944
730075421936,1990
730075521838,1979
730075621740,1989
730075721642,1947
730075821544,1942
730075921446,1946
730076021358,1937
730076121260,1946
730076221162,1946
730076321067,1926
730076420969,1942
730076520871,1948
730076620773,1943
730076720675,1943
730076820577,1958
730076920479,1945
730077020381,1982
730077120283,1959
730077220185,1964
730077320087,1969
730077419989,1990
730077519891,1980
730077619793,1998
730077719695,1982
730077819597,1983
730077919499,1982
730078019402,2059
730078119304,1984
730078219206,1984
730078319108,1982
730078419010,1978
730078518912,1981
730078618814,1980
730078718716,1980
730078818618,1984
730078918520,1984
730079018437,1981
730079118339,1987
730079218241,1984
730079318143,1983
730079418045,1946
730079517947,1952
730079617849,1951
730079717751,1943
730079817653,1949
730079917555,1940
730080017457,1947
730080117359,1923
730080217261,1942
730080317163,1941
730080417066,1932
730080516968,1949
730080616870,1951
730080716773,1944
730080816675,1946
730080916577,1946
730081016479,1985
730081116381,1983
730081216283,1965
730081316185,1966
730081416087,1982
730081515989,1977
730081615891,1986
730081715793,1984
730081815695,1984
730081915597,1985
730082015499,1983
730082115401,1982
730082215303,1982
730082315205,1982
730082415107,1983
730082515009,2015
730082614911,1981
730082714813,1985
730082814715,1982
730082914617,1985
730083014519,1984
730083114421,1986
730083214323,1973
730083314225,1966
730083414127,1989
730083514029,2028
730083613931,1986
730083713834,2034
730083813737,1943
730083913640,1949
730084013542,1951
730084113444,1950
730084213355,1925
730084313257,1949
730084413159,1950
730084513070,1935
730084612972,1945
730084712875,1951
730084812777,1953
730084912679,1952
730085012581,1945
730085112483,1950
730085212385,1983
730085312287,1966
730085412189,1992
730085512091,1988
730085611993,1981
730085711895,1989
730085811797,1981
730085911699,1985
730086011601,1982
730086111503,1986
730086211405,1981
730086311307,1985
730086411209,1984
730086511111,1985
730086611013,1978
730086710915,1983
730086810817,1986
730086910719,1983
730087010621,1981
730087110523,1983
730087210425,1984
730087310327,1970
730087410229,1984
730087510131,1985
730087610033,1984
730087709935,1970
730087809837,1949
730087909739,1943
730088009642,2006
730088109544,1947
730088209446,1941
730088309361,1933
730088409263,1939
730088509165,1941
730088609068,1926
730088708971,1948
730088808873,1960
730088908775,1945
730089008677,1948
730089108579,1945
730089208481,1945
730089308383,1981
730089408285,1990
730089508187,1990
730089608089,1983
730089707991,1983
730089807893,1983
730089907795,1979
730090007697,1980
730090107599,1984
730090207501,1984
730090307403,1983
730090407305,1999
730090507207,1981
730090607109,1983
730090707012,1981
730090806914,1984
730090906816,1982
730091006718,1983
730091106620,1981
730091206522,1995
730091306424,1984
730091406326,1969
730091506228,1966
730091606130,1960
730091706032,1946
730091805934,1942
730091905836,1950
730092005738,1955
730092105640,1949
730092205542,1941
730092305444,1947
730092405356,1930
730092505258,1947
730092605160,1940
730092705067,1931
730092804969,1956
730092904871,1943
730093004773,1942
730093104675,1944
730093204577,1944
730093304479,1947
730093404381,1988
730093504283,1983
730093604185,1996
730093704088,1969
730093803990,1985
730093903892,1987
730094003794,1984
730094103696,1985
730094203598,1999
730094303500,1988
730094403402,1997
730094503304,1984
730094603206,1986
730094703109,2005
730094803011,1983
730094902913,1980
730095002815,1986
730095102717,1986
730095202619,2011
730095302521,1986
730095402423,1991
730095502325,1993
730095602227,1987
730095702129,2001
730095802031,1945
730095901933,1940
730096001835,1954
730096101737,1941
730096201639,1943
730096301541,1942
730096401443,1948
730096501357,1923
730096601259,1941
730096701162,1974
730096801067,1948
730096900969,1941
730097000871,1948
730097100773,1943
730097200675,1943
730097300577,1947
730097400479,1986
730097500381,1987
730097600283,2002
730097700185,1965
730097800087,1965
730097899989,1981
730097999891,1983
730098099794,2030
730098199696,1986
730098299598,1984
730098399500,1986
730098499402,1985
730098599304,1985
730098699207,1984
730098799109,1983
730098899011,1982
730098998913,1983
730099098815,1984
730099198717,1985
730099298619,1983
730099398521,1980
730099498423,1988
730099598325,1982
730099698227,1987
730099798129,1964
730099898031,1942
730099997933,1943
730100097835,1937
730100197737,1943
730100297639,1943
730100397541,1942
730100497443,1944
730100597357,1932
730100697260,1986
730100797162,1949
730100897067,1926
730100996969,1948
730101096871,1942
730101196773,1943
730101296675,1940
730101396577,1984
730101496479,1985
730101596381,1984
730101696300,1962
730101796202,1967
730101896104,1970
730101996006,1982
730102095909,1982
730102195811,1985
730102295713,1984
730102395615,1987
730102495517,1981
730102595419,1984
730102695322,1991
730102795224,1983
730102895127,1983
730102995029,1984
730103094931,1983
730103194833,1987
730103294735,1980
730103394637,1984
730103494539,1983
730103594441,1985
730103694343,1971
730103794245,1964
730103894147,1960
730103994049,1948
730104093951,1944
730104193853,1947
730104293755,1952
730104393657,1943
730104493559,1948
730104593461,1952
730104693364,1977
730104793266,1947
730104893168,1944
730104993070,1938
730105092972,1946
730105192874,1946
730105292776,1942
730105392679,1990
730105492581,1983
730105592483,1988
730105692385,1978
730105792287,1961
730105892189,1967
730105992091,1974
730106091993,1981
730106191895,1981
730106291797,1982
730106391699,1985
730106491601,1984
730106591503,1986
730106691406,2019
730106791308,1977
730106891210,1982
730106991112,1983
730107091014,1981
730107190916,1983
730107290818,1983
730107390720,1989
730107490622,1977
730107590524,1985
730107690426,1991
730107790328,1970
730107890230,1966
730107990132,1964
730108090034,1988
730108189936,1948
730108289838,1944
730108389740,1942
730108489642,1948
730108589544,1942
730108689447,1942
730108789349,1942
730108889251,1947
730108989153,1942
730109089067,1925
730109188969,1943
730109288871,1941
730109388773,1984
730109488675,1983
730109588577,2004
730109688479,1976
730109788381,1982
730109888283,1956
730109988185,1963
730110088087,1970
730110187989,1982
730110287891,1983
730110387793,1996
730110487695,1977
730110587597,1983
730110687500,2005
730110787402,1980
730110887304,1976
730110987206,1978
730111087108,1981
730111187010,1980
730111286912,1979
730111386814,1992
730111486716,1991
730111586618,1984
730111686520,1989
730111786422,1982
730111886324,1968
730111986226,1979
730112086128,1961
730112186030,1946
730112285932,1949
730112385834,1942
730112485736,1943
730112585638,1947
730112685541,1947
730112785443,1961
730112885346,1930
730112985248,1940
730113085150,1946
730113185052,1945
730113284954,1942
730113384856,1945
730113484758,1986
730113584660,1955
730113684562,1943
730113784464,1949
730113884373,1967
730113984275,1962
730114084177,1965
730114184079,1969
730114283981,1985
730114383883,2000
730114483786,1986
730114583688,1984
730114683590,1986
730114783492,1985
730114883394,1985
730114983296,1984
730115083198,2080
730115183100,2000
730115283004,1984
730115382906,1982
730115482808,1985
730115582710,1986
730115682612,1985
730115782514,1987
730115882416,1987
730115982318,1983
730116082220,1972
730116182122,1962
730116282024,1940
730116381926,1942
730116481828,1941
730116581730,1947
730116681632,1949
730116781534,1960
730116881436,1942
730116981349,1930
730117081251,1939
730117181153,1937
730117281068,1931
730117380970,1945
730117480872,1989
730117580774,2003
730117680676,1990
730117780578,1948
730117880480,1948
730117980382,1982
730118080285,2032
730118180187,1963
730118280089,1971
730118379991,1985
730118479893,1979
730118579795,1984
730118679698,1983
730118779600,1982
730118879502,1985
730118979404,1983
730119079306,1982
730119179208,1981
730119279110,1982
730119379012,1979
730119478914,1985
730119578816,1988
730119678718,1982
730119778620,1983
730119878522,1984
730119978424,1983
730120078326,1971
730120178228,1966
730120278130,1959
730120378032,1947
730120477934,1949
730120577836,1947
730120677739,1943
730120777641,1950
730120877543,1941
730120977445,1948
730121077347,1936
730121177249,1941
730121277151,1939
730121377053,1940
730121476955,1977
730121576857,1986
730121676759,1978
730121776661,1945
730121876563,1949
730121976465,1946
730122076374,1967
730122176276,1961
730122276178,1968
730122376080,1974
730122475982,1978
730122575884,1984
730122675787,1984
730122775689,1984
730122875591,1982
730122975493,1980
730123075395,1976
730123175297,1982
730123275199,1980
730123375101,1981
730123475005,1989
730123574907,1984
730123674809,1985
730123774711,1982
730123874613,1984
730123974515,1986
730124074417,1982
730124174319,1971
730124274221,1966
730124374123,1963
730124474041,1941
730124573943,1946
730124673846,1945
730124773748,1949
730124873650,1954
730124973552,1946
730125073454,1952
730125173356,1931
730125273258,1941
730125373160,1942
730125473062,1987
730125572964,1953
730125672866,1947
730125772768,1947
730125872670,1944
730125972572,1948
730126072474,1948
730126172376,1987
730126272278,1967
730126372180,1973
730126472082,1975
730126571984,1985
730126671887,1982
730126771789,1983
730126871691,1979
730126971593,1980
730127071495,1992
730127171397,1985
730127271299,1990
730127371201,1984
730127471103,1978
730127571005,1982
730127670907,1980
730127770809,1982
730127870711,1983
730127970613,1984
730128070516,2053
730128170418,1983
730128270320,1970
730128370222,1959
730128470124,1961
730128570026,1945
730128669929,1948
730128769831,1959
730128869733,1946
730128969635,1942
730129069537,1941
730129169439,1948
730129269348,1929
730129369250,1941
730129469152,1983
730129569054,1996
730129668956,2000
730129768858,1943
730129868760,1944
730129968662,1944
730130068564,1946
730130168466,1945
730130268375,1966
730130368277,1975
730130468179,1966
730130568081,1967
730130667983,1986
730130767885,1981
730130867787,1982
730130967689,1983
730131067591,2055
730131167493,1995
730131267395,1984
730131367297,1981
730131467199,1984
730131567101,1984
730131667004,1980
730131766906,1981
730131866808,1982
730131966710,1996
730132066612,1984
730132166514,1987
730132266416,1983
730132366318,1969
730132466220,1965
730132566122,1962
730132666024,1944
730132765926,1959
730132865828,1950
730132965730,1947
730133065632,1941
730133165534,1948
730133265436,1948
730133365338,1938
730133465240,1990
730133565142,1997
730133665044,1991
730133764946,1943
730133864848,1942
730133964750,1947
730134064652,1950
730134164554,1949
730134264456,1949
730134364358,2003
730134464260,2031
730134564162,1969
730134664066,2004
730134763968,1986
730134863870,1985
730134963772,1985
730135063674,1981
730135163576,1997
730135263478,1985
730135363380,1985
730135463282,2068
730135563184,1981
730135663086,1989
730135762988,1987
730135862890,1987
730135962792,1998
730136062694,1987
730136162596,1986
730136262498,1985
730136362400,1986
730136462302,1976
730136562204,1967
730136662106,2001
730136762008,1960
730136861910,1941
730136961812,1948
730137061714,1949
730137161616,1947
730137261518,1943
730137361420,1947
730137461322,1983
730137561224,1961
730137661126,1947
730137761028,1939
730137860930,1948
730137960832,1947
730138060735,1993
730138160637,1945
730138260539,1946
730138360441,1951
730138460343,1984
730138560245,1965
730138660147,1969
730138760050,2065
730138859952,2035
730138959854,2019
730139059756,1986
730139159658,1988
730139259560,1978
730139359462,1978
730139459364,1967
730139559266,1984
730139659168,2051
730139759071,1974
730139858973,1980
730139958875,2032
730140058777,2055
730140158679,1986
730140258581,1985
730140358483,1984
730140458385,1984
730140558287,1967
730140658189,1970
730140758091,2005
730140857993,1951
730140957895,1943
730141057797,1941
730141157699,1941
730141257601,1956
730141357503,1952
730141457405,1987
730141557307,1990
730141657209,2004
730141757111,1929
730141857013,1940
730141956915,1944
730142056817,1943
730142156719,2023
730142256621,2022
730142356523,2028
730142456425,2025
730142556327,2076
730142656229,2051
730142756131,1971
730142856033,1984
730142955935,1983
730143055837,1983
730143155739,1982
730143255641,1979
730143355543,1985
730143455445,1988
730143555347,1986
730143655249,1987
730143755152,1983
730143855066,1967
730143954968,1983
730144054870,1984
730144154772,1985
730144254674,1986
730144354576,1985
730144454478,1984
730144554380,1984
730144654282,1965
730144754184,1966
730144854086,1950
730144953988,1958
730145053890,1945
730145153792,1951
730145253694,1952
730145353596,1944
730145453498,2003
730145553400,1994
730145653302,1992
730145753205,1949
730145853107,1931
730145953009,1955
730146052911,1942
730146152813,1947
730146252715,1946
730146352617,1950
730146452519,1962
730146552421,1954
730146652323,2036
730146752226,1968
730146852128,1968
730146952030,1996
730147051932,1983
730147151851,1984
730147251753,1984
730147351655,1982
730147451557,1987
730147551459,1980
730147651361,1962
730147751263,1986
730147851165,1983
730147951067,1973
730148050970,2017
730148150872,1982
730148250774,1982
730148350676,1983
730148450578,1981
730148550480,1985
730148650382,1983
730148750284,1980
730148850186,1963
730148950088,1946
730149049990,1941
730149149892,1949
730149249794,1947
730149349696,1948
730149449598,1985
730149549500,1955
730149649402,1930
730149749304,1939
730149849206,1936
730149949108,1928
730150049010,1939
730150148912,1942
730150248814,1944
730150348716,1961
730150448618,1944
730150548520,1943
730150648422,1947
730150748325,1981
730150848227,1963
730150948129,1966
730151048031,1983
730151147933,1996
730151247835,1984
730151347737,1982
730151447639,1978
730151547541,1982
730151647443,1984
730151747346,1982
730151847248,1982
730151947150,1996
730152047052,1982
730152146954,1985
730152246856,1983
730152346758,1982
730152446660,1983
730152546562,1984
730152646464,1984
730152746366,1996
730152846268,1965
730152946170,1963
730153046072,1942
730153145974,1947
730153245876,1948
730153345778,1940
730153445680,1986
730153545582,1993
730153645484,1995
730153745386,1929
730153845288,1942
730153945190,1946
730154045092,1935
730154144994,1947
730154244896,1948
730154344798,1960
730154444700,1947
730154544602,1946
730154644504,1947
730154744406,1914
730154844308,1912
730154944210,1912
730155044112,1908
730155144014,1918
730155243916,1911
730155343818,1910
730155443720,1915
730155543622,1907
730155643524,1907
730155743426,1914
730155843328,1915
730155943230,1930
730156043132,1910
730156143034,1908
730156242936,1905
730156342838,1912
730156442740,1916
730156542642,1907
730156642544,1916
730156742447,1923
730156842349,1908
730156942251,1951
730157042153,1951
730157142055,1952
730157241957,1948
730157341859,1947
730157441761,1989
730157541663,1954
730157641565,1947
730157741467,1942
730157841369,1971
730157941271,1982
730158041174,1995
730158141076,1930
730158240978,1946
730158340880,1948
730158440782,1945
730158540684,1938
730158640586,1947
730158740488,1950
730158840390,1982
730158940292,1948
730159040194,1947
730159140096,1952
730159239998,1941
730159339900,1942
730159439802,1943
730159539704,1949
730159639606,1950
730159739508,1984
730159839410,1950
730159939312,1946
730160039214,1940
730160139116,1936
730160239018,1946
730160338920,1951
730160438822,1950
730160538724,1946
730160638626,1949
730160738528,1908
730160838430,1908
730160938332,1906
730161038234,1909
730161138136,1907
730161238038,1905
730161337940,1902
730161437842,1903
730161537744,1911
730161637646,1915
730161737548,1904
730161837450,1908
730161937352,1906
730162037254,1910
730162137156,1906
730162237058,1904
730162336960,1944
730162436862,1943
730162536764,1942
730162636666,1946
730162736568,1946
730162836470,1943
730162936372,1946
730163036274,1959
730163136176,1985
730163236078,1983
730163335980,2077
730163435882,1983
730163535784,1986
730163635686,1983
730163735588,1982
730163835490,1985
730163935392,1984
730164035294,1983
730164135196,2004
730164235098,1985
730164335004,1982
730164434906,1983
730164534808,1984
730164634710,1986
730164734613,1984
730164834515,1984
730164934417,1983
730165034319,1970
730165134221,1961
730165234123,1963
730165334025,1948
730165433927,1987
730165533829,1986
730165633731,1988
730165733633,1946
730165833535,1949
730165933437,1944
730166033339,1949
730166133241,1944
730166233143,1952
730166333045,1946
730166432947,1945
730166532849,1948
730166632751,1948
730166732653,1989
730166832555,1949
730166932458,1953
730167032360,1984
730167132262,1968
730167232164,1971
730167332069,1968
730167431971,1977
730167531873,1989
730167631775,1978
730167731677,2018
730167831579,1979
730167931481,1987
730168031384,2095
730168131286,1983
730168231188,1980
730168331090,1977
730168430992,1981
730168530894,1983
730168630796,1982
730168730698,1992
730168830600,1983
730168930502,1983
730169030404,1980
730169130306,2057
730169230208,1965
730169330110,1961
730169430012,1981
730169529914,1997
730169629816,1985
730169729718,1942
730169829620,1947
730169929539,1946
730170029441,1941
730170129343,1939
730170229245,1939
730170329147,1960
730170429049,1938
730170528951,1941
730170628853,1942
730170728755,1944
730170828657,1942
730170928559,1947
730171028461,1944
730171128363,1961
730171228265,1964
730171328167,1971
730171428069,1990
730171527971,1984
730171627873,1977
730171727775,1984
730171827677,1982
730171927579,1994
730172027481,1982
730172127383,1980
730172227285,1982
730172327187,1988
730172427089,1983
730172526991,1982
730172626893,1982
730172726795,1996
730172826697,1982
730172926599,1982
730173026501,1984
730173126403,1982
730173226305,1969
730173326207,1963
730173426109,1984
730173526011,1958
730173625913,1942
730173725815,1943
730173825717,1942
730173925619,1946
730174025521,1942
730174125423,1947
730174225325,1939
730174325227,1960
730174425129,1923
730174525031,1946
730174624933,1942
730174724835,1943
730174824737,1943
730174924639,1945
730175024541,1947
730175124443,1997
730175224345,1989
730175324247,1990
730175424149,1962
730175524051,1982
730175623954,1983
730175723857,1984
730175823759,1985
730175923661,2000
730176023563,1984
730176123465,1983
730176223367,1972
730176323269,2021
730176423172,1984
730176523074,1972
730176622976,1985
730176722879,1995
730176822781,1984
730176922683,1986
730177022585,1985
730177122487,1987
730177222389,1984
730177322291,1972
730177422193,1991
730177522095,2007
730177621997,1983
730177721899,1940
730177821801,1943
730177921703,1942
730178021606,1990
730178121508,1943
730178221411,1950
730178321313,1949
730178421215,1948
730178521118,1934
730178621020,1939
730178720923,1942
730178820825,1938
730178920727,1944
730179020630,1945
730179120532,1948
730179220434,1946
730179320348,1940
730179420250,1988
730179520152,1984
730179620054,1983
730179719957,1984
730179819859,1985
730179919761,1981
730180019663,1981
730180119565,1984
730180219467,1984
730180319370,1967
730180419272,1984
730180519174,1982
730180619076,1972
730180718979,1982
730180818881,1984
730180918783,1983
730181018685,1985
730181118587,1985
730181218489,1985
730181318391,1984
730181418293,1982
730181518195,1986
730181618097,1984
730181717999,1942
730181817901,1948
730181917803,1949
730182017705,1949
730182117607,1943
730182217509,1944
730182317411,1951
730182417313,1939
730182517215,1936
730182617117,1928
730182717019,1941
730182816921,1946
730182916823,1948
730183016725,1948
730183116627,1947
730183216529,1950
730183316431,1952
730183416333,2026
730183516235,1988
730183616137,1992
730183716039,1983
730183815941,1982
730183915843,1985
730184015745,1984
730184115647,1986
730184215549,1986
730184315451,1986
730184415365,1973
730184515268,1985
730184615170,1983
730184715073,1971
730184814975,1984
730184914877,1984
730185014779,1983
730185114681,1985
730185214583,1985
730185314485,1980
730185414387,1989
730185514289,1984
730185614191,1966
730185714093,1947
730185813995,1948
730185913897,1945
730186013799,1952
730186113701,1942
730186213603,1944
730186313505,1947
730186413407,1930
730186513309,1952
730186613211,1944
730186713114,1951
730186813016,1938
730186912918,1953
730187012820,1951
730187112722,1990
730187212624,1982
730187312526,1987
730187412428,1952
730187512330,1964
730187612232,1965
730187712134,1969
730187812036,1984
730187911938,1978
730188011841,2026
730188111743,1984
730188211645,1980
730188311547,1982
730188411449,1983
730188511363,1968
730188611265,1982
730188711168,1996
730188811070,1970
730188910972,1979
730189010874,1980
730189110776,1981
730189210678,1983
730189310580,1981
730189410482,1982
730189510384,2004
730189610286,1989
730189710188,1962
730189810090,1949
730189909992,1942
730190009894,1949
730190109796,1947
730190209698,1948
730190309600,1962
730190409502,1942
730190509404,1936
730190609306,1946
730190709209,1940
730190809111,1929
730190909013,1940
730191008915,1943
730191108817,1957
730191208719,1944
730191308621,1945
730191408523,1985
730191508425,1989
730191608327,1987
730191708229,1985
730191808131,1967
730191908033,1995
730192007935,1981
730192107837,1982
730192207739,1980
730192307641,1981
730192407543,1992
730192507445,1986
730192607347,1984
730192707266,1999
730192807168,1982
730192907070,1972
730193006972,1984
730193106874,1983
730193206776,1981
730193306678,1984
730193406580,1987
730193506482,2003
730193606384,1984
730193706286,1966
730193806188,1964
730193906090,1948
730194005992,1940
730194105894,1948
730194205796,1941
730194305698,1955
730194405600,2028
730194505502,1943
730194605404,1930
730194705307,1938
730194805209,1940
730194905111,1934
730195005013,1945
730195104915,1955
730195204817,1946
730195304719,1943
730195404621,1984
730195504523,1987
730195604425,1983
730195704327,1958
730195804229,1964
730195904132,1983
730196004034,1979
730196103936,1985
730196203838,1999
730196303740,1983
730196403642,1986
730196503544,1985
730196603446,1984
730196703349,2020
730196803251,1986
730196903153,1985
730197003065,1972
730197102967,1985
730197202869,1997
730197302771,1985
730197402673,1992
730197502575,2004
730197602477,1985
730197702379,2002
730197802281,1970
730197902183,1967
730198002085,1949
730198101988,1950
730198201890,1942
730198301792,1944
730198401694,1943
730198501596,1948
730198601498,1943
730198701401,1955
730198801303,1948
730198901205,1947
730199001107,1927
730199101009,1984
730199200911,1992
730199300813,1978
730199400715,1949
730199500617,1946
730199600519,1943
730199700421,1947
730199800323,1962
730199900225,1964
730200000127,1970
730200100029,1983
730200199931,1982
730200299833,1981
730200399735,1983
730200499637,1977
730200599539,1984
730200699441,2022
730200799351,1972
730200899253,1983
730200999155,1990
730201099068,1971
730201198970,1982
730201298872,1981
730201398774,1984
730201498676,1988
730201598578,1986
730201698480,1987
730201798382,1985
730201898285,1968
730201998187,1966
730202098089,1949
730202197991,1942
730202297893,1952
730202397795,1950
730202497697,1947
730202597599,1951
730202697502,1985
730202797404,1945
730202897306,1939
730202997208,1940
730203097110,1929
730203197012,1940
730203296914,1942
730203396817,1984
730203496719,1984
730203596621,1984
730203696523,1982
730203796426,1947
730203896328,1962
730203996230,1965
730204096132,1969
730204196034,1984
730204295936,1981
730204395838,1982
730204495740,1980
730204595642,1981
730204695545,1984
730204795447,1978
730204895349,1967
730204995251,1983
730205095153,1983
730205195066,1965
730205294968,1988
730205394870,1988
730205494772,1985
730205594674,1979
730205694576,1989
730205794478,1986
730205894380,1987
730205994282,1967
730206094184,1965
730206194086,1951
730206293988,1957
730206393890,1944
730206493792,1943
730206593694,1947
730206693597,1940
730206793499,1953
730206893401,1953
730206993303,1949
730207093205,1953
730207193107,1932
730207293009,1948
730207392911,1994
730207492814,1982
730207592716,1987
730207692618,1990
730207792520,1947
730207892422,1953
730207992324,1963
730208092227,2038
730208192130,1972
730208292032,1986
730208391934,1979
730208491836,1981
730208591738,1981
730208691641,2032
730208791543,1981
730208891445,1981
730208991349,1965
730209091251,1982
730209191153,1981
730209291067,1969
730209390969,1984
730209490871,1998
730209590773,1979
730209690675,1983
730209790577,1983
730209890479,1982
730209990381,1981
730210090283,1968
730210190185,1961
730210290087,1963
730210389989,1948
730210489891,1942
730210589793,1946
730210689696,1948
730210789599,1949
730210889501,1939
730210989403,1929
730211089305,1995
730211189207,1983
730211289109,1989
730211389011,1945
730211488914,1946
730211588816,1947
730211688718,1948
730211788620,1944
730211888522,1961
730211988424,1945
730212088326,1961
730212188228,1963
730212288130,1966
730212388032,1983
730212487934,1981
730212587836,1981
730212687739,2032
730212787641,1982
730212887543,1981
730212987445,1983
730213087348,1966
730213187250,1978
730213287152,1981
730213387066,1985
730213486968,1989
730213586870,1978
730213686772,1976
730213786674,1983
730213886576,1982
730213986478,1981
730214086380,1979
730214186282,1967
730214286184,1979
730214386086,1949
730214485988,1943
730214585890,1949
730214685793,1941
730214785695,1942
730214885597,1943
730214985499,1941
730215085401,2035
730215185303,1942
730215285205,1940
730215385125,1946
730215485027,1990
730215584929,1984
730215684831,1989
730215784733,1949
730215884635,1962
730215984537,1948
730216084439,1947
730216184341,1959
730216284243,1965
730216384145,1969
730216484047,1982
730216583949,1985
730216683852,1998
730216783754,1985
730216883657,1982
730216983559,1984
730217083461,1985
730217183363,1985
730217283265,1984
730217383167,1984
730217483069,2001
730217582971,1980
730217682873,1990
730217782775,1987
730217882677,2003
730217982579,1987
730218082482,2059
730218182384,1989
730218282286,1971
730218382188,1966
730218482090,1955
730218581992,1948
730218681895,1950
730218781797,1941
730218881699,1978
730218981601,1943
730219081503,1946
730219181405,1940
730219281307,1942
730219381209,1941
730219481111,1984
730219581013,1992
730219680915,1985
730219780817,1944
730219880720,1951
730219980622,1950
730220080524,1949
730220180426,1950
730220280328,1958
730220380230,1967
730220480132,1966
730220580034,1978
730220679937,1986
730220779839,1982
730220879741,1984
730220979643,1981
730221079545,1985
730221179447,1983
730221279352,1966
730221379254,1978
730221479156,1987
730221579069,1971
730221678971,1983
730221778873,1984
730221878775,1982
730221978677,1984
730222078579,1984
730222178481,1983
730222278383,1983
730222378285,1969
730222478187,1966
730222578089,1949
730222677992,1950
730222777894,1942
730222877796,1949
730222977698,1947
730223077600,1981
730223177502,1988
730223277404,1981
730223377306,1944
730223477208,1935
730223577110,1936
730223677012,1943
730223776914,1948
730223876816,1946
730223976718,1949
730224076620,1945
730224176522,1946
730224276424,1950
730224376326,1961
730224476228,1964
730224576130,1969
730224676032,1986
730224775934,1983
730224875836,1980
730224975738,1984
730225075640,1982
730225175542,1980
730225275444,1983
730225375349,1965
730225475251,1987
730225575153,1991
730225675055,1984
730225774957,1985
730225874859,1978
730225974761,1986
730226074663,1980
730226174565,1985
730226274467,1987
730226374369,1967
730226474271,1967
730226574173,1964
730226674076,1954
730226773978,1947
730226873880,1950
730226973782,1944
730227073684,1946
730227173586,1952
730227273488,1947
730227373390,1933
730227473292,1985
730227573194,1989
730227673096,1988
730227772998,1950
730227872900,1954
730227972802,1952
730228072705,1993
730228172607,1951
730228272509,1951
730228372411,1952
730228472313,1965
730228572215,1969
730228672118,1981
730228772020,1976
730228871922,1981
730228971824,1983
730229071726,1983
730229171628,1982
730229271530,1982
730229371432,1983
730229471334,1998
730229571236,1988
730229671138,1983
730229771040,1984
730229870942,1983
730229970844,1984
730230070746,1984
730230170648,1983
730230270550,1997
730230370452,1983
730230470354,1970
730230570256,1967
730230670158,1964
730230770060,1948
730230869962,1948
730230969864,1947
730231069766,1955
730231169668,1981
730231269570,1948
730231369472,1949
730231469374,1983
730231569276,1984
730231669178,1991
730231769080,1935
730231868982,1954
730231968884,1946
730232068786,1943
730232168688,1977
730232268590,1947
730232368492,1945
730232468394,1945
730232568296,1962
730232668199,1980
730232768101,1964
730232868004,1978
730232967906,1979
730233067808,1979
730233167710,2016
730233267612,1981
730233367514,1982
730233467416,1998
730233567318,2019
730233667220,1982
730233767122,1982
730233867024,1984
730233966926,1980
730234066828,1984
730234166730,1984
730234266632,1996
730234366534,1984
730234466436,1984
730234566338,1970
730234666240,1966
730234766142,1962
730234866044,1946
730234965946,1942
730235065848,1998
730235165750,1983
730235265652,1986
730235365554,1988
730235465456,1983
730235565359,1925
730235665261,1946
730235765163,1940
730235865069,1948
730235964971,1942
730236064873,1942
730236164775,1944
730236264677,1949
730236364579,1945
730236464481,2002
730236564383,1946
730236664285,2011
730236764188,1968
730236864090,1970
730236963992,1978
730237063894,1983
730237163796,1981
730237263698,1982
730237363600,1986
730237463502,2085
730237563404,1988
730237663306,1987
730237763208,1981
730237863110,1988
730237963012,1984
730238062915,2020
730238162832,1985
730238262734,1988
730238362636,1985
730238462538,2009
730238562440,1988
730238662342,1995
730238762244,1972
730238862146,1967
730238962048,1946
730239061950,1944
730239161852,1942
730239261754,1947
730239361656,1950
730239461558,1983
730239561460,1988
730239661362,1999
730239761264,1937
730239861166,1950
730239961068,1924
730240060970,1947
730240160872,1949
730240260774,1944
730240360676,1940
730240460578,1944
730240560480,1950
730240660382,1965
730240760285,1961
730240860187,1962
730240960093,1990
730241059995,1984
730241159897,1983
730241259799,1982
730241359701,1983
730241459603,1983
730241559505,1984
730241659407,2047
730241759309,1982
730241859211,1981
730241959113,2018
730242059015,1982
730242158917,1979
730242258819,1984
730242358721,1985
730242458623,1983
730242558525,1985
730242658427,2066
730242758329,1965
730242858231,1967
730242958133,1966
730243058035,1948
730243157937,1942
730243257839,1945
730243357741,1945
730243457643,1985
730243557545,1996
730243657447,2023
730243757359,1928
730243857261,1945
730243957163,1949
730244057068,1936
730244156970,1950
730244256872,1942
730244356774,1942
730244456676,1945
730244556578,1946
730244656480,1964
730244756382,1948
730244856284,1961
730244956186,1969
730245056088,1970
730245155990,1981
730245255892,1983
730245355794,1985
730245455696,1990
730245555598,1984
730245655500,1982
730245755402,1984
730245855305,1986
730245955207,1982
730246055109,1986
730246155011,1982
730246254913,1985
730246354815,1984
730246454717,1985
730246554619,1986
730246654521,2020
730246754423,1987
730246854325,1968
730246954227,1965
730247054129,1987
730247154031,1984
730247253933,1987
730247353835,1980
730247453737,1958
730247553639,1946
730247653541,1951
730247753443,1950
730247853345,1952
730247953247,1965
730248053150,1983
730248153052,1947
730248252954,1953
730248352856,1952
730248452758,1965
730248552660,1947
730248652562,1997
730248752465,1948
730248852367,1951
730248952269,1977
730249052171,1970
730249152073,1972
730249251975,1983
730249351877,1978
730249451779,1992
730249551681,1986
730249651583,1985
730249751485,1983
730249851387,1982
730249951289,1981
730250051191,1983
730250151093,1982
730250250995,1993
730250350897,1983
730250450799,1984
730250550701,1983
730250650603,1983
730250750505,1984
730250850407,1983
730250950309,1968
730251050211,1978
730251150113,1955
730251250015,1944
730251349917,1948
730251449819,1979
730251549721,1979
730251649623,1984
730251749525,1943
730251849427,1954
730251949329,1948
730252049231,1947
730252149133,1947
730252249035,1939
730252348937,1942
730252448839,1940
730252548741,1947
730252648643,1961
730252748545,1941
730252848447,1946
730252948349,1945
730253048251,2048
730253148153,1967
730253248067,1971
730253347969,1980
730253447871,2004
730253547773,1984
730253647675,1986
730253747577,1980
730253847479,1983
730253947381,1981
730254047283,1982
730254147185,1983
730254247087,1996
730254346989,1982
730254446891,1984
730254546793,1983
730254646695,1979
730254746597,1984
730254846499,1983
730254946401,1983
730255046303,1980
730255146205,1960
730255246107,1960
730255346009,1945
730255445911,1989
730255545813,1979
730255645715,1982
730255745617,1948
730255845519,1960
730255945421,1942
730256045323,1946
730256145225,1946
730256245127,1945
730256345029,1946
730256444931,1942
730256544833,1943
730256644735,1958
730256744638,1944
730256844540,1948
730256944442,1948
730257044348,1941
730257144250,1964
730257244152,1967
730257344054,1982
730257443956,1999
730257543858,1983
730257643760,1985
730257743662,1986
730257843564,1983
730257943466,1986
730258043369,1982
730258143271,1908
730258243173,1914
730258343075,1908
730258442977,1911
730258542879,1918
730258642781,1905
730258742683,1910
730258842585,1919
730258942487,1951
730259042389,1951
730259142291,1953
730259242193,1949
730259342095,1953
730259441997,1942
730259541899,1942
730259641801,1942
730259741703,1943
730259841605,1947
730259941507,1981
730260041409,1931
730260141311,1984
730260241213,1946
730260341115,1928
730260441017,1941
730260540919,1947
730260640821,1944
730260740723,1985
730260840640,1977
730260940542,1950
730261040444,1945
730261140346,1947
730261240248,1946
730261340150,1950
730261440052,1946
730261539954,1942
730261639856,1943
730261739758,1989
730261839660,1947
730261939562,1941
730262039465,1941
730262139367,1935
730262239269,2026
730262339171,2027
730262439073,1930
730262538975,1944
730262638877,1944
730262738779,1919
730262838681,1910
730262938583,1908
730263038485,1908
730263138387,1912
730263238289,1915
730263338191,1908
730263438093,1912
730263537995,1908
730263637897,1915
730263737800,1902
730263837702,1907
730263937604,1908
730264037506,1905
730264137408,1915
730264237310,1910
730264337212,1904
730264437114,1915
730264537016,1910
730264636918,1901
730264736820,1907
730264836722,1907
730264936624,1942
730265036526,1942
730265136428,1939
730265236330,1943
730265336232,1949
730265436134,1990
730265536036,1945
730265635938,1949
730265735840,1949
730265835742,1949
730265935644,1946
730266035546,1943
730266135448,1943
730266235360,1934
730266335262,1944
730266435164,1937
730266535067,1936
730266634969,1944
730266734871,1909
730266834773,1907
730266934675,1914
730267034577,1916
730267134479,1908
730267234381,1908
730267334283,1910
730267434185,1916
730267534087,1915
730267633989,1903
730267733891,1905
730267833793,1910
730267933695,1911
730268033598,1965
730268133500,1911
730268233402,1911
730268333304,1909
730268433206,1916
730268533109,1911
730268633011,1926
730268732913,1946
730268832815,1910
730268932717,1950
730269032619,1949
730269132521,1947
730269232423,1949
730269332325,1949
730269432227,1999
730269532129,1952
730269632031,1945
730269731933,1983
730269831835,1947
730269931737,1942
730270031639,1948
730270131541,1949
730270231443,1955
730270331345,1947
730270431247,1947
730270531149,1941
730270631051,1941
730270730953,1961
730270830855,1949
730270930757,1940
730271030659,1962
730271130561,1944
730271230463,1987
730271330365,1949
730271430267,1948
730271530169,1944
730271630071,1948
730271729973,1942
730271829875,1954
730271929777,1949
730272029679,1944
730272129581,1950
730272229483,1948
730272329385,1935
730272429287,1938
730272529189,1946
730272629091,1950
730272728993,1948
730272828895,1942
730272928797,1944
730273028699,1942
730273128601,1944
730273228503,1949
730273328405,1952
730273428307,1994
730273528209,1988
730273628111,1947
730273728013,1946
730273827915,1950
730273927817,1948
730274027719,1942
730274127621,1942
730274227523,1958
730274327425,1952
730274427327,1983
730274527229,1947
730274627131,1946
730274727033,1938
730274826935,1947
730274926837,1948
730275026739,1962
730275126641,1948
730275226543,1945
730275326445,1977
730275426347,1945
730275526249,1947
730275626151,1948
730275726053,1946
730275825955,1954
730275925857,1942
730276025759,1944
730276125661,1948
730276225563,1941
730276325465,1949
730276425367,1928
730276525269,1946
730276625172,1954
730276725075,1936
730276824977,1946
730276924879,1948
730277024781,1943
730277124683,1948
730277224585,1946
730277324487,1949
730277424389,1959
730277524291,1943
730277624194,1995
730277724096,1949
730277823998,1951
730277923900,1946
730278023803,2026
730278123705,1941
730278223607,1954
730278323509,1951
730278423411,1952
730278523313,1945
730278623215,1940
730278723118,1930
730278823020,1942
730278922922,1946
730279022824,1949
730279122726,1954
730279222628,1949
730279322530,1952
730279422433,1997
730279522335,1954
730279622237,1952
730279722139,1951
730279822041,1948
730279921943,1942
730280021845,1940
730280121747,1950
730280221649,1949
730280321551,1942
730280421453,1942
730280521362,1923
730280621264,1947
730280721167,1940
730280821069,1936
730280920971,1944
730281020873,1946
730281120775,1943
730281220677,1945
730281320579,1941
730281420481,1949
730281520383,1947
730281620285,1947
730281720187,1952
730281820089,1950
730281919991,1950
730282019893,1944
730282119795,1948
730282219697,1945
730282319599,1941
730282419501,1950
730282519403,1926
730282619305,1940
730282719208,1941
730282819110,1924
730282919012,1946
730283018914,1984
730283118816,1944
730283218718,1940
730283318620,1946
730283418522,1947
730283518424,1947
730283618342,1948
730283718244,1947
730283818146,1945
730283918048,1946
730284017950,1949
730284117852,1943
730284217754,1943
730284317656,1940
730284417558,1942
730284517460,1943
730284617363,1932
730284717266,1949
730284817168,1947
730284917070,1927
730285016972,1951
730285116874,1947
730285216776,1944
730285316678,1949
730285416580,1984
730285516482,1949
730285616384,1955
730285716286,1947
730285816188,1949
730285916090,1949
730286015992,1943
730286115894,1944
730286215796,1951
730286315698,1943
730286415600,1942
730286515502,1942
730286615404,1934
730286715307,1944
730286815209,1940
730286915111,1937
730287015013,1949
730287114915,1950
730287214817,1950
730287314719,1945
730287414621,1946
730287514523,1945
730287614425,1980
730287714327,1947
730287814229,1952
730287914131,1951
730288014034,2020
730288113936,1945
730288213838,1967
730288313740,1951
730288413642,1943
730288513544,1950
730288613446,1958
730288713356,1932
730288813259,1950
730288913161,1943
730289013070,1927
730289112972,1945
730289212874,1952
730289312776,1947
730289412678,2001
730289512581,1993
730289612483,1953
730289712385,1949
730289812287,1951
730289912189,1952
730290012091,1951
730290111993,1948
730290211895,1962
730290311798,1942
730290411700,1942
730290511602,1943
730290611504,1946
730290711407,1940
730290811309,1938
730290911212,1938
730291011114,1958
730291111016,1939
730291210918,1948
730291310820,1942
730291410722,1947
730291510624,1945
730291610526,1947
730291710428,1947
730291810330,1959
730291910232,1946
730292010134,1948
730292110036,1945
730292209938,1942
730292309840,1942
730292409742,1942
730292509644,1943
730292609546,1956
730292709449,1947
730292809355,1929
730292909257,1947
730293009159,1940
730293109071,1935
730293208973,1948
730293308875,1944
730293408777,1956
730293508679,1983
730293608581,1947
730293708483,1945
730293808385,1948
730293908287,1946
730294008189,1948
730294108091,1948
730294207993,1956
730294307895,1950
730294407797,1941
730294507699,1947
730294607601,1948
730294707504,1946
730294807406,1950
730294907308,1940
730295007210,1956
730295107112,1930
730295207014,1941
730295306916,1943
730295406818,1945
730295506720,1949
730295606622,1948
730295706524,1942
730295806426,1958
730295906328,1947
730296006230,1948
730296106132,1946
730296206034,1946
730296305936,1941
730296405838,1948
730296505740,1949
730296605642,1955
730296705545,1948
730296805447,1947
730296905358,1924
730297005260,1940
730297105162,1939
730297205069,1934
730297304971,1941
730297404873,1962
730297504775,1944
730297604677,1984
730297704579,1948
730297804481,1947
730297904383,1949
730298004286,2014
730298104188,1948
730298204090,1951
730298303992,1947
730298403894,1944
730298503796,1946
730298603698,1945
730298703601,1971
730298803503,1946
730298903405,1952
730299003307,1946
730299103209,1943
730299203111,1965
730299303013,1943
730299402915,1980
730299502817,1952
730299602719,1945
730299702621,1956
730299802523,1954
730299902425,1949
730300002327,1950
730300102229,1952
730300202131,1960
730300302033,1946
730300401935,1943
730300501837,1949
730300601739,1947
730300701642,1914
730300801544,1908
730300901446,1908
730301001348,1912
730301101250,1907
730301201152,1910
730301301054,1905
730301400956,1910
730301500858,1916
730301600760,1907
730301700662,1904
730301800564,1916
730301900466,1905
730302000368,1914
730302100270,1907
730302200172,1911
730302300074,1907
730302399976,1907
730302499878,1908
730302599780,1900
730302699682,1949
730302799584,1912
730302899486,1912
730302999388,1931
730303099290,1935
730303199192,1941
730303299094,1938
730303398996,1943
730303498898,1948
730303598800,1944
730303698702,1945
730303798604,1950
730303898506,1946
730303998408,1950
730304098310,1945
730304198212,1960
730304298114,1942
730304398016,1941
730304497918,1947
730304597820,1948
730304697722,2014
730304797624,1943
730304897526,1942
730304997428,1943
730305097330,1947
730305197232,1940
730305297134,1947
730305397036,1947
730305496938,1943
730305596840,1943
730305696742,1942
730305796644,1943
730305896546,1947
730305996448,1947
730306096350,1947
730306196252,1946
730306296171,1943
730306396073,1949
730306495975,1943
730306595877,1944
730306695780,1916
730306795682,1914
730306895584,1912
730306995486,1914
730307095388,1910
730307195290,1907
730307295192,1915
730307395094,1912
730307494996,1908
730307594898,1908
730307694800,1903
730307794702,1915
730307894604,1903
730307994506,1934
730308094409,1984
730308194311,1909
730308294213,1911
730308394115,1907
730308494017,1904
730308593919,1922
730308693821,1946
730308793723,1914
730308893625,1912
730308993527,1983
730309093429,1946
730309193331,1947
730309293233,1947
730309393135,1964
730309493037,1943
730309592939,1954
730309692841,1945
730309792743,1947
730309892645,1950
730309992547,1949
730310092449,1953
730310192351,1963
730310292253,1951
730310392155,1950
730310492057,1951
730310591959,1943
730310691861,1982
730310791763,1943
730310891665,1940
730310991567,1956
730311091469,1949
730311191371,1929
730311291273,1942
730311391175,1939
730311491077,1982
730311590979,1989
730311690881,1948
730311790783,1962
730311890685,1948
730311990587,1947
730312090489,1945
730312190391,1947
730312290293,1948
730312390196,1955
730312490098,1948
730312590003,1952
730312689906,1913
730312789808,1913
730312889710,1903
730312989612,1913
730313089514,1909
730313189417,1904
730313289319,1913
730313389221,1921
730313489123,1913
730313589025,1905
730313688927,1907
730313788829,1903
730313888731,1915
730313988634,1908
730314088536,1904
730314188438,1922
730314288340,1905
730314388242,1907
730314488144,1914
730314588046,1910
730314687948,1942
730314787850,1907
730314887753,1912
730314987655,1961
730315087558,2018
730315187460,1941
730315287363,1935
730315387265,1940
730315487167,1946
730315587073,1935
730315686975,1943
730315786877,1941
730315886779,1941
730315986681,1944
730316086583,1945
730316186485,1944
730316286387,1946
730316386289,1947
730316486191,1949
730316586093,1962
730316685996,1942
730316785899,1953
730316885801,1948
730316985703,1947
730317085605,1949
730317185507,1942
730317285409,1935
730317385311,1953
730317485213,1984
730317585115,1934
730317685017,1939
730317784919,1948
730317884821,1942
730317984723,1945
730318084626,2016
730318184528,1947
730318284430,1948
730318384332,1949
730318484234,1950
730318584136,1945
730318684038,1948
730318783940,1944
730318883842,1952
730318983744,1954
730319083646,1952
730319183548,1943
730319283450,1992
730319383359,1933
730319483261,1952
730319583163,1949
730319683068,1931
730319782970,1949
730319882872,1945
730319982774,1945
730320082676,1949
730320182578,1952
730320282480,1946
730320382382,1954
730320482284,1954
730320582186,1953
730320682088,1955
730320781990,1950
730320881892,1950
730320981794,1951
730321081696,1946
730321181598,1951
730321281500,1941
730321381402,1938
730321481304,1939
730321581206,1990
730321681108,1937
730321781010,1946
730321880912,1947
730321980814,1944
730322080717,1945
730322180619,1952
730322280521,1948
730322380423,1948
730322480325,1947
730322580227,1950
730322680130,1909
730322780032,1912
730322879934,1912
730322979837,1911
730323079739,1912
730323179641,1911
730323279543,1912
730323379445,1904
730323479347,1907
730323579249,1904
730323679151,1906
730323779054,1911
730323878956,1909
730323978858,1916
730324078760,1903
730324178662,1905
730324278564,1912
730324378466,1904
730324478368,1911
730324578270,1911
730324678173,1914
730324778075,1905
730324877977,1901
730324977879,1942
730325077781,1949
730325177683,1946
730325277585,1948
730325377487,1951
730325477389,1933
730325577291,1949
730325677193,1939
730325777095,1929
730325876997,1943
730325976899,1943
730326076801,1943
730326176703,1947
730326276605,1945
730326376507,1943
730326476409,1949
730326576311,1949
730326676213,1945
730326776115,1948
730326876017,1946
730326975919,1947
730327075821,1942
730327175723,1941
730327275625,1945
730327375527,1940
730327475429,1950
730327575331,1946
730327675233,1948
730327775135,1943
730327875037,1942
730327974939,1949
730328074842,2026
730328174744,1981
730328274646,1982
730328374548,1983
730328474450,1983
730328574352,1983
730328674255,1908
730328774157,1914
730328874059,1911
730328973961,1910
730329073879,1912
730329173781,1905
730329273683,1915
730329373585,1930
730329473487,1910
730329573389,1915
730329673291,1911
730329773193,1916
730329873095,1909
730329972997,1904
730330072899,1917
730330172801,1923
730330272703,1946
730330372605,1946
730330472507,1946
730330572409,1948
730330672312,1965
730330772214,1966
730330872116,1971
730330972018,1998
730331071920,1983
730331171822,1985
730331271724,1989
730331371626,1984
730331471528,1981
730331571430,1982
730331671332,1982
730331771234,1991
730331871136,1982
730331971038,1983
730332070940,1981
730332170842,1983
730332270744,1983
730332370646,1983
730332470548,1984
730332570450,1997
730332670362,1967
730332770264,1966
730332870166,1961
730332970068,1948
730333069970,1947
730333169872,1941
730333269774,1939
730333369676,1955
730333469578,1986
730333569480,1989
730333669382,1991
730333769284,1941
730333869186,1947
730333969088,1929
730334068990,1947
730334168892,1976
730334268794,1948
730334368696,1948
730334468598,1949
730334568500,1945
730334668403,1944
730334768305,1960
730334868207,1963
730334968109,1975
730335068011,1981
730335167913,2016
730335267815,1983
730335367717,1983
730335467619,1984
730335567521,1982
730335667423,1971
730335767325,1995
730335867227,1981
730335967129,1978
730336067031,1984
730336166933,1982
730336266835,1983
730336366737,1981
730336466639,1984
730336566541,1995
730336666443,1990
730336766345,1972
730336866247,1966
730336966149,1962
730337066051,1946
730337165953,1941
730337265855,1948
730337365757,1955
730337465659,1985
730337565561,1984
730337665463,1994
730337765365,1929
730337865267,1939
730337965169,1948
730338065072,2023
730338164974,1941
730338264876,1944
730338364778,1943
730338464680,1998
730338564582,1946
730338664484,1982
730338764386,1951
730338864288,1958
730338964190,1966
730339064092,1966
730339163994,1985
730339263896,1985
730339363798,1984
730339463700,2068
730339563602,1987
730339663504,1975
730339763406,1989
730339863308,1981
730339963210,1984
730340063113,1988
730340163015,1984
730340262917,1987
730340362819,1981
730340462721,2027
730340562623,1989
730340662525,2000
730340762427,1987
730340862329,1970
730340962231,1970
730341062133,1966
730341162035,1946
730341261937,1942
730341361839,1945
730341461741,1984
730341561643,1950
730341661545,1949
730341761447,1939
730341861358,1931
730341961260,1934
730342061162,1948
730342161070,1928
730342260972,1939
730342360874,1941
730342460776,1946
730342560678,1950
730342660580,1984
730342760482,1949
730342860384,1948
730342960286,1976
730343060188,1981
730343160090,1991
730343259992,1991
730343359894,1990
730343459796,1985
730343559698,1982
730343659600,2037
730343759502,1984
730343859404,1983
730343959306,2018
730344059208,1985
730344159110,1981
730344259012,1980
730344358914,1978
730344458816,1985
730344558718,1986
730344658620,2067
730344758522,1982
730344858424,1983
730344958326,1989
730345058228,1962
730345158130,1963
730345258032,1947
730345357934,1949
730345457836,1986
730345557738,1992
730345657640,2023
730345757542,1948
730345857444,1953
730345957359,1935
730346057261,1946
730346157163,1943
730346257067,1923
730346356969,1948
730346456871,1944
730346556773,1944
730346656675,1944
730346756578,1940
730346856480,1949
730346956382,1949
730347056284,1960
730347156186,1965
730347256088,1972
730347355990,1984
730347455892,1978
730347555794,1983
730347655696,1978
730347755598,1983
730347855500,1984
730347955402,1980
730348055305,2067
730348155207,1982
730348255109,1982
730348355011,1981
730348454913,1983
730348554815,1996
730348654717,2017
730348754619,1985
730348854521,1981
730348954423,1979
730349054325,1968
730349154227,1964
730349254129,1961
730349354031,1959
730349453933,2003
730349553835,1993
730349653737,1989
730349753640,1950
730349853542,1946
730349953444,1957
730350053358,1935
730350153260,1963
730350253162,1944
730350353069,1938
730350452971,1959
730350552873,1951
730350652775,1981
730350752678,1942
730350852580,1947
730350952482,1977
730351052384,1949
730351152287,1960
730351252189,1966
730351352091,1968
730351451993,1983
730351551895,1984
730351651797,1985
730351751715,1994
730351851617,1982
730351951519,1982
730352051422,1981
730352151324,1982
730352251226,1982
730352351128,1980
730352451030,1981
730352550932,1996
730352650834,1983
730352750736,1976
730352850638,1979
730352950540,1981
730353050442,1982
730353150344,1971
730353250246,1966
730353350148,1974
730353450050,1984
730353549952,1947
730353649854,1948
730353749756,1949
730353849658,1943
730353949560,1942
730354049462,1942
730354149364,1942
730354249266,1946
730354349168,1939
730354449072,1924
730354548974,1948
730354648876,1947
730354748779,1943
730354848681,1943
730354948583,1961
730355048485,1980
730355148387,1987
730355248289,1990
730355348191,1981
730355448093,1969
730355547995,1982
730355647897,1981
730355747799,1996
730355847701,2017
730355947603,1983
730356047505,2016
730356147407,1996
730356247309,1982
730356347211,1981
730356447113,1981
730356547015,1996
730356646917,1983
730356746819,1941
730356846721,1983
730356946623,1980
730357046525,1981
730357146427,1985
730357246329,1966
730357346231,1978
730357446133,1984
730357546035,1985
730357645937,1971
730357745839,1942
730357845741,1947
730357945643,1943
730358045546,1982
730358145448,1945
730358245358,1922
730358345260,1947
730358445162,1950
730358545069,1925
730358644971,1951
730358744874,1951
730358844776,1950
730358944678,1949
730359044580,1950
730359144482,1947
730359244384,1950
730359344286,1956
730359444188,1990
730359544090,1983
730359643992,2004
730359743894,1986
730359843796,1981
730359943698,1984
730360043600,1988
730360143502,1986
730360243404,1987
730360343306,1984
730360443208,1986
730360543110,1982
730360643012,1981
730360742915,1988
730360842817,1987
730360942719,1987
730361042621,1982
730361142523,1987
730361242425,1986
730361342327,1975
730361442229,1985
730361542131,1987
730361642033,1979
730361741935,1941
730361841837,1942
730361941739,1947
730362041641,1951
730362141543,1949
730362241445,1947
730362341360,1924
730362441262,1948
730362541164,1941
730362641067,1921
730362740969,1943
730362840871,1943
730362940773,1951
730363040675,1944
730363140577,1943
730363240479,1945
730363340381,1949
730363440283,1991
730363540185,1991
730363640087,1990
730363739989,1989
730363839891,1984
730363939793,1982
730364039695,1985
730364139597,1983
730364239499,1984
730364339401,1982
730364439303,1983
730364539206,1984
730364639108,1984
730364739010,1982
730364838912,1986
730364938814,1983
730365038716,1981
730365138618,1983
730365238520,1983
730365338422,1986
730365438324,1984
730365538226,1964
730365638128,1962
730365738030,1944
730365837932,1943
730365937834,1949
730366037736,1941
730366137638,1945
730366237540,1944
730366337442,1943
730366437344,1942
730366537246,1945
730366637148,1947
730366737050,1940
730366836952,1938
730366936854,1942
730367036756,1942
730367136658,1979
730367236560,1981
730367336462,1980
730367436364,1948
730367536266,1960
730367636168,1961
730367736071,1973
730367835973,1983
730367935875,1982
730368035778,2022
730368135680,2016
730368235582,1982
730368335484,1983
730368435386,1980
730368535288,1994
730368635190,1983
730368735093,1980
730368834995,1982
730368934897,1982
730369034799,1981
730369134701,1983
730369234603,1982
730369334505,1995
730369434407,1983
730369534309,1984
730369634211,1982
730369734113,1959
730369834015,1944
730369933917,1950
730370033819,1952
730370133721,1957
730370233623,1950
730370333525,1945
730370433427,1945
730370533329,1944
730370633231,1945
730370733134,1948
730370833036,1948
730370932938,1962
730371032840,1940
730371132742,1949
730371232644,1947
730371332546,1950
730371432448,2024
730371532350,1987
730371632252,1990
730371732154,1983
730371832067,1972
730371931969,1984
730372031871,1983
730372131773,1982
730372231675,1982
730372331577,1984
730372431479,1997
730372531381,1997
730372631283,1983
730372731186,1981
730372831088,1981
730372930990,1983
730373030892,1981
730373130794,1982
730373230696,1982
730373330598,1996
730373430500,1979
730373530402,1985
730373630304,1990
730373730206,1963
730373830108,1947
730373930010,1943
730374029912,1945
730374129814,1961
730374229716,1941
730374329618,1940
730374429520,1946
730374529437,1939
730374629339,1938
730374729242,1934
730374829144,1942
730374929046,1961
730375028948,1942
730375128850,1943
730375228752,1949
730375328654,1946
730375428556,1985
730375528458,1983
730375628360,1988
730375728262,1974
730375828164,1966
730375928068,1967
730376027970,1981
730376127872,1984
730376227774,1982
730376327676,1984
730376427578,1983
730376527480,1996
730376627382,1982
730376727285,1982
730376827187,1980
730376927089,1982
730377026991,1982
730377126893,1982
730377226795,1984
730377326697,1996
730377426599,1984
730377526501,1982
730377626403,1983
730377726305,1968
730377826207,1963
730377926109,1961
730378026012,2025
730378125914,1948
730378225816,1943
730378325718,1949
730378425620,1939
730378525522,1950
730378625424,1943
730378725327,1941
730378825229,1941
730378925131,1949
730379025033,1940
730379124935,1984
730379224837,1982
730379324739,1992
730379424641,1949
730379524543,1947
730379624445,1947
730379724348,1959
730379824250,1967
730379924152,1964
730380024067,1969
730380123969,1982
730380223871,1985
730380323773,2019
730380423675,1984
730380523577,1989
730380623479,1987
730380723382,1986
730380823284,1986
730380923187,1979
730381023089,1985
730381122991,2019
730381222893,1984
730381322795,1986
730381422697,1986
730381522599,1984
730381622501,1987
730381722403,1987
730381822305,1975
730381922207,1967
730382022109,1962
730382122011,1947
730382221913,2027
730382321815,2026
730382421717,2028
730382521619,1941
730382621521,1943
730382721423,1942
730382821325,1946
730382921227,1947
730383021130,1923
730383121032,1939
730383220934,1942
730383320836,1941
730383420738,1979
730383520640,1979
730383620542,1979
730383720444,1947
730383820357,1945
730383920259,1961
730384020161,1966
730384120065,1966
730384219967,1984
730384319869,1985
730384419771,1983
730384519673,1986
730384619575,1985
730384719477,1985
730384819379,1983
730384919281,1982
730385019183,1981
730385119085,1968
730385218987,1981
730385318889,1986
730385418791,1986
730385518694,1990
730385618596,1991
730385718498,1981
730385818400,1985
730385918302,1970
730386018204,1961
730386118106,1962
730386218008,1944
730386317911,1950
730386417813,1945
730386517715,1950
730386617617,1950
730386717520,1944
730386817422,1943
730386917324,1948
730387017227,1946
730387117129,1941
730387217031,1940
730387316933,1942
730387416835,1985
730387516737,1977
730387616639,1987
730387716541,1943
730387816443,1947
730387916345,1961
730388016248,2056
730388116150,1983
730388216065,1967
730388315967,1982
730388415869,2055
730388515772,1994
730388615674,1984
730388715577,1982
730388815479,1981
730388915381,1982
730389015283,1977
730389115185,1981
730389215088,1982
730389314990,1994
730389414892,1984
730389514794,1978
730389614696,1983
730389714598,1977
730389814500,1981
730389914402,1978
730390014305,1969
730390114207,1974
730390214109,1957
730390314011,1945
730390413913,1947
730390513815,1942
730390613717,1943
730390713620,1945
730390813522,1945
730390913424,1958
730391013326,1944
730391113228,1991
730391213130,1986
730391313032,1993
730391412934,1949
730391512836,1951
730391612738,1952
730391712640,1961
730391812542,1948
730391912444,1950
730392012346,1962
730392112248,1967
730392212150,1971
730392312052,1987
730392411954,1980
730392511856,1996
730392611758,1981
730392711661,1983
730392811563,1983
730392911465,1979
730393011367,1983
730393111269,1974
730393211171,1982
730393311073,1979
730393410975,1983
730393510877,1979
730393610780,1984
730393710682,1982
730393810584,1983
730393910486,1981
730394010388,1982
730394110290,1981
730394210192,1964
730394310094,1948
730394409996,1945
730394509898,1942
730394609800,1942
730394709703,1947
730394809605,1948
730394909507,1960
730395009409,1943
730395109311,1939
730395209213,1946
730395309115,1922
730395409017,1990
730395508919,1989
730395608821,1989
730395708723,1998
730395808625,1948
730395908527,1945
730396008429,1946
730396108331,1959
730396208233,1962
730396308135,1968
730396408037,1982
730396507939,1996
730396607842,1981
730396707745,1979
730396807647,1979
730396907549,1978
730397007451,1983
730397107353,1965
730397207255,1970
730397307175,1996
730397407077,1990
730397506979,1985
730397606881,1985
730397706783,1981
730397806685,1981
730397906587,1981
730398006490,2050
730398106392,1981
730398206294,1959
730398306196,1963
730398406098,1949
730398506003,1944
730398605905,1936
730398705808,1937
730398805710,1946
730398905612,1947
730399005514,1943
730399105416,1947
730399205318,1938
730399305220,1945
730399405122,1986
730399505024,1987
730399604927,1984
730399704829,1990
730399804731,1949
730399904633,1951
730400004535,1944
730400104437,1948
730400204339,1962
730400304241,1965
730400404143,1969
730400504045,1983
730400603947,1984
730400703849,2007
730400803751,1984
730400903653,1983
730401003555,1999
730401103457,1987
730401203359,1998
730401303261,1985
730401403163,1985
730401503065,1991
730401602967,1988
730401702869,1999
730401802771,1986
730401902673,1983
730402002575,1987
730402102477,1987
730402202379,2002
730402302281,1971
730402402183,1964
730402502085,1946
730402601987,1949
730402701890,1942
730402801792,1943
730402901694,1950
730403001596,1949
730403101498,1980
730403201400,1980
730403301302,1986
730403401204,1938
730403501106,1929
730403601008,1947
730403700910,1941
730403800812,1944
730403900714,1949
730404000616,1945
730404100518,1946
730404200420,1946
730404300322,1958
730404400224,1965
730404500126,1967
730404600028,1983
730404699931,2021
730404799833,1981
730404899735,1986
730404999637,1986
730405099539,1982
730405199441,1980
730405299348,1967
730405399250,1984
730405499152,1990
730405599054,1991
730405698956,1973
730405798858,1983
730405898760,1984
730405998662,1985
730406098564,1984
730406198466,1980
730406298368,1974
730406398270,1965
730406498172,1963
730406598074,1947
730406697977,1983
730406797879,1949
730406897781,1946
730406997683,1941
730407097585,1948
730407197487,1948
730407297389,1934
730407397291,1990
730407497193,1988
730407597095,1985
730407696997,1995
730407796899,1948
730407896801,1949
730407996703,1949
730408096606,2018
730408196508,1948
730408296410,1945
730408396312,1959
730408496214,1978
730408596116,1968
730408696019,1979
730408795921,1982
730408895823,1981
730408995725,1982
730409095627,1982
730409195529,1980
730409295431,1993
730409395333,1981
730409495235,1981
730409595137,1988
730409695039,1971
730409794941,1983
730409894843,1984
730409994745,1980
730410094647,2340
730410194549,1983
730410294451,1986
730410394353,1968
730410494255,1965
730410594157,1958
730410694059,1958
730410793961,1943
730410893863,1956
730410993765,1949
730411093667,1949
730411193569,1951
730411293471,1948
730411393373,1990
730411493275,1985
730411593177,1993
730411693079,2006
730411792981,1945
730411892883,1950
730411992785,1951
730412092687,1952
730412192589,1948
730412292491,1948
730412392393,1949
730412492295,1977
730412592197,1968
730412692100,2006
730412792004,1977
730412891907,1983
730412991809,1983
730413091711,1982
730413191613,1981
730413291515,1993
730413391417,1981
730413491319,1989
730413591221,1979
730413691124,1981
730413791026,1983
730413890928,1982
730413990830,1980
730414090732,1994
730414190634,1983
730414290536,1984
730414390439,1982
730414490341,1968
730414590243,1966
730414690145,1961
730414790047,1946
730414889949,1956
730414989851,1943
730415089753,2063
730415189655,1988
730415289557,1985
730415389459,1943
730415489361,1932
730415589263,1941
730415689165,1961
730415789067,1927
730415888969,1947
730415988871,1947
730416088773,1942
730416188675,1944
730416288577,1949
730416388479,1949
730416488381,1961
730416588283,1962
730416688186,1999
730416788088,1970
730416887990,1981
730416987892,1982
730417087794,1983
730417187696,1982
730417287598,1995
730417387500,1983
730417487402,1990
730417587304,1990
730417687206,1979
730417787108,1983
730417887010,1979
730417986912,1984
730418086815,2029
730418186717,1983
730418286619,1984
730418386521,1981
730418486423,1982
730418586325,1969
730418686227,1969
730418786129,1957
730418886031,1949
730418985933,1951
730419085835,1938
730419185737,1949
730419285639,1949
730419385541,1944
730419485443,1987
730419585345,1992
730419685247,1993
730419785149,1946
730419885051,1939
730419984970,1944
730420084872,1949
730420184774,1945
730420284676,1945
730420384578,1946
730420484480,1950
730420584382,1945
730420684285,1966
730420784187,1965
730420884089,1966
730420983991,1987
730421083893,1982
730421183795,1985
730421283697,1987
730421383599,1986
730421483501,1994
730421583403,1984
730421683305,1983
730421783208,1983
730421883110,1988
730421983012,1986
730422082914,1984
730422182816,1988
730422282718,1989
730422382620,1987
730422482522,1978
730422582424,1984
730422682326,1971
730422782228,1966
730422882130,1967
730422982032,1946
730423081934,1949
730423181836,1951
730423281738,1945
730423381640,1943
730423481542,1991
730423581444,1983
730423681346,1997
730423781248,1948
730423881150,1941
730423981052,1940
730424080954,1943
730424180856,1944
730424280758,1946
730424380660,1946
730424480562,1952
730424580465,1946
730424680367,1948
730424780269,1961
730424880171,1966
730424980073,1972
730425079975,1984
730425179877,1980
730425279779,1984
730425379681,1982
730425479583,1991
730425579485,1983
730425679387,1983
730425779289,1984
730425879191,1983
730425979093,1982
730426078995,1910
730426178897,1901
730426278799,1909
730426378701,1903
730426478603,1911
730426578505,1909
730426678408,1912
730426778310,1903
730426878212,1916
730426978114,1948
730427078016,1945
730427177918,1941
730427277820,1941
730427377722,1942
730427477624,1941
730427577526,1943
730427677428,1946
730427777330,1948
730427877232,1934
730427977134,1948
730428077037,1987
730428176939,1942
730428276841,1944
730428376743,1944
730428476645,1961
730428576547,1948
730428676450,1984
730428776352,1947
730428876254,1949
730428976156,1949
730429076058,1948
730429175960,1941
730429275862,1960
730429375764,1948
730429475666,1944
730429575568,1948
730429675470,1947
730429775372,1935
730429875274,1947
730429975176,1939
730430075078,1948
730430174980,1941
730430274882,1983
730430374784,1944
730430474686,1943
730430574588,1946
730430674491,1908
730430774393,1905
730430874295,1925
730430974197,1907
730431074099,1907
730431174006,1910
730431273908,1914
730431373810,1914
730431473712,1917
730431573614,1910
730431673516,1923
730431773418,1908
730431873320,1908
730431973222,1911
730432073124,1917
730432173026,1908
730432272928,1916
730432372830,1910
730432472732,1930
730432572634,1907
730432672537,1912
730432772439,1915
730432872341,1910
730432972243,1948
730433072145,1951
730433172047,1945
730433271949,1962
730433371851,1947
730433471753,1949
730433571655,1942
730433671557,1948
730433771459,1949
730433871367,1924
730433971269,1940
730434071171,1960
730434171073,1938
730434270975,1943
730434370877,1948
730434470779,1944
730434570681,1947
730434670583,1945
730434770485,1945
730434870387,1960
730434970289,1948
730435070191,1946
730435170093,1947
730435269995,1943
730435369897,1942
730435469799,1943
730435569701,1945
730435669603,1995
730435769505,1948
730435869407,1937
730435969309,1940
730436069211,1940
730436169113,1934
730436269015,1939
730436368917,1943
730436468819,1996
730436568722,1942
730436668625,1904
730436768527,1909
730436868429,1904
730436968331,1913
730437068233,1907
730437168135,1907
730437268037,1924
730437367939,1901
730437467841,1913
730437567743,1904
730437667645,1903
730437767547,1913
730437867449,1911
730437967351,1908
730438067254,1984
730438167156,1915
730438267058,1951
730438366960,1983
730438466862,1983
730438566764,1984
730438666666,1993
730438766568,1983
730438866470,1983
730438966372,1980
730439066274,1996
730439166176,1983
730439266078,1987
730439365980,1941
730439465882,1943
730439565784,1945
730439665686,1945
730439765588,1944
730439865490,1941
730439965392,1928
730440065294,1945
730440165196,1940
730440265098,1929
730440365003,1940
730440464905,1966
730440564807,1943
730440664709,2018
730440764611,1943
730440864513,1944
730440964415,1945
730441064317,1960
730441164219,1963
730441264121,1970
730441364023,1983
730441463925,2067
730441563827,1994
730441663729,1992
730441763631,1986
730441863533,1986
730441963435,1985
730442063338,1988
730442163240,1988
730442263142,1983
730442363044,1989
730442462946,2047
730442562848,1986
730442662750,1988
730442762668,1987
730442862570,1986
730442962472,1988
730443062374,1987
730443162276,1971
730443262178,1968
730443362080,1948
730443461982,1985
730443561884,1985
730443661786,1977
730443761689,1942
730443861591,1944
730443961493,1950
730444061395,1930
730444161297,1938
730444261199,1940
730444361101,1933
730444461004,1948
730444560906,1940
730444660808,1984
730444760711,1946
730444860613,1949
730444960515,1948
730445060417,1947
730445160319,1955
730445260221,1966
730445360123,1969
730445460025,1983
730445559927,1991
730445659829,2017
730445759731,1985
730445859633,1984
730445959535,2015
730446059437,1983
730446159339,1977
730446259241,1984
730446359143,1984
730446459045,1982
730446558947,1984
730446658849,2065
730446758751,1981
730446858653,1984
730446958555,2015
730447058457,1981
730447158359,1984
730447258261,1966
730447358163,1963
730447458065,1991
730447557967,1983
730447657869,2040
730447757771,1948
730447857673,1943
730447957575,1945
730448057478,1945
730448157380,1947
730448257282,1940
730448357185,1947
730448457087,1941
730448556990,1943
730448656892,1943
730448756794,1948
730448856696,1944
730448956598,1943
730449056500,1945
730449156402,1946
730449256304,1974
730449356206,1962
730449456108,1984
730449556010,1980
730449655912,1983
730449755814,1983
730449855716,1982
730449955618,1982
730450055520,2028
730450155422,1984
730450255324,1980
730450355226,1981
730450455128,1982
730450555030,1983
730450654932,2053
730450754834,1983
730450854736,1994
730450954638,1983
730451054541,1985
730451154443,1984
730451254345,1988
730451354247,1983
730451454149,1962
730451554051,1947
730451653953,1965
730451753855,1946
730451853757,1951
730451953659,1957
730452053561,1985
730452153463,1946
730452253365,1940
730452353267,1945
730452453169,1971
730452553071,1932
730452652973,1987
730452752876,1983
730452852778,1949
730452952680,1960
730453052582,1985
730453152484,1947
730453252387,1965
730453352289,1964
730453452191,1999
730453552093,1992
730453651995,1991
730453751897,1981
730453851799,1981
730453951702,1982
730454051604,1994
730454151506,1982
730454251408,1983
730454351310,1981
730454451212,1983
730454551114,1982
730454651016,1979
730454750918,1985
730454850820,1994
730454950722,1983
730455050624,1983
730455150526,1984
730455250428,1982
730455350330,1971
730455450232,1982
730455550134,1985
730455650036,1986
730455749939,1947
730455849841,1942
730455949743,1948
730456049645,1942
730456149547,1948
730456249449,1940
730456349357,1929
730456449259,1960
730456549162,1939
730456649066,1925
730456748969,1943
730456848871,1947
730456948773,1943
730457048675,1948
730457148577,1947
730457248480,1956
730457348382,1983
730457448284,1987
730457548186,1989
730457648088,1990
730457747990,1982
730457847892,1982
730457947794,1983
730458047697,2032
730458147599,1985
730458247501,1985
730458347403,1981
730458447305,1983
730458547207,1982
730458647109,1983
730458747011,1978
730458846913,1981
730458946815,1982
730459046717,1984
730459146619,1982
730459246521,1984
730459346423,1982
730459446325,1981
730459546227,1988
730459646129,1987
730459746031,1945
730459845933,1948
730459945835,1943
730460045737,1942
730460145639,1943
730460245541,1943
730460345443,1943
730460445356,1928
730460545259,1949
730460645161,1942
730460745066,1933
730460844968,1948
730460944870,1945
730461044772,1948
730461144674,1946
730461244576,1950
730461344478,1944
730461444380,1982
730461544282,1957
730461644184,1963
730461744086,1971
730461843988,1984
730461943890,1986
730462043792,1987
730462143694,1985
730462243596,1986
730462343498,1984
730462443400,1982
730462543302,1985
730462643204,1988
730462743107,1981
730462843009,1982
730462942911,1983
730463042813,1997
730463142715,1988
730463242617,1987
730463342519,1994
730463442421,1984
730463542323,1974
730463642225,1969
730463742127,1966
730463842029,1946
730463941931,1942
730464041833,1942
730464141735,1984
730464241637,1941
730464341539,1942
730464441441,1945
730464541355,1934
730464641257,1941
730464741160,1949
730464841067,1927
730464940969,1944
730465040871,1945
730465140773,1944
730465240675,1947
730465340577,1943
730465440496,1978
730465540398,1981
730465640300,1982
730465740202,1967
730465840104,1966
730465940006,1982
730466039908,1986
730466139810,1984
730466239712,1984
730466339614,1979
730466439516,1984
730466539418,1983
730466639320,1978
730466739223,1982
730466839125,1982
730466939027,1985
730467038929,1982
730467138831,1983
730467238733,1981
730467338635,1984
730467438537,1988
730467538439,1981
730467638341,1983
730467738243,1968
730467838145,1963
730467938047,1944
730468037950,2026
730468137852,1942
730468237754,1940
730468337656,1948
730468437558,1955
730468537460,1948
730468637362,1935
730468737265,1939
730468837167,1947
730468937069,1926
730469036971,1946
730469136873,1943
730469236775,1942
730469336677,1942
730469436579,1986
730469536481,1990
730469636383,1984
730469736285,1960
730469836187,1967
730469936089,1968
730470035991,1996
730470135893,1980
730470235795,1982
730470335697,1982
730470435599,1982
730470535501,1978
730470635403,1982
730470735306,1981
730470835208,1996
730470935110,1982
730471035012,1980
730471134914,1982
730471234816,1982
730471334718,1982
730471434620,1984
730471534522,1992
730471634424,2001
730471734326,1968
730471834228,1964
730471934130,1961
730472034032,1946
730472133934,1944
730472233836,1949
730472333738,1943
730472433640,1956
730472533542,1946
730472633444,1945
730472733350,1931
730472833252,1948
730472933154,1942
730473033069,1938
730473132971,1949
730473232873,1958
730473332775,1946
730473432677,1988
730473532579,1952
730473632481,1951
730473732383,1948
730473832285,1958
730473932187,1968
730474032089,1985
730474131991,1982
730474231893,1981
730474331795,1978
730474431697,1982
730474531599,1982
730474631501,1984
730474731404,1982
730474831306,1996
730474931208,1981
730475031110,1981
730475131012,1973
730475230914,1978
730475330816,1985
730475430718,1983
730475530620,1980
730475630522,1995
730475730424,2002
730475830326,1970
730475930228,1965
730476030130,1961
730476130032,1950
730476229934,1943
730476329836,1949
730476429738,1956
730476529640,1949
730476629542,1948
730476729445,1941
730476829350,1928
730476929252,1939
730477029154,1946
730477129067,1924
730477228969,1955
730477328871,1946
730477428773,1984
730477528675,1990
730477628577,1986
730477728479,1948
730477828381,1946
730477928283,1961
730478028186,2040
730478128089,1972
730478227991,1984
730478327893,1987
730478427795,1985
730478527697,1979
730478627599,1984
730478727501,1980
730478827403,1981
730478927305,1977
730479027207,1985
730479127109,1984
730479227011,1982
730479326913,1981
730479426815,1987
730479526717,1979
730479626619,1988
730479726521,1984
730479826423,1985
730479926325,1971
730480026227,1966
730480126129,1958
730480226031,1947
730480325933,1950
730480425835,1952
730480525737,1950
730480625639,1943
730480725541,1943
730480825443,1941
730480925349,1929
730481025251,1948
730481125153,1948
730481225068,1926
730481324970,1943
730481424872,1985
730481524774,1979
730481624676,1984
730481724578,1943
730481824480,1948
730481924382,1939
730482024284,1960
730482124186,1962
730482224088,1965
730482323990,1986
730482423892,1985
730482523794,1987
730482623696,1984
730482723599,1981
730482823501,1987
730482923403,1984
730483023305,1986
730483123207,1982
730483223109,1987
730483323011,1981
730483422913,1988
730483522815,1982
730483622717,1996
730483722619,1987
730483822521,1986
730483922423,1985
730484022325,1970
730484122227,1969
730484222129,1964
730484322031,1945
730484421933,1947
730484521836,1948
730484621738,1942
730484721641,1949
730484821543,1947
730484921445,1945
730485021347,1927
730485121249,1946
730485221151,1943
730485321053,1938
730485420955,1983
730485520857,1943
730485620759,1944
730485720661,1945
730485820563,1946
730485920465,1949
730486020367,1948
730486120269,1964
730486220171,1967
730486320073,1969
730486419975,1984
730486519877,1981
730486619779,1985
730486719682,1984
730486819584,1983
730486919486,1983
730487019388,1985
730487119290,1984
730487219192,1982
730487319094,1986
730487418997,1986
730487518899,1980
730487618801,1981
730487718703,1984
730487818605,1985
730487918507,1981
