716399444341,14503
716399544260,9505
716399644162,7939
716399744066,7619
716399843968,7626
716399943872,7610
716400043774,7616
716400143676,7801
716400243578,7619
716400343480,7654
716400443382,7620
716400543284,7621
716400643186,7617
716400743090,7612
716400842992,7598
716400942894,7617
716401042796,7616
716401142698,7667
716401242600,7612
716401342503,7605
716401442405,7622
716401542307,7606
716401642209,7617
716401742111,7611
716401842013,7611
716401941915,7669
716402041817,7616
716402141719,7908
716402241621,7922
716402341523,7923
716402441425,7613
716402541327,7617
716402641229,7618
716402741131,7662
716402841033,7617
716402940935,7633
716403040837,7613
716403140739,7624
716403240641,7617
716403340543,7609
716403440445,7613
716403540347,7669
716403640249,7621
716403740151,7617
716403840053,7603
716403939957,7622
716404039860,7611
716404139762,7610
716404239664,7613
716404339566,7655
716404439468,7605
716404539370,7608
716404639272,7621
716404739174,7610
716404839076,7621
716404938978,7611
716405038880,7621
716405138782,7688
716405238684,7613
716405338586,7619
716405438488,7618
716405538390,7614
716405638292,7624
716405738194,7599
716405838096,7614
716405937998,7660
716406037900,7622
716406137802,7620
716406237704,7616
716406337606,7606
716406437508,7615
716406537410,7616
716406637312,7608
716406737215,7661
716406837117,7612
716406937019,7599
716407036921,7612
716407136823,7618
716407236725,7608
716407336627,7615
716407436529,7613
716407536431,7660
716407636333,7619
716407736235,7601
716407836137,7612
716407936039,7615
716408035941,7608
716408135843,7620
716408235745,7601
716408335647,7658
716408435549,7618
716408535451,7613
716408635353,7616
716408735255,7610
716408835157,7604
716408935059,7655
716409034961,7595
716409134863,7649
716409234765,7610
716409334667,7610
716409434569,7620
716409534472,7834
716409634376,7632
716409734278,7619
716409834180,7617
716409934082,7634
716410033986,7631
716410133888,7629
716410233790,7626
716410333693,7618
716410433595,7617
716410533497,7621
716410633399,7627
716410733301,7650
716410833203,7629
716410933105,7650
716411033007,7624
716411132909,7632
716411232811,7630
716411332713,7616
716411432615,7622
716411532517,7650
716411632419,7633
716411732321,7629
716411832223,7636
716411932125,7632
716412032027,7627
716412131929,7666
716412231831,7635
716412331733,7644
716412431635,7625
716412531537,7618
716412631439,7631
716412731341,7631
716412831243,7629
716412931145,7650
716413031047,7638
716413130949,7650
716413230851,7626
716413330753,7628
716413430655,7614
716413530557,7618
716413630459,7640
716413730361,7634
716413830263,7627
716413930165,7644
716414030067,7632
716414129969,7640
716414229871,7632
716414329773,7645
716414429675,7616
716414529577,7622
716414629479,7616
716414729381,7643
716414829283,7629
716414929185,7640
716415029087,7635
716415128989,7614
716415228891,7640
716415328793,7634
716415428695,7621
716415528597,7678
716415628499,7629
716415728401,7633
716415828303,7642
716415928205,7618
716416028107,7609
716416128009,7622
716416227911,7616
716416327813,7646
716416427715,7630
716416527617,7665
716416627519,7625
716416727421,7626
716416827323,7617
716416927225,7630
716417027127,7618
716417127029,7637
716417226931,7630
716417326833,7622
716417426735,7623
716417526637,7635
716417626539,7623
716417726441,7624
716417826343,7623
716417926245,7639
716418026147,7625
716418126049,7645
716418225951,7621
716418325853,7627
716418425755,7612
716418525657,7623
716418625559,7627
716418725461,7637
716418825363,7644
716418925265,7620
716419025167,7630
716419125069,7659
716419224971,7603
716419324873,7615
716419424775,7624
716419524679,7774
716419624583,7623
716419724485,7622
716419824387,7621
716419924289,7619
716420024193,7624
716420124095,7656
716420223997,7632
716420323899,7633
716420423801,7633
716420523703,7643
716420623605,7635
716420723507,7627
716420823409,7675
716420923313,7623
716421023215,7627
716421123119,7714
716421223021,7618
716421322923,7625
716421422825,7623
716421522727,7637
716421622629,7628
716421722531,7632
716421822433,7664
716421922335,7675
716422022237,7619
716422122141,7654
716422222064,7630
716422321966,7630
716422421868,7627
716422521770,7621
716422621672,7625
716422721574,7689
716422821476,7675
716422921378,7635
716423021280,7629
716423121182,7672
716423221084,7619
716423320986,7615
716423420888,7625
716423520790,7687
716423620692,7628
716423720594,7629
716423820496,7650
716423920398,7639
716424020300,7613
716424120202,7609
716424220104,7637
716424320006,7743
716424419908,7615
716424519810,7628
716424619712,7631
716424719614,7616
716424819516,7660
716424919418,7628
716425019320,7631
716425119222,7676
716425219124,7632
716425319026,7622
716425418928,7631
716425518830,7630
716425618732,7629
716425718634,7623
716425818536,7635
716425918438,7683
716426018340,7634
716426118242,7638
716426218144,7635
716426318046,7628
716426417948,7631
716426517850,7630
716426617752,7622
716426717654,7694
716426817556,7629
716426917458,7631
716427017360,7622
716427117262,7786
716427217164,7618
716427317066,7621
716427416968,7636
716427516870,7664
716427616772,7635
716427716674,7618
716427816576,7625
716427916478,7621
716428016380,7630
716428116282,7622
716428216184,7612
716428316086,7665
716428415988,7691
716428515890,7627
716428615792,7629
716428715694,7630
716428815596,7622
716428915498,7607
716429015400,7619
716429115302,7662
716429215204,7614
716429315106,7625
716429415008,7630
716429514912,7713
716429614816,7616
716429714718,7626
716429814620,7622
716429914523,7639
716430014425,7644
716430114327,7633
716430214229,7625
716430314131,7609
716430414033,7623
716430513935,7620
716430613837,7628
716430713739,7642
716430813641,7631
716430913543,7639
716431013445,7627
716431113347,7621
716431213249,7612
716431313151,7615
716431413053,7637
716431512955,7627
716431612857,7617
716431712759,7626
716431812661,7628
716431912563,7624
716432012465,7650
716432112367,7623
716432212269,7620
716432312171,7635
716432412073,7630
716432511975,7666
716432611877,7631
716432711780,7615
716432811682,7639
716432911584,7640
716433011486,7695
716433111388,7640
716433211290,7614
716433311192,7635
716433411094,7624
716433510996,7693
716433610898,7629
716433710800,7626
716433810702,7633
716433910604,7643
716434010506,7717
716434110408,7628
716434210310,7623
716434310212,7630
716434410114,7622
716434510016,7718
716434609918,7617
716434709820,7646
716434809722,7634
716434909624,7639
716435009526,7672
716435109428,7621
716435209330,7630
716435309232,7617
716435409134,7635
716435509036,7642
716435608938,7627
716435708840,7615
716435808742,7623
716435908644,7616
716436008546,7663
716436108448,7630
716436208350,7639
716436308252,7665
716436408154,7626
716436508056,7620
716436607958,7639
716436707860,7630
716436807762,7626
716436907664,7628
716437007566,7619
716437107468,7642
716437207370,7624
716437307272,7634
716437407174,7625
716437507076,7620
716437606978,7614
716437706880,7625
716437806782,7618
716437906684,7636
716438006586,7627
716438106488,7625
716438206390,7642
716438306292,7621
716438406194,7631
716438506096,7654
716438605998,7616
716438705900,7629
716438805802,7672
716438905704,7611
716439005606,7689
716439105508,7625
716439205410,7626
716439305312,7629
716439405214,7611
716439505116,7721
716439605020,7699
716439704924,7627
716439804826,7614
716439904730,7622
716440004632,7671
716440104534,7625
716440204436,7620
716440304338,7732
716440404240,7630
716440504142,7669
716440604044,7623
716440703946,7646
716440803850,7632
716440903752,7655
716441003654,7620
716441103556,7691
716441203458,7641
716441303360,7618
716441403262,7633
716441503164,7633
716441603066,7623
716441702968,7640
716441802870,7620
716441902772,7668
716442002674,7635
716442102576,7633
716442202478,7674
716442302380,7616
716442402282,7624
716442502184,7633
716442602086,7624
716442701988,7697
716442801890,7623
716442901792,7633
716443001694,7629
716443101596,7630
716443201498,7678
716443301400,7624
716443401302,7641
716443501204,7675
716443601106,7622
716443701008,7651
716443800910,7634
716443900812,7633
716444000714,7625
716444100616,7628
716444200518,7646
716444300420,7682
716444400322,7636
716444500224,7620
716444600126,7625
716444700028,7676
716444799930,7615
716444899832,7630
716444999750,7632
716445099652,7681
716445199554,7630
716445299456,7631
716445399358,7636
716445499260,7634
716445599162,7622
716445699064,7646
716445798966,7626
716445898868,7708
716445998770,7644
716446098672,7636
716446198574,7649
716446298476,7630
716446398378,7616
716446498280,7624
716446598182,7628
716446698084,7772
716446797986,7615
716446897888,7661
716446997790,7629
716447097692,7630
716447197594,7650
716447297496,7638
716447397398,7624
716447497300,7676
716447597202,7637
716447697104,7644
716447797006,7628
716447896908,7637
716447996810,7632
716448096712,7614
716448196614,7633
716448296516,7670
716448396418,7625
716448496320,7623
716448596222,7613
716448696124,7696
716448796026,7618
716448895928,7641
716448995830,7630
716449095732,7662
716449195634,7625
716449295536,7623
716449395438,7619
716449495340,7623
716449595244,7694
716449695148,7618
716449795050,7608
716449894952,7640
716449994854,7623
716450094756,7621
716450194658,7624
716450294560,7621
716450394462,7679
716450494364,7610
716450594266,7630
716450694168,7744
716450794070,7622
716450893972,7612
716450993874,7631
716451093778,7619
716451193681,7646
716451293583,7624
716451393485,7624
716451493387,7633
716451593289,7613
716451693191,7631
716451793093,7624
716451892995,7638
716451992897,7633
716452092799,7622
716452192701,7619
716452292603,7636
716452392505,7627
716452492407,7626
716452592309,7631
716452692211,7712
716452792113,7632
716452892015,7627
716452991917,7621
716453091819,7639
716453191721,7625
716453291623,7634
716453391525,7656
716453491427,7618
716453591329,7640
716453691231,7637
716453791133,7629
716453891035,7678
716453990937,7620
716454090839,7618
716454190741,7632
716454290643,7631
716454390545,7631
716454490447,7617
716454590349,7621
716454690251,7712
716454790153,7619
716454890055,7618
716454989957,7631
716455089859,7705
716455189761,7616
716455289663,7626
716455389565,7617
716455489467,7661
716455589369,7645
716455689271,7627
716455789173,7630
716455889075,7616
716455988977,7620
716456088879,7619
716456188781,7607
716456288683,7638
716456388585,7629
716456488487,7621
716456588389,7619
716456688291,7752
716456788193,7615
716456888095,7627
716456987997,7624
716457087899,7646
716457187801,7614
716457287703,7624
716457387605,7618
716457487507,7615
716457587409,7633
716457687311,7628
716457787213,7636
716457887115,7642
716457987017,7620
716458086919,7617
716458186821,7625
716458286723,7625
716458386625,7633
716458486527,7639
716458586429,7641
716458686331,7714
716458786233,7626
716458886135,7638
716458986037,7615
716459085939,7641
716459185841,7619
716459285743,7625
716459385645,7622
716459485547,7635
716459585452,7705
716459685356,7614
716459785258,7614
716459885160,7617
716459985062,7617
716460084964,7614
716460184866,7630
716460284768,7669
716460384670,7625
716460484572,7617
716460584474,7623
716460684376,7663
716460784278,7618
716460884180,7617
716460984082,7614
716461083984,7680
716461183886,7639
716461283788,7632
716461383690,7616
716461483592,7623
716461583494,7625
716461683396,7628
716461783298,7625
716461883200,7679
716461983102,7622
716462083004,7634
716462182906,7925
716462282808,7630
716462382710,7621
716462482612,7631
716462582514,7641
716462682416,7725
716462782318,7627
716462882220,7620
716462982122,7624
716463082024,7621
716463181926,7623
716463281828,7627
716463381730,7669
716463481632,7674
716463581534,7624
716463681436,7627
716463781338,7620
716463881240,7629
716463981143,7622
716464081045,7644
716464180947,7628
716464280849,7673
716464380751,7625
716464480653,7635
716464580555,7633
716464680458,7649
716464780360,7633
716464880262,7614
716464980164,7626
716465080066,7853
716465179968,7630
716465279870,7619
716465379772,7630
716465479674,7627
716465579576,7626
716465679478,7626
716465779380,7628
716465879282,7669
716465979184,7634
716466079086,7619
716466178988,7634
716466278890,7627
716466378792,7637
716466478694,7622
716466578596,7624
716466678498,7675
716466778400,7629
716466878302,7616
716466978204,7618
716467078106,7616
716467178008,7630
716467277910,7627
716467377812,7594
716467477714,7684
716467577616,7609
716467677536,7640
716467777438,7645
716467877340,7629
716467977242,7620
716468077144,7627
716468177046,7628
716468276948,7695
716468376850,7630
716468476752,7628
716468576654,7622
716468676556,7642
716468776458,7628
716468876360,7628
716468976262,7616
716469076164,7666
716469176066,7622
716469275968,7616
716469375870,7630
716469475774,7709
716469575678,7628
716469675581,7624
716469775483,7619
716469875385,7631
716469975287,7626
716470075189,7611
716470175091,7623
716470274993,7631
716470374895,7609
716470474797,7624
716470574699,7612
716470674601,7637
716470774503,7618
716470874405,7646
716470974307,7631
716471074209,7628
716471174111,7618
716471274013,7609
716471373915,7621
716471473817,7626
716471573720,7624
716471673622,7620
716471773524,7646
716471873426,7618
716471973328,7623
716472073230,7636
716472173132,7625
716472273034,7631
716472372936,7613
716472472838,7626
716472572740,7620
716472672642,7638
716472772544,7668
716472872446,7608
716472972348,7635
716473072250,7634
716473172152,7632
716473272054,7641
716473371956,7612
716473471858,7631
716473571760,7614
716473671662,7626
716473771564,7624
716473871466,7644
716473971368,7637
716474071270,7706
716474171172,7635
716474271074,7670
716474370976,7625
716474470878,7642
716474570780,7648
716474670682,7649
716474770584,7669
716474870486,7635
716474970388,7627
716475070290,7643
716475170192,7628
716475270094,7644
716475369996,7643
716475469898,7633
716475569800,7624
716475669702,7616
716475769604,7675
716475869506,7617
716475969408,7618
716476069310,7637
716476169212,7621
716476269114,7636
716476369016,7690
716476468918,7613
716476568820,7638
716476668722,7632
716476768624,7679
716476868526,7621
716476968428,7627
716477068330,7646
716477168232,7631
716477268134,7618
716477368036,7715
716477467938,7635
716477567840,7629
716477667742,7626
716477767644,7667
716477867546,7640
716477967448,7595
716478067350,7614
716478167252,7617
716478267154,7620
716478367056,7692
716478466958,7617
716478566860,7619
716478666762,7647
716478766664,7624
716478866566,7652
716478966468,7623
716479066370,7626
716479166272,7603
716479266174,7617
716479366076,7715
716479465980,7754
716479565884,7626
716479665786,7631
716479765688,7638
716479865590,7628
716479965492,7627
716480065394,7631
716480165296,7633
716480265198,7675
716480365100,7696
716480465004,7620
716480564906,7652
716480664808,7675
716480764710,7613
716480864612,7628
716480964514,7625
716481064416,7689
716481164318,7617
716481264220,7630
716481364122,7694
716481464024,7629
716481563926,7656
716481663828,7625
716481763730,7618
716481863632,7660
716481963534,7627
716482063436,7635
716482163338,7633
716482263240,7618
716482363142,7701
716482463044,7621
716482562946,7632
716482662848,7737
716482762750,7629
716482862652,7625
716482962554,7627
716483062456,7626
716483162358,7628
716483262260,7630
716483362162,7680
716483462064,7670
716483561966,7632
716483661868,7621
716483761770,7629
716483861672,7630
716483961574,7621
716484061476,7646
716484161378,7614
716484261280,7726
716484361182,7617
716484461084,7622
716484560986,7628
716484660888,7712
716484760790,7624
716484860692,7616
716484960594,7637
716485060496,7686
716485160398,7623
716485260300,7623
716485360202,7622
716485460104,7627
716485560006,7614
716485659908,7616
716485759810,7670
716485859712,7676
716485959614,7670
716486059516,7621
716486159418,7630
716486259320,7616
716486359222,7609
716486459124,7620
716486559026,7611
716486658928,7789
716486758830,7619
716486858732,7629
716486958634,7664
716487058536,7624
716487158438,7622
716487258340,7625
716487358242,7627
716487458144,7687
716487558046,7623
716487657948,7629
716487757850,7630
716487857752,7629
716487957654,7659
716488057556,7637
716488157458,7626
716488257360,7679
716488357262,7629
716488457164,7632
716488557066,7628
716488656968,7710
716488756870,7634
716488856772,7633
716488956674,7669
716489056576,7663
716489156478,7627
716489256380,7612
716489356282,7590
716489456185,7603
716489556090,7708
716489655994,7646
716489755898,7631
716489855801,7630
716489955703,7738
716490055605,7616
716490155507,7623
716490255409,7617
716490355311,7617
716490455228,7743
716490555130,7660
716490655032,7748
716490754934,7620
716490854836,7629
716490954738,7656
716491054640,7610
716491154542,7617
716491254444,7622
716491354346,7635
716491454248,7721
716491554150,7652
716491654052,7607
716491753954,7641
716491853857,7622
716491953759,7677
716492053661,7627
716492153563,7617
716492253465,7646
716492353367,7619
716492453269,7752
716492553171,7643
716492653073,7739
716492752975,7629
716492852877,7636
716492952779,7670
716493052681,7631
716493152583,7625
716493252485,7619
716493352387,7635
716493452289,7750
716493552191,7621
716493652093,7632
716493751995,7619
716493851897,7637
716493951799,7626
716494051701,7623
716494151603,7633
716494251505,7632
716494351407,7622
716494451309,7777
716494551211,7615
716494651113,7714
716494751015,7632
716494850917,7637
716494950819,7656
716495050721,7616
716495150623,7628
716495250525,7632
716495350427,7626
716495450329,7769
716495550231,7630
716495650133,7624
716495750035,7627
716495849937,7627
716495949839,7631
716496049741,7607
716496149643,7686
716496249545,7644
716496349447,7623
716496449349,7724
716496549251,7649
716496649153,7715
716496749055,7617
716496848957,7623
716496948859,7639
716497048761,7637
716497148663,7952
716497248565,7638
716497348467,7625
716497448369,7706
716497548271,7628
716497648173,7632
716497748075,7635
716497847977,7649
716497947879,7640
716498047781,7625
716498147683,7628
716498247585,7627
716498347487,7616
716498447389,7652
716498547291,7622
716498647193,7674
716498747095,7627
716498846997,7626
716498946899,7632
716499046801,7645
716499146703,7618
716499246605,7624
716499346507,7635
716499446410,7651
716499546315,7716
716499646219,7619
716499746121,7630
716499846023,7616
716499945925,7623
716500045827,7614
716500145731,7609
716500245633,7670
716500345535,7625
716500445437,7612
716500545339,7616
716500645241,7621
716500745143,7624
716500845045,7608
716500944947,7614
716501044849,7673
716501144751,7635
716501244653,7632
716501344555,7623
716501444457,7631
716501544359,7712
716501644261,7623
716501744163,7628
716501844065,7673
716501943967,7628
716502043869,7631
716502143771,7626
716502243673,7641
716502343575,7646
716502443477,7634
716502543379,7637
716502643281,7676
716502743183,7631
716502843085,7615
716502942987,7623
716503042889,7635
716503142791,7620
716503242693,7630
716503342595,7645
716503442497,7683
716503542399,7623
716503642301,7613
716503742203,7625
716503842105,7623
716503942007,7625
716504041909,7642
716504141811,7620
716504241713,7689
716504341615,7619
716504441517,7623
716504541419,7615
716504641321,7623
716504741223,7622
716504841125,7630
716504941027,7623
716505040929,7679
716505140831,7633
716505240733,7618
716505340635,7620
716505440537,7627
716505540439,7642
716505640341,7622
716505740243,7616
716505840145,7680
716505940047,7627
716506039949,7624
716506139851,7628
716506239753,7633
716506339655,7627
716506439557,7627
716506539459,7630
716506639361,7694
716506739263,7626
716506839165,7629
716506939067,7616
716507038969,7622
716507138871,7630
716507238773,7641
716507338675,7632
716507438577,7680
716507538480,7663
716507638382,7618
716507738284,7627
716507838186,7592
716507938088,7635
716508037990,7614
716508137892,7658
716508237794,7680
716508337696,7624
716508437598,7628
716508537500,7634
716508637402,7646
716508737304,7618
716508837206,7632
716508937108,7628
716509037010,7683
716509136912,7624
716509236814,7621
716509336716,7623
716509436618,7668
716509536523,7712
716509636425,7616
716509736327,7609
716509836230,7680
716509936132,7624
716510036034,7604
716510135936,7620
716510235838,7605
716510335740,7632
716510435642,7624
716510535544,7623
716510635446,7633
716510735348,7617
716510835250,7622
716510935152,7627
716511035054,7624
716511134956,7628
716511234858,7625
716511334760,7628
716511434662,7634
716511534564,7623
716511634466,7618
716511734368,7619
716511834270,7615
716511934172,7655
716512034074,7630
716512133976,7611
716512233878,7631
716512333780,7646
716512433682,7619
716512533584,7624
716512633486,7618
716512733388,7628
716512833290,7618
716512933192,7663
716513033094,7629
716513133014,7621
716513232916,7617
716513332818,7625
716513432720,7624
716513532622,7631
716513632524,7635
716513732426,7611
716513832328,7641
716513932230,7623
716514032132,7628
716514132034,7633
716514231936,7637
716514331838,7625
716514431740,7633
716514531642,7649
716514631544,7632
716514731446,7638
716514831348,7623
716514931250,7658
716515031152,7626
716515131054,7619
716515230956,7608
716515330858,7616
716515430760,7636
716515530662,7619
716515630564,7633
716515730466,7638
716515830368,7641
716515930270,7618
716516030172,7615
716516130074,7621
716516229976,7639
716516329878,7626
716516429780,7637
716516529682,7623
716516629584,7631
716516729486,7635
716516829388,7632
716516929290,7622
716517029192,7630
716517129094,7626
716517228996,7626
716517328898,7620
716517428800,7620
716517528703,7631
716517628605,7936
716517728507,7622
716517828409,7640
716517928311,7624
716518028213,7627
716518128115,7637
716518228017,7621
716518327919,7617
716518427821,7612
716518527723,7635
716518627625,7639
716518727527,7627
716518827429,7628
716518927331,7623
716519027233,7629
716519127135,7631
716519227037,7631
716519326939,7625
716519426841,7635
716519526745,7715
716519626647,7631
716519726549,7637
716519826451,7668
716519926353,7617
716520026255,7595
716520126157,7630
716520226059,7679
716520325961,7622
716520425863,7634
716520525765,7637
716520625667,7627
716520725569,7614
716520825471,7653
716520925373,7613
716521025275,7713
716521125177,7619
716521225079,7628
716521324981,7628
716521424883,7639
716521524785,7625
716521624687,7628
716521724589,7616
716521824491,7718
716521924393,7623
716522024295,7636
716522124197,7648
716522224099,7945
716522324007,7919
716522423909,7631
716522523811,7618
716522623713,7625
716522723615,7625
716522823517,7672
716522923419,7636
716523023321,7626
716523123223,7633
716523223125,7634
716523323027,7634
716523422929,7676
716523522831,7640
716523622733,7632
716523722635,7641
716523822537,7650
716523922439,7633
716524022342,7632
716524122244,7625
716524222146,7671
716524322048,7619
716524421950,7632
716524521852,7619
716524621754,7621
716524721656,7635
716524821558,7625
716524921460,7640
716525021362,7685
716525121264,7643
716525221166,7629
716525321068,7625
716525420970,7609
716525520872,7622
716525620774,7634
716525720676,7630
716525820578,7691
716525920480,7623
716526020382,7625
716526120284,7616
716526220186,7616
716526320088,7629
716526419991,7636
716526519893,7634
716526619795,7691
716526719697,7622
716526819599,7616
716526919501,7621
716527019403,7647
716527119305,7633
716527219207,7621
716527319109,7623
716527419011,7689
716527518913,7622
716527618815,7967
716527718717,7623
716527818619,7640
716527918521,7630
716528018423,7623
716528118325,7630
716528218227,7696
716528318129,7632
716528418031,7626
716528517933,7615
716528617835,7622
716528717737,7624
716528817639,7639
716528917541,7626
716529017443,7681
716529117345,7641
716529217247,7626
716529317149,7628
716529417051,7626
716529516955,7722
716529616857,7617
716529716759,7614
716529816661,7631
716529916563,7620
716530016465,7617
716530116367,7620
716530216269,7630
716530316172,7611
716530416074,7626
716530515976,7626
716530615878,7645
716530715780,7618
716530815682,7607
716530915584,7641
716531015486,7629
716531115388,7628
716531215290,7616
716531315192,7628
716531415094,7644
716531514996,7632
716531614898,7629
716531714800,7629
716531814702,7627
716531914604,7615
716532014506,7623
716532114408,7622
716532214310,7633
716532314212,7683
716532414114,7612
716532514016,7637
716532613918,7638
716532713820,7613
716532813722,7612
716532913624,7628
716533013526,7625
716533113428,7624
716533213330,7642
716533313232,7626
716533413134,7620
716533513036,7621
716533612938,7630
716533712840,7614
716533812742,7635
716533912644,7633
716534012546,7631
716534112448,7625
716534212350,7632
716534312252,7618
716534412154,7632
716534512056,7655
716534611958,7633
716534711860,7628
716534811762,7615
716534911664,7627
716535011566,7711
716535111468,7624
716535211370,7634
716535311272,7613
716535411174,7636
716535511076,7712
716535610978,7634
716535710880,7623
716535810782,7624
716535910701,7620
716536010603,7703
716536110505,7627
716536210407,7647
716536310309,7631
716536410211,7634
716536510113,7718
716536610015,7623
716536709917,7609
716536809819,7624
716536909721,7619
716537009623,7672
716537109525,7623
716537209427,7640
716537309329,7640
716537409231,7621
716537509133,7623
716537609035,7624
716537708937,7621
716537808839,7648
716537908741,7619
716538008643,7634
716538108545,7633
716538208447,7624
716538308349,7634
716538408251,7634
716538508153,7623
716538608055,7630
716538707957,7632
716538807859,7630
716538907761,7618
716539007663,7622
716539107565,7623
716539207467,7622
716539307369,7644
716539407271,7636
716539507176,7718
716539607078,7609
716539706980,7618
716539806882,7630
716539906784,7617
716540006686,7621
716540106588,7626
716540206490,7698
716540306392,7623
716540406294,7619
716540506196,7668
716540606098,7621
716540706004,7618
716540805906,7625
716540905808,7620
716541005710,7744
716541105612,7620
716541205514,7650
716541305416,7617
716541405318,7617
716541505220,7698
716541605122,7613
716541705024,7609
716541804926,7675
716541904828,7619
716542004730,7675
716542104632,7632
716542204534,7673
716542304436,7612
716542404338,7620
716542504240,7620
716542604142,7670
716542704044,7621
716542803946,7637
716542903848,7626
716543003750,7637
716543103652,7628
716543203554,7632
716543303456,7622
716543403358,7685
716543503260,7617
716543603162,7648
716543703064,7633
716543802966,7625
716543902868,7633
716544002770,7626
716544102672,7618
716544202574,7682
716544302476,7627
716544402378,7634
716544502280,7624
716544602182,7625
716544702084,7642
716544801986,7627
716544901888,7619
716545001790,7683
716545101692,7630
716545201594,7643
716545301496,7637
716545401398,7637
716545501300,7615
716545601202,7621
716545701104,7643
716545801006,7686
716545900908,7625
716546000810,7633
716546100712,7633
716546200614,7634
716546300516,7632
716546400418,7638
716546500320,7626
716546600222,7667
716546700124,7677
716546800026,7626
716546899928,7631
716546999830,7625
716547099732,7626
716547199634,7641
716547299536,7625
716547399438,7682
716547499340,7615
716547599242,7630
716547699144,7652
716547799046,7625
716547898948,7625
716547998850,7626
716548098752,7618
716548198654,7683
716548298556,7620
716548398458,7619
716548498360,7630
716548598262,7665
716548698164,7716
716548798066,7636
716548897968,7620
716548997870,7689
716549097772,7642
716549197674,7651
716549297576,7636
716549397478,7636
716549497382,7725
716549597286,7621
716549697189,7650
716549797091,7640
716549896993,7661
716549996895,7627
716550096797,7635
716550196699,7669
716550296601,7622
716550396503,7630
716550496405,7633
716550596307,7674
716550696209,7696
716550796111,7614
716550896013,7625
716550995915,7620
716551095817,7620
716551195719,7609
716551295621,7621
716551395523,7627
716551495425,7621
716551595327,7634
716551695229,7610
716551795131,7629
716551895033,7624
716551994935,7618
716552094837,7636
716552194739,7575
716552294641,7632
716552394543,7620
716552494445,7614
716552594347,7616
716552694249,7764
716552794151,7630
716552894053,7621
716552993955,7637
716553093857,7620
716553193759,7621
716553293661,7626
716553393563,7622
716553493465,7619
716553593367,7629
716553693269,7617
716553793171,7644
716553893073,7666
716553992975,7629
716554092877,7629
716554192779,7619
716554292681,7614
716554392583,7635
716554492485,7631
716554592387,7683
716554692289,7721
716554792191,7621
716554892093,7619
716554991995,7617
716555091897,7640
716555191799,7629
716555291701,7608
716555391603,7637
716555491505,7624
716555591407,7640
716555691309,7629
716555791211,7629
716555891113,7633
716555991015,7631
716556090917,7631
716556190819,7635
716556290721,7620
716556390623,7616
716556490525,7646
716556590427,7643
716556690329,7696
716556790231,7642
716556890133,7622
716556990035,7636
716557089937,7620
716557189839,7624
716557289741,7628
716557389643,7626
716557489545,7624
716557589447,7634
716557689349,7612
716557789251,7635
716557889153,7618
716557989055,7636
716558088957,7638
716558188859,7626
716558288761,7636
716558388663,7631
716558488565,7620
716558588482,7635
716558688384,7738
716558788286,7625
716558888188,7631
716558988090,7622
716559087992,7630
716559187894,7629
716559287796,7635
716559387698,7633
716559487603,7726
716559587505,7642
716559687407,7622
716559787309,7624
716559887211,7622
716559987113,7627
716560087015,7629
716560186917,7671
716560286819,7619
716560386721,7627
716560486623,7627
716560586525,7627
716560686427,7705
716560786329,7623
716560886231,7626
716560986133,7671
716561086035,7620
716561185937,7619
716561285839,7609
716561385741,7612
716561485643,7631
716561585545,7623
716561685447,7621
716561785349,7683
716561885251,7630
716561985153,7612
716562085055,7622
716562184957,7629
716562284859,7633
716562384761,7639
716562484663,7633
716562584565,7672
716562684467,7675
716562784369,7614
716562884271,7617
716562984173,7628
716563084075,7609
716563183977,7613
716563283879,7618
716563383781,7682
716563483683,7625
716563583585,7617
716563683487,7628
716563783389,7620
716563883291,7623
716563983193,7616
716564083095,7625
716564182997,7868
716564282899,7636
716564382801,7638
716564482703,7645
716564582605,7622
716564682507,7673
716564782409,7617
716564882311,7619
716564982213,7685
716565082115,7900
716565182017,7619
716565281919,7617
716565381821,7629
716565481723,7621
716565581625,7640
716565681527,7623
716565781429,7669
716565881331,7625
716565981233,7619
716566081135,7637
716566181037,7620
716566280939,7623
716566380841,7616
716566480743,7633
716566580645,7680
716566680547,7628
716566780449,7633
716566880351,7628
716566980253,7634
716567080155,7612
716567180057,7620
716567279959,7618
716567379861,7680
716567479763,7632
716567579665,7632
716567679567,7642
716567779469,7621
716567879371,7639
716567979273,7612
716568079175,7613
716568179077,7679
716568278979,7635
716568378881,7632
716568478783,7620
716568578685,7627
716568678587,7623
716568778489,7621
716568878391,7631
716568978293,7690
716569078195,7610
716569178097,7634
716569277999,7616
716569377901,7636
716569477805,7713
716569577707,7610
716569677609,7625
716569777512,7637
716569877414,7647
716569977316,7633
716570077218,7630
716570177120,7639
716570277022,7625
716570376924,7617
716570476826,7638
716570576728,7635
716570676630,7630
716570776532,7623
716570876434,7643
716570976336,7624
716571076238,7616
716571176140,7603
716571276042,7632
716571375944,7638
716571475846,7622
716571575748,7616
716571675650,7626
716571775552,7678
716571875454,7638
716571975356,7616
716572075258,7611
716572175160,7639
716572275062,7626
716572374964,7623
716572474866,7638
716572574768,7625
716572674670,7615
716572774572,7644
716572874474,7616
716572974376,7636
716573074278,7618
716573174180,7615
716573274082,7617
716573373984,7633
716573473886,7628
716573573788,7614
716573673690,7612
716573773592,7677
716573873494,7631
716573973396,7631
716574073298,7615
716574173200,7628
716574273102,7614
716574373004,7627
716574472906,7635
716574572808,7636
716574672710,7613
716574772612,7672
716574872514,7637
716574972416,7640
716575072318,7616
716575172220,7608
716575272122,7631
716575372024,7647
716575471926,7625
716575571828,7628
716575671730,7632
716575771632,7666
716575871534,7624
716575971436,7630
716576071338,7621
716576171240,7648
716576271142,7626
716576371044,7609
716576470946,7621
716576570848,7632
716576670750,7569
716576770652,7664
716576870554,7635
716576970456,7638
716577070358,7653
716577170260,7634
716577270162,7633
716577370064,7623
716577469966,7635
716577569868,7631
716577669770,7633
716577769672,7633
716577869574,7612
716577969476,7625
716578069378,7643
716578169280,7614
716578269182,7634
716578369084,7698
716578468986,7635
716578568888,7649
716578668790,7620
716578768692,7630
716578868594,7615
716578968496,7617
716579068398,7633
716579168300,7632
716579268202,7638
716579368104,7719
716579468006,7616
716579567911,7705
716579667814,7650
716579767716,7624
716579867618,7640
716579967520,7623
716580067422,7629
716580167324,7681
716580267226,7632
716580367128,7698
716580467030,7620
716580566932,7625
716580666834,7636
716580766736,7634
716580866638,7633
716580966540,7669
716581066442,7635
716581166344,7617
716581266246,7618
716581366163,7703
716581466065,7628
716581565967,7627
716581665869,7641
716581765771,7674
716581865673,7626
716581965575,7627
716582065477,7630
716582165379,7946
716582265281,7615
716582365183,7708
716582465085,7609
716582564987,7674
716582664889,7686
716582764791,7645
716582864693,7619
716582964595,7618
716583064497,7642
716583164399,7619
716583264301,7622
716583364203,7764
716583464105,7617
716583564007,7619
716583663909,7621
716583763811,7645
716583863713,7629
716583963615,7674
716584063518,7625
716584163420,7692
716584263322,7618
716584363224,7705
716584463126,7635
716584563028,7633
716584662930,7665
716584762832,7619
716584862734,7639
716584962636,7683
716585062538,7630
716585162440,7642
716585262342,7615
716585362244,7685
716585462146,7628
716585562048,7637
716585661950,7638
716585761852,7669
716585861754,7635
716585961656,7629
716586061558,7621
716586161460,7623
716586261362,7621
716586361264,7617
716586461166,7622
716586561068,7681
716586660970,7727
716586760872,7633
716586860774,7625
716586960676,7633
716587060578,7632
716587160480,7634
716587260382,7646
716587360284,7667
716587460186,7632
716587560088,7617
716587659990,7619
716587759892,7624
716587859794,7613
716587959696,7663
716588059598,7627
716588159500,7678
716588259402,7624
716588359304,7624
716588459206,7648
716588559108,7630
716588659010,7742
716588758912,7621
716588858814,7628
716588958716,7721
716589058618,7617
716589158520,7617
716589258422,7632
716589358324,7626
716589458229,7727
716589558133,7647
716589658035,7614
716589757937,7643
716589857839,7619
716589957741,7742
716590057643,7640
716590157545,7647
716590257447,7617
716590357349,7628
716590457251,7632
716590557153,7673
716590657055,7701
716590756957,7668
716590856859,7642
716590956761,7676
716591056663,7625
716591156565,7640
716591256467,7646
716591356369,7651
716591456271,7638
716591556173,7664
716591656075,7636
716591755977,7615
716591855879,7603
716591955781,7698
716592055683,7625
716592155585,7668
716592255487,7672
716592355389,7628
716592455291,7727
716592555193,7655
716592655095,7744
716592754997,7610
716592854899,7617
716592954801,7672
716593054703,7622
716593154605,7617
716593254507,7638
716593354409,7616
716593454311,7754
716593554213,7713
716593654115,7676
716593754017,7639
716593853919,7616
716593953821,7673
716594053723,7625
716594153625,7625
716594253527,7611
716594353429,7618
716594453331,7765
716594553233,7684
716594653135,7747
716594753037,7646
716594852939,7629
716594952841,7670
716595052743,7614
716595152645,7642
716595252547,7632
716595352449,7629
716595452351,7726
716595552253,7660
716595652155,7623
716595752057,7639
716595851959,7632
716595951861,7646
716596051763,7631
716596151665,7637
716596251567,7618
716596351469,7633
716596451371,7723
716596551273,7632
716596651175,7708
716596751077,7620
716596850979,7634
716596950881,7652
716597050783,7629
716597150685,7623
716597250587,7622
716597350489,7631
716597450391,7725
716597550293,7618
716597650195,7623
716597750097,7633
716597849999,7626
716597949901,7626
716598049803,7636
716598149705,7628
716598249607,7619
716598349509,7619
716598449411,7729
716598549313,7631
716598649215,7698
716598749117,7621
716598849019,7642
716598948921,7618
716599048823,7626
716599148725,7641
716599248627,7634
716599348529,7638
716599448432,7716
716599548334,7615
716599648239,7758
716599748141,7610
716599848043,7664
716599947946,7624
716600047848,7622
716600147750,7679
716600247652,7627
716600347554,7641
716600447456,7648
716600547358,7623
716600647260,7661
716600747162,7630
716600847064,7629
716600946966,7681
716601046868,7617
716601146770,7624
716601246672,7629
716601346574,7634
716601446476,7640
716601546378,7637
716601646280,7619
716601746182,7671
716601846084,7624
716601945986,7624
716602045888,7642
716602145790,7627
716602245692,7636
716602345594,7629
716602445496,7620
716602545398,7678
716602645300,7631
716602745202,7613
716602845104,7619
716602945006,7625
716603044908,7616
716603144810,7630
716603244712,7623
716603344614,7656
716603444516,7626
716603544418,7630
716603644320,7612
716603744222,7627
716603844124,7644
716603944026,7618
716604043945,7628
716604143847,7720
716604243749,7632
716604343651,7630
716604443553,7615
716604543455,7623
716604643357,7638
716604743259,7624
716604843161,7627
716604943063,7680
716605042965,7617
716605142867,7640
716605242769,7642
716605342671,7634
716605442573,7614
716605542475,7626
716605642377,7630
716605742279,7673
716605842181,7617
716605942083,7616
716606041985,7620
716606141887,7615
716606241789,7633
716606341691,7636
716606441593,7623
716606541495,7678
716606641397,7624
716606741299,7630
716606841201,7633
716606941103,7620
716607041005,7618
716607140907,7639
716607240809,7613
716607340711,7681
716607440613,7628
716607540515,7627
716607640417,7632
716607740319,7633
716607840221,7639
716607940123,7623
716608040025,7626
716608139927,7693
716608239829,7633
716608339731,7619
716608439633,7628
716608539535,7632
716608639437,7625
716608739339,7625
716608839241,7628
716608939143,7667
716609039045,7617
716609138947,7631
716609238849,7630
716609338751,7638
716609438653,7744
716609538558,7642
716609638462,7632
716609738364,7633
716609838266,7631
716609938168,7620
716610038070,7624
716610137972,7614
716610237874,7618
716610337776,7626
716610437678,7623
716610537580,7649
716610637482,7625
716610737384,7621
716610837286,7611
716610937188,7616
716611037090,7617
716611136992,7641
716611236894,7641
716611336796,7638
716611436698,7625
716611536600,7621
716611636502,7609
716611736404,7623
716611836306,7631
716611936208,7618
716612036110,7616
716612136012,7637
716612235914,7625
716612335816,7616
716612435718,7614
716612535620,7667
716612635522,7632
716612735424,7612
716612835326,7611
716612935228,7638
716613035130,7639
716613135032,7619
716613234934,7623
716613334836,7630
716613434738,7615
716613534640,7653
716613634542,7608
716613734444,7631
716613834346,7622
716613934248,7614
716614034150,7616
716614134052,7622
716614233954,7621
716614333856,7620
716614433758,7634
716614533660,7671
716614633562,7625
716614733464,7617
716614833366,7627
716614933268,7606
716615033170,7624
716615133072,7616
716615232974,7621
716615332876,7640
716615432778,7632
716615532680,7663
716615632582,7628
716615732484,7633
716615832386,7632
716615932288,7631
716616032190,7635
716616132092,7669
716616231994,7625
716616331896,7629
716616431798,7637
716616531700,7661
716616631602,7623
716616731504,7610
716616831406,7625
716616931308,7639
716617031210,7644
716617131112,7611
716617231014,7609
716617330916,7628
716617430818,7610
716617530720,7652
716617630622,7622
716617730524,7648
716617830426,7624
716617930328,7621
716618030230,7629
716618130132,7624
716618230034,7634
716618329936,7621
716618429838,7632
716618529740,7639
716618629642,7630
716618729544,7620
716618829446,7672
716618929348,7619
716619029250,7631
716619129152,7623
716619229054,7630
716619328956,7643
716619428858,7627
716619528762,7730
716619628666,7627
716619728568,7621
716619828470,7657
716619928372,7631
716620028274,7615
716620128176,7679
716620228078,7619
716620327980,7615
716620427882,7615
716620527784,7622
716620627686,7610
716620727588,7632
716620827490,7663
716620927392,7673
716621027294,7631
716621127196,7622
716621227098,7621
716621327003,7622
716621426905,7615
716621526807,7631
716621626709,7632
716621726611,7663
716621826513,7658
716621926415,7622
716622026317,7612
716622126219,7621
716622226121,7613
716622326023,7622
716622425925,7618
716622525827,7685
716622625729,7584
716622725631,7631
716622825533,7631
716622925435,7618
716623025337,7628
716623125239,7632
716623225141,7615
716623325043,7670
716623424945,7632
716623524847,7633
716623624749,7620
716623724651,7623
716623824553,7624
716623924455,7628
716624024357,7609
716624124259,7678
716624224161,7617
716624324063,7675
716624423965,7622
716624523867,7626
716624623769,7633
716624723671,7627
716624823573,7631
716624923475,7624
716625023377,7644
716625123279,7623
716625223181,7626
716625323083,7628
716625422985,7633
716625522887,7622
716625622789,7628
716625722691,7679
716625822593,7632
716625922495,7630
716626022397,7619
716626122299,7631
716626222201,7627
716626322103,7622
716626422005,7635
716626521907,7700
716626621809,7618
716626721711,7617
716626821628,7640
716626921530,7627
716627021432,7640
716627121334,7622
716627221236,7618
716627321138,7684
716627421040,7624
716627520942,7637
716627620844,7632
716627720746,7624
716627820648,7627
716627920550,7622
716628020452,7631
716628120354,7728
716628220256,7636
716628320158,7703
716628420060,7635
716628519962,7633
716628619864,7629
716628719766,7639
716628819668,7635
716628919570,7673
716629019472,7625
716629119374,7658
716629219276,7610
716629319178,7627
716629419081,7622
716629518985,7727
716629618887,7636
716629718789,7637
716629818691,7624
716629918594,7630
716630018496,7618
716630118398,7625
716630218300,7635
716630318202,7607
716630418104,7624
716630518006,7635
716630617908,7611
716630717810,7629
716630817712,7609
716630917614,7639
716631017516,7633
716631117418,7646
716631217320,7626
716631317222,7646
716631417124,7618
716631517026,7614
716631616928,7626
716631716830,7637
716631816732,7627
716631916634,7621
716632016536,7613
716632116438,7633
716632216340,7624
716632316242,7624
716632416144,7630
716632516046,7632
716632615948,7614
716632715850,7626
716632815752,7623
716632915654,7636
716633015556,7613
716633115458,7621
716633215360,7631
716633315262,7630
716633415164,7637
716633515066,7641
716633614968,7629
716633714870,7645
716633814772,7614
716633914674,7618
716634014576,7624
716634114478,7618
716634214380,7626
716634314282,7617
716634414184,7629
716634514086,7629
716634613988,7627
716634713890,7625
716634813792,7627
716634913694,7627
716635013596,7629
716635113498,7640
716635213400,7615
716635313302,7631
716635413204,7616
716635513106,7605
716635613008,7636
716635712910,7631
716635812812,7631
716635912714,7617
716636012616,7623
716636112518,7640
716636212420,7621
716636312322,7627
716636412224,7631
716636512126,7636
716636612028,7626
716636711930,7631
716636811832,7635
716636911734,7673
716637011636,7700
716637111538,7624
716637211440,7621
716637311342,7606
716637411244,7628
716637511146,7704
716637611048,7615
716637710950,7650
716637810852,7627
716637910754,7672
716638010656,7713
716638110558,7636
716638210460,7632
716638310362,7623
716638410264,7642
716638510166,7709
716638610068,7627
716638709970,7612
716638809872,7626
716638909774,7662
716639009676,7671
716639109578,7629
716639209480,7619
716639309382,7645
716639409284,7626
716639509189,7710
716639609091,7663
716639708993,7956
716639808895,7628
716639908798,7631
716640008700,7634
716640108602,7685
716640208504,7622
716640308406,7667
716640408308,7628
716640508210,7617
716640608112,7619
716640708014,7623
716640807916,7632
716640907818,7659
716641007720,7622
716641107622,7636
716641207524,7620
716641307426,7631
716641407328,7635
716641507230,7644
716641607132,7625
716641707034,7666
716641806936,7625
716641906838,7640
716642006740,7629
716642106642,7620
716642206544,7925
716642306446,7931
716642406348,7610
716642506250,7711
716642606152,7618
716642706054,7625
716642805956,7634
716642905858,7630
716643005760,7694
716643105662,7628
716643205564,7623
716643305466,7677
716643405368,7625
716643505270,7687
716643605172,7620
716643705074,7622
716643804976,7639
716643904878,7635
716644004781,7706
716644104683,7688
716644204585,7619
716644304487,7622
716644404389,7623
716644504291,7614
716644604193,7626
716644704095,7629
716644803997,7620
716644903899,7676
716645003801,7628
716645103703,7639
716645203605,7649
716645303507,7639
716645403409,7624
716645503311,7617
716645603213,7626
716645703115,7696
716645803017,7631
716645902919,7665
716646002821,7635
716646102723,7631
716646202625,7653
716646302527,7628
716646402429,7644
716646502331,7682
716646602233,7614
716646702135,7645
716646802037,7629
716646901939,7660
716647001841,7625
716647101743,7625
716647201645,7692
716647301547,7686
716647401449,7636
716647501351,7627
716647601253,7614
716647701155,7640
716647801057,7617
716647900959,7661
716648000861,7623
716648100763,7693
716648200665,7670
716648300567,7612
716648400469,7630
716648500371,7619
716648600273,7631
716648700175,7677
716648800077,7630
716648899979,7688
716648999881,7639
716649099783,7632
716649199685,7688
716649299587,7633
716649399489,7627
716649499391,7625
716649599322,7719
716649699224,7657
716649799126,7627
716649899030,7634
716649998932,7642
716650098834,7616
716650198736,7683
716650298638,7615
716650398540,7630
716650498442,7642
716650598344,7622
716650698246,7707
716650798148,7635
716650898050,7633
716650997952,7635
716651097854,7626
716651197756,7620
716651297658,7643
716651397560,7621
716651497462,7615
716651597364,7619
716651697266,7650
716651797168,7629
716651897070,7636
716651996972,7640
716652096874,7642
716652196776,7630
716652296678,7634
716652396580,7638
716652496482,7632
716652596384,7630
716652696286,7700
716652796188,7630
716652896090,7630
716652995992,7636
716653095894,7610
716653195796,7629
716653295698,7627
716653395600,7626
716653495502,7619
716653595404,7574
716653695306,7630
716653795208,7617
716653895110,7628
716653995012,7627
716654094914,7607
716654194816,7628
716654294718,7606
716654394620,7616
716654494522,7638
716654594424,7636
716654694326,7746
716654794228,7621
716654894130,7606
716654994032,7690
716655093934,7630
716655193836,7633
716655293738,7639
716655393640,7626
716655493542,7626
716655593444,7632
716655693346,7620
716655793248,7624
716655893150,7635
716655993052,7631
716656092954,7647
716656192856,7639
716656292758,7629
716656392660,7622
716656492562,7624
716656592464,7636
716656692366,7717
716656792268,7629
716656892170,7647
716656992072,7635
716657091974,7630
716657191876,7618
716657291778,7622
716657391680,7629
716657491582,7624
716657591484,7626
716657691386,7639
716657791288,7565
716657891190,7619
716657991092,7616
716658090994,7634
716658190896,7628
716658290798,7625
716658390700,7623
716658490602,7639
716658590504,7624
716658690407,7699
716658790309,7620
716658890211,7624
716658990113,7633
716659090015,7622
716659189917,7626
716659289819,7634
716659389721,7620
716659489626,7719
716659589529,7627
716659689431,7620
716659789333,7617
716659889235,7610
716659989137,7633
716660089039,7680
716660188941,7633
716660288843,7626
716660388745,7625
716660488647,7623
716660588549,7624
716660688451,7735
716660788353,7623
716660888255,7681
716660988157,7631
716661088059,7627
716661187961,7626
716661287863,7640
716661387765,7635
716661487667,7622
716661587569,7634
716661687471,7675
716661787373,7615
716661887275,7622
716661987177,7622
716662087079,7627
716662186981,7628
716662286883,7624
716662386785,7620
716662486687,7688
716662586589,7628
716662686491,7713
716662786393,7606
716662886295,7626
716662986197,7617
716663086099,7619
716663186003,7629
716663285905,7685
716663385807,7630
716663485709,7621
716663585611,7630
716663685513,7631
716663785415,7624
716663885317,7623
716663985219,7613
716664085121,7671
716664185023,7615
716664284925,7626
716664384827,7625
716664484729,7619
716664584631,7625
716664684533,7674
716664784435,7628
716664884337,7690
716664984239,7621
716665084141,7911
716665184043,7627
716665283945,7639
716665383847,7643
716665483749,7630
716665583651,7618
716665683553,7676
716665783455,7632
716665883357,7614
716665983259,7639
716666083161,7615
716666183063,7635
716666282965,7631
716666382867,7630
716666482769,7686
716666582671,7632
716666682573,7668
716666782475,7619
716666882377,7619
716666982279,7637
716667082181,7631
716667182083,7624
716667281985,7676
716667381887,7623
716667481789,7618
716667581691,7638
716667681593,7622
716667781495,7631
716667881397,7630
716667981299,7615
716668081201,7675
716668181103,7626
716668281005,7629
716668380907,7633
716668480809,7620
716668580711,7617
716668680613,7626
716668780515,7632
716668880417,7679
716668980319,7614
716669080221,7638
716669180123,7632
716669280025,7631
716669379927,7617
716669479829,7614
716669579734,7731
716669679636,7640
716669779540,7616
716669879442,7617
716669979344,7622
716670079246,7624
716670179148,7615
716670279050,7632
716670378952,7608
716670478854,7647
716670578756,7628
716670678658,7618
716670778560,7639
716670878462,7638
716670978364,7631
716671078266,7639
716671178168,7637
716671278070,7639
716671377972,7624
716671477874,7624
716671577776,7641
716671677678,7636
716671777580,7678
716671877482,7624
716671977384,7622
716672077286,7638
716672177188,7621
716672277106,7620
716672377008,7620
716672476910,7618
716672576812,7628
716672676714,7642
716672776616,7631
716672876518,7650
716672976420,7614
716673076322,7619
716673176224,7620
716673276126,7634
716673376028,7611
716673475930,7611
716673575832,7618
716673675734,7639
716673775636,7620
716673875538,7625
716673975440,7632
716674075342,7622
716674175244,7622
716674275146,7635
716674375048,7624
716674474950,7641
716674574852,7626
716674674754,7621
716674774656,7823
716674874558,7622
716674974460,7627
716675074362,7623
716675174264,7612
716675274166,7648
716675374068,7612
716675473970,7624
716675573872,7618
716675673774,7623
716675773676,7647
716675873578,7626
716675973480,7613
716676073382,7628
716676173284,7611
716676273186,7620
716676373088,7629
716676472990,7631
716676572892,7631
716676672794,7617
716676772696,7624
716676872598,7636
716676972500,7622
716677072402,7622
716677172304,7622
716677272206,7631
716677372108,7625
716677472010,7630
716677571912,7629
716677671814,7636
716677771716,7812
716677871618,7641
716677971520,7634
716678071422,7613
716678171324,7625
716678271226,7626
716678371128,7613
716678471030,7632
716678570932,7625
716678670834,7616
716678770736,7636
716678870638,7633
716678970540,7628
716679070442,7632
716679170344,7614
716679270246,7645
716679370148,7634
716679470051,7617
716679569955,7709
716679669857,7641
716679769759,7631
716679869661,7627
716679969563,7629
716680069465,7678
716680169367,7636
716680269269,7617
716680369171,7691
716680469073,7628
716680568975,7614
716680668877,7641
716680768779,7634
716680868681,7673
716680968583,7635
716681068485,7644
716681168387,7618
716681268289,7617
716681368191,7703
716681468093,7628
716681567995,7630
716681667897,7679
716681767799,7621
716681867701,7624
716681967603,7638
716682067505,7641
716682167407,7629
716682267309,7625
716682367211,7709
716682467113,7683
716682567015,7615
716682666917,7657
716682766819,7673
716682866721,7628
716682966623,7637
716683066525,7622
716683166427,7624
716683266329,7723
716683366231,7700
716683466133,7627
716683566035,7623
716683665937,7626
716683765839,7614
716683865741,7637
716683965643,7628
716684065545,7682
716684165447,7623
716684265349,7623
716684365251,7697
716684465153,7618
716684565055,7612
716684664957,7665
716684764859,7626
716684864761,7673
716684964663,7630
716685064565,7617
716685164467,7624
716685264369,7643
716685364271,7685
716685464173,7635
716685564075,7624
716685663977,7680
716685763879,7623
716685863781,7625
716685963683,7627
716686063585,7629
716686163487,7616
716686263389,7633
716686363291,7700
716686463193,7679
716686563095,7632
716686662997,7671
716686762899,7626
716686862801,7632
716686962703,7610
716687062605,7631
716687162507,7626
716687262409,7663
716687362311,7680
716687462213,7633
716687562115,7622
716687662017,7616
716687761919,7625
716687861821,7621
716687961723,7627
716688061625,7680
716688161527,7622
716688261429,7670
716688361331,7637
716688461233,7662
716688561135,7656
716688661037,7707
716688760939,7619
716688860841,7684
716688960743,7631
716689060645,7636
716689160547,7620
716689260449,7616
716689360351,7637
716689460254,7610
716689560157,7880
716689660059,7638
716689759962,7630
716689859864,7610
716689959766,7665
716690059668,7639
716690159570,7623
716690259472,7619
716690359374,7625
716690459276,8030
716690559179,7697
716690659081,7729
716690758983,7636
716690858885,7627
716690958787,7667
716691058689,7630
716691158591,7633
716691258493,7632
716691358395,7621
716691458297,7657
716691558199,7708
716691658101,7613
716691758004,7620
716691857906,7651
716691957808,7666
716692057710,7639
716692157612,7617
716692257514,7637
716692357416,7631
716692457318,7661
716692557220,7672
716692657122,7696
716692757024,7625
716692856926,7635
716692956828,7664
716693056730,7612
716693156632,7639
716693256534,7641
716693356436,7634
716693456338,7655
716693556240,7637
716693656142,7630
716693756044,7620
716693855946,7578
716693955848,7660
716694055750,7607
716694155652,7619
716694255554,7631
716694355456,7629
716694455358,7717
716694555260,7621
716694655162,7748
716694755064,7678
716694854966,7627
716694954868,7669
716695054786,7634
716695154688,7633
716695254590,7633
716695354492,7613
716695454394,7696
716695554296,7626
716695654198,7612
716695754100,7631
716695854006,7617
716695953908,7680
716696053810,7629
716696153712,7611
716696253614,7623
716696353516,7613
716696453418,7727
716696553320,7623
716696653222,7730
716696753124,7630
716696853026,7640
716696952928,7671
716697052830,7670
716697152732,7640
716697252634,7776
716697352536,7617
716697452438,7737
716697552340,7644
716697652242,7634
716697752144,7614
716697852046,7629
716697951948,7647
716698051850,7623
716698151752,7614
716698251654,7634
716698351556,7628
716698451458,7737
716698551360,7624
716698651262,7692
716698751164,7617
716698851066,7632
716698950968,7641
716699050870,7624
716699150772,7624
716699250674,7635
716699350576,7617
716699450486,7721
716699550391,7714
716699650293,7624
716699750197,7622
716699850099,7664
716699950004,7649
716700049906,7665
716700149808,7706
716700249710,7622
716700349612,7627
716700449514,7731
716700549416,7625
716700649318,7710
716700749220,7926
716700849122,7678
716700949024,7646
716701048926,7626
716701148828,7638
716701248730,7627
716701348632,7617
716701448534,7723
716701548436,7635
716701648338,7691
716701748240,7664
716701848142,7625
716701948044,7645
716702047946,7622
716702147848,7939
716702247750,7636
716702347652,7622
716702447554,7687
716702547456,7622
716702647358,7662
716702747260,7629
716702847162,7626
716702947064,7651
716703046966,7628
716703146868,7617
716703246770,7680
716703346672,7629
716703446574,7646
716703546476,7630
716703646378,7631
716703746280,7620
716703846182,7619
716703946084,7618
716704045987,7678
716704145889,7629
716704245791,7614
716704345693,7620
716704445595,7619
716704545497,7627
716704645399,7609
716704745301,7640
716704845203,7671
716704945105,7630
716705045007,7625
716705144909,7626
716705244811,7622
716705344713,7620
716705444615,7622
716705544517,7619
716705644419,7676
716705744321,7617
716705844223,7623
716705944125,7615
716706044027,7629
716706143929,7641
716706243831,7625
716706343733,7627
716706443635,7698
716706543537,7636
716706643439,7621
716706743341,7621
716706843243,7623
716706943145,7618
716707043047,7626
716707142949,7626
716707242851,7681
716707342753,7627
716707442655,7616
716707542557,7620
716707642459,7624
716707742361,7631
716707842263,7615
716707942165,7598
716708042067,7673
716708141969,7624
716708241871,7636
716708341773,7634
716708441675,7636
716708541577,7628
716708641479,7618
716708741381,7628
716708841283,7699
716708941185,7618
716709041087,7619
716709140989,7638
716709240891,7622
716709340793,7631
716709440695,7736
716709540599,7628
716709640501,7675
716709740403,7604
716709840305,7650
716709940207,7622
716710040109,7635
716710140011,7643
716710239913,7621
716710339815,7608
716710439717,7630
716710539619,7634
716710639521,7619
716710739423,7626
716710839325,7665
716710939227,7630
716711039129,7630
716711139031,7619
716711238933,7639
716711338835,7631
716711438737,7630
716711538639,7665
716711638541,7617
716711738443,7639
716711838345,7663
716711938247,7630
716712038149,7640
716712138051,7648
716712237953,7624
716712337855,7616
716712437757,7618
716712537664,7657
716712637566,7640
716712737468,7642
716712837370,7648
716712937272,7618
716713037174,7631
716713137076,7633
716713236978,7627
716713336880,7630
716713436782,7622
716713536684,7656
716713636586,7634
716713736488,7631
716713836390,7620
716713936292,7611
716714036194,7638
716714136096,7621
716714235998,7616
716714335900,7620
716714435802,7649
716714535704,7655
716714635606,7612
716714735508,7624
716714835410,7641
716714935312,7618
716715035214,7606
716715135116,7630
716715235018,7626
716715334920,7630
716715434822,7613
716715534724,7654
716715634626,7640
716715734528,7623
716715834430,7642
716715934332,7648
716716034234,7642
716716134136,7630
716716234038,7616
716716333940,7626
716716433842,7616
716716533744,7615
716716633646,7626
716716733548,7626
716716833450,7640
716716933352,7624
716717033254,7644
716717133156,7630
716717233058,7616
716717332960,7646
716717432862,7635
716717532764,7618
716717632666,7647
716717732586,7626
716717832488,7625
716717932390,7627
716718032292,7629
716718132194,7636
716718232096,7636
716718331998,7613
716718431900,7631
716718531802,7617
716718631704,7617
716718731606,7629
716718831508,7635
716718931410,7634
716719031312,7627
716719131214,7623
716719231116,7631
716719331018,7624
716719430920,7616
716719530824,7723
716719630726,7622
716719730628,7629
716719830530,7635
716719930432,7631
716720030334,7676
716720130238,7627
716720230140,7614
716720330042,7631
716720429944,7632
716720529846,7631
716720629748,7618
716720729650,7637
716720829552,7681
716720929454,7623
716721029356,7625
716721129258,7624
716721229160,7622
716721329062,7623
716721428964,7642
716721528866,7622
716721628768,7689
716721728670,7622
716721828572,7626
716721928474,7632
716722028376,7624
716722128278,7624
716722228180,7617
716722328082,7628
716722427984,7682
716722527886,7625
716722627788,7645
716722727690,7632
716722827592,7629
716722927494,7618
716723027396,7625
716723127298,7619
716723227200,7675
716723327102,7613
716723427004,7629
716723526906,7624
716723626808,7631
716723726710,7629
716723826612,7629
716723926514,7647
716724026416,7679
716724126318,7621
716724226220,7605
716724326122,7620
716724426024,7610
716724525926,7643
716724625828,7614
716724725730,7625
716724825632,7662
716724925534,7614
716725025436,7619
716725125338,7611
716725225240,7619
716725325142,7621
716725425044,7622
716725524946,7638
716725624848,7677
716725724750,7619
716725824652,7633
716725924554,7627
716726024456,7629
716726124358,7619
716726224260,7632
716726324162,7631
716726424064,7667
716726523966,7613
716726623868,7620
716726723770,7625
716726823672,7622
716726923574,7625
716727023476,7624
716727123378,7631
716727223280,7628
716727323182,7619
716727423084,7622
716727522986,7634
716727622888,7620
716727722790,7632
716727822692,7625
716727922594,7623
716728022496,7675
716728122398,7636
716728222300,7615
716728322202,7620
716728422104,7630
716728522006,7631
716728621908,7661
716728721810,7616
716728821712,7671
716728921614,7624
716729021516,7621
716729121418,7658
716729221320,7614
716729321222,7635
716729421124,7626
716729521029,7727
716729620931,7645
716729720833,7632
716729820735,7629
716729920637,7627
716730020541,7632
716730120443,7663
716730220345,7617
716730320247,7636
716730420149,7654
716730520051,7625
716730619953,7681
716730719855,7623
716730819757,7619
716730919659,7635
716731019561,7640
716731119463,7651
716731219365,7644
716731319267,7628
716731419169,7622
716731519071,7626
716731618973,7629
716731718875,7615
716731818777,7631
716731918679,7622
716732018581,7645
716732118483,7673
716732218385,7620
716732318287,7628
716732418189,7614
716732518091,7613
716732617993,7625
716732717895,7635
716732817797,7636
716732917699,7617
716733017601,7611
716733117503,7638
716733217405,7629
716733317307,7623
716733417209,7625
716733517111,7627
716733617013,7641
716733716915,7628
716733816817,7611
716733916719,7623
716734016621,7618
716734116523,7631
716734216425,7607
716734316327,7612
716734416229,7627
716734516131,7616
716734616033,7612
716734715935,7613
716734815837,7623
716734915739,7626
716735015641,7619
716735115543,7622
716735215445,7645
716735315347,7615
716735415249,7634
716735515151,7623
716735615053,7634
716735714955,7597
716735814857,7622
716735914759,7613
716736014661,7624
716736114563,7606
716736214465,7622
716736314367,7727
716736414269,7611
716736514171,7635
716736614073,7623
716736713975,7626
716736813877,7637
716736913779,7634
716737013681,7614
716737113583,7617
716737213485,7630
716737313387,7621
716737413289,7627
716737513191,7618
716737613093,7646
716737712995,7617
716737812897,7618
716737912799,7639
716738012701,7622
716738112603,7617
716738212505,7623
716738312407,7621
716738412309,7705
716738512211,7643
716738612113,7643
716738712015,7623
716738811917,7612
716738911819,7633
716739011721,7705
716739111623,7623
716739211525,7629
716739311427,7625
716739411329,7620
716739511234,7795
716739611136,7621
716739711038,7632
716739810940,7625
716739910842,7623
716740010745,7766
716740110647,7629
716740210549,7627
716740310451,7674
716740410353,7628
716740510270,7694
716740610172,7635
716740710074,7630
716740809976,7663
716740909878,7622
716741009780,7670
716741109682,7620
716741209584,7618
716741309486,7631
716741409388,7618
716741509290,7628
716741609192,7668
716741709094,7590
716741808996,7631
716741908898,7629
716742008800,7614
716742108702,7626
716742208604,7637
716742308506,7626
716742408408,7679
716742508310,7626
716742608212,7619
716742708114,7625
716742808016,7619
716742907918,7623
716743007820,7626
716743107722,7624
716743207624,7660
716743307526,7624
716743407428,7628
716743507330,7630
716743607232,7638
716743707134,7904
716743807036,7613
716743906938,7625
716744006840,7673
716744106742,7615
716744206644,7628
716744306546,7623
716744406448,7634
716744506350,7688
716744606252,7636
716744706154,7628
716744806056,7671
716744905958,7624
716745005860,7706
716745105762,7613
716745205664,7624
716745305566,7615
716745405468,7629
716745505370,7684
716745605272,7664
716745705174,7614
716745805076,7622
716745904978,7662
716746004880,7700
716746104782,7625
716746204684,7669
716746304586,7612
716746404488,7676
716746504390,7598
716746604292,7623
716746704194,7618
716746804096,7608
716746903998,7618
716747003900,7621
716747103802,7625
716747203704,7737
716747303606,7626
716747403508,7621
716747503410,7630
716747603312,7628
716747703214,7643
716747803116,7627
716747903018,7630
716748002920,7676
716748102822,7626
716748202724,7680
716748302626,7614
716748402528,7625
716748502430,7615
716748602332,7626
716748702234,7648
716748802136,7679
716748902038,7636
716749001940,7627
716749101842,7630
716749201744,7676
716749301646,7624
716749401548,7633
716749501451,7622
716749601356,7744
716749701259,7642
716749801161,7606
716749901063,7607
716750000965,7642
716750100867,7618
716750200769,7678
716750300671,7634
716750400573,7645
716750500475,7624
716750600377,7642
716750700279,7688
716750800181,7623
716750900083,7619
716750999985,7627
716751099887,7631
716751199789,7692
716751299691,7628
716751399593,7630
716751499495,7634
716751599397,7613
716751699299,7636
716751799201,7621
716751899103,7636
716751999005,7641
716752098907,7618
716752198809,7641
716752298711,7673
716752398613,7617
716752498515,7635
716752598417,7644
716752698319,7704
716752798221,7634
716752898123,7631
716752998025,7607
716753097927,7619
716753197829,7623
716753297731,7622
716753397633,7617
716753497535,7621
716753597437,7633
716753697339,7625
716753797241,7644
716753897143,7634
716753997045,7632
716754096947,7641
716754196849,7621
716754296751,7627
716754396653,7635
716754496555,7623
716754596457,7629
716754696359,7727
716754796261,7608
716754896163,7632
716754996065,7604
716755095967,7631
716755195869,7637
716755295771,7621
716755395673,7623
716755495575,7631
716755595477,7623
716755695379,7600
716755795281,7620
716755895183,7625
716755995085,7628
716756094987,7639
716756194889,7619
716756294791,7635
716756394693,7621
716756494595,7627
716756594497,7616
716756694399,7729
716756794301,7635
716756894203,7636
716756994105,7613
716757094007,7621
716757193909,7607
716757293811,7700
716757393713,7615
716757493615,7620
716757593517,7645
716757693419,7617
716757793321,7624
716757893223,7624
716757993125,7641
716758093027,7640
716758192929,7626
716758292831,7622
716758392733,7647
716758492635,7628
716758592537,7619
716758692439,7707
716758792341,7625
716758892243,7617
716758992145,7626
716759092047,7620
716759191949,7644
716759291851,7630
716759391753,7626
716759491656,7607
716759591560,7721
716759691464,7618
716759791366,7615
716759891268,7636
716759991170,7673
716760091072,7616
716760190974,7629
716760290876,7630
716760390778,7634
716760490680,7623
716760590582,7631
716760690484,7723
716760790386,7687
716760890288,7622
716760990190,7660
716761090092,7629
716761189994,7622
716761289896,7623
716761389798,7629
716761489700,7631
716761589602,7692
716761689504,7633
716761789406,7627
716761889308,7622
716761989210,7617
716762089112,7630
716762189014,7927
716762288916,7627
716762388818,7672
716762488720,7629
716762588622,7624
716762688524,7754
716762788426,7632
716762888328,7617
716762988230,7629
716763088132,7629
716763188049,7692
716763287951,7622
716763387853,7595
716763487755,7629
716763587657,7621
716763687559,7625
716763787461,7633
716763887363,7623
716763987266,7680
716764087168,7629
716764187070,7628
716764286972,7638
716764386874,7622
716764486776,7619
716764586678,7612
716764686580,7704
716764786482,7687
716764886384,7631
716764986286,7623
716765086188,7837
716765186090,7623
716765285992,7626
716765385894,7622
716765485796,7613
716765585698,7683
716765685600,7626
716765785502,7629
716765885404,7628
716765985306,7616
716766085208,7627
716766185110,7609
716766285012,7622
716766384914,7669
716766484816,7614
716766584718,7678
716766684620,7695
716766784522,7612
716766884424,7615
716766984326,7619
716767084228,7625
716767184130,7684
716767284032,7619
716767383934,7632
716767483836,7630
716767583738,7624
716767683640,7629
716767783542,7633
716767883444,7623
716767983346,7698
716768083248,7615
716768183150,7620
716768283052,7621
716768382954,7632
716768482856,7633
716768582758,7637
716768682660,7652
716768782562,7668
716768882464,7625
716768982366,7626
716769082268,7616
716769182170,7623
716769282072,7632
716769381974,7643
716769481877,7617
716769581780,7839
716769681684,7625
716769781586,7624
716769881488,7626
716769981390,7624
716770081292,7633
716770181194,7612
716770281096,7619
716770380998,7630
716770480900,7632
716770580802,7640
716770680704,7634
716770780606,7621
716770880508,7633
716770980410,7618
716771080312,7634
716771180214,7640
716771280116,7620
716771380018,7623
716771479922,7637
716771579824,7619
716771679726,7628
716771779628,7633
716771879530,7625
716771979432,7633
716772079334,7627
716772179236,7626
716772279138,7633
716772379040,7635
716772478942,7621
716772578844,7630
716772678746,7625
716772778648,7635
716772878550,7627
716772978452,7623
716773078354,7620
716773178256,7622
716773278158,7636
716773378060,7616
716773477962,7624
716773577864,7645
716773677766,7613
716773777668,7612
716773877570,7630
716773977472,7640
716774077374,7625
716774177276,7636
716774277178,7614
716774377080,7634
716774476982,7620
716774576884,7617
716774676786,7633
716774776688,7626
716774876590,7641
716774976492,7624
716775076394,7678
716775176296,7630
716775276198,7632
716775376100,7610
716775476004,7615
716775575906,7621
716775675808,7611
716775775710,7618
716775875612,7617
716775975514,7639
716776075416,7579
716776175318,7617
716776275220,7632
716776375122,7614
716776475024,7621
716776574926,7616
716776674828,7608
716776774730,7641
716776874632,7620
716776974534,7620
716777074436,7626
716777174338,7617
716777274240,7616
716777374142,7616
716777474044,7623
716777573946,7631
716777673848,7615
716777773750,7616
716777873652,7641
716777973554,7626
716778073456,7641
716778173358,7623
716778273260,7638
716778373162,7632
716778473064,7621
716778572966,7651
716778672868,7642
716778772770,7626
716778872672,7634
716778972574,7625
716779072476,7616
716779172378,7638
716779272280,7627
716779372182,7624
716779472084,7612
716779571989,7724
716779671893,7636
716779771795,7628
716779871697,7628
716779971599,7670
716780071501,7623
716780171403,7620
716780271305,7623
716780371207,7624
716780471109,7633
716780571011,7673
716780670913,7633
716780770815,7721
716780870717,7627
716780970619,7625
716781070521,7622
716781170423,7634
716781270325,7624
716781370227,7626
716781470129,7637
716781570031,7683
716781669933,7636
716781769835,7670
716781869737,7634
716781969639,7629
716782069541,7629
716782169443,7641
716782269345,7625
716782369247,7793
716782469149,7617
716782569051,7628
716782668954,7632
716782768856,7655
716782868758,7643
716782968660,7634
716783068562,7633
716783168464,7678
716783268366,7630
716783368268,7750
716783468170,7619
716783568072,7623
716783667974,7627
716783767876,7665
716783867778,7625
716783967680,7673
716784067582,7622
716784167484,7611
716784267386,7636
716784367288,7702
716784467190,7630
716784567092,7638
716784666994,7639
716784766896,7724
716784866798,7620
716784966700,7641
716785066602,7629
716785166504,7628
716785266406,7623
716785366308,7701
716785466210,7632
716785566112,7660
716785666014,7617
716785765916,7638
716785865818,7628
716785965735,7620
716786065637,7619
716786165539,7627
716786265441,7632
716786365343,7749
716786465245,7617
716786565147,7616
716786665049,7669
716786764951,7621
716786864853,7630
716786964755,7633
716787064657,7631
716787164559,7688
716787264461,7619
716787364363,7712
716787464265,7648
716787564167,7654
716787664069,7620
716787763971,7629
716787863873,7615
716787963775,7672
716788063677,7622
716788163579,7621
716788263481,7629
716788363383,7705
716788463285,7649
716788563187,7658
716788663089,7681
716788762993,7684
716788862895,7614
716788962797,7639
716789062699,7619
716789162601,7636
716789262503,7638
716789362405,7690
716789462307,7657
716789562212,7758
716789662116,7623
716789762018,7636
716789861920,7628
716789961822,7626
716790061724,7625
716790161626,7637
716790261528,7609
716790361430,7643
716790461332,7657
716790561234,7659
716790661136,7705
716790761038,7624
716790860940,7621
716790960842,7631
716791060744,7626
716791160646,7644
716791260548,7611
716791360450,7635
716791460352,7662
716791560254,7691
716791660156,7612
716791760058,7615
716791859960,7620
716791959862,7682
716792059764,7626
716792159666,7624
716792259568,7631
716792359470,7616
716792459372,7665
716792559274,7702
716792659176,7733
716792759078,7637
716792858980,7626
716792958882,7669
716793058784,7633
716793158686,7631
716793258588,7640
716793358490,7614
716793458392,7613
716793558294,7635
716793658196,7626
716793758098,7617
716793858004,7618
716793957906,7665
716794057808,7615
716794157710,7614
716794257612,7641
716794357514,7633
716794457416,7629
716794557318,7622
716794657220,7700
716794757122,7618
716794857024,7613
716794956926,7670
716795056828,7615
716795156730,7645
716795256632,7624
716795356534,7617
716795456436,7642
716795556338,7632
716795656240,7617
716795756142,7633
716795856044,7623
716795955946,7690
716796055848,7614
716796155750,7654
716796255652,7683
716796355554,7614
716796455456,7704
716796555358,7614
716796655260,7748
716796755162,7632
716796855064,7635
716796954966,7668
716797054868,7630
716797154770,7613
716797254672,7623
716797354574,7629
716797454476,7714
716797554378,7635
716797654280,7631
716797754182,7637
716797854084,7630
716797953986,7683
716798053888,7620
716798153790,7626
716798253692,7619
716798353594,7635
716798453496,7731
716798553398,7628
716798653300,7723
716798753202,7633
716798853104,7623
716798953006,7670
716799052908,7615
716799152810,7674
716799252712,7643
716799352614,7652
716799452516,7716
716799552421,7731
716799652324,7660
716799752226,7621
716799852128,7657
716799952030,7762
716800051932,7623
716800151834,7633
716800251736,7627
716800351638,7608
716800451540,7729
716800551442,7631
716800651344,7727
716800751246,7678
716800851148,7615
716800951050,7638
716801050952,7628
716801150854,7625
716801250756,7635
716801350658,7622
716801450560,7718
716801550462,7674
716801650364,7632
716801750266,7634
716801850168,7627
716801950070,7635
716802049972,7618
716802149874,7622
716802249776,7636
716802349678,7671
716802449580,7726
716802549482,7628
716802649384,7697
716802749286,7633
716802849188,7639
716802949090,7638
716803048992,7629
716803148894,7672
716803248796,7642
716803348698,7617
716803448600,7731
716803548502,7625
716803648404,7625
716803748306,7628
716803848208,7628
716803948110,7695
716804048012,7632
716804147914,7616
716804247816,7640
716804347718,7621
716804447620,7650
716804547522,7624
716804647424,7669
716804747326,7665
716804847228,7625
716804947130,7642
716805047032,7623
716805146934,7624
716805246836,7628
716805346738,7628
716805446640,7636
716805546542,7679
716805646444,7638
716805746346,7620
716805846248,7639
716805946150,7627
716806046052,7620
716806145954,7629
716806245856,7627
716806345758,7675
716806445660,7619
716806545562,7616
716806645464,7638
716806745366,7623
716806845268,7628
716806945170,7617
716807045072,7631
716807144974,7670
716807244876,7622
716807344778,7630
716807444680,7619
716807544582,7628
716807644484,7628
716807744386,7613
716807844288,7611
716807944190,7662
716808044092,7616
716808143994,7663
716808243896,7634
716808343798,7621
716808443700,7630
716808543602,7623
716808643520,7637
716808743422,7665
716808843324,7629
716808943226,7624
716809043128,7630
716809143030,7629
716809242932,7639
716809342834,7633
716809442737,7612
716809542642,7728
716809642546,7627
716809742448,7629
716809842350,7636
716809942252,7618
716810042154,7623
716810142056,7618
716810241958,7630
716810341860,7642
716810441762,7618
716810541664,7672
716810641566,7646
716810741468,7633
716810841370,7624
716810941272,7634
716811041174,7637
716811141076,7633
716811240978,7617
716811340880,7622
716811440782,7616
716811540684,7675
716811640586,7631
716811740488,7636
716811840390,7625
716811940292,7640
716812040194,7609
716812140096,7620
716812239998,7614
716812339900,7620
716812439802,7634
716812539704,7663
716812639606,7624
716812739508,7646
716812839410,7620
716812939312,7618
716813039214,7637
716813139116,7635
716813239018,7625
716813338920,7624
716813438822,7631
716813538724,7677
716813638626,7640
716813738528,7630
716813838430,7622
716813938332,7636
716814038234,7628
716814138136,7607
716814238038,7627
716814337940,7641
716814437842,7633
716814537744,7657
716814637646,7634
716814737548,7640
716814837450,7632
716814937352,7666
716815037254,7626
716815137156,7648
716815237058,7610
716815336960,7617
716815436862,7634
716815536764,7663
716815636666,7633
716815736568,7640
716815836470,7639
716815936372,7641
716816036274,7628
716816136176,7632
716816236078,7629
716816335980,7632
716816435882,7623
716816535784,7615
716816635686,7678
716816735588,7641
716816835490,7619
716816935392,7633
716817035294,7625
716817135196,7619
716817235098,7630
716817335003,7611
716817434905,7615
716817534807,7631
716817634709,7623
716817734611,7634
716817834513,7625
716817934415,7617
716818034317,7613
716818134219,7620
716818234121,7630
716818334023,7573
716818433925,7618
716818533827,7619
716818633729,7633
716818733631,7632
716818833533,7626
716818933435,7618
716819033337,7627
716819133239,7646
716819233141,7607
716819333043,7621
716819432945,7686
716819532849,7723
716819632751,7620
716819732655,7634
716819832557,7614
716819932459,7680
716820032361,7632
716820132263,7652
716820232165,7621
716820332067,7641
716820431969,7619
716820531871,7636
716820631773,7621
716820731675,7683
716820831577,7620
716820931479,7630
716821031381,7658
716821131283,7629
716821231185,7629
716821331087,7630
716821430989,7621
716821530891,7681
716821630793,7639
716821730695,7621
716821830597,7625
716821930499,7638
716822030401,7637
716822130303,7632
716822230205,7926
716822330107,7989
716822430009,7615
716822529911,7632
716822629813,7633
716822729715,7629
716822829617,7621
716822929519,7620
716823029421,7625
716823129323,7667
716823229225,7621
716823329127,7612
716823429029,7618
716823528931,7631
716823628833,7626
716823728735,7643
716823828637,7631
716823928539,7695
716824028442,7629
716824128344,7619
716824228246,7633
716824328148,7629
716824428050,7624
716824527952,7613
716824627854,7623
716824727756,7684
716824827658,7619
716824927560,7626
716825027462,7619
716825127364,7623
716825227266,7616
716825327168,7632
716825427070,7618
716825526972,7698
716825626874,7630
716825726776,7631
716825826678,7620
716825926580,7636
716826026482,7619
716826126384,7632
716826226286,7624
716826326188,7680
716826426090,7618
716826525992,7644
716826625894,7629
716826725796,7624
716826825698,7619
716826925600,7612
716827025502,7621
716827125404,7684
716827225306,7623
716827325208,7623
716827425110,7632
716827525012,7620
716827624914,7632
716827724816,7620
716827824718,7617
716827924620,7671
716828024522,7625
716828124424,7621
716828224326,7613
716828324228,7614
716828424130,7628
716828524032,7640
716828623934,7623
716828723836,7689
716828823738,7617
716828923640,7625
716829023542,7639
716829123444,7629
716829223346,7617
716829323248,7611
716829423150,7614
716829523054,7715
716829622958,7627
716829722860,7618
716829822762,7625
716829922664,7615
716830022566,7622
716830122468,7654
716830222370,7623
716830322272,7635
716830422174,7623
716830522076,7635
716830621978,7630
716830721880,7622
716830821782,7636
716830921684,7646
716831021586,7637
716831121488,7655
716831221390,7623
716831321292,7616
716831421210,7614
716831521112,7638
716831621014,7643
716831720916,7619
716831820818,7623
716831920720,7643
716832020622,7639
716832120524,7635
716832220426,7644
716832320328,7688
716832420230,7654
716832520132,7630
716832620034,7640
716832719936,7641
716832819838,7636
716832919740,7612
716833019642,7617
716833119544,7621
716833219446,7625
716833319348,7610
716833419250,7631
716833519152,7634
716833619054,7665
716833718956,7629
716833818858,7622
716833918760,7617
716834018662,7610
716834118564,7630
716834218466,7639
716834318368,7642
716834418270,7630
716834518172,7619
716834618074,7630
716834717976,7628
716834817878,7633
716834917780,7626
716835017682,7626
716835117584,7639
716835217486,7627
716835317388,7603
716835417290,7620
716835517192,7635
716835617094,7615
716835716996,7621
716835816898,7629
716835916800,7634
716836016702,7610
716836116604,7607
716836216506,7626
716836316408,7653
716836416310,7622
716836516212,7622
716836616114,7612
716836716016,7632
716836815918,7629
716836915820,7638
716837015722,7623
716837115624,7614
716837215526,7614
716837315428,7612
716837415330,7633
716837515232,7633
716837615134,7618
716837715036,7623
716837814938,7620
716837914840,7652
716838014742,7613
716838114644,7629
716838214546,7614
716838314448,7630
716838414350,7618
716838514252,7624
716838614154,7610
716838714056,7614
716838813958,7609
716838913860,7655
716839013762,7608
716839113664,7633
716839213566,7612
716839313468,7678
716839413370,7628
716839513273,7720
716839613175,7622
716839713077,7629
716839812980,7629
716839912882,7706
716840012784,7671
716840112686,7626
716840212588,7625
716840312490,7611
716840412392,7637
716840512295,7652
716840612197,7620
716840712099,7674
716840812004,7626
716840911906,7641
716841011808,7703
716841111710,7636
716841211612,7616
716841311514,7622
716841411416,7621
716841511318,7752
716841611220,7627
716841711122,7624
716841811024,7635
716841910926,7642
716842010828,7704
716842110730,7625
716842210632,7753
716842310534,7862
716842410436,7635
716842510338,7759
716842610240,7633
716842710142,7625
716842810044,7622
716842909946,7620
716843009848,7671
716843109750,7682
716843209652,7967
716843309554,7612
716843409456,7636
716843509358,7615
716843609260,7628
716843709162,7620
716843809064,7627
716843908966,7670
716844008868,7640
716844108770,7624
716844208672,7625
716844308574,7671
716844408476,7625
716844508378,7609
716844608280,7622
716844708182,7680
716844808084,7631
716844907986,7633
716845007888,7630
716845107790,7613
716845207692,7666
716845307594,7619
716845407496,7631
716845507398,7675
716845607300,7614
716845707202,7629
716845807104,7626
716845907006,7637
716846006908,7620
716846106810,7614
716846206712,7668
716846306614,7681
716846406516,7632
716846506418,7666
716846606320,7626
716846706222,7626
716846806124,7635
716846906026,7629
716847005928,7700
716847105830,7689
716847205732,7660
716847305634,7618
716847405536,7622
716847505438,7704
716847605340,7619
716847705242,7609
716847805144,7680
716847905046,7660
716848004948,7694
716848104850,7622
716848204752,7659
716848304654,7612
716848404556,7622
716848504458,7625
716848604360,7620
716848704262,7674
716848804164,7619
716848904066,7619
716849003968,7622
716849103870,7622
716849203772,7670
716849303674,7611
716849403576,7639
716849503481,7747
716849603383,7631
716849703285,7637
716849803187,7629
716849903089,7623
716850002991,7625
716850102893,7631
716850202795,7682
716850302697,7642
716850402599,7634
716850502501,7651
716850602403,7628
716850702305,7638
716850802207,7633
716850902109,7628
716851002011,7628
716851101913,7636
716851201815,7635
716851301717,7615
716851401619,7652
716851501521,7631
716851601423,7639
716851701325,7637
716851801227,7615
716851901129,7642
716852001031,7616
716852100933,7621
716852200835,7639
716852300737,7633
716852400639,7616
716852500541,7628
716852600443,7611
716852700345,7710
716852800247,7635
716852900149,7634
716853000051,7620
716853099953,7639
716853199855,7645
716853299757,7629
716853399659,7964
716853499561,7644
716853599463,7627
716853699365,7640
716853799267,7631
716853899169,7621
716853999071,7633
716854098973,7627
716854198890,7649
716854298792,7637
716854398694,7625
716854498596,7619
716854598498,7675
716854698400,7700
716854798302,7642
716854898204,7622
716854998106,7608
716855098008,7636
716855197910,7629
716855297812,7624
716855397714,7634
716855497616,7631
716855597518,7614
716855697420,7634
716855797322,7613
716855897224,7647
716855997126,7612
716856097028,7611
716856196930,7637
716856296832,7634
716856396734,7635
716856496636,7625
716856596538,7623
716856696440,7745
716856796342,7597
716856896244,7611
716856996146,7620
716857096048,7624
716857195950,7617
716857295852,7624
716857395754,7620
716857495656,7635
716857595558,7622
716857695460,7606
716857795362,7621
716857895264,7611
716857995166,7623
716858095068,7615
716858194970,7621
716858294872,7666
716858394774,7622
716858494676,7625
716858594578,7625
716858694480,7736
716858794382,7614
716858894284,7638
716858994186,7620
716859094088,7634
716859193990,7621
716859293892,7622
716859393794,7620
716859493697,7598
716859593602,7672
716859693504,7632
716859793407,7618
716859893309,7685
716859993211,7625
716860093113,7634
716860193015,7639
716860292917,7637
716860392819,7612
716860492721,7619
716860592623,7613
716860692525,7768
716860792427,7619
716860892329,7625
716860992231,7615
716861092133,7619
716861192035,7639
716861291937,7616
716861391839,7615
716861491741,7664
716861591643,7618
716861691545,7627
716861791447,7633
716861891349,7626
716861991251,7629
716862091153,7616
716862191055,7619
716862290957,7686
716862390859,7632
716862490761,7635
716862590663,7626
716862690565,7720
716862790467,7635
716862890369,7636
716862990271,7624
716863090173,7660
716863190075,7623
716863289977,7630
716863389879,7629
716863489781,7615
716863589683,7626
716863689585,7617
716863789487,7956
716863889389,7670
716863989291,7617
716864089193,7624
716864189095,7623
716864288997,7634
716864388899,7626
716864488801,7628
716864588703,7637
716864688605,7784
716864788507,7615
716864888409,7625
716864988311,7621
716865088213,7749
716865188115,7630
716865288017,7635
716865387919,7621
716865487821,7688
716865587723,7622
716865687625,7638
716865787527,7619
716865887429,7630
716865987331,7614
716866087234,7627
716866187136,7616
716866287038,7667
716866386940,7631
716866486842,7621
716866586744,7626
716866686646,7698
716866786549,7638
716866886451,7624
716866986353,7616
716867086255,7661
716867186157,7628
716867286059,7621
716867385961,7617
716867485863,7622
716867585765,7627
716867685667,7613
716867785569,7617
716867885471,7674
716867985373,7625
716868085275,7633
716868185177,7620
716868285079,7624
716868384981,7628
716868484883,7619
716868584785,7637
716868684687,7748
716868784589,7620
716868884491,7629
716868984393,7641
716869084295,7622
716869184197,7625
716869284099,7616
716869384006,7624
716869483908,7681
716869583813,7699
716869683715,7624
716869783618,7637
716869883520,7631
716869983422,7636
716870083324,7650
716870183226,7628
716870283128,7642
716870383030,7627
716870482932,7632
716870582834,7639
716870682736,7651
716870782638,7627
716870882540,7627
716870982442,7632
716871082344,7651
716871182246,7638
716871282148,7615
716871382050,7625
716871481952,7620
716871581854,7636
716871681756,7622
716871781658,7623
716871881560,7643
716871981462,7645
716872081364,7640
716872181266,7626
716872281168,7636
716872381070,7643
716872480972,7617
716872580874,7633
716872680776,7640
716872780678,7632
716872880580,7608
716872980482,7635
716873080384,7623
716873180286,7617
716873280188,7623
716873380090,7618
716873479992,7640
716873579894,7629
716873679796,7632
716873779698,7634
716873879600,7639
716873979502,7626
716874079404,7620
716874179306,7621
716874279208,7625
716874379110,7632
716874479012,7604
716874578914,7624
716874678816,7614
716874778718,7623
716874878620,7627
716874978522,7630
716875078424,7765
716875178326,7621
716875278228,7623
716875378130,7635
716875478032,7627
716875577934,7621
716875677836,7616
716875777738,7628
716875877640,7636
716875977542,7616
716876077444,7633
716876177346,7638
716876277248,7624
716876377150,7625
716876477052,7611
716876576954,7624
716876676856,7645
716876776758,7618
716876876674,7629
716876976576,7627
716877076478,7615
716877176380,7630
716877276282,7624
716877376184,7642
716877476086,7630
716877575988,7585
716877675890,7615
716877775792,7633
716877875694,7620
716877975596,7640
716878075498,7627
716878175400,7621
716878275302,7631
716878375204,7617
716878475106,7628
716878575008,7624
716878674910,7621
716878774812,7613
716878874714,7617
716878974616,7621
716879074518,7638
716879174420,7617
716879274322,7635
716879374224,7626
716879474126,7618
716879574031,7698
716879673933,7635
716879773836,7657
716879873738,7670
716879973640,7627
716880073542,7632
716880173444,7625
716880273346,7633
716880373248,7641
716880473150,7638
716880573052,7621
716880672954,7633
716880772856,7658
716880872758,7617
716880972660,7626
716881072562,7627
716881172464,7624
716881272366,7623
716881372268,7622
716881472170,7689
716881572072,7620
716881671974,7629
716881771876,7674
716881871778,7639
716881971680,7630
716882071582,7615
716882171484,7933
716882271386,7677
716882371288,7631
716882471190,7615
716882571092,7628
716882670994,7639
716882770896,7662
716882870798,7628
716882970700,7632
716883070602,7674
716883170504,7630
716883270406,7629
716883370308,7658
716883470210,7619
716883570112,7634
716883670014,7634
716883769916,7652
716883869818,7659
716883969721,8086
716884069624,7638
716884169526,7618
716884269428,7622
716884369330,7689
716884469232,7628
716884569134,7633
716884669036,7661
716884768938,7628
716884868840,7628
716884968742,7634
716885068644,7638
716885168546,7636
716885268448,7627
716885368350,7701
716885468252,7673
716885568154,7639
716885668056,7624
716885767958,7642
716885867860,7620
716885967762,7631
716886067664,7632
716886167566,7620
716886267468,7661
716886367370,7705
716886467272,7652
716886567174,7658
716886667076,7637
716886766978,7632
716886866880,7618
716886966782,7621
716887066684,7674
716887166586,7620
716887266488,7637
716887366390,7707
716887466292,7662
716887566194,7652
716887666096,7613
716887765998,7629
716887865900,7674
716887965802,7625
716888065704,7632
716888165606,7623
716888265508,7627
716888365410,7698
716888465312,7661
716888565214,7653
716888665116,7700
716888765018,7623
716888864920,7604
716888964822,7625
716889064724,7617
716889164626,7614
716889264528,7628
716889364430,7695
716889464333,7701
716889564237,7697
716889664139,7616
716889764042,7620
716889863944,7609
716889963846,7626
716890063748,7614
716890163650,7623
716890263552,7636
716890363454,7715
716890463356,7671
716890563258,7630
716890663160,7671
716890763062,7617
716890862964,7635
716890962866,7615
716891062768,7640
716891162670,7641
716891262572,7633
716891362474,7688
716891462376,7630
716891562278,7638
716891662180,7627
716891762082,7614
716891861984,7688
716891961886,7631
716892061788,7616
716892161690,7624
716892261592,7669
716892361494,7678
716892461396,7636
716892561298,7633
716892661200,7727
716892761102,7614
716892861004,7622
716892960906,7633
716893060808,7624
716893160710,7622
716893260612,7621
716893360514,7640
716893460416,7644
716893560318,7634
716893660220,7618
716893760122,7621
716893860024,7664
716893959926,7674
716894059828,7618
716894159730,7617
716894259632,7632
716894359534,7628
716894459436,7633
716894559338,7627
716894659240,7745
716894759142,7619
716894859044,7658
716894958946,7656
716895058848,7638
716895158750,7624
716895258652,7633
716895358554,7629
716895458456,7630
716895558358,7621
716895658260,7633
716895758162,7624
716895858064,7674
716895957966,7652
716896057868,7622
716896157770,7619
716896257672,7617
716896357574,7629
716896457476,7623
716896557378,7617
716896657280,7713
716896757182,7620
716896857084,7663
716896956986,7682
716897056888,7646
716897156790,7611
716897256692,7626
716897356594,7631
716897456496,7638
716897556398,7642
716897656300,7620
716897756202,7635
716897856104,7658
716897956006,7639
716898055908,7626
716898155810,7605
716898255712,7644
716898355614,7622
716898455516,7695
716898555418,7618
716898655320,7747
716898755222,7632
716898855124,7649
716898955026,7655
716899054928,7631
716899154830,7627
716899254732,7632
716899354634,7649
