356185589779,99950
356185689744,99950
356185789696,99950
356185889648,99951
356185989599,99950
356186089550,99950
356186189502,99950
356186289454,99950
356186389406,99950
356186489357,99950
356186589309,99950
356186689261,99951
356186789213,99951
356186889164,99950
356186989115,99950
356187089066,99950
356187189017,99950
356187288968,99950
356187388920,99950
356187488871,99950
356187588822,99950
356187688773,99950
356187788724,99950
356187888675,99950
356187988626,99950
356188088578,99950
356188188529,99950
356188288480,99950
356188388432,99951
356188488383,99950
356188588334,99950
356188688286,99950
356188788237,99950
356188888188,99950
356188988140,99951
356189088092,99951
356189188044,99951
356189287995,99950
356189387947,99951
356189487899,99951
356189587850,99950
356189687801,99950
356189787752,99950
356189887704,99950
356189987655,99950
356190087606,99950
356190187558,99951
356190287510,99950
356190387462,99950
356190487413,99950
356190587364,99950
356190687315,99950
356190787266,99950
356190887217,99950
356190987168,99950
356191087119,99950
356191187070,99950
356191287022,99950
356191386974,99950
356191486925,99950
356191586876,99950
356191686828,99950
356191786780,99951
356191886731,99950
356191986682,99950
356192086633,99950
356192186584,99950
356192286535,99950
356192386487,99950
356192486439,99951
356192586391,99950
356192686342,99950
356192786293,99950
356192886244,99950
356192986195,99950
356193086146,99950
356193186098,99951
356193286050,99951
356193386005,99950
356193485956,99950
356193585907,99950
356193685858,99950
356193785810,99951
356193885762,99951
356193985713,99950
356194085664,99950
356194185615,99950
356194285567,99950
356194385519,99950
356194485470,99950
356194585421,99950
356194685372,99950
356194785324,99951
356194885275,99950
356194985226,99950
356195085177,99950
356195185129,99950
356195285080,99950
356195385032,99951
356195484983,99950
356195584934,99950
356195684886,99950
356195784838,99950
356195884790,99950
356195984742,99950
356196084694,99951
356196184645,99950
356196284596,99950
356196384548,99950
356196484499,99950
356196584450,99950
356196684401,99957
356196784360,99950
356196884312,99951
356196984263,99950
356197084214,99950
356197184166,99950
356197284117,99950
356197384069,99950
356197484020,99950
356197583971,99950
356197683922,99950
356197783873,99950
356197883824,99950
356197983775,99950
356198083726,99950
356198183677,99950
356198283629,99950
356198383581,99950
356198483532,99950
356198583483,99950
356198683434,99950
356198783385,99950
356198883336,99950
356198983287,99950
356199083239,99951
356199183190,99950
356199283142,99951
356199383093,99950
356199483044,99950
356199582995,99950
356199682946,99950
356199782897,99950
356199882848,99950
356199982800,99951
356200082751,99950
356200182702,99950
356200282653,99950
356200382605,99950
356200482556,99950
356200582507,99950
356200682458,99950
356200782409,99950
356200882360,99950
356200982311,99950
356201082262,99950
356201182213,99950
356201282165,99950
356201382117,99950
356201482068,99950
356201582019,99950
356201681970,99950
356201781921,99950
356201881873,99950
356201981824,99950
356202081775,99950
356202181726,99950
356202281678,99950
356202381630,99950
356202481581,99950
356202581532,99950
356202681484,99950
356202781435,99950
356202881386,99950
356202981338,99951
356203081289,99950
356203181240,99950
356203281191,99950
356203381143,99950
356203481094,99950
356203581045,99950
356203680996,99950
356203780947,99950
356203880898,99950
356203980850,99950
356204080802,99951
356204180753,99950
356204280704,99950
356204380656,99950
356204480607,99950
356204580558,99950
356204680510,99951
356204780461,99950
356204880412,99950
356204980363,99950
356205080314,99950
356205180265,99950
356205280216,99950
356205380168,99950
356205480120,99951
356205580071,99950
356205680022,99950
356205779974,99950
356205879926,99951
356205979878,99951
356206079830,99951
356206179782,99950
356206279734,99950
356206379686,99950
356206479638,99951
356206579590,99951
356206679542,99950
356206779493,99950
356206879445,99951
356206979396,99950
356207079347,99950
356207179323,99950
356207279275,99950
356207379227,99950
356207479179,99950
356207579131,99950
356207679083,99951
356207779034,99950
356207878985,99950
356207978936,99950
356208078887,99950
356208178838,99950
356208278789,99950
356208378741,99950
356208478692,99950
356208578643,99950
356208678594,99950
356208778545,99950
356208878496,99950
356208978447,99950
356209078399,99950
356209178350,99950
356209278301,99950
356209378253,99951
356209478204,99950
356209578155,99950
356209678106,99950
356209778057,99950
356209878008,99950
356209977959,99950
356210077910,99950
356210177861,99950
356210277813,99950
356210377765,99950
356210477716,99950
356210577667,99950
356210677619,99951
356210777570,99950
356210877521,99950
356210977473,99951
356211077425,99951
356211177376,99950
356211277328,99950
356211377280,99950
356211477231,99950
356211577182,99950
356211677134,99950
356211777086,99951
356211877037,99950
356211976988,99950
356212076939,99950
356212176890,99950
356212276841,99950
356212376793,99951
356212476745,99950
356212576696,99950
356212676647,99950
356212776598,99950
356212876549,99950
356212976500,99950
356213076451,99950
356213176402,99951
356213276355,99950
356213376307,99950
356213476258,99950
356213576209,99950
356213676160,99950
356213776112,99958
356213876072,99950
356213976023,99950
356214075974,99950
356214175926,99950
356214275878,99950
356214375830,99950
356214475781,99950
356214575732,99950
356214675684,99951
356214775635,99950
356214875586,99950
356214975537,99950
356215075488,99950
356215175439,99950
356215275390,99961
356215375353,99950
356215475304,99950
356215575255,99950
356215675206,99950
356215775158,99950
356215875110,99950
356215975062,99951
356216075014,99951
356216174966,99951
356216274918,99950
356216374870,99950
356216474822,99951
356216574773,99950
356216674725,99950
356216774677,99951
356216874629,99951
356216974580,99950
356217074532,99951
356217174484,99951
356217274435,99950
356217374387,99950
356217474339,99951
356217574290,99950
356217674242,99951
356217774193,99950
356217874144,99950
356217974095,99950
356218074046,99950
356218173997,99950
356218273949,99950
356218373901,99950
356218473852,99950
356218573803,99950
356218673755,99951
356218773707,99951
356218873658,99950
356218973609,99950
356219073560,99950
356219173512,99951
356219273463,99950
356219373415,99953
356219473370,99950
356219573321,99950
356219673272,99950
356219773224,99950
356219873175,99950
356219973126,99950
356220073078,99951
356220173029,99950
356220272980,99950
356220372932,99950
356220472883,99950
356220572834,99950
356220672785,99950
356220772736,99950
356220872687,99950
356220972638,99950
356221072589,99950
356221172540,99950
356221272492,99950
356221372444,99950
356221472395,99950
356221572346,99950
356221672299,99950
356221772251,99951
356221872203,99950
356221972155,99951
356222072106,99950
356222172057,99950
356222272009,99950
356222371961,99950
356222471912,99950
356222571863,99950
356222671815,99950
356222771766,99950
356222871717,99950
356222971668,99950
356223071619,99950
356223171570,99950
356223271521,99950
356223371473,99950
356223471424,99950
356223571376,99951
356223671327,99950
356223771279,99950
356223871230,99950
356223971181,99950
356224071132,99950
356224171084,99950
356224271036,99950
356224370988,99950
356224470940,99951
356224570891,99950
356224670842,99950
356224770793,99950
356224870744,99950
356224970695,99950
356225070647,99951
356225170598,99950
356225270549,99950
356225370501,99951
356225470452,99950
356225570403,99950
356225670354,99950
356225770305,99950
356225870256,99950
356225970208,99950
356226070160,99951
356226170112,99950
356226270064,99950
356226370016,99950
356226469968,99950
356226569920,99951
356226669872,99950
356226769823,99950
356226869774,99950
356226969726,99950
356227069677,99950
356227169628,99950
356227269579,99950
356227369531,99950
356227469482,99950
356227569433,99950
356227669385,99951
356227769336,99950
356227869287,99950
356227969238,99950
356228069190,99951
356228169141,99950
356228269092,99950
356228369044,99951
356228468995,99950
356228568946,99950
356228668898,99950
356228768871,99950
356228868823,99951
356228968775,99951
356229068726,99950
356229168677,99950
356229268628,99950
356229368580,99951
356229468531,99950
356229568482,99950
356229668434,99950
356229768385,99950
356229868336,99950
356229968288,99950
356230068239,99950
356230168191,99951
356230268143,99950
356230368095,99950
356230468047,99951
356230567998,99950
356230667949,99950
356230767901,99951
356230867852,99950
356230967803,99950
356231067754,99950
356231167705,99950
356231267658,99950
356231367610,99950
356231467561,99950
356231567512,99950
356231667463,99950
356231767414,99959
356231867375,99950
356231967327,99951
356232067278,99950
356232167230,99951
356232267181,99950
356232367133,99950
356232467084,99950
356232567035,99950
356232666987,99951
356232766938,99950
356232866889,99950
356232966840,99950
356233066791,99950
356233166742,99950
356233266693,99950
356233366645,99951
356233466597,99951
356233566548,99950
356233666499,99950
356233766450,99950
356233866401,99950
356233966352,99950
356234066303,99950
356234166254,99950
356234266206,99950
356234366158,99950
356234466110,99950
356234566061,99950
356234666012,99950
356234765964,99951
356234865915,99950
356234965866,99950
356235065818,99951
356235165770,99951
356235265722,99950
356235365674,99950
356235465625,99950
356235565576,99950
356235665527,99950
356235765478,99950
356235865429,99950
356235965381,99950
356236065333,99950
356236165285,99950
356236265237,99950
356236365189,99950
356236465141,99950
356236565093,99950
356236665044,99950
356236764996,99950
356236864947,99950
356236964898,99950
356237064849,99950
356237164800,99950
356237264751,99950
356237364703,99950
356237464654,99950
356237564606,99951
356237664558,99951
356237764510,99951
356237864461,99950
356237964412,99950
356238064364,99950
356238164316,99950
356238264268,99950
356238364220,99950
356238464172,99951
356238564124,99951
356238664076,99950
356238764028,99951
356238863979,99950
356238963930,99950
356239063881,99950
356239163832,99950
356239263783,99950
356239363735,99951
356239463686,99950
356239563637,99950
356239663588,99950
356239763539,99950
356239863490,99950
356239963441,99950
356240063392,99950
356240163343,99950
356240263294,99950
356240363246,99950
356240463198,99951
356240563149,99950
356240663101,99950
356240763053,99951
356240863005,99951
356240962956,99950
356241062907,99950
356241162858,99950
356241262811,99950
356241362763,99950
356241462714,99950
356241562665,99950
356241662617,99950
356241762569,99950
356241862520,99950
356241962471,99950
356242062422,99950
356242162373,99950
356242262324,99950
356242362276,99950
356242462228,99951
356242562179,99950
356242662131,99951
356242762082,99950
356242862033,99950
356242961984,99950
356243061935,99950
356243161886,99950
356243261837,99950
356243361789,99951
356243461740,99950
356243561691,99950
356243661642,99950
356243761593,99950
356243861544,99950
356243961495,99950
356244061446,99950
356244161397,99950
356244261348,99950
356244361300,99951
356244461251,99950
356244561202,99950
356244661154,99950
356244761106,99950
356244861057,99950
356244961009,99951
356245060960,99950
356245160911,99950
356245260862,99950
356245360814,99951
356245460766,99950
356245560717,99950
356245660668,99950
356245760619,99950
356245860570,99950
356245960521,99950
356246060472,99950
356246160424,99950
356246260376,99951
356246360328,99950
356246460280,99951
356246560232,99950
356246660184,99951
356246760135,99950
356246860086,99950
356246960037,99950
356247059988,99950
356247159939,99950
356247259890,99950
356247359842,99950
356247459793,99950
356247559744,99950
356247659695,99950
356247759646,99950
356247859597,99950
356247959548,99950
356248059500,99951
356248159451,99950
356248259402,99950
356248359353,99950
356248459304,99950
356248559255,99950
356248659206,99950
356248759158,99951
356248859109,99950
356248959060,99950
356249059011,99950
356249158963,99950
356249258914,99950
356249358866,99951
356249458817,99950
356249558768,99950
356249658719,99950
356249758670,99950
356249858622,99950
356249958573,99950
356250058524,99950
356250158475,99950
356250258447,99950
356250358399,99950
356250458350,99950
356250558301,99950
356250658253,99951
356250758204,99950
356250858155,99950
356250958106,99950
356251058057,99950
356251158008,99950
356251257961,99950
356251357913,99950
356251457864,99950
356251557815,99950
356251657767,99951
356251757718,99950
356251857669,99950
356251957621,99950
356252057572,99950
356252157523,99950
356252257474,99950
356252357426,99951
356252457378,99950
356252557329,99950
356252657280,99950
356252757232,99950
356252857183,99950
356252957134,99950
356253057085,99950
356253157037,99951
356253256988,99950
356253356940,99950
356253456891,99950
356253556843,99951
356253656794,99950
356253756745,99950
356253856696,99950
356253956647,99950
356254056598,99950
356254156549,99950
356254256501,99950
356254356453,99950
356254456404,99950
356254556355,99954
356254656311,99950
356254756263,99950
356254856214,99950
356254956166,99950
356255056117,99950
356255156068,99950
356255256019,99950
356255355971,99951
356255455923,99951
356255555874,99950
356255655825,99950
356255755777,99950
356255855728,99950
356255955679,99950
356256055631,99951
356256155583,99950
356256255535,99950
356256355487,99950
356256455439,99950
356256555391,99951
356256655343,99950
356256755295,99950
356256855246,99950
356256955198,99950
356257055150,99951
356257155101,99950
356257255052,99951
356257355005,99950
356257454956,99950
356257554907,99950
356257654858,99950
356257754809,99950
356257854760,99950
356257954711,99950
356258054663,99951
356258154615,99950
356258254566,99950
356258354518,99950
356258454469,99950
356258554420,99950
356258654371,99950
356258754323,99950
356258854274,99950
356258954226,99951
356259054177,99950
356259154128,99950
356259254079,99950
356259354031,99951
356259453982,99950
356259553933,99950
356259653884,99950
356259753835,99950
356259853786,99950
356259953737,99950
356260053688,99950
356260153639,99950
356260253590,99950
356260353542,99951
356260453493,99950
356260553444,99950
356260653396,99951
356260753347,99950
356260853298,99950
356260953249,99950
356261053200,99950
356261153152,99951
356261253104,99950
356261353056,99951
356261453007,99950
356261552959,99951
356261652910,99950
356261752861,99950
356261852813,99950
356261952764,99950
356262052715,99950
356262152666,99950
356262252617,99950
356262352569,99950
356262452520,99950
356262552471,99950
356262652423,99951
356262752375,99951
356262852326,99950
356262952277,99950
356263052228,99950
356263152179,99950
356263252130,99950
356263352082,99951
356263452033,99950
356263551984,99950
356263651935,99950
356263751886,99950
356263851837,99950
356263951788,99950
356264051739,99950
356264151691,99951
356264251642,99950
356264351594,99951
356264451546,99951
356264551497,99950
356264651448,99950
356264751399,99950
356264851356,99950
356264951307,99950
356265051259,99951
356265151210,99950
356265251162,99950
356265351114,99950
356265451065,99950
356265551016,99950
356265650967,99950
356265750918,99950
356265850869,99950
356265950820,99950
356266050771,99950
356266150722,99950
356266250673,99950
356266350625,99950
356266450577,99951
356266550529,99950
356266650480,99950
356266750432,99950
356266850383,99950
356266950334,99950
356267050285,99950
356267150236,99950
356267250187,99950
356267350138,99950
356267450089,99950
356267550040,99950
356267649991,99950
356267749942,99950
356267849893,99950
356267949844,99950
356268049795,99950
356268149746,99950
356268249697,99950
356268349649,99950
356268449600,99950
356268549551,99950
356268649502,99950
356268749453,99950
356268849404,99950
356268949355,99950
356269049306,99950
356269149257,99950
356269249208,99950
356269349159,99950
356269449110,99950
356269549061,99950
356269649012,99950
356269748963,99950
356269848914,99950
356269948865,99950
356270048816,99950
356270148767,99950
356270248718,99950
356270348670,99950
356270448621,99950
356270548572,99950
356270648523,99950
356270748474,99950
356270848425,99950
356270948376,99950
356271048327,99950
356271148278,99950
356271248230,99950
356271348182,99950
356271448133,99950
356271548084,99950
356271648035,99950
356271747986,99950
356271847956,99951
356271947907,99950
356272047859,99951
356272147810,99950
356272247761,99950
356272347713,99951
356272447664,99950
356272547615,99950
356272647566,99950
356272747517,99950
356272847468,99950
356272947419,99950
356273047370,99950
356273147321,99950
356273247272,99950
356273347224,99951
356273447175,99950
356273547126,99950
356273647077,99950
356273747029,99951
356273846980,99950
356273946931,99950
356274046882,99950
356274146833,99950
356274246784,99950
356274346736,99950
356274446687,99950
356274546638,99950
356274646589,99950
356274746540,99950
356274846491,99950
356274946442,99950
356275046393,99950
356275146344,99950
356275246295,99950
356275346247,99950
356275446198,99950
356275546149,99950
356275646100,99950
356275746052,99952
356275846004,99950
356275945955,99950
356276045906,99950
356276145857,99950
356276245808,99950
356276345760,99951
356276445712,99950
356276545664,99951
356276645616,99950
356276745568,99951
356276845519,99950
356276945471,99951
356277045423,99951
356277145374,99950
356277245325,99950
356277345277,99950
356277445228,99950
356277545179,99950
356277645130,99950
356277745081,99950
356277845032,99950
356277944983,99950
356278044934,99950
356278144885,99950
356278244836,99950
356278344788,99950
356278444739,99950
356278544690,99950
356278644641,99950
356278744593,99950
356278844544,99950
356278944495,99950
356279044446,99950
356279144397,99950
356279244349,99950
356279344301,99950
356279444252,99950
356279544203,99950
356279644154,99950
356279744106,99951
356279844057,99950
356279944008,99950
356280043959,99950
356280143910,99950
356280243861,99950
356280343813,99951
356280443764,99950
356280543715,99950
356280643666,99950
356280743618,99950
356280843569,99950
356280943520,99950
356281043471,99950
356281143422,99950
356281243374,99950
356281343326,99950
356281443277,99950
356281543228,99950
356281643179,99950
356281743130,99950
356281843081,99950
356281943034,99950
356282042985,99950
356282142936,99950
356282242887,99950
356282342839,99950
356282442790,99950
356282542741,99950
356282642692,99950
356282742644,99951
356282842595,99950
356282942546,99950
356283042497,99950
356283142448,99950
356283242399,99950
356283342351,99951
356283442302,99950
356283542253,99950
356283642204,99950
356283742155,99950
356283842106,99950
356283942057,99950
356284042008,99950
356284141959,99950
356284241910,99950
356284341862,99951
356284441813,99950
356284541764,99950
356284641715,99950
356284741667,99951
356284841618,99950
356284941569,99950
356285041520,99950
356285141471,99950
356285241422,99950
356285341374,99950
356285441326,99950
356285541277,99950
356285641229,99951
356285741180,99950
356285841131,99950
356285941082,99950
356286041033,99950
356286140984,99950
356286240935,99950
356286340887,99950
