3536783790553,26792
3536783890968,21836
3536783990891,17681
3536784090813,17598
3536784190736,17435
3536784290658,17274
3536784390580,17286
3536784490502,18007
3536784590424,17854
3536784690346,18191
3536784790269,17966
3536784890192,17287
3536784990116,17287
3536785090040,17270
3536785189962,17247
3536785289886,17147
3536785389808,17158
3536785489734,17525
3536785589658,17154
3536785689580,17221
3536785789504,17322
3536785889428,17396
3536785989352,17169
3536786089277,17306
3536786189201,17228
3536786289123,17147
3536786389045,17164
3536786488969,17156
3536786588893,17219
3536786688818,17444
3536786788742,17212
3536786888664,17153
3536786988586,17250
3536787088510,17230
3536787188434,17216
3536787288358,17163
3536787388282,17139
3536787488206,17342
3536787588130,17263
3536787688052,17309
3536787787974,17161
3536787887898,17207
3536787987822,17166
3536788087746,17155
3536788187668,17202
3536788287592,17161
3536788387514,17267
3536788487436,17670
3536788587358,17149
3536788687282,17426
3536788787206,17196
3536788887130,17180
3536788987054,17247
3536789086978,17241
3536789186900,17169
3536789286822,17194
3536789386744,17216
3536789486668,17158
3536789586592,17190
3536789686514,17196
3536789786438,17146
3536789886362,17217
3536789986286,17170
3536790086210,17149
3536790186134,17159
3536790286056,17150
3536790385979,17277
3536790485903,17173
3536790585827,17146
3536790685751,17695
3536790785675,17213
3536790885599,17252
3536790985523,17154
3536791085445,17166
3536791185369,17199
3536791285291,17203
3536791385213,17149
3536791485137,17160
3536791585061,17193
3536791684985,17208
3536791784909,17140
3536791884831,17211
3536791984755,17170
3536792084679,17144
3536792184603,17136
3536792284527,17149
3536792384449,17341
3536792484373,17260
3536792584295,17150
3536792684218,17341
3536792784142,17160
3536792884066,17143
3536792983988,17210
3536793083912,17224
3536793183836,17175
3536793283760,17141
3536793383682,17227
3536793483606,17150
3536793583530,17153
3536793683452,17232
3536793783376,17210
3536793883302,17241
3536793983226,17296
3536794083148,17159
3536794183070,17120
3536794282992,17122
3536794382914,17804
3536794482837,17810
3536794582759,17863
3536794682681,18011
3536794782607,17167
3536794882531,17136
3536794982455,17135
3536795082379,17131
3536795182303,17135
3536795282227,17137
3536795382149,17139
3536795482071,17139
3536795581995,17149
3536795681919,17169
3536795781843,17139
3536795881765,17132
3536795981689,17134
3536796081613,17128
3536796181537,17142
3536796281459,17135
3536796381383,17139
3536796481307,17135
3536796581229,17139
3536796681151,17484
3536796781075,17153
3536796880999,17139
3536796980921,17142
3536797080845,17135
3536797180769,17150
3536797280693,17133
3536797380615,17321
3536797480537,17138
3536797580459,17131
3536797680383,17167
3536797780307,17136
3536797880229,17134
3536797980153,17129
3536798080077,17132
3536798179999,17137
3536798279923,17136
3536798379847,17130
3536798479771,17137
3536798579695,17136
3536798679617,17271
3536798779540,17182
3536798879464,17136
3536798979388,17131
3536799079312,17142
3536799179235,17143
3536799279157,17138
3536799379081,17311
3536799479004,17190
3536799578926,17143
3536799678850,17352
3536799778774,17136
3536799878698,17128
3536799978620,17142
3536800078544,17301
3536800178468,17134
3536800278390,17141
3536800378314,17229
3536800478238,17142
3536800578162,17131
3536800678084,17261
3536800778008,17150
3536800877932,17138
3536800977856,17132
3536801077780,17133
3536801177704,17134
3536801277626,17132
3536801377550,17134
3536801477472,17139
3536801577396,17134
3536801677320,17175
3536801777242,17146
3536801877166,17138
3536801977090,17147
3536802077012,17133
3536802176936,17137
3536802276858,17133
3536802376782,17318
3536802476706,17131
3536802576628,17134
3536802676550,17330
3536802776474,17153
3536802876397,17137
3536802976319,17134
3536803076243,17134
3536803176166,17162
3536803276088,17143
3536803376012,17133
3536803475934,17139
3536803575858,17149
3536803675780,17167
3536803775703,17135
3536803875625,17126
3536803975549,17198
3536804075475,17335
3536804175397,17238
3536804275338,17205
3536804375261,17139
3536804475184,17842
3536804575107,17962
3536804675030,17932
3536804774953,18065
3536804874877,17166
3536804974799,17383
3536805074721,17139
3536805174645,17212
3536805274567,17139
3536805374491,17346
3536805474413,17169
3536805574337,17186
3536805674261,17183
3536805774185,17280
3536805874109,17224
3536805974033,17142
3536806073957,17182
3536806173881,17155
3536806273805,17222
3536806373727,17161
3536806473649,17158
3536806573571,17160
3536806673493,17233
3536806773415,17373
3536806873339,17177
3536806973261,17141
3536807073185,17193
3536807173109,17144
3536807273033,17202
3536807372957,17330
3536807472879,17253
3536807572803,17139
3536807672727,17246
3536807772650,17443
3536807872573,17221
3536807972495,17162
3536808072421,17152
3536808172345,17168
3536808272269,17247
3536808372193,17286
3536808472115,17202
3536808572039,17212
3536808671962,17232
3536808771886,17209
3536808871810,17217
3536808971734,17204
3536809071658,17172
3536809171580,17221
3536809271502,17624
3536809371426,17334
3536809471350,17160
3536809571272,17150
3536809671196,17162
3536809771119,17172
3536809871041,17156
3536809970963,17155
3536810070885,17256
3536810170807,17199
3536810270729,17166
3536810370653,17286
3536810470577,17170
3536810570501,17221
3536810670424,17257
3536810770347,17417
3536810870271,17171
3536810970195,17148
3536811070119,17192
3536811170041,17148
3536811269963,17230
3536811369887,17155
3536811469809,17194
3536811569733,17266
3536811669657,17230
3536811769581,17147
3536811869503,17170
3536811969425,17163
3536812069349,17229
3536812169273,17133
3536812269197,17161
3536812369121,17325
3536812469043,17162
3536812568967,17196
3536812668890,17167
3536812768814,17245
3536812868738,17150
3536812968660,17166
3536813068584,17264
3536813168506,17217
3536813268430,17271
3536813368354,17193
3536813468276,17151
3536813568200,17192
3536813668124,17207
3536813768048,17212
3536813867972,17151
3536813967894,17143
3536814067820,17250
3536814167744,17264
3536814267666,17170
3536814367588,17119
3536814467511,17136
3536814567434,17808
3536814667356,17846
3536814767279,17842
3536814867201,17809
3536814967127,17145
3536815067051,17132
3536815166975,17135
3536815266899,17132
3536815366823,17269
3536815466745,17131
3536815566667,17133
3536815666591,17127
3536815766515,17129
3536815866439,17124
3536815966361,17131
3536816066285,17138
3536816166207,17152
3536816266133,17137
3536816366057,17145
3536816465981,17137
3536816565905,17170
3536816665827,17170
3536816765751,17148
3536816865673,17133
3536816965597,17132
3536817065519,17131
3536817165443,17122
3536817265367,17132
3536817365291,17125
3536817465213,17128
3536817565137,17127
3536817665061,17138
3536817764983,17135
3536817864905,17131
3536817964827,17140
3536818064751,17129
3536818164673,17126
3536818264595,17132
3536818364519,17123
3536818464441,17128
3536818564365,17128
3536818664287,17218
3536818764211,17150
3536818864135,17130
3536818964057,17130
3536819063979,17130
3536819163903,17130
3536819263827,17156
3536819363749,17131
3536819463673,17475
3536819563595,17157
3536819663517,17134
3536819763441,17138
3536819863365,17132
3536819963289,17135
3536820063211,17126
3536820163135,17130
3536820263057,17128
3536820362979,17212
3536820462901,17139
3536820562825,17132
3536820662747,17229
3536820762671,17162
3536820862595,17143
3536820962517,17131
3536821062441,17136
3536821162365,17143
3536821262289,17128
3536821362213,17131
3536821462137,17132
3536821562061,17129
3536821661985,17141
3536821761909,17142
3536821861833,17128
3536821961755,17137
3536822061681,17129
3536822161605,17130
3536822261527,17134
3536822361451,17132
3536822461373,17147
3536822561297,17135
3536822661221,17248
3536822761145,17168
3536822861067,17133
3536822960989,17134
3536823060911,17140
3536823160835,17155
3536823260759,17134
3536823360683,17130
3536823460607,17140
3536823560531,17133
3536823660454,17140
3536823760376,17135
3536823860300,17128
3536823960222,17135
3536824060148,17133
3536824160072,17198
3536824259996,17329
3536824359918,17206
3536824459840,17232
3536824559763,17208
3536824659685,18143
3536824759625,17888
3536824859548,17859
3536824959470,17949
3536825059394,17324
3536825159318,17159
3536825259242,17136
3536825359166,17159
3536825459088,17189
3536825559012,17188
3536825658936,17202
3536825758860,17285
3536825858784,17253
3536825958708,17203
3536826058632,17152
3536826158554,17152
3536826258478,17150
3536826358402,17166
3536826458326,17210
3536826558250,17151
3536826658174,17286
3536826758098,17197
3536826858022,17141
3536826957946,17269
3536827057870,17237
3536827157794,17142
3536827257718,17210
3536827357642,17200
3536827457564,17152
3536827557488,17201
3536827657412,17232
3536827757334,17145
3536827857258,17236
3536827957180,17146
3536828057104,17148
3536828157028,17281
3536828256952,17185
3536828356876,17214
3536828456800,17222
3536828556724,17182
3536828656647,17407
3536828756571,17240
3536828856495,17198
3536828956417,17161
3536829056339,17160
3536829156261,17172
3536829256183,17247
3536829356105,17142
3536829456029,17249
3536829555953,17145
3536829655876,17287
3536829755800,17257
3536829855722,17516
3536829955646,17168
3536830055570,17141
3536830155494,17162
3536830255418,17139
3536830355342,17128
3536830455264,17162
3536830555186,17194
3536830655108,17317
3536830755031,17204
3536830854953,17286
3536830954875,17158
3536831054797,17134
3536831154719,17233
3536831254641,17156
3536831354565,17207
3536831454489,17158
3536831554411,17177
3536831654333,17182
3536831754257,17150
3536831854181,17297
3536831954103,17206
3536832054025,17171
3536832153949,17225
3536832253871,17173
3536832353793,17439
3536832453717,17245
3536832553641,17146
3536832653563,17319
3536832753487,17328
3536832853412,17149
3536832953337,17186
3536833053262,17143
3536833153184,17185
3536833253108,17161
3536833353030,17146
3536833452954,17330
3536833552878,17169
3536833652800,17253
3536833752724,17251
3536833852647,17375
3536833952571,17218
3536834052496,17152
3536834152418,17165
3536834252342,17208
3536834352268,17265
3536834452190,17179
3536834552113,17137
3536834652036,17430
3536834751959,18395
3536834851881,17814
3536834951803,17833
3536835051726,17809
3536835151652,17136
3536835251576,17159
3536835351500,17312
3536835451424,17153
3536835551348,17153
3536835651270,17132
3536835751194,17138
3536835851118,17131
3536835951042,17147
3536836050966,17138
3536836150890,17133
3536836250814,17130
3536836350738,17132
3536836450661,17164
3536836550585,17822
3536836650507,17993
3536836750429,17166
3536836850353,17144
3536836950277,17147
3536837050199,17133
3536837150123,17343
3536837250045,17137
3536837349967,17133
3536837449891,17153
3536837549815,17128
3536837649737,17134
3536837749659,17141
3536837849583,17135
3536837949506,17167
3536838049430,17148
3536838149354,17139
3536838249278,17132
3536838349202,17133
3536838449124,17155
3536838549048,17130
3536838648972,17318
3536838748896,17196
3536838848820,17137
3536838948742,17149
3536839048666,17132
3536839148590,17127
3536839248512,17129
3536839348434,17127
3536839448356,17151
3536839548280,17153
3536839648204,17135
3536839748127,17139
3536839848050,17145
3536839947974,17150
3536840047898,17146
3536840147820,17135
3536840247744,17131
3536840347668,17143
3536840447590,17149
3536840547514,17142
3536840647436,17465
3536840747362,17162
3536840847286,17151
3536840947210,17147
3536841047134,17137
3536841147058,17125
3536841246982,17135
3536841346906,17135
3536841446830,17148
3536841546752,17135
3536841646676,17140
3536841746600,17166
3536841846524,17130
3536841946448,17159
3536842046372,17128
3536842146294,17131
3536842246216,17128
3536842346139,17137
3536842446063,17242
3536842545987,17138
3536842645911,17276
3536842745835,17177
3536842845757,17149
3536842945681,17148
3536843045605,17127
3536843145527,17152
3536843245451,17151
3536843345375,17130
3536843445297,17146
3536843545219,17148
3536843645143,17129
3536843745067,17128
3536843844991,17134
3536843944915,17330
3536844044838,17140
3536844144762,17172
3536844244686,17128
3536844344612,17312
3536844444536,17395
3536844544458,17198
3536844644380,17284
3536844744303,17178
3536844844225,18149
3536844944147,17881
3536845044070,18052
3536845143992,17986
3536845243935,17188
3536845343857,17142
3536845443781,17168
3536845543705,17136
3536845643627,17246
3536845743549,17229
3536845843473,17154
3536845943397,17172
3536846043321,17292
3536846143243,17250
3536846243167,17231
3536846343091,17182
3536846443015,17187
3536846542939,17187
3536846642861,17288
3536846742786,17318
3536846842710,17276
3536846942632,17282
3536847042554,17267
3536847142478,17211
3536847242401,17149
3536847342325,17151
3536847442249,17258
3536847542173,17206
3536847642095,17242
3536847742019,17202
3536847841943,17161
3536847941867,17222
3536848041791,17206
3536848141715,17186
3536848241639,17187
3536848341563,17174
3536848441485,17154
3536848541409,17157
3536848641331,17319
3536848741253,17192
3536848841175,17150
3536848941097,17172
3536849041019,17173
3536849140941,17237
3536849240863,17329
3536849340785,17247
3536849440707,17289
3536849540629,17139
3536849640551,17166
3536849740473,17212
3536849840395,17160
3536849940317,17179
3536850040240,17178
3536850140164,17170
3536850240086,17167
3536850340008,17184
3536850439930,17199
3536850539852,17193
3536850639774,17240
3536850739697,17252
3536850839619,17187
3536850939541,17298
3536851039463,17202
3536851139385,17152
3536851239307,17263
3536851339229,17154
3536851439152,17175
3536851539074,17189
3536851638996,17171
3536851738918,17232
3536851838840,17204
3536851938764,17232
3536852038686,17156
3536852138608,17165
3536852238531,17156
3536852338453,17168
3536852438375,17229
3536852538297,17234
3536852638219,17195
3536852738142,17209
3536852838064,17320
3536852937986,17173
3536853037908,17193
3536853137830,17228
3536853237752,17140
3536853337674,17152
3536853437596,17157
3536853537518,17152
3536853637440,17157
3536853737362,17205
3536853837284,17148
3536853937206,17240
3536854037128,17147
3536854137050,17179
3536854236972,17159
3536854336894,17169
3536854436818,17257
3536854536743,17269
3536854636665,17221
3536854736588,17174
3536854836510,17126
3536854936432,17818
3536855036354,17809
3536855136276,17821
3536855236199,17887
3536855336123,17136
3536855436045,17138
3536855535967,17133
3536855635889,17134
3536855735811,17130
3536855835733,17129
3536855935655,17128
3536856035577,17133
3536856135499,17237
3536856235422,17816
3536856335344,17893
3536856435267,17829
3536856535189,17816
3536856635111,17820
3536856735034,17169
3536856834956,17136
3536856934878,17136
3536857034800,17137
3536857134722,17132
3536857234644,17131
3536857334566,17124
3536857434488,17131
3536857534410,17126
3536857634332,17137
3536857734254,17170
3536857834176,17129
3536857934098,17143
3536858034020,17131
3536858133942,17133
3536858233864,17126
3536858333786,17134
3536858433709,17134
3536858533631,17132
3536858633553,17139
3536858733477,17167
3536858833400,17151
3536858933322,17151
3536859033244,17135
3536859133166,17130
3536859233088,17140
3536859333010,17131
3536859432933,17142
3536859532855,17161
3536859632777,17140
3536859732699,17134
3536859832621,17131
3536859932543,17133
3536860032465,17130
3536860132387,17132
3536860232309,17138
3536860332231,17132
3536860432153,17150
3536860532076,17188
3536860631998,17154
3536860731920,17169
3536860831842,17148
3536860931764,17132
3536861031686,17167
3536861131608,17148
3536861231530,17129
3536861331452,17133
3536861431374,17138
3536861531296,17139
3536861631218,17134
3536861731141,17134
3536861831063,17137
3536861930985,17131
3536862030907,17151
3536862130829,17135
3536862230751,17133
3536862330673,17129
3536862430595,17150
3536862530517,17132
3536862630439,17148
3536862730361,17182
3536862830283,17135
3536862930205,17132
3536863030127,17135
3536863130049,17155
3536863229971,17141
3536863329893,17140
3536863429815,17137
3536863529737,17131
3536863629659,17130
3536863729581,17133
3536863829503,17131
3536863929425,17131
3536864029347,17142
3536864129269,17132
3536864229191,17130
3536864329113,17143
3536864429035,17127
3536864528959,17262
3536864628885,17344
3536864728808,17286
3536864828730,17164
3536864928652,17200
3536865028575,18378
3536865128497,17840
3536865228419,18146
3536865328341,18043
3536865428264,17245
3536865528186,17231
3536865628108,17184
3536865728050,17277
3536865827974,17175
3536865927896,17285
3536866027818,17248
3536866127741,17192
3536866227663,17206
3536866327585,17193
3536866427507,17221
3536866527429,17209
3536866627351,17290
3536866727273,17711
3536866827196,17158
3536866927118,17426
3536867027040,17492
3536867126962,17179
3536867226884,17590
3536867326806,17318
3536867426728,17461
3536867526651,17330
3536867626573,17404
3536867726495,17144
3536867826417,17280
3536867926339,17176
3536868026261,17171
3536868126183,17261
3536868226105,17707
3536868326027,17166
3536868425949,17246
3536868525871,17266
3536868625793,17223
3536868725715,17194
3536868825637,17176
3536868925559,17186
3536869025481,17356
3536869125403,17163
3536869225325,17319
3536869325247,17145
3536869425169,17302
3536869525091,17206
3536869625013,17301
3536869724935,17143
3536869824857,17182
3536869924779,17304
3536870024701,17146
3536870124623,17228
3536870224545,17171
3536870324467,17140
3536870424389,17295
3536870524311,17260
3536870624234,17154
3536870724156,17252
3536870824079,17191
3536870924006,17138
3536871023928,17275
3536871123850,17320
3536871223773,17160
3536871323695,17194
3536871423617,17305
3536871523539,17304
3536871623461,17213
3536871723383,17181
3536871823305,17171
3536871923227,17215
3536872023149,17245
3536872123071,17205
3536872222993,17168
3536872322915,17182
3536872422837,17235
3536872522759,17234
3536872622681,17225
3536872722604,17271
3536872822526,17143
3536872922448,17165
3536873022370,17180
3536873122292,17165
3536873222214,17306
3536873322136,17246
3536873422058,17411
3536873521980,17251
3536873621902,17190
3536873721824,17189
3536873821746,17180
3536873921668,17157
3536874021590,17143
3536874121512,17283
3536874221434,17182
3536874321356,17209
3536874421278,17243
3536874521200,17176
3536874621124,17286
3536874721048,17175
3536874820974,17308
3536874920897,17138
3536875020820,17136
3536875120742,17125
3536875220664,18230
3536875320587,17809
3536875420510,17933
3536875520433,17840
3536875620357,17149
3536875720279,17137
3536875820201,17131
3536875920123,17135
3536876020045,17152
3536876119968,17139
3536876219890,17143
3536876319812,17132
3536876419734,17237
3536876519656,17181
3536876619578,17143
3536876719501,17169
3536876819423,17141
3536876919345,17149
3536877019267,17202
3536877119189,17150
3536877219111,17134
3536877319033,17139
3536877418955,17235
3536877518877,17203
3536877618799,17135
3536877718721,17144
3536877818643,17139
3536877918565,17135
3536878018487,17204
3536878118409,17129
3536878218331,17132
3536878318253,17132
3536878418175,17240
3536878518097,17205
3536878618019,17133
3536878717942,17189
3536878817864,17140
3536878917786,17132
3536879017708,17164
3536879117630,17128
3536879217552,17287
3536879317474,17137
3536879417396,17264
3536879517319,17178
3536879617241,17141
3536879717164,17140
3536879817086,17130
3536879917008,17136
3536880016930,17146
3536880116852,17129
3536880216774,17130
3536880316696,17154
3536880416618,17240
3536880516540,17145
3536880616462,17136
3536880716385,17166
3536880816307,17133
3536880916229,17127
3536881016151,17132
3536881116073,17133
3536881215995,17129
3536881315917,17130
3536881415839,17235
3536881515761,17133
3536881615683,17131
3536881715605,17128
3536881815527,17136
3536881915449,17144
3536882015371,17127
3536882115293,17131
3536882215215,17133
3536882315137,17130
3536882415059,17227
3536882514981,17152
3536882614904,17137
3536882714826,17161
3536882814748,17128
3536882914670,17137
3536883014592,17130
3536883114514,17410
3536883214436,17143
3536883314358,17129
3536883414280,17229
3536883514202,17145
3536883614124,17129
3536883714047,17141
3536883813969,17134
3536883913891,17129
3536884013813,17125
3536884113735,17132
3536884213657,17125
3536884313579,17132
3536884413501,17229
3536884513423,17205
