3466242051668,6564
3466242152038,4311
3466242251961,4285
3466242351884,4327
3466242451806,4531
3466242551728,4814
3466242651651,4563
3466242751574,4369
3466242851496,4308
3466242951418,4356
3466243051340,4347
3466243151262,4390
3466243251184,4299
3466243351106,4293
3466243451028,4392
3466243550950,4567
3466243650872,4411
3466243750794,4329
3466243850716,4307
3466243950638,4473
3466244050560,4531
3466244150482,4313
3466244250404,4321
3466244350326,4317
3466244450248,4316
3466244550170,4502
3466244650092,4315
3466244750014,4272
3466244849936,4309
3466244949858,4333
3466245049780,4347
3466245149702,4383
3466245249624,4405
3466245349546,4298
3466245449468,4273
3466245549390,4365
3466245649312,4275
3466245749235,4266
3466245849157,4269
3466245949079,4346
3466246049004,4290
3466246148926,4417
3466246248848,4284
3466246348770,4343
3466246448692,4314
3466246548615,4264
3466246648537,4398
3466246748460,4266
3466246848382,4284
3466246948304,4372
3466247048226,4296
3466247148149,4371
3466247248072,4370
3466247347994,4269
3466247447916,4468
3466247547838,4484
3466247647761,4488
3466247747684,4446
3466247847606,4446
3466247947528,4441
3466248047450,4441
3466248147373,4271
3466248247295,4270
3466248347217,4277
3466248447140,4271
3466248547062,4270
3466248646984,4276
3466248746907,4278
3466248846829,4273
3466248946751,4272
3466249046673,4274
3466249146596,4325
3466249246518,4270
3466249346440,4271
3466249446362,4272
3466249546284,4271
3466249646206,4271
3466249746128,4285
3466249846050,4272
3466249945972,4273
3466250045894,4275
3466250145816,4356
3466250245738,4277
3466250345660,4271
3466250445582,4270
3466250545504,4272
3466250645426,4274
3466250745349,4273
3466250845271,4271
3466250945193,4271
3466251045115,4272
3466251145037,4354
3466251244960,4274
3466251344882,4274
3466251444804,4274
3466251544726,4272
3466251644648,4271
3466251744570,4270
3466251844492,4272
3466251944414,4274
3466252044336,4272
3466252144258,4356
3466252244181,4345
3466252344103,4535
3466252444025,4370
3466252543947,4484
3466252643870,4435
3466252743793,4533
3466252843715,4310
3466252943637,4278
3466253043559,4265
3466253143481,4368
3466253243403,4279
3466253343325,4340
3466253443247,4312
3466253543169,4286
3466253643092,4329
3466253743014,4267
3466253842936,4347
3466253942858,4302
3466254042780,4305
3466254142702,4361
3466254242624,4291
3466254342546,4267
3466254442468,4290
3466254542390,4267
3466254642312,4386
3466254742234,4268
3466254842156,4267
3466254942078,4379
3466255042004,4297
3466255141926,4304
3466255241848,4430
3466255341770,4351
3466255441692,4341
3466255541614,4303
3466255641536,4349
3466255741458,4445
3466255841380,4330
3466255941303,4306
3466256041225,4349
3466256141147,4342
3466256241070,4411
3466256340992,4268
3466256440914,4479
3466256540837,4297
3466256640759,4413
3466256740682,4296
3466256840604,4276
3466256940526,4324
3466257040448,4283
3466257140370,4440
3466257240292,4265
3466257340214,4387
3466257440136,4350
3466257540058,4302
3466257639980,4447
3466257739902,4445
3466257839825,4446
3466257939748,4447
3466258039670,4449
3466258139592,4465
3466258239514,4441
3466258339436,4442
3466258439358,4443
3466258539280,4445
3466258639202,4445
3466258739125,4277
3466258839047,4270
3466258938969,4274
3466259038892,4281
3466259138814,4274
3466259238737,4284
3466259338659,4271
3466259438581,4272
3466259538503,4270
3466259638425,4273
3466259738348,4272
3466259838270,4272
3466259938192,4273
3466260038114,4273
3466260138036,4307
3466260237958,4279
3466260337880,4275
3466260437802,4274
3466260537724,4270
3466260637646,4271
3466260737569,4279
3466260837491,4271
3466260937413,4274
3466261037335,4272
3466261137257,4270
3466261237179,4271
3466261337101,4306
3466261437023,4272
3466261536945,4276
3466261636867,4272
3466261736790,4281
3466261836713,4277
3466261936635,4272
3466262036557,4271
3466262136479,4385
3466262236401,4272
3466262336323,4271
3466262436245,4352
3466262536168,4366
3466262636090,4610
3466262736013,4513
3466262835935,4475
3466262935858,4396
3466263035780,4318
3466263135702,4396
3466263235624,4263
3466263335546,4370
3466263435468,4364
3466263535390,4325
3466263635339,4265
3466263735261,4348
3466263835183,4281
3466263935105,4262
3466264035027,4261
3466264134949,4272
3466264234871,4592
3466264334793,4264
3466264434715,4394
3466264534637,4312
3466264634559,4303
3466264734481,4356
3466264834403,4381
3466264934325,4264
3466265034247,4356
3466265134169,4313
3466265234091,4311
3466265334013,4308
3466265433935,4274
3466265533857,4469
3466265633779,4310
3466265733701,4269
3466265833624,4324
3466265933546,4458
3466266033468,4286
3466266133390,4318
3466266233312,4266
3466266333234,4269
3466266433156,4266
3466266533078,4375
3466266633003,4383
3466266732925,4279
3466266832847,4281
3466266932770,4272
3466267032692,4386
3466267132614,4458
3466267232536,4304
3466267332458,4268
3466267432380,4357
3466267532302,4343
3466267632225,4350
3466267732147,4321
3466267832070,4442
3466267931993,4448
3466268031915,4486
3466268131838,4449
3466268231761,4454
3466268331683,4449
3466268431605,4450
3466268531527,4497
3466268631450,4446
3466268731373,4279
3466268831295,4275
3466268931217,4275
3466269031139,4346
3466269131061,4275
3466269230983,4279
3466269330905,4279
3466269430827,4277
3466269530749,4350
3466269630671,4275
3466269730593,4274
3466269830516,4278
3466269930438,4274
3466270030368,4345
3466270130290,4274
3466270230212,4275
3466270330134,4274
3466270430056,4274
3466270529978,4347
3466270629900,4281
3466270729822,4284
3466270829744,4277
3466270929666,4271
3466271029588,4307
3466271129510,4273
3466271229433,4272
3466271329355,4270
3466271429277,4277
3466271529199,4271
3466271629121,4272
3466271729043,4272
3466271828965,4274
3466271928887,4272
3466272028809,4274
3466272128731,4280
3466272228653,4270
3466272328575,4271
3466272428497,4271
3466272528419,4271
3466272628341,4340
3466272728264,4425
3466272828186,4319
3466272928109,4672
3466273028031,4462
3466273127954,4529
3466273227876,4335
3466273327798,4404
3466273427720,4275
3466273527642,4435
3466273627564,4423
3466273727486,4340
3466273827409,4304
3466273927331,4478
3466274027253,4332
3466274127175,4475
3466274227097,4392
3466274327019,4281
3466274426941,4333
3466274526863,4289
3466274626785,4383
3466274726708,4266
3466274826630,4274
3466274926552,4264
3466275026474,4312
3466275126396,4289
3466275226318,4464
3466275326240,4294
3466275426162,4474
3466275526084,4366
3466275626007,4292
3466275725929,4278
3466275825851,4304
3466275925773,4378
3466276025695,4340
3466276125617,4262
3466276225539,4288
3466276325461,4341
3466276425383,4419
3466276525305,4333
3466276625228,4266
3466276725151,4269
3466276825073,4311
3466276924995,4423
3466277024917,4375
3466277124840,4270
3466277224763,4269
3466277324685,4267
3466277424607,4272
3466277524529,4339
3466277624451,4329
3466277724374,4433
3466277824297,4365
3466277924219,4286
3466278024141,4441
3466278124064,4439
3466278223987,4488
3466278323909,4448
3466278423831,4447
3466278523753,4446
3466278623675,4455
3466278723597,4280
3466278823520,4276
3466278923442,4275
3466279023364,4275
3466279123286,4277
3466279223209,4275
3466279323131,4273
3466279423053,4279
3466279522975,4277
3466279622897,4277
3466279722819,4279
3466279822741,4278
3466279922663,4274
3466280022585,4275
3466280122507,4274
3466280222429,4275
3466280322351,4277
3466280422273,4273
3466280522195,4277
3466280622118,4275
3466280722040,4277
3466280821962,4278
3466280921884,4278
3466281021806,4281
3466281121728,4280
3466281221650,4273
3466281321572,4272
3466281421494,4277
3466281521416,4277
3466281621338,4275
3466281721260,4273
3466281821183,4276
3466281921105,4274
3466282021027,4276
3466282120949,4279
3466282220872,4280
3466282320794,4280
3466282420716,4273
3466282520638,4275
3466282620560,4279
3466282720483,4273
3466282820405,4344
3466282920328,4362
3466283020250,4291
3466283120173,4689
3466283220096,4697
3466283320018,4539
3466283419940,4448
3466283519862,4567
3466283619784,4481
3466283719707,4451
3466283819629,4622
3466283919551,4559
3466284019474,4465
3466284119396,4542
3466284219318,4389
3466284319240,4285
3466284419162,4326
3466284519084,4519
3466284619006,4297
3466284718929,4293
3466284818851,4318
3466284918773,4400
3466285018695,4290
3466285118617,4318
3466285218557,4313
3466285318479,4312
3466285418401,4286
3466285518323,4362
3466285618245,4273
3466285718167,4447
3466285818090,4265
3466285918012,4304
3466286017934,4359
3466286117856,4402
3466286217779,4272
3466286317701,4297
3466286417623,4381
3466286517545,4310
3466286617467,4288
3466286717389,4285
3466286817311,4363
3466286917233,4306
3466287017155,4391
3466287117077,4511
3466287216999,4296
3466287316922,4403
3466287416844,4588
3466287516766,4268
3466287616688,4274
3466287716610,4274
3466287816532,4262
3466287916454,4447
3466288016377,4380
3466288116299,4294
3466288216222,4438
3466288316145,4439
3466288416067,4441
3466288515989,4442
3466288615912,4445
3466288715834,4279
3466288815757,4275
3466288915679,4270
3466289015601,4274
3466289115523,4271
3466289215445,4270
3466289315367,4272
3466289415289,4272
3466289515211,4272
3466289615133,4271
3466289715055,4271
3466289814978,4273
3466289914900,4274
3466290014822,4273
3466290114744,4274
3466290214667,4271
3466290314589,4272
3466290414511,4273
3466290514433,4273
3466290614355,4272
3466290714277,4271
3466290814199,4269
3466290914121,4271
3466291014043,4271
3466291113965,4272
3466291213887,4276
3466291313809,4276
3466291413731,4277
3466291513653,4273
3466291613575,4273
3466291713497,4275
3466291813419,4274
3466291913341,4277
3466292013263,4272
3466292113185,4276
3466292213107,4279
3466292313029,4272
3466292412951,4277
3466292512873,4277
3466292612796,4277
3466292712718,4274
3466292812640,4273
