2423714202538,62
2423714302501,23
2423714402453,22
2423714502406,22
2423714602358,23
2423714702310,22
2423714802262,21
2423714902214,20
2423715002166,21
2423715102118,21
2423715202070,21
2423715302022,21
2423715401974,21
2423715501926,20
2423715601878,21
2423715701830,20
2423715801782,21
2423715901734,20
2423716001686,21
2423716101638,21
2423716201590,20
2423716301542,20
2423716401494,21
2423716501446,20
2423716601398,21
2423716701350,22
2423716801302,21
2423716901254,21
2423717001206,20
2423717101158,21
2423717201110,20
2423717301062,21
2423717401014,21
2423717500966,20
2423717600918,21
2423717700870,22
2423717800822,22
2423717900774,21
2423718000726,21
2423718100678,20
2423718200630,21
2423718300582,21
2423718400534,21
2423718500486,21
2423718600438,21
2423718700390,21
2423718800342,22
2423718900294,21
2423719000246,20
2423719100198,21
2423719200150,20
2423719300102,21
2423719400054,34
2423719500006,27
2423719599958,24
2423719699910,22
2423719799862,21
2423719899816,21
2423719999768,21
2423720099720,21
2423720199672,21
2423720299624,21
2423720399576,21
2423720499528,21
2423720599480,21
2423720699432,21
2423720799384,21
2423720899336,21
2423720999288,21
2423721099240,21
2423721199192,21
2423721299144,21
2423721399096,21
2423721499048,21
2423721599003,21
2423721698955,22
2423721798908,21
2423721898860,21
2423721998812,21
2423722098764,21
2423722198716,21
2423722298668,21
2423722398620,21
2423722498572,21
2423722598524,21
2423722698476,22
2423722798428,21
2423722898380,21
2423722998332,21
2423723098284,21
2423723198236,21
2423723298188,21
2423723398140,21
2423723498092,21
2423723598044,21
2423723697996,25
2423723797948,21
2423723897900,21
2423723997852,21
2423724097804,21
2423724197756,21
2423724297708,21
2423724397660,21
2423724497612,26
2423724597564,26
2423724697517,22
2423724797469,21
2423724897421,21
2423724997373,21
2423725097325,20
2423725197277,21
2423725297229,21
2423725397181,21
2423725497133,21
2423725597085,21
2423725697037,21
2423725796989,25
2423725896941,21
2423725996893,21
2423726096845,20
2423726196797,21
2423726296750,21
2423726396702,20
2423726496654,20
2423726596606,21
2423726696558,21
2423726796510,21
2423726896462,20
2423726996414,20
2423727096366,21
2423727196318,20
2423727296270,21
2423727396222,20
2423727496174,23
2423727596126,21
2423727696078,21
2423727796030,21
2423727895982,24
2423727995934,20
2423728095886,21
2423728195838,21
2423728295790,20
2423728395742,21
2423728495694,21
2423728595646,21
2423728695598,21
2423728795550,21
2423728895502,20
2423728995454,21
2423729095406,21
2423729195358,20
2423729295310,21
2423729395262,21
2423729495214,21
2423729595166,25
2423729695118,27
2423729795071,22
2423729895023,24
2423729994975,22
2423730094927,22
2423730194879,21
2423730294831,22
2423730394783,22
2423730494735,22
2423730594687,22
2423730694639,21
2423730794591,21
2423730894543,21
2423730994495,21
2423731094447,21
2423731194399,21
2423731294351,21
2423731394303,21
2423731494255,21
2423731594207,21
2423731694159,21
2423731794111,21
2423731894063,22
2423731994015,21
2423732093967,21
2423732193919,21
2423732293871,21
2423732393823,21
2423732493775,21
2423732593727,21
2423732693679,21
2423732793631,21
2423732893583,21
2423732993535,21
2423733093487,21
2423733193439,21
2423733293391,21
2423733393343,21
2423733493295,21
2423733593247,21
2423733693199,21
2423733793152,22
2423733893104,21
2423733993056,21
2423734093008,21
2423734192960,21
2423734292912,21
2423734392864,21
2423734492816,21
2423734592768,21
2423734692720,26
2423734792672,26
2423734892624,22
2423734992576,22
2423735092528,21
2423735192480,22
2423735292432,21
2423735392384,21
2423735492336,21
2423735592288,21
2423735692240,21
2423735792192,21
2423735892144,21
2423735992096,21
2423736092048,21
2423736192002,21
2423736291954,21
2423736391906,21
2423736491858,21
2423736591810,21
2423736691762,21
2423736791714,21
2423736891666,20
2423736991618,21
2423737091570,20
2423737191522,20
2423737291474,20
2423737391426,20
2423737491378,20
2423737591330,20
2423737691282,20
2423737791234,22
2423737891186,20
2423737991138,20
2423738091090,21
2423738191042,21
2423738291018,21
2423738390970,21
2423738490922,21
2423738590874,21
2423738690826,21
2423738790778,21
2423738890730,20
2423738990682,22
2423739090634,21
2423739190586,21
2423739290538,21
2423739390490,21
2423739490442,21
2423739590394,21
2423739690346,21
2423739790298,25
2423739890250,27
2423739990202,23
2423740090154,22
2423740190106,22
2423740290058,22
2423740390010,22
2423740489962,22
2423740589914,21
2423740689866,21
2423740789818,22
2423740889770,20
2423740989722,21
2423741089674,21
2423741189626,21
2423741289578,21
2423741389530,21
2423741489482,21
2423741589434,21
2423741689386,21
2423741789339,21
2423741889291,21
2423741989243,21
2423742089195,22
2423742189147,21
2423742289099,21
2423742389051,21
2423742489004,21
2423742588956,21
2423742688908,22
2423742788860,21
2423742888812,21
2423742988764,21
2423743088716,21
2423743188668,21
2423743288620,21
2423743388572,21
2423743488524,21
2423743588476,21
2423743688428,21
2423743788380,21
2423743888332,21
2423743988284,21
2423744088236,21
2423744188188,21
2423744288140,21
2423744388092,21
2423744488044,21
2423744587996,24
2423744687948,21
2423744787900,21
2423744887852,27
2423744987804,26
2423745087756,21
2423745187708,21
2423745287660,20
2423745387612,21
2423745487564,20
2423745587516,21
2423745687468,21
2423745787420,22
2423745887372,20
2423745987324,20
2423746087276,21
2423746187228,21
2423746287180,21
2423746387132,20
2423746487085,21
2423746587037,21
2423746686989,26
2423746786941,21
2423746886893,20
2423746986845,20
2423747086797,21
2423747186749,20
2423747286701,21
2423747386653,20
2423747486605,21
2423747586557,20
2423747686509,20
2423747786461,21
2423747886413,20
2423747986365,20
2423748086317,20
2423748186269,21
2423748286221,21
2423748386173,21
2423748486125,21
2423748586077,20
2423748686029,21
2423748785981,24
2423748885933,20
2423748985885,21
2423749085837,20
2423749185789,22
2423749285741,21
2423749385693,21
2423749485645,21
2423749585597,21
2423749685549,22
2423749785501,22
2423749885453,22
2423749985405,25
2423750085357,27
2423750185309,22
2423750285261,22
2423750385213,22
2423750485165,22
2423750585117,22
2423750685070,32
2423750785022,31
2423750884974,33
2423750984926,31
2423751084878,21
2423751184830,21
2423751284782,21
2423751384734,21
2423751484686,21
2423751584638,21
2423751684590,21
2423751784542,21
2423751884494,21
2423751984446,21
2423752084398,21
2423752184350,21
2423752284302,22
2423752384254,22
2423752484206,21
2423752584158,21
2423752684110,21
2423752784062,21
2423752884014,21
2423752983966,21
2423753083918,21
2423753183870,21
2423753283822,21
2423753383774,21
2423753483726,21
2423753583678,21
2423753683630,21
2423753783582,22
2423753883534,21
2423753983486,21
2423754083438,21
2423754183390,21
2423754283342,21
2423754383294,21
2423754483246,21
2423754583198,21
2423754683151,22
2423754783103,21
2423754883055,21
2423754983007,21
2423755082959,26
2423755182911,26
2423755282863,21
2423755382815,21
2423755482767,21
2423755582719,21
2423755682671,21
2423755782623,21
2423755882575,21
2423755982527,21
2423756082479,21
2423756182431,21
2423756282383,21
2423756382335,20
2423756482287,21
2423756582239,21
2423756682191,21
2423756782143,21
2423756882095,21
2423756982047,21
2423757081999,25
2423757181951,21
2423757281903,20
2423757381855,20
2423757481807,20
2423757581759,21
2423757681711,20
2423757781664,25
2423757881616,21
2423757981568,21
2423758081520,21
2423758181472,21
2423758281424,21
2423758381376,21
2423758481328,21
2423758581280,21
2423758681232,21
2423758781184,21
2423758881136,20
2423758981088,21
2423759081040,21
2423759180992,24
2423759280944,20
2423759380896,22
2423759480848,21
2423759580800,20
2423759680752,21
2423759780704,21
2423759880656,21
2423759980608,20
2423760080560,21
2423760180512,27
2423760280464,27
2423760380417,23
2423760480369,22
2423760580321,22
2423760680273,22
2423760780225,21
2423760880177,21
2423760980129,21
2423761080081,21
2423761180033,21
2423761279985,24
2423761379937,21
2423761479889,21
2423761579841,21
2423761679793,21
2423761779745,22
2423761879697,21
2423761979649,21
2423762079601,21
2423762179553,21
2423762279505,21
2423762379476,22
2423762479428,22
2423762579380,21
2423762679332,22
2423762779284,21
2423762879236,21
2423762979188,21
2423763079140,21
2423763179092,21
2423763279044,21
2423763378996,24
2423763478948,21
2423763578900,21
2423763678852,21
2423763778804,21
2423763878756,21
2423763978708,21
2423764078660,21
2423764178612,21
2423764278564,21
2423764378516,21
2423764478468,21
2423764578420,21
2423764678372,21
2423764778324,21
2423764878276,21
2423764978228,21
2423765078180,21
