729485994768,2125
729486094684,1195
729486194588,1182
729486294490,1182
729486394394,1187
729486494296,1184
729486594198,1183
729486694101,1190
729486794004,1185
729486893906,1196
729486993808,1176
729487093710,990
729487193612,989
729487293514,953
729487393416,989
729487493318,978
729487593220,970
729487693122,978
729487793024,974
729487892926,955
729487992828,988
729488092730,951
729488192632,990
729488292534,952
729488392436,989
729488492338,961
729488592240,976
729488692142,991
729488792044,977
729488891946,988
729488991848,950
729489091750,955
729489191652,951
729489291554,997
729489391456,953
729489491358,955
729489591260,974
729489691162,987
729489791064,955
729489890966,985
729489990868,950
729490090770,961
729490190672,951
729490290574,953
729490390476,953
729490490378,955
729490590280,967
729490690183,972
729490790085,976
729490889987,956
729490989889,990
729491089791,990
729491189693,952
729491289595,955
729491389497,988
729491489399,954
729491589301,976
729491689203,978
729491789105,976
729491889007,989
729491988909,951
729492088811,991
729492188713,955
729492288615,990
729492388517,952
729492488419,963
729492588321,978
729492688224,988
729492788126,974
729492888028,976
729492987930,955
729493087832,955
729493187734,988
729493287636,962
729493387538,953
729493487440,988
729493587342,988
729493687244,975
729493787146,972
729493887048,955
729493986950,991
729494086852,994
729494186754,989
729494286656,951
729494386558,988
729494486460,990
729494586362,954
729494686265,968
729494786167,974
729494886069,983
729494985971,955
729495085873,989
729495185775,951
729495285677,952
729495385579,955
729495485481,955
729495585383,954
729495685285,984
729495785187,972
729495885089,976
729495984991,990
729496084894,1047
729496184796,993
729496284698,994
729496384600,989
729496484502,993
729496584404,994
729496684306,981
729496784208,992
729496884110,971
729496984012,952
729497083914,960
729497183816,995
729497283718,959
729497383620,960
729497483522,996
729497583424,996
729497683326,998
729497783228,976
729497883130,979
729497983032,997
729498082934,993
729498182836,992
729498282738,992
729498382640,992
729498482542,993
729498582444,992
729498682346,980
729498782248,992
729498882150,990
729498982052,992
729499081954,958
729499181856,991
729499281758,991
729499381660,992
729499481562,995
729499581464,992
729499681366,994
729499781268,993
729499881170,976
729499981072,980
729500080974,991
729500180876,992
729500280778,992
729500380680,992
729500480582,993
729500580484,994
729500680386,993
729500780288,977
729500880190,992
729500980092,958
729501079994,953
729501179896,951
729501279798,993
729501379700,958
729501479602,991
729501579504,952
729501679406,990
729501779308,971
729501879210,972
729501979112,976
729502079014,993
729502178916,992
729502278818,991
729502378720,992
729502478623,994
729502578525,993
729502678428,992
729502778330,980
729502878232,1030
729502978134,988
729503078036,990
729503177938,989
729503277840,990
729503377742,993
729503477644,993
729503577546,958
729503677448,991
729503777362,981
729503877264,992
729503977166,975
729504077069,975
729504176971,987
729504276873,991
729504376775,993
729504476677,993
729504576579,989
729504676481,992
729504776383,993
729504876285,977
729504976187,989
729505076089,958
729505175991,957
729505275893,957
729505375795,992
729505475697,958
729505575599,992
729505675501,958
729505775403,994
729505875305,969
729505975207,975
729506075110,1027
729506175012,993
729506274914,992
729506374816,992
729506474718,992
729506574620,992
729506674523,993
729506774425,991
729506874327,979
729506974229,992
729507074131,992
729507174033,992
729507273935,959
729507373837,993
729507473739,997
729507573641,997
729507673543,962
729507773445,994
729507873357,979
729507973259,995
729508073161,979
729508173072,981
729508272974,991
729508372876,992
729508472778,999
729508572680,993
729508672583,992
729508772485,992
729508872387,991
729508972289,977
729509072191,991
729509172093,956
729509271995,957
729509371897,957
729509471799,990
729509571701,953
729509671603,995
729509771505,957
729509871407,992
729509971309,968
729510071234,981
729510171136,976
729510271038,991
729510370940,992
729510470842,991
729510570744,991
729510670646,991
729510770548,991
729510870450,998
729510970352,979
729511070254,990
729511170156,990
729511270065,980
729511369967,951
729511469869,997
729511569771,991
729511669673,998
729511769575,957
729511869477,991
729511969379,991
729512069282,992
729512169184,975
729512269086,988
729512368988,992
729512468890,999
729512568792,991
729512668695,991
729512768597,989
729512868499,990
729512968401,990
729513068303,976
729513168205,987
729513268107,976
729513368009,953
729513467911,989
729513567813,987
729513667715,957
729513767617,953
729513867519,954
729513967421,990
729514067323,977
729514167225,973
729514267127,976
729514367029,992
729514466931,990
729514566833,988
729514666735,993
729514766637,989
729514866539,997
729514966441,991
729515066343,995
729515166245,993
729515266147,995
729515366049,991
729515465951,957
729515565853,992
729515665755,998
729515765657,991
729515865559,956
729515965461,992
729516065364,1034
729516165266,992
729516265168,977
729516365070,980
729516464972,1010
729516564874,992
729516664776,1029
729516764678,992
729516864580,992
729516964482,993
729517064384,993
729517164286,977
729517264188,993
729517364090,958
729517463992,1060
729517563894,992
729517663796,996
729517763698,956
729517863600,957
729517963502,957
729518063404,998
729518163306,974
729518263208,976
729518363110,982
729518463012,1002
729518562914,992
729518662816,993
729518762718,992
729518862620,992
729518962522,992
729519062424,990
729519162326,979
729519262228,992
729519362130,989
729519462032,996
729519561934,988
729519661836,996
729519761738,990
729519861640,992
729519961542,952
729520061444,992
729520161358,980
729520261260,991
729520361162,975
729520461068,978
729520560970,993
729520660872,990
729520760774,992
729520860676,989
729520960578,991
729521060480,993
729521160382,990
729521260284,978
729521360186,992
729521460088,996
729521559990,989
729521659892,977
729521759794,955
729521859696,954
729521959598,992
729522059500,958
729522159402,992
729522259304,969
729522359206,975
729522459108,978
729522559010,992
729522658912,1057
729522758815,994
729522858717,993
729522958619,993
729523058521,993
729523158423,992
729523258325,977
729523358227,992
729523458129,995
729523558031,995
729523657933,954
729523757835,990
729523857737,992
729523957639,991
729524057541,955
729524157443,993
729524257345,988
729524357247,993
729524457149,979
729524557051,992
729524656953,992
729524756855,993
729524856757,992
729524956659,992
729525056561,992
729525156463,992
729525256365,994
729525356267,976
729525456169,990
729525556071,954
729525655973,957
729525755875,951
729525855777,952
729525955679,951
729526055582,1034
729526155484,954
729526255386,990
729526355288,971
729526455190,975
729526555092,979
729526654994,988
729526754896,990
729526854798,995
729526954700,990
729527054602,995
729527154504,994
729527254406,993
729527354308,977
729527454210,992
729527554112,989
729527654014,995
729527753916,960
729527853818,995
729527953720,1006
729528053622,994
729528153524,956
729528253426,996
729528353328,996
729528453230,1010
729528553132,979
729528653034,1034
729528752936,992
729528852838,991
729528952740,991
729529052642,989
729529152544,990
729529252446,998
729529352348,979
729529452250,996
729529552152,994
729529652054,996
729529751956,952
729529851858,956
729529951760,956
729530051662,960
729530151564,953
729530251466,956
729530351368,993
729530451270,971
729530551172,974
729530651074,980
729530750976,991
729530850878,998
729530950780,991
729531050682,992
729531150584,992
729531250486,991
729531350388,992
729531450290,995
729531550192,996
729531650094,1001
729531749996,992
729531849898,951
729531949800,990
729532049702,991
729532149604,991
729532249506,954
729532349408,990
729532449310,999
729532549212,988
729532649114,978
729532749016,992
729532848918,991
729532948820,991
729533048722,990
729533148624,991
729533248526,996
729533348428,990
729533448330,994
729533548232,994
729533648134,994
729533748036,955
729533847938,951
729533947840,956
729534047758,960
729534147660,957
729534247562,956
729534347464,954
729534447367,974
729534547269,972
729534647171,977
729534747074,977
729534846976,997
729534946878,991
729535046780,989
729535146682,992
729535246584,990
729535346486,990
729535446388,992
729535546290,994
729535646192,1001
729535746094,991
729535845996,992
729535945898,951
729536045800,1036
729536145702,993
729536245604,991
729536345506,952
729536445408,993
729536545311,987
729536645213,993
729536745115,977
729536845017,992
729536944919,994
729537044821,991
729537144723,991
729537244625,991
729537344527,993
729537444429,999
729537544331,982
729537644233,976
729537744135,993
729537844037,955
729537943939,953
729538043841,962
729538143743,960
729538243645,956
729538343547,960
729538443449,957
729538543362,979
729538643264,975
729538743167,981
729538843069,984
729538942971,987
729539042873,991
729539142775,989
729539242677,991
729539342579,1028
729539442481,993
729539542383,993
729539642285,977
729539742188,993
729539842090,986
729539941992,993
729540041894,954
729540141796,1026
729540241698,993
729540341600,992
729540441502,958
729540541404,994
729540641306,992
729540741209,992
729540841111,979
729540941013,993
729541040915,987
729541140817,994
729541240719,994
729541340621,992
729541440523,993
729541540425,997
729541640327,996
729541740229,979
729541840131,993
729541940033,955
729542039935,958
729542139837,958
729542239739,959
729542339641,958
729542439543,953
729542539445,955
729542639347,992
729542739250,972
729542839152,977
729542939054,993
729543038956,990
729543138858,987
729543238760,990
729543338662,990
729543438564,989
729543538466,997
729543638368,992
729543738271,977
729543838173,992
729543938075,976
729544037977,992
729544137879,955
729544237781,992
729544337683,993
729544437585,993
729544537487,954
729544637389,992
729544737292,994
729544837194,991
729544937096,978
729545036998,993
729545136900,991
729545236802,990
729545336704,992
729545436606,998
729545536508,997
729545636410,993
729545736312,979
729545836214,970
729545936116,992
729546036019,961
729546135921,952
729546235823,952
729546335725,956
729546435627,957
729546535529,956
729546635431,957
729546735345,979
729546835247,978
729546935149,976
729547035051,987
729547134953,991
729547234855,992
729547334757,991
729547434659,996
729547534561,992
729547634463,1001
729547734365,981
729547834267,977
729547934169,992
729548034071,979
729548133973,994
729548233875,959
729548333777,993
729548433679,1001
729548533581,994
729548633483,957
729548733386,992
729548833288,994
729548933190,994
729549033092,981
729549132994,990
729549232896,998
729549332798,991
729549432700,991
729549532602,991
729549632504,992
729549732406,993
729549832308,977
729549932210,975
729550032112,998
729550132014,954
729550231916,952
729550331818,956
729550431720,957
729550531622,953
729550631524,957
729550731426,955
729550831328,998
729550931230,973
729551031132,976
729551131034,994
729551230936,989
729551330838,995
729551430740,991
729551530642,994
729551630544,997
729551730446,991
729551830355,975
729551930257,975
729552030159,991
729552130066,982
729552229968,991
729552329870,957
729552429772,997
729552529674,991
729552629576,992
729552729478,954
729552829380,992
729552929282,991
729553029184,1011
729553129086,978
729553228988,999
729553328890,994
729553428792,994
729553528694,992
729553628596,993
729553728498,989
729553828400,990
729553928302,977
729554028204,994
729554128106,990
729554228008,954
729554327910,951
729554427812,952
729554527714,957
729554627616,951
729554727519,954
729554827421,960
729554927323,991
729555027225,973
729555127127,977
729555227029,988
729555326931,988
729555426833,990
729555526735,995
729555626637,997
729555726539,990
729555826441,990
729555926343,992
729556026246,1050
729556126148,993
729556226050,992
729556325952,992
729556425854,958
729556525756,992
729556625658,991
729556725560,992
729556825462,955
729556925364,994
729557025266,992
729557125168,992
729557225070,977
729557324972,993
729557424874,990
729557524776,997
729557624678,992
729557724580,993
729557824482,993
729557924384,992
729558024305,974
729558124207,974
729558224109,989
729558324011,955
729558423913,960
729558523815,959
729558623717,955
729558723620,957
729558823522,961
729558923424,961
729559023326,995
729559123228,975
729559223130,980
729559323032,1003
729559422934,989
729559522836,992
729559622738,992
729559722640,993
729559822542,992
729559922444,993
729560022358,974
729560122260,976
729560222162,993
729560322069,979
729560421971,992
729560521874,952
729560621776,991
729560721678,994
729560821580,989
729560921482,954
729561021384,993
729561121286,992
729561221188,992
729561321090,976
729561420992,989
729561520894,993
729561620796,993
729561720698,991
729561820600,990
729561920502,993
729562020404,994
729562120306,979
729562220208,976
729562320110,991
729562420012,955
729562519914,957
729562619816,958
729562719719,954
729562819621,955
729562919523,955
729563019425,955
729563119327,997
729563219229,992
729563319131,995
729563419033,992
729563518935,994
729563618837,993
729563718740,991
729563818642,993
729563918544,992
729564018446,989
729564118357,974
729564218259,976
729564318161,993
729564418069,980
729564517971,992
729564617873,951
729564717775,993
729564817677,992
729564917579,990
729565017481,954
729565117383,991
729565217285,993
729565317187,993
729565417089,989
729565516991,988
729565616893,989
729565716795,990
729565816697,990
729565916599,993
729566016502,1036
729566116404,989
729566216306,976
729566316208,974
729566416110,991
729566516012,954
729566615914,952
729566715817,952
729566815719,960
729566915621,954
729567015523,954
729567115425,957
729567215327,991
729567315229,972
729567415131,995
729567515033,996
729567614935,1002
729567714837,990
729567814739,989
729567914641,993
729568014543,989
729568114445,990
729568214360,977
729568314262,975
729568414164,997
729568514068,974
729568613970,993
729568713873,953
729568813775,992
729568913677,993
729569013579,991
729569113481,960
729569213383,999
729569313285,994
729569413187,999
729569513089,998
729569612991,989
729569712894,996
729569812796,989
729569912698,992
729570012600,1000
729570112502,991
729570212404,993
729570312306,978
729570412208,973
729570512110,992
729570612012,954
729570711915,957
729570811817,957
729570911719,953
729571011621,957
729571111523,954
729571211425,957
729571311327,991
729571411229,994
729571511131,995
729571611033,1001
729571710935,992
729571810837,990
729571910739,990
729572010641,993
729572110543,989
729572210445,991
729572310356,975
729572410258,982
729572510160,992
729572610067,978
729572709970,992
729572809872,957
729572909774,992
729573009676,990
729573109578,991
729573209480,963
729573309382,991
729573409284,995
729573509186,995
729573609088,978
729573708990,992
729573808892,991
729573908794,992
729574008696,1000
729574108598,993
729574208500,992
729574308402,991
729574408304,977
729574508206,973
729574608108,987
729574708010,954
729574807912,957
729574907814,952
729575007716,952
729575107618,992
729575207520,992
729575307422,956
729575407324,991
729575507226,969
729575607128,980
729575707030,1026
729575806932,992
729575906834,991
729576006737,992
729576106639,992
729576206541,997
729576306443,992
729576406355,976
729576506257,973
729576606159,992
729576706068,979
729576805970,992
729576905872,957
729577005774,991
729577105676,993
729577205578,992
729577305480,957
729577405382,994
729577505284,994
729577605186,995
729577705088,978
729577804990,988
729577904892,995
729578004794,993
729578104696,994
729578204598,992
729578304500,994
729578404402,993
729578504304,979
729578604206,975
729578704109,991
729578804011,954
729578903913,960
729579003815,958
729579103717,959
729579203619,973
729579303521,960
729579403423,996
729579503325,997
729579603227,1001
729579703129,1013
729579803031,995
729579902933,993
729580002835,992
729580102737,993
729580202639,993
729580302541,991
729580402443,992
729580502355,975
729580602257,976
729580702160,993
729580802068,979
729580901970,993
729581001872,952
729581101774,991
729581201676,992
729581301578,992
729581401480,992
729581501382,992
729581601284,993
729581701186,991
729581801088,980
729581900990,992
729582000892,993
729582100809,994
729582200711,993
729582300613,994
729582400515,993
729582500417,994
729582600319,974
729582700221,976
729582800123,992
729582900025,951
729582999927,951
729583099829,957
729583199731,950
729583299633,951
729583399535,996
729583499437,992
729583599339,995
729583699241,996
729583799143,977
729583899045,993
729583998947,993
729584098849,993
729584198751,993
729584298653,992
729584398555,993
729584498457,991
729584598360,975
729584698263,1000
729584798165,991
729584898067,980
729584997969,989
729585097871,957
729585197773,993
729585297675,991
729585397577,996
729585497479,996
729585597381,993
729585697283,991
729585797185,993
729585897087,980
729585996990,1041
729586096892,991
729586196794,993
729586296696,991
729586396598,990
729586496500,990
729586596402,990
729586696304,976
729586796206,979
729586896108,986
729586996010,953
729587095912,989
729587195814,990
729587295716,995
729587395618,953
729587495520,954
729587595422,960
729587695324,990
729587795226,972
729587895128,977
729587995030,989
729588094932,996
729588194834,991
729588294736,994
729588394638,1000
729588494540,994
729588594442,992
729588694356,975
729588794258,976
729588894160,991
729588994066,977
729589093968,994
729589193870,966
729589293772,994
729589393674,998
729589493576,993
729589593478,997
729589693380,995
729589793282,995
729589893184,994
729589993086,989
729590092988,991
729590192890,991
729590292792,991
729590392694,992
729590492596,992
729590592498,1026
729590692401,1009
729590792303,984
729590892205,973
729590992107,991
729591092009,953
729591191911,951
729591291813,952
729591391715,990
729591491617,995
729591591519,999
729591691421,955
729591791323,990
729591891226,973
729591991128,976
729592091030,992
729592190932,990
729592290834,992
729592390736,998
729592490638,992
729592590540,990
729592690442,992
729592790344,979
729592890246,975
729592990148,1027
729593090050,991
729593189952,996
729593289854,956
729593389756,995
729593489658,991
729593589560,994
729593689462,954
729593789364,980
729593889266,992
729593989168,997
729594089070,981
729594188972,991
729594288874,991
729594388776,992
729594488678,992
729594588580,992
729594688483,1028
729594788385,999
729594888287,978
729594988189,973
729595088091,1027
729595187993,950
729595287895,951
729595387797,991
729595487699,994
729595587601,1002
729595687503,992
729595787405,957
729595887307,991
729595987209,974
729596087112,1022
729596187014,990
729596286916,990
729596386818,993
729596486720,993
729596586622,994
729596686524,993
729596786426,991
729596886328,984
729596986230,976
729597086132,993
729597186034,993
729597285936,991
729597385838,958
729597485740,990
729597585642,992
729597685544,993
729597785446,957
729597885359,976
729597985261,991
729598085163,993
729598185068,978
729598284970,992
729598384872,992
729598484774,992
729598584676,993
729598684578,992
729598784480,993
729598884382,991
729598984284,978
729599084186,991
729599184088,995
729599283990,998
729599383892,960
729599483794,960
729599583696,957
729599683598,958
729599783500,957
729599883402,958
729599983304,993
729600083206,978
729600183108,982
729600283010,997
729600382912,994
729600482814,992
729600582716,992
729600682619,992
729600782521,992
729600882423,992
729600982325,991
729601082227,975
729601182129,989
729601282031,992
729601381933,990
729601481835,996
729601581737,990
729601681639,991
729601781541,990
729601881443,958
729601981345,993
729602081248,992
729602181150,1034
729602281052,1030
729602380954,1032
729602480856,1032
729602580758,1030
729602680660,994
729602780562,994
729602880464,988
729602980366,992
729603080268,974
729603180171,973
729603280073,980
729603379975,951
729603479877,996
729603579779,992
729603679681,991
729603779584,952
729603879486,956
729603979389,959
729604079291,993
729604179193,974
729604279095,979
729604378997,994
729604478899,992
729604578802,994
729604678705,994
729604778607,993
729604878509,992
729604978411,992
729605078313,991
729605178215,975
729605278117,990
729605378019,993
729605477921,990
729605577823,995
729605677725,993
729605777627,991
729605877529,990
729605977431,957
729606077352,991
729606177254,992
729606277156,991
729606377066,975
729606476968,992
729606576870,992
729606676772,990
729606776674,999
729606876576,992
729606976478,990
729607076380,991
729607176282,975
729607276184,973
729607376086,991
729607475988,995
729607575890,1001
729607675792,953
729607775694,953
729607875596,956
729607975498,957
729608075400,954
729608175302,990
729608275204,974
729608375106,981
729608475008,988
729608574910,992
729608674813,993
729608774715,990
729608874617,992
729608974519,992
729609074421,992
729609174323,991
729609274225,974
729609374127,992
729609474029,995
729609573931,992
729609673833,955
729609773735,995
729609873637,994
729609973539,1000
729610073441,960
729610173343,995
729610273245,994
729610373147,994
729610473049,994
729610572951,992
729610672854,991
729610772756,998
729610872658,991
729610972560,992
729611072462,993
729611172364,992
729611272266,995
729611372168,974
729611472070,978
729611571972,957
729611671874,951
729611771776,957
729611871678,952
729611971580,957
729612071483,957
729612171385,957
729612271287,992
729612371189,979
729612471091,978
729612570993,993
729612670896,991
729612770798,992
729612870700,992
729612970602,993
729613070504,990
729613170406,999
729613270308,990
729613370210,974
729613470112,995
729613570014,995
729613669916,1002
729613769818,953
729613869721,991
729613969623,997
729614069525,992
729614169427,955
729614269329,992
729614369231,991
729614469133,991
729614569035,992
729614668938,992
729614768841,1000
729614868743,992
729614968645,991
729615068547,992
729615168449,992
729615268351,979
729615368253,974
729615468155,995
729615568057,1002
729615667959,995
729615767861,956
729615867763,956
729615967665,953
729616067568,1023
729616167470,958
729616267372,957
729616367274,993
729616467176,977
729616567078,980
729616666980,993
729616766882,992
729616866784,992
729616966686,992
729617066588,991
729617166490,989
729617266392,988
729617366294,991
729617466196,995
729617566098,996
729617666003,1007
729617765905,993
729617865807,958
729617965709,991
729618065611,990
729618165513,992
729618265415,955
729618365317,991
729618465219,1027
729618565121,992
729618665023,1028
729618764925,990
729618864827,992
729618964729,994
729619064631,993
729619164533,993
729619264435,994
729619364337,977
729619464239,1066
729619564141,992
729619664043,996
729619763945,954
729619863847,954
729619963749,954
729620063651,958
729620163553,977
729620263455,957
729620363358,955
729620463260,1001
729620563163,979
729620663068,982
729620762970,989
729620862872,993
729620962774,990
729621062676,991
729621162578,993
729621262480,989
729621362382,989
729621462284,994
729621562186,974
729621662088,989
729621761990,993
729621861892,992
729621961794,954
729622061696,991
729622161598,992
729622261500,991
729622361402,955
729622461304,992
729622561206,992
729622661108,989
729622761010,989
729622860912,992
729622960814,992
729623060716,990
729623160618,991
729623260520,992
729623360422,994
729623460324,978
729623560226,977
729623660128,972
729623760030,990
729623859932,958
729623959834,991
729624059736,957
729624159638,953
729624259540,954
729624359442,957
729624459344,970
729624559246,973
729624659148,1045
729624759050,992
729624858952,993
729624958854,994
729625058756,991
729625158658,995
729625258560,993
729625358462,992
729625458364,991
729625558266,994
729625658168,983
729625758070,979
729625857972,992
729625957874,993
729626057777,1025
729626157679,990
729626257581,989
729626357483,989
729626457386,957
729626557288,991
729626657190,993
729626757093,993
729626856995,991
729626956897,991
729627056799,992
729627156701,990
729627256603,991
729627356505,990
729627456407,995
729627556309,1002
729627656211,996
729627756113,970
729627856015,954
729627955917,958
729628055819,951
729628155721,956
729628255623,953
729628355525,958
729628455427,954
729628555329,968
729628655231,974
729628755134,973
729628855036,988
729628954938,991
729629054840,993
729629154742,997
729629254644,989
729629354546,992
729629454448,995
729629554350,994
729629654252,995
729629754154,971
729629854069,979
729629953971,1013
729630053887,997
729630153789,955
729630253691,992
729630353593,993
729630453495,1006
729630553397,959
729630653300,1016
729630753203,1001
729630853105,994
729630953007,988
729631052909,991
729631152811,990
729631252713,991
729631352615,990
729631452517,992
729631552419,1000
729631652321,1007
729631752223,974
729631852125,970
729631952027,954
729632051929,957
729632151831,952
729632251733,953
729632351635,960
729632451537,954
729632551439,954
729632651341,964
729632751244,967
729632851146,972
729632951048,991
729633050950,992
729633150852,996
729633250754,992
729633350656,992
729633450558,995
729633550460,992
729633650362,979
729633750264,992
729633850166,971
729633950073,995
729634049975,992
729634149877,992
729634249779,953
729634349681,992
729634449583,992
729634549485,992
729634649387,955
729634749290,998
729634849192,991
729634949094,990
729635048996,996
729635148898,995
729635248800,996
729635348702,994
729635448604,990
729635548506,999
729635648408,992
729635748310,977
729635848212,974
729635948114,970
729636048017,997
729636147919,951
729636247821,957
729636347723,955
729636447625,952
729636547527,958
729636647429,956
729636747343,953
729636847245,972
729636947147,972
729637047049,992
729637146951,992
729637246853,992
729637346755,991
729637446657,995
729637546559,992
729637646461,993
729637746363,993
729637846266,989
729637946168,974
729638046070,978
729638145972,992
729638245874,992
729638345776,958
729638445678,992
729638545580,990
729638645482,991
729638745384,959
729638845286,992
729638945188,991
729639045090,991
729639144992,992
729639244894,993
729639344796,991
729639444698,996
729639544600,995
729639644502,992
729639744404,993
729639844306,1015
729639944208,974
729640044110,972
729640144012,955
729640243914,954
729640343816,960
729640443718,955
729640543620,956
729640643522,957
729640743424,957
729640843326,1005
729640943228,975
729641043130,979
729641143032,995
729641242934,992
729641342836,991
729641442738,996
729641542640,996
729641642542,998
729641742444,994
729641842358,979
729641942260,991
729642042162,970
729642142068,978
729642241970,989
729642341872,991
729642441774,952
729642541676,992
729642641578,993
729642741480,994
729642841382,958
729642941284,992
729643041186,991
729643141088,991
729643240990,993
729643340892,992
729643440794,996
729643540696,992
729643640598,995
729643740500,997
729643840402,993
729643940304,979
729644040206,1005
729644140108,970
729644240010,955
729644339912,958
729644439814,958
729644539716,957
729644639618,958
729644739520,957
729644839422,958
729644939324,968
729645039226,975
729645139128,978
729645239030,993
729645338932,990
729645438835,991
729645538737,992
729645638639,993
729645738541,993
729645838443,992
729645938345,993
729646038248,1063
729646138150,971
729646238052,988
729646337954,991
729646437856,993
729646537758,957
729646637660,989
729646737562,996
729646837464,989
729646937366,955
729647037268,990
729647137170,994
729647237072,995
729647336974,977
729647436876,991
729647536778,997
729647636680,994
729647736582,993
729647836484,991
729647936386,991
729648036288,977
729648136190,987
729648236092,957
729648335994,964
729648435896,951
729648535798,957
729648635700,957
729648735602,957
729648835504,954
729648935406,956
729649035309,970
729649135211,982
729649235113,976
729649335015,992
729649434917,995
729649534819,995
729649634721,990
729649734623,993
729649834525,990
729649934427,997
729650034329,990
729650134231,993
729650234133,968
729650334035,988
729650433937,993
729650533839,993
729650633741,959
729650733643,1000
729650833545,992
729650933447,991
729651033349,959
729651133251,994
729651233153,990
729651333068,980
729651432970,995
729651532872,997
729651632774,995
729651732676,992
729651832578,992
729651932480,993
729652032382,992
729652132284,976
729652232186,972
729652332088,964
729652431990,957
729652531892,951
729652631794,957
729652731696,957
729652831598,953
729652931500,955
729653031402,954
729653131304,975
729653231206,973
729653331108,978
729653431010,996
729653530912,990
729653630814,990
729653730716,992
729653830618,991
729653930520,998
729654030439,989
729654130341,991
729654230243,991
729654330145,972
729654430047,992
729654529949,992
729654629851,991
729654729753,959
729654829655,991
729654929557,990
729655029459,991
729655129361,957
729655229263,991
729655329165,1008
729655429067,994
729655528969,1002
729655628871,996
729655728773,992
729655828675,991
729655928577,992
729656028480,1062
729656128382,993
729656228284,979
729656328186,979
729656428088,958
729656527991,957
729656627893,958
729656727795,952
729656827697,957
729656927599,953
729657027501,954
729657127403,958
729657227305,969
729657327207,973
729657427109,1019
729657527011,988
729657626913,990
729657726815,990
729657826717,993
729657926619,993
729658026521,993
729658126423,989
729658226325,994
729658326227,991
729658426129,987
729658526031,993
729658625933,991
729658725835,992
729658825737,957
729658925639,992
729659025541,992
729659125443,995
729659225345,996
729659325247,989
729659425149,992
729659525051,993
729659624953,990
729659724855,993
729659824757,992
729659924659,992
729660024561,994
729660124463,993
729660224365,994
729660324267,997
729660424169,971
729660524071,954
729660623973,953
729660723875,954
729660823777,955
729660923679,956
729661023581,956
729661123483,961
729661223385,957
729661323287,974
729661423189,999
729661523091,1000
729661622993,995
729661722895,993
729661822797,992
729661922699,993
729662022601,992
729662122503,993
729662222405,1034
729662322307,1033
729662422209,1032
729662522111,1011
729662622013,1032
729662721916,989
729662821818,986
729662921720,952
729663021622,990
729663121524,991
729663221426,992
729663321328,971
729663421230,996
729663521132,991
729663621034,990
729663720937,992
729663820839,993
729663920741,993
729664020643,993
729664120545,992
729664220447,994
729664320349,981
729664420251,976
729664520153,973
729664620055,958
729664719958,959
729664819860,957
729664919762,953
729665019664,957
729665119566,958
729665219468,955
729665319370,956
729665419272,995
729665519174,995
729665619076,995
729665718978,994
729665818880,995
729665918782,994
729666018685,992
729666118587,991
729666218489,992
729666318391,991
729666418293,992
729666518195,991
729666618097,969
729666717999,998
729666817901,991
729666917803,991
729667017705,952
729667117607,991
729667217509,991
729667317411,991
729667417313,995
729667517215,1003
729667617117,995
729667717019,988
729667816921,992
729667916823,989
729668016725,989
729668116627,992
729668216529,991
729668316431,999
729668416333,995
729668516236,975
729668616138,971
729668716040,954
729668815942,951
729668915844,956
729669015746,952
729669115648,963
729669215550,957
729669315452,957
729669415354,995
729669515256,971
729669615158,976
729669715066,979
729669814968,992
729669914870,999
729670014772,992
729670114674,991
729670214576,991
729670314478,992
729670414380,992
729670514282,991
729670614184,990
729670714086,964
729670813988,994
729670913890,989
729671013792,994
729671113694,993
729671213596,998
729671313498,989
729671413400,993
729671513302,981
729671613204,995
729671713107,994
729671813009,988
729671912911,992
729672012813,992
729672112715,991
729672212617,992
729672312519,998
729672412421,992
729672512323,980
729672612225,974
729672712127,971
729672812029,954
729672911931,951
729673011833,952
729673111735,964
729673211637,953
729673311539,957
729673411441,992
729673511343,993
729673611245,993
729673711148,976
729673811050,993
729673910952,999
729674010854,992
729674110756,991
729674210658,990
729674310560,991
729674410462,991
729674510364,979
729674610266,991
729674710169,998
729674810071,956
729674909973,989
729675009875,991
729675109777,991
729675209679,956
729675309581,991
729675409483,995
729675509385,1003
729675609287,992
729675709189,992
729675809091,990
729675908993,990
729676008896,1027
729676108798,952
729676208700,993
729676308602,992
729676408504,993
729676508406,992
729676608308,979
729676708210,972
729676808112,966
729676908014,955
729677007916,951
729677107818,954
729677207720,952
729677307622,958
729677407524,997
729677507426,991
729677607328,993
729677707231,981
729677807133,974
729677907035,990
729678006954,993
729678106856,989
729678206758,992
729678306660,990
729678406562,993
729678506464,992
729678606366,993
729678706269,993
729678806171,991
729678906073,958
729679005975,991
729679105877,992
729679205779,993
729679305681,953
729679405583,992
729679505485,994
729679605387,992
729679705289,969
729679805191,991
729679905093,989
729680004995,988
729680104897,993
729680204799,993
729680304701,994
729680404603,993
729680504505,993
729680604407,994
729680704309,980
729680804211,977
729680904113,970
729681004015,948
729681103917,962
729681203819,973
729681303721,963
729681403623,995
729681503525,998
729681603427,958
729681703329,986
729681803231,978
729681903133,980
729682003035,991
729682102937,991
729682202839,994
729682302741,990
729682402643,993
729682502545,992
729682602447,993
729682702354,977
729682802256,991
729682902158,990
729683002060,959
729683101962,989
729683201864,996
729683301766,997
729683401668,953
729683501570,992
729683601472,993
729683701374,992
729683801276,971
729683901178,993
729684001080,992
729684100982,993
729684200884,993
729684300786,994
729684400688,991
729684500590,993
729684600492,993
729684700394,1004
729684800296,978
729684900198,974
729685000100,969
729685100004,952
729685199906,952
729685299808,952
729685399710,991
729685499612,992
729685599514,997
729685699417,996
729685799320,970
729685899222,973
729685999125,1015
729686099027,991
729686198929,990
729686298831,989
729686398733,991
729686498635,990
729686598537,991
729686698440,1011
729686798347,979
729686898249,990
729686998151,990
729687098053,957
729687197955,987
729687297857,990
729687397759,994
729687497661,998
729687597563,991
729687697465,992
729687797367,991
729687897269,971
729687997171,991
729688097074,978
729688196976,992
729688296878,999
729688396780,991
729688496682,990
729688596584,991
729688696486,991
729688796388,991
729688896290,977
729688996192,974
729689096094,975
729689195996,950
729689295898,957
729689395800,990
729689495702,996
729689595604,992
729689695506,957
729689795408,954
729689895310,976
729689995212,974
729690095114,978
729690195016,991
729690294918,995
729690394820,994
729690494722,992
729690594624,990
729690694526,990
729690794428,992
729690894330,991
729690994232,991
729691094134,992
729691194036,953
729691293938,993
729691393840,998
729691493742,1001
729691593644,993
729691693546,994
729691793448,995
729691893360,977
729691993262,994
729692093164,996
729692193066,982
729692292968,999
729692392870,992
729692492772,992
729692592674,993
729692692577,990
729692792479,991
729692892381,992
729692992283,977
729693092185,981
729693192087,957
729693291989,956
729693391891,995
729693491793,989
729693591695,953
729693691597,953
729693791499,996
729693891401,961
729693991303,969
729694091205,972
729694191107,978
729694291009,988
729694390911,990
729694490813,992
729694590715,991
729694690617,998
729694790519,992
729694890421,992
729694990323,990
729695090225,1032
729695190127,994
729695290029,996
729695389931,991
729695489833,998
729695589735,991
729695689637,957
729695789539,989
729695889441,991
729695989343,991
729696089246,972
729696189148,993
729696289050,989
729696388952,993
729696488854,995
729696588756,994
729696688658,1031
729696788560,991
729696888462,992
729696988364,993
729697088266,977
729697188168,973
729697288070,953
729697387972,996
729697487874,995
729697587776,989
729697687678,996
729697787580,958
729697887482,953
729697987384,955
729698087286,970
729698187188,975
729698287090,980
729698386992,993
729698486894,993
729698586796,992
729698686698,992
729698786600,990
729698886502,992
729698986404,993
729699086306,991
729699186208,992
729699286110,991
729699386012,951
729699485914,991
729699585816,989
729699685718,991
729699785620,953
729699885522,992
729699985424,991
729700085326,992
729700185228,974
729700285130,992
729700385032,989
729700484934,993
729700584836,994
729700684738,993
729700784640,990
729700884542,992
729700984444,992
729701084346,981
729701184248,972
729701284150,973
729701384052,959
729701483954,991
729701583856,997
729701683758,994
729701783660,960
729701883562,961
729701983464,960
729702083384,963
729702183286,974
729702283188,979
729702383090,984
729702482992,992
729702582894,992
729702682796,994
729702782698,992
729702882600,991
729702982502,990
729703082404,993
729703182306,987
729703282208,993
729703382110,991
729703482012,997
729703581914,996
729703681816,993
729703781718,988
729703881620,958
729703981522,992
729704081424,992
729704181326,991
729704281228,973
729704381130,992
729704481032,991
729704580934,993
729704680836,993
729704780738,994
729704880640,992
729704980542,993
729705080444,994
729705180346,980
729705280248,977
729705380150,973
729705480052,996
729705579954,951
729705679856,957
729705779758,953
729705879660,954
729705979562,954
729706079465,1027
729706179367,954
729706279269,971
729706379171,975
729706479073,979
729706578975,991
729706678878,997
729706778780,992
729706878682,991
729706978584,991
729707078486,992
729707178388,993
729707278290,995
729707378192,991
729707478094,999
729707577996,957
729707677898,991
729707777800,992
729707877702,991
729707977604,957
729708077506,991
729708177408,992
729708277310,998
729708377212,974
729708477114,992
729708577016,990
729708676918,992
729708776820,991
729708876722,991
729708976624,990
729709076526,997
729709176428,992
729709276330,978
729709376232,975
729709476134,994
729709576036,995
729709675938,951
729709775840,957
729709875742,959
729709975644,952
729710075546,956
729710175448,954
729710275361,952
729710375263,970
729710475165,976
729710575072,978
729710674975,1001
729710774877,992
729710874779,992
729710974681,991
729711074583,991
729711174485,991
729711274387,992
729711374289,991
729711474191,994
729711574093,994
729711673995,959
729711773897,994
729711873799,994
729711973701,995
729712073603,959
729712173505,994
729712273407,998
729712373309,991
729712473211,977
729712573113,994
729712673015,995
729712772917,989
729712872819,991
729712972721,991
729713072623,998
729713172525,992
729713272427,990
729713372329,978
729713472231,995
729713572133,1031
729713672035,995
729713771937,952
729713871839,958
729713971741,952
729714071643,956
729714171545,953
729714271448,956
729714371361,950
729714471264,974
729714571166,976
729714671070,985
729714770972,990
729714870874,989
729714970776,990
729715070678,991
729715170580,991
729715270482,989
729715370384,993
729715470286,1002
729715570188,994
729715670090,995
729715769992,957
729715869894,990
729715969796,992
729716069699,1036
729716169601,958
729716269503,992
729716369405,993
729716469307,993
729716569210,974
729716669113,992
729716769015,992
729716868917,994
729716968819,991
729717068721,993
729717168623,993
729717268525,991
729717368427,989
729717468330,996
729717568232,974
729717668134,971
729717768036,955
729717867938,953
729717967840,952
729718067742,952
729718167644,957
729718267546,957
729718367448,954
729718467356,958
729718567258,971
729718667160,978
729718767065,978
729718866967,987
729718966869,992
729719066771,990
729719166673,991
729719266575,993
729719366477,991
729719466379,992
729719566281,991
729719666183,993
729719766085,993
729719865987,957
729719965889,992
729720065791,992
729720165693,993
729720265595,957
729720365497,992
729720465399,993
729720565301,993
729720665203,994
729720765106,992
729720865008,989
729720964910,987
729721064812,993
729721164714,990
729721264616,993
729721364518,992
729721464420,1067
729721564322,990
729721664224,995
729721764126,971
729721864028,955
729721963930,953
729722063832,954
729722163735,1035
729722263637,999
729722363540,995
729722463442,1005
729722563345,1012
729722663248,1012
729722763151,978
729722863053,995
729722962955,992
729723062858,993
729723162760,992
729723262662,990
729723362564,992
729723462466,997
729723562368,996
729723662270,994
729723762173,992
729723862075,980
729723961977,958
729724061879,989
729724161781,992
729724261683,992
729724361585,953
729724461487,991
729724561389,992
729724661291,1005
729724761194,975
729724861096,992
729724960998,991
729725060900,994
729725160802,992
729725260704,991
729725360606,991
729725460508,997
729725560410,992
729725660312,975
729725760214,975
729725860116,972
729725960018,993
729726059938,960
729726159840,952
729726259742,956
729726359644,952
729726459546,957
729726559448,954
729726659350,1045
729726759253,972
729726859155,972
729726959068,987
729727058970,992
729727158872,992
729727258774,992
729727358676,991
729727458578,998
729727558480,992
729727658382,1003
729727758284,992
729727858186,991
729727958088,991
729728057990,957
729728157892,992
729728257794,999
729728357696,992
729728457598,954
729728557500,993
729728657402,993
729728757305,990
729728857207,972
729728957109,990
729729057011,996
729729156913,991
729729256815,991
729729356717,991
729729456619,996
729729556521,991
729729656423,992
729729756325,978
729729856227,981
729729956129,970
729730056031,951
729730155933,956
729730255835,952
729730355737,957
729730455639,953
729730555541,957
729730655443,999
729730755349,950
729730855251,970
729730955153,976
729731055055,994
729731154957,989
729731254859,994
729731354761,992
729731454663,998
729731554565,992
729731654467,992
729731754369,980
729731854271,992
729731954173,991
729732054075,992
729732153977,953
729732253879,1003
729732353781,992
729732453683,1007
729732553585,956
729732653487,993
729732753389,994
729732853291,994
729732953193,989
729733053095,1002
729733152997,991
729733252899,990
729733352801,992
729733452703,996
729733552605,991
729733652507,1001
729733752409,993
729733852311,984
729733952213,973
729734052115,969
729734152017,953
729734251919,956
729734351821,952
729734451723,957
729734551625,953
729734651527,960
729734751429,957
729734851331,963
729734951233,972
729735051135,990
729735151037,992
729735250939,990
729735350841,991
729735450743,1002
729735550645,995
729735650547,991
729735750449,991
729735850351,980
729735950253,990
729736050156,1037
729736150067,978
729736249969,959
729736349871,989
729736449773,993
729736549675,993
729736649577,957
729736749480,989
729736849382,992
729736949284,991
729737049186,975
729737149089,994
729737248991,991
729737348893,988
729737448795,996
729737548697,991
729737648599,997
729737748501,991
729737848403,993
729737948305,978
729738048207,1010
729738148109,970
729738248011,954
729738347913,951
729738447815,957
729738547717,958
729738647619,959
729738747521,958
729738847423,955
729738947325,968
729739047227,970
729739147129,977
729739247031,991
729739346933,991
729739446835,991
729739546737,990
729739646639,991
729739746541,993
729739846443,988
729739946345,980
729740046247,992
729740146149,991
729740246051,992
729740345953,951
729740445855,992
729740545757,993
729740645659,992
729740745561,958
729740845463,991
729740945365,991
729741045267,989
729741145169,973
729741245072,977
729741344974,991
729741444876,989
729741544778,993
729741644680,992
729741744582,993
729741844484,992
729741944386,992
729742044288,978
729742144190,973
729742244092,958
729742343994,952
729742443896,957
729742543798,955
729742643700,959
729742743602,958
729742843504,960
729742943406,958
729743043308,999
729743143210,998
729743243112,998
729743343014,995
729743442916,993
729743542818,994
729743642720,994
729743742622,993
729743842524,1027
729743942426,992
729744042328,980
729744142230,1013
729744242132,992
729744342034,992
729744441936,957
729744541838,992
729744641740,992
729744741642,992
729744841544,955
729744941446,992
729745041348,981
729745141250,990
729745241152,977
729745341067,979
729745440969,989
729745540871,996
729745640773,990
729745740675,995
729745840577,992
729745940479,992
729746040382,1062
729746140284,976
729746240186,971
729746340088,957
729746439990,956
729746539892,957
729746639794,958
729746739696,954
729746839598,954
729746939500,953
729747039402,956
729747139304,967
729747239206,973
729747339108,978
729747439011,1002
729747538913,996
729747638815,990
729747738717,991
729747838619,992
729747938521,990
729748038423,991
729748138325,978
729748238227,998
729748338129,992
729748438031,992
729748537933,957
729748637835,992
729748737737,991
729748837639,990
729748937541,953
729749037443,998
729749137348,975
729749237250,991
729749337152,976
729749437054,995
729749536956,995
729749636858,995
729749736760,991
729749836662,999
729749936564,993
729750036466,991
729750136382,992
729750236284,976
729750336186,973
729750436088,957
729750535990,956
729750635892,963
729750735794,951
729750835696,952
729750935598,957
729751035500,954
729751135402,957
729751235304,970
729751335206,974
729751435108,1002
729751535010,995
729751634912,994
729751734814,992
729751834716,989
729751934618,992
729752034521,992
729752134423,993
729752234325,986
729752334227,991
729752434129,990
729752534031,992
729752633933,959
729752733835,994
729752833737,993
729752933639,994
729753033541,965
729753133443,994
729753233345,981
729753333247,994
729753433149,997
729753533051,995
729753632953,992
729753732855,992
729753832757,999
729753932659,991
729754032561,990
729754132463,992
729754232365,993
729754332267,976
729754432169,971
729754532071,957
729754631973,957
729754731875,952
729754831777,956
729754931679,956
729755031581,953
729755131484,992
729755231386,995
729755331288,993
729755431190,976
729755531092,978
729755630994,987
729755730896,992
729755830798,992
729755930700,992
729756030603,1026
729756130505,996
729756230407,994
729756330309,975
729756430211,992
729756530113,988
729756630015,992
729756729918,958
729756829820,992
729756929722,993
729757029624,993
729757129526,958
729757229428,993
729757329330,991
729757429232,996
729757529134,995
729757629036,997
729757728938,993
729757828840,993
729757928742,992
729758028644,992
729758128546,992
729758228448,992
729758328350,982
729758428252,976
729758528154,972
729758628056,958
729758727959,957
729758827861,951
729758927763,954
729759027665,957
729759127567,954
729759227469,954
729759327371,957
729759427273,996
729759527175,990
729759627077,995
729759726979,991
729759826881,992
729759926783,993
729760026685,994
729760126587,994
729760226489,992
729760326391,993
729760426293,975
729760526195,993
729760626097,993
729760725999,992
729760825901,951
729760925803,991
729761025705,991
729761125607,992
729761225509,954
729761325411,992
729761425313,994
729761525215,995
729761625117,989
729761725019,992
729761824921,993
729761924823,992
729762024725,994
729762124627,991
729762224529,991
729762324431,993
729762424333,979
729762524235,976
729762624137,972
729762724040,955
729762823942,960
729762923844,960
729763023746,960
729763123648,956
729763223550,960
729763323452,960
729763423354,999
729763523256,999
729763623158,998
729763723068,981
729763822970,987
729763922872,991
729764022774,991
729764122676,993
729764222578,992
729764322480,992
729764422382,986
729764522284,974
729764622186,993
729764722089,991
729764821991,992
729764921893,958
729765021795,992
729765121697,992
729765221599,991
729765321501,957
729765421403,992
729765521305,992
729765621207,993
729765721109,979
729765821011,994
729765920913,992
729766020816,1034
729766120718,992
729766220620,993
729766320522,992
729766420424,993
729766520326,980
729766620228,980
729766720130,971
729766820032,954
729766919934,951
729767019836,956
729767119738,990
729767219640,992
729767319542,992
729767419444,964
729767519346,970
729767619248,970
729767719150,976
729767819052,991
729767918954,990
729768018856,991
729768118758,992
729768218660,998
729768318562,992
729768418464,993
729768518366,980
729768618268,976
729768718171,991
729768818073,979
729768917975,990
729769017877,963
729769117779,990
729769217681,991
729769317583,990
729769417485,995
729769517387,995
729769617289,992
729769717191,992
729769817093,985
729769916995,991
729770016897,992
729770116799,990
729770216701,991
729770316603,992
729770416505,991
729770516407,992
729770616309,985
729770716211,975
729770816113,969
729770916015,953
729771015917,951
729771115819,951
729771215721,956
729771315623,953
729771415525,998
729771515427,994
729771615329,993
729771715231,971
729771815133,976
729771915035,1029
729772014937,992
729772114839,992
729772214741,999
729772314643,991
729772414545,992
729772514447,992
729772614355,973
729772714257,975
729772814159,991
729772914074,978
729773013976,1000
729773113878,959
729773213780,993
729773313682,996
729773413584,994
729773513486,995
729773613388,998
729773713290,996
729773813192,1002
729773913094,1018
729774012996,992
729774112913,992
729774212815,993
729774312717,993
729774412619,992
729774512521,990
729774612423,998
729774712325,978
729774812227,974
729774912129,971
729775012031,953
729775111933,951
729775211835,951
729775311737,956
729775411639,1002
729775511541,995
729775611443,994
729775711346,970
729775811248,971
729775911150,975
729776011064,1022
729776110966,958
729776210868,953
729776310770,992
729776410672,953
729776510574,992
729776610476,955
729776710378,958
729776810280,977
729776910182,991
729777010084,993
729777109986,993
729777209888,993
729777309790,993
729777409692,991
729777509594,996
729777609496,992
729777709398,991
729777809300,993
729777909202,992
729778009105,976
729778109007,986
729778208909,993
729778308811,993
729778408713,992
729778508615,989
729778608517,991
729778708419,991
729778808321,987
729778908223,992
729779008125,991
729779108027,995
729779207929,989
729779307831,998
729779407733,993
729779507635,992
729779607537,992
729779707439,994
729779807341,992
729779907243,973
729780007145,991
729780107047,958
729780206949,953
729780306851,952
729780406753,992
729780506655,953
729780606557,992
729780706460,955
729780806362,958
729780906264,977
729781006166,991
729781106069,977
729781205971,992
729781305873,990
729781405775,996
729781505677,991
729781605579,996
729781705481,992
729781805383,993
729781905285,992
729782005187,988
729782105090,976
729782204992,1035
729782304894,1030
729782404796,1032
729782504698,1030
729782604600,1030
729782704503,992
729782804405,993
729782904307,992
729783004209,986
729783104111,990
729783204019,991
729783303921,995
729783403823,999
729783503725,997
729783603627,1002
729783703530,1005
729783803432,995
729783903334,994
729784003236,977
729784103138,995
729784203040,956
729784302942,951
729784402844,955
729784502746,993
729784602648,958
729784702550,990
729784802452,955
729784902354,958
729785002256,978
729785102158,991
729785202067,976
729785301969,991
729785401871,992
729785501773,996
729785601675,995
729785701577,988
729785801479,994
729785901381,992
729786001284,992
729786101186,991
729786201088,978
729786300990,992
729786400892,992
729786500794,992
729786600696,996
729786700599,1028
729786800501,991
729786900403,992
729787000305,991
729787100207,992
729787200109,993
729787300011,988
729787399913,1002
729787499815,995
729787599717,995
729787699619,994
729787799521,991
729787899423,992
729787999325,992
729788099227,971
729788199130,999
729788299032,954
729788398934,950
729788498836,951
729788598738,992
729788698640,958
729788798542,990
729788898444,954
729788998354,959
729789098256,975
729789198158,990
729789298073,976
729789397975,995
729789497878,990
729789597780,992
729789697682,991
729789797584,997
729789897486,991
729789997388,991
729790097290,992
729790197193,990
729790297095,979
729790396997,991
729790496899,991
729790596801,998
729790696703,992
729790796605,991
729790896507,992
729790996409,990
729791096311,995
729791196213,995
729791296115,994
729791396017,999
729791495919,991
729791595821,952
729791695723,992
729791795625,993
729791895527,991
729791995429,991
729792095331,990
729792195233,979
729792295135,992
729792395037,954
729792494939,953
729792594841,956
729792694744,996
729792794646,957
729792894548,991
729792994450,961
729793094352,955
729793194254,975
729793294156,996
729793394058,996
729793493960,991
729793593862,991
729793693764,999
729793793666,1001
729793893568,993
729793993470,1029
729794093372,991
729794193274,995
729794293176,995
729794393078,981
729794492980,990
729794592882,997
729794692784,993
729794792686,991
729794892588,990
729794992490,990
729795092392,991
729795192294,992
729795292196,991
729795392098,1001
729795492004,991
729795591906,996
729795691808,951
729795791710,992
729795891612,992
729795991515,1064
729796091417,992
729796191319,992
729796291221,973
729796391123,989
729796491025,955
729796590927,953
729796690829,958
729796790731,991
729796890633,953
729796990535,993
729797090437,954
729797190349,950
729797290251,976
729797390153,995
729797490055,996
729797589957,989
729797689859,990
729797789761,994
729797889663,993
729797989565,991
729798089484,988
729798189386,990
729798289288,989
729798389190,993
729798489093,978
729798588995,992
729798688897,1028
729798788799,993
729798888701,992
729798988603,993
729799088505,988
729799188407,993
729799288309,992
729799388211,997
729799488113,994
729799588015,995
729799687917,984
729799787819,952
729799887721,993
729799987623,993
729800087525,992
729800187427,992
729800287329,992
729800387231,974
729800487133,992
729800587035,954
729800686937,958
729800786839,958
729800886741,992
729800986643,958
729801086545,986
729801186447,955
729801286352,952
729801386254,976
729801486156,995
729801586070,980
729801685972,992
729801785874,989
729801885776,990
729801985678,992
729802085580,993
729802185482,991
729802285384,988
729802385286,992
729802485188,992
729802585090,979
729802684992,990
729802784894,993
729802884796,991
729802984698,992
729803084600,991
729803184502,992
729803284404,992
729803384306,993
729803484208,993
729803584110,989
729803684012,994
729803783914,995
729803883816,960
729803983718,995
729804083620,995
729804183522,996
729804283424,996
729804383326,995
729804483228,978
729804583130,992
729804683032,954
729804782934,957
729804882836,951
729804982738,993
729805082640,979
729805182542,989
729805282444,955
729805382346,953
729805482248,995
729805582150,991
729805682052,996
729805781954,993
729805881856,991
729805981758,992
729806081661,1037
729806181563,992
729806281465,992
729806381367,990
729806481269,990
729806581171,998
729806681074,979
729806780976,990
729806880878,992
729806980780,992
729807080682,991
729807180584,990
729807280486,991
729807380388,998
729807480290,993
729807580192,996
729807680094,994
729807779996,992
729807879898,991
729807979800,952
729808079702,992
729808179604,999
729808279506,991
729808379408,992
729808479310,992
729808579212,975
729808679115,991
729808779017,953
729808878919,951
729808978821,963
729809078723,990
729809178625,952
729809278527,990
729809378429,955
729809478331,993
729809578233,994
729809678135,991
729809778037,999
729809877939,991
729809977841,992
729810077743,990
729810177645,991
729810277547,992
729810377449,991
729810477356,976
729810577258,998
729810677161,992
729810777067,980
729810876969,991
729810976871,991
729811076773,992
729811176675,991
729811276577,990
729811376479,999
729811476381,994
729811576283,993
729811676185,994
729811776087,990
729811875989,991
729811975891,991
729812075793,956
729812175695,998
729812275597,990
729812375499,992
729812475401,993
729812575304,992
729812675207,973
729812775109,992
729812875011,953
729812974913,958
729813074815,956
729813174717,992
729813274619,953
729813374521,990
729813474423,995
729813574325,968
729813674227,975
729813774129,993
729813874031,992
729813973933,993
729814073835,993
729814173737,993
729814273639,994
729814373541,995
729814473443,995
729814573358,984
729814673261,993
729814773163,995
729814873068,981
729814972970,992
729815072872,989
729815172774,995
729815272676,990
729815372578,998
729815472480,990
729815572382,988
729815672284,992
729815772186,991
729815872088,991
729815971990,991
729816071893,993
729816171795,954
729816271697,994
729816371599,993
729816471501,992
729816571403,993
729816671306,991
729816771208,973
729816871110,990
729816971012,955
729817070914,957
729817170816,978
729817270718,991
729817370620,953
729817470522,996
729817570424,993
729817670326,993
729817770228,974
729817870130,992
729817970032,992
729818069934,990
729818169836,1008
729818269738,991
729818369640,992
729818469542,993
729818569444,992
729818669356,975
729818769258,993
729818869160,992
729818969069,980
729819068971,990
729819168873,991
729819268775,994
729819368677,993
729819468579,991
729819568481,993
729819668383,982
729819768285,993
729819868187,991
729819968089,992
729820067991,992
729820167893,993
729820267795,958
729820367697,993
729820467599,992
729820567501,991
729820667403,1000
729820767306,992
729820867208,968
729820967110,992
729821067012,955
729821166914,951
729821266816,957
729821366718,992
729821466620,996
729821566522,992
729821666424,996
729821766326,971
729821866228,976
729821966131,991
729822066033,993
729822165952,989
729822265854,993
729822365756,992
729822465658,993
729822565560,993
729822665462,993
729822765365,992
729822865267,991
729822965169,992
729823065071,980
729823164973,992
729823264875,993
729823364777,994
729823464680,1053
729823564582,988
729823664484,985
729823764386,999
729823864288,992
729823964190,992
729824064092,993
729824163994,995
729824263896,994
729824363798,953
729824463700,1015
729824563602,994
729824663504,995
729824763406,996
729824863308,994
729824963210,978
729825063112,989
729825163014,951
729825262916,958
729825362818,952
729825462720,996
729825562622,954
729825662524,990
729825762426,958
729825862328,970
729825962230,972
729826062133,1037
729826162035,992
729826261937,993
729826361839,992
729826461741,991
729826561643,998
729826661545,1027
729826761447,991
729826861349,978
729826961251,991
729827061153,995
729827161055,994
729827260957,995
729827360859,996
729827460761,992
729827560663,992
729827660565,991
729827760467,993
729827860369,979
729827960271,1009
729828060173,991
729828160075,982
729828259977,992
729828359879,991
729828459781,957
729828559683,992
729828659585,1044
729828759488,993
729828859390,991
729828959293,1020
729829059195,975
729829159097,990
729829258999,951
729829358901,950
729829458803,995
729829558705,990
729829658607,1023
729829758509,998
729829858411,954
729829958313,1006
729830058215,974
729830158117,991
729830258019,988
729830357921,992
729830457823,990
729830557725,997
729830657627,991
729830757529,991
729830857431,991
729830957345,976
729831057247,988
729831157149,990
729831257051,992
729831356953,997
729831456855,989
729831556757,995
729831656659,991
729831756561,992
729831856463,992
729831956365,979
729832056267,991
729832156169,999
729832256071,980
729832355973,992
729832455875,993
729832555777,956
729832655679,1026
729832755581,992
729832855483,991
729832955385,998
729833055287,991
729833155189,974
729833255091,990
729833354993,957
729833454895,989
729833554797,995
729833654699,995
729833754601,964
729833854503,991
729833954405,955
729834054307,968
729834154209,975
729834254111,991
729834354013,992
729834453915,1007
729834553817,998
729834653719,994
729834753621,996
729834853523,995
729834953425,1008
729835053327,994
729835153229,994
729835253131,993
729835353033,1000
729835452935,995
729835552837,989
729835652739,989
729835752641,989
729835852543,992
729835952445,991
729836052359,1049
729836152261,989
729836252163,993
729836352067,973
729836451969,992
729836551871,991
729836651773,951
729836751675,994
729836851577,991
729836951479,1010
729837051381,1007
729837151283,992
729837251185,975
729837351087,990
729837450989,989
729837550891,957
729837650793,952
729837750695,994
729837850597,953
729837950499,991
729838050401,955
729838150303,969
729838250205,974
729838350107,991
729838450009,989
729838549911,992
729838649813,991
729838749715,991
729838849617,992
729838949519,991
729839049421,994
729839149323,990
729839249225,991
729839349127,991
729839449029,990
729839548931,993
729839648833,992
729839748735,992
729839848637,992
729839948539,992
729840048441,993
729840148355,977
729840248257,990
729840348159,991
729840448067,977
729840547969,990
729840647871,992
729840747773,958
729840847675,993
729840947577,991
729841047479,991
729841147381,993
729841247283,992
729841347185,975
729841447087,990
729841546989,989
729841646891,989
729841746793,958
729841846695,991
729841946597,957
729842046499,994
729842146401,992
729842246303,971
729842346205,972
729842446107,987
729842546009,994
729842645911,993
729842745813,991
729842845715,992
729842945617,991
729843045519,992
729843145421,992
729843245323,990
729843345225,993
729843445127,989
729843545029,996
729843644931,1002
729843744834,991
729843844736,994
729843944638,991
729844044540,992
729844144442,994
729844244356,974
729844344258,989
729844444160,992
729844544067,977
729844643969,994
729844743871,994
729844843773,955
729844943675,996
729845043577,995
729845143479,990
729845243381,995
729845343283,995
729845443185,977
729845543087,999
729845642989,997
729845742891,959
729845842793,958
729845942695,992
729846042598,954
729846142518,989
729846242420,956
729846342322,968
729846442224,974
729846542126,997
729846642028,991
729846741930,992
729846841832,992
729846941734,991
729847041636,990
729847141538,991
729847241440,993
729847341354,994
729847441256,994
729847541158,995
729847641060,994
729847740962,996
729847840864,992
729847940766,991
729848040668,992
729848140570,998
729848240472,991
729848340374,991
729848440276,992
729848540179,992
729848640081,991
729848739983,992
729848839885,992
729848939787,959
729849039689,991
729849139591,991
729849239493,992
729849339395,991
729849439297,996
729849539199,975
729849639101,991
729849739004,961
729849838906,951
729849938808,951
729850038710,988
729850138612,953
729850238514,991
729850338416,957
729850438318,967
729850538220,982
729850638122,993
729850738024,991
729850837926,989
729850937828,991
729851037730,992
729851137632,995
729851237534,995
729851337436,1002
729851437338,991
729851537240,987
729851637142,991
729851737044,991
729851836946,992
729851936848,992
729852036750,988
729852136652,1033
729852236554,991
729852336456,992
729852436358,979
729852536260,991
729852636162,992
729852736066,978
729852835968,991
729852935870,997
729853035772,957
729853135674,990
729853235576,991
729853335478,992
729853435380,996
729853535282,995
729853635184,974
729853735086,997
729853834988,950
729853934890,952
729854034792,957
729854134694,991
729854234596,957
729854334498,991
729854434400,954
729854534302,994
729854634204,974
729854734107,990
729854834009,984
729854933911,993
729855033813,993
729855133715,993
729855233617,994
729855333519,1000
729855433421,998
729855533323,996
729855633225,999
729855733127,994
729855833029,994
729855932931,991
729856032834,1041
729856132736,991
729856232638,993
729856332540,989
729856432442,993
729856532356,975
729856632258,991
729856732160,988
729856832068,973
729856931970,992
729857031872,991
729857131774,957
729857231676,989
729857331578,992
729857431480,992
729857531382,994
729857631284,990
729857731186,975
729857831089,994
729857930991,951
729858030893,957
729858130795,952
729858230697,994
729858330599,957
729858430501,992
729858530403,959
729858630305,990
729858730207,975
729858830109,987
729858930011,993
729859029913,993
729859129815,991
729859229717,990
729859329619,993
729859429521,997
729859529423,996
729859629326,995
729859729228,992
729859829130,991
729859929032,993
729860028934,991
729860128836,993
729860228738,992
729860328640,995
729860428542,993
729860528444,988
729860628358,975
729860728260,990
729860828162,992
729860928069,978
729861027971,992
729861127873,991
729861227775,957
729861327677,992
729861427579,996
729861527481,991
729861627383,992
729861727285,991
729861827187,974
729861927089,991
729862026991,957
729862126893,957
729862226795,958
729862326697,992
729862426599,953
729862526501,994
729862626403,957
729862726305,991
729862826207,971
729862926109,992
729863026011,992
729863125913,992
729863225815,989
729863325717,992
729863425619,990
729863525521,991
729863625423,991
729863725325,991
729863825227,991
729863925129,992
729864025031,992
729864124933,990
729864224835,990
729864324737,992
729864424639,993
729864524541,991
729864624443,990
729864724348,974
729864824250,992
729864924152,987
729865024066,979
729865123968,994
729865223870,995
729865323772,954
729865423674,998
729865523576,995
729865623478,992
729865723380,995
729865823282,993
729865923184,977
729866023087,1038
729866122989,950
729866222891,956
729866322793,957
729866422695,991
729866522597,960
729866622499,991
729866722402,954
729866822304,991
729866922206,973
729867022108,990
729867122010,987
729867221912,991
729867321814,998
729867421716,995
729867521618,995
729867621520,992
729867721422,990
729867821324,992
729867921226,989
729868021128,992
729868121030,996
729868220932,991
729868320834,991
729868420736,991
729868520638,992
729868620540,992
729868720442,1005
729868820347,975
729868920249,999
729869020151,990
729869120053,992
729869219955,992
729869319857,991
729869419759,995
729869519661,996
729869619564,993
729869719466,999
729869819368,993
729869919270,990
729870019172,974
729870119090,992
729870218992,957
729870318894,956
729870418796,951
729870518698,999
729870618600,956
729870718502,991
729870818404,957
729870918306,991
729871018208,974
729871118110,992
729871218012,992
729871317914,999
729871417816,994
729871517718,990
729871617620,995
729871717522,992
729871817424,991
729871917326,991
729872017228,991
729872117130,998
729872217032,991
729872316934,992
729872416836,991
729872516738,992
729872616640,992
729872716542,992
729872816444,993
729872916346,986
729873016248,989
729873116150,991
729873216052,992
729873315954,991
729873415856,995
729873515758,956
729873615660,992
729873715562,1000
729873815464,992
729873915366,993
729874015268,991
729874115170,974
729874215072,974
729874314974,957
729874414876,958
729874514778,958
729874614680,992
729874714582,955
729874814484,992
729874914386,957
729875014288,991
729875114190,994
729875214092,995
729875313994,998
729875413896,992
729875513798,995
729875613700,994
729875713603,995
729875813505,994
729875913407,995
729876013310,1036
729876113212,997
729876213114,996
729876313016,995
729876412918,991
729876512820,992
729876612722,992
729876712625,990
729876812527,990
729876912429,992
729877012343,975
729877112245,987
729877212147,991
729877312049,993
729877411951,996
729877511853,996
729877611755,996
729877711657,993
729877811559,991
729877911461,992
729878011363,980
729878111265,991
729878211167,977
729878311069,980
729878410971,951
729878510873,953
729878610775,958
729878710677,991
729878810579,953
729878910481,988
729879010383,958
729879110285,993
729879210187,972
729879310089,992
729879409991,996
729879509893,997
729879609795,991
729879709697,993
729879809600,1015
729879909502,992
729880009404,993
729880109306,994
729880209208,993
729880309110,992
729880409012,993
729880508914,992
729880608816,992
729880708718,993
729880808620,991
729880908522,993
729881008424,992
729881108326,992
729881208228,992
729881308130,991
729881408032,995
729881507934,989
729881607836,995
729881707738,954
729881807640,993
729881907542,989
729882007444,991
729882107346,980
729882207248,993
729882307150,973
729882407065,975
729882506967,953
729882606869,957
729882706771,955
729882806673,991
729882906575,954
729883006477,990
729883106379,955
729883206281,989
729883306183,974
729883406085,997
729883505987,988
729883605889,996
729883705791,990
729883805693,992
729883905595,991
729884005497,992
729884105399,994
729884205301,991
729884305203,993
729884405105,992
729884505007,989
729884604909,993
729884704811,989
729884804713,990
729884904615,993
729885004517,991
729885104419,992
729885204321,990
729885304223,987
729885404125,996
729885504027,996
729885603929,995
729885703831,1009
729885803733,961
729885903635,998
729886003538,1063
729886103440,995
729886203342,1028
729886303244,994
729886403146,978
729886503048,1051
729886602950,952
729886702852,952
729886802754,952
729886902656,992
729887002558,957
729887102460,992
729887202362,992
729887302264,1000
729887402166,971
729887502068,976
729887601970,991
729887701872,992
729887801774,992
729887901676,992
729888001578,990
729888101480,998
729888201382,1014
729888301284,991
729888401186,992
729888501088,991
729888600990,991
729888700892,1026
729888800794,992
729888900696,996
729889000598,988
729889100500,989
729889200402,989
729889300304,990
729889400206,993
729889500108,994
729889600010,995
729889699912,989
729889799814,990
729889899716,957
729889999618,991
729890099520,992
729890199422,992
729890299324,979
729890399226,992
729890499128,983
729890599030,992
729890698932,951
729890798834,957
729890898736,956
729890998638,992
729891098540,956
729891198442,991
729891298350,957
729891398252,994
729891498154,994
729891598056,994
729891697958,989
729891797860,991
729891897762,991
729891997664,993
729892097566,999
729892197468,993
729892297370,992
729892397272,991
729892497174,991
729892597076,975
729892696978,992
729892796880,989
729892896782,997
729892996684,991
729893096586,991
729893196488,991
729893296390,992
729893396292,994
729893496194,995
729893596096,994
729893695998,1005
729893795900,992
729893895802,991
729893995705,952
729894095607,992
729894195525,993
729894295427,991
729894395329,978
729894495231,999
729894595133,977
729894695035,997
729894794937,957
729894894839,957
729894994741,955
729895094643,993
729895194545,957
729895294447,1003
729895394349,993
729895494251,996
729895594153,996
729895694066,977
729895793968,993
729895893870,994
729895993773,1037
729896093675,993
729896193577,993
729896293479,993
729896393381,995
729896493283,995
729896593186,997
729896693089,996
729896792991,990
729896892893,993
729896992795,990
729897092697,989
729897192599,992
729897292501,992
729897392403,993
729897492305,997
729897592207,991
729897692109,993
729897792011,993
729897891913,992
729897991815,992
729898091717,956
729898191619,993
729898291521,993
729898391423,992
729898491325,979
729898591227,993
729898691130,976
729898791032,993
729898890934,958
729898990836,957
729899090738,991
729899190640,991
729899290542,991
729899390444,992
729899490358,953
729899590260,992
729899690162,967
729899790068,978
729899889970,991
729899989872,990
729900089774,994
729900189676,993
729900289579,990
729900389481,992
729900489383,992
729900589285,992
729900689188,1012
729900789090,990
729900888992,992
729900988894,992
729901088796,991
729901188698,992
729901288600,993
729901388502,992
729901488404,995
729901588306,994
729901688208,997
729901788110,992
729901888012,992
729901987914,987
729902087816,993
729902187718,958
729902287620,991
729902387522,992
729902487424,991
729902587326,979
729902687229,992
729902787131,977
729902887033,992
729902986935,951
729903086837,957
729903186739,957
729903286641,993
729903386543,996
729903486445,992
729903586347,996
729903686249,997
729903786152,972
729903886067,975
729903985969,991
729904085871,992
729904185773,990
729904285675,991
729904385577,991
729904485479,991
729904585381,992
729904685283,987
729904785185,991
729904885087,992
729904984989,992
729905084891,1019
729905184793,991
729905284695,993
729905384597,992
729905484499,992
729905584401,996
729905684303,992
729905784205,990
729905884107,993
729905984009,987
729906083912,996
729906183814,994
729906283716,959
729906383618,995
729906483520,1001
729906583422,995
729906683325,984
729906783227,995
729906883129,979
729906983031,994
729907082933,957
729907182835,957
729907282737,959
729907382639,991
729907482541,991
729907582443,995
729907682345,992
729907782247,991
729907882149,971
729907982051,992
729908081953,993
729908181855,990
729908281757,991
729908381659,991
729908481561,989
729908581463,991
729908681367,976
729908781269,991
729908881171,998
729908981073,974
729909080975,991
729909180877,992
729909280779,991
729909380681,991
729909480583,993
729909580485,990
729909680387,999
729909780289,987
729909880191,991
729909980093,992
729910079995,991
729910179897,993
729910279799,992
729910379701,952
729910479603,999
729910579505,991
729910679408,991
729910779310,978
729910879212,991
729910979114,978
729911079016,991
729911178918,989
729911278820,1002
729911378722,952
729911478624,993
729911578526,957
729911678428,991
729911778330,971
729911878232,990
729911978134,972
729912078036,998
729912177938,992
729912277840,992
729912377742,991
729912477644,992
729912577546,991
729912677449,992
729912777351,980
729912877253,998
729912977155,991
729913077067,977
729913176969,991
729913276871,991
729913376773,990
729913476675,991
729913576578,990
729913676480,991
729913776382,992
729913876284,992
729913976186,990
729914076088,991
729914175990,991
729914275892,992
729914375794,992
729914475696,963
729914575598,989
729914675500,993
729914775402,990
729914875304,978
729914975206,990
729915075108,977
729915175010,987
729915274912,963
729915374814,957
729915474716,989
729915574618,995
729915674520,993
729915774422,992
729915874324,967
729915974226,992
729916074129,1034
729916174031,947
729916273933,990
729916373835,960
729916473737,960
729916573639,993
729916673542,996
729916773444,993
729916873347,955
729916973249,974
729917073151,992
729917173053,994
729917272955,989
729917372857,993
729917472759,995
729917572661,996
729917672563,994
729917772465,989
729917872367,979
729917972269,976
729918072171,991
729918172090,991
729918271992,992
729918371894,957
729918471796,989
729918571698,958
729918671600,994
729918771502,957
729918871404,991
729918971306,969
729919071208,993
729919171110,979
729919271012,992
729919370914,992
729919470816,991
729919570718,994
729919670620,991
729919770522,991
729919870424,992
729919970326,990
729920070228,992
729920170130,970
729920270032,954
729920369934,991
729920469836,952
729920569738,957
729920669641,992
729920769544,993
729920869446,992
729920969348,956
729921069250,971
729921169152,990
729921269066,978
729921368968,991
729921468870,996
729921568772,992
729921668674,992
729921768576,992
729921868478,993
729921968380,992
729922068282,975
729922168184,992
729922268086,1026
729922367988,989
729922467890,958
729922567792,992
729922667694,962
729922767596,994
729922867498,954
729922967400,992
729923067302,989
729923167204,995
729923267106,978
729923367008,997
729923466910,993
729923566812,994
729923666714,993
729923766616,993
729923866518,992
729923966420,993
729924066322,991
729924166224,992
729924266126,971
729924366028,954
729924465930,990
729924565832,951
729924665734,953
729924765636,993
729924865538,993
729924965440,993
729925065348,950
729925165250,993
729925265152,990
729925365067,979
729925464969,1015
729925564871,996
729925664773,997
729925764675,993
729925864577,990
729925964479,988
729926064382,1030
729926164284,978
729926264186,991
729926364088,992
729926463990,1075
729926563892,954
729926663794,995
729926763696,956
729926863598,995
729926963500,956
729927063402,994
729927163304,973
729927263206,1001
729927363109,979
729927463011,1005
729927562913,989
729927662816,996
729927762718,990
729927862620,990
729927962522,992
729928062424,999
729928162326,991
729928262228,991
729928362130,971
729928462032,993
729928561934,992
729928661836,1027
729928761738,952
729928861640,997
729928961542,993
729929061444,991
729929161354,951
729929261256,991
729929361158,992
729929461060,992
729929560962,988
729929660864,998
729929760766,991
729929860668,993
729929960570,992
729930060472,992
729930160374,991
729930260276,973
729930360178,990
729930460080,993
729930559982,990
729930659885,977
729930759787,957
729930859759,989
729930959661,1026
729931059563,957
729931159465,953
729931259367,964
729931359269,971
729931459171,996
729931559073,995
729931658975,1059
729931758877,992
729931858779,991
729931958681,991
729932058583,998
729932158485,991
729932258387,992
729932358289,990
729932458191,972
729932558094,990
729932657996,991
729932757898,992
729932857800,964
729932957702,992
729933057604,990
729933157506,991
729933257408,956
729933357310,990
729933457212,995
729933557114,991
729933657016,998
729933756918,991
729933856820,991
729933956722,992
729934056624,991
729934156526,992
729934256428,992
729934356330,978
729934456232,982
729934556134,990
729934656036,979
729934755938,951
729934855840,952
729934955742,957
729935055644,995
729935155546,991
729935255448,999
729935355350,955
729935455252,970
729935555154,976
729935655056,993
729935754958,992
729935854860,989
729935954762,991
729936054665,994
729936154567,993
729936254469,992
729936354371,993
729936454273,993
729936554175,974
729936654077,989
729936753979,995
729936853881,995
729936953783,967
729937053685,995
729937153587,993
729937253489,994
729937353391,959
729937453293,1008
729937553195,998
729937653097,993
729937752999,992
729937852901,992
729937952803,992
729938052705,992
729938152607,992
729938252509,993
729938352411,991
729938452313,979
729938552215,974
729938652117,991
729938752019,954
729938851921,958
729938951823,951
729939051725,952
729939151627,992
729939251529,958
729939351431,958
729939451333,995
729939551235,996
729939651137,995
729939751039,993
729939850941,993
729939950843,990
729940050745,992
729940150647,992
729940250549,993
729940350451,993
729940450356,974
729940550258,991
729940650160,972
729940750069,977
729940849971,991
729940949873,991
729941049775,953
729941149677,992
729941249579,991
729941349481,989
729941449383,995
729941549285,997
729941649187,995
729941749089,987
729941848991,991
729941948893,990
729942048795,993
729942148697,991
729942248614,994
729942348516,993
729942448418,992
729942548320,974
729942648222,974
729942748125,986
729942848027,952
729942947929,957
729943047831,951
729943147733,953
729943247635,990
729943347537,953
729943447439,992
729943547341,995
729943647243,992
729943747145,976
729943847047,992
729943946949,992
729944046851,992
729944146753,993
729944246655,992
729944346557,992
729944446459,991
729944546361,978
729944646263,997
729944746165,972
729944846067,980
729944945969,989
729945045871,991
729945145773,952
729945245675,988
729945345577,991
729945445479,992
729945545381,956
729945645283,993
729945745185,988
729945845087,992
729945944989,992
729946044892,1025
729946144794,996
729946244696,991
729946344598,992
729946444500,1000
729946544402,993
729946644304,977
729946744206,974
729946844108,991
729946944010,954
729947043912,991
729947143814,998
729947243716,1004
729947343618,993
729947443520,959
729947543422,960
729947643324,971
729947743226,975
729947843128,981
729947943030,995
729948042932,998
729948142834,993
729948242736,992
729948342638,991
729948442540,992
729948542442,992
729948642357,980
729948742259,991
729948842161,1014
729948942063,957
729949041965,991
729949141867,951
729949241769,953
729949341671,992
729949441573,991
729949541475,992
729949641377,1001
729949741279,970
729949841181,986
729949941083,979
729950040985,990
729950140887,991
729950240789,992
729950340691,992
729950440593,999
729950540495,993
729950640397,991
729950740299,982
729950840201,974
729950940103,988
729951040005,953
729951139907,957
729951239809,957
729951339711,957
729951439613,995
729951539515,995
729951639417,995
729951739319,967
729951839221,974
729951939123,978
729952039025,999
729952138927,992
729952238829,991
729952338731,990
729952438633,1027
729952538535,992
729952638437,992
729952738344,976
729952838246,998
729952938148,971
729953038050,957
729953137952,991
729953237854,956
729953337756,956
729953437658,991
729953537560,995
729953637462,998
729953737364,957
729953837266,970
729953937168,992
729954037070,977
729954136972,991
729954236874,991
729954336776,993
729954436678,998
729954536580,992
729954636482,990
729954736384,992
729954836286,976
729954936188,973
729955036090,991
729955135992,957
729955235894,963
729955335796,957
729955435698,990
729955535600,991
729955635502,991
729955735404,955
729955835306,969
729955935208,974
729956035111,1020
729956135013,993
729956234915,988
729956334817,989
729956434719,990
729956534621,993
729956634523,992
729956734425,993
729956834327,992
729956934229,988
729957034131,964
729957134033,954
729957233935,990
729957333837,955
729957433739,997
729957533641,996
729957633543,996
729957733445,996
729957833356,956
729957933258,975
729958033160,995
729958133073,981
729958232975,991
729958332877,992
729958432779,991
729958532681,990
729958632583,989
729958732485,993
729958832387,990
729958932289,977
729959032191,970
729959132093,991
729959231995,997
729959331897,995
729959431799,956
729959531701,953
729959631603,991
729959731505,957
729959831407,956
729959931309,970
729960031211,976
729960131113,976
729960231015,993
729960330917,992
729960430819,993
729960530721,990
729960630623,992
729960730525,990
729960830427,992
729960930329,991
729961030231,992
729961130133,971
729961230035,954
729961329937,992
729961429839,996
729961529741,994
729961629643,996
729961729546,992
729961829448,993
729961929362,957
729962029265,971
729962129167,993
729962229069,1019
729962328971,1039
729962428874,1033
729962528776,1031
729962628678,1031
729962728580,992
729962828482,993
729962928384,992
729963028286,977
729963128188,972
729963228091,991
729963327993,956
729963427895,996
729963527797,990
729963627699,990
729963727602,993
729963827504,957
729963927406,994
729964027308,967
729964127210,972
729964227113,980
729964327015,992
729964426917,993
729964526819,993
729964626721,990
729964726623,993
729964826525,993
729964926427,990
729965026330,990
729965126232,991
729965226134,968
729965326036,955
729965425938,995
729965525840,990
729965625742,992
729965725645,990
729965825547,993
729965925449,992
729966025361,958
729966125263,968
729966225182,991
729966325084,978
729966424986,999
729966524888,992
729966624790,992
729966724693,988
729966824595,991
729966924497,991
729967024399,988
729967124301,977
729967224203,973
729967324105,991
729967424007,992
729967523909,998
729967623811,991
729967723713,954
729967823615,992
729967923517,960
729968023419,965
729968123321,973
729968223223,977
729968323125,978
729968423027,993
729968522929,994
729968622831,992
729968722733,1025
729968822635,999
729968922537,991
729969022439,992
729969122348,975
729969222250,991
729969322152,971
729969422054,995
729969521956,991
729969621858,957
729969721760,991
729969821662,992
729969921564,992
729970021466,991
729970121368,957
729970221270,969
729970321172,992
729970421074,986
729970520976,990
729970620878,991
729970720780,992
729970820682,992
729970920584,992
729971020486,991
729971120388,992
729971220290,1003
729971320192,974
729971420094,992
729971519996,956
729971619898,951
729971719801,954
729971819703,955
729971919605,992
729972019507,963
729972119409,953
729972219311,970
729972319213,988
729972419115,976
729972519017,992
729972618919,992
729972718822,993
729972818724,998
729972918626,992
729973018528,991
729973118430,991
729973218332,991
729973318234,991
729973418136,996
729973518038,996
729973617940,1002
729973717842,951
729973817744,952
729973917646,989
729974017548,1026
729974117450,991
729974217355,952
729974317257,972
729974417159,998
729974517073,978
729974616975,989
729974716877,991
729974816779,990
729974916681,991
729975016583,991
729975116485,991
729975216387,998
729975316289,977
729975416191,995
729975516093,994
729975615995,994
729975715897,957
729975815799,951
729975915701,952
729976015604,1062
729976115506,956
729976215408,957
729976315310,971
729976415212,975
729976515114,977
729976615016,992
729976714918,988
729976814820,992
729976914722,992
729977014624,992
729977114526,990
729977214428,986
729977314330,991
729977414232,994
729977514134,997
729977614036,994
729977713938,995
729977813840,993
729977913742,960
729978013644,995
729978113546,995
729978213448,994
729978313361,954
729978413263,974
729978513165,997
729978613067,983
729978712969,951
729978812871,957
729978912773,951
729979012675,957
729979112577,953
729979212479,957
729979312381,957
729979412283,953
729979512185,953
729979612087,954
729979711989,951
729979811891,952
729979911793,952
729980011695,955
729980111597,956
729980211499,958
729980311401,952
729980411303,952
729980511205,980
729980611107,950
729980711009,955
729980810911,952
729980910813,957
729981010715,991
729981110617,994
729981210519,990
729981310421,992
729981410323,979
729981510225,976
729981610127,967
729981710029,954
729981809931,951
729981909833,953
729982009735,959
729982109637,952
729982209539,993
729982309441,958
729982409343,969
729982509245,973
729982609147,976
729982709049,990
729982808951,992
729982908853,989
729983008755,990
729983108657,991
729983208559,993
729983308461,992
729983408363,991
729983508265,991
729983608167,971
729983708069,958
729983807971,956
729983907873,958
729984007775,954
729984107677,952
729984207579,957
729984307481,956
729984407383,951
729984507285,968
729984607187,988
729984707090,978
729984806992,989
729984906894,991
729985006796,989
729985106698,993
729985206600,992
729985306502,992
729985406404,993
729985506306,973
729985606208,974
729985706110,970
729985806012,954
729985905914,957
