3198188603492,99950
3198188703456,99950
3198188803409,99950
3198188903360,99950
3198189003312,99950
3198189103266,99950
3198189203217,99950
3198189303168,99950
3198189403119,99950
3198189503070,99950
3198189603021,99950
3198189702972,99950
3198189802923,99950
3198189902874,99950
3198190002826,99950
3198190102777,99950
3198190202728,99950
3198190302679,99950
3198190402630,99950
3198190502581,99950
3198190602532,99950
3198190702484,99951
3198190802435,99950
3198190902386,99950
3198191002338,99950
3198191102289,99950
3198191202240,99950
3198191302191,99950
3198191402142,99950
3198191502094,99950
3198191602045,99950
3198191701997,99950
3198191801949,99951
3198191901900,99950
3198192001852,99950
3198192101803,99950
3198192201754,99950
3198192301706,99950
3198192401657,99950
3198192501608,99950
3198192601559,99950
3198192701511,99950
3198192801463,99950
3198192901414,99950
3198193001366,99950
3198193101317,99950
3198193201268,99950
3198193301219,99950
3198193401170,99950
3198193501121,99950
3198193601072,99950
3198193701023,99950
3198193800974,99950
3198193900925,99950
3198194000877,99950
3198194100828,99950
3198194200779,99950
3198194300730,99950
3198194400681,99950
3198194500632,99950
3198194600583,99950
3198194700534,99950
3198194800485,99950
3198194900436,99950
3198195000388,99950
3198195100340,99950
3198195200291,99950
3198195300242,99950
3198195400193,99950
3198195500144,99950
3198195600095,99950
3198195700046,99950
3198195799997,99950
3198195899948,99950
3198195999900,99950
3198196099851,99950
3198196199802,99950
3198196299753,99950
3198196399704,99950
3198196499655,99950
3198196599606,99950
3198196699558,99950
3198196799510,99951
3198196899461,99950
3198196999413,99950
3198197099364,99950
3198197199315,99950
3198197299266,99950
3198197399217,99950
3198197499169,99950
3198197599120,99950
3198197699072,99950
3198197799024,99950
3198197898975,99950
3198197998927,99950
3198198098878,99950
3198198198829,99950
3198198298780,99950
3198198398731,99950
3198198498682,99950
3198198598633,99950
3198198698585,99950
3198198798537,99950
3198198898488,99950
3198198998440,99950
3198199098391,99950
3198199198342,99950
3198199298293,99950
3198199398244,99950
3198199498195,99950
3198199598146,99950
3198199698097,99950
3198199798048,99950
3198199897999,99950
3198199997951,99950
3198200097903,99951
3198200197854,99950
3198200297805,99950
3198200397757,99950
3198200497708,99950
3198200597660,99950
3198200697612,99950
3198200797563,99950
3198200897514,99950
3198200997466,99950
3198201097417,99950
3198201197369,99950
3198201297320,99950
3198201397271,99950
3198201497222,99950
3198201597173,99950
3198201697125,99950
3198201797077,99950
3198201897029,99950
3198201996981,99950
3198202096933,99950
3198202196884,99950
3198202296835,99950
3198202396786,99950
3198202496737,99950
3198202596689,99950
3198202696641,99950
3198202796593,99950
3198202896545,99951
3198202996497,99950
3198203096449,99950
3198203196400,99950
3198203296352,99950
3198203396303,99950
3198203496254,99950
3198203596205,99950
3198203696156,99950
3198203796108,99950
3198203896059,99950
3198203996011,99950
3198204095963,99950
3198204195915,99951
3198204295866,99950
3198204395818,99950
3198204495769,99950
3198204595721,99950
3198204695673,99950
3198204795624,99950
3198204895575,99950
3198204995527,99950
3198205095479,99951
3198205195430,99950
3198205295381,99950
3198205395332,99950
3198205495283,99950
3198205595234,99950
3198205695186,99950
3198205795138,99951
3198205895090,99950
3198205995042,99950
3198206094993,99950
3198206194944,99950
3198206294895,99950
3198206394846,99950
3198206494798,99950
3198206594749,99950
3198206694701,99950
3198206794653,99951
3198206894604,99950
3198206994556,99950
3198207094507,99950
3198207194459,99950
3198207294410,99950
3198207394361,99950
3198207494312,99950
3198207594263,99950
3198207694214,99950
3198207794165,99950
3198207894117,99950
3198207994069,99950
3198208094020,99950
3198208193971,99950
3198208293922,99950
3198208393873,99950
3198208493824,99950
3198208593775,99950
3198208693727,99951
3198208793679,99950
3198208893631,99950
3198208993583,99950
3198209093555,99950
3198209193507,99951
3198209293458,99950
3198209393409,99950
3198209493360,99950
3198209593311,99950
3198209693262,99950
3198209793214,99950
3198209893165,99950
3198209993117,99950
3198210093068,99950
3198210193020,99950
3198210292971,99950
3198210392923,99950
3198210492874,99950
3198210592825,99950
3198210692777,99951
3198210792729,99950
3198210892681,99950
3198210992633,99950
3198211092584,99950
3198211192535,99950
3198211292486,99950
3198211392438,99951
3198211492389,99950
3198211592340,99950
3198211692292,99950
3198211792243,99950
3198211892195,99950
3198211992147,99950
3198212092099,99951
3198212192050,99950
3198212292004,99950
3198212391955,99950
3198212491906,99950
3198212591857,99950
3198212691809,99950
3198212791761,99950
3198212891713,99950
3198212991665,99950
3198213091616,99950
3198213191567,99950
3198213291518,99950
3198213391469,99950
3198213491420,99950
3198213591372,99950
3198213691323,99950
3198213791274,99950
3198213891226,99950
3198213991178,99950
3198214091129,99950
3198214191080,99950
3198214291032,99950
3198214390983,99950
3198214490934,99950
3198214590885,99950
3198214690836,99950
3198214790787,99950
3198214890738,99950
3198214990690,99950
3198215090641,99950
3198215190592,99950
3198215290543,99950
3198215390494,99950
3198215490446,99950
3198215590397,99950
3198215690348,99950
3198215790300,99950
3198215890251,99950
3198215990203,99950
3198216090154,99950
3198216190106,99950
3198216290057,99950
3198216390008,99950
3198216489959,99950
3198216589910,99950
3198216689862,99951
3198216789813,99950
3198216889764,99950
3198216989716,99950
3198217089667,99950
3198217189618,99950
3198217289569,99950
3198217389520,99950
3198217489471,99950
3198217589422,99950
3198217689374,99950
3198217789325,99950
3198217889277,99950
3198217989229,99950
3198218089181,99950
3198218189132,99950
3198218289083,99950
3198218389034,99950
3198218488985,99950
3198218588936,99950
3198218688888,99951
3198218788839,99950
3198218888790,99950
3198218988742,99950
3198219088694,99951
3198219188645,99950
3198219288596,99950
3198219388547,99950
3198219488498,99950
3198219588449,99950
3198219688400,99950
3198219788351,99950
3198219888302,99950
3198219988254,99950
3198220088205,99950
3198220188156,99950
3198220288107,99950
3198220388058,99950
3198220488009,99950
3198220587960,99950
3198220687912,99950
3198220787863,99950
3198220887814,99950
3198220987766,99950
3198221087717,99950
3198221187668,99950
3198221287619,99950
3198221387570,99950
3198221487521,99950
3198221587472,99950
3198221687423,99950
3198221787375,99950
3198221887326,99950
3198221987278,99950
3198222087229,99950
3198222187181,99951
3198222287133,99950
3198222387084,99950
3198222487035,99950
3198222586986,99950
3198222686938,99951
3198222786889,99950
3198222886841,99950
3198222986793,99950
3198223086744,99950
3198223186695,99950
3198223286646,99950
3198223386597,99950
3198223486549,99951
3198223586500,99950
3198223686451,99950
3198223786402,99950
3198223886353,99950
3198223986305,99950
3198224086257,99950
3198224186208,99950
3198224286160,99950
3198224386111,99950
3198224486062,99950
3198224586014,99950
3198224685966,99950
3198224785917,99950
3198224885868,99950
3198224985820,99950
3198225085772,99950
3198225185723,99950
3198225285674,99950
3198225385625,99950
3198225485576,99950
3198225585528,99950
3198225685479,99950
3198225785431,99951
3198225885382,99950
3198225985334,99950
3198226085285,99950
3198226185236,99950
3198226285187,99950
3198226385138,99950
3198226485089,99950
3198226585040,99950
3198226684992,99950
3198226784944,99951
3198226884895,99950
3198226984847,99950
3198227084798,99950
3198227184749,99950
3198227284700,99950
3198227384651,99950
3198227484602,99950
3198227584553,99950
3198227684504,99950
3198227784456,99950
3198227884408,99950
3198227984360,99950
3198228084311,99950
3198228184262,99950
3198228284213,99950
3198228384165,99950
3198228484116,99950
3198228584067,99950
3198228684019,99950
3198228783970,99950
3198228883921,99950
3198228983873,99950
3198229083824,99950
3198229183776,99951
3198229283727,99950
3198229383678,99950
3198229483629,99950
3198229583598,99951
3198229683550,99951
3198229783501,99950
3198229883452,99950
3198229983404,99950
3198230083355,99950
3198230183306,99950
3198230283257,99950
3198230383208,99950
3198230483160,99950
3198230583111,99950
3198230683063,99950
3198230783015,99951
3198230882966,99950
3198230982918,99950
3198231082869,99950
3198231182820,99950
3198231282771,99950
3198231382722,99950
3198231482673,99950
3198231582624,99950
3198231682575,99950
3198231782527,99951
3198231882478,99950
3198231982430,99950
3198232082381,99950
3198232182332,99950
3198232282284,99951
3198232382236,99950
3198232482187,99950
3198232582138,99950
3198232682090,99951
3198232782042,99950
3198232881994,99950
3198232981946,99950
3198233081897,99950
3198233181848,99950
3198233281799,99950
3198233381750,99950
3198233481701,99950
3198233581652,99950
3198233681603,99950
3198233781555,99950
3198233881506,99950
3198233981458,99950
3198234081409,99950
3198234181360,99950
3198234281311,99950
3198234381262,99950
3198234481213,99950
3198234581164,99950
3198234681116,99951
3198234781067,99950
3198234881018,99950
3198234980970,99951
3198235080921,99950
3198235180872,99950
3198235280823,99950
3198235380774,99950
3198235480725,99950
3198235580676,99950
3198235680627,99950
3198235780578,99950
3198235880529,99950
3198235980481,99950
3198236080432,99950
3198236180383,99950
3198236280334,99950
3198236380285,99950
3198236480237,99951
3198236580189,99951
3198236680141,99951
3198236780092,99950
3198236880044,99950
3198236979996,99950
3198237079947,99950
3198237179898,99950
3198237279849,99950
3198237379800,99950
3198237479751,99950
3198237579702,99950
3198237679654,99950
3198237779605,99950
3198237879557,99950
3198237979509,99950
3198238079460,99950
3198238179411,99950
3198238279362,99950
3198238379314,99951
3198238479265,99950
3198238579216,99950
3198238679168,99951
3198238779119,99950
3198238879070,99950
3198238979022,99950
3198239078974,99950
3198239178926,99951
3198239278877,99950
3198239378828,99950
3198239478780,99950
3198239578731,99950
3198239678682,99950
3198239778634,99950
3198239878585,99950
3198239978537,99950
3198240078488,99950
3198240178440,99950
3198240278391,99950
3198240378343,99951
3198240478294,99950
3198240578245,99950
3198240678197,99950
3198240778148,99950
3198240878099,99950
3198240978051,99952
3198241078004,99950
3198241177955,99950
3198241277906,99950
3198241377857,99950
3198241477808,99950
3198241577759,99950
3198241677711,99950
3198241777662,99950
3198241877613,99950
3198241977565,99951
3198242077516,99950
3198242177467,99950
3198242277418,99950
3198242377369,99950
3198242477320,99950
3198242577272,99950
3198242677224,99950
3198242777175,99950
3198242877127,99950
3198242977079,99950
3198243077031,99951
3198243176982,99950
3198243276933,99950
3198243376884,99950
3198243476835,99950
3198243576787,99950
3198243676738,99950
3198243776690,99951
3198243876641,99950
3198243976593,99951
3198244076545,99950
3198244176497,99950
3198244276449,99950
3198244376401,99950
3198244476353,99951
3198244576304,99950
3198244676256,99951
3198244776207,99950
3198244876159,99951
3198244976111,99950
3198245076062,99950
3198245176013,99950
3198245275964,99950
3198245375916,99951
3198245475868,99950
3198245575820,99951
3198245675771,99950
3198245775723,99950
3198245875674,99950
3198245975626,99950
3198246075577,99950
3198246175528,99950
3198246275480,99950
3198246375431,99950
3198246475382,99950
3198246575334,99950
3198246675286,99950
3198246775238,99951
3198246875189,99950
3198246975141,99950
3198247075093,99951
3198247175044,99950
3198247274995,99950
3198247374947,99951
3198247474898,99950
3198247574849,99950
3198247674801,99950
3198247774752,99950
3198247874704,99950
3198247974656,99950
3198248074608,99950
3198248174559,99950
3198248274510,99950
3198248374461,99950
3198248474412,99950
3198248574364,99950
3198248674316,99951
3198248774268,99951
3198248874220,99950
3198248974172,99950
3198249074123,99950
3198249174075,99951
3198249274027,99951
3198249373978,99950
3198249473930,99951
3198249573881,99950
3198249673833,99951
3198249773785,99950
3198249873737,99951
3198249973688,99950
3198250073661,99951
3198250173612,99950
3198250273565,99950
3198250373516,99950
3198250473467,99950
3198250573418,99950
3198250673370,99950
3198250773321,99950
3198250873273,99950
3198250973224,99950
3198251073176,99950
3198251173127,99950
3198251273078,99950
3198251373029,99950
3198251472980,99950
3198251572931,99950
3198251672882,99950
3198251772834,99950
3198251872785,99950
3198251972736,99950
3198252072688,99950
3198252172640,99951
3198252272591,99950
3198252372543,99950
3198252472494,99950
3198252572445,99950
3198252672397,99951
3198252772349,99950
3198252872301,99950
3198252972254,99950
3198253072206,99950
3198253172158,99951
3198253272109,99950
3198253372060,99950
3198253472011,99950
3198253571962,99950
3198253671913,99950
3198253771864,99950
3198253871815,99950
3198253971766,99950
3198254071718,99950
3198254171669,99950
3198254271620,99950
3198254371571,99950
3198254471522,99950
3198254571473,99950
3198254671425,99950
3198254771376,99950
3198254871327,99950
3198254971278,99950
3198255071230,99950
3198255171182,99950
3198255271133,99950
3198255371084,99950
3198255471035,99950
3198255570986,99950
3198255670937,99950
3198255770888,99950
3198255870839,99950
3198255970790,99950
3198256070742,99950
3198256170693,99950
3198256270644,99950
3198256370595,99950
3198256470546,99950
3198256570497,99950
3198256670449,99950
3198256770400,99950
3198256870351,99950
3198256970302,99950
3198257070254,99950
3198257170205,99950
3198257270156,99950
3198257370107,99950
3198257470058,99950
3198257570009,99950
3198257669960,99950
3198257769912,99950
3198257869864,99951
3198257969815,99950
3198258069767,99950
3198258169718,99950
3198258269669,99950
3198258369620,99950
3198258469571,99950
3198258569523,99950
3198258669475,99951
3198258769426,99950
3198258869377,99950
3198258969328,99950
3198259069280,99951
3198259169231,99950
3198259269182,99950
3198259369134,99951
3198259469086,99951
3198259569037,99950
3198259668988,99950
3198259768940,99950
3198259868891,99950
3198259968842,99950
3198260068794,99950
3198260168745,99950
3198260268696,99950
3198260368647,99950
3198260468598,99950
3198260568550,99950
3198260668502,99950
3198260768453,99950
3198260868405,99951
3198260968356,99950
3198261068308,99950
3198261168259,99950
3198261268210,99950
3198261368161,99950
3198261468112,99950
3198261568063,99950
3198261668014,99950
3198261767965,99950
3198261867916,99950
3198261967867,99950
3198262067819,99951
3198262167770,99950
3198262267721,99950
3198262367672,99950
3198262467623,99950
3198262567574,99950
3198262667525,99950
3198262767477,99950
3198262867429,99950
3198262967381,99950
3198263067333,99950
3198263167284,99950
3198263267235,99950
3198263367186,99950
3198263467137,99950
3198263567089,99951
3198263667040,99950
3198263766992,99950
3198263866943,99950
3198263966894,99950
3198264066846,99950
3198264166797,99950
3198264266748,99950
3198264366700,99950
3198264466651,99950
3198264566602,99950
3198264666553,99950
3198264766505,99950
3198264866456,99950
3198264966407,99950
3198265066359,99950
3198265166310,99950
3198265266262,99950
3198265366213,99950
3198265466165,99950
3198265566116,99950
3198265666067,99950
3198265766019,99950
3198265865971,99951
3198265965922,99950
3198266065874,99950
3198266165825,99950
3198266265776,99950
3198266365727,99950
3198266465678,99950
3198266565629,99950
3198266665581,99950
3198266765533,99950
3198266865485,99950
3198266965436,99950
3198267065388,99950
3198267165339,99950
3198267265290,99950
3198267365241,99950
3198267465192,99950
3198267565144,99950
3198267665095,99950
3198267765047,99950
3198267864999,99950
3198267964950,99950
3198268064902,99950
3198268164853,99950
3198268264804,99950
3198268364755,99950
3198268464706,99950
3198268564657,99950
3198268664608,99950
3198268764560,99950
3198268864511,99950
3198268964462,99950
3198269064414,99950
3198269164365,99950
3198269264316,99950
3198269364267,99950
3198269464219,99950
3198269564171,99951
3198269664122,99950
3198269764074,99950
3198269864026,99950
3198269963977,99950
3198270063929,99950
3198270163881,99950
3198270263832,99950
3198270363783,99950
3198270463734,99950
3198270563705,99950
3198270663656,99950
3198270763608,99950
3198270863559,99950
3198270963511,99951
3198271063463,99950
3198271163415,99950
3198271263366,99950
3198271363317,99950
3198271463268,99950
3198271563219,99950
3198271663171,99951
3198271763122,99950
3198271863074,99950
3198271963025,99950
3198272062977,99950
3198272162928,99950
3198272262879,99950
3198272362830,99950
3198272462781,99950
3198272562733,99950
3198272662685,99950
3198272762637,99950
3198272862589,99950
3198272962540,99950
3198273062492,99950
3198273162444,99951
3198273262395,99950
3198273362346,99950
3198273462297,99950
3198273562249,99950
3198273662200,99950
3198273762151,99950
3198273862102,99950
3198273962053,99950
3198274062005,99950
3198274161956,99950
3198274261907,99950
3198274361859,99950
3198274461810,99950
3198274561762,99951
3198274661713,99950
3198274761665,99950
3198274861616,99950
3198274961567,99950
3198275061518,99950
3198275161469,99950
3198275261420,99950
3198275361372,99950
3198275461324,99950
3198275561275,99950
3198275661226,99950
3198275761178,99951
3198275861129,99950
3198275961080,99950
3198276061032,99950
3198276160983,99950
3198276260935,99950
3198276360887,99951
3198276460838,99950
3198276560789,99950
3198276660740,99950
3198276760692,99950
3198276860643,99950
3198276960595,99950
3198277060547,99951
3198277160498,99950
3198277260449,99950
3198277360400,99950
3198277460351,99950
3198277560302,99950
3198277660253,99950
3198277760204,99950
3198277860156,99950
3198277960107,99950
3198278060059,99951
3198278160010,99950
3198278259961,99950
3198278359912,99950
3198278459863,99950
3198278559814,99950
3198278659765,99950
3198278759717,99950
3198278859668,99950
3198278959619,99950
3198279059570,99950
3198279159521,99950
3198279259472,99950
3198279359423,99950
3198279459374,99950
3198279559325,99950
3198279659276,99950
3198279759228,99950
3198279859179,99950
3198279959130,99950
3198280059081,99950
3198280159032,99950
3198280258983,99950
3198280358934,99950
3198280458885,99950
3198280558836,99950
3198280658787,99950
3198280758739,99950
3198280858691,99951
3198280958642,99950
3198281058594,99950
3198281158545,99950
3198281258496,99950
3198281358447,99950
3198281458398,99950
3198281558349,99950
3198281658300,99950
3198281758251,99950
3198281858202,99950
3198281958153,99950
3198282058104,99950
3198282158055,99950
3198282258006,99950
3198282357957,99950
3198282457908,99950
3198282557859,99950
3198282657811,99950
3198282757763,99950
3198282857715,99950
3198282957667,99950
3198283057619,99951
3198283157570,99950
3198283257521,99950
3198283357473,99951
3198283457424,99950
3198283557376,99951
3198283657328,99950
3198283757279,99950
3198283857230,99950
3198283957181,99950
3198284057133,99951
3198284157084,99950
3198284257035,99950
3198284356986,99950
3198284456938,99950
3198284556890,99950
3198284656841,99950
3198284756793,99950
3198284856744,99950
3198284956695,99950
3198285056647,99951
3198285156599,99950
3198285256550,99950
3198285356501,99950
3198285456452,99950
3198285556403,99950
3198285656354,99950
3198285756305,99950
3198285856256,99950
3198285956208,99951
3198286056159,99950
3198286156110,99950
3198286256061,99950
3198286356012,99950
3198286455964,99951
3198286555915,99950
3198286655866,99950
3198286755818,99950
3198286855769,99950
3198286955720,99950
3198287055672,99950
3198287155623,99950
3198287255574,99950
3198287355525,99950
3198287455476,99950
3198287555428,99951
3198287655379,99950
3198287755331,99950
3198287855283,99950
3198287955234,99950
3198288055186,99950
3198288155138,99951
3198288255089,99950
3198288355041,99950
3198288454992,99950
3198288554943,99950
3198288654894,99950
3198288754846,99950
3198288854798,99951
3198288954749,99950
3198289054701,99951
3198289154652,99950
3198289254604,99951
3198289354555,99950
