3536472318101,5098
3536472418036,2244
3536472517960,2157
3536472617882,2141
3536472717806,2133
3536472817730,2151
3536472917654,2145
3536473017576,2185
3536473117498,2223
3536473217420,2150
3536473317343,2139
3536473417265,2143
3536473517187,2144
3536473617109,2157
3536473717031,2141
3536473816953,2135
3536473916875,2145
3536474016797,2139
3536474116719,2142
3536474216641,2196
3536474316563,2130
3536474416485,2156
3536474516407,2182
3536474616329,2131
3536474716252,2161
3536474816174,2133
3536474916096,2131
3536475016018,2143
3536475115940,2153
3536475215862,2159
3536475315784,2174
3536475415706,2130
3536475515628,2135
3536475615550,2143
3536475715472,2136
3536475815394,2152
3536475915316,2168
3536476015238,2144
3536476115160,2159
3536476215082,2130
3536476315005,2128
3536476414927,2136
3536476514851,2132
3536476614773,2154
3536476714695,2135
3536476814617,2160
3536476914539,2273
3536477014461,2142
3536477114384,2143
3536477214307,2152
3536477314229,2175
3536477414151,2145
3536477514073,2143
3536477613995,2221
3536477713917,2151
3536477813839,2171
3536477913761,2163
3536478013684,2138
3536478113606,2132
3536478213528,2140
3536478313450,2147
3536478413372,2148
3536478513294,2134
3536478613216,2133
3536478713138,2135
3536478813060,2148
3536478912982,2138
3536479012904,2174
3536479112826,2139
3536479212748,2172
3536479312670,2161
3536479412592,2133
3536479512514,2174
3536479612436,2134
3536479712358,2151
3536479812280,2193
3536479912202,2140
3536480012124,2169
3536480112046,2158
3536480211968,2135
3536480311890,2159
3536480411812,2131
3536480511734,2134
3536480611656,2165
3536480711579,2131
3536480811501,2211
3536480911423,2132
3536481011345,2130
3536481111267,2143
3536481211189,2133
3536481311111,2152
3536481411033,2127
3536481510955,2164
3536481610877,2138
3536481710799,2131
3536481810721,2130
3536481910643,2166
3536482010565,2131
3536482110487,2135
3536482210409,2180
3536482310331,2140
3536482410253,2132
3536482510177,2219
3536482610101,2212
3536482710024,2179
3536482809946,2148
3536482909868,2147
3536483009790,2146
3536483109714,2143
3536483209636,2144
3536483309558,2142
3536483409480,2144
3536483509402,2142
3536483609324,2144
3536483709246,2143
3536483809168,2144
3536483909090,2144
3536484009012,2143
3536484108934,2148
3536484208856,2141
3536484308778,2144
3536484408700,2143
3536484508622,2143
3536484608544,2142
3536484708466,2143
3536484808388,2145
3536484908310,2143
3536485008232,2142
3536485108154,2143
3536485208076,2144
3536485307998,2144
3536485407920,2148
3536485507842,2142
3536485607764,2143
3536485707686,2145
3536485807608,2144
3536485907530,2143
3536486007452,2144
3536486107374,2143
3536486207296,2144
3536486307218,2143
3536486407140,2143
3536486507062,2144
3536486606984,2146
3536486706907,2148
3536486806829,2143
3536486906751,2143
3536487006673,2143
3536487106595,2143
3536487206517,2144
3536487306439,2146
3536487406361,2141
3536487506283,2143
3536487606205,2143
3536487706127,2143
3536487806049,2143
3536487905971,2145
3536488005893,2148
3536488105815,2143
3536488205737,2143
3536488305659,2144
3536488405581,2141
3536488505503,2144
3536488605425,2144
3536488705347,2144
3536488805269,2144
3536488905191,2145
3536489005113,2143
3536489105035,2143
3536489204957,2146
3536489304879,2146
3536489404801,2145
3536489504723,2143
3536489604645,2144
3536489704567,2144
3536489804489,2144
3536489904411,2142
3536490004333,2144
3536490104255,2144
3536490204177,2144
3536490304099,2144
3536490404021,2144
3536490503943,2151
3536490603865,2148
3536490703787,2167
3536490803710,2146
3536490903632,2145
3536491003554,2147
3536491103476,2144
3536491203398,2158
3536491303320,2147
3536491403242,2146
3536491503164,2147
3536491603086,2146
3536491703008,2163
3536491802930,2152
3536491902852,2147
3536492002774,2147
3536492102696,2148
3536492202618,2159
3536492302540,2147
3536492402462,2147
3536492502384,2147
3536492602306,2146
3536492702228,2243
3536492802152,2217
3536492902076,2191
3536493001998,2157
3536493101920,2498
3536493201845,2242
3536493301767,2252
3536493401689,2151
3536493501613,2131
3536493601535,2143
3536493701457,2140
3536493801379,2132
3536493901319,2145
3536494001241,2136
3536494101163,2132
3536494201085,2134
3536494301007,2133
3536494400929,2135
3536494500851,2143
3536494600773,2131
3536494700695,2167
3536494800617,2175
3536494900539,2160
3536495000461,2138
3536495100383,2132
3536495200305,2162
3536495300227,2229
3536495400149,2134
3536495500071,2134
3536495599995,2135
3536495699917,2158
3536495799839,2132
3536495899761,2141
3536495999683,2132
3536496099605,2147
3536496199527,2165
3536496299449,2153
3536496399371,2134
3536496499293,2165
3536496599215,2173
3536496699137,2153
3536496799059,2144
3536496898981,2161
3536496998903,2148
3536497098825,2154
3536497198747,2130
3536497298669,2157
3536497398591,2133
3536497498513,2191
3536497598435,2140
3536497698357,2156
3536497798279,2143
3536497898201,2141
3536497998123,2154
3536498098045,2158
3536498197967,2150
3536498297889,2208
3536498397811,2132
3536498497734,2136
3536498597656,2134
3536498697578,2166
3536498797500,2149
3536498897422,2147
3536498997344,2131
3536499097266,2157
3536499197188,2149
3536499297110,2136
3536499397032,2133
3536499496954,2200
3536499596876,2137
3536499696798,2131
3536499796720,2170
3536499896642,2146
3536499996564,2132
3536500096486,2137
3536500196408,2172
3536500296330,2129
3536500396252,2132
3536500496174,2135
3536500596096,2131
3536500696019,2164
3536500795941,2146
3536500895863,2160
3536500995785,2129
3536501095707,2138
3536501195629,2154
3536501295551,2132
3536501395473,2130
3536501495395,2138
3536501595317,2172
3536501695239,2171
3536501795161,2156
3536501895083,2147
3536501995005,2138
3536502094927,2132
3536502194849,2183
3536502294771,2130
3536502394693,2159
3536502494615,2130
3536502594537,2138
3536502694459,2205
3536502794382,2203
3536502894305,2197
3536502994227,2193
3536503094149,2143
3536503194071,2146
3536503293995,2152
3536503393917,2152
3536503493839,2146
3536503593761,2145
3536503693683,2147
3536503793605,2148
3536503893527,2145
3536503993449,2146
3536504093371,2147
3536504193293,2147
3536504293215,2146
3536504393137,2146
3536504493059,2146
3536504592981,2152
3536504692903,2150
3536504792825,2146
3536504892747,2147
3536504992669,2148
3536505092591,2147
3536505192513,2145
3536505292435,2147
3536505392357,2147
3536505492279,2148
3536505592201,2146
3536505692123,2146
3536505792045,2147
3536505891967,2150
3536505991889,2149
3536506091811,2141
3536506191733,2143
3536506291655,2142
3536506391577,2143
3536506491499,2146
3536506591421,2142
3536506691344,2180
3536506791266,2143
3536506891188,2144
3536506991110,2145
3536507091032,2142
3536507190954,2145
3536507290876,2147
3536507390798,2142
3536507490720,2143
3536507590642,2142
3536507690564,2144
3536507790486,2144
3536507890408,2142
3536507990330,2143
3536508090252,2146
3536508190174,2144
3536508290096,2145
3536508390018,2144
3536508489940,2147
3536508589862,2146
3536508689784,2145
3536508789706,2143
3536508889628,2142
3536508989550,2142
3536509089472,2143
3536509189394,2144
3536509289316,2143
3536509389238,2144
3536509489160,2142
3536509589082,2143
3536509689004,2169
3536509788926,2147
3536509888848,2142
3536509988770,2143
3536510088692,2143
3536510188614,2143
3536510288536,2142
3536510388458,2143
3536510488380,2143
3536510588302,2144
3536510688224,2184
3536510788147,2146
3536510888069,2144
3536510987991,2146
3536511087913,2148
3536511187835,2144
3536511287757,2146
3536511387679,2145
3536511487601,2144
3536511587523,2142
3536511687445,2179
3536511787367,2142
3536511887289,2143
3536511987211,2143
3536512087133,2142
3536512187055,2144
3536512286977,2146
3536512386899,2146
3536512486821,2142
3536512586743,2142
3536512686666,2143
3536512786588,2143
3536512886510,2142
3536512986434,2216
3536513086358,2192
3536513186282,2189
3536513286204,2130
3536513386126,2132
3536513486049,2228
3536513585971,2230
3536513685895,2136
3536513785817,2134
3536513885739,2143
3536513985661,2154
3536514085583,2140
3536514185505,2142
3536514285427,2140
3536514385349,2129
3536514485271,2159
3536514585193,2143
3536514685115,2143
3536514785037,2146
3536514884960,2136
3536514984882,2145
3536515084804,2150
3536515184726,2142
3536515284648,2172
3536515384570,2131
3536515484508,2170
3536515584430,2142
3536515684352,2130
3536515784274,2161
3536515884196,2235
3536515984118,2160
3536516084040,2141
3536516183962,2135
3536516283884,2136
3536516383806,2137
3536516483728,2133
3536516583650,2157
3536516683572,2152
3536516783494,2135
3536516883416,2132
3536516983338,2153
3536517083260,2153
3536517183182,2175
3536517283104,2177
3536517383026,2205
3536517482948,2147
3536517582870,2150
3536517682792,2161
3536517782714,2143
3536517882636,2134
3536517982558,2134
3536518082480,2140
3536518182402,2150
3536518282324,2137
3536518382246,2139
3536518482168,2159
3536518582090,2139
3536518682012,2142
3536518781934,2157
3536518881856,2133
3536518981778,2159
3536519081700,2169
3536519181622,2143
3536519281544,2137
3536519381466,2140
3536519481388,2147
3536519581310,2145
3536519681232,2163
3536519781154,2132
3536519881076,2139
3536519980998,2185
3536520080920,2151
3536520180842,2162
3536520280764,2155
3536520380686,2130
3536520480608,2174
3536520580530,2131
3536520680452,2134
3536520780374,2195
3536520880296,2141
3536520980218,2130
3536521080140,2150
3536521180062,2159
3536521279984,2134
3536521379906,2134
3536521479828,2149
3536521579750,2132
3536521679672,2139
3536521779594,2148
3536521879516,2184
3536521979438,2127
3536522079360,2146
3536522179282,2146
3536522279204,2131
3536522379126,2154
3536522479048,2141
3536522578970,2136
3536522678892,2133
3536522778814,2129
3536522878736,2156
3536522978658,2146
3536523078581,2128
3536523178505,2211
3536523278429,2196
3536523378353,2157
3536523478275,2143
3536523578197,2144
3536523678119,2147
3536523778042,2146
3536523877966,2148
3536523977888,2146
3536524077810,2145
3536524177732,2142
3536524277654,2144
3536524377576,2143
3536524477498,2142
3536524577420,2145
3536524677342,2145
3536524777264,2144
3536524877186,2145
3536524977108,2142
3536525077030,2144
3536525176952,2146
3536525276874,2146
3536525376796,2144
3536525476719,2234
3536525576641,2147
3536525676563,2164
3536525776485,2143
3536525876407,2142
3536525976329,2144
3536526076251,2143
3536526176173,2144
3536526276095,2143
3536526376017,2143
3536526475939,2146
3536526575861,2147
3536526675783,2144
3536526775706,2144
3536526875628,2143
3536526975550,2144
3536527075472,2144
3536527175394,2146
3536527275316,2146
3536527375238,2143
3536527475160,2144
3536527575082,2143
3536527675004,2144
3536527774926,2145
3536527874848,2142
3536527974770,2144
3536528074692,2145
3536528174614,2144
3536528274537,2143
3536528374459,2142
3536528474382,2148
3536528574304,2146
3536528674226,2145
3536528774148,2145
3536528874070,2146
3536528973992,2150
3536529073914,2149
3536529173836,2145
3536529273759,2147
3536529373681,2148
3536529473603,2146
3536529573525,2145
3536529673447,2146
3536529773369,2148
3536529873291,2146
3536529973213,2146
3536530073135,2150
3536530173057,2148
3536530272979,2150
3536530372901,2150
3536530472823,2148
3536530572745,2147
3536530672667,2150
3536530772589,2146
3536530872511,2146
3536530972433,2146
3536531072355,2146
3536531172277,2147
3536531272199,2147
3536531372121,2147
3536531472043,2147
3536531571965,2149
3536531671887,2149
3536531771809,2144
3536531871731,2142
3536531971653,2143
3536532071575,2145
3536532171497,2143
3536532271419,2142
3536532371341,2144
3536532471263,2142
3536532571185,2144
3536532671108,2144
3536532771030,2143
3536532870952,2146
3536532970874,2146
3536533070796,2142
3536533170718,2145
3536533270642,2214
3536533370566,2212
3536533470490,2338
3536533570414,2254
3536533670336,2133
3536533770258,2142
3536533870181,2169
3536533970104,2131
3536534070026,2194
3536534169948,2131
3536534269870,2159
3536534369792,2141
3536534469714,2140
3536534569636,2133
3536534669558,2152
3536534769480,2129
3536534869402,2182
3536534969324,2131
3536535069246,2244
3536535169168,2147
3536535269090,2140
3536535369012,2143
3536535468934,2135
3536535568856,2142
3536535668778,2176
3536535768700,2151
3536535868622,2134
3536535968544,2189
3536536068466,2135
3536536168388,2141
3536536268310,2195
3536536368232,2133
3536536468154,2147
3536536568076,2145
3536536667998,2180
3536536767920,2139
3536536867842,2139
3536536967782,2140
3536537067704,2163
3536537167626,2158
3536537267552,2159
3536537367474,2136
3536537467396,2135
3536537567318,2209
3536537667240,2123
3536537767162,2166
3536537867084,2125
3536537967006,2163
3536538066928,2143
3536538166850,2304
3536538266772,2157
3536538366694,2198
3536538466616,2180
3536538566538,2203
3536538666460,2200
3536538766382,2123
3536538866304,2205
3536538966226,2123
3536539066148,2344
3536539166070,2232
3536539265992,2407
3536539365914,2363
3536539465836,2133
3536539565758,2126
3536539665680,2180
3536539765602,2299
3536539865524,2161
3536539965446,2211
3536540065368,2125
3536540165290,2134
3536540265212,2295
3536540365134,2127
3536540465056,2124
3536540564978,2319
3536540664900,2176
3536540764822,2124
3536540864744,2145
3536540964666,2133
3536541064588,2149
3536541164510,2350
3536541264432,2158
3536541364354,2140
3536541464276,2196
3536541564198,2212
3536541664120,2148
3536541764042,2123
3536541863964,2134
3536541963886,2162
3536542063808,2224
3536542163730,2155
3536542263653,2290
3536542363575,2149
3536542463497,2146
3536542563419,2154
3536542663341,2200
3536542763263,2127
3536542863185,2140
3536542963107,2141
3536543063029,2391
3536543162951,2147
3536543262873,2164
3536543362795,2145
3536543462719,2200
3536543562643,2203
3536543662567,2197
3536543762489,2145
3536543862411,2148
3536543962335,2148
3536544062258,2234
3536544162181,2234
3536544262104,2150
3536544362026,2183
3536544461948,2168
3536544561870,2150
3536544661792,2180
3536544761714,2143
3536544861636,2146
3536544961558,2143
3536545061480,2143
3536545161402,2143
3536545261325,2143
3536545361247,2146
3536545461169,2144
3536545561091,2143
3536545661013,2145
3536545760935,2146
3536545860857,2143
3536545960779,2144
3536546060701,2142
3536546160623,2144
3536546260545,2142
3536546360467,2143
3536546460389,2146
3536546560311,2143
3536546660233,2180
3536546760156,2148
3536546860078,2143
3536546960003,2142
3536547059925,2146
3536547159847,2144
3536547259769,2143
3536547359691,2142
3536547459613,2143
3536547559535,2142
3536547659457,2142
3536547759379,2145
3536547859301,2142
3536547959223,2147
3536548059145,2145
3536548159067,2142
3536548258989,2146
3536548358911,2147
3536548458833,2142
3536548558755,2143
3536548658677,2180
3536548758600,2144
3536548858522,2143
3536548958444,2143
3536549058366,2143
3536549158288,2144
3536549258210,2143
3536549358133,2162
3536549458055,2143
3536549557977,2145
3536549657899,2149
3536549757821,2144
3536549857743,2143
3536549957665,2142
3536550057587,2143
3536550157509,2144
3536550257431,2144
3536550357353,2143
3536550457275,2145
3536550557197,2145
3536550657119,2155
3536550757042,2144
3536550856964,2146
3536550956886,2147
3536551056808,2143
3536551156730,2143
3536551256652,2144
3536551356574,2143
3536551456496,2142
3536551556418,2143
3536551656340,2145
3536551756262,2143
3536551856184,2144
3536551956106,2143
3536552056028,2144
3536552155950,2145
3536552255872,2145
3536552355794,2231
3536552455716,2147
3536552555638,2143
3536552655560,2180
3536552755482,2142
3536552855404,2145
3536552955326,2142
3536553055248,2145
3536553155170,2145
3536553255092,2142
3536553355014,2143
3536553454936,2147
3536553554858,2220
3536553654781,2181
3536553754703,2354
3536553854625,2409
3536553954547,2208
3536554054469,2253
3536554154391,2215
3536554254313,2125
3536554354235,2343
3536554454158,2139
3536554554081,2148
3536554654007,2158
3536554753931,2129
3536554853855,2126
3536554953777,2150
3536555053699,2183
3536555153621,2144
3536555253543,2147
3536555353465,2195
3536555453387,2167
3536555553309,2157
3536555653231,2220
3536555753153,2259
3536555853075,2212
3536555952997,2192
3536556052919,2284
3536556152841,2268
3536556252763,2389
3536556352685,2140
3536556452607,2229
3536556552529,2129
3536556652451,2182
3536556752373,2137
3536556852295,2183
3536556952217,2163
3536557052139,2176
3536557152061,2274
3536557251983,2144
3536557351905,2132
3536557451827,2144
3536557551749,2143
3536557651671,2140
3536557751593,2122
3536557851515,2134
3536557951437,2259
3536558051359,2137
3536558151281,2157
3536558251203,2276
3536558351125,2384
3536558451047,2122
3536558550986,2128
3536558650908,2266
3536558750831,2132
3536558850753,2142
3536558950675,2137
3536559050597,2151
3536559150519,2192
3536559250441,2186
3536559350363,2381
3536559450285,2146
3536559550207,2126
3536559650129,2140
3536559750051,2132
3536559849973,2131
3536559949895,2144
3536560049817,2147
3536560149739,2407
3536560249661,2125
3536560349583,2237
3536560449505,2137
3536560549429,2134
3536560649351,2134
3536560749273,2124
3536560849195,2146
3536560949117,2141
3536561049039,2135
3536561148961,2186
3536561248883,2194
3536561348805,2150
3536561448727,2230
3536561548649,2123
3536561648571,2139
3536561748493,2212
3536561848415,2141
3536561948337,2140
3536562048259,2291
3536562148181,2131
3536562248103,2403
3536562348025,2362
3536562447947,2334
3536562547869,2143
3536562647791,2157
3536562747713,2299
3536562847635,2185
3536562947557,2204
3536563047479,2127
3536563147401,2140
3536563247323,2123
3536563347245,2138
3536563447167,2140
3536563547089,2128
3536563647011,2132
3536563746935,2217
3536563846859,2198
3536563946781,2192
3536564046703,2145
3536564146627,2143
3536564246549,2144
3536564346471,2143
3536564446394,2230
3536564546317,2145
3536564646239,2143
3536564746161,2144
3536564846083,2144
3536564946005,2149
3536565045927,2145
3536565145849,2140
3536565245771,2143
3536565345693,2144
3536565445615,2143
3536565545537,2141
3536565645459,2145
3536565745381,2142
3536565845303,2144
3536565945225,2144
3536566045147,2146
3536566145069,2142
3536566244991,2146
3536566344913,2146
3536566444835,2143
3536566544757,2144
3536566644679,2143
3536566744602,2144
3536566844524,2144
3536566944446,2143
3536567044368,2143
3536567144290,2143
3536567244212,2145
3536567344134,2143
3536567444056,2145
3536567543978,2149
3536567643900,2147
3536567743822,2147
3536567843744,2144
3536567943666,2146
3536568043588,2148
3536568143512,2181
3536568243434,2147
3536568343356,2146
3536568443278,2147
3536568543200,2149
3536568643122,2156
3536568743044,2148
3536568842966,2151
3536568942888,2149
3536569042810,2146
3536569142732,2146
3536569242654,2147
3536569342576,2147
3536569442498,2147
3536569542420,2145
3536569642342,2146
3536569742266,2145
3536569842190,2146
3536569942112,2145
3536570042034,2146
3536570141956,2152
3536570241878,2151
3536570341800,2142
3536570441722,2144
3536570541644,2142
3536570641566,2142
3536570741489,2145
3536570841411,2143
3536570941333,2142
3536571041255,2144
3536571141177,2142
3536571241099,2143
3536571341021,2143
3536571440943,2147
3536571540865,2146
3536571640787,2143
3536571740709,2145
3536571840631,2141
3536571940553,2143
3536572040475,2146
3536572140397,2143
3536572240319,2143
3536572340241,2144
3536572440165,2143
3536572540087,2144
3536572640009,2145
3536572739931,2146
3536572839853,2151
3536572939775,2143
3536573039697,2142
3536573139619,2143
3536573239541,2143
3536573339463,2144
3536573439385,2144
3536573539307,2145
3536573639229,2145
3536573739151,2144
