728984204607,1063
728984304526,604
728984404430,597
728984504332,591
728984604235,590
728984704142,591
728984804044,591
728984903946,592
728985003848,591
728985103750,596
728985203652,592
728985303554,591
728985403456,476
728985503358,477
728985603260,490
728985703162,476
728985803064,477
728985902966,516
728986002868,476
728986102770,500
728986202672,478
728986302574,478
728986402476,477
728986502378,476
728986602280,476
728986702182,495
728986802084,477
728986901986,513
728987001888,475
728987101790,501
728987201692,478
728987301594,493
728987401496,477
728987501398,480
728987601300,476
728987701202,493
728987801104,497
728987901006,474
728988000908,512
728988100810,514
728988200712,478
728988300614,482
728988400516,476
728988500418,476
728988600320,476
728988700222,477
728988800124,495
728988900026,477
728988999928,479
728989099830,480
728989199732,499
728989299634,478
728989399536,479
728989499438,477
728989599340,476
728989699242,491
728989799144,476
728989899046,477
728989998948,476
728990098850,478
728990198752,499
728990298654,477
728990398556,478
728990498458,477
728990598360,477
728990698262,504
728990798164,478
728990898066,477
728990997968,513
728991097870,478
728991197772,478
728991297674,478
728991397576,478
728991497478,480
728991597380,477
728991697282,477
728991797184,493
728991897086,476
728991996988,478
728992096890,511
728992196792,478
728992296694,499
728992396596,493
728992496498,476
728992596400,477
728992696303,478
728992796205,493
728992896107,498
728992996009,476
728993095911,479
728993195813,476
728993295715,481
728993395617,494
728993495519,477
728993595421,476
728993695323,477
728993795225,476
728993895127,499
728993995029,476
728994094931,515
728994194833,481
728994294735,610
728994394637,493
728994494539,477
728994594441,474
728994694343,478
728994794245,492
728994894147,474
728994994049,510
728995093951,480
728995193853,517
728995293755,480
728995393657,499
728995493559,500
728995593461,496
728995693363,474
728995793265,493
728995893167,495
728995993069,498
728996092971,515
728996192873,514
728996292775,500
728996392677,496
728996492579,493
728996592481,475
728996692383,496
728996792285,478
728996892187,477
728996992089,477
728997091991,478
728997191893,477
728997291795,479
728997391697,498
728997491599,499
728997591501,474
728997691403,474
728997791305,491
728997891207,495
728997991109,498
728998091011,513
728998190913,516
728998290815,501
728998390717,498
728998490619,493
728998590521,474
728998690423,477
728998790325,475
728998890227,494
728998990129,475
728999090031,493
728999189933,499
728999289835,498
728999389737,479
728999489639,494
728999589541,480
728999689443,477
728999789345,487
728999889247,493
728999989149,477
729000089051,477
729000188953,514
729000288855,516
729000388757,498
729000488659,496
729000588561,481
729000688463,475
729000788365,477
729000888267,474
729000988169,477
729001088071,475
729001187973,476
729001287875,478
729001387777,498
729001487679,500
729001587581,499
729001687483,478
729001787385,474
729001887287,489
729001987189,495
729002087091,498
729002186993,533
729002286895,534
729002386797,522
729002486699,517
729002586601,511
729002686503,478
729002786405,478
729002886307,475
729002986209,495
729003086111,474
729003186013,509
729003285915,477
729003385817,501
729003485719,497
729003585621,498
729003685524,480
729003785426,478
729003885328,487
729003985230,494
729004085132,496
729004185034,510
729004284936,553
729004384838,503
729004484740,500
729004584642,496
729004684544,481
729004784446,477
729004884348,476
729004984250,477
729005084152,496
729005184054,477
729005283956,481
729005383858,480
729005483760,502
729005583662,501
729005683564,502
729005783466,477
729005883368,480
729005983270,492
729006083172,495
729006183074,499
729006282976,515
729006382878,515
729006482780,500
729006582682,495
729006682584,483
729006782486,477
729006882388,477
729006982290,476
729007082192,476
729007182094,476
729007281996,479
729007381898,477
729007481800,481
729007581702,479
729007681604,479
729007781506,473
729007881408,476
729007981310,476
729008081212,477
729008181114,477
729008281039,478
729008380941,480
729008480843,478
729008580745,480
729008680647,480
729008780549,480
729008880451,476
729008980353,477
729009080255,480
729009180157,476
729009280059,477
729009379961,477
729009479863,479
729009579765,478
729009679667,479
729009779569,479
729009879471,480
729009979373,476
729010079275,491
729010179177,495
729010279079,499
729010378981,515
729010478883,514
729010578785,499
729010678687,501
729010778589,494
729010878491,476
729010978393,476
729011078295,496
729011178197,477
729011278099,477
729011378004,476
729011477906,517
729011577808,479
729011677710,479
729011777612,479
729011877514,477
729011977416,476
729012077318,486
729012177220,494
729012277122,501
729012377024,512
729012476926,515
729012576828,502
729012676730,499
729012776632,495
729012876534,480
729012976436,477
729013076338,480
729013176240,477
729013276142,476
729013376044,477
729013475946,496
729013575848,499
729013675750,478
729013775653,480
729013875555,483
729013975457,477
729014075359,477
729014175261,489
729014275164,537
729014375071,498
729014474973,516
729014574875,515
729014674777,500
729014774679,495
729014874581,490
729014974483,477
729015074385,474
729015174287,488
729015274189,475
729015374091,497
729015473993,500
729015573895,501
729015673797,481
729015773699,500
729015873601,483
729015973503,477
729016073405,477
729016173307,488
729016273209,494
729016373111,497
729016473013,510
729016572915,514
729016672817,501
729016772719,499
729016872621,492
729016972523,480
729017072425,475
729017172327,477
729017272229,477
729017372131,474
729017472033,493
729017571935,500
729017671837,499
729017771739,478
729017871641,479
729017971543,477
729018071445,474
729018171347,487
729018271249,490
729018371151,495
729018471053,510
729018570955,516
729018670857,515
729018770759,501
729018870661,494
729018970563,480
729019070465,474
729019170367,474
729019270269,492
729019370171,477
729019470073,496
729019569975,495
729019669877,515
729019769779,480
729019869681,497
729019969583,477
729020069485,474
729020169387,477
729020269289,492
729020369191,494
729020469093,499
729020568995,516
729020668897,516
729020768799,502
729020868701,496
729020968603,493
729021068505,477
729021168407,474
729021268309,478
729021368211,478
729021468113,496
729021568015,474
729021667917,480
729021767819,479
729021867721,480
729021967623,480
729022067525,474
729022167427,474
729022267329,490
729022367231,494
729022467133,498
729022567035,510
729022666937,533
729022766839,504
729022866741,497
729022966643,495
729023066545,481
729023166447,477
729023266349,493
729023366251,474
729023466153,477
729023566055,477
729023665957,477
729023765859,516
729023865761,479
729023965663,477
729024065565,477
729024165467,474
729024265369,549
729024365271,492
729024465173,496
729024565075,499
729024664977,565
729024764879,515
729024864781,500
729024964683,511
729025064585,496
729025164487,477
729025264389,477
729025364291,477
729025464193,497
729025564095,496
729025663997,479
729025763899,480
729025863801,485
729025963703,481
729026063605,482
729026163507,476
729026263409,477
729026363311,490
729026463213,494
729026563115,498
729026663017,515
729026762919,516
729026862821,518
729026962723,499
729027062625,494
729027162527,480
729027262429,477
729027362331,477
729027462233,500
729027562135,477
729027662037,477
729027761939,479
729027861841,502
729027961743,479
729028061645,479
729028161547,479
729028261449,480
729028361357,474
729028461259,492
729028561161,494
729028661066,497
729028760968,515
729028860870,515
729028960772,500
729029060674,499
729029160576,492
729029260478,477
729029360380,476
729029460282,477
729029560184,477
729029660086,490
729029759988,480
729029859890,480
729029959792,515
729030059694,480
729030159596,479
729030259498,477
729030359400,477
729030459302,491
729030559204,495
729030659106,522
729030759008,512
729030858910,515
729030958812,501
729031058714,497
729031158616,493
729031258518,476
729031358420,476
729031458322,499
729031558224,496
729031658126,476
729031758028,477
729031857930,480
729031957832,502
729032057734,480
729032157636,480
729032257538,483
729032357456,475
729032457358,477
729032557260,492
729032657162,495
729032757068,498
729032856970,514
729032956872,515
729033056774,504
729033156676,497
729033256578,492
729033356480,476
729033456382,512
729033556284,477
729033656186,477
729033756088,477
729033855991,484
729033955893,480
729034055795,478
729034155697,478
729034255599,550
729034355501,474
729034455403,477
729034555305,491
729034655207,493
729034755110,499
729034855012,512
729034954914,515
729035054816,501
729035154718,504
729035254620,494
729035354522,477
729035454424,475
729035554326,474
729035654228,474
729035754130,475
729035854032,477
729035953934,494
729036053836,504
729036153738,482
729036253640,484
729036353542,480
729036453444,474
729036553356,474
729036653258,510
729036753160,496
729036853065,498
729036952967,515
729037052869,515
729037152771,499
729037252673,496
729037352575,478
729037452477,477
729037552379,477
729037652281,478
729037752183,476
729037852085,475
729037951987,480
729038051889,477
729038151791,477
729038251693,480
729038351595,478
729038451497,477
729038551399,477
729038651301,491
729038751204,496
729038851106,499
729038951008,512
729039050910,514
729039150812,503
729039250714,499
729039350616,494
729039450518,477
729039550420,474
729039650322,474
729039750224,475
729039850126,474
729039950028,477
729040049930,477
729040149832,502
729040249734,478
729040349636,480
729040449538,480
729040549440,477
729040649342,490
729040749244,478
729040849146,477
729040949048,474
729041048950,478
729041148852,477
729041248754,480
729041348656,477
729041448558,480
729041548460,474
729041648362,474
729041748264,474
729041848166,475
729041948068,473
729042047970,491
729042147873,484
729042247775,478
729042347677,477
729042447579,480
729042547481,477
729042647383,477
729042747285,477
729042847187,477
729042947089,498
729043046991,549
729043146893,514
729043246795,501
729043346697,496
729043446599,500
729043546501,474
729043646403,474
729043746305,478
729043846207,478
729043946109,474
729044046011,478
729044145913,477
729044245815,561
729044345717,480
729044445619,479
729044545521,477
729044645423,477
729044745326,490
729044845228,493
729044945130,497
729045045032,515
729045144934,516
729045244836,515
729045344738,498
729045444640,495
729045544542,480
729045644444,477
729045744346,475
729045844248,480
729045944150,477
729046044052,476
729046143954,480
729046243856,481
729046343758,481
729046443660,482
729046543562,482
729046643464,480
729046743366,477
729046843268,492
729046943170,497
729047043072,500
729047142974,515
729047242876,515
729047342778,500
729047442680,500
729047542582,492
729047642484,477
729047742386,477
729047842288,476
729047942190,476
729048042092,477
729048141994,514
729048241896,480
729048341798,479
729048441700,479
729048541602,479
729048641504,477
729048741406,477
729048841308,489
729048941210,494
729049041112,501
729049141014,512
729049240916,513
729049340818,502
729049440720,498
729049540622,494
729049640524,481
729049740426,476
729049840328,480
729049940230,475
729050040132,497
729050140034,477
729050239936,479
729050339838,480
729050439740,480
729050539642,479
729050639544,483
729050739446,477
729050839348,476
729050939250,477
729051039152,477
729051139054,476
729051238956,478
729051338858,479
729051438760,482
729051538662,479
729051638564,479
729051738466,477
729051838368,476
729051938270,476
729052038172,477
729052138074,476
729052237976,483
729052337878,477
729052437780,479
729052537682,480
729052637584,480
729052737486,477
729052837388,476
729052937290,488
729053037192,496
729053137094,498
729053236996,514
729053336898,514
729053436800,497
729053536702,497
729053636604,494
729053736506,477
729053836408,480
729053936310,477
729054036212,477
729054136114,476
729054236016,546
729054335918,480
729054435820,477
729054535722,480
729054635624,480
729054735526,479
729054835428,474
729054935330,487
729055035232,493
729055135134,496
729055235036,512
729055334938,515
729055434840,504
729055534742,498
729055634644,495
729055734546,481
729055834448,475
729055934350,474
729056034252,478
729056134154,477
729056234067,498
729056333969,479
729056433889,484
729056533791,480
729056633693,482
729056733595,480
729056833497,474
729056933399,474
729057033301,478
729057133203,477
729057233105,477
729057333007,477
729057432909,480
729057532811,477
729057632713,477
729057732615,478
729057832517,475
729057932419,477
729058032321,477
729058132223,477
729058232125,474
729058332027,510
729058431929,477
729058531831,477
729058631733,478
729058731635,480
729058831537,477
729058931439,474
729059031341,486
729059131243,493
729059231145,493
729059331047,510
729059430949,516
729059530851,514
729059630753,499
729059730655,494
729059830557,478
729059930459,477
729060030361,474
729060130263,474
729060230165,475
729060330067,474
729060429969,476
729060529871,477
729060629773,479
729060729675,477
729060829577,492
729060929479,474
729061029381,477
729061129283,491
729061229185,494
729061329087,497
729061428989,550
729061528891,515
729061628793,499
729061728695,496
729061828597,492
729061928499,474
729062028401,474
729062128303,474
729062228205,496
729062328107,496
729062428009,532
729062527911,500
729062627813,499
729062727715,479
729062827617,477
729062927519,478
729063027421,474
729063127323,487
729063227225,493
729063327127,497
729063427029,494
729063526931,500
729063626833,500
729063726736,500
729063826638,496
729063926540,477
729064026442,475
729064126344,474
729064226247,552
729064326149,477
729064426051,477
729064525953,480
729064625855,480
729064725758,482
729064825660,479
729064925562,479
729065025464,480
729065125366,476
729065225268,491
729065325170,495
729065425072,500
729065524974,515
729065624876,514
729065724778,501
729065824680,500
729065924582,492
729066024484,476
729066124386,477
729066224288,475
729066324190,477
729066424092,477
729066523994,517
729066623896,482
729066723798,481
729066823700,482
729066923602,483
729067023504,477
729067123406,476
729067223308,489
729067323210,494
729067423112,500
729067523014,496
729067622916,496
729067722818,503
729067822720,497
729067922622,493
729068022524,480
729068122426,476
729068222328,480
729068322230,477
729068422132,477
729068522034,477
729068621936,477
729068721838,478
729068821740,478
729068921642,479
729069021544,483
729069121446,477
729069221348,477
729069321250,492
729069421152,496
729069521066,498
729069620968,515
729069720870,514
729069820772,503
729069920674,495
729070020576,492
729070120478,477
729070220380,476
729070320282,476
729070420184,477
729070520086,477
729070619988,518
729070719890,481
729070819792,478
729070919694,480
729071019596,479
729071119498,477
729071219400,477
729071319302,490
729071419204,497
729071519106,498
729071619008,512
729071718910,513
729071818812,501
729071918714,498
729072018616,494
729072118518,477
729072218420,480
729072318322,477
729072418224,477
729072518126,477
729072618028,476
729072717930,478
729072817832,478
729072917734,480
729073017636,482
729073117538,480
729073217440,476
729073317347,474
729073417249,495
729073517151,496
729073617053,513
729073716955,515
729073816857,518
729073916759,500
729074016661,496
729074116563,480
729074216465,553
729074316367,477
729074416269,493
729074516171,478
729074616073,475
729074715975,517
729074815877,477
729074915779,478
729075015681,480
729075115583,482
729075215485,474
729075315387,477
729075415289,492
729075515191,496
729075615093,496
729075714995,516
729075814897,514
729075914799,501
729076014701,495
729076114603,494
729076214505,475
729076314407,474
729076414309,477
729076514211,477
729076614113,477
729076714015,475
729076813917,483
729076913819,481
729077013721,481
729077113623,479
729077213525,484
729077313427,474
729077413329,493
729077513231,496
729077613133,497
729077713035,510
729077812937,515
729077912839,501
729078012741,500
729078112643,494
729078212545,480
729078312447,477
729078412349,477
729078512251,478
729078612153,475
729078712055,475
729078811957,515
729078911859,480
729079011761,481
729079111663,480
729079211565,477
729079311467,477
729079411369,475
729079511271,492
729079611173,496
729079711075,500
729079810977,516
729079910879,515
729080010781,499
729080110683,497
729080210585,491
729080310487,476
729080410389,477
729080510308,474
729080610210,475
729080710112,475
729080810014,478
729080909916,480
729081009818,479
729081109720,480
729081209622,481
729081309524,480
729081409426,496
729081509328,496
729081609230,493
729081709132,497
729081809034,511
729081908936,513
729082008838,502
729082108740,499
729082208642,496
729082308544,478
729082408446,477
729082508348,477
729082608250,475
729082708152,478
729082808054,477
729082907956,515
729083007858,477
729083107760,495
729083207662,497
729083307564,480
729083407466,478
729083507368,474
729083607270,492
729083707172,497
729083807074,498
729083906976,516
729084006878,515
729084106780,499
729084206683,549
729084306585,492
729084406487,477
729084506389,477
729084606291,477
729084706194,477
729084806096,477
729084905998,480
729085005900,483
729085105802,478
729085205704,480
729085305606,479
729085405508,499
729085505410,496
729085605312,496
729085705214,494
729085805116,501
729085905018,512
729086004920,516
729086104822,502
729086204724,498
729086304626,493
729086404528,480
729086504430,477
729086604332,480
729086704234,477
729086804136,477
729086904038,477
729087003940,517
729087103842,482
729087203744,495
729087303646,482
729087403548,505
729087503450,477
729087603358,474
729087703260,492
729087803162,496
729087903067,498
729088002969,515
729088102871,515
729088202773,502
729088302675,496
729088402577,492
729088502479,477
729088602381,476
729088702283,477
729088802185,477
729088902087,477
729089001989,480
729089101891,479
729089201793,478
729089301695,479
729089401597,479
729089501499,496
729089601401,495
729089701303,490
729089801205,497
729089901107,498
729090001009,513
729090100911,515
729090200813,502
729090300715,497
729090400617,493
729090500519,477
729090600421,480
729090700323,477
729090800225,477
729090900127,477
729091000029,477
729091099931,514
729091199833,480
729091299735,479
729091399637,502
729091499539,499
729091599441,476
729091699343,489
729091799245,493
729091899147,496
729091999049,512
729092098951,515
729092198853,518
729092298755,499
729092398657,495
729092498559,481
729092598461,477
729092698363,497
729092798265,477
729092898167,476
729092998069,480
729093097971,476
729093197873,477
729093297775,480
729093397677,480
729093497579,479
729093597481,477
729093697383,477
729093797285,494
729093897187,495
729093997089,499
729094096991,515
729094196893,515
729094296795,565
729094396697,498
729094496599,494
729094596501,478
729094696403,474
729094796305,474
729094896207,478
729094996109,474
729095096011,494
729095195913,505
729095295815,499
729095395717,480
729095495619,477
729095595521,477
729095695423,474
729095795325,490
729095895227,494
729095995129,498
729096095031,513
729096194933,515
729096294835,507
729096394737,499
729096494639,496
729096594541,481
729096694443,476
729096794345,476
729096894247,473
729096994149,475
729097094051,475
729097193953,482
729097293855,482
729097393757,481
729097493659,481
729097593561,483
729097693463,474
729097793365,475
729097893267,492
729097993169,495
729098093071,500
729098192973,516
729098292875,513
729098392777,500
729098492679,496
729098592581,491
729098692483,493
729098792385,475
729098892287,473
729098992189,477
729099092091,474
729099191993,477
729099291895,514
729099391797,500
729099491699,496
729099591601,499
729099691503,478
729099791405,474
729099891307,489
729099991209,494
729100091111,497
729100191013,513
729100290915,515
729100390817,499
729100490719,497
729100590621,494
729100690523,481
729100790425,474
729100890327,477
729100990229,478
729101090131,474
729101190033,477
729101289935,480
729101389837,479
729101489739,479
729101589641,477
729101689543,477
729101789445,475
729101889359,474
729101989261,492
729102089163,495
729102189068,498
729102288970,514
729102388872,514
729102488774,500
729102588676,494
729102688578,490
729102788480,476
729102888382,477
729102988284,477
729103088186,477
729103188088,474
729103287990,480
729103387892,497
729103487794,497
729103587696,499
729103687598,496
729103787500,477
729103887402,474
729103987304,491
729104087206,492
729104187108,498
729104287010,545
729104386912,514
729104486814,501
729104586733,497
729104686635,495
729104786537,480
729104886439,476
729104986345,477
729105086247,491
729105186149,495
729105286051,512
729105385953,507
729105485855,497
729105585757,500
729105685659,496
729105785561,483
729105885463,477
729105985365,477
729106085267,491
729106185169,493
729106285071,500
729106384973,514
729106484875,515
729106584777,504
729106684679,497
729106784581,492
729106884483,477
729106984385,476
729107084287,496
729107184189,496
729107284091,496
729107383993,479
729107483895,517
729107583797,503
729107683699,482
729107783601,483
729107883503,477
729107983405,477
729108083307,490
729108183209,498
729108283111,498
729108383013,512
729108482915,515
729108582817,502
729108682719,496
729108782621,494
729108882523,476
729108982425,480
729109082327,489
729109182229,493
729109282131,497
729109382033,511
729109481935,496
729109581837,497
729109681739,497
729109781641,498
729109881543,480
729109981445,477
729110081357,474
729110181259,492
729110281161,495
729110381066,498
729110480968,515
729110580870,519
729110680772,501
729110780674,496
729110880576,492
729110980478,477
729111080380,477
729111180282,476
729111280184,495
729111380086,480
729111479988,496
729111579890,499
729111679792,499
729111779694,479
729111879596,479
729111979498,477
729112079400,476
729112179302,494
729112279204,494
729112379106,498
729112479008,512
729112578910,513
729112678812,502
729112778714,497
729112878616,493
729112978518,480
729113078420,476
729113178322,489
729113278224,493
729113378126,497
729113478028,496
729113577930,499
729113677832,502
729113777734,501
729113877636,495
729113977538,480
729114077440,476
729114177342,489
729114277245,531
729114377147,496
729114477049,512
729114576951,514
729114676854,516
729114776756,498
729114876659,496
729114976561,480
729115076463,474
729115176365,477
729115276267,475
729115376169,478
729115476071,493
729115575973,499
729115675875,499
729115775777,499
729115875679,478
729115975581,479
729116075483,477
729116175385,475
729116275287,491
729116375189,494
729116475091,500
729116574993,515
729116674895,517
729116774797,501
729116874699,498
729116974601,494
729117074503,477
729117174405,477
729117274307,490
729117374209,494
729117474111,498
729117574013,512
729117673915,518
729117773817,504
729117873719,498
729117973621,494
729118073523,483
729118173425,474
729118273327,490
729118373229,493
729118473131,497
729118573033,512
729118672935,513
729118772837,515
729118872739,500
729118972641,492
729119072543,495
729119172445,477
729119272347,493
729119372249,477
729119472151,477
729119572053,474
729119671955,477
729119771857,515
729119871759,498
729119971661,492
729120071563,477
729120171465,475
729120271367,477
729120371269,493
729120471171,497
729120571073,498
729120670975,514
729120770877,513
729120870779,499
729120970681,497
729121070583,489
729121170485,474
729121270387,477
729121370289,491
729121470191,497
729121570093,497
729121669995,496
729121769897,516
729121869799,500
729121969701,495
729122069603,491
729122169505,500
729122269407,493
729122369309,511
729122469212,511
729122569114,518
729122669016,512
729122768918,514
729122868820,503
729122968722,499
729123068624,491
729123168526,478
729123268428,474
729123368330,477
729123468232,497
729123568134,493
729123668037,500
729123767939,480
729123867841,503
729123967743,497
729124067645,478
729124167547,478
729124267450,546
729124367359,475
729124467261,493
729124567163,496
729124667068,499
729124766970,515
729124866872,514
729124966774,502
729125066676,496
729125166578,492
729125266480,477
729125366382,476
729125466284,497
729125566186,495
729125666088,499
729125765990,517
729125865892,514
729125965794,500
729126065696,497
729126165598,493
729126265500,476
729126365402,476
729126465304,491
729126565206,497
729126665108,540
729126765010,513
729126864912,514
729126964814,501
729127064716,498
729127164618,494
729127264520,477
729127364422,480
729127464324,544
729127564226,496
729127664128,495
729127764030,512
729127863932,482
729127963834,505
729128063736,501
729128163638,486
729128263540,482
729128363442,477
729128463344,489
729128563246,493
729128663164,494
729128763067,500
729128862969,515
729128962871,518
729129062773,499
729129162675,496
729129262577,491
729129362479,477
729129462381,496
729129562283,491
729129662185,495
729129762087,502
729129861989,513
729129961891,514
729130061793,501
729130161695,497
729130261597,492
729130361499,477
729130461401,476
729130561303,494
729130661205,494
729130761107,498
729130861009,512
729130960911,516
729131060813,499
729131160715,499
729131260617,499
729131360519,502
729131460421,477
729131560323,477
729131660225,477
729131760127,477
729131860029,511
729131959931,515
729132059833,500
729132159735,502
729132259637,479
729132359539,479
729132459441,477
729132559355,474
729132659257,527
729132759159,496
729132859067,497
729132958969,517
729133058871,515
729133158773,498
729133258675,496
729133358577,492
729133458479,496
729133558381,496
729133658283,496
729133758185,498
729133858087,498
729133957989,514
729134057891,514
729134157793,500
729134257695,537
729134357597,493
729134457499,474
729134557401,475
729134657303,491
729134757205,494
729134857107,498
729134957009,512
729135056911,515
729135156813,501
729135256715,498
729135356617,492
729135456519,496
729135556421,477
729135656323,494
729135756225,474
729135856127,478
729135956029,475
729136055931,480
729136155833,502
729136255735,496
729136355637,480
729136455539,480
729136555441,474
729136655354,473
729136755257,493
729136855159,496
729136955068,497
729137054970,514
729137154872,514
729137254774,500
729137354676,496
729137454578,504
729137554480,496
729137654382,495
729137754284,491
729137854186,495
729137954088,499
729138053990,517
729138153892,517
729138253794,504
729138353696,498
729138453598,509
729138553500,477
729138653402,496
729138753304,491
729138853206,494
729138953108,497
729139053010,512
729139152912,514
729139252814,500
729139352716,498
729139452618,497
729139552520,496
729139652422,474
729139752324,478
729139852226,474
729139952128,473
729140052030,477
729140151932,481
729140251834,501
729140351736,496
729140451638,478
729140551540,477
729140651442,475
729140751347,474
729140851249,493
729140951151,497
729141051065,498
729141150967,515
729141250869,515
729141350771,500
729141450673,497
729141550575,477
729141650477,477
729141750379,477
729141850281,491
729141950183,494
729142050085,499
729142149987,515
729142249889,515
729142349791,501
729142449693,496
729142549595,493
729142649497,477
729142749399,477
729142849301,491
729142949203,493
729143049105,493
729143149007,496
729143248909,500
729143348811,500
729143448713,496
729143548615,491
729143648517,474
729143748419,477
729143848321,474
729143948223,477
729144048125,474
729144148027,475
729144247929,549
729144347831,503
729144447733,498
729144547635,480
729144647537,480
729144747439,477
729144847349,473
729144947251,496
729145047153,496
729145147067,498
729145246969,513
729145346871,514
729145446773,499
729145546675,498
729145646577,499
729145746479,480
729145846381,478
729145946283,491
729146046185,494
729146146087,499
729146245989,514
729146345891,513
729146445793,500
729146545695,501
729146645597,493
729146745499,477
729146845401,496
729146945303,490
729147045205,494
729147145107,498
729147245009,511
729147344911,518
729147444813,500
729147544715,498
729147644617,499
729147744519,477
729147844421,476
729147944323,476
729148044225,477
729148144127,480
729148244029,477
729148343931,482
729148443833,505
729148543735,502
729148643637,482
729148743539,483
729148843441,477
729148943343,480
729149043245,492
729149143147,496
729149243049,511
729149342951,514
729149442853,514
729149542755,497
729149642657,497
729149742559,483
729149842461,477
729149942363,477
729150042265,493
729150142167,496
729150242072,497
729150341974,514
729150441876,514
729150541778,503
729150641680,497
729150741582,492
729150841484,478
729150941386,477
729151041288,491
729151141190,495
729151241092,498
729151340994,518
729151440896,499
729151540798,497
729151640700,498
729151740602,497
729151840504,477
729151940406,477
729152040308,474
729152140210,480
729152240112,477
729152340014,477
729152439916,477
729152539818,502
729152639720,497
729152739639,481
729152839541,480
729152939443,480
729153039345,477
729153139247,492
729153239149,497
729153339051,511
729153438953,499
729153538855,514
729153638757,500
729153738659,498
729153838561,479
729153938463,476
729154038365,477
729154138267,476
729154238170,548
729154338072,474
729154437974,477
729154537876,478
729154637778,477
729154737680,479
729154837582,477
729154937484,475
729155037386,474
729155137288,492
729155237190,495
729155337092,498
729155436994,515
729155536896,514
729155636798,501
729155736700,497
729155836602,493
729155936504,478
729156036406,474
729156136308,477
729156236210,474
729156336112,477
729156436014,477
729156535916,480
729156635818,478
729156735720,477
729156835622,480
729156935524,475
729157035426,477
729157135328,486
729157235230,492
729157335132,496
729157435034,497
729157534936,500
729157634838,499
729157734740,499
729157834642,492
729157934544,477
729158034446,477
729158134360,474
729158234262,492
729158334164,496
729158434066,474
729158533968,517
729158633870,480
729158733772,482
729158833674,481
729158933576,480
729159033478,477
729159133380,475
729159233282,474
729159333184,476
729159433086,474
729159532988,480
729159632890,478
729159732792,479
729159832694,479
729159932596,477
729160032498,473
729160132400,477
729160232302,477
729160332204,473
729160432106,478
729160532008,474
729160631910,479
729160731812,480
729160831714,478
729160931616,479
729161031518,477
729161131420,474
729161231322,490
729161331224,494
729161431126,496
729161531028,512
729161630930,515
729161730832,502
729161830734,498
729161930636,493
729162030538,477
729162130440,474
729162230342,477
729162330244,474
729162430146,477
729162530048,475
729162629950,477
729162729852,481
729162829754,476
729162929656,479
729163029558,480
729163129460,474
729163229362,473
729163329264,490
729163429166,494
729163529068,500
729163628970,515
729163728872,514
729163828774,500
729163928676,495
729164028578,492
729164128480,477
729164228382,544
729164328284,476
729164428186,476
729164528088,477
729164627990,477
729164727892,478
729164827794,478
729164927696,481
729165027598,479
729165127500,477
729165227402,477
729165327304,475
729165427206,477
729165527108,477
729165627010,476
729165726912,483
729165826814,480
729165926716,478
729166026618,480
729166126520,477
729166226422,477
729166326324,489
729166426226,477
729166526128,480
729166626030,477
729166725932,480
729166825834,515
729166925736,478
729167025638,480
729167125540,480
729167225442,477
729167325344,499
729167425246,493
729167525148,497
729167625050,511
729167724952,516
729167824854,515
729167924756,499
729168024658,496
729168124560,483
729168224462,477
729168324364,491
729168424266,477
729168524168,476
729168624070,477
729168723972,483
729168823874,482
729168923776,505
729169023678,482
729169123580,482
729169223482,477
729169323384,476
729169423286,491
729169523188,495
729169623090,498
729169722992,519
729169822894,514
729169922796,501
729170022698,496
729170122600,494
729170222502,477
729170322404,476
729170422306,477
729170522208,480
729170622110,476
729170722012,477
729170821914,479
729170921816,478
729171021718,479
729171121620,480
729171221522,476
729171321424,480
729171421326,496
729171521228,496
729171621130,496
729171721032,513
729171820934,515
729171920836,502
729172020738,498
729172120640,498
729172220542,479
729172320444,477
729172420346,477
729172520248,477
729172620150,477
729172720052,477
729172819954,477
729172919856,480
729173019758,499
729173119660,479
729173219562,480
729173319464,477
729173419366,496
729173519268,492
729173619170,496
729173719072,503
729173818974,515
729173918876,515
729174018778,499
729174118680,496
729174218582,566
729174318484,474
729174418386,474
729174518288,474
729174618190,473
729174718092,475
729174817994,479
729174917896,479
729175017798,477
729175117700,478
729175217602,477
729175317504,475
729175417406,474
729175517308,496
729175617210,497
729175717112,499
729175817014,512
729175916916,518
729176016818,503
729176116720,497
729176216622,493
729176316524,475
729176416426,477
729176516328,478
729176616230,477
729176716132,476
729176816050,474
729176915952,478
729177015854,479
729177115756,498
729177215658,476
729177315560,476
729177415462,496
729177515364,477
729177615266,493
729177715168,495
729177815070,497
729177914972,515
729178014874,516
729178114776,500
729178214678,497
729178314580,490
729178414482,477
729178514384,475
729178614286,473
729178714188,478
729178814090,474
729178913992,479
729179013894,479
729179113796,500
729179213698,481
729179313600,482
729179413502,478
729179513404,479
729179613306,488
729179713208,496
729179813110,497
729179913012,512
729180012914,515
729180112816,502
729180212718,498
729180312620,492
729180412522,474
729180512424,477
729180612326,477
729180712228,477
729180812130,477
729180912032,478
729181011934,476
729181111836,480
729181211738,498
729181311640,478
729181411542,496
729181511444,496
729181611346,493
729181711248,492
729181811150,497
729181911052,512
729182010954,514
729182110856,514
729182210758,498
729182310660,493
729182410562,478
729182510464,477
729182610366,473
729182710268,474
729182810170,477
729182910072,477
729183009974,476
729183109876,480
729183209778,479
729183309680,479
729183409582,476
729183509484,474
729183609386,477
729183709289,490
729183809191,494
729183909093,495
729184008995,514
729184108897,514
729184208799,549
729184308701,496
729184408603,492
729184508505,477
729184608407,477
729184708309,477
729184808211,477
729184908113,480
729185008015,477
729185107917,514
729185207819,480
729185307721,498
729185407623,499
729185507525,499
729185607427,495
729185707329,490
729185807231,493
729185907133,497
729186007035,511
729186106937,514
729186206839,504
729186306741,498
729186406643,495
729186506545,484
729186606447,477
729186706349,477
729186806251,477
729186906153,477
729187006055,476
729187105957,477
729187205859,480
729187305761,482
729187405663,479
729187505565,480
729187605467,496
729187705369,477
729187805271,492
729187905173,495
729188005075,499
729188104977,518
729188204879,513
729188304781,499
729188404683,496
729188504585,493
729188604487,478
729188704389,477
729188804291,476
729188904193,480
729189004095,477
729189103997,481
729189203899,528
729189303801,482
729189403703,501
729189503605,501
729189603507,476
729189703409,480
729189803311,490
729189903213,491
729190003115,497
729190103017,512
729190202919,514
729190302821,502
729190402723,498
729190502625,498
729190602527,480
729190702429,475
729190802331,477
729190902233,477
729191002135,477
729191102037,496
729191201939,496
729191301841,483
729191401743,480
729191501645,480
729191601547,480
729191701449,476
729191801359,474
729191901261,493
729192001163,496
729192101065,501
729192200967,515
729192300869,515
729192400771,500
729192500673,496
729192600575,493
729192700477,477
729192800379,477
729192900281,480
729193000183,477
729193100085,477
729193199987,477
729193299889,513
729193399791,497
729193499693,498
729193599595,498
729193699497,480
729193799399,477
729193899301,490
729193999203,495
729194099105,497
729194199007,512
729194298909,557
729194398811,480
729194498713,497
729194598615,480
729194698517,494
729194798419,477
729194898321,489
729194998223,494
729195098125,497
729195198027,512
729195297929,514
729195397831,499
729195497733,498
729195597635,498
729195697537,480
729195797439,477
729195897341,490
729195997243,492
729196097145,498
729196197047,509
729196296949,515
729196396851,515
729196496753,498
729196596655,496
729196696557,479
729196796459,478
729196896361,477
729196996263,493
729197096165,496
729197196068,498
729197295970,516
729197395872,497
729197495774,498
729197595676,498
729197695578,499
729197795480,478
729197895382,476
729197995284,477
729198095186,477
729198195088,477
729198294990,480
729198394892,477
729198494794,479
729198594696,498
729198694598,480
729198794500,477
729198894402,475
729198994304,490
729199094206,495
729199194108,498
729199294010,512
729199393912,501
729199493814,502
729199593716,503
729199693618,497
729199793520,475
729199893422,477
729199993324,491
729200093226,493
729200193128,498
729200293030,512
729200392932,515
729200492834,503
729200592736,499
729200692638,495
729200792540,480
729200892459,478
729200992361,478
729201092263,492
729201192165,496
729201292067,499
729201391969,496
729201491871,500
729201591773,501
729201691675,497
729201791577,493
729201891479,477
729201991381,477
729202091283,477
729202191185,476
729202291087,477
729202390989,477
729202490891,481
729202590793,478
729202690695,497
729202790597,480
729202890499,477
729202990401,476
729203090303,496
729203190205,496
729203290107,496
729203390009,512
729203489911,515
729203589813,502
729203689715,498
729203789617,495
729203889519,477
729203989421,477
729204089323,490
729204189225,494
729204289128,538
729204389030,512
729204488932,514
729204588834,502
729204688736,516
729204788638,494
729204888540,482
729204988442,477
729205088344,488
729205188246,492
729205288148,496
729205388050,496
729205487952,496
729205587854,498
729205687756,502
729205787658,496
729205887560,480
729205987462,477
729206087364,476
729206187266,477
729206287168,477
729206387070,476
729206486972,483
729206586874,477
729206686776,480
729206786678,479
729206886580,496
729206986482,477
729207086384,477
729207186286,491
729207286188,497
729207386090,496
729207485992,499
729207585894,496
729207685796,499
729207785698,496
729207885600,492
729207985502,476
729208085404,480
729208185306,490
729208285208,494
729208385110,498
729208485012,511
729208584914,515
729208684816,502
729208784718,497
729208884620,497
729208984522,477
729209084424,476
729209184326,489
729209284228,493
729209384130,497
729209484032,496
729209583934,501
729209683836,511
729209783738,500
729209883640,497
729209983542,483
729210083444,477
729210183346,476
729210283248,477
729210383150,476
729210483052,480
729210582954,477
729210682856,478
729210782758,478
729210882660,480
729210982562,480
729211082464,477
729211182366,476
729211282268,494
729211382170,496
729211482072,496
729211581974,499
729211681876,504
729211781778,499
729211881680,496
729211981582,492
729212081484,481
729212181386,477
729212281288,491
729212381190,495
729212481092,498
729212580994,514
729212680896,535
729212780798,502
729212880700,499
729212980602,493
729213080504,477
729213180406,476
729213280308,490
729213380210,494
729213480112,496
729213580014,511
729213679916,518
729213779818,502
729213879720,498
729213979622,494
729214079524,479
729214179426,476
729214279328,545
729214379230,477
729214479132,477
729214579034,477
729214678936,478
729214778838,478
729214878740,481
729214978642,479
729215078544,499
729215178446,496
729215278348,494
729215378250,492
729215478152,497
729215578065,497
729215677967,514
729215777869,516
729215877771,500
729215977673,497
729216077575,493
729216177477,477
729216277379,477
729216377281,491
729216477183,496
729216577085,499
729216676987,515
729216776889,514
729216876791,502
729216976693,497
729217076595,494
729217176497,478
729217276399,477
729217376301,490
729217476203,497
729217576105,497
729217676007,501
729217775909,516
729217875811,502
729217975713,498
729218075615,494
729218175517,477
729218275419,477
729218375321,477
729218475223,478
729218575125,477
729218675027,477
729218774929,477
729218874831,480
729218974733,480
729219074635,481
729219174537,480
729219274439,478
729219374349,474
729219474251,496
729219574153,496
729219674055,496
729219773957,518
729219873859,516
729219973761,503
729220073663,498
729220173565,482
729220273467,477
729220373369,476
729220473271,492
729220573173,496
729220673075,500
729220772977,514
729220872879,515
729220972781,501
729221072683,495
729221172585,492
729221272487,477
729221372389,477
729221472291,494
729221572193,496
729221672095,497
729221771997,513
729221871899,514
729221971801,500
729222071703,498
729222171605,494
729222271507,477
729222371409,477
729222471311,477
729222571213,477
729222671115,478
729222771017,477
729222870919,477
729222970821,480
729223070723,478
729223170625,479
729223270527,480
729223370429,477
729223470331,496
729223570233,496
729223670135,510
729223770037,512
729223869939,515
729223969841,502
729224069743,499
729224169645,494
729224269547,563
729224369449,476
729224469362,474
729224569264,492
729224669166,496
729224769068,500
729224868970,517
729224968888,514
729225068790,500
729225168692,497
729225268594,493
729225368496,477
729225468398,496
729225568300,491
729225668202,497
729225768104,499
729225868006,511
729225967908,515
729226067810,501
729226167712,497
729226267614,494
729226367516,477
729226467418,480
729226567320,476
729226667222,477
729226767124,476
729226867026,477
729226966928,478
729227066830,498
729227166732,497
729227266634,503
729227366536,499
729227466438,477
729227566340,489
729227666242,493
729227766144,498
729227866046,512
729227965948,514
729228065850,517
729228165752,499
729228265654,496
729228365556,480
729228465458,477
729228565364,473
729228665266,509
729228765168,496
729228865070,503
729228964972,514
729229064874,513
729229164776,499
729229264678,496
729229364580,492
729229464482,541
729229564384,496
729229664286,494
729229764188,496
729229864090,499
729229963992,516
729230063894,517
729230163796,504
729230263698,499
729230363600,494
729230463502,480
729230563404,477
729230663306,477
729230763208,477
729230863110,477
729230963012,476
729231062914,479
729231162816,478
729231262718,481
729231362620,480
729231462522,499
729231562424,496
729231662326,496
729231762228,493
729231862130,497
729231962032,512
729232061934,517
729232161836,503
729232261738,498
729232361640,494
729232461542,479
729232561444,477
729232661346,488
729232761248,492
729232861150,500
729232961064,499
729233060966,513
729233160868,514
729233260770,500
729233360672,495
729233460574,499
729233560476,496
729233660378,515
729233760280,492
729233860182,495
729233960084,533
729234059986,514
729234159888,515
729234259790,543
729234359692,496
729234459594,493
729234559496,477
729234659398,547
729234759300,477
729234859202,477
729234959104,477
729235059006,477
729235158908,480
729235258810,479
729235358712,479
729235458614,499
729235558516,497
729235658418,497
729235758320,490
729235858222,492
729235958124,497
729236058026,512
729236157928,514
729236257830,502
729236357732,499
729236457634,495
729236557536,481
729236657438,477
729236757351,478
729236857253,493
729236957155,497
729237057068,498
729237156970,515
729237256872,514
729237356774,500
729237456676,499
729237556578,492
729237656480,478
729237756382,477
729237856284,493
729237956186,496
729238056088,498
729238155990,515
729238255892,515
729238355794,501
729238455696,498
729238555598,495
729238655500,477
729238755402,475
729238855304,477
729238955206,477
729239055108,496
729239155010,495
729239254912,500
729239354814,499
729239454716,479
729239554618,479
729239654520,477
729239754422,478
729239854324,489
729239954226,494
729240054128,497
729240154030,513
729240253932,519
729240353834,504
729240453736,514
729240553638,497
729240653540,482
729240753442,477
729240853344,475
729240953246,490
729241053148,496
729241153050,512
729241252952,515
729241352854,515
729241452756,499
729241552658,498
729241652560,478
729241752462,477
729241852365,474
729241952267,492
729242052169,496
729242152072,519
729242251974,534
729242351876,535
729242451778,521
729242551680,517
729242651582,513
729242751484,477
729242851386,477
729242951288,477
729243051190,477
729243151092,477
729243250994,477
729243350896,481
729243450798,499
729243550700,499
729243650602,498
729243750505,478
729243850407,476
729243950309,491
729244050211,494
729244150113,497
729244250015,546
729244349917,480
729244449819,479
729244549721,497
729244649623,494
729244749525,481
729244849427,480
729244949329,489
729245049231,491
729245149133,496
729245249035,511
729245348937,514
729245448839,497
729245548741,497
729245648643,498
729245748545,479
729245848447,477
729245948349,501
729246048251,492
729246148153,496
729246248067,498
729246347969,514
729246447871,518
729246547773,500
729246647675,496
729246747577,490
729246847479,477
729246947381,477
729247047283,477
729247147185,477
729247247087,480
729247346989,480
729247446891,499
729247546793,499
729247646695,500
729247746597,479
729247846499,477
729247946401,477
729248046303,493
729248146205,494
729248246107,498
729248346009,511
729248445911,515
729248545813,501
729248645715,497
729248745617,494
729248845519,480
729248945421,477
729249045354,477
729249145256,493
729249245158,496
729249345067,498
729249444969,499
729249544871,515
729249644773,503
729249744675,496
729249844577,492
729249944479,477
729250044381,477
729250144283,492
729250244185,495
729250344087,498
729250443989,520
729250543891,516
729250643793,504
729250743695,500
729250843597,496
729250943499,477
729251043401,496
729251143303,496
729251243205,499
729251343107,496
729251443009,477
729251542911,478
729251642813,479
729251742715,479
729251842617,479
729251942519,477
729252042421,480
729252142323,529
729252242225,494
729252342127,497
729252442029,511
729252541931,514
729252641833,501
729252741735,500
729252841637,497
729252941539,479
729253041441,476
729253141343,477
729253241245,492
729253341147,496
729253441049,496
729253540951,496
729253640853,502
729253740755,504
729253840657,495
729253940559,479
729254040461,477
729254140363,491
729254240265,493
729254340167,496
729254440069,500
729254539971,514
729254639873,514
729254739775,502
729254839677,497
729254939579,490
729255039481,477
729255139383,477
729255239285,477
729255339187,477
729255439089,496
729255538991,497
729255638893,499
729255738795,481
729255838697,479
729255938599,477
729256038501,477
729256138403,477
729256238305,490
729256338207,494
729256438109,498
729256538011,510
729256637913,514
729256737815,502
729256837717,498
729256937619,494
729257037521,477
729257137423,477
729257237325,489
729257337227,493
729257437129,496
729257537031,496
729257636933,499
729257736835,502
729257836737,500
729257936639,495
729258036541,476
729258136443,477
729258236345,488
729258336247,493
729258436149,498
729258536051,513
729258635953,515
729258735855,514
729258835757,499
729258935659,497
729259035561,480
729259135463,477
729259235365,478
729259335267,477
729259435169,496
729259535071,497
729259634973,496
729259734875,480
729259834777,480
729259934679,481
729260034581,480
729260134483,477
729260234385,478
729260334287,492
729260434189,495
729260534091,499
729260633993,519
729260733895,517
729260833797,503
729260933699,500
729261033601,496
729261133503,477
729261233405,477
729261333307,490
729261433209,496
729261533111,497
729261633013,512
729261732915,515
729261832817,500
729261932719,497
729262032621,481
729262132523,480
729262232425,477
729262332327,477
729262432229,478
729262532131,477
729262632033,477
729262731935,481
729262831837,480
729262931739,480
729263031641,479
729263131543,480
729263231445,496
729263331359,477
729263431261,477
729263531163,474
729263631065,474
729263730967,515
729263830869,477
729263930771,478
729264030673,480
729264130575,496
729264230477,550
729264330379,477
729264430281,491
729264530183,492
729264630085,499
729264729987,516
729264829889,518
729264929791,501
729265029693,497
729265129595,493
729265229497,477
729265329399,477
729265429301,477
729265529203,477
729265629105,480
729265729007,477
729265828909,477
729265928811,478
729266028713,478
729266128615,479
729266228517,476
729266328419,477
729266428321,493
729266528223,493
729266628125,496
729266728027,511
729266827929,514
729266927831,513
729267027733,499
729267127635,494
729267227537,483
729267327439,477
729267427341,496
729267527243,496
729267627145,496
729267727047,477
729267826949,477
729267926851,480
729268026753,484
729268126655,478
729268226557,479
729268326459,476
729268426361,477
729268526263,493
729268626165,495
729268726068,498
729268825970,517
729268925872,516
729269025774,500
729269125676,496
729269225578,492
729269325480,477
729269425382,496
729269525284,477
729269625186,480
729269725088,477
729269824990,477
729269924892,476
729270024794,480
729270124696,480
729270224598,480
729270324500,477
729270424402,480
729270524304,490
729270624206,494
729270724108,477
729270824010,476
729270923912,483
729271023814,522
729271123716,483
729271223618,485
729271323520,476
729271423422,476
729271523324,477
729271623226,477
729271723128,477
729271823030,477
729271922932,478
729272022834,483
729272122736,480
729272222638,479
729272322540,479
729272422442,477
729272522344,477
729272622246,476
729272722148,477
729272822050,480
729272921952,480
729273021854,477
729273121772,478
729273221674,497
729273321576,493
729273421478,496
729273521380,476
729273621282,495
729273721184,477
729273821086,476
729273920988,480
729274020890,505
729274120792,479
729274220694,551
729274320596,480
729274420498,478
729274520400,477
729274620302,491
729274720205,495
729274820107,497
729274920009,512
729275019911,515
729275119813,498
729275219715,499
729275319617,499
729275419519,477
729275519421,477
729275619323,490
729275719225,478
729275819127,476
729275919029,477
729276018931,516
729276118833,480
729276218735,480
729276318637,480
729276418539,480
729276518441,477
729276618343,489
729276718246,492
729276818148,498
729276918050,511
729277017952,514
729277117854,514
729277217756,500
729277317658,495
729277417560,480
729277517462,477
729277617364,477
729277717266,493
729277817168,477
729277917070,477
729278016972,480
729278116874,480
729278216776,479
729278316678,480
729278416580,481
729278516482,476
729278616384,477
729278716286,492
729278816188,495
729278916090,497
729279015992,514
729279115894,515
729279215796,501
729279315698,497
729279415600,500
729279515502,495
729279615404,494
729279715306,477
729279815208,477
729279915110,477
729280015012,476
729280114914,477
729280214816,480
729280314718,479
729280414620,479
729280514522,475
729280614424,477
729280714326,491
729280814228,494
729280914130,498
729281014032,512
729281113934,517
729281213836,517
729281313738,501
729281413640,503
729281513542,483
729281613444,478
729281713346,477
729281813248,494
729281913150,477
729282013052,477
729282112954,480
729282212856,480
729282312758,478
729282412660,479
729282512562,481
729282612464,477
729282712366,477
729282812268,492
729282912170,496
729283012072,529
729283111974,512
729283211876,516
729283311778,499
729283411680,499
729283511582,499
729283611484,496
729283711386,477
729283811288,474
729283911190,477
729284011092,478
729284110994,480
729284210896,548
729284310798,478
729284410700,478
729284510602,479
729284610504,477
729284710406,477
729284810308,493
729284910210,494
729285010112,498
729285110014,512
729285209916,515
729285309818,502
729285409720,497
729285509622,499
729285609524,483
729285709426,476
729285809328,477
729285909230,494
729286009132,477
729286109034,512
729286208936,479
729286308838,502
729286408740,483
729286508642,495
729286608544,479
729286708446,477
729286808348,476
729286908250,492
729287008152,496
729287108054,496
729287207956,499
729287307858,515
729287407760,500
729287507662,494
729287607564,480
729287707466,477
729287807368,477
729287907270,477
729288007172,480
729288107074,477
729288206976,480
729288306878,478
729288406780,480
729288506682,481
729288606584,480
729288706486,477
729288806388,480
729288906290,491
729289006192,494
729289106094,499
729289205996,514
729289305898,513
729289405800,499
729289505702,499
729289605604,501
729289705506,477
729289805408,477
729289905310,477
729290005212,494
729290105114,477
729290205016,512
729290304918,479
729290404820,505
729290504722,479
729290604624,493
729290704526,480
729290804428,476
729290904330,489
729291004232,492
729291104134,496
729291204036,514
729291303938,517
729291403840,502
729291503742,502
729291603644,502
729291703546,496
729291803448,477
729291903350,476
729292003252,480
729292103154,476
729292203056,477
729292302958,476
729292402860,479
729292502762,477
729292602664,480
729292702566,480
729292802468,480
729292902370,476
729293002272,492
729293102174,496
729293202076,498
729293301978,513
729293401880,496
729293501782,499
729293601684,502
729293701586,492
729293801488,477
729293901390,477
729294001292,477
729294101194,495
729294201096,505
729294300998,516
729294400900,478
729294500802,501
729294600704,477
729294700606,509
729294800508,477
729294900410,477
729295000312,490
729295100214,494
729295200116,499
729295300018,512
729295399920,500
729295499822,500
729295599724,499
729295699626,494
729295799528,481
729295899430,477
729295999332,477
729296099234,478
729296199136,477
729296299038,477
729296398940,477
729296498842,478
729296598744,480
729296698646,481
729296798548,480
729296898450,477
729296998352,477
729297098254,492
729297198172,496
729297298074,499
729297397976,496
729297497878,500
729297597780,501
729297697682,496
729297797584,492
729297897486,477
729297997388,477
729298097290,477
729298197192,495
729298297094,477
729298396996,514
729298496898,480
729298596800,502
729298696702,481
729298796604,493
729298896506,477
729298996408,477
729299096310,493
729299196212,497
729299296114,496
729299396016,512
729299495918,516
729299595820,503
729299695722,498
729299795624,494
729299895526,480
729299995428,477
729300095330,477
729300195232,476
729300295134,477
729300395036,477
729300494938,481
729300594840,477
729300694742,500
729300794644,481
729300894546,478
729300994448,477
729301094350,477
729301194252,493
729301294154,496
729301394056,496
729301493958,498
729301593860,502
729301693762,502
729301793664,497
729301893566,484
729301993468,477
729302093370,477
729302193272,494
729302293174,494
729302393076,500
729302492978,515
729302592880,515
729302692782,500
729302792684,495
729302892586,492
729302992488,477
729303092390,477
729303192292,491
729303292194,492
729303392096,496
729303491998,499
729303591900,510
729303691803,533
729303791705,496
729303891607,493
729303991509,477
729304091411,477
729304191313,476
729304291215,515
729304391117,476
729304491019,477
729304590921,480
729304690823,480
729304790725,484
729304890627,480
729304990529,480
729305090431,476
729305190333,477
729305290235,477
729305390137,476
729305490039,477
729305589941,480
729305689843,478
729305789745,479
729305889647,478
729305989549,480
729306089451,477
729306189353,477
729306289255,477
729306389157,480
729306489059,477
729306588961,480
729306688863,497
729306788765,478
729306888667,478
729306988569,480
729307088471,477
729307188373,480
729307288275,491
729307388177,496
729307488079,496
729307587981,499
729307687883,508
729307787785,501
729307887687,497
729307987589,496
729308087491,477
729308187393,475
729308287295,477
729308387197,495
729308487099,498
729308587004,476
729308686906,477
729308786808,506
729308886710,479
729308986612,479
729309086514,476
729309186416,477
729309286318,489
729309386220,496
729309486122,496
729309586024,516
729309685926,515
729309785828,501
729309885730,499
729309985632,494
729310085534,479
729310185436,476
729310285338,477
729310385240,480
729310485142,477
729310585044,476
729310684946,480
729310784848,515
729310884750,499
729310984652,480
729311084554,499
729311184456,499
729311284358,496
729311384260,492
729311484162,496
729311584064,498
729311683966,518
729311783868,516
729311883770,504
729311983672,499
729312083574,482
729312183476,477
729312283378,476
729312383280,477
729312483182,496
729312583084,499
729312682987,478
729312782889,483
729312882791,479
729312982693,480
729313082595,479
729313182497,476
729313282399,476
729313382301,489
729313482203,496
729313582105,499
729313682007,511
729313781909,515
729313881811,502
729313981713,498
729314081615,494
729314181517,476
729314281419,546
729314381321,476
729314481223,477
729314581125,477
729314681027,478
729314780929,480
729314880831,480
729314980733,480
729315080635,479
729315180537,481
729315280439,478
729315380341,477
729315480243,474
729315580145,477
729315680047,477
729315779949,478
729315879851,477
729315979753,480
729316079655,479
729316179557,480
729316279459,477
729316379361,476
729316479263,475
729316579165,477
729316679067,478
729316778969,480
729316878871,479
729316978773,500
729317078675,479
729317178577,479
729317278479,477
729317378381,477
729317478283,496
729317578185,494
729317678087,499
729317777989,516
729317877891,514
729317977793,501
729318077695,497
729318177597,490
729318277499,477
729318377401,477
729318477303,477
729318577205,477
729318677107,499
729318777009,475
729318876911,477
729318976813,478
729319076715,481
729319176617,480
729319276519,477
729319376421,477
729319476323,496
729319576225,496
729319676127,497
729319776029,512
729319875931,515
729319975833,503
729320075735,500
729320175637,497
729320275539,480
729320375441,477
729320475343,477
729320575245,478
729320675147,477
729320775049,478
729320874951,477
729320974853,479
729321074755,481
729321174657,479
729321274577,480
729321374479,477
729321474381,475
729321574283,475
729321674185,478
729321774087,476
729321873989,479
729321973891,482
729322073793,483
729322173695,481
729322273597,495
729322373499,477
729322473401,477
729322573303,477
729322673205,477
729322773107,476
729322873009,477
729322972911,480
729323072813,480
729323172715,479
729323272617,479
729323372519,477
729323472421,474
729323572323,490
729323672225,494
729323772127,497
729323872029,511
729323971931,516
729324071833,502
729324171735,500
729324271637,567
729324371539,480
729324471441,477
729324571343,476
729324671245,477
729324771147,480
729324871049,477
729324970951,476
729325070853,479
729325170755,479
729325270657,479
729325370559,478
729325470461,478
729325570363,480
729325670265,492
729325770167,496
729325870069,499
729325969971,515
729326069873,515
729326169775,500
729326269677,497
729326369579,496
729326469481,477
729326569383,477
729326669285,477
729326769187,477
729326869089,476
729326968991,480
729327068893,480
729327168795,481
729327268697,480
729327368599,479
729327468501,476
729327568403,477
729327668305,491
729327768207,494
729327868109,497
729327968011,515
729328067913,514
729328167815,501
729328267717,498
729328367619,494
729328467521,477
729328567423,477
729328667325,477
729328767227,481
729328867129,477
729328967031,477
729329066933,477
729329166835,477
729329266737,480
729329366639,479
729329466541,481
729329566443,480
729329666345,488
729329766247,493
729329866149,496
729329966051,512
729330065953,515
729330165855,515
729330265757,499
729330365659,499
729330465561,481
729330565463,477
729330665365,489
729330765267,478
729330865169,477
729330965071,476
729331064973,480
729331164875,483
729331264777,478
729331364679,480
729331464581,520
729331564483,477
729331664385,477
729331764287,490
729331864189,492
729331964091,502
729332063993,517
729332163895,518
729332263797,505
729332363699,499
729332463601,502
729332563503,477
729332663405,476
729332763307,480
729332863209,476
729332963111,477
729333063013,477
729333162915,480
729333262817,480
729333362719,478
729333462621,480
729333562523,483
729333662425,477
729333762327,490
729333862229,494
729333962131,497
729334062033,511
729334161935,513
729334261837,556
729334361739,499
729334461641,495
729334561543,481
729334661445,477
729334761347,477
729334861249,477
729334961151,477
729335061053,477
729335160955,480
729335260857,478
729335360759,479
729335460661,479
729335560563,479
729335660465,477
729335760367,477
729335860269,493
729335960171,519
729336060073,500
729336159975,515
729336259877,515
729336359779,501
729336459681,496
729336559583,490
729336659485,520
729336759387,478
729336859289,477
729336959191,477
729337059093,476
729337158995,477
729337258897,480
729337358799,478
729337458701,479
729337558603,480
729337658505,477
729337758407,477
729337858309,489
729337958211,492
729338058113,498
729338158015,511
729338257917,517
729338357819,504
729338457721,497
729338557623,495
729338657525,474
729338757427,478
729338857329,477
729338957231,477
729339057133,477
729339157035,477
729339256937,480
729339356839,480
729339456741,498
729339556643,481
729339656545,478
729339756447,477
729339856356,474
729339956258,493
729340056160,496
729340156072,498
729340255974,513
729340355876,515
729340455778,499
729340555680,497
729340655582,490
729340755484,477
729340855386,477
729340955288,477
729341055190,477
729341155092,477
729341254994,480
729341354896,477
729341454798,480
729341554700,480
729341654602,480
729341754504,477
729341854406,477
729341954308,490
729342054210,497
729342154112,498
729342254014,511
729342353916,517
729342453818,517
729342553720,500
729342653622,494
729342753524,484
729342853426,477
729342953328,477
729343053230,477
729343153132,478
729343253034,477
729343352936,477
729343452838,478
729343552740,479
729343652642,478
729343752544,480
729343852446,477
729343952360,475
729344052262,493
729344152164,496
729344252067,540
729344351969,515
729344451871,515
729344551773,480
729344651675,498
729344751577,496
729344851479,477
729344951381,476
729345051283,490
729345151185,477
729345251087,477
729345351008,474
729345450910,499
729345550812,505
729345650714,479
729345750616,480
729345850518,477
729345950420,477
729346050322,490
729346150224,491
729346250126,497
729346350028,515
729346449930,514
729346549832,502
729346649734,498
729346749636,495
729346849538,480
729346949440,477
729347049342,496
729347149244,499
729347249146,495
729347349048,499
729347448950,514
729347548852,515
729347648754,499
729347748656,495
729347848558,480
729347948460,480
729348048362,476
729348148264,476
729348248166,495
729348348068,477
729348447970,513
729348547872,516
729348647774,480
729348747676,500
729348847578,493
729348947480,477
729349047382,477
729349147284,491
729349247186,476
729349347088,477
729349446990,499
729349546892,500
729349646794,499
729349746696,479
729349846598,480
729349946500,477
729350046402,477
729350146304,490
729350246206,494
729350346108,502
729350446010,511
729350545912,515
729350645814,502
729350745716,497
729350845618,494
729350945520,476
729351045422,477
729351145324,493
729351245226,493
729351345128,497
729351445030,496
729351544932,499
729351644834,502
729351744736,499
729351844638,495
729351944540,483
729352044442,477
729352144356,473
729352244258,477
729352344160,496
729352444062,476
729352543964,517
729352643866,517
729352743768,485
729352843670,499
729352943572,495
729353043474,476
729353143376,477
729353243278,491
729353343180,477
729353443082,496
729353542984,499
729353642886,496
729353742788,500
729353842690,478
729353942592,480
729354042494,477
729354142396,477
729354242299,530
729354342201,495
729354442103,499
729354542005,512
729354641907,516
729354741809,502
729354841711,497
729354941613,494
729355041515,477
729355141417,477
729355241319,490
729355341221,494
729355441123,496
729355541025,496
729355640927,496
729355740829,506
729355840731,497
729355940633,495
729356040535,481
729356140437,477
729356240339,489
729356340241,477
729356440143,496
729356540045,478
729356639947,528
729356739849,515
729356839751,480
729356939653,495
729357039555,480
729357139457,474
729357239359,477
729357339261,492
729357439163,496
729357539065,478
729357638967,476
729357738869,480
729357838771,500
729357938673,479
729358038575,480
729358138477,477
729358238379,477
729358338281,493
729358438183,495
729358538085,499
729358637987,515
729358737889,516
729358837791,500
729358937693,495
729359037595,493
729359137497,496
729359237399,496
729359337301,491
729359437203,494
729359537105,499
729359637007,513
729359736909,516
729359836811,499
729359936713,498
729360036615,493
729360136517,492
729360236419,477
729360336321,490
729360436223,477
729360536125,498
729360636027,477
729360735929,516
729360835831,514
729360935733,478
729361035635,495
729361135537,480
729361235439,475
729361335341,474
729361435243,496
729361535145,494
729361635047,492
729361734949,480
729361834851,479
729361934753,499
729362034655,480
729362134557,479
729362234459,498
729362334366,493
729362434268,511
729362534170,516
729362634072,519
729362733974,517
729362833876,518
729362933778,503
729363033680,500
729363133582,494
729363233484,477
729363333386,477
729363433288,496
729363533190,497
729363633092,496
729363732995,514
729363832897,515
729363932799,502
729364032701,521
729364132603,493
729364232505,551
729364332407,477
729364432309,491
729364532211,476
729364632113,496
729364732015,478
729364831917,515
729364931819,503
729365031721,478
729365131623,494
729365231525,480
729365331427,477
729365431329,496
729365531231,499
729365631133,495
729365731035,477
729365830937,479
729365930839,479
729366030741,498
729366130643,480
729366230545,480
729366330447,480
729366430361,474
729366530263,492
729366630165,496
729366730068,500
729366829970,514
729366929872,515
729367029774,532
729367129676,499
729367229578,492
729367329480,477
729367429382,496
729367529284,496
729367629186,496
729367729088,499
729367828990,514
729367928892,518
729368028794,501
729368128696,497
729368228598,493
729368328500,477
729368428402,477
729368528304,491
729368628206,477
729368728108,501
729368828010,477
729368927912,515
729369027814,503
729369127716,479
729369227618,494
729369327520,477
729369427438,493
729369527340,480
729369627242,492
729369727144,477
729369827046,477
729369926948,479
729370026850,480
729370126752,500
729370226654,480
729370326556,483
729370426458,477
729370526363,473
729370626265,492
729370726167,496
729370826069,499
729370925971,514
729371025873,513
729371125775,501
729371225677,499
729371325579,498
729371425481,477
729371525383,477
729371625285,492
729371725187,496
729371825089,499
729371924991,517
729372024893,514
729372124795,498
729372224697,497
729372324599,493
729372424501,477
729372524403,476
729372624305,490
729372724207,481
729372824109,498
729372924011,477
729373023913,517
729373123815,504
729373223717,501
729373323619,497
729373423521,501
729373523423,500
729373623325,495
729373723227,492
729373823129,476
729373923031,476
729374022933,480
729374122835,477
729374222737,546
729374322639,480
729374422541,476
729374522443,477
729374622345,489
729374722247,494
729374822149,495
729374922051,511
729375021953,515
729375121855,517
729375221757,499
729375321659,495
729375421561,499
729375521463,477
729375621365,496
729375721267,493
729375821169,496
729375921071,498
729376020973,514
729376120875,515
729376220777,501
729376320679,497
729376420581,493
729376520483,477
729376620385,477
729376720288,492
729376820190,477
729376920092,499
729377019994,480
729377119896,515
729377219798,501
729377319700,497
729377419602,501
729377519504,500
729377619406,496
729377719308,477
729377819210,494
729377919112,477
729378019014,474
729378118916,477
729378218818,480
729378318720,499
729378418622,480
729378518524,475
729378618426,477
729378718328,487
729378818230,493
729378918132,497
729379018034,510
729379117936,514
729379217838,515
729379317740,499
729379417642,498
729379517544,499
729379617446,477
729379717360,474
729379817262,492
729379917164,497
729380017066,500
729380116968,515
729380216870,516
729380316772,500
729380416674,496
729380516576,494
729380616478,477
729380716380,479
729380816282,490
729380916184,477
729381016086,499
729381115988,476
729381215890,514
729381315792,501
729381415694,496
729381515596,494
729381615498,477
729381715400,477
729381815302,477
729381915204,493
729382015106,477
729382115008,477
729382214910,480
729382314812,481
729382414714,497
729382514616,479
729382614518,477
729382714420,476
729382814322,487
729382914224,493
729383014126,496
729383114028,496
729383213930,499
729383313832,500
729383413734,502
729383513636,497
729383613538,482
729383713440,478
729383813342,489
729383913244,494
729384013146,497
729384113048,513
729384212950,549
729384312852,516
729384412754,499
729384512656,496
729384612558,481
729384712460,480
729384812362,477
729384912264,492
729385012166,476
729385112068,499
729385211970,479
729385311872,514
729385411774,497
729385511676,501
729385611578,498
729385711480,496
729385811382,477
729385911284,477
729386011186,495
729386111088,476
729386210990,476
729386310892,481
729386410794,480
729386510696,496
729386610598,479
729386710500,478
729386810402,477
729386910304,491
729387010206,494
729387110108,501
729387210010,512
729387309912,514
729387409814,497
729387509716,537
729387609618,498
729387709520,477
729387809422,477
729387909324,493
729388009226,493
729388109128,497
729388209030,512
729388308932,514
729388408834,502
729388508736,498
729388608638,494
729388708540,483
729388808442,476
729388908346,474
729389008248,493
729389108150,477
729389208052,511
729389307954,479
729389407856,496
729389507758,503
729389607660,497
729389707562,480
729389807464,477
729389907366,477
729390007268,477
729390107170,495
729390207072,478
729390306974,480
729390406876,480
729390506778,479
729390606680,496
729390706582,480
729390806484,477
729390906386,476
729391006288,491
729391106190,498
729391206092,498
729391305994,512
729391405896,499
729391505798,499
729391605700,499
729391705602,492
729391805504,477
729391905406,478
729392005308,491
729392105210,495
729392205112,497
729392305014,512
729392404916,514
729392504818,502
729392604720,497
729392704622,499
729392804524,480
729392904426,477
729393004328,488
729393104230,492
729393204132,477
729393304034,511
729393403952,502
729393503854,506
729393603756,504
729393703658,513
729393803560,482
729393903462,477
729394003364,476
729394103266,477
729394203168,567
729394303070,474
729394402972,480
729394502874,480
729394602776,480
729394702678,495
729394802580,480
729394902482,477
729395002384,477
729395102286,497
729395202188,496
729395302090,495
729395401992,514
729395501894,514
729395601796,501
729395701698,497
729395801600,493
729395901502,477
729396001404,477
729396101306,491
729396201208,494
729396301110,498
729396401012,512
729396500914,515
729396600816,503
729396700718,515
729396800620,494
729396900522,477
729397000424,474
729397100326,486
729397200228,493
729397300130,477
729397400032,496
729397499934,498
729397599836,497
729397699738,498
729397799640,494
729397899542,478
729397999444,477
729398099346,476
729398199248,477
729398299150,497
729398399052,477
729398498954,477
729398598856,480
729398698758,479
729398798660,495
729398898562,480
729398998464,477
729399098366,478
729399198268,491
729399298170,495
729399398072,493
729399497974,499
729399597876,497
729399697778,501
729399797680,497
729399897582,493
729399997484,477
729400097386,477
729400197288,489
729400297190,495
729400397092,499
729400496994,514
729400596896,517
729400696799,503
729400796701,498
729400896603,494
729400996505,477
729401096407,477
729401196309,490
729401296211,494
729401396113,496
729401496015,494
729401595917,496
729401695819,534
729401795721,497
729401895623,494
729401995525,480
729402095427,477
729402195329,477
729402295231,478
729402395133,497
729402495035,474
729402594937,480
729402694839,496
729402794741,477
729402894643,494
729402994545,480
729403094447,477
729403194349,477
729403294251,493
729403394153,496
729403494055,496
729403593957,501
729403693859,517
729403793761,502
729403893663,499
729403993565,483
729404093467,477
729404193369,477
729404293271,561
729404393173,495
729404493075,499
729404592977,515
729404692879,518
729404792781,501
729404892683,496
729404992585,492
729405092487,477
729405192389,476
729405292291,491
729405392193,496
729405492095,499
729405591997,514
729405691899,478
729405791801,501
729405891703,497
729405991605,492
729406091507,477
729406191409,476
729406291311,480
729406391213,476
729406491115,498
729406591017,477
729406690919,480
729406790821,477
729406890723,480
729406990625,493
729407090527,502
729407190429,496
729407290331,495
729407390233,493
729407490135,497
729407590037,511
729407689939,515
729407789841,503
729407889743,503
729407989645,495
729408089547,479
729408189449,477
729408289357,473
729408389259,492
729408489161,496
729408589068,500
729408688970,553
729408788872,515
729408888774,499
729408988676,496
729409088578,492
729409188480,477
729409288382,476
729409388284,496
729409488186,499
729409588088,496
729409687990,515
729409787892,478
729409887794,501
729409987696,497
729410087598,493
729410187500,477
729410287402,480
729410387304,477
729410487206,477
729410587108,498
729410687010,474
729410786912,480
729410886814,477
729410986716,480
729411086618,498
729411186520,477
729411286422,477
729411386324,496
729411486226,496
729411586128,495
729411686030,506
729411785932,514
729411885834,505
729411985736,497
729412085638,494
729412185540,479
729412285442,477
729412385344,485
729412485246,492
729412585148,496
729412685050,515
729412784952,515
729412884854,515
729412984756,499
729413084658,494
729413184560,480
729413284462,477
729413384364,477
729413484266,499
729413584168,496
729413684070,496
729413783972,518
729413883874,480
729413983776,503
729414083678,499
729414183581,497
729414283483,554
729414383385,477
729414483287,477
729414583189,477
729414683091,499
729414782993,477
729414882895,477
729414982797,478
729415082699,481
729415182601,493
729415282503,477
729415382405,477
729415482307,496
729415582209,496
729415682111,496
729415782013,511
729415881915,516
729415981817,502
729416081719,500
729416181621,493
729416281523,474
729416381425,477
729416481327,490
729416581229,494
729416681131,498
729416781033,511
729416880935,514
729416980837,514
729417080739,499
729417180641,492
729417280543,479
729417380445,477
729417480363,496
729417580265,493
729417680167,496
729417780069,474
729417879971,513
729417979873,478
729418079775,500
729418179677,497
729418279579,494
729418379481,477
729418479383,477
729418579285,476
729418679187,477
729418779089,498
729418878991,480
729418978893,480
729419078795,498
729419178697,499
729419278599,499
729419378501,476
729419478403,474
729419578305,488
729419678207,495
729419778109,499
729419878011,513
729419977913,514
729420077815,502
729420177717,498
729420277619,492
729420377521,474
729420477423,474
729420577325,490
729420677227,493
729420777129,497
729420877031,511
729420976933,516
729421076835,514
729421176737,499
729421276639,494
729421376541,480
729421476443,497
729421576345,496
729421676247,492
729421776149,497
729421876051,477
729421975953,515
729422075855,477
729422175757,521
729422275659,517
729422375561,511
729422475463,496
729422575365,496
729422675267,477
729422775169,477
729422875073,498
729422974975,477
729423074877,478
729423174779,480
729423274681,480
729423374583,492
729423474485,496
729423574387,493
729423674290,496
729423774192,495
729423874094,500
729423973996,514
729424073898,516
729424173800,504
729424273702,541
729424373604,497
729424473506,477
729424573408,477
729424673310,494
729424773212,493
729424873114,497
729424973016,511
729425072918,477
729425172820,502
729425272722,497
729425372624,493
729425472526,503
729425572428,496
729425672330,495
729425772232,493
729425872134,497
729425972036,477
729426071938,514
729426171840,477
729426271742,502
729426371644,495
729426471546,480
729426571448,476
729426671350,477
729426771252,477
729426871154,477
729426971068,498
729427070970,480
729427170872,477
729427270774,479
729427370676,480
729427470578,499
729427570480,496
729427670382,477
729427770284,492
729427870186,498
729427970088,498
729428069990,515
729428169892,515
729428269794,502
729428369696,498
729428469598,493
729428569500,478
729428669402,481
729428769304,490
729428869206,491
729428969108,498
729429069010,512
729429168912,477
729429268814,500
729429368716,496
729429468618,502
729429568520,477
729429668422,477
729429768324,489
729429868226,493
729429968128,497
729430068030,477
729430167932,514
729430267834,481
729430367736,499
729430467638,496
729430567540,479
729430667442,477
729430767344,477
729430867246,477
729430967148,476
729431067050,499
729431166952,500
729431266854,497
729431366756,497
729431466658,480
729431566560,479
729431666462,478
729431766364,477
729431866266,495
729431966168,496
729432066070,499
729432165972,514
729432265874,515
729432365776,501
729432465678,497
729432565580,492
729432665482,480
729432765384,477
729432865286,490
729432965188,495
729433065090,499
729433164992,513
729433264894,480
729433364796,502
729433464698,550
729433564600,496
729433664502,477
729433764404,478
729433864306,490
729433964208,494
729434064110,497
729434164012,477
729434263914,559
729434363816,482
729434463718,507
729434563620,481
729434663522,478
729434763424,477
729434863326,490
729434963228,493
729435063130,498
729435163032,511
729435262934,516
729435362836,502
729435462738,498
729435562640,499
729435662542,499
729435762444,477
729435862346,490
729435962248,493
729436062150,498
729436162052,512
729436261954,515
729436361856,515
729436461758,499
729436561660,496
729436661562,481
729436761464,477
729436861366,477
729436961268,488
729437061170,496
729437161072,498
729437260974,515
729437360876,515
729437460778,498
729437560680,497
729437660582,496
729437760484,477
729437860386,474
729437960288,509
729438060190,477
729438160092,473
729438259994,477
729438359896,477
729438459798,480
729438559700,497
729438659602,532
729438759504,478
729438859406,476
729438959308,491
729439059210,495
729439159112,498
729439259014,511
729439358916,514
729439458818,501
729439558720,498
729439658622,509
729439758524,480
729439858426,477
729439958328,490
729440058230,494
729440158132,497
729440258034,512
729440357936,515
729440457838,502
729440557740,499
729440657642,496
729440757544,480
729440857446,477
729440957356,474
729441057258,492
729441157160,496
729441257070,499
729441356972,515
729441456874,500
729441556792,501
729441656694,498
729441756596,493
729441856498,477
729441956400,477
729442056302,491
729442156204,473
729442256106,478
729442356008,477
729442455910,480
729442555812,480
729442655714,518
729442755616,479
729442855518,475
729442955420,477
729443055322,497
729443155224,496
729443255126,492
729443355028,505
729443454930,515
729443554832,502
729443654734,498
729443754636,494
729443854538,481
729443954440,477
729444054342,489
729444154244,493
729444254147,542
729444354049,515
729444453951,529
729444553853,518
729444653755,505
729444753657,499
729444853559,482
729444953461,477
729445053363,476
729445153265,492
729445253167,495
729445353070,497
729445452972,503
729445552874,496
729445652776,499
729445752678,495
729445852580,492
729445952482,477
729446052384,477
729446152286,491
729446252188,480
729446352090,477
729446451992,480
729446551894,477
729446651796,480
729446751698,497
729446851600,479
729446951502,476
729447051404,480
729447151306,489
729447251208,494
729447351110,498
729447451012,495
729447550914,499
729447650816,502
729447750718,498
729447850620,497
729447950522,476
729448050424,476
729448150326,490
729448250228,493
729448350130,497
729448450032,511
729448549934,515
729448649836,504
729448749738,496
729448849640,495
729448949542,479
729449049444,477
729449149349,473
729449249251,492
729449349153,497
729449449055,499
729449548957,499
729449648859,508
729449748761,500
729449848663,496
729449948565,480
729450048467,477
729450148369,476
729450248271,495
729450348173,477
729450448075,477
729450547977,476
729450647879,480
729450747781,478
729450847683,496
729450947585,479
729451047487,480
729451147389,477
729451247291,491
729451347193,494
729451447096,496
729451546998,499
729451646900,499
729451746802,501
729451846704,500
729451946606,491
729452046508,476
729452146410,477
729452246312,490
729452346214,493
729452446116,497
729452546018,512
729452645920,518
729452745822,502
729452845724,498
729452945626,494
729453045528,479
729453145430,476
729453245332,489
729453345234,493
729453445136,500
729453545038,512
729453644940,515
729453744842,503
729453844744,499
729453944646,495
729454044548,479
729454144450,477
729454244352,547
729454344254,492
729454444156,477
729454544058,477
729454643960,488
729454743862,485
729454843764,498
729454943666,498
729455043568,502
729455143470,496
729455243372,496
729455343274,496
729455443176,494
729455543078,500
729455642980,514
729455742882,517
729455842784,501
729455942686,497
729456042588,516
729456142490,477
729456242392,477
729456342294,491
729456442196,495
729456542098,499
729456642003,511
729456741905,514
729456841807,501
729456941709,497
729457041611,494
729457141513,477
729457241415,477
729457341317,489
729457441219,493
729457541121,496
729457641023,496
729457740925,518
729457840827,503
729457940729,499
729458040631,495
729458140533,480
729458240435,477
729458340337,474
729458440239,493
729458540141,478
729458640043,477
729458739945,477
729458839847,480
729458939749,478
729459039651,496
729459139553,479
729459239455,477
729459339357,477
729459439259,496
729459539161,496
729459639063,495
729459738965,516
729459838867,515
729459938769,500
729460038671,496
729460138573,480
729460238475,477
729460338377,477
729460438279,492
729460538181,496
729460638083,500
729460737985,515
729460837887,515
729460937789,501
729461037691,496
729461137593,494
729461237495,474
729461337397,476
729461437299,496
729461537201,493
729461637103,497
729461737005,514
729461836907,515
729461936809,502
729462036711,498
729462136613,493
729462236515,477
729462336417,474
729462436319,476
729462536221,493
729462636123,477
729462736025,474
729462835927,480
729462935829,479
729463035731,479
729463135633,492
729463235535,480
729463335437,477
729463435339,497
729463535241,496
729463635143,495
729463735045,511
729463834947,515
729463934849,515
729464034751,499
729464134653,496
729464234555,562
729464334457,477
729464434361,473
729464534263,493
729464634165,499
729464734069,500
729464833971,517
729464933873,516
729465033775,502
729465133677,499
729465233579,495
729465333481,477
729465433383,496
729465533285,491
729465633203,494
729465733105,498
729465833007,513
729465932909,516
729466032811,501
729466132713,498
729466232615,496
729466332517,476
729466432419,476
729466532321,476
729466632223,493
729466732125,477
729466832027,477
729466931929,479
729467031831,480
729467131733,499
729467231635,499
729467331537,498
729467431439,477
729467531341,489
729467631243,492
729467731145,497
729467831047,513
729467930949,513
729468030851,514
729468130753,503
729468230655,495
729468330557,480
729468430459,477
729468530361,477
729468630263,495
729468730165,496
729468830068,498
729468929970,513
729469029872,512
729469129774,498
729469229676,496
729469329578,492
729469429480,499
729469529382,496
729469629284,496
729469729186,495
729469829088,498
729469928990,513
729470028892,514
729470128794,501
729470228696,500
729470328598,496
729470428500,477
729470528402,477
729470628304,477
729470728206,494
729470828108,477
729470928010,477
729471027912,481
729471127814,477
729471227716,479
729471327618,493
729471427520,534
729471527422,496
729471627324,496
729471727226,494
729471827128,502
729471927030,512
729472026932,514
729472126834,502
729472226736,498
729472326638,494
729472426540,480
729472526442,477
729472626344,492
729472726246,493
729472826148,494
729472926050,512
729473025952,515
729473125854,514
729473225756,499
729473325658,495
729473425560,503
729473525462,492
729473625364,496
729473725266,491
729473825168,496
729473925071,498
729474024973,514
729474124875,515
729474224778,542
729474324680,496
729474424582,492
729474524484,477
729474624386,477
729474724288,477
729474824190,494
729474924092,477
729475023994,483
729475123896,479
729475223798,482
729475323700,482
729475423602,498
729475523504,501
729475623406,496
729475723308,490
729475823210,495
729475923112,498
729476023014,511
729476122916,515
729476222818,501
729476322720,496
729476422622,493
729476522524,480
729476622426,477
729476722328,490
729476822230,493
729476922132,497
729477022034,512
729477121936,514
729477221838,502
729477321740,498
729477421642,498
729477521544,480
729477621446,477
729477721360,477
729477821262,492
729477921164,494
729478021073,497
729478120975,514
729478220877,515
729478320779,500
729478420681,495
729478520583,492
729478620485,477
729478720387,477
729478820289,476
729478920191,494
729479020093,477
729479119995,497
729479219897,499
729479319799,499
729479419701,479
729479519603,493
729479619505,477
729479719407,477
729479819309,491
729479919211,495
729480019113,477
729480119015,511
729480218917,514
729480318819,503
729480418721,497
729480518623,494
729480618525,480
729480718427,478
729480818329,489
729480918231,493
729481018133,494
729481118035,512
729481217937,512
729481317839,514
729481417741,498
729481517643,499
729481617545,499
729481717447,477
729481817361,473
729481917263,492
729482017165,496
729482117068,498
729482216970,518
729482316872,514
729482416774,500
729482516676,497
729482616578,493
729482716480,479
729482816382,478
729482916284,477
729483016186,495
729483116088,477
729483215990,476
729483315892,480
729483415794,497
729483515696,498
729483615598,499
729483715501,480
729483815403,478
729483915305,488
729484015207,495
729484115109,498
