730993845476,14060
730993945394,9488
730994045296,7621
730994145198,7623
730994245100,7620
730994345004,7608
730994444906,7603
730994544808,7629
730994644710,7614
730994744613,7671
730994844517,7623
730994944419,7608
730995044321,7612
730995144223,7617
730995244125,7606
730995344027,7635
730995443929,7611
730995543831,7658
730995643733,7626
730995743635,7623
730995843537,7615
730995943439,7607
730996043341,7614
730996143243,7613
730996243145,7606
730996343047,7661
730996442949,7625
730996542851,7611
730996642753,7609
730996742656,7618
730996842558,7611
730996942460,7616
730997042362,7613
730997142264,7666
730997242166,7621
730997342068,7616
730997441970,7612
730997541872,7612
730997641774,7613
730997741676,7621
730997841578,7617
730997941480,7653
730998041382,7609
730998141284,7620
730998241186,7619
730998341088,7617
730998440990,7614
730998540892,7615
730998640794,7619
730998740696,7687
730998840598,7611
730998940500,7627
730999040402,7636
730999140304,7616
730999240206,7607
730999340108,7617
730999440010,7611
730999539912,7658
730999639814,7602
730999739716,7606
730999839618,7610
730999939520,7625
731000039422,7621
731000139324,7616
731000239226,7620
731000339128,7664
731000439030,7628
731000538932,7612
731000638834,7622
731000738736,7634
731000838638,7619
731000938540,7610
731001038442,7626
731001138344,7666
731001238246,7614
731001338148,7630
731001438050,7629
731001537952,7601
731001637854,7623
731001737756,7619
731001837658,7614
731001937560,7671
731002037462,7605
731002137364,7605
731002237266,7616
731002337168,7619
731002437070,7626
731002536972,7613
731002636874,7625
731002736777,7670
731002836679,7607
731002936581,7608
731003036483,7601
731003136385,7618
731003236287,7603
731003336189,7598
731003436091,7614
731003535993,7671
731003635895,7608
731003735797,7607
731003835699,7611
731003935603,7772
731004035505,7628
731004135407,7692
731004235309,7626
731004335211,7633
731004435113,7614
731004535015,7632
731004634917,7614
731004734820,7629
731004834722,7636
731004934624,7627
731005034526,7631
731005134428,7649
731005234330,7626
731005334232,7630
731005434134,7623
731005534036,7623
731005633938,7617
731005733840,7672
731005833742,7635
731005933644,7651
731006033546,7634
731006133448,7633
731006233350,7627
731006333254,7631
731006433157,7615
731006533059,7637
731006632961,7633
731006732864,7689
731006832766,7621
731006932668,7632
731007032570,7627
731007132472,7574
731007232374,7638
731007332276,7623
731007432178,7631
731007532080,7638
731007631982,7625
731007731884,7655
731007831786,7645
731007931688,7620
731008031590,7629
731008131492,7630
731008231394,7629
731008331296,7653
731008431198,7630
731008531100,7631
731008631004,7625
731008730907,7636
731008830809,7628
731008930711,7645
731009030613,7635
731009130515,7639
731009230417,7621
731009330319,7636
731009430221,7627
731009530123,7629
731009630025,7625
731009729927,7634
731009829829,7619
731009929731,7650
731010029633,7632
731010129535,7629
731010229437,7636
731010329339,7625
731010429241,7616
731010529143,7618
731010629045,7625
731010728948,7653
731010828850,7625
731010928752,7644
731011028654,7633
731011128556,7626
731011228458,7614
731011328360,7618
731011428262,7628
731011528164,7633
731011628067,7629
731011727969,7627
731011827871,7621
731011927773,7622
731012027675,7625
731012127577,7626
731012227479,7632
731012327381,7645
731012427283,7629
731012527185,7622
731012627087,7625
731012726990,7637
731012826892,7649
731012926794,7628
731013026696,7644
731013126598,7644
731013226500,7622
731013326402,7639
731013426304,7617
731013526206,7619
731013626108,7623
731013726010,7630
731013825912,7618
731013925815,7743
731014025717,7620
731014125619,7626
731014225521,7624
731014325423,7626
731014425325,7625
731014525227,7608
731014625129,7630
731014725032,7631
731014824934,7626
731014924836,7640
731015024738,7629
731015124640,7649
731015224542,7630
731015324444,7637
731015424346,7628
731015524248,7684
731015624150,7615
731015724053,7620
731015823955,7624
731015923857,7624
731016023759,7629
731016123661,7637
731016223563,7634
731016323465,7727
731016423367,7638
731016523269,7632
731016623190,7624
731016723093,7629
731016822995,7633
731016922897,7624
731017022799,7622
731017122701,7691
731017222603,7636
731017322505,7645
731017422407,7629
731017522309,7625
731017622211,7622
731017722113,7629
731017822015,7612
731017921917,7677
731018021819,7640
731018121721,7631
731018221623,7639
731018321525,7635
731018421427,7627
731018521329,7629
731018621231,7644
731018721134,7679
731018821036,7632
731018920938,7630
731019020840,7627
731019120742,7633
731019220644,7636
731019320546,7637
731019420448,7634
731019520350,7684
731019620252,7631
731019720154,7626
731019820056,7629
731019919958,7624
731020019860,7637
731020119762,7642
731020219664,7639
731020319566,7678
731020419468,7628
731020519370,7640
731020619272,7635
731020719175,7636
731020819077,7637
731020918979,7639
731021018881,7624
731021118783,7677
731021218685,7629
731021318587,7623
731021418489,7627
731021518391,7627
731021618293,7622
731021718196,7618
731021818098,7626
731021918004,7725
731022017906,7624
731022117808,7638
731022217710,7621
731022317612,7627
731022417514,7635
731022517416,7635
731022617318,7632
731022717221,7680
731022817123,7628
731022917025,7665
731023016927,7631
731023116829,7638
731023216731,7634
731023316633,7642
731023416535,7663
731023516437,7681
731023616339,7627
731023716241,7626
731023816143,7621
731023916047,7675
731024015949,7629
731024115851,7619
731024215753,7634
731024315655,7645
731024415557,7630
731024515460,7627
731024615362,7626
731024715265,7634
731024815167,7607
731024915069,7628
731025014971,7614
731025114873,7649
731025214775,7610
731025314677,7628
731025414579,7631
731025514481,7626
731025614383,7637
731025714285,7628
731025814187,7618
731025914089,7638
731026013991,7628
731026113893,7639
731026213795,7627
731026313697,7615
731026413599,7638
731026513501,7624
731026613403,7635
731026713306,7645
731026813208,7631
731026913110,7631
731027013012,7619
731027112914,7616
731027212816,7620
731027312718,7632
731027412620,7621
731027512522,7647
731027612424,7648
731027712327,7627
731027812229,7634
731027912131,7623
731028012033,7626
731028111935,7620
731028211837,7624
731028311739,7682
731028411641,7712
731028511543,7631
731028611445,7636
731028711348,7624
731028811250,7618
731028911152,7619
731029011054,7614
731029110956,7648
731029210858,7630
731029310760,7634
731029410662,7630
731029510564,7627
731029610466,7614
731029710368,7642
731029810270,7617
731029910172,7642
731030010074,7639
731030109976,7626
731030209878,7635
731030309780,7629
731030409682,7632
731030509584,7678
731030609486,7627
731030709389,7647
731030809291,7620
731030909193,7626
731031009095,7702
731031108997,7628
731031208899,7620
731031308801,7636
731031408703,7634
731031508605,7714
731031608507,7632
731031708409,7636
731031808311,7628
731031908213,7620
731032008115,8338
731032108017,7639
731032207919,7623
731032307821,7641
731032407723,7632
731032507625,7706
731032607527,7638
731032707430,7677
731032807332,7625
731032907234,7611
731033007136,7672
731033107038,7648
731033206940,7625
731033306842,7639
731033406744,7639
731033506646,7624
731033606548,7642
731033706451,7621
731033806353,7642
731033906256,7723
731034006158,7622
731034106060,7628
731034205962,7620
731034305864,7623
731034405766,7631
731034505668,7632
731034605570,7635
731034705473,7699
731034805375,7630
731034905277,7620
731035005179,7624
731035105081,7634
731035204983,7636
731035304885,7632
731035404787,7617
731035504689,7686
731035604591,7635
731035704493,7648
731035804395,7628
731035904297,7628
731036004199,7620
731036104101,7621
731036204018,7628
731036303920,7681
731036403822,7629
731036503724,7625
731036603626,7641
731036703529,7658
731036803431,7628
731036903333,7618
731037003235,7617
731037103137,7684
731037203039,7637
731037302941,7629
731037402843,7639
731037502745,7631
731037602647,7636
731037702549,7666
731037802451,7629
731037902353,7680
731038002255,7635
731038102157,7627
731038202059,7647
731038301961,7634
731038401863,7631
731038501765,7644
731038601667,7631
731038701570,7707
731038801472,7632
731038901374,7638
731039001276,7619
731039101178,7620
731039201080,7646
731039300982,7632
731039400900,7637
731039500802,7678
731039600704,7651
731039700606,7652
731039800508,7642
731039900410,7638
731040000312,7618
731040100214,7633
731040200116,7649
731040300018,7676
731040399920,7746
731040499822,7636
731040599724,7634
731040699626,7699
731040799528,7630
731040899430,7631
731040999332,7626
731041099234,7687
731041199136,7649
731041299038,7628
731041398940,7634
731041498842,7642
731041598744,7636
731041698646,7656
731041798548,7637
731041898450,7840
731041998352,7637
731042098254,7644
731042198156,8231
731042298058,7631
731042397960,7635
731042497862,7628
731042597764,7634
731042697666,7769
731042797568,7640
731042897470,7641
731042997372,7626
731043097274,7626
731043197176,7638
731043297078,7811
731043396980,7621
731043496882,7694
731043596784,7629
731043696686,7648
731043796589,7637
731043896493,7692
731043996397,7632
731044096299,7663
731044196201,7608
731044296103,7635
731044396005,7619
731044495907,7625
731044595809,7619
731044695712,7697
731044795614,7715
731044895516,7629
731044995418,7622
731045095320,7676
731045195222,7759
731045295124,7615
731045395026,7621
731045494928,7641
731045594830,7625
731045694732,7623
731045794634,7818
731045894536,7635
731045994438,7623
731046094340,7652
731046194242,7624
731046294144,7707
731046394046,7618
731046493948,7632
731046593852,7637
731046693755,7754
731046793659,7621
731046893561,7635
731046993463,7626
731047093365,7619
731047193267,7622
731047293169,7625
731047393071,7636
731047492973,7659
731047592875,7614
731047692777,7630
731047792679,7633
731047892581,7631
731047992483,7617
731048092385,7635
731048192287,7819
731048292189,7641
731048392091,7625
731048491993,7636
731048591895,7633
731048691798,7745
731048791700,7778
731048891602,7642
731048991504,7615
731049091406,7649
731049191308,7636
731049291210,7626
731049391112,7637
731049491014,7620
731049590916,7630
731049690818,7618
731049790720,7651
731049890622,7643
731049990524,7630
731050090427,7743
731050190329,7630
731050290231,7626
731050390133,7626
731050490035,7620
731050589937,7632
731050689840,7711
731050789743,7634
731050889645,7626
731050989547,7645
731051089449,7624
731051189351,7728
731051289253,7643
731051389155,7629
731051489057,7639
731051588959,7624
731051688861,7634
731051788763,7634
731051888665,7642
731051988567,7634
731052088469,7625
731052188371,7644
731052288273,7645
731052388176,7630
731052488078,7915
731052587980,7621
731052687883,7745
731052787785,7628
731052887687,7639
731052987589,7669
731053087491,7634
731053187393,7648
731053287295,7627
731053387199,7633
731053487101,7621
731053587004,7625
731053686906,7642
731053786808,7630
731053886712,7772
731053986616,7657
731054086518,7645
731054186420,7624
731054286322,7614
731054386224,7639
731054486126,7637
731054586028,7629
731054685931,7741
731054785833,7623
731054885735,7620
731054985637,7628
731055085539,7850
731055185441,7631
731055285343,7610
731055385245,7626
731055485147,7674
731055585049,7630
731055684951,7631
731055784853,7619
731055884755,7624
731055984657,7625
731056084559,7633
731056184461,7634
731056284363,7674
731056384265,7629
731056484167,7627
731056584069,7623
731056683972,7664
731056783874,7631
731056883776,7632
731056983678,7632
731057083580,7676
731057183482,7634
731057283384,7635
731057383286,7639
731057483188,7629
731057583090,7629
731057682992,7627
731057782894,7643
731057882796,7681
731057982698,7623
731058082600,7627
731058182502,7644
731058282404,7628
731058382306,7621
731058482208,7637
731058582110,7637
731058682013,7726
731058781915,7636
731058881817,7666
731058981719,7643
731059081621,7624
731059181523,7629
731059281425,7630
731059381327,7624
731059481229,7681
731059581131,7635
731059681033,7618
731059780935,7624
731059880837,7663
731059980739,7636
731060080641,7639
731060180543,7629
731060280445,7690
731060380347,7634
731060480249,7637
731060580151,7631
731060680054,7632
731060779956,7634
731060879858,7664
731060979760,7635
731061079662,7685
731061179564,7635
731061279466,7644
731061379368,7620
731061479270,7632
731061579172,7628
731061679074,7622
731061778976,7623
731061878878,7734
731061978780,7630
731062078700,7620
731062178602,7647
731062278504,7630
731062378406,7623
731062478308,7628
731062578210,7620
731062678113,7673
731062778015,7631
731062877917,7669
731062977819,7631
731063077721,7660
731063177623,7637
731063277525,7625
731063377427,7621
731063477329,7668
731063577231,7637
731063677133,7631
731063777035,7623
731063876939,7720
731063976843,7636
731064076745,7666
731064176647,7637
731064276549,7636
731064376451,7635
731064476353,7616
731064576255,7626
731064676158,7631
731064776060,7633
731064875962,7619
731064975864,7613
731065075766,7685
731065175668,7649
731065275570,7618
731065375472,7616
731065475374,7620
731065575276,7618
731065675178,7625
731065775080,7616
731065874982,7631
731065974884,7608
731066074786,7632
731066174688,7618
731066274590,7633
731066374492,7633
731066474394,7633
731066574296,7624
731066674199,7639
731066774101,7625
731066874006,7624
731066973908,7621
731067073810,7672
731067173712,7631
731067273614,7636
731067373516,7619
731067473418,7640
731067573320,7626
731067673222,7629
731067773124,7630
731067873026,7635
731067972928,7636
731068072830,7670
731068172732,7638
731068272634,7641
731068372536,7631
731068472438,7634
731068572340,7620
731068672243,7633
731068772145,7701
731068872049,7625
731068971951,7627
731069071853,7687
731069171755,7623
731069271657,7627
731069371559,7646
731069471461,7631
731069571363,7628
731069671265,7615
731069771167,7636
731069871069,7640
731069970971,7631
731070070873,7624
731070170775,7628
731070270677,7626
731070370579,7634
731070470481,7613
731070570383,7630
731070670286,7648
731070770188,7630
731070870090,7633
731070969992,7641
731071069894,7633
731071169796,7662
731071269698,7627
731071369600,7639
731071469502,7655
731071569404,7637
731071669306,7626
731071769208,7574
731071869110,7635
731071969012,7620
731072068914,7627
731072168816,7664
731072268718,7645
731072368620,7618
731072468522,7639
731072568424,7649
731072668327,7623
731072768229,7616
731072868131,7625
731072968033,7642
731073067935,7633
731073167837,7632
731073267739,7618
731073367641,7644
731073467543,7672
731073567445,7629
731073667347,7635
731073767249,7623
731073867153,7761
731073967057,7632
731074066961,7634
731074166863,7630
731074266765,7632
731074366667,7631
731074466569,7640
731074566471,7631
731074666373,7685
731074766275,7633
731074866177,7616
731074966079,7643
731075065981,7661
731075165883,7632
731075265785,7638
731075365687,7622
731075465589,7712
731075565491,7625
731075665393,7628
731075765295,7624
731075865197,7661
731075965099,7630
731076065004,7666
731076164906,7632
731076264808,7673
731076364710,7629
731076464612,7715
731076564514,7626
731076664416,7681
731076764318,7627
731076864220,7629
731076964122,7626
731077064024,7670
731077163926,7622
731077263828,7627
731077363730,7643
731077463632,7750
731077563534,7617
731077663436,7641
731077763338,7628
731077863240,7668
731077963142,7660
731078063044,7640
731078162946,7641
731078262848,7635
731078362750,7640
731078462652,7747
731078562554,7621
731078662456,7739
731078762358,7615
731078862260,7618
731078962162,7656
731079062064,7631
731079161966,7631
731079261868,7643
731079361770,7628
731079461672,7761
731079561574,7632
731079661476,7630
731079761378,7614
731079861280,7632
731079961182,7665
731080061086,7640
731080160988,7641
731080260890,7690
731080360792,7633
731080460694,7716
731080560596,7630
731080660498,7702
731080760401,7632
731080860303,7612
731080960205,7645
731081060107,7688
731081160009,7623
731081259911,7622
731081359813,7627
731081459715,7718
731081559617,7628
731081659519,7691
731081759421,7631
731081859323,7680
731081959225,7676
731082059127,7653
731082159029,7616
731082258931,7634
731082358833,7617
731082458735,7713
731082558637,7624
731082658539,7903
731082758441,7620
731082858343,7618
731082958245,7662
731083058147,7632
731083158049,7634
731083257951,7621
731083357853,7641
731083457755,7767
731083557657,7644
731083657559,7712
731083757461,7626
731083857368,7713
731083957272,7672
731084057174,7663
731084157076,7620
731084256978,7652
731084356880,7638
731084456782,7634
731084556684,7629
731084656586,7781
731084756488,7646
731084856405,7620
731084956307,7660
731085056209,7637
731085156111,7618
731085256013,7620
731085355915,7625
731085455817,7622
731085555719,7636
731085655621,7714
731085755523,7646
731085855425,7649
731085955327,7649
731086055229,7623
731086155131,7622
731086255033,7629
731086354935,7623
731086454837,7621
731086554739,7613
731086654641,7832
731086754544,7634
731086854446,7654
731086954348,7672
731087054250,7630
731087154152,7606
731087254054,7623
731087353956,7637
731087453858,7653
731087553760,7618
731087653662,7708
731087753565,7633
731087853467,7631
731087953369,7687
731088053271,7642
731088153173,7658
731088253075,7687
731088352977,7604
731088452879,7626
731088552781,7629
731088652683,7821
731088752586,7641
731088852488,7623
731088952390,7655
731089052292,7682
731089152194,7640
731089252096,7617
731089351998,7636
731089451900,7651
731089551802,7626
731089651704,7641
731089751606,7615
731089851508,7644
731089951410,7750
731090051312,7622
731090151214,7632
731090251116,7628
731090351018,7614
731090450920,7647
731090550822,7630
731090650724,7720
731090750627,7635
731090850529,7616
731090950431,7653
731091050333,7615
731091150235,7636
731091250137,7626
731091350039,7631
731091449941,7649
731091549843,7635
731091649745,7629
731091749647,7633
731091849549,7630
731091949451,7632
731092049353,7621
731092149255,7621
731092249157,7640
731092349059,7633
731092448961,7666
731092548863,7635
731092648765,7696
731092748668,7638
731092848570,7616
731092948472,7637
731093048374,7639
731093148277,7631
731093248179,7630
731093348081,7627
731093447983,7688
731093547885,7627
731093647787,7640
731093747689,7639
731093847592,7632
731093947496,7695
731094047400,7643
731094147302,7634
731094247204,7658
731094347106,7629
731094447008,7630
731094546910,7632
731094646812,7715
731094746715,7625
731094846617,7640
731094946519,7651
731095046421,7633
731095146323,7621
731095246225,7625
731095346127,7631
731095446029,7682
731095545931,7622
731095645833,7625
731095745735,7635
731095845637,7619
731095945539,7666
731096045441,7637
731096145343,7622
731096245245,7672
731096345147,7623
731096445049,7621
731096544951,7631
731096644853,7645
731096744755,7634
731096844657,7609
731096944559,7618
731097044461,7665
731097144363,7623
731097244265,7626
731097344167,7626
731097444069,7622
731097543971,7635
731097643873,7627
731097743775,7622
731097843677,7675
731097943579,7632
731098043481,7622
731098143383,7632
731098243285,7617
731098343187,7636
731098443089,7635
731098542991,7626
731098642893,7689
731098742795,7623
731098842697,7636
731098942599,7623
731099042501,7641
731099142403,7628
731099242305,7622
731099342207,7632
731099442109,7688
731099542011,7613
731099641913,7629
731099741815,7636
731099841717,7626
731099941619,7635
731100041521,7621
731100141423,7713
731100241325,7691
731100341227,7639
731100441129,7633
731100541031,7626
731100640933,7626
731100740836,7642
731100840738,7631
731100940640,7636
731101040542,7692
731101140444,7641
731101240346,7629
731101340248,7625
731101440150,7634
731101540052,7632
731101639954,7636
731101739856,7677
731101839758,7692
731101939660,7629
731102039563,7633
731102139465,7770
731102239367,7627
731102339269,7625
731102439171,7620
731102539073,7628
731102638975,7682
731102738878,7648
731102838780,7621
731102938682,7641
731103038584,7634
731103138486,7639
731103238388,7642
731103338290,7628
731103438192,7675
731103538094,7627
731103637996,7623
731103737898,7695
731103837801,7672
731103937705,7719
731104037609,7631
731104137511,7644
731104237413,7644
731104337315,7633
731104437217,7635
731104537119,7627
731104637021,7630
731104736924,7673
731104836826,7619
731104936728,7621
731105036630,7640
731105136532,7613
731105236434,7632
731105336336,7624
731105436238,7632
731105536140,7623
731105636042,7623
731105735944,7656
731105835846,7635
731105935748,7630
731106035650,7640
731106135552,7625
731106235454,7622
731106335356,7622
731106435258,7620
731106535160,7627
731106635062,7635
731106734965,7682
731106834867,7621
731106934769,7633
731107034671,7623
731107134573,7621
731107234475,7619
731107334377,7616
731107434279,7646
731107534198,7625
731107634100,7636
731107734006,7646
731107833908,7613
731107933810,7620
731108033712,7625
731108133614,7624
731108233516,7643
731108333418,7642
731108433320,7624
731108533223,7635
731108633125,7622
731108733028,7627
731108832930,7622
731108932832,7632
731109032734,7642
731109132636,7625
731109232538,7629
731109332440,7628
731109432342,7676
731109532244,7632
731109632146,7629
731109732048,7623
731109831950,7633
731109931852,7626
731110031754,7631
731110131656,7631
731110231558,7622
731110331460,7621
731110431362,7623
731110531264,7629
731110631166,7636
731110731069,7633
731110830971,7615
731110930873,7620
731111030775,7637
731111130677,7623
731111230579,7625
731111330481,7634
731111430383,7644
731111530285,7627
731111630187,7620
731111730089,7631
731111829991,7629
731111929893,7631
731112029795,7636
731112129697,7677
731112229599,7630
731112329501,7615
731112429403,7619
731112529305,7634
731112629207,7629
731112729110,7649
731112829012,7639
731112928914,7622
731113028816,7640
731113128718,7623
731113228620,7620
731113328522,7621
731113428424,7631
731113528326,7639
731113628228,7621
731113728131,7627
731113828033,7627
731113927937,7677
731114027841,7639
731114127743,7636
731114227645,7625
731114327547,7638
731114427449,7623
731114527352,7635
731114627254,7681
731114727157,7634
731114827059,7618
731114926961,7636
731115026863,7622
731115126765,7626
731115226667,7631
731115326569,7637
731115426471,7689
731115526373,7621
731115626275,7618
731115726177,7624
731115826079,7631
731115925981,7635
731116025883,7629
731116125785,7625
731116225687,7682
731116325589,7626
731116425491,7627
731116525393,7636
731116625295,7622
731116725197,7634
731116825099,7621
731116925005,7618
731117024907,7629
731117124809,7636
731117224711,7628
731117324613,7615
731117424515,7637
731117524417,7633
731117624319,7609
731117724221,7621
731117824123,7680
731117924025,7621
731118023927,7628
731118123829,7643
731118223731,7637
731118323633,7635
731118423535,7619
731118523437,7636
731118623339,7688
731118723242,7633
731118823144,7624
731118923046,7615
731119022948,7620
731119122850,7620
731119222752,7639
731119322654,7645
731119422556,7681
731119522458,7626
731119622360,7618
731119722262,7620
731119822164,7635
731119922066,7627
731120021968,7620
731120121870,7632
731120221772,7675
731120321674,7640
731120421576,7636
731120521479,7625
731120621381,7629
731120721284,7637
731120821186,7623
731120921088,7615
731121020990,7687
731121120892,7629
731121220794,7628
731121320696,7629
731121420598,7627
731121520500,7628
731121620402,7624
731121720304,7629
731121820206,7696
731121920108,7846
731122020010,7624
731122119912,7634
731122219814,7626
731122319716,7628
731122419618,7630
731122519520,7628
731122619422,7680
731122719325,7637
731122819227,7647
731122919129,7626
731123019031,7638
731123118933,7629
731123218835,7646
731123318737,7628
731123418639,7680
731123518541,7629
731123618443,7630
731123718345,7625
731123818247,7630
731123918150,7971
731124018054,7627
731124117956,7629
731124217858,7635
731124317761,7715
731124417663,7640
731124517565,7629
731124617467,7633
731124717370,7624
731124817272,7632
731124917174,7614
731125017076,7634
731125116978,7634
731125216880,7627
731125316782,7633
731125416684,7638
731125516586,7625
731125616488,7627
731125716390,7618
731125816292,7644
731125916194,7619
731126016096,7626
731126115998,7625
731126215900,7628
731126315802,7624
731126415704,7616
731126515606,7633
731126615508,7643
731126715411,7629
731126815313,7614
731126915215,7618
731127015117,7615
731127115019,7638
731127214921,7627
731127314823,7643
731127414725,7639
731127514627,7628
731127614529,7616
731127714431,7624
731127814333,7629
731127914235,7615
731128014137,7624
731128114039,7661
731128213941,7636
731128313843,7637
731128413745,7670
731128513647,7625
731128613549,7636
731128713452,7637
731128813354,7632
731128913256,7643
731129013158,7712
731129113060,7622
731129212962,7630
731129312864,7643
731129412766,7626
731129512668,7636
731129612570,7618
731129712473,7623
731129812375,7644
731129912277,7634
731130012179,7619
731130112081,7647
731130211983,7629
731130311900,7628
731130411802,7628
731130511704,7624
731130611606,7641
731130711509,7630
731130811411,7636
731130911313,7626
731131011215,7613
731131111117,7617
731131211019,7642
731131310921,7627
731131410823,7643
731131510725,7638
731131610627,7642
731131710529,7638
731131810431,7640
731131910333,7636
731132010235,7637
731132110137,7625
731132210039,7637
731132309941,7649
731132409843,7618
731132509745,7686
731132609647,7621
731132709550,7643
731132809452,7611
731132909354,7630
731133009256,7715
731133109158,7625
731133209060,7642
731133308962,7627
731133408864,7630
731133508766,7692
731133608668,7629
731133708570,7614
731133808472,7636
731133908376,7710
731134008280,7695
731134108182,7638
731134208084,7630
731134307986,7638
731134407888,7632
731134507790,7820
731134607692,7677
731134707595,7634
731134807497,7631
731134907399,7620
731135007301,7663
731135107203,7625
731135207105,7627
731135307007,7630
731135406909,7664
731135506811,7626
731135606713,7629
731135706616,7623
731135806518,7618
731135906420,7637
731136006322,7613
731136106224,7605
731136206126,7675
731136306028,7620
731136405930,7619
731136505832,7636
731136605734,7633
731136705637,7638
731136805539,7631
731136905441,7632
731137005343,7687
731137105245,7624
731137205147,7629
731137305049,7627
731137404951,7621
731137504853,7634
731137604755,7623
731137704657,7629
731137804559,7676
731137904461,7640
731138004363,7625
731138104265,7613
731138204167,7626
731138304069,7632
731138403971,7624
731138503873,7617
731138603777,7679
731138703680,7646
731138803582,7624
731138903484,7637
731139003386,7629
731139103288,7618
731139203190,7646
731139303092,7638
731139402994,7684
731139502896,7634
731139602798,7624
731139702700,7658
731139802602,7643
731139902504,7632
731140002406,7628
731140102308,7629
731140202210,7676
731140302112,7631
731140402014,7628
731140501916,7637
731140601818,7641
731140701721,7647
731140801623,7630
731140901525,7620
731141001427,7673
731141101329,7625
731141201231,7649
731141301133,7630
731141401035,7618
731141500937,7632
731141600839,7641
731141700741,7650
731141800643,7693
731141900545,7641
731142000447,7627
731142100349,7634
731142200251,7649
731142300153,7638
731142400055,7635
731142499957,7632
731142599859,7682
731142699762,7698
731142799664,7641
731142899566,7641
731142999468,7642
731143099370,7619
731143199272,7634
731143299174,7610
731143399076,7676
731143498978,7616
731143598880,7633
731143698782,7644
731143798684,7637
731143898588,7702
731143998492,7628
731144098394,7678
731144198296,7657
731144298198,7622
731144398100,7631
731144498004,7632
731144597906,7618
731144697809,7735
731144797711,7625
731144897613,7635
731144997515,7642
731145097417,7653
731145197319,7638
731145297221,7630
731145397123,7616
731145497025,7625
731145596927,7628
731145696829,7628
731145796731,7643
731145896633,7619
731145996535,7630
731146096437,7638
731146196339,7622
731146296241,7617
731146396143,7629
731146496045,7617
731146595947,7637
731146695850,7719
731146795752,7628
731146895654,7617
731146995556,7631
731147095458,7741
731147195360,7623
731147295262,7628
731147395164,7637
731147495066,7620
731147594968,7632
731147694870,7641
731147794772,7624
731147894674,7621
731147994576,7629
731148094478,7619
731148194380,7645
731148294282,7643
731148394184,7613
731148494086,7617
731148593988,7631
731148693891,7759
731148793793,7633
731148893695,7640
731148993597,7643
731149093499,7630
731149193401,7631
731149293303,7625
731149393205,7627
731149493107,7634
731149593009,7629
731149692911,7625
731149792813,7642
731149892715,7637
731149992617,7637
731150092519,7629
731150192421,7635
731150292323,7635
731150392225,7632
731150492127,7633
731150592029,7675
731150691932,7747
731150791834,7630
731150891736,7632
731150991638,7623
731151091540,7631
731151191442,7635
731151291344,7614
731151391246,7637
731151491148,7629
731151591050,7631
731151690952,7621
731151790854,7634
731151890756,7635
731151990658,7631
731152090560,7619
731152190462,7641
731152290364,7642
731152390266,7608
731152490168,7626
731152590070,7634
731152689973,7705
731152789875,7631
731152889777,7629
731152989694,7648
731153089596,7641
731153189498,7622
731153289400,7637
731153389302,7636
731153489204,7613
731153589106,7625
731153689008,7634
731153788910,7650
731153888814,7698
731153988718,7642
731154088620,7633
731154188522,7623
731154288424,7634
731154388326,7633
731154488228,7622
731154588130,7664
731154688033,7746
731154787935,7626
731154887837,7635
731154987739,7630
731155087641,7777
731155187543,7635
731155287445,7627
731155387347,7675
731155487249,7625
731155587151,7635
731155687053,7635
731155786955,7625
731155886857,7632
731155986759,7636
731156086661,7630
731156186563,7684
731156286465,7633
731156386367,7618
731156486269,7628
731156586171,7633
731156686074,7702
731156785976,7628
731156885879,7633
731156985781,7681
731157085683,7637
731157185585,7628
731157285487,7630
731157385389,7625
731157485291,7622
731157585193,7625
731157685095,7636
731157784997,7682
731157884899,7667
731157984801,7629
731158084703,7625
731158184605,7622
731158284507,7633
731158384409,7629
731158484311,7622
731158584213,7679
731158684116,7657
731158784018,7624
731158883920,7673
731158983824,7641
731159083726,7622
731159183628,7631
731159283530,7624
731159383432,7679
731159483335,7623
731159583237,7627
731159683139,7636
731159783041,7622
731159882943,7676
731159982845,7634
731160082747,7633
731160182649,7681
731160282551,7626
731160382453,7631
731160482355,7631
731160582257,7629
731160682160,7673
731160782062,7626
731160881964,7666
731160981866,7671
731161081768,7638
731161181670,7629
731161281572,7635
731161381474,7625
731161481376,7635
731161581278,7634
731161681180,7620
731161781082,7685
731161880984,7653
731161980886,7630
731162080789,7631
731162180691,7923
731162280593,7929
731162380495,7929
731162480397,7669
731162580299,7674
731162680202,7626
731162780104,7626
731162880006,7665
731162979908,7636
731163079810,7639
731163179712,7624
731163279614,7632
731163379516,7684
731163479418,7667
731163579320,7643
731163679222,7633
731163779125,7630
731163879028,7626
731163978930,7630
731164078834,7727
731164178738,7639
731164278642,7621
731164378544,7626
731164478447,7638
731164578349,7615
731164678252,7635
731164778154,7637
731164878056,7610
731164977958,7646
731165077860,7731
731165177762,7628
731165277664,7645
731165377566,7628
731165477468,7619
731165577370,7633
731165677272,7630
731165777174,7644
731165877076,7610
731165976978,7615
731166076880,7616
731166176782,7628
731166276684,7628
731166376586,7646
731166476488,7632
731166576390,7639
731166676293,7624
731166776195,7629
731166876097,7618
731166975999,7613
731167075901,7618
731167175803,7621
731167275705,7640
731167375607,7637
731167475509,7631
731167575411,7629
731167675313,7626
731167775215,7615
731167875117,7610
731167975019,7619
731168074921,7619
731168174823,7623
731168274725,7619
731168374627,7628
731168474529,7622
731168574431,7633
731168674334,7622
731168774236,7628
731168874138,7617
731168974040,7643
731169073942,7639
731169173844,7617
731169273746,7629
731169373648,7634
731169473550,7628
731169573452,7622
731169673354,7636
731169773256,7635
731169873158,7625
731169973060,7628
731170072962,7628
731170172864,7631
731170272766,7628
731170372668,7621
731170472570,7638
731170572472,7642
731170672375,7640
731170772277,7620
731170872179,7634
731170972081,7620
731171071983,7615
731171171885,7634
731171271787,7633
731171371689,7643
731171471591,7633
731171571493,7620
731171671395,7617
731171771297,7628
731171871199,7626
731171971101,7636
731172071004,7641
731172170906,7643
731172270808,7633
731172370710,7621
731172470612,7673
731172570514,7630
731172670417,7632
731172770319,7621
731172870221,7628
731172970123,7632
731173070025,7638
731173169927,7623
731173269829,7631
731173369731,7629
731173469634,7650
731173569536,7627
731173669438,7646
731173769340,7634
731173869242,7607
731173969144,7609
731174069046,7611
731174168948,7621
731174268850,7614
731174368752,7630
731174468654,7652
731174568556,7642
731174668460,7718
731174768364,7626
731174868266,7617
731174968168,7641
731175068070,7625
731175167972,7631
731175267874,7626
731175367776,7669
731175467678,7661
731175567580,7632
731175667482,7635
731175767399,7623
731175867301,7635
731175967203,7624
731176067105,7638
731176167007,7681
731176266909,7642
731176366811,7630
731176466713,7664
731176566615,7623
731176666517,7651
731176766419,7628
731176866321,7620
731176966223,7682
731177066125,7622
731177166027,7659
731177265929,7634
731177365831,7637
731177465733,7670
731177565635,7629
731177665537,7630
731177765439,7662
731177865341,7629
731177965243,7636
731178065145,7636
731178165047,7656
731178264949,7624
731178364851,7632
731178464753,7670
731178564655,7671
731178664557,7684
731178764459,7621
731178864361,7622
731178964263,7616
731179064165,7615
731179164067,7664
731179263969,7627
731179363871,7679
731179463774,7718
731179563676,7622
731179663578,7633
731179763480,7626
731179863382,7634
731179963284,7627
731180063186,7672
731180163088,7713
731180262990,7634
731180362892,7631
731180462794,7700
731180562696,7636
731180662598,7677
731180762501,7627
731180862403,7636
731180962305,7671
731181062207,7667
731181162109,7622
731181262011,7620
731181361913,7634
731181461815,7709
731181561717,7623
731181661619,7621
731181761521,7680
731181861423,7632
731181961325,7619
731182061227,7621
731182161129,7628
731182261031,7623
731182360933,7621
731182460835,7704
731182560737,7693
731182660639,7713
731182760541,7625
731182860443,7631
731182960345,7636
731183060247,7617
731183160149,7624
731183260051,7661
731183359953,7684
731183459855,7708
731183559757,7629
731183659659,7685
731183759561,7635
731183859465,7679
731183959373,7661
731184059275,7617
731184159177,7637
731184259079,7676
731184358981,7627
731184458883,7708
731184558785,7612
731184658687,7825
731184758589,7633
731184858492,7626
731184958394,7673
731185058296,7627
731185158198,7620
731185258100,7615
731185358004,7627
731185457906,7704
731185557808,7641
731185657710,7713
731185757612,7634
731185857514,7630
731185957416,7665
731186057318,7632
731186157220,7621
731186257122,7627
731186357024,7629
731186456926,7652
731186556828,7640
731186656730,7786
731186756633,7640
731186856535,7625
731186956437,7658
731187056339,7624
731187156241,7618
731187256143,7619
731187356045,7638
731187455947,7618
731187555849,7627
731187655751,7720
731187755653,7633
731187855555,7610
731187955457,7659
731188055359,7626
731188155261,7639
731188255163,7613
731188355065,7622
731188454967,7623
731188554869,7631
731188654771,7823
731188754673,7636
731188854575,7634
731188954477,7664
731189054379,7635
731189154281,7652
731189254183,7632
731189354085,7629
731189453987,7643
731189553889,7621
731189653791,7711
731189753693,7633
731189853595,7626
731189953497,7727
731190053399,7640
731190153301,7618
731190253203,7613
731190353105,7628
731190453007,7639
731190552909,7640
731190652811,7826
731190752714,7654
731190852616,7632
731190952518,7664
731191052420,7653
731191152322,7627
731191252224,7624
731191352126,7642
731191452028,7642
731191551930,7627
731191651832,7647
731191751734,7617
731191851636,7615
731191951538,7646
731192051441,7634
731192151343,7642
731192251245,7623
731192351147,7627
731192451049,7690
731192550951,7628
731192650853,7694
731192750755,7632
731192850657,7634
731192950559,7648
731193050461,7622
731193150363,7633
731193250265,7637
731193350167,7630
731193450069,7635
731193549971,7664
731193649873,7632
731193749775,7640
731193849679,7715
731193949583,7651
731194049485,7667
731194149387,7643
731194249289,7716
731194349191,7622
731194449093,7647
731194548995,7672
731194648897,7702
731194748800,7620
731194848702,7647
731194948604,7647
731195048506,7966
731195148408,7630
731195248310,7638
731195348212,7674
731195448114,7639
731195548016,7626
731195647918,7638
731195747820,7632
731195847722,7623
731195947624,7643
731196047526,7635
731196147428,7728
731196247330,7642
731196347232,7633
731196447134,7639
731196547036,7659
731196646938,7670
731196746841,7631
731196846743,7622
731196946645,7692
731197046547,7635
731197146449,7616
731197246351,7620
731197346253,7611
731197446155,7629
731197546057,7663
731197645959,7615
731197745861,7674
731197845763,7625
731197945665,7618
731198045567,7628
731198145469,7627
731198245371,7667
731198345273,7630
731198445191,7630
731198545093,7676
731198644995,7628
731198744897,7640
731198844799,7643
731198944701,7630
731199044603,7640
731199144505,7622
731199244407,7634
731199344309,7677
731199444211,7608
731199544113,7628
731199644015,7620
731199743917,7622
731199843819,7617
731199943721,7624
731200043623,7632
731200143525,7683
731200243427,7627
731200343329,7639
731200443231,7624
731200543133,7618
731200643035,7620
731200742938,7647
731200842840,7624
731200942742,7675
731201042644,7632
731201142546,7621
731201242448,7636
731201342350,7638
731201442252,7619
731201542154,7635
731201642056,7612
731201741958,7667
731201841860,7627
731201941762,7627
731202041664,7630
731202141566,7638
731202241468,7623
731202341370,7626
731202441272,7630
731202541174,7674
731202641076,7625
731202740979,7634
731202840881,7630
731202940783,7636
731203040685,7624
731203140587,7632
731203240489,7639
731203340391,7683
731203440293,7624
731203540195,7629
731203640097,7637
731203739999,7639
731203839901,7670
731203939805,7670
731204039709,7623
731204139611,7648
731204239513,7626
731204339415,7624
731204439317,7630
731204539220,7638
731204639122,7631
731204739024,7629
731204838926,7615
731204938828,7635
731205038730,7630
731205138632,7630
731205238534,7624
731205338436,7638
731205438338,7630
731205538240,7625
731205638142,7631
731205738044,7640
731205837946,7623
731205937848,7641
731206037750,7641
731206137652,7634
731206237554,7642
731206337456,7632
731206437358,7624
731206537260,7642
731206637162,7634
731206737064,7651
731206836966,7643
731206936868,7591
731207036770,7624
731207136672,7640
731207236574,7624
731207336476,7641
731207436378,7609
731207536280,7613
731207636182,7611
731207736086,7628
731207835988,7625
731207935890,7631
731208035792,7635
731208135694,7716
731208235596,7616
731208335498,7618
731208435400,7620
731208535302,7604
731208635204,7618
731208735106,7617
731208835008,7618
731208934910,7634
731209034812,7630
731209134714,7625
731209234616,7631
731209334518,7615
731209434420,7636
731209534322,7614
731209634224,7625
731209734126,7640
731209834028,7617
731209933930,7638
731210033832,7646
731210133734,7644
731210233636,7647
731210333538,7615
731210433440,7633
731210533342,7652
731210633244,7647
731210733146,7643
731210833048,7622
731210932950,7635
731211032852,7623
731211132754,7634
731211232656,7640
731211332558,7649
731211432460,7618
731211532362,7616
731211632264,7629
731211732166,7631
731211832068,7620
731211931970,7618
731212031872,7620
731212131774,7643
731212231676,7645
731212331578,7638
731212431480,7629
731212531382,7613
731212631284,7634
731212731187,7668
731212831089,7632
731212930991,7647
731213030893,7624
731213130796,7628
731213230698,7657
731213330600,7620
731213430502,7624
731213530404,7617
731213630306,7628
731213730208,7676
731213830111,7635
731213930015,7669
731214029919,7631
731214129821,7630
731214229723,7632
731214329625,7665
731214429527,7621
731214529429,7675
731214629331,7629
731214729234,7616
731214829137,7628
731214929039,7626
731215028942,7635
731215128844,7635
731215228746,7625
731215328648,8041
731215428550,7630
731215528452,7626
731215628354,7638
731215728256,7610
731215828158,7626
731215928060,7627
731216027962,7624
731216127864,7684
731216227766,7620
731216327668,7637
731216427570,7626
731216527473,7639
731216627375,7620
731216727278,7644
731216827180,7635
731216927082,7681
731217026984,7624
731217126886,7635
731217226788,7623
731217326690,7626
731217426592,7629
731217526494,7641
731217626396,7618
731217726298,7670
731217826200,7631
731217926102,7621
731218026004,7591
731218125906,7625
731218225808,7622
731218325710,7628
731218425612,7616
731218525514,7676
731218625416,7629
731218725319,7630
731218825221,7614
731218925123,7610
731219025025,7626
731219124927,7630
731219224829,7629
731219324731,7627
731219424633,7630
731219524535,7611
731219624437,7617
731219724339,7623
731219824241,7612
731219924143,7619
731220024045,7625
731220123947,7681
731220223849,7621
731220323751,7670
731220423653,7624
731220523555,7626
731220623457,7632
731220723360,7647
731220823262,7634
731220923164,7673
731221023066,7634
731221122968,7632
731221222886,7644
731221322788,7633
731221422690,7632
731221522592,7636
731221622494,7623
731221722396,7683
731221822298,7623
731221922200,7618
731222022102,7639
731222122004,7619
731222221906,7630
731222321808,7630
731222421710,7641
731222521612,7678
731222621514,7637
731222721417,7673
731222821319,7631
731222921221,7628
731223021123,7638
731223121025,7625
731223220927,7631
731223320829,7681
731223420731,7679
731223520633,7639
731223620535,7631
731223720437,7638
731223820340,7631
731223920244,7711
731224020148,7629
731224120050,7643
731224219952,7620
731224319854,7613
731224419756,7638
731224519658,7635
731224619560,7631
731224719463,7647
731224819365,7632
731224919267,7644
731225019169,7617
731225119071,7636
731225218973,7622
731225318875,7629
731225418777,7617
731225518679,7634
731225618582,7637
731225718485,7645
731225818387,7644
731225918289,7620
731226018191,7622
731226118093,7628
731226217995,7647
731226317897,7648
731226417799,7616
731226517701,7631
731226617603,7627
731226717506,7632
731226817408,7638
731226917310,7644
731227017212,7624
731227117114,7633
731227217016,7617
731227316918,7638
731227416820,7634
731227516722,7642
731227616624,7639
731227716526,7635
731227816428,7619
731227916330,7625
731228016232,7617
731228116134,7634
731228216036,7666
731228315938,7627
731228415840,7656
731228515743,7627
731228615645,7632
731228715548,7642
731228815450,7620
731228915352,7640
731229015254,7628
731229115156,7629
731229215058,7625
731229314960,7625
731229414863,7625
731229514765,7625
731229614667,7623
731229714569,7634
731229814471,7634
731229914373,7621
731230014275,7633
731230114177,7628
731230214080,7632
731230313982,7611
731230413884,7634
731230513786,7636
731230613688,7624
731230713591,7629
731230813493,7618
731230913395,7636
731231013297,7628
731231113199,7654
731231213103,7613
731231313005,7637
731231412907,7630
731231512809,7611
731231612711,7628
731231712614,7616
731231812516,7631
731231912418,7613
731232012320,7619
731232112222,7674
731232212124,7626
731232312027,7665
731232411929,7626
731232511831,7639
731232611733,7641
731232711636,7643
731232811538,7622
731232911440,7633
731233011343,7623
731233111245,7674
731233211147,7621
731233311049,7635
731233410951,7659
731233510853,7622
731233610755,7623
731233710657,7640
731233810560,7630
731233910464,7714
731234010368,7625
731234110270,7654
731234210172,7631
731234310074,7624
731234409976,7624
731234509878,7725
731234609780,7628
731234709683,7637
731234809585,7624
731234909487,7626
731235009389,7710
731235109291,7666
731235209193,7626
731235309095,7687
731235408997,7635
731235508899,7704
731235608801,7614
731235708703,7626
731235808605,7622
731235908507,7631
731236008409,7705
731236108311,7706
731236208213,7817
731236308115,7612
731236408017,7626
731236507919,7705
731236607821,7620
731236707724,7633
731236807626,7621
731236907528,7677
731237007430,7661
731237107332,7621
731237207234,7623
731237307136,7621
731237407038,7633
731237506940,7627
731237606842,7627
731237706745,7682
731237806647,7641
731237906549,7626
731238006451,7628
731238106353,7613
731238206255,7628
731238306157,7624
731238406059,7618
731238505961,7683
731238605863,7627
731238705766,7627
731238805668,7623
731238905570,7626
731239005472,7624
731239105374,7611
731239205276,7626
731239305178,7673
731239405080,7632
731239504982,7628
731239604884,7620
731239704786,7622
731239804688,7619
731239904590,7617
731240004492,7689
731240104394,7678
731240204296,7614
731240304198,7631
731240404100,7619
731240504006,7615
731240603908,7639
731240703811,7646
731240803713,7623
731240903615,7669
731241003517,7629
731241103419,7625
731241203321,7647
731241303223,7621
731241403125,7620
731241503027,7626
731241602929,7621
731241702831,7699
731241802733,7624
731241902635,7637
731242002537,7630
731242102439,7636
731242202341,7655
731242302243,7669
731242402145,7624
731242502047,7669
731242601949,7626
731242701852,7665
731242801754,7620
731242901656,7625
731243001558,7626
731243101460,7626
731243201362,7631
731243301264,7662
731243401166,7619
731243501068,7615
731243600970,7637
731243700872,7657
731243800774,7623
731243900676,7629
731244000595,7676
731244100499,7649
731244200401,7641
731244300303,7619
731244400205,7637
731244500107,7613
731244600009,7623
731244699911,7730
731244799813,7628
731244899715,7642
731244999617,7639
731245099519,7633
731245199421,7669
731245299323,7628
731245399225,7626
731245499127,7632
731245599029,7626
731245698931,7653
731245798833,7619
731245898735,7668
731245998637,7618
731246098539,7631
731246198441,7643
731246298343,7622
731246398245,7633
731246498147,7642
731246598049,7623
731246697952,7726
731246797854,7637
731246897756,7653
731246997658,7630
731247097560,7621
731247197462,7644
731247297364,7643
731247397266,7628
731247497168,7630
731247597070,7635
731247696972,7641
731247796874,7637
731247896776,7663
731247996678,7614
731248096580,7652
731248196482,7648
731248296384,7628
731248396286,7619
731248496188,7609
731248596090,7615
731248695993,7687
731248795895,7626
731248895797,7684
731248995699,7621
731249095601,7635
731249195503,7625
731249295405,7613
731249395307,7703
731249495209,7625
731249595111,7628
731249695013,7641
731249794915,7628
731249894817,7668
731249994719,7612
731250094621,7623
731250194523,7632
731250294425,7631
731250394327,7619
731250494229,7635
731250594131,7625
731250694033,7748
731250793935,7622
731250893837,7656
731250993739,7640
731251093641,7629
731251193543,7622
731251293445,7659
731251393348,7625
731251493250,7653
731251593153,7627
731251693055,7617
731251792957,7632
731251892859,7624
731251992761,7615
731252092663,7651
731252192565,7644
731252292467,7634
731252392369,7644
731252492271,7625
731252592173,7624
731252692076,7746
731252791978,7627
731252891880,7651
731252991782,7633
731253091684,7634
731253191586,7634
731253291488,7627
731253391390,7642
731253491292,7633
731253591194,7635
731253691096,7640
731253790998,7628
731253890902,7694
731253990806,7614
731254090708,7742
731254190610,7626
731254290512,7634
731254390414,7634
731254490316,7681
731254590218,7628
731254690121,7709
731254790023,7626
731254889925,7644
731254989827,7626
731255089729,7711
731255189631,7623
731255289533,7696
731255389435,7627
731255489337,7628
731255589239,7623
731255689141,7630
731255789043,7625
731255888945,7628
731255988847,7634
731256088749,7677
731256188651,7636
731256288553,7645
731256388455,7636
731256488357,7627
731256588259,7669
731256688162,7741
731256788064,7632
731256887966,7691
731256987868,7624
731257087770,7636
731257187672,7633
731257287574,7642
731257387476,7623
731257487378,7640
731257587280,7630
731257687182,7668
731257787084,7630
731257886986,7630
731257986888,7629
731258086790,7640
731258186692,7630
731258286594,7624
731258386496,7614
731258486398,7693
731258586300,7639
731258686203,7718
731258786105,7640
731258886007,7616
731258985909,7633
731259085811,7621
731259185713,7666
731259285615,7675
731259385517,7626
731259485419,7629
731259585321,7622
731259685223,7615
731259785125,7632
731259885027,7734
731259984929,7642
731260084831,7680
731260184733,7634
731260284635,7639
731260384537,7632
731260484439,7615
731260584341,7624
731260684244,7665
731260784146,7664
731260884048,7682
731260983950,7616
731261083852,7622
731261183754,7634
731261283656,7642
731261383558,7632
731261483461,7622
731261583363,7631
731261683265,7681
731261783167,7624
731261883069,7624
731261982971,7616
731262082873,7628
731262182775,7641
731262282677,7619
731262382579,7623
731262482481,7671
731262582383,7625
731262682286,7658
731262782188,7626
731262882090,7633
731262981992,7637
731263081894,7629
731263181796,7631
731263281698,7686
731263381600,7626
731263481503,7621
731263581405,7636
731263681307,7623
731263781209,7630
731263881113,7704
731263981017,7631
731264080920,7648
731264180822,7617
731264280724,7614
731264380626,7634
731264480528,7616
731264580430,7641
731264680333,7626
731264780235,7621
731264880137,7649
731264980039,7616
731265079941,7801
731265179843,7630
731265279745,7623
731265379647,7617
731265479549,7638
731265579451,7638
731265679353,7644
731265779255,7635
731265879157,7620
731265979059,7623
731266078961,7641
731266178863,7630
731266278765,7622
731266378667,7638
731266478569,7642
731266578471,7639
731266678388,7629
731266778291,7636
731266878193,7631
731266978095,7618
731267077997,7620
731267177899,7635
731267277801,7650
731267377703,7625
731267477606,7642
731267577508,7633
731267677410,7626
731267777312,7626
731267877214,7620
731267977117,7716
731268077019,7639
731268176921,7642
731268276824,7627
731268376726,7628
731268476628,7621
731268576530,7682
731268676433,7627
731268776336,7630
731268876238,7634
731268976141,7620
731269076043,7624
731269175945,7633
731269275847,7632
731269375749,7633
731269475652,7618
731269575554,7612
731269675456,7637
731269775359,7622
731269875261,7622
731269975163,7620
731270075066,7631
731270174968,7618
731270274870,7633
731270374772,7617
731270474675,7634
731270574577,7616
731270674480,7627
731270774383,7611
731270874285,7638
731270974187,7617
731271074089,7614
731271173991,7611
731271273894,7646
731271373796,7636
731271473698,7664
731271573601,7627
731271673503,7631
731271773405,7645
731271873308,7625
731271973211,7620
731272073113,7639
731272173015,7626
731272272917,7625
731272372819,7614
731272472721,7657
731272572624,7633
731272672527,7627
731272772430,7620
731272872332,7638
731272972234,7617
731273072136,7624
731273172038,7637
731273271940,7622
731273371843,7637
731273471745,7676
731273571647,7620
731273671549,7643
731273771451,7631
731273871355,7677
731273971259,7625
731274071162,7626
731274171064,7630
731274270966,7646
731274370868,7616
731274470770,7718
731274570672,7630
731274670575,7630
731274770477,7634
731274870379,7620
731274970281,7626
731275070183,7633
731275170086,7618
731275269988,7687
731275369890,7636
731275469792,7644
731275569694,7633
731275669596,7622
731275769498,7622
731275869401,7617
731275969303,7632
731276069205,7683
731276169107,7662
731276269009,7632
731276368911,7626
731276468813,7677
731276568716,7641
731276668619,7627
731276768521,7638
731276868423,7684
731276968325,7624
731277068227,7627
731277168129,7662
731277268031,7624
731277367933,7635
731277467835,7639
731277567737,7632
731277667640,7682
731277767542,7632
731277867444,7628
731277967346,7630
731278067248,7624
731278167150,7657
731278267052,7614
731278366954,7636
731278466857,7681
731278566759,7621
731278666661,7634
731278766563,7629
731278866465,7627
731278966367,7620
731279066269,7620
731279166172,7666
731279266074,7678
731279365976,7617
731279465878,7623
731279565780,7625
731279665682,7623
731279765584,7621
731279865486,7637
731279965388,7631
731280065290,7677
731280165192,7655
731280265095,7618
731280364997,7623
731280464900,7650
731280564802,7624
731280664704,7667
731280764606,7623
731280864508,7688
731280964411,7642
731281064313,7618
731281164215,7670
731281264117,7626
731281364019,7616
731281463921,7739
731281563823,7624
731281663725,7677
731281763628,7667
731281863532,7628
731281963434,7624
731282063336,7631
731282163238,7944
731282263140,7930
731282363042,7938
731282462944,7787
731282562846,7627
731282662748,7685
731282762650,7659
731282862552,7638
731282962454,7622
731283062356,7624
731283162258,7631
731283262160,7682
731283362062,7629
731283461964,7723
731283561867,7627
731283661769,7646
731283761672,7982
731283861576,7728
731283961478,7625
731284061382,7645
731284161284,7628
731284261186,7645
731284361089,7639
731284460991,7714
731284560893,7620
731284660795,7712
731284760697,7635
731284860599,7647
731284960501,7629
731285060403,7634
731285160305,7635
731285260207,7609
731285360110,7628
731285460012,7708
731285559914,7634
731285659816,7683
731285759718,7622
731285859620,7629
731285959522,7664
731286059424,7667
731286159326,7625
731286259228,7626
731286359130,7634
731286459032,7727
731286558934,7628
731286658836,7811
731286758738,7643
731286858641,7666
731286958543,7659
731287058445,7694
731287158347,7632
731287258249,7641
731287358151,7623
731287458053,7708
731287557955,7620
731287657857,7705
731287757759,7621
731287857661,7625
731287957564,7663
731288057466,7684
731288157368,7638
731288257270,7622
731288357172,7619
731288457074,7646
731288556976,7631
731288656879,7780
731288756782,7632
731288856684,7645
731288956586,7654
731289056488,7662
731289156390,7631
731289256292,7625
731289356194,7626
731289456112,7605
731289556014,7622
731289655916,7726
731289755818,7614
731289855720,7608
731289955622,7704
731290055524,7633
731290155426,7606
731290255328,7642
731290355230,7620
731290455133,7636
731290555035,7621
731290654937,7829
731290754839,7624
731290854741,7612
731290954643,7664
731291054545,7615
731291154447,7626
731291254350,7640
731291354252,7619
731291454154,7656
731291554056,7628
731291653958,7702
731291753861,7624
731291853763,7639
731291953666,7675
731292053568,7638
731292153470,7672
731292253372,7679
731292353274,7627
731292453176,7654
731292553078,7638
731292652980,7833
731292752883,7636
731292852785,7644
731292952687,7665
731293052589,7634
731293152491,7635
731293252393,7620
731293352295,7621
731293452197,7642
731293552099,7625
731293652004,7661
731293751906,7652
731293851810,7702
731293951714,7639
731294051616,7627
731294151518,7637
731294251420,7668
731294351322,7634
731294451224,7706
731294551126,7616
731294651028,7708
731294750931,7634
731294850833,7639
731294950735,7639
731295050637,7622
731295150539,7632
731295250441,7686
731295350343,7620
731295450245,7643
731295550147,7630
731295650049,7627
731295749951,7643
731295849854,7628
731295949756,7688
731296049658,7667
731296149560,7634
731296249462,7625
731296349364,7632
731296449266,7643
731296549168,7640
731296649070,7689
731296748973,7633
731296848875,7674
731296948777,7636
731297048679,7632
731297148581,7649
731297248483,7634
731297348385,7631
731297448287,7651
731297548189,7623
731297648091,7676
731297747993,7629
731297847895,7643
731297947797,7640
731298047699,7633
731298147601,7631
731298247503,7626
731298347405,7630
731298447307,7696
731298547209,7627
731298647111,7665
731298747014,7636
731298846916,7623
731298946818,7638
731299046720,7627
731299146622,7648
731299246524,7682
731299346426,7623
731299446328,7614
731299546230,7626
731299646132,7633
731299746034,7619
731299845936,7628
731299945838,7630
731300045740,7720
731300145642,7628
731300245544,7637
731300345446,7627
731300445348,7619
731300545250,7659
731300645152,7627
731300745054,7633
731300844956,7680
731300944858,7642
731301044760,7620
731301144662,7621
731301244564,7628
731301344466,7624
731301444368,7613
731301544270,7621
731301644172,7670
731301744074,7581
731301843976,7628
731301943878,7627
731302043780,7619
731302143682,7626
731302243584,7630
731302343486,7644
731302443388,7667
731302543290,7627
731302643192,7617
731302743095,7622
731302842997,7627
731302942899,7637
731303042801,7639
731303142703,7636
731303242605,7681
731303342507,7634
731303442409,7635
731303542311,7618
731303642213,7626
731303742115,7633
731303842017,7720
731303941921,7626
731304041823,7643
731304141725,7708
731304241627,7619
731304341529,7634
731304441431,7626
731304541333,7633
731304641235,7641
731304741137,7643
731304841039,7647
731304940941,7639
731305040843,7617
731305140745,7628
731305240647,7628
731305340549,7636
731305440451,7622
731305540353,7630
731305640255,7636
731305740157,7632
731305840059,7616
731305939961,7619
731306039863,7637
731306139765,7627
731306239667,7620
731306339569,7633
731306439471,7666
731306539373,7623
731306639275,7615
731306739178,7640
731306839080,7623
731306938982,7626
731307038884,7620
731307138786,7629
731307238688,7638
731307338590,7634
731307438492,7626
731307538394,7642
731307638296,7620
731307738198,7638
731307838100,7615
731307938004,7623
731308037906,7650
731308137808,7625
731308237710,7628
731308337612,7633
731308437514,7628
731308537416,7654
731308637318,7637
731308737221,7651
731308837123,7640
731308937025,7623
731309036927,7617
731309136829,7638
731309236731,7640
731309336633,7627
731309436535,7634
731309536437,7631
731309636339,7637
731309736241,7634
731309836143,7633
731309936045,7622
731310035947,7613
731310135849,7627
731310235751,7617
731310335653,7621
731310435555,7642
731310535457,7635
731310635359,7629
731310735261,7663
731310835163,7622
731310935065,7625
731311034967,7620
731311134869,7619
731311234771,7639
731311334673,7611
731311434575,7625
731311534477,7635
731311634379,7616
731311734281,7669
731311834183,7624
731311934085,7625
731312033988,7637
731312133909,7637
731312233811,7613
731312333713,7638
731312433615,7639
731312533517,7636
731312633419,7622
731312733321,7669
731312833223,7638
731312933125,7625
731313033027,7646
731313132929,7634
731313232831,7641
731313332733,7634
731313432635,7624
731313532537,7639
731313632439,7649
731313732341,7668
731313832243,7623
731313932147,7707
731314032051,7638
731314131953,7641
731314231855,7621
731314331757,7628
731314431659,7681
731314531561,7635
731314631463,7625
731314731365,7672
731314831267,7624
731314931169,7623
731315031071,7634
731315130973,7637
731315230875,7670
731315330777,7634
731315430679,7622
731315530581,7636
731315630483,7634
731315730385,7666
731315830287,7629
731315930189,7618
731316030091,7681
731316129993,7669
731316229895,7628
731316329797,7639
731316429699,7633
731316529601,7631
731316629503,7636
731316729405,7646
731316829307,7683
731316929209,7637
731317029111,7615
731317129013,7620
731317228915,7633
731317328817,7634
731317428719,7630
731317528621,7630
731317628523,7674
731317728425,7625
731317828327,7628
731317928229,7618
731318028131,7624
731318128033,7635
731318227935,7622
731318327837,7635
731318427739,7692
731318527641,7630
731318627543,7636
731318727446,7638
731318827348,7628
731318927250,7630
731319027152,7625
731319127054,7632
731319226956,7688
731319326858,7628
731319426760,7623
731319526662,7625
731319626564,7632
731319726466,7625
731319826368,7615
731319926270,7612
731320026172,7670
731320126074,7624
731320225976,7678
731320325878,7625
731320425780,7640
731320525682,7620
731320625584,7624
731320725487,7632
731320825389,7681
731320925291,7622
731321025193,7619
731321125095,7623
731321224997,7621
731321324899,7641
731321424801,7626
731321524703,7627
731321624605,7631
731321724507,7630
731321824409,7635
731321924311,7622
731322024213,7630
731322124115,7636
731322224017,7622
731322323919,7627
731322423821,7667
731322523723,7617
731322623625,7627
731322723528,7630
731322823430,7632
731322923332,7616
731323023234,7638
731323123136,7632
731323223038,7667
731323322940,7645
731323422842,7629
731323522744,7630
731323622646,7634
731323722548,7626
731323822450,7647
731323922354,7718
731324022258,7644
731324122160,7626
731324222062,7623
731324321964,7630
731324421866,7637
731324521769,7646
731324621671,7626
731324721574,7635
731324821476,7635
731324921378,7645
731325021280,7622
731325121182,7635
731325221084,7647
731325320986,7621
731325420888,7629
731325520790,7623
731325620692,7651
731325720594,7637
731325820496,7617
731325920398,7641
731326020300,7617
731326120202,7631
731326220104,7622
731326320006,7626
731326419908,7648
731326519810,7641
731326619712,7626
731326719615,7638
731326819517,7631
731326919419,7630
731327019321,7628
731327119223,7621
731327219125,7638
731327319027,7618
731327418929,7631
731327518831,7633
731327618733,7630
731327718635,7633
731327818537,7621
731327918439,7636
731328018341,7639
731328118243,7632
731328218145,7639
731328318047,7704
731328417949,7638
731328517851,7638
731328617753,7647
731328717656,7628
731328817558,7640
731328917460,7623
731329017362,7625
731329117264,7628
731329217166,7623
731329317068,7619
731329416970,7668
731329516872,7629
731329616774,7630
731329716676,7624
731329816578,7621
731329916480,7644
731330016382,7639
731330116284,7657
731330216186,7623
731330316088,7621
731330415990,7662
731330515892,7634
731330615794,7636
731330715697,7624
731330815599,7616
731330915501,7635
731331015403,7617
731331115305,7667
731331215207,7630
731331315109,7605
731331415011,7668
731331514913,7625
731331614815,7626
731331714717,7617
731331814619,7622
731331914521,7622
731332014423,7647
731332114325,7682
731332214227,7630
731332314129,7623
731332414031,7668
731332513933,7627
731332613835,7628
731332713737,7647
731332813639,7650
731332913541,7618
731333013443,7630
731333113345,7670
731333213247,7639
731333313149,7619
731333413051,7667
731333512954,7618
731333612856,7649
731333712759,7627
731333812661,7638
731333912565,7685
731334012467,7629
731334112369,7655
731334212271,7644
731334312173,7628
731334412075,7674
731334511977,7620
731334611879,7628
731334711782,7637
731334811684,7628
731334911603,7629
731335011505,7630
731335111407,7664
731335211309,7678
731335311211,7617
731335411113,7626
731335511015,7632
731335610917,7636
731335710819,7621
731335810721,7624
731335910623,7631
731336010525,7698
731336110427,7637
731336210329,7624
731336310231,7634
731336410133,7620
731336510035,7671
731336609937,7626
731336709840,7748
731336809742,7696
731336909644,7631
731337009546,7698
731337109448,7634
731337209350,7633
731337309252,7624
731337409154,7628
731337509056,7697
731337608958,7687
731337708860,7628
731337808762,7945
731337908664,7631
731338008566,7701
731338108468,7715
731338208370,7623
731338308272,7625
731338408174,7676
731338508076,7701
731338607978,7628
731338707881,7629
731338807783,7628
731338907685,7634
731339007587,7663
731339107489,7672
731339207391,7673
731339307293,7634
731339407195,7627
731339507097,7646
731339606999,7631
731339706902,7633
731339806804,7622
731339906706,7635
731340006608,7699
731340106510,7670
731340206412,7620
731340306314,7635
731340406216,7623
731340506118,7625
731340606020,7612
731340705923,7785
731340805825,7685
731340905727,7618
731341005629,7623
731341105531,7624
731341205433,7640
731341305335,7622
731341405237,7626
731341505139,7636
731341605041,7672
731341704943,7656
731341804845,7620
731341904747,7617
731342004649,7616
731342104551,7630
731342204453,7947
731342304355,7921
731342404257,7991
731342504159,7930
731342604061,7933
731342703963,7662
731342803866,7619
731342903768,7620
731343003670,7628
731343103572,7622
731343203474,7707
731343303376,7619
731343403278,7631
731343503180,7622
731343603082,7626
731343702984,7635
731343802887,7640
731343902791,7720
731344002695,7636
731344102598,7630
731344202500,7648
731344302402,7647
731344402304,7632
731344502206,7633
731344602108,7630
731344702010,7646
731344801912,7641
731344901814,7673
731345001716,7620
731345101618,7632
731345201520,7643
731345301422,7624
731345401324,7633
731345501226,7619
731345601128,7647
731345701030,7655
731345800932,7630
731345900834,7668
731346000736,7635
731346100638,7619
731346200540,7655
731346300442,7632
731346400344,7633
731346500246,7611
731346600148,7620
731346700051,7695
731346799953,7622
731346899855,7658
731346999757,7616
731347099659,7633
731347199561,7652
731347299463,7616
731347399365,7626
731347499267,7616
731347599169,7636
731347699071,7635
731347798973,7632
731347898875,7665
731347998777,7648
731348098679,7960
731348198581,7638
731348298483,7642
731348398385,7625
731348498287,7626
731348598189,7631
731348698092,7729
731348797994,7646
731348897896,7678
731348997798,7634
731349097700,7624
731349197602,7639
731349297504,7631
731349397406,7633
731349497308,7627
731349597210,7641
731349697112,7636
731349797014,7622
731349896916,7667
731349996818,7629
731350096720,7619
731350196622,7652
731350296524,7627
731350396426,7652
731350496328,7629
731350596230,7615
731350696133,7704
731350796035,7626
731350895937,7607
731350995839,7615
731351095741,7632
731351195643,7638
731351295545,7615
731351395447,7638
731351495349,7622
731351595251,7628
731351695153,7700
731351795055,7625
731351894957,7632
731351994859,7643
731352094761,7631
731352194663,7623
731352294565,7614
731352394467,7641
731352494369,7615
731352594271,7625
731352694174,7747
731352794076,7636
731352893978,7621
731352993880,7635
731353093782,7638
731353193684,7617
731353293586,7620
731353393488,7621
731353493390,7644
731353593292,7647
731353693194,7622
731353793096,7623
731353893002,7708
731353992906,7625
731354092808,7646
731354192710,7631
731354292612,7639
731354392514,7673
731354492416,7620
731354592318,7634
731354692221,7749
731354792123,7623
731354892025,7632
731354991927,7621
731355091829,7626
731355191731,7686
731355291633,7630
731355391535,7642
731355491437,7633
731355591339,7631
731355691241,7626
731355791143,7633
731355891045,7623
731355990947,7690
731356090849,7635
731356190751,7634
731356290653,7630
731356390555,7635
731356490457,7629
731356590359,7623
731356690262,7701
731356790164,7674
731356890066,7626
731356989968,7630
731357089870,7624
731357189772,7630
731357289674,7635
731357389576,7617
731357489478,7628
731357589395,7684
731357689297,7620
731357789199,7631
731357889101,7640
731357989004,7623
731358088906,7621
731358188808,7629
731358288710,7635
731358388612,7686
731358488514,7635
731358588416,7631
731358688319,7740
731358788221,7620
731358888123,7630
731358988025,7622
731359087927,7638
731359187829,7688
731359287731,7627
731359387633,7646
731359487535,7632
731359587437,7632
731359687339,7631
731359787241,7630
731359887143,7625
731359987045,7665
731360086947,7604
731360186849,7633
731360286751,7642
731360386653,7632
731360486555,7640
731360586457,7633
731360686359,7714
731360786261,7678
731360886163,7615
731360986065,7613
731361085967,7625
731361185869,7617
731361285771,7628
731361385673,7630
731361485575,7631
731361585477,7671
731361685379,7619
731361785281,7613
731361885183,7622
731361985085,7629
731362084987,7601
731362184889,7625
731362284791,7623
731362384693,7673
731362484595,7626
731362584497,7628
731362684399,7655
731362784301,7615
731362884203,7619
731362984105,7623
731363084008,7635
731363183910,7681
731363283812,7621
731363383714,7621
731363483616,7630
731363583518,7637
731363683420,7619
731363783322,7626
731363883225,7616
731363983129,7688
731364083033,7613
731364182935,7620
731364282837,7633
731364382739,7629
731364482641,7631
731364582544,7639
731364682447,7676
731364782349,7648
731364882251,7623
731364982153,7644
731365082055,7895
731365181957,7628
731365281859,7630
731365381761,7620
731365481663,7615
731365581565,7644
731365681467,7631
731365781369,7629
731365881271,7615
731365981173,7627
731366081075,7632
731366180977,7628
731366280879,7612
731366380781,7645
731366480683,7627
731366580585,7627
731366680488,7627
731366780391,7625
731366880293,7616
731366980195,7627
731367080097,7626
731367179999,7639
731367279901,7631
731367379803,7640
731367479705,7625
731367579608,7621
731367679510,7627
731367779412,7625
731367879314,7628
731367979216,7649
731368079118,7643
731368179020,7624
731368278922,7625
731368378824,7632
731368478726,7640
731368578629,7944
731368678532,7632
731368778434,7647
731368878336,7626
731368978238,7619
731369078140,7618
731369178042,7621
731369277944,7636
731369377846,7647
731369477748,7640
731369577650,7647
731369677552,7619
731369777454,7624
731369877356,7632
731369977258,7625
731370077160,7643
731370177062,7620
731370276964,7627
731370376866,7642
731370476768,7638
731370576670,7624
731370676573,7631
731370776475,7618
731370876377,7622
731370976279,7618
731371076181,7633
731371176083,7645
731371275985,7626
731371375887,7621
731371475789,7628
731371575691,7616
731371675593,7611
731371775495,7618
731371875397,7615
731371975299,7639
731372075201,7638
731372175103,7637
731372275005,7619
731372374907,7639
731372474809,7625
731372574711,7626
731372674613,7629
731372774515,7617
731372874417,7630
731372974319,7609
731373074221,7623
731373174123,7624
731373274025,7623
731373373927,7622
731373473829,7623
731373573731,7645
731373673633,7625
731373773535,7623
731373873437,7619
731373973341,7708
731374073245,7630
731374173147,7627
731374273049,7623
731374372951,7699
731374472853,7633
731374572755,7621
731374672658,7634
731374772560,7630
731374872462,7621
731374972364,7631
731375072266,7623
731375172168,7671
731375272070,7628
731375371972,7626
731375471874,7639
731375571776,7626
731375671678,7631
731375771580,7622
731375871482,7626
731375971385,7686
731376071287,7621
731376171189,7619
731376271091,7629
731376370993,7643
731376470895,7626
731376570797,7630
731376670700,7622
731376770602,7680
731376870504,7629
731376970406,7633
731377070308,7629
731377170210,7634
731377270112,7627
731377370014,7620
731377469917,7615
731377569819,7692
731377669721,7629
731377769623,7637
731377869525,7630
731377969427,7630
731378069329,7628
731378169231,7652
731378269133,7622
731378369035,7681
731378468937,7642
731378568839,7626
731378668742,7634
731378768644,7634
731378868546,7626
731378968448,7631
731379068350,7628
731379168252,7713
731379268154,7613
731379368056,7617
731379467958,7625
731379567860,7632
731379667762,7633
731379767664,7618
731379867566,7627
731379967468,7683
731380067370,7620
731380167272,7649
731380267174,7616
731380367091,7630
731380466993,7628
731380566895,7623
731380666797,7638
731380766699,7684
731380866601,7631
731380966503,7627
731381066405,7635
731381166307,7613
731381266209,7629
731381366111,7610
731381466013,7615
731381565915,7700
731381665817,7640
731381765719,7622
731381865621,7624
731381965523,7627
731382065425,7618
731382165327,7617
731382265229,7626
731382365131,7686
731382465033,7649
731382564935,7638
731382664837,7668
731382764739,7632
731382864641,7630
731382964543,7625
731383064445,7617
731383164347,7687
731383264249,7615
731383364151,7615
731383464053,7695
731383563955,7628
731383663857,7629
731383763759,7630
731383863663,7725
731383963565,7639
731384063467,7621
731384163369,7623
731384263271,7622
731384363173,7613
731384463075,7718
731384562977,7618
731384662879,7668
731384762781,7646
731384862683,7628
731384962585,7632
731385062487,7702
731385162389,7622
731385262291,7617
731385362193,7616
731385462095,7714
731385561997,7651
731385661899,7632
731385761801,7657
731385861703,7635
731385961605,7622
731386061507,7655
731386161409,7633
731386261311,7624
731386361213,7648
731386461115,7716
731386561017,7640
731386660919,7717
731386760821,7638
731386860723,7631
731386960625,7636
731387060527,7666
731387160429,7652
731387260331,7639
731387360233,7627
731387460135,7722
731387560037,7621
731387659939,7641
731387759841,7629
731387859743,7636
731387959645,7670
731388059547,7661
731388159449,7639
731388259351,7662
731388359253,7622
731388459155,7720
731388559057,7625
731388658959,7824
731388758861,7638
731388858763,7632
731388958665,7671
731389058567,7664
731389158469,7623
731389258371,7619
731389358273,7619
731389458175,7707
731389558077,7639
731389657979,7716
731389757881,7624
731389857783,7630
731389957685,7706
731390057587,7677
731390157489,7631
731390257391,7628
731390357293,7630
731390457195,7699
731390557097,7627
731390656999,7787
731390756901,7622
731390856803,7636
731390956705,7670
731391056607,7622
731391156509,7644
731391256411,7631
731391356313,7625
731391456215,7633
731391556117,7630
731391656019,7699
731391755921,7619
731391855823,7617
731391955725,7674
731392055627,7618
731392155529,7626
731392255431,7641
731392355333,7626
731392455235,7620
731392555137,7638
731392655039,7826
731392754942,7652
731392854844,7617
731392954746,7668
731393054648,7630
731393154550,7741
731393254452,7621
731393354354,7622
731393454256,7620
731393554158,7632
731393654060,7718
731393753962,7651
731393853865,7622
731393953769,7740
731394053673,7673
731394153575,7628
731394253477,7658
731394353379,7694
731394453281,7637
731394553183,7625
731394653085,7834
731394752988,7639
731394852890,7622
731394952792,7671
731395052694,7628
731395152596,7671
731395252498,7625
731395352400,7631
731395452302,7638
731395552204,7632
731395652106,7674
731395752008,7687
731395851910,7631
731395951812,7710
731396051714,7633
731396151616,7623
731396251518,7634
731396351420,7627
731396451322,7639
731396551224,7644
731396651126,7704
731396751028,7684
731396850930,7630
731396950832,7638
731397050734,7627
731397150636,7628
731397250538,7630
731397350440,7644
731397450342,7650
731397550244,7674
731397650146,7634
731397750048,7630
731397849950,7625
731397949852,7648
731398049754,7637
731398149656,7632
731398249558,7616
731398349460,7667
731398449362,7656
731398549264,7620
731398649166,7706
731398749069,7637
731398848971,7633
731398948873,7636
731399048775,7630
731399148677,7671
731399248579,7621
731399348481,7631
731399448383,7647
731399548285,7625
731399648187,7633
731399748089,7621
731399847991,7640
731399947893,7688
731400047795,7622
731400147697,7672
731400247599,7646
731400347501,7634
731400447403,7634
731400547305,7630
731400647207,7669
731400747110,7681
731400847012,7627
731400946914,7646
731401046816,7631
731401146719,7623
731401246621,7625
731401346523,7626
731401446425,7646
731401546327,7681
731401646229,7624
731401746131,7621
731401846033,7621
731401945935,7617
731402045838,7631
731402145740,7939
731402245642,7623
731402345544,7668
731402445446,7628
731402545348,7627
731402645250,7609
731402745153,7612
731402845055,7648
731402944957,7630
731403044875,7621
731403144777,7682
731403244679,7622
731403344581,7621
731403444483,7621
731403544385,7628
731403644287,7624
731403744190,7624
731403844093,7714
731403943997,7636
731404043899,7636
731404143801,7629
731404243703,7635
731404343605,7629
731404443507,7637
731404543409,7632
731404643311,7750
731404743214,7643
731404843116,7619
731404943018,7624
731405042920,7646
731405142822,7636
731405242724,7632
731405342626,7623
731405442528,7623
731405542430,7643
731405642332,7613
731405742235,7620
731405842137,7625
731405942039,7638
731406041941,7630
731406141843,7634
731406241745,7622
731406341647,7638
731406441549,7630
731406541451,7635
731406641353,7636
731406741256,7631
731406841158,7621
731406941060,7635
731407040962,7627
731407140864,7644
731407240766,7612
731407340668,7615
731407440570,7630
731407540472,7630
731407640374,7630
731407740276,7647
731407840178,7624
731407940080,7639
731408039982,7621
731408139884,7631
731408239786,7632
731408339688,7622
731408439590,7630
731408539492,7629
731408639394,7627
731408739297,7657
731408839199,7631
731408939101,7626
731409039004,7622
731409138906,7619
731409238808,7629
731409338710,7629
731409438612,7630
731409538514,7647
731409638416,7621
731409738318,7660
731409838220,7625
731409938122,7623
731410038024,7622
731410137926,7618
731410237828,7634
731410337730,7645
731410437632,7625
731410537534,7627
731410637436,7639
731410737339,7640
731410837241,7623
731410937143,7627
731411037045,7630
731411136947,7642
731411236849,7629
731411336751,7616
731411436653,7614
731411536555,7628
731411636457,7626
731411736359,7665
731411836261,7614
731411936163,7646
731412036065,7631
731412135967,7691
731412235869,7640
731412335771,7607
731412435673,7627
731412535575,7609
731412635477,7632
731412735380,7683
731412835282,7613
731412935184,7633
731413035086,7624
731413134988,7636
731413234890,7626
731413334792,7620
731413434694,7621
731413534596,7641
731413634498,7619
731413734400,7672
731413834302,7659
731413934207,7709
731414034109,7627
731414134011,7616
731414233913,7641
731414333815,7677
731414433717,7621
731414533619,7626
731414633521,7625
731414733424,7675
731414833326,7610
731414933228,7627
731415033131,7625
731415133033,7674
731415232935,7635
731415332837,7629
731415432739,7634
731415532641,7624
731415632543,7631
731415732445,7627
731415832347,7630
731415932249,7682
731416032151,7638
731416132053,7640
731416231955,7626
731416331857,7641
731416431759,7617
731416531661,7629
731416631563,7639
731416731466,7690
731416831368,7629
731416931270,7612
731417031172,7621
731417131074,7639
731417230976,7642
731417330878,7637
731417430780,7632
731417530682,7685
731417630584,7644
731417730486,7634
731417830388,7632
731417930290,7621
731418030192,7635
731418130094,7627
731418229996,7632
731418329898,7692
731418429800,7630
731418529702,7632
731418629604,7635
731418729507,7632
731418829409,7619
731418929311,7623
731419029213,7629
731419129115,7678
731419229017,7630
731419328920,7656
731419428822,7626
731419528724,7621
731419628626,7624
731419728528,7625
731419828430,7636
731419928333,7666
731420028235,7635
731420128137,7622
731420228039,7616
731420327941,7637
731420427843,7643
731420527746,7625
731420627648,7635
731420727551,7677
731420827453,7635
731420927355,7620
731421027257,7618
731421127159,7640
731421227061,7619
731421326963,7641
731421426865,7628
731421526767,7674
731421626669,7616
731421726571,7641
731421826473,7638
731421926375,7647
731422026277,7628
731422126179,7625
731422226081,7624
731422325983,7676
731422425885,7625
731422525787,7622
731422625689,7620
731422725591,7638
731422825493,7619
731422925395,7621
731423025297,7613
731423125199,7671
731423225101,7623
731423325004,7626
731423424906,7629
731423524808,7622
731423624710,7646
731423724612,7634
731423824514,7614
731423924417,7760
731424024319,7617
731424124221,7640
731424224123,7619
731424324025,7659
731424423927,7629
731424523829,7616
731424623731,7637
731424723634,7644
731424823536,7633
731424923438,7638
731425023340,7626
731425123242,7614
731425223144,7639
731425323046,7630
731425422948,7630
731425522850,7641
731425622752,7617
731425722654,7619
731425822572,7616
731425922474,7627
731426022376,7636
731426122278,7621
731426222180,7638
731426322082,7642
731426421984,7631
731426521886,7633
731426621788,7635
731426721691,7637
731426821593,7630
731426921495,7634
731427021397,7636
731427121299,7643
731427221201,7632
731427321103,7625
731427421005,7637
731427520907,7631
731427620809,7631
731427720711,7634
731427820613,7625
731427920515,7648
731428020417,7622
731428120319,7636
731428220221,7637
731428320123,7641
731428420025,7627
731428519927,7615
731428619829,7625
731428719732,7657
731428819634,7632
731428919536,7622
731429019438,7712
731429119340,7664
731429219242,7617
731429319144,7616
731429419046,7628
731429518948,7643
731429618850,7631
731429718753,7644
731429818655,7621
731429918557,7619
731430018459,7635
731430118361,7673
731430218263,7626
731430318165,7647
731430418067,7628
731430517969,7636
731430617871,7618
731430717774,7631
731430817676,7628
731430917578,7634
731431017480,7635
731431117382,7688
731431217284,7628
731431317186,7628
731431417088,7630
731431516990,7621
731431616892,7618
731431716794,7642
731431816696,7627
731431916598,7638
731432016500,7632
731432116402,7666
731432216304,7624
731432316206,7627
731432416108,7630
731432516010,7621
731432615912,7630
731432715815,7638
731432815717,7627
731432915619,7612
731433015521,7613
731433115423,7665
731433215325,7616
731433315227,7632
731433415129,7724
731433515031,7633
731433614933,7632
731433714835,7620
731433814737,7622
731433914640,7682
731434014542,7628
731434114444,7677
731434214346,7619
731434314248,7672
731434414150,7662
731434514052,7617
731434613954,7626
731434713857,7641
731434813759,7635
731434913663,7625
731435013565,7639
731435113467,7680
731435213369,7630
731435313271,7627
731435413173,7621
731435513075,7623
731435612977,7620
731435712879,7634
731435812781,7630
731435912683,7695
731436012585,7634
731436112487,7632
731436212389,7621
731436312291,7673
731436412193,7628
731436512095,7624
731436611997,7626
731436711900,7679
731436811802,7626
731436911704,7623
731437011606,7667
731437111508,7634
731437211410,7631
731437311312,7624
731437411214,7641
731437511116,7681
731437611018,7635
731437710920,7630
731437810822,7630
731437910724,7623
731438010626,7628
731438110528,7628
731438210430,7626
731438310332,7687
731438410234,7674
731438510136,7667
731438610038,7629
731438709941,7643
731438809843,7623
731438909745,7625
731439009647,7692
731439109549,7686
731439209451,7627
731439309353,7617
731439409255,7630
731439509157,7702
731439609059,7615
731439708961,7629
731439808863,7637
731439908765,7681
731440008667,7712
731440108569,7625
731440208471,7627
731440308373,7622
731440408275,7623
731440508177,7711
731440608079,7636
731440707982,7690
731440807884,7634
731440907786,7641
731441007688,7671
731441107590,7666
731441207492,7629
731441307394,7639
731441407296,7617
731441507198,7674
731441607100,7632
731441707005,7626
731441806907,7665
731441906809,7630
731442006711,7634
731442106613,7636
731442206515,7634
731442306417,7679
731442406319,7616
731442506221,7620
731442606123,7630
731442706026,7636
731442805928,7622
731442905830,7629
731443005732,7637
731443105634,7675
731443205536,7624
731443305438,7633
731443405340,7622
731443505242,7627
731443605144,7612
731443705046,7617
731443804948,7626
731443904852,7728
731444004754,7631
731444104656,7613
731444204558,7618
731444304460,7656
731444404362,7610
731444504264,7608
731444604166,7618
731444704069,7639
731444803971,7633
731444903873,7648
731445003775,7638
731445103677,7640
731445203579,7644
731445303481,7636
731445403383,7623
731445503285,7643
731445603187,7628
731445703089,7645
731445802991,7623
731445902893,7619
731446002797,7628
731446102699,7631
731446202601,7646
731446302503,7642
731446402405,7628
731446502307,7627
731446602209,7622
731446702111,7661
731446802013,7631
731446901915,7622
731447001817,7619
731447101719,7645
731447201621,7640
731447301523,7626
731447401425,7634
731447501327,7619
731447601229,7625
731447701131,7644
731447801033,7627
731447900935,7643
731448000837,7627
731448100739,7639
731448200641,7637
731448300543,7638
731448400445,7634
731448500347,7631
731448600263,7610
731448700166,7689
731448800068,7637
731448899970,7622
731448999872,7645
731449099774,7638
731449199676,7627
731449299578,7619
731449399480,7633
731449499382,7640
731449599284,7619
731449699186,7654
731449799088,7635
731449898990,7612
731449998892,7615
731450098794,7669
731450198696,7639
731450298598,7635
731450398500,7624
731450498402,7642
731450598304,7637
731450698207,7729
731450798109,7617
731450898011,7620
731450997913,7620
731451097815,7642
731451197717,7639
731451297619,7632
731451397521,7622
731451497423,7623
731451597325,7628
731451697227,7638
731451797129,7627
731451897031,7637
731451996933,7621
731452096835,7635
731452196737,7634
731452296639,7628
731452396541,7627
731452496443,7634
731452596345,7631
731452696247,7718
731452796149,7608
731452896051,7634
731452995953,7619
731453095855,7623
731453195757,7622
731453295659,7621
731453395561,7626
731453495463,7644
731453595365,7642
731453695267,7608
731453795169,7616
731453895076,7679
731453994978,7660
731454094880,7634
731454194782,7631
731454294684,7697
731454394586,7627
731454494488,7632
731454594390,7632
731454694292,7743
731454794194,7629
731454894096,7635
731454993998,7643
731455093900,7674
731455193802,7628
731455293704,7630
731455393606,7637
731455493508,7626
731455593410,7637
731455693312,7617
731455793214,7634
731455893116,7684
731455993018,7622
731456092920,7635
731456192822,7632
731456292724,7645
731456392626,7639
731456492528,7626
731456592430,7617
731456692333,7779
731456792235,7626
731456892137,7636
731456992039,7624
731457091941,7636
731457191843,7631
731457291745,7643
731457391647,7636
731457491549,7681
731457591451,7629
731457691353,7625
731457791255,7629
731457891157,7616
731457991059,7624
731458090961,7624
731458190863,7631
731458290765,7689
731458390667,7614
731458490569,7669
731458590471,7634
731458690374,7707
731458790276,7633
731458890178,7626
731458990080,7637
731459089982,7687
731459189884,7628
731459289786,7636
731459389688,7639
731459489590,7634
731459589492,7628
731459689394,7627
731459789296,7639
731459889198,7689
731459989100,7625
731460089004,7619
731460188906,7631
731460288808,7633
731460388710,7628
731460488612,7647
731460588514,7626
731460688417,7804
731460788319,7657
731460888221,7628
731460988123,7628
731461088025,7636
731461187927,7623
731461287829,7622
731461387731,7615
731461487633,7727
731461587535,7625
731461687437,7636
731461787339,7626
731461887241,7629
731461987143,7631
731462087046,7637
731462186948,7950
731462286850,7991
731462386752,7934
731462486654,7665
731462586556,7633
731462686459,7698
731462786361,7635
731462886263,7617
731462986165,7614
731463086067,7669
731463185969,7627
731463285871,7637
731463385773,7624
731463485675,7664
731463585577,7613
731463685479,7631
731463785382,7637
731463885285,7707
731463985187,7619
731464085089,7622
731464184991,7635
731464284893,7626
731464384795,7620
731464484697,7617
731464584599,7632
731464684502,7694
731464784404,7626
731464884306,7616
731464984208,7613
731465084110,7916
731465184012,7621
731465283914,7624
731465383816,7629
731465483718,7642
731465583620,7638
731465683522,7631
731465783424,7631
731465883326,7627
731465983228,7622
731466083130,7632
731466183034,7623
731466282936,7639
731466382838,7631
731466482740,7627
731466582642,7627
731466682545,7669
731466782447,7626
731466882349,7629
731466982251,7632
731467082153,7641
731467182055,7630
731467281957,7629
731467381859,7631
731467481761,7674
731467581663,7631
731467681565,7625
731467781467,7631
731467881369,7641
731467981271,7638
731468081173,7635
731468181075,7627
731468280977,7629
731468380879,7636
731468480781,7633
731468580683,7624
731468680586,7641
731468780488,7629
731468880390,7639
731468980292,7616
731469080194,7629
731469180096,7632
731469279998,7626
731469379900,7628
731469479802,7653
731469579704,7620
731469679606,7622
731469779508,7632
731469879410,7620
731469979312,7626
731470079214,7629
731470179116,7637
731470279018,7650
731470378920,7629
731470478822,7620
731470578724,7637
731470678627,7631
731470778529,7621
731470878431,7614
731470978333,7622
731471078235,7638
731471178137,7637
731471278055,7630
731471377957,7628
731471477859,7632
731471577761,7629
731471677663,7630
731471777565,7616
731471877467,7642
731471977369,7635
731472077271,7611
731472177173,7630
731472277075,7618
731472376977,7637
731472476879,7628
731472576781,7626
731472676684,7640
731472776586,7638
731472876488,7639
731472976390,7670
731473076292,7624
731473176194,7621
731473276096,7622
731473375998,7634
731473475900,7636
731473575802,7622
731473675704,7626
731473775606,7623
731473875509,7621
731473975412,7751
731474075314,7616
731474175216,7621
731474275118,7668
731474375020,7619
731474474922,7628
731474574824,7632
731474674727,7617
731474774629,7629
731474874531,7617
731474974433,7638
731475074335,7635
731475174237,7626
731475274139,7623
731475374041,7631
731475473944,7631
731475573846,7624
731475673748,7630
731475773650,7625
731475873552,7688
731475973454,7639
731476073356,7632
731476173258,7629
731476273160,7627
731476373062,7638
731476472964,7630
731476572866,7629
731476672769,7690
731476772671,7627
731476872573,7637
731476972475,7632
731477072377,7619
731477172279,7660
731477272181,7631
731477372083,7628
731477471985,7681
731477571887,7632
731477671789,7630
731477771691,7621
731477871593,7633
731477971495,7629
731478071397,7613
731478171299,7705
731478271201,7680
731478371103,7623
731478471005,7629
731478570907,7595
731478670810,7630
731478770712,7634
731478870614,7634
731478970516,7636
731479070418,7674
731479170320,7710
731479270222,7627
731479370124,7622
731479470026,7633
731479569928,7636
731479669830,7637
731479769732,7647
731479869634,7692
731479969536,7630
731480069438,7634
731480169340,7645
731480269242,7629
731480369144,7645
731480469046,7627
731480568948,7627
731480668851,7693
731480768753,7625
731480868655,7632
731480968557,7634
731481068459,7642
731481168361,7625
731481268263,7618
731481368165,7629
731481468067,7674
731481567969,7620
731481667871,7630
731481767773,7633
731481867675,7635
731481967577,7626
731482067479,7641
731482167381,7641
731482267283,7678
731482367185,7639
731482467087,7627
731482566989,7626
731482666891,7639
731482766793,7629
731482866695,7624
731482966597,7627
731483066499,7693
731483166401,7621
731483266303,7624
731483366205,7632
731483466107,7617
731483566009,7621
731483665911,7628
731483765813,7618
731483865716,7671
731483965620,7611
731484065522,7684
731484165424,7624
731484265326,7610
731484365228,7636
731484465130,7630
731484565032,7611
731484664934,7691
731484764836,7638
731484864738,7619
731484964640,7614
731485064542,7658
731485164444,7634
731485264346,7623
731485364248,7623
731485464150,7713
731485564052,7628
731485663954,7627
731485763856,7643
731485863758,7623
731485963660,7611
731486063562,7634
731486163464,7630
731486263366,7641
731486363268,7638
731486463170,7717
731486563072,7634
731486662974,7676
731486762876,7633
731486862778,7627
731486962680,7637
731487062582,7652
731487162484,7631
731487262386,7625
731487362288,7614
731487462190,7705
731487562092,7634
731487661994,7628
731487761896,7641
731487861798,7636
731487961700,7652
731488061602,7664
731488161504,7624
731488261406,7636
731488361308,7616
731488461210,7705
731488561112,7629
731488661014,7717
731488760916,7627
731488860818,7631
731488960720,7637
731489060622,7674
731489160524,7629
731489260426,7618
731489360328,7637
731489460230,7711
731489560132,7628
731489660035,7635
731489759937,7626
731489859839,7630
731489959741,7683
731490059643,7626
731490159545,7624
731490259447,7644
731490359349,7641
731490459251,7709
731490559153,7622
731490659055,7814
731490758958,7631
731490858860,7625
731490958762,7665
731491058664,7647
731491158566,7630
731491258468,7639
731491358370,7629
731491458272,7699
731491558174,7620
731491658076,7700
731491757978,7628
731491857880,7636
731491957782,7673
731492057684,7619
731492157586,7631
731492257488,7638
731492357390,7639
731492457292,7684
731492557194,7638
731492657096,7793
731492756999,7627
731492856901,7642
731492956803,7668
731493056705,7617
731493156607,7616
731493256509,7625
731493356411,7635
731493456313,7637
731493556215,7618
731493656117,7719
731493756019,7620
