3536574776684,9533
3536574876618,4367
3536574976541,4525
3536575076465,4278
3536575176389,4270
3536575276312,4293
3536575376234,4316
3536575476158,4267
3536575576080,4286
3536575676006,4378
3536575775928,4329
3536575875850,4283
3536575975772,4286
3536576075696,4259
3536576175618,4368
3536576275540,4375
3536576375464,4264
3536576475386,4258
3536576575308,4262
3536576675230,4376
3536576775154,4312
3536576875076,4261
3536576974998,4445
3536577074920,4294
3536577174842,4255
3536577274764,4307
3536577374686,4279
3536577474608,4320
3536577574530,4254
3536577674452,4310
3536577774374,4322
3536577874296,4256
3536577974218,4314
3536578074140,4260
3536578174062,4264
3536578273984,4263
3536578373908,4262
3536578473830,4315
3536578573752,4286
3536578673674,4283
3536578773596,4283
3536578873518,4311
3536578973440,4310
3536579073362,4334
3536579173284,4365
3536579273206,4351
3536579373128,4286
3536579473050,4285
3536579572972,4285
3536579672894,4279
3536579772816,4345
3536579872738,4383
3536579972660,4399
3536580072582,4281
3536580172504,4307
3536580272426,4304
3536580372348,4273
3536580472270,4288
3536580572192,4285
3536580672115,4280
3536580772037,4339
3536580871959,4269
3536580971881,4265
3536581071803,4294
3536581171725,4284
3536581271647,4390
3536581371569,4272
3536581471491,4303
3536581571413,4262
3536581671336,4287
3536581771258,4272
3536581871180,4287
3536581971103,4374
3536582071025,4260
3536582170947,4264
3536582270869,4359
3536582370791,4323
3536582470714,4367
3536582570636,4260
3536582670559,4273
3536582770481,4262
3536582870403,4287
3536582970325,4288
3536583070247,4279
3536583170169,4261
3536583270091,4264
3536583370013,4294
3536583469935,4263
3536583569857,4260
3536583669780,4266
3536583769702,4269
3536583869624,4256
3536583969546,4282
3536584069468,4307
3536584169390,4281
3536584269312,4257
3536584369234,4301
3536584469157,4260
3536584569079,4257
3536584669006,4258
3536584768928,4263
3536584868851,4474
3536584968775,4347
3536585068699,4368
3536585168622,4495
3536585268546,4270
3536585368468,4273
3536585468390,4270
3536585568313,4273
3536585668235,4271
3536585768157,4274
3536585868079,4269
3536585968003,4271
3536586067925,4270
3536586167847,4273
3536586267769,4274
3536586367691,4269
3536586467613,4271
3536586567535,4275
3536586667457,4284
3536586767379,4276
3536586867301,4271
3536586967223,4270
3536587067145,4273
3536587167067,4270
3536587266989,4275
3536587366911,4276
3536587466833,4273
3536587566755,4272
3536587666677,4269
3536587766599,4272
3536587866521,4270
3536587966443,4270
3536588066365,4271
3536588166287,4274
3536588266209,4271
3536588366131,4271
3536588466053,4271
3536588565975,4274
3536588665897,4285
3536588765819,4280
3536588865741,4273
3536588965663,4270
3536589065585,4268
3536589165507,4270
3536589265429,4270
3536589365351,4271
3536589465273,4272
3536589565195,4270
3536589665118,4270
3536589765040,4275
3536589864963,4274
3536589964885,4274
3536590064807,4274
3536590164729,4269
3536590264651,4270
3536590364573,4272
3536590464495,4270
3536590564417,4270
3536590664339,4320
3536590764262,4275
3536590864184,4270
3536590964106,4269
3536591064028,4273
3536591163950,4276
3536591263872,4276
3536591363794,4281
3536591463717,4277
3536591563639,4272
3536591663561,4273
3536591763483,4275
3536591863405,4273
3536591963327,4273
3536592063249,4274
3536592163172,4275
3536592263094,4275
3536592363016,4312
3536592462938,4276
3536592562860,4276
3536592662782,4316
3536592762705,4277
3536592862628,4275
3536592962550,4275
3536593062472,4270
3536593162394,4275
3536593262316,4274
3536593362238,4275
3536593462160,4275
3536593562082,4274
3536593662005,4275
3536593761927,4277
3536593861849,4278
3536593961771,4275
3536594061693,4272
3536594161615,4275
3536594261537,4274
3536594361459,4277
3536594461381,4275
3536594561303,4278
3536594661225,4331
3536594761147,4279
3536594861069,4274
3536594960991,4279
3536595060914,4278
3536595160838,4352
3536595260763,4360
3536595360686,4540
3536595460612,4550
3536595560536,4442
3536595660459,4451
3536595760381,4541
3536595860303,4454
3536595960225,4648
3536596060147,4435
3536596160069,4468
3536596259991,4454
3536596359932,4461
3536596459855,4472
3536596559777,4262
3536596659699,4413
3536596759622,4281
3536596859544,4324
3536596959466,4258
3536597059388,4279
3536597159310,4264
3536597259232,4281
3536597359154,4280
3536597459076,4263
3536597558998,4338
3536597658920,4280
3536597758842,4259
3536597858764,4261
3536597958686,4376
3536598058608,4276
3536598158530,4260
3536598258452,4265
3536598358374,4311
3536598458296,4264
3536598558218,4321
3536598658140,4320
3536598758062,4266
3536598857984,4291
3536598957906,4260
3536599057828,4265
3536599157750,4259
3536599257672,4253
3536599357594,4386
3536599457516,4256
3536599557438,4282
3536599657360,4268
3536599757282,4306
3536599857204,4254
3536599957126,4267
3536600057048,4281
3536600156970,4258
3536600256892,4275
3536600356814,4267
3536600456736,4273
3536600556658,4260
3536600656580,4312
3536600756502,4263
3536600856424,4317
3536600956346,4271
3536601056268,4304
3536601156190,4260
3536601256112,4282
3536601356034,4335
3536601455956,4275
3536601555878,4280
3536601655800,4369
3536601755722,4257
3536601855644,4281
3536601955566,4271
3536602055488,4294
3536602155410,4265
3536602255332,4343
3536602355254,4348
3536602455176,4260
3536602555098,4269
3536602655020,4314
3536602754942,4367
3536602854864,4260
3536602954786,4281
3536603054708,4298
3536603154630,4278
3536603254552,4287
3536603354474,4277
3536603454396,4255
3536603554318,4256
3536603654240,4436
3536603754162,4285
3536603854084,4261
3536603954018,4277
3536604053940,4285
3536604153862,4338
3536604253784,4292
3536604353706,4322
3536604453628,4304
3536604553550,4258
3536604653472,4338
3536604753394,4270
3536604853316,4272
3536604953238,4320
3536605053160,4306
3536605153082,4273
3536605253005,4294
3536605352929,4349
3536605452854,4365
3536605552776,4457
3536605652700,4272
3536605752622,4279
3536605852544,4275
3536605952466,4285
3536606052388,4279
3536606152310,4275
3536606252233,4274
3536606352155,4274
3536606452077,4289
3536606551999,4290
3536606651921,4329
3536606751843,4283
3536606851765,4279
3536606951687,4285
3536607051609,4276
3536607151531,4272
3536607251453,4274
3536607351375,4276
3536607451297,4286
3536607551219,4274
3536607651141,4278
3536607751064,4274
3536607850986,4277
3536607950908,4291
3536608050830,4277
3536608150752,4276
3536608250674,4272
3536608350596,4274
3536608450518,4288
3536608550440,4275
3536608650362,4311
3536608750284,4278
3536608850206,4279
3536608950128,4290
3536609050050,4403
3536609149972,4278
3536609249894,4277
3536609349816,4276
3536609449738,4289
3536609549660,4279
3536609649582,4269
3536609749509,4271
3536609849431,4272
3536609949353,4270
3536610049275,4276
3536610149197,4271
3536610249119,4273
3536610349041,4269
3536610448963,4273
3536610548885,4278
3536610648807,4285
3536610748730,4280
3536610848652,4268
3536610948574,4270
3536611048496,4280
3536611148418,4271
3536611248340,4271
3536611348262,4270
3536611448184,4271
3536611548106,4269
3536611648028,4270
3536611747950,4274
3536611847872,4276
3536611947794,4274
3536612047716,4272
3536612147638,4275
3536612247560,4268
3536612347482,4271
3536612447404,4271
3536612547326,4271
3536612647248,4272
3536612747170,4275
3536612847092,4269
3536612947014,4271
3536613046936,4273
3536613146858,4273
3536613246780,4274
3536613346702,4269
3536613446624,4273
3536613546546,4271
3536613646468,4282
3536613746390,4311
3536613846312,4271
3536613946234,4271
3536614046156,4271
3536614146078,4271
3536614246003,4271
3536614345925,4273
3536614445847,4274
3536614545769,4274
3536614645691,4272
3536614745613,4273
3536614845535,4275
3536614945457,4271
3536615045379,4272
3536615145301,4271
3536615245223,4270
3536615345145,4273
3536615445068,4270
3536615544993,4346
3536615644917,4382
3536615744840,4468
3536615844763,4268
3536615944685,4313
3536616044607,4255
3536616144529,4312
3536616244451,4428
3536616344373,4564
3536616444295,4426
3536616544217,4501
3536616644139,4427
3536616744061,4269
3536616843983,4259
3536616943905,4303
3536617043827,4259
3536617143749,4271
3536617243671,4276
3536617343593,4269
3536617443515,4288
3536617543437,4281
3536617643359,4496
3536617743281,4282
3536617843203,4302
3536617943141,4346
3536618043063,4275
3536618142985,4434
3536618242907,4271
3536618342829,4259
3536618442751,4286
3536618542673,4369
3536618642596,4262
3536618742518,4270
3536618842440,4284
3536618942362,4271
3536619042284,4311
3536619142206,4398
3536619242128,4297
3536619342050,4271
3536619441972,4263
3536619541894,4264
3536619641816,4284
3536619741738,4289
3536619841660,4272
3536619941582,4335
3536620041504,4257
3536620141426,4321
3536620241348,4273
3536620341270,4259
3536620441192,4280
3536620541114,4287
3536620641036,4359
3536620740959,4263
3536620840881,4320
3536620940803,4262
3536621040727,4293
3536621140649,4263
3536621240571,4260
3536621340493,4257
3536621440415,4383
3536621540337,4262
3536621640259,4271
3536621740181,4263
3536621840103,4361
3536621940025,4333
3536622039947,4267
3536622139869,4323
3536622239791,4284
3536622339713,4279
3536622439635,4271
3536622539557,4306
3536622639479,4280
3536622739401,4280
3536622839323,4254
3536622939245,4264
3536623039167,4271
3536623139089,4286
3536623239011,4312
3536623338933,4279
3536623438855,4286
3536623538777,4316
3536623638699,4297
3536623738621,4535
3536623838543,4299
3536623938466,4421
3536624038388,4268
3536624138310,4252
3536624238232,4312
3536624338154,4253
3536624438076,4281
3536624537998,4306
3536624637920,4409
3536624737842,4263
3536624837764,4267
3536624937686,4267
3536625037608,4292
3536625137530,4280
3536625237452,4294
3536625337374,4278
3536625437296,4256
3536625537218,4257
3536625637141,4353
3536625737065,4420
3536625836989,4343
3536625936912,4514
3536626036836,4273
3536626136758,4444
3536626236682,4447
3536626336604,4271
3536626436526,4276
3536626536448,4274
3536626636370,4271
3536626736292,4275
3536626836214,4270
3536626936136,4270
3536627036058,4270
3536627135980,4274
3536627235902,4274
3536627335824,4275
3536627435747,4280
3536627535669,4271
3536627635591,4270
3536627735513,4269
3536627835435,4272
3536627935357,4272
3536628035279,4269
3536628135201,4308
3536628235123,4271
3536628335045,4269
3536628434967,4275
3536628534889,4274
3536628634811,4274
3536628734733,4278
3536628834655,4269
3536628934577,4271
3536629034499,4269
3536629134421,4271
3536629234343,4272
3536629334265,4271
3536629434187,4273
3536629534109,4271
3536629634031,4273
3536629733953,4281
3536629833877,4274
3536629933799,4278
3536630033721,4272
3536630133643,4273
3536630233565,4274
3536630333487,4275
3536630433409,4274
3536630533331,4274
3536630633253,4274
3536630733176,4651
3536630833099,4276
3536630933021,4274
3536631032943,4279
3536631132865,4278
3536631232787,4279
3536631332709,4277
3536631432631,4275
3536631532554,4276
3536631632476,4273
3536631732398,4273
3536631832320,4272
3536631932242,4273
3536632032165,4317
3536632132087,4274
3536632232009,4274
3536632331931,4276
3536632431853,4278
3536632531775,4348
3536632631697,4274
3536632731620,4275
3536632831542,4275
3536632931464,4276
3536633031386,4310
3536633131308,4273
3536633231230,4273
3536633331152,4275
3536633431074,4275
3536633530996,4276
3536633630918,4277
3536633730840,4278
3536633830762,4279
3536633930684,4273
3536634030606,4272
3536634130528,4272
3536634230450,4276
3536634330372,4273
3536634430294,4275
3536634530216,4278
3536634630138,4274
3536634730060,4285
3536634829982,4277
3536634929904,4277
3536635029826,4279
3536635129748,4276
3536635229670,4270
3536635329592,4271
3536635429514,4270
3536635529436,4269
3536635629358,4273
3536635729281,4273
3536635829204,4272
3536635929128,4348
3536636029052,4393
3536636128975,4563
3536636228899,4457
3536636328821,4470
3536636428744,4502
3536636528666,4577
3536636628588,4451
3536636728511,4305
3536636828433,4260
3536636928355,4282
3536637028277,4349
3536637128199,4289
3536637228121,4275
3536637328043,4360
3536637427965,4388
3536637527887,4285
3536637627811,4279
3536637727733,4256
3536637827655,4255
3536637927577,4255
3536638027499,4279
3536638127421,4256
3536638227343,4324
3536638327265,4281
3536638427187,4337
3536638527109,4284
3536638627031,4281
3536638726953,4271
3536638826875,4279
3536638926797,4273
3536639026719,4390
3536639126641,4254
3536639226563,4262
3536639326485,4280
3536639426425,4348
3536639526347,4303
3536639626269,4254
3536639726191,4272
3536639826113,4257
3536639926035,4255
3536640025957,4364
3536640125879,4259
3536640225801,4269
3536640325723,4257
3536640425645,4342
3536640525567,4253
3536640625489,4257
3536640725412,4268
3536640825334,4273
3536640925256,4296
3536641025178,4359
3536641125100,4318
3536641225022,4276
3536641324944,4310
3536641424866,4356
3536641524790,4282
3536641624712,4271
3536641724634,4460
3536641824556,4267
3536641924478,4290
3536642024400,4260
3536642124322,4255
3536642224244,4260
3536642324166,4275
3536642424088,4371
3536642524010,4256
3536642623932,4265
3536642723854,4375
3536642823776,4288
3536642923698,4257
3536643023620,4255
3536643123542,4317
3536643223464,4344
3536643323386,4282
3536643423308,4284
3536643523230,4286
3536643623152,4288
3536643723075,4324
3536643822997,4281
3536643922919,4273
3536644022841,4325
3536644122763,4264
3536644222685,4309
3536644322607,4307
3536644422529,4282
3536644522451,4307
3536644622373,4305
3536644722296,4362
3536644822218,4271
3536644922140,4308
3536645022062,4434
3536645121984,4330
3536645221906,4285
3536645321828,4275
3536645421750,4277
3536645521672,4279
3536645621594,4272
3536645721516,4290
3536645821438,4260
3536645921360,4283
3536646021283,4280
3536646121206,4442
3536646221130,4347
3536646321052,4468
3536646420976,4298
3536646520898,4279
3536646620821,4277
3536646720743,4283
3536646820665,4276
3536646920587,4275
3536647020509,4275
3536647120431,4273
3536647220353,4274
3536647320275,4276
3536647420197,4289
3536647520119,4274
3536647620041,4275
3536647719963,4276
3536647819885,4277
3536647919807,4380
3536648019729,4280
3536648119651,4269
3536648219573,4272
3536648319495,4270
3536648419417,4285
3536648519339,4271
3536648619261,4273
3536648719183,4275
3536648819105,4274
3536648919027,4289
3536649018949,4274
3536649118871,4274
3536649218793,4274
3536649318715,4270
3536649418637,4369
3536649518559,4269
3536649618481,4271
3536649718403,4271
3536649818325,4270
3536649918247,4271
3536650018169,4270
3536650118091,4269
3536650218013,4272
3536650317935,4275
3536650417857,4288
3536650517779,4277
3536650617701,4271
3536650717624,4279
3536650817546,4278
3536650917468,4270
3536651017390,4269
3536651117312,4275
3536651217234,4269
3536651317156,4275
3536651417078,4271
3536651517004,4269
3536651616926,4273
3536651716848,4273
3536651816770,4276
3536651916692,4273
3536652016614,4271
3536652116536,4273
3536652216458,4269
3536652316380,4272
3536652416302,4271
3536652516224,4271
3536652616146,4269
3536652716068,4272
3536652815990,4275
3536652915912,4274
3536653015834,4273
3536653115756,4432
3536653215678,4271
3536653315600,4270
3536653415522,4271
3536653515444,4271
3536653615366,4271
3536653715288,4276
3536653815210,4270
3536653915132,4271
3536654015054,4270
3536654114976,4274
3536654214898,4273
3536654314820,4272
3536654414742,4272
3536654514664,4307
3536654614586,4270
3536654714509,4275
3536654814431,4271
3536654914353,4270
3536655014275,4271
3536655114197,4272
3536655214119,4269
3536655314041,4277
3536655413963,4277
3536655513885,4276
3536655613809,4277
3536655713731,4277
3536655813653,4273
3536655913575,4278
3536656013497,4272
3536656113419,4608
3536656213342,4272
3536656313266,4356
3536656413190,4390
3536656513113,4471
3536656613037,4491
3536656712960,4358
3536656812882,4276
3536656912804,4360
3536657012726,4285
3536657112648,4441
3536657212570,4292
3536657312493,4371
3536657412415,4261
3536657512337,4306
3536657612259,4288
3536657712181,4318
3536657812103,4284
3536657912025,4303
3536658011947,4307
3536658111869,4343
3536658211791,4372
3536658311713,4379
3536658411635,4325
3536658511557,4313
3536658611479,4403
3536658711401,4263
3536658811323,4284
3536658911245,4279
3536659011167,4288
3536659111089,4286
3536659211011,4310
3536659310933,4266
3536659410855,4361
3536659510777,4264
3536659610699,4259
3536659710621,4330
3536659810543,4279
3536659910465,4388
3536660010387,4299
3536660110309,4277
3536660210231,4285
3536660310153,4259
3536660410075,4271
3536660509997,4299
3536660609919,4310
3536660709842,4281
3536660809764,4312
3536660909686,4282
3536661009621,4309
3536661109543,4368
3536661209465,4351
3536661309387,4284
3536661409309,4255
3536661509231,4281
3536661609153,4359
3536661709075,4315
3536661808997,4281
3536661908919,4400
3536662008841,4257
3536662108763,4274
3536662208685,4254
3536662308607,4280
3536662408529,4312
3536662508451,4272
3536662608373,4255
3536662708296,4259
3536662808218,4263
3536662908140,4309
3536663008062,4307
3536663107984,4278
3536663207906,4410
3536663307828,4344
3536663407750,4266
3536663507672,4284
3536663607594,4253
3536663707516,4259
3536663807438,4337
3536663907360,4446
3536664007282,4272
3536664107204,4269
3536664207126,4257
3536664307048,4298
3536664406970,4260
3536664506892,4337
3536664606814,4260
3536664706736,4262
3536664806658,4257
3536664906580,4251
3536665006502,4354
3536665106424,4262
3536665206346,4256
3536665306268,4323
3536665406190,4278
3536665506112,4283
3536665606034,4309
3536665705956,4305
3536665805878,4386
3536665905800,4280
3536666005722,4273
3536666105644,4364
3536666205566,4267
3536666305489,4254
3536666405412,4296
3536666505336,4343
3536666605260,4343
3536666705183,4450
3536666805105,4272
3536666905027,4272
3536667004949,4273
3536667104873,4273
3536667204795,4273
3536667304717,4272
3536667404639,4270
3536667504561,4272
3536667604483,4272
3536667704405,4272
3536667804327,4271
3536667904249,4269
3536668004171,4270
3536668104095,4275
3536668204019,4272
3536668303941,4276
3536668403863,4277
3536668503785,4280
3536668603707,4446
3536668703629,4297
3536668803551,4274
3536668903473,4273
3536669003395,4273
3536669103318,4276
3536669203240,4286
3536669303162,4273
3536669403084,4275
3536669503006,4274
3536669602928,4277
3536669702850,4299
3536669802772,4277
3536669902694,4274
3536670002616,4273
3536670102538,4274
3536670202460,4286
3536670302382,4273
3536670402304,4275
3536670502226,4275
3536670602148,4273
3536670702071,4299
3536670801993,4277
3536670901915,4279
3536671001837,4279
3536671101759,4279
3536671201681,4288
3536671301603,4277
3536671401525,4274
3536671501447,4275
3536671601369,4273
3536671701291,4290
3536671801213,4274
3536671901135,4275
3536672001057,4274
3536672100979,4277
3536672200901,4290
3536672300823,4276
3536672400745,4277
3536672500667,4277
3536672600589,4274
3536672700511,4438
3536672800433,4272
3536672900355,4279
3536673000277,4274
3536673100199,4273
3536673200121,4290
3536673300043,4275
3536673399965,4276
3536673499887,4278
3536673599809,4277
3536673699731,4294
3536673799653,4270
3536673899575,4269
3536673999497,4271
3536674099419,4270
3536674199341,4273
3536674299263,4270
3536674399185,4271
3536674499107,4275
3536674599029,4268
3536674698951,4315
3536674798873,4271
3536674898795,4271
3536674998717,4270
3536675098639,4271
3536675198561,4271
3536675298483,4270
3536675398405,4270
3536675498327,4270
3536675598249,4269
3536675698171,4271
3536675798093,4272
3536675898015,4269
3536675997937,4274
3536676097859,4278
3536676197781,4310
3536676297703,4273
3536676397625,4272
3536676497548,4276
