3449617742305,177
3449617842271,79
3449617942223,78
3449618042175,74
3449618142129,77
3449618242081,70
3449618342033,88
3449618441985,88
3449618541937,78
3449618641889,75
3449618741843,75
3449618841795,74
3449618941747,75
3449619041699,73
3449619141651,73
3449619241603,76
3449619341555,74
3449619441507,76
3449619541459,77
3449619641411,74
3449619741363,74
3449619841315,75
3449619941267,76
3449620041219,74
3449620141173,75
3449620241125,73
3449620341077,75
3449620441029,74
3449620540981,78
3449620640933,76
3449620740887,67
3449620840839,66
3449620940791,73
3449621040743,73
3449621140695,74
3449621240647,72
3449621340599,66
3449621440551,77
3449621540503,76
3449621640455,78
3449621740407,78
3449621840361,66
3449621940313,88
3449622040265,77
3449622140217,76
3449622240169,77
3449622340121,77
3449622440073,78
3449622540025,88
3449622639977,76
3449622739929,78
3449622839881,71
3449622939835,80
3449623039787,67
3449623139739,66
3449623239691,67
3449623339643,67
3449623439595,69
3449623539547,68
3449623639499,68
3449623739451,66
3449623839403,66
3449623939357,66
3449624039309,80
3449624139261,69
3449624239213,67
3449624339165,69
3449624439117,66
3449624539069,69
3449624639021,66
3449624738975,69
3449624838927,66
3449624938879,66
3449625038831,66
3449625138783,67
3449625238735,66
3449625338687,66
3449625438639,69
3449625538591,69
3449625638543,68
3449625738495,66
3449625838448,67
3449625938400,66
3449626038361,66
3449626138313,80
3449626238265,69
3449626338217,68
3449626438169,69
3449626538121,69
3449626638073,69
3449626738025,82
3449626837977,70
3449626937929,69
3449627037881,71
3449627137833,69
3449627237785,66
3449627337737,66
3449627437689,66
3449627537641,67
3449627637593,67
3449627737545,66
3449627837497,66
3449627937450,67
3449628037404,87
3449628137356,81
3449628237308,66
3449628337260,75
3449628437212,75
3449628537164,74
3449628637116,75
3449628737068,75
3449628837020,74
3449628936972,77
3449629036924,74
3449629136876,74
3449629236828,71
3449629336780,73
3449629436732,76
3449629536684,74
3449629636636,74
3449629736588,73
3449629836540,76
3449629936492,73
3449630036444,74
3449630136396,75
3449630236348,79
3449630336300,80
3449630436252,77
3449630536204,77
3449630636157,70
3449630736109,78
3449630836067,75
3449630936019,88
3449631035971,73
3449631135923,75
3449631235875,75
3449631335827,74
3449631435779,75
3449631535731,77
3449631635683,73
3449631735635,74
3449631835587,75
3449631935539,74
3449632035491,73
3449632135443,74
3449632235395,66
3449632335347,74
3449632435299,70
3449632535251,74
3449632635203,74
3449632735155,76
3449632835107,76
3449632935059,76
3449633035011,88
3449633134963,77
3449633234917,82
3449633334869,72
3449633434821,69
3449633534773,69
3449633634725,69
3449633734677,67
3449633834630,67
3449633934582,66
3449634034534,66
3449634134486,66
3449634234439,67
3449634334391,66
3449634434343,79
3449634534295,80
3449634634247,69
3449634734199,70
3449634834151,68
3449634934103,69
3449635034064,69
3449635134016,79
3449635233968,72
3449635333920,66
3449635433872,69
3449635533824,68
3449635633776,69
3449635733728,69
3449635833680,66
3449635933632,66
3449636033584,66
3449636133536,66
3449636233490,67
3449636333442,66
3449636433394,66
3449636533346,66
3449636633298,68
3449636733250,67
3449636833202,66
3449636933154,66
3449637033106,66
3449637133068,69
3449637233020,66
3449637332972,69
3449637432924,69
3449637532876,69
3449637632828,68
3449637732780,66
3449637832732,67
3449637932684,66
3449638032636,67
3449638132588,67
3449638232543,89
3449638332495,77
3449638432447,74
3449638532408,75
3449638632360,74
3449638732314,88
3449638832266,81
3449638932218,77
3449639032170,80
3449639132123,70
3449639232075,78
3449639332027,90
3449639431979,88
3449639531931,77
3449639631883,73
3449639731835,75
3449639831787,75
3449639931739,74
3449640031691,75
3449640131643,77
3449640231595,73
3449640331547,74
3449640431499,66
3449640531451,73
3449640631403,73
3449640731355,75
3449640831307,73
3449640931259,89
3449641031211,79
3449641131163,77
3449641231115,75
3449641331067,78
3449641431019,79
3449641530971,80
3449641630923,80
3449641730875,74
3449641830846,76
3449641930798,74
3449642030750,72
3449642130702,75
3449642230654,73
3449642330606,73
3449642430558,74
3449642530510,73
3449642630462,73
3449642730414,77
3449642830366,74
3449642930318,86
3449643030270,87
3449643130222,77
3449643230176,78
3449643330130,84
3449643430082,72
3449643530034,69
3449643629986,72
3449643729938,70
3449643829890,66
3449643929842,67
3449644029794,67
3449644129746,66
3449644229698,66
3449644329650,66
3449644429602,66
3449644529554,66
3449644629506,66
3449644729458,67
3449644829410,67
3449644929362,66
3449645029314,66
3449645129266,67
3449645229218,66
3449645329170,66
3449645429122,69
3449645529074,69
3449645629026,68
3449645728978,69
3449645828930,67
3449645928882,67
3449646028834,66
3449646128786,67
3449646228738,66
3449646328690,66
3449646428642,66
3449646528594,66
3449646628546,66
3449646728500,66
3449646828452,67
3449646928404,66
3449647028356,67
3449647128308,80
3449647228261,96
3449647328213,69
3449647428165,69
3449647528117,69
3449647628069,68
3449647728021,69
3449647827973,69
3449647927925,66
3449648027877,66
3449648127829,66
3449648227781,67
3449648327735,67
3449648427689,87
3449648527641,88
3449648627593,74
3449648727545,73
3449648827498,75
3449648927450,74
3449649027402,75
3449649127354,75
3449649227306,82
3449649327258,73
3449649427210,77
3449649527162,79
3449649627114,77
3449649727066,73
3449649827019,83
3449649926971,77
3449650026923,70
3449650126876,74
3449650226828,73
3449650326780,75
3449650426732,73
3449650526684,74
3449650626636,75
3449650726588,76
3449650826540,73
3449650926492,77
3449651026444,78
3449651126396,77
3449651226361,75
3449651326313,88
3449651426265,78
3449651526217,77
3449651626169,74
3449651726121,69
3449651826073,79
3449651926025,82
3449652025977,91
3449652125929,78
3449652225881,74
3449652325833,75
3449652425785,76
3449652525737,73
3449652625689,72
3449652725641,76
3449652825593,73
3449652925545,74
3449653025497,74
3449653125449,74
3449653225401,70
3449653325353,74
3449653425306,78
3449653525258,84
3449653625210,72
3449653725162,66
3449653825116,66
3449653925068,66
3449654025020,67
3449654124972,70
3449654224924,66
3449654324876,66
3449654424828,66
3449654524780,66
3449654624732,66
3449654724684,67
3449654824636,66
3449654924588,66
3449655024540,66
3449655124492,67
3449655224444,66
3449655324396,66
3449655424348,68
3449655524300,68
3449655624252,69
3449655724204,69
3449655824156,69
3449655924108,69
3449656024067,69
3449656124019,80
3449656223971,72
3449656323923,67
3449656423875,66
3449656523827,66
3449656623779,66
3449656723733,66
3449656823685,66
3449656923637,66
3449657023589,66
3449657123541,66
3449657223493,66
3449657323445,66
3449657423397,68
3449657523349,68
3449657623301,69
3449657723253,69
3449657823205,67
3449657923157,69
3449658023109,69
3449658123072,69
3449658223024,67
3449658322976,69
3449658422928,67
3449658522882,67
3449658622834,67
3449658722788,81
3449658822740,77
3449658922692,73
3449659022644,74
3449659122596,74
3449659222548,75
3449659322500,74
3449659422452,78
3449659522404,77
3449659622356,74
3449659722308,88
3449659822260,78
3449659922212,75
3449660022164,77
3449660122116,76
3449660222068,77
3449660322020,88
3449660421972,76
3449660521924,74
3449660621878,75
3449660721830,74
3449660821782,74
3449660921734,74
3449661021686,74
3449661121638,73
3449661221590,71
3449661321542,75
3449661421494,78
3449661521446,77
3449661621398,77
3449661721350,75
3449661821302,76
3449661921254,76
3449662021206,76
3449662121158,74
3449662221110,75
3449662321062,75
3449662421014,75
3449662520966,76
3449662620918,73
3449662720870,75
3449662820822,71
3449662920774,74
3449663020726,77
3449663120678,76
3449663220630,78
3449663320582,74
3449663420534,75
3449663520486,74
3449663620440,76
3449663720394,83
3449663820359,70
3449663920311,80
3449664020263,69
3449664120216,69
3449664220168,69
3449664320120,68
3449664420072,70
3449664520024,80
3449664619976,69
3449664719928,67
3449664819880,66
3449664919832,66
3449665019784,66
3449665119736,66
3449665219688,66
3449665319640,66
3449665419592,69
3449665519544,68
3449665619496,68
3449665719448,67
3449665819400,69
3449665919369,67
3449666019321,80
3449666119273,66
3449666219226,70
3449666319178,66
3449666419130,69
3449666519082,66
3449666619034,81
3449666718986,70
3449666818938,69
3449666918890,66
3449667018842,67
3449667118794,67
3449667218746,67
3449667318698,66
3449667418650,66
3449667518602,68
3449667618554,69
3449667718506,67
3449667818458,66
3449667918410,67
3449668018362,66
3449668118314,79
3449668218266,69
3449668318218,68
3449668418170,68
3449668518122,69
3449668618074,69
