715891915601,14030
715892015517,9479
715892115421,7614
715892215323,7619
715892315225,7608
715892415127,7618
715892515030,7611
715892614932,7600
715892714835,7613
715892814739,7653
715892914641,7617
715893014543,7616
715893114445,7609
715893214347,7620
715893314249,7619
715893414152,7612
715893514054,7609
715893613956,7661
715893713858,7612
715893813760,7619
715893913662,7620
715894013564,7618
715894113466,7620
715894213368,7616
715894313270,7607
715894413172,7675
715894513074,7617
715894612976,7609
715894712879,7623
715894812781,7616
715894912683,7612
715895012585,7612
715895112487,7608
715895212389,7662
715895312291,7620
715895412193,7618
715895512095,7614
715895611997,7613
715895711900,7609
715895811802,7621
715895911704,7618
715896011606,7664
715896111508,7613
715896211410,7617
715896311312,7653
715896411214,7618
715896511116,7618
715896611018,7615
715896710921,7610
715896810823,7670
715896910725,7609
715897010627,7619
715897110529,7621
715897210431,7612
715897310333,7617
715897410235,7621
715897510137,7607
715897610039,7669
715897709941,7620
715897809843,7612
715897909745,7619
715898009647,7626
715898109549,7615
715898209451,7607
715898309353,7608
715898409255,7726
715898509157,7653
715898609059,7608
715898708962,7605
715898808864,7611
715898908766,7615
715899008668,7684
715899108570,7617
715899208472,7663
715899308374,7613
715899408276,7610
715899508178,7685
715899608080,7607
715899707982,7611
715899807886,7611
715899907788,7618
715900007690,7735
715900107592,7603
715900207494,7614
715900307396,7614
715900407298,7613
715900507200,7726
715900607102,7609
715900707004,7602
715900806906,7650
715900906808,7611
715901006710,7655
715901106612,7601
715901206514,7602
715901306416,7610
715901406318,7606
715901506220,7643
715901606122,7655
715901706024,7607
715901805926,7615
715901905828,7615
715902005731,7833
715902105633,7625
715902205535,7630
715902305437,7635
715902405339,7630
715902505241,7622
715902605145,7620
715902705048,7614
715902804950,7629
715902904852,7622
715903004754,7628
715903104656,7611
715903204558,7644
715903304460,7623
715903404362,7614
715903504264,7637
715903604166,7610
715903704068,7618
715903803970,7632
715903903872,7629
715904003774,7633
715904103676,7621
715904203578,7653
715904303480,7642
715904403382,7638
715904503284,7619
715904603186,7690
715904703088,7645
715904802990,7654
715904902892,7626
715905002794,7637
715905102696,7645
715905202598,7655
715905302500,7621
715905402402,7632
715905502304,7648
715905602206,7650
715905702108,7653
715905802010,7618
715905901912,7643
715906001814,7625
715906101716,7973
715906201618,7648
715906301520,7640
715906401422,7640
715906501324,7627
715906601226,7617
715906701128,7689
715906801030,7624
715906900932,7640
715907000834,7637
715907100736,7619
715907200638,7656
715907300540,7625
715907400442,7631
715907500344,7631
715907600246,7630
715907700148,7658
715907800050,7666
715907899952,7631
715907999854,7644
715908099756,7639
715908199659,7627
715908299561,7618
715908399463,7635
715908499365,7623
715908599267,7629
715908699169,7688
715908799071,7671
715908898973,7624
715908998875,7635
715909098777,7630
715909198679,7635
715909298581,7620
715909398483,7622
715909498385,7654
715909598287,7639
715909698189,7648
715909798091,7623
715909897993,7628
715909997895,7638
715910097797,7661
715910197699,7680
715910297601,7636
715910397503,7648
715910497405,7629
715910597307,7619
715910697209,7724
715910797111,7631
715910897013,7622
715910996915,7631
715911096817,7642
715911196719,7688
715911296621,7619
715911396523,7637
715911496425,7637
715911596327,7629
715911696229,7631
715911796131,7619
715911896033,7636
715911995935,7636
715912095839,7704
715912195741,7654
715912295643,7658
715912395545,7621
715912495447,7616
715912595349,7622
715912695252,7715
715912795156,7628
715912895058,7619
715912994960,7618
715913094862,7633
715913194764,7666
715913294666,7620
715913394568,7628
715913494470,7624
715913594372,7672
715913694274,7629
715913794176,7621
715913894078,7615
715913993980,7627
715914093882,7617
715914193785,7658
715914293687,7629
715914393589,7681
715914493491,7623
715914593393,7620
715914693313,7708
715914793215,7618
715914893117,7618
715914993019,7619
715915092921,7628
715915192823,7707
715915292725,7629
715915392627,7631
715915492529,7627
715915592431,7624
715915692333,7637
715915792235,7640
715915892137,7633
715915992039,7668
715916091941,7627
715916191843,7628
715916291745,7631
715916391647,7629
715916491549,7622
715916591451,7629
715916691353,7742
715916791255,7669
715916891157,7617
715916991059,7627
715917090961,7634
715917190863,7624
715917290765,7634
715917390667,7627
715917490569,7629
715917590471,7667
715917690373,7623
715917790275,7622
715917890177,7630
715917990079,7627
715918089981,7617
715918189883,7630
715918289785,7640
715918389687,7688
715918489589,7634
715918589491,7615
715918689394,7704
715918789296,7624
715918889198,7617
715918989100,7634
715919089004,7624
715919188906,7676
715919288808,7621
715919388710,7620
715919488613,7627
715919588515,7633
715919688417,7622
715919788319,7640
715919888221,7638
715919988123,7679
715920088025,7618
715920187927,7624
715920287830,7617
715920387732,7626
715920487634,7626
715920587536,7630
715920687439,7715
715920787341,7677
715920887243,7625
715920987145,7637
715921087048,7625
715921186950,7634
715921286852,7632
715921386754,7624
715921486657,7624
715921586559,7682
715921686461,7620
715921786363,7635
715921886265,7625
715921986169,7712
715922086073,7621
715922185976,7623
715922285879,7629
715922385781,7642
715922485683,7625
715922585585,7632
715922685487,7724
715922785389,7619
715922885291,7613
715922985193,7622
715923085095,7617
715923184997,7633
715923284899,7639
715923384801,7631
715923484703,7633
715923584605,7622
715923684507,7616
715923784409,7624
715923884311,7608
715923984214,7632
715924084116,7633
715924184018,7622
715924283920,7625
715924383822,7625
715924483724,7629
715924583626,7624
715924683529,7667
715924783431,7641
715924883333,7625
715924983235,7622
715925083137,7948
715925183039,7622
715925282941,7618
715925382843,7626
715925482745,7625
715925582647,7649
715925682549,7641
715925782451,7626
715925882353,7633
715925982255,7646
715926082157,7638
715926182059,7621
715926281961,7613
715926381863,7642
715926481765,7637
715926581667,7635
715926681570,7652
715926781472,7635
715926881374,7634
715926981276,7630
715927081178,7614
715927181080,7644
715927280982,7633
715927380884,7628
715927480786,7632
715927580688,7633
715927680590,7629
715927780492,7633
715927880394,7632
715927980296,7644
715928080198,7622
715928180100,7623
715928280004,7635
715928379906,7638
715928479808,7637
715928579710,7630
715928679613,7635
715928779515,7633
715928879417,7643
715928979319,7633
715929079221,7631
715929179123,7621
715929279025,7624
715929378927,7629
715929478829,7629
715929578731,7650
715929678633,7618
715929778535,7633
715929878437,7635
715929978339,7622
715930078241,7625
715930178143,7618
715930278045,7631
715930377947,7647
715930477849,7627
715930577751,7615
715930677654,7632
715930777556,7642
715930877458,7648
715930977360,7621
715931077262,7621
715931177164,7657
715931277066,7631
715931376968,7620
715931476870,7623
715931576772,7637
715931676674,7636
715931776576,7642
715931876478,7631
715931976380,7639
715932076284,7706
715932176186,7624
715932276088,7625
715932375990,7623
715932475892,7628
715932575794,7632
715932675697,7628
715932775599,7676
715932875501,7630
715932975403,7633
715933075305,7619
715933175207,7630
715933275109,7613
715933375011,7619
715933474913,7619
715933574815,7689
715933674717,7628
715933774619,7675
715933874521,7629
715933974423,7621
715934074325,7627
715934174227,7625
715934274129,7620
715934374031,7670
715934473933,7620
715934573835,7630
715934673738,7633
715934773640,7633
715934873542,7627
715934973444,7630
715935073346,7627
715935173248,7685
715935273150,7623
715935373052,7624
715935472954,7628
715935572856,7626
715935672758,7620
715935772660,7672
715935872562,7624
715935972464,7667
715936072366,7626
715936172268,7626
715936272170,7633
715936372072,7626
715936471974,7625
715936571876,7616
715936671779,7622
715936771681,7726
715936871583,7632
715936971485,7629
715937071387,7625
715937171289,7630
715937271191,7623
715937371093,7625
715937471017,7621
715937570919,7672
715937670821,7628
715937770723,7670
715937870625,7620
715937970527,7637
715938070429,7634
715938170331,7629
715938270233,7624
715938370135,7677
715938470037,7627
715938569939,7629
715938669842,7633
715938769744,7663
715938869646,7624
715938969548,7631
715939069450,7642
715939169352,7680
715939269254,7637
715939369156,7708
715939469058,7616
715939568960,7633
715939668862,7622
715939768764,7627
715939868666,7628
715939968568,7683
715940068470,7634
715940168372,7641
715940268274,7628
715940368176,7699
715940468078,7634
715940567980,7625
715940667882,7630
715940767784,7683
715940867686,7631
715940967588,7631
715941067490,7635
715941167392,7638
715941267294,7630
715941367196,7705
715941467098,7625
715941567003,7688
715941666905,7627
715941766807,7627
715941866709,7624
715941966613,7718
715942066517,7632
715942166419,7629
715942266322,7616
715942366224,7696
715942466126,7643
715942566028,7623
715942665930,7640
715942765832,7609
715942865734,7680
715942965636,7634
715943065538,7629
715943165440,7635
715943265342,7627
715943365244,7704
715943465146,7623
715943565048,7624
715943664951,7617
715943764853,7624
715943864755,7631
715943964658,7641
715944064560,7651
715944164462,7630
715944264364,7609
715944364266,7708
715944464168,7627
715944564070,7625
715944663972,7695
715944763875,7641
715944863777,7624
715944963679,7627
715945063581,7624
715945163483,7633
715945263385,7623
715945363287,7705
715945463189,7629
715945563091,7643
715945662993,7636
715945762895,7624
715945862797,7630
715945962699,7634
715946062601,7619
715946162503,7620
715946262405,7633
715946362307,7708
715946462209,7628
715946562111,7631
715946662013,7720
715946761915,7621
715946861817,7628
715946961719,7630
715947061621,7634
715947161523,7647
715947261425,7630
715947361327,7644
715947461229,7632
715947561131,7619
715947661033,7620
715947760935,7629
715947860837,7621
715947960739,7653
715948060641,7628
715948160543,7625
715948260445,7638
715948360347,7616
715948460249,7622
715948560151,7669
715948660053,7693
715948759955,7646
715948859857,7623
715948959759,7674
715949059661,7642
715949159563,7632
715949259465,7622
715949359367,7629
715949459269,7624
715949559171,7683
715949659073,7735
715949758975,7628
715949858877,7630
715949958780,7723
715950058682,7624
715950158584,7643
715950258486,7618
715950358388,7651
715950458290,7631
715950558192,7641
715950658094,7754
715950757996,7638
715950857898,7643
715950957800,7669
715951057702,7631
715951157604,7641
715951257506,7627
715951357408,7625
715951457310,7632
715951557212,7660
715951657114,7620
715951757016,7641
715951856918,7624
715951956822,7796
715952056726,7629
715952156630,7636
715952256532,7618
715952356434,7637
715952456336,7608
715952556238,7628
715952656140,7729
715952756042,7682
715952855944,7618
715952955846,7662
715953055748,7618
715953155650,7628
715953255552,7625
715953355454,7621
715953455356,7715
715953555258,7670
715953655160,7625
715953755062,7616
715953854964,7617
715953954866,7671
715954054768,7624
715954154670,7631
715954254572,7797
715954354474,7663
715954454376,7712
715954554278,7623
715954654180,7688
715954754083,7621
715954853985,7634
715954953887,7672
715955053789,7626
715955153691,7690
715955253593,7629
715955353495,7636
715955453397,7723
715955553299,7623
715955653201,7627
715955753103,7622
715955853005,7666
715955952907,7734
715956052809,7635
715956152711,7674
715956252613,7669
715956352515,7631
715956452417,7731
715956552319,7629
715956652221,7734
715956752123,7679
715956852025,7670
715956951927,7640
715957051829,7626
715957151731,7635
715957251633,7629
715957351535,7634
715957451437,7728
715957551339,7680
715957651241,7620
715957751143,7625
715957851045,7664
715957950947,7637
715958050849,7631
715958150751,7632
715958250653,7618
715958350555,7687
715958450457,7715
715958550359,7627
715958650261,7701
715958750163,7637
715958850065,7624
715958949967,7636
715959049869,7624
715959149771,7675
715959249673,7627
715959349575,7638
715959449477,7731
715959549379,7627
715959649281,7637
715959749183,7613
715959849085,7632
715959948987,7693
715960048889,7618
715960148808,7624
715960248710,7629
715960348612,7633
715960448514,7720
715960548416,7624
715960648318,7675
715960748221,7666
715960848123,7630
715960948025,7636
715961047927,7629
715961147829,7626
715961247731,7639
715961347633,7624
715961447535,7642
715961547437,7688
715961647339,7635
715961747241,7631
715961847143,7629
715961947048,7724
715962046952,7627
715962146854,7634
715962246756,7624
715962346658,7634
715962446560,7674
715962546464,7639
715962646366,7672
715962746268,7623
715962846170,7627
715962946072,7616
715963045974,7622
715963145876,7644
715963245778,7655
715963345680,7613
715963445582,7667
715963545484,7620
715963645386,7625
715963745288,7620
715963845190,7625
715963945092,7632
715964044994,7625
715964144896,7621
715964244798,7728
715964344700,7621
715964444602,7676
715964544504,7639
715964644406,7623
715964744309,7634
715964844211,7623
715964944113,7613
715965044015,7634
715965143917,7649
715965243819,7644
715965343721,7618
715965443623,7662
715965543525,7638
715965643427,7630
715965743329,7611
715965843231,7624
715965943133,7639
715966043035,7630
715966142937,7634
715966242839,7629
715966342741,7647
715966442643,7671
715966542545,7633
715966642447,7645
715966742349,7642
715966842251,7628
715966942153,7613
715967042055,7623
715967141957,7634
715967241859,7630
715967341761,7630
715967441663,7680
715967541565,7639
715967641467,7612
715967741369,7616
715967841271,7627
715967941173,7648
715968041075,7630
715968140977,7709
715968240879,7628
715968340781,7632
715968440683,7631
715968540585,7629
715968640489,7632
715968740392,7639
715968840294,7630
715968940196,7667
715969040098,7615
715969140003,7613
715969239905,7622
715969339807,7636
715969439709,7632
715969539611,7637
715969639513,7616
715969739415,7635
715969839317,7639
715969939219,7667
715970039121,7633
715970139023,7626
715970238925,7622
715970338827,7655
715970438729,7640
715970538631,7642
715970638533,7628
715970738436,7617
715970838338,7627
715970938240,7634
715971038142,7623
715971138044,7640
715971237946,7613
715971337848,7629
715971437750,7630
715971537652,7628
715971637554,7626
715971737456,7632
715971837358,7620
715971937261,7636
715972037165,7703
715972137069,7615
715972236972,7628
715972336874,7627
715972436776,7622
715972536678,7636
715972636580,7616
715972736482,7675
715972836384,7633
715972936286,7630
715973036188,7622
715973136090,7612
715973235992,7626
715973335894,7619
715973435796,7628
715973535698,7683
715973635600,7634
715973735502,7627
715973835404,7634
715973935306,7626
715974035208,7616
715974135110,7616
715974235012,7620
715974334914,7715
715974434816,7630
715974534718,7668
715974634620,7624
715974734522,7625
715974834424,7618
715974934326,7613
715975034228,7626
715975134130,7680
715975234032,7619
715975333934,7620
715975433836,7628
715975533738,7668
715975633640,7625
715975733542,7635
715975833444,7632
715975933346,7669
715976033248,7630
715976133150,7630
715976233052,7635
715976332954,7628
715976432856,7638
715976532758,7660
715976632660,7623
715976732562,7679
715976832464,7616
715976932366,7630
715977032268,7632
715977132170,7634
715977232072,7627
715977331974,7628
715977431876,7627
715977531778,7722
715977631680,7636
715977731582,7635
715977831484,7626
715977931386,7624
715978031288,7621
715978131190,7627
715978231092,7626
715978330994,7672
715978430896,7634
715978530798,7664
715978630700,7629
715978730603,7633
715978830505,7631
715978930407,7626
715979030309,7616
715979130211,7674
715979230113,7630
715979330015,7630
715979429917,7630
715979529819,7700
715979629721,7626
715979729623,7619
715979829525,7628
715979929427,7679
715980029329,7634
715980129231,7667
715980229133,7635
715980329035,7636
715980428937,7626
715980528839,7624
715980628741,7636
715980728643,7682
715980828545,7625
715980928447,7629
715981028349,7621
715981128251,7666
715981228153,7612
715981328055,7625
715981427957,7628
715981527859,7719
715981627761,7648
715981727663,7622
715981827565,7634
715981927469,7716
715982027373,7634
715982127276,7707
715982227178,7926
715982327080,7639
715982426982,7634
715982526884,7631
715982626786,7637
715982726688,7628
715982826590,7637
715982926507,7637
715983026409,7630
715983126311,7642
715983226213,7631
715983326115,7624
715983426017,7624
715983525919,7627
715983625821,7624
715983725723,7629
715983825625,7625
715983925527,7648
715984025430,7632
715984125332,7615
715984225234,7621
715984325136,7628
715984425038,7633
715984524940,7633
715984624842,7631
715984724745,7630
715984824647,7627
715984924549,7645
715985024451,7622
715985124353,7621
715985224255,7631
715985324157,7626
715985424059,7620
715985523961,7654
715985623865,7634
715985723768,7629
715985823670,7639
715985923572,7610
715986023474,7625
715986123376,7612
715986223278,7621
715986323180,7648
715986423082,7641
715986522984,7638
715986622886,7613
715986722789,7615
715986822691,7617
715986922593,7622
715987022495,7612
715987122397,7654
715987222299,7612
715987322201,7619
715987422103,7639
715987522005,7635
715987621907,7631
715987721809,7624
715987821711,7643
715987921613,7650
715988021515,7628
715988121417,7630
715988221319,7648
715988321221,7646
715988421123,7631
715988521026,7611
715988620928,7633
715988720830,7629
715988820732,7634
715988920634,7633
715989020536,7637
715989120438,7640
715989220340,7628
715989320242,7630
715989420144,7620
715989520046,7630
715989619948,7642
715989719850,7626
715989819752,7662
715989919654,7633
715990019556,7627
715990119458,7642
715990219360,7626
715990319262,7646
715990419164,7616
715990519066,7634
715990618968,7626
715990718871,7622
715990818773,7635
715990918675,7617
715991018577,7630
715991118479,7650
715991218381,7632
715991318283,7637
715991418185,7643
715991518087,7637
715991617989,7642
715991717891,7639
715991817793,7633
715991917696,7765
715992017600,7625
715992117502,7631
715992217406,7630
715992317308,7743
715992417210,7639
715992517112,7621
715992617014,7632
715992716917,7684
715992816819,7622
715992916721,7631
715993016624,7633
715993116526,7625
715993216428,7644
715993316330,7630
715993416232,7658
715993516134,7678
715993616036,7615
715993715938,7639
715993815840,7622
715993915742,7627
715994015644,7695
715994115546,7624
715994215448,7631
715994315350,7681
715994415252,7616
715994515154,7623
715994615056,7633
715994714959,7637
715994814861,7623
715994914763,7615
715995014665,7627
715995114567,7676
715995214469,7621
715995314371,7646
715995414273,7622
715995514175,7653
715995614077,7622
715995713979,7637
715995813881,7631
715995913783,7680
715996013686,7622
715996113588,7634
715996213490,7614
715996313392,7626
715996413294,7624
715996513196,7661
715996613098,7615
715996713004,7671
715996812906,7631
715996912808,7627
715997012710,7628
715997112612,7630
715997212514,7625
715997312416,7638
715997412318,7631
715997512220,7716
715997612122,7623
715997712024,7658
715997811926,7629
715997911828,7633
715998011730,7625
715998111632,7630
715998211534,7631
715998311436,7685
715998411338,7634
715998511240,7633
715998611142,7635
715998711045,7629
715998810947,7631
715998910849,7630
715999010752,7628
715999110654,7681
715999210556,7636
715999310458,7627
715999410360,7624
715999510262,7624
715999610164,7624
715999710066,7615
715999809968,7662
715999909870,7679
716000009772,7620
716000109674,7631
716000209576,7620
716000309478,7630
716000409380,7641
716000509282,7666
716000609184,7618
716000709087,7665
716000808989,7641
716000908891,7624
716001008793,7698
716001108695,7623
716001208597,7630
716001308499,7628
716001408401,7635
716001508303,7751
716001608205,7630
716001708107,7627
716001808009,7620
716001907911,7677
716002007816,7787
716002107720,7629
716002207624,7631
716002307526,7660
716002407428,7625
716002507330,7712
716002607232,7631
716002707135,7656
716002807037,7627
716002906939,7634
716003006841,7664
716003106743,7636
716003206645,7636
716003306547,7626
716003406449,7631
716003506351,7610
716003606253,7628
716003706155,7660
716003806057,7627
716003905959,7650
716004005861,7621
716004105763,7621
716004205665,7623
716004305567,7631
716004405469,7647
716004505371,7620
716004605273,7626
716004705176,7637
716004805078,7620
716004904980,7618
716005004882,7627
716005104784,7612
716005204686,7617
716005304588,7635
716005404490,7635
716005504392,7640
716005604310,7620
716005704212,7628
716005804114,7612
716005904016,7629
716006003918,7622
716006103820,7630
716006203722,7630
716006303624,7648
716006403526,7616
716006503428,7618
716006603330,7645
716006703232,7635
716006803134,7618
716006903036,7665
716007002938,7635
716007102840,7641
716007202742,7648
716007302644,7627
716007402546,7635
716007502448,7641
716007602350,7653
716007702252,7645
716007802154,7607
716007902056,7655
716008001958,7611
716008101860,7966
716008201762,7645
716008301664,7629
716008401566,7627
716008501468,7641
716008601370,7662
716008701273,7740
716008801175,7627
716008901077,7628
716009000979,7614
716009100881,7627
716009200783,7691
716009300685,7624
716009400587,7624
716009500489,7642
716009600391,7626
716009700293,7644
716009800195,7639
716009900097,7620
716009999999,7611
716010099901,7619
716010199803,7677
716010299705,7648
716010399607,7613
716010499509,7622
716010599411,7643
716010699313,7744
716010799215,7624
716010899117,7637
716010999019,7637
716011098921,7640
716011198823,7679
716011298725,7616
716011398627,7621
716011498529,7629
716011598431,7636
716011698333,7631
716011798236,7624
716011898138,7644
716011998042,7709
716012097946,7631
716012197848,7677
716012297750,7634
716012397652,7620
716012497554,7624
716012597456,7640
716012697359,7779
716012797261,7637
716012897163,7624
716012997065,7627
716013096967,7625
716013196869,7673
716013296771,7639
716013396673,7635
716013496575,7677
716013596477,7631
716013696379,7620
716013796281,7660
716013896183,7626
716013996085,7616
716014095987,7621
716014195889,7623
716014295791,7664
716014395693,7639
716014495595,7616
716014595497,7632
716014695400,7727
716014795302,7662
716014895204,7617
716014995106,7625
716015095008,7615
716015194910,7620
716015294812,7624
716015394714,7626
716015494616,7626
716015594518,7616
716015694420,7628
716015794322,7660
716015894224,7676
716015994126,7611
716016094028,7629
716016193930,7633
716016293832,7630
716016393734,7638
716016493636,7629
716016593538,7637
716016693440,7774
716016793342,7658
716016893244,7626
716016993146,7636
716017093048,7622
716017192950,7630
716017292852,7624
716017392754,7618
716017492656,7684
716017592558,7627
716017692460,7631
716017792362,7649
716017892264,7621
716017992166,7612
716018092068,7614
716018191970,7616
716018291872,7668
716018391774,7629
716018491676,7631
716018591578,7627
716018691480,7741
716018791382,7634
716018891284,7622
716018991186,7634
716019091088,7676
716019190990,7634
716019290892,7621
716019390794,7637
716019490696,7628
716019590598,7627
716019690500,7626
716019790402,7643
716019890304,7678
716019990206,7633
716020090108,7619
716020190010,7618
716020289912,7640
716020389814,7596
716020489717,7639
716020589619,7628
716020689522,7746
716020789425,7632
716020889327,7614
716020989229,7626
716021089131,7623
716021189033,7624
716021288935,7614
716021388837,7621
716021488739,7680
716021588642,7626
716021688544,7772
716021788446,7607
716021888348,7625
716021988254,7695
716022088158,7629
716022188062,7709
716022287965,7635
716022387867,7639
716022487769,7637
716022587671,7674
716022687573,7771
716022787475,7626
716022887377,7642
716022987279,7631
716023087181,7644
716023187083,7621
716023286985,7636
716023386887,7638
716023486789,7646
716023586691,7633
716023686593,7686
716023786495,7623
716023886397,7644
716023986299,7620
716024086201,7615
716024186103,7622
716024286005,7617
716024385907,7630
716024485809,7621
716024585711,7623
716024685613,7731
716024785515,7632
716024885417,7623
716024985319,7633
716025085221,7874
716025185123,7631
716025285025,7621
716025384927,7627
716025484829,7642
716025584731,7623
716025684633,7632
716025784535,7635
716025884437,7619
716025984339,7631
716026084241,7632
716026184143,7626
716026284045,7643
716026383947,7623
716026483849,7621
716026583751,7620
716026683654,7676
716026783556,7635
716026883458,7637
716026983360,7630
716027083262,7641
716027183164,7625
716027283066,7622
716027382968,7628
716027482870,7628
716027582772,7644
716027682674,7615
716027782578,7639
716027882480,7642
716027982382,7632
716028082285,7629
716028182187,7632
716028282089,7643
716028382012,7613
716028481914,7639
716028581816,7631
716028681719,7720
716028781621,7621
716028881523,7635
716028981425,7635
716029081327,7615
716029181229,7628
716029281131,7612
716029381033,7636
716029480935,7647
716029580837,7626
716029680739,7614
716029780641,7630
716029880543,7631
716029980445,7628
716030080347,7625
716030180249,7630
716030280151,7646
716030380053,7626
716030479955,7612
716030579857,7630
716030679759,7615
716030779661,7618
716030879563,7633
716030979465,7630
716031079367,7644
716031179270,7625
716031279172,7628
716031379074,7635
716031478976,7626
716031578878,7674
716031678780,7623
716031778682,7626
716031878584,7644
716031978489,7700
716032078393,7631
716032178295,7629
716032278197,7627
716032378099,7625
716032478005,7617
716032577907,7623
716032677810,7666
716032777714,7633
716032877616,7622
716032977518,7624
716033077420,7625
716033177322,7629
716033277224,7623
716033377126,7631
716033477028,7678
716033576930,7637
716033676832,7625
716033776734,7623
716033876636,7630
716033976538,7627
716034076440,7632
716034176342,7617
716034276244,7671
716034376146,7625
716034476048,7625
716034575950,7630
716034675853,7624
716034775755,7627
716034875657,7621
716034975559,7625
716035075462,7685
716035175364,7627
716035275266,7624
716035375168,7623
716035475070,7626
716035574972,7624
716035674875,7631
716035774777,7623
716035874679,7688
716035974581,7630
716036074483,7639
716036174385,7630
716036274287,7631
716036374189,7620
716036474091,7617
716036573994,7633
716036673897,7681
716036773799,7633
716036873703,7631
716036973605,7636
716037073509,7622
716037173411,7644
716037273313,7626
716037373215,7628
716037473117,7668
716037573019,7620
716037672921,7615
716037772823,7620
716037872725,7629
716037972627,7628
716038072529,7628
716038172431,7639
716038272333,7683
716038372235,7633
716038472137,7621
716038572039,7626
716038671942,7667
716038771844,7616
716038871746,7629
716038971648,7624
716039071550,7684
716039171452,7623
716039271354,7619
716039371256,7626
716039471158,7619
716039571060,7633
716039670962,7630
716039770864,7630
716039870766,7670
716039970668,7630
716040070570,7634
716040170472,7627
716040270374,7616
716040370276,7624
716040470178,7627
716040570080,7624
716040669983,7678
716040769885,7636
716040869787,7633
716040969689,7628
716041069591,7636
716041169493,7631
716041269395,7635
716041369297,7694
716041469199,7663
716041569101,7617
716041669004,7621
716041768906,7641
716041868808,7630
716041968713,7712
716042068617,7647
716042168519,7625
716042268421,7653
716042368323,7708
716042468225,7631
716042568127,7639
716042668029,7639
716042767931,7637
716042867833,7623
716042967735,7639
716043067637,7648
716043167539,7633
716043267441,7648
716043367343,7699
716043467245,7643
716043567147,7631
716043667049,7629
716043766951,7673
716043866853,7639
716043966756,7631
716044066658,7637
716044166560,7655
716044266462,7639
716044366364,7698
716044466267,7625
716044566169,7624
716044666071,7640
716044765973,7662
716044865875,7630
716044965777,7632
716045065679,7618
716045165581,7688
716045265483,7628
716045365385,7713
716045465287,7639
716045565189,7628
716045665091,7616
716045764993,7662
716045864895,7632
716045964798,7621
716046064700,7632
716046164602,7623
716046264504,7637
716046364406,7695
716046464308,7623
716046564210,7622
716046664112,7659
716046764014,7610
716046863916,7817
716046963818,7621
716047063720,7637
716047163624,7628
716047263526,7625
716047363428,7699
716047463330,7635
716047563232,7620
716047663134,7627
716047763036,7622
716047862938,7655
716047962840,7636
716048062742,7627
716048162644,7634
716048262546,7623
716048362448,7723
716048462350,7617
716048562252,7652
716048662154,7721
716048762056,7631
716048861958,7896
716048961860,7632
716049061762,7630
716049161664,7632
716049261566,7630
716049361468,7638
716049461370,7641
716049561272,7632
716049661174,7629
716049761076,7635
716049860978,7620
716049960880,7624
716050060782,7636
716050160684,7626
716050260586,7653
716050360488,7629
716050460390,7625
716050560292,7629
716050660194,7715
716050760097,7637
716050859999,7633
716050959901,7668
716051059820,7650
716051159722,7631
716051259624,7634
716051359526,7628
716051459428,7622
716051559330,7628
716051659232,7629
716051759134,7620
716051859036,7643
716051958940,7747
716052058844,7628
716052158746,7629
716052258648,7671
716052358552,7625
716052458454,7625
716052558356,7627
716052658258,7800
716052758160,7635
716052858062,7622
716052957964,7673
716053057866,7625
716053157768,7623
716053257670,7637
716053357572,7628
716053457474,7668
716053557376,7635
716053657278,7625
716053757180,7627
716053857082,7621
716053956984,7670
716054056886,7628
716054156788,7632
716054256690,7693
716054356592,7629
716054456494,7630
716054556396,7635
716054656298,7734
716054756200,7622
716054856102,7586
716054956004,7662
716055055906,7668
716055155808,7637
716055255710,7627
716055355612,7627
716055455515,7698
716055555417,7621
716055655319,7620
716055755221,7659
716055855123,7703
716055955025,7654
716056054927,7618
716056154829,7616
716056254731,7632
716056354633,7621
716056454535,7711
716056554437,7625
716056654339,7756
716056754242,7627
716056854144,7624
716056954046,7659
716057053948,7621
716057153850,7634
716057253752,7619
716057353654,7629
716057453556,7789
716057553460,7629
716057653362,7642
716057753264,7625
716057853166,7620
716057953068,7664
716058052970,7626
716058152872,7622
716058252774,7681
716058352676,7638
716058452578,7720
716058552481,7625
716058652383,7743
716058752286,7630
716058852188,7625
716058952090,7641
716059051992,7676
716059151894,7631
716059251796,7623
716059351699,7632
716059451601,7728
716059551503,7622
716059651405,7630
716059751307,7640
716059851209,7679
716059951111,7630
716060051014,7629
716060150916,7625
716060250818,7618
716060350720,7623
716060450622,7728
716060550525,7630
716060650427,7753
716060750330,7633
716060850232,7635
716060950134,7637
716061050036,7620
716061149938,7627
716061249840,7637
716061349742,7637
716061449644,7778
716061549546,7629
716061649448,7641
716061749350,7618
716061849253,7632
716061949157,7715
716062049061,7628
716062148963,7628
716062248865,7652
716062348768,7642
716062448670,7759
716062548572,7637
716062648474,7692
716062748377,7622
716062848279,7635
716062948181,7650
716063048083,7658
716063147985,7619
716063247887,7628
716063347789,7634
716063447691,7645
716063547593,7643
716063647495,7634
716063747397,7631
716063847299,7646
716063947201,7630
716064047103,7633
716064147005,7700
716064246907,7620
716064346809,7633
716064446711,7654
716064546613,7636
716064646515,7677
716064746417,7619
716064846319,7625
716064946221,7618
716065046123,7618
716065146025,7631
716065245927,7635
716065345829,7614
716065445731,7652
716065545633,7628
716065645535,7622
716065745437,7618
716065845339,7622
716065945241,7568
716066045143,7632
716066145045,7616
716066244947,7620
716066344849,7617
716066444751,7664
716066544653,7628
716066644555,7635
716066744457,7616
716066844359,7609
716066944261,7629
716067044163,7627
716067144065,7626
716067243967,7626
716067343869,7641
716067443771,7632
716067543673,7617
716067643575,7628
716067743477,7628
716067843379,7645
716067943281,7628
716068043183,7630
716068143085,7647
716068242987,7635
716068342889,7627
716068442791,7637
716068542693,7635
716068642595,7638
716068742497,7622
716068842399,7617
716068942301,7635
716069042203,7622
716069142105,7624
716069242007,7626
716069341909,7625
716069441811,7651
716069541713,7622
716069641615,7626
716069741517,7636
716069841419,7631
716069941321,7647
716070041223,7613
716070141125,7617
716070241027,7636
716070340929,7622
716070440831,7625
716070540733,7634
716070640635,7642
716070740538,7629
716070840440,7635
716070940342,7627
716071040244,7642
716071140146,7628
716071240048,7627
716071339950,7624
716071439852,7624
716071539754,7626
716071639656,7626
716071739558,7631
716071839460,7652
716071939365,7708
716072039269,7624
716072139173,7622
716072239075,7629
716072338977,7623
716072438879,7621
716072538783,7623
716072638685,7674
716072738588,7625
716072838490,7629
716072938392,7632
716073038294,7634
716073138196,7617
716073238098,7618
716073338004,7627
716073437906,7677
716073537808,7665
716073637710,7633
716073737612,7639
716073837529,7636
716073937431,7618
716074037333,7625
716074137235,7621
716074237137,7671
716074337039,7629
716074436941,7638
716074536843,7630
716074636745,7625
716074736648,7634
716074836550,7625
716074936452,7624
716075036354,7676
716075136256,7619
716075236158,7609
716075336060,7619
716075435962,7611
716075535864,7652
716075635766,7620
716075735668,7631
716075835571,7679
716075935473,7617
716076035375,7631
716076135277,7690
716076235179,7615
716076335081,7611
716076434983,7625
716076534885,7658
716076634787,7684
716076734690,7620
716076834592,7623
716076934494,7617
716077034396,7626
716077134298,7613
716077234200,7619
716077334102,7619
716077434007,7665
716077533909,7665
716077633811,7623
716077733713,7621
716077833615,7631
716077933517,7632
716078033419,7630
716078133321,7626
716078233223,7662
716078333125,7615
716078433027,7626
716078532929,7662
716078632831,7616
716078732734,7629
716078832636,7629
716078932538,7613
716079032440,7688
716079132342,7626
716079232244,7635
716079332146,7638
716079432048,7625
716079531950,7641
716079631852,7637
716079731754,7629
716079831656,7715
716079931558,7619
716080031460,7632
716080131362,7631
716080231264,7625
716080331166,7617
716080431068,7628
716080530970,7624
716080630872,7688
716080730775,7633
716080830677,7630
716080930579,7631
716081030481,7633
716081130383,7668
716081230285,7629
716081330187,7619
716081430089,7682
716081529991,7626
716081629893,7624
716081729795,7628
716081829697,7632
716081929602,7721
716082029506,7641
716082129408,7641
716082229310,7648
716082329212,7618
716082429114,7641
716082529016,7632
716082628918,7636
716082728821,7641
716082828723,7629
716082928625,7629
716083028527,7642
716083128429,7628
716083228331,7622
716083328233,7625
716083428135,7769
716083528037,7670
716083627939,7631
716083727841,7640
716083827743,7643
716083927645,7627
716084027547,7621
716084127449,7636
716084227351,7621
716084327253,7628
716084427155,7625
716084527058,7635
716084626960,7644
716084726863,7633
716084826765,7627
716084926667,7641
716085026569,7635
716085126471,7654
716085226373,7620
716085326275,7624
716085426177,7628
716085526079,7664
716085625981,7617
716085725883,7628
716085825785,7611
716085925687,7621
716086025589,7630
716086125491,7626
716086225393,7651
716086325295,7619
716086425197,7616
716086525099,7663
716086625004,7616
716086724906,7618
716086824808,7632
716086924710,7621
716087024612,7642
716087124514,7628
716087224416,7646
716087324318,7640
716087424220,7627
716087524122,7655
716087624024,7624
716087723926,7618
716087823828,7647
716087923730,7622
716088023634,7621
716088123536,7657
716088223438,7636
716088323340,7649
716088423242,7622
716088523144,7679
716088623046,7628
716088722949,7630
716088822851,7630
716088922753,7630
716089022655,7638
716089122557,7634
716089222459,7624
716089322361,7617
716089422263,7644
716089522165,7633
716089622067,7632
716089721969,7624
716089821871,7629
716089921773,7629
716090021675,7624
716090121577,7625
716090221479,7638
716090321381,7633
716090421283,7614
716090521185,7626
716090621087,7635
716090720990,7636
716090820892,7614
716090920794,7640
716091020696,7637
716091120598,7639
716091220500,7653
716091320402,7629
716091420304,7623
716091520206,7623
716091620108,7629
716091720010,7633
716091819912,7638
716091919817,7713
716092019721,7628
716092119623,7664
716092219527,7630
716092319430,7668
716092419332,7625
716092519234,7617
716092619136,7673
716092719039,7633
716092818941,7630
716092918843,7631
716093018745,7629
716093118647,7628
716093218549,7629
716093318451,7622
716093418353,7686
716093518255,7638
716093618157,7623
716093718060,7627
716093817962,7626
716093917864,7625
716094017766,7620
716094117668,7625
716094217570,7680
716094317472,7624
716094417375,7619
716094517277,7618
716094617179,7624
716094717082,7621
716094816984,7630
716094916886,7624
716095016788,7680
716095116690,7624
716095216592,7623
716095316494,7628
716095416396,7638
716095516298,7621
716095616200,7626
716095716102,7625
716095816005,7671
716095915907,7622
716096015809,7628
716096115711,7628
716096215613,7625
716096315515,7650
716096415417,7625
716096515333,7619
716096615235,7673
716096715138,7627
716096815040,7620
716096914942,7628
716097014844,7624
716097114746,7616
716097214648,7619
716097314550,7628
716097414452,7675
716097514354,7623
716097614256,7620
716097714158,7619
716097814060,7617
716097913962,7618
716098013864,7617
716098113766,7627
716098213668,7674
716098313570,7620
716098413472,7623
716098513374,7625
716098613276,7617
716098713179,7620
716098813081,7627
716098912983,7630
716099012885,7688
716099112787,7629
716099212689,7629
716099312591,7629
716099412493,7634
716099512395,7634
716099612297,7629
716099712200,7613
716099812102,7675
716099912005,7620
716100011907,7624
716100111809,7638
716100211711,7638
716100311613,7663
716100411515,7619
716100511417,7632
716100611319,7679
716100711222,7620
716100811124,7627
716100911026,7632
716101010928,7626
716101110830,7631
716101210732,7639
716101310634,7628
716101410536,7671
716101510438,7620
716101610340,7631
716101710242,7624
716101810144,7629
716101910046,7662
716102009950,7723
716102109854,7630
716102209756,7652
716102309658,7631
716102409560,7632
716102509462,7669
716102609364,7615
716102709267,7635
716102809169,7632
716102909071,7623
716103008973,7713
716103108875,7629
716103208777,7628
716103308679,7633
716103408581,7630
716103508483,7700
716103608385,7640
716103708287,7631
716103808189,7645
716103908091,7638
716104007994,7703
716104107896,7637
716104207798,7636
716104307700,7617
716104407602,7632
716104507504,7713
716104607406,7652
716104707309,7635
716104807211,7641
716104907113,7626
716105007015,7662
716105106917,7620
716105206819,7639
716105306721,7649
716105406623,7642
716105506525,7629
716105606427,7631
716105706329,7628
716105806231,7613
716105906133,7624
716106006035,7622
716106105937,7620
716106205839,7641
716106305741,7631
716106405643,7622
716106505545,7630
716106605447,7629
716106705350,7622
716106805252,7629
716106905154,7630
716107005056,7635
716107104958,7617
716107204860,7627
716107304762,7618
716107404664,7610
716107504566,7621
716107604468,7616
716107704370,7628
716107804272,7638
716107904174,7634
716108004076,7628
716108103978,7620
716108203880,7675
716108303782,7627
716108403684,7622
716108503586,7613
716108603488,7649
716108703390,7645
716108803292,7620
716108903194,7617
716109003096,7620
716109102998,7628
716109202900,7673
716109302802,7645
716109402704,7660
716109502606,7629
716109602508,7640
716109702410,7663
716109802312,7616
716109902214,7633
716110002116,7628
716110102018,7624
716110201920,7694
716110301822,7614
716110401724,7620
716110501626,7632
716110601528,7632
716110701431,7639
716110801333,7616
716110901235,7636
716111001137,7637
716111101039,7623
716111200941,7680
716111300843,7632
716111400745,7648
716111500647,7633
716111600549,7633
716111700451,7656
716111800353,7652
716111900255,7633
716112000160,7711
716112100064,7633
716112199966,7676
716112299870,7629
716112399772,7631
716112499674,7626
716112599576,7674
716112699479,7685
716112799381,7674
716112899283,7625
716112999185,7626
716113099087,7612
716113198989,7686
716113298891,7625
716113398793,7679
716113498695,7622
716113598597,7625
716113698499,7637
716113798401,7670
716113898303,7621
716113998205,7618
716114098107,7627
716114198009,7700
716114297911,7625
716114397813,7634
716114497715,7632
716114597617,7621
716114697520,7713
716114797422,7667
716114897324,7632
716114997226,7673
716115097128,7630
716115197030,7645
716115296932,7632
716115396834,7630
716115496736,7629
716115596638,7628
716115696540,7628
716115796442,7710
716115896344,7613
716115996246,7623
716116096148,7616
716116196050,7611
716116295952,7625
716116395854,7624
716116495756,7634
716116595658,7680
716116695561,7700
716116795463,7624
716116895365,7618
716116995267,7613
716117095169,7667
716117195071,7611
716117294973,7622
716117394875,7629
716117494778,7625
716117594680,7629
716117694582,7634
716117794484,7622
716117894386,7637
716117994288,7612
716118094190,7630
716118194092,7665
716118293994,7632
716118393896,7625
716118493798,7625
716118593700,7636
716118693603,7715
716118793505,7622
716118893407,7622
716118993309,7682
716119093211,7624
716119193113,7617
716119293031,7621
716119392933,7630
716119492835,7632
716119592737,7617
716119692639,7634
716119792541,7667
716119892443,7639
716119992345,7632
716120092247,7630
716120192149,7621
716120292051,7635
716120391953,7632
716120491855,7625
716120591757,7672
716120691659,7738
716120791561,7631
716120891463,7629
716120991365,7618
716121091267,7616
716121191169,7618
716121291072,7624
716121390974,7671
716121490876,7629
716121590778,7637
716121690680,7635
716121790582,7631
716121890484,7634
716121990388,7711
716122090292,7625
716122190194,7642
716122290096,7623
716122389998,7655
716122489900,7632
716122589802,7608
716122689705,7701
716122789609,7636
716122889511,7636
716122989413,7636
716123089315,7623
716123189217,7635
716123289119,7627
716123389021,7680
716123488923,7646
716123588825,7644
716123688727,7631
716123788629,7645
716123888531,7641
716123988433,7629
716124088335,7614
716124188237,7637
716124288139,7629
716124388041,7624
716124487943,7640
716124587845,7651
716124687747,7739
716124787649,7626
716124887551,7639
716124987453,7617
716125087355,7800
716125187257,7640
716125287159,7631
716125387061,7639
716125486963,7634
716125586865,7617
716125686767,7627
716125786669,7640
716125886571,7611
716125986473,7628
716126086375,7635
716126186277,7637
716126286179,7619
716126386081,7634
716126485983,7615
716126585885,7617
716126685787,7704
716126785689,7631
716126885591,7616
716126985493,7638
716127085395,7615
716127185298,7623
716127285200,7624
716127385102,7619
716127485005,7622
716127584907,7615
716127684809,7637
716127784711,7640
716127884613,7610
716127984515,7624
716128084417,7632
716128184319,7625
716128284221,7623
716128384123,7616
716128484025,7623
716128583927,7635
716128683830,7666
716128783733,7622
716128883635,7640
716128983537,7626
716129083439,7624
716129183341,7631
716129283243,7614
716129383145,7646
716129483047,7637
716129582950,7627
716129682852,7640
716129782754,7631
716129882656,7634
716129982558,7641
716130082460,7636
716130182362,7634
716130282264,7630
716130382167,7632
716130482070,7630
716130581972,7626
716130681875,7648
716130781777,7625
716130881679,7620
716130981581,7644
716131081483,7632
716131181386,7641
716131281288,7629
716131381191,7635
716131481093,7629
716131580995,7625
716131680897,7640
716131780799,7643
716131880701,7635
716131980605,7716
716132080509,7625
716132180411,7633
716132280313,7617
716132380215,7631
716132480117,7628
716132580021,7679
716132679924,7627
716132779826,7627
716132879728,7619
716132979630,7634
716133079532,7629
716133179434,7634
716133279336,7623
716133379238,7684
716133479140,7621
716133579042,7620
716133678944,7625
716133778846,7631
716133878748,7630
716133978650,7630
716134078552,7620
716134178454,7679
716134278356,7624
716134378258,7612
716134478160,7613
716134578062,7621
716134677965,7634
716134777867,7635
716134877769,7619
716134977671,7682
716135077573,7707
716135177475,7651
716135277377,7631
716135377279,7626
716135477181,7621
716135577083,7629
716135676985,7642
716135776887,7665
716135876789,7620
716135976693,7626
716136076595,7631
716136176497,7619
716136276399,7629
716136376301,7627
716136476203,7614
716136576105,7683
716136676008,7615
716136775910,7630
716136875812,7625
716136975714,7635
716137075616,7614
716137175518,7624
716137275420,7626
716137375322,7672
716137475224,7630
716137575126,7637
716137675028,7626
716137774930,7628
716137874832,7624
716137974734,7633
716138074636,7620
716138174538,7669
716138274440,7630
716138374342,7635
716138474244,7623
716138574146,7616
716138674049,7615
716138773951,7620
716138873853,7624
716138973755,7686
716139073657,7626
716139173559,7632
716139273461,7638
716139373363,7631
716139473267,7629
716139573169,7619
716139673071,7625
716139772973,7688
716139872875,7634
716139972777,7625
716140072679,7632
716140172581,7623
716140272483,7620
716140372386,7632
716140472288,7626
716140572190,7681
716140672093,7627
716140771995,7635
716140871897,7634
716140971799,7626
716141071701,7621
716141171603,7629
716141271505,7642
716141371407,7682
716141471309,7625
716141571211,7615
716141671113,7637
716141771015,7632
716141870917,7669
716141970821,7709
716142070742,7640
716142170644,7639
716142270546,7644
716142370448,7626
716142470350,7626
716142570254,7644
716142670157,7629
716142770059,7670
716142869961,7652
716142969863,7641
716143069765,7628
716143169667,7636
716143269569,7626
716143369472,7681
716143469374,7624
716143569276,7636
716143669178,7623
716143769080,7681
716143868982,7610
716143968884,7637
716144068786,7632
716144168688,7639
716144268590,7623
716144368492,7702
716144468394,7628
716144568297,7649
716144668200,7621
716144768102,7673
716144868004,7624
716144967906,7626
716145067808,7631
716145167710,7631
716145267612,7630
716145367514,7712
716145467416,7619
716145567318,7621
716145667220,7631
716145767122,7680
716145867024,7639
716145966926,7625
716146066828,7633
716146166730,7640
716146266632,7639
716146366534,7720
716146466436,7621
716146566338,7615
716146666240,7629
716146766143,7662
716146866045,7619
716146965947,7642
716147065849,7637
716147165751,7616
716147265653,7647
716147365555,7693
716147465457,7696
716147565359,7616
716147665261,7625
716147765163,7674
716147865065,7612
716147964967,7639
716148064869,7619
716148164771,7617
716148264673,7626
716148364575,7717
716148464477,7622
716148564379,7637
716148664281,7665
716148764183,7623
716148864085,7623
716148963987,7625
716149063889,7631
716149163791,7629
716149263693,7623
716149363595,7724
716149463497,7630
716149563399,7631
716149663301,7632
716149763203,7637
716149863105,7625
716149963007,7631
716150062909,7659
716150162811,7644
716150262713,7636
716150362615,7705
716150462517,7629
716150562419,7629
716150662321,7707
716150762223,7622
716150862125,7627
716150962027,7635
716151061929,7664
716151161831,7625
716151261733,7623
716151361635,7615
716151461537,7622
716151561439,7622
716151661341,7630
716151761243,7648
716151861145,7626
716151961050,7708
716152060954,7637
716152160858,7627
716152260760,7627
716152360662,7635
716152460564,7618
716152560466,7679
716152660368,7702
716152760270,7635
716152860172,7633
716152960074,7641
716153059976,7636
716153159878,7631
716153259781,7626
716153359683,7680
716153459585,7633
716153559487,7637
716153659389,7630
716153759291,7638
716153859193,7621
716153959095,7660
716154058998,7629
716154158900,7674
716154258802,7629
716154358704,7620
716154458606,7632
716154558508,7633
716154658410,7737
716154758312,7635
716154858215,7625
716154958117,7710
716155058019,7617
716155157921,7815
716155257823,7627
716155357725,7632
716155457627,7622
716155557529,7622
716155657431,7630
716155757333,7720
716155857235,7620
716155957137,7663
716156057039,7624
716156156941,7616
716156256843,7625
716156356745,7623
716156456647,7636
716156556549,7672
716156656451,7719
716156756354,7627
716156856256,7616
716156956158,7662
716157056060,7622
716157155962,7619
716157255864,7610
716157355766,7672
716157455671,7688
716157555573,7618
716157655475,7635
716157755377,7609
716157855279,7614
716157955181,7667
716158055083,7613
716158154985,7933
716158254887,7614
716158354789,7623
716158454691,7715
716158554593,7626
716158654495,7726
716158754398,7638
716158854300,7639
716158954202,7717
716159054104,7625
716159154007,7622
716159253909,7626
716159353811,7628
716159453713,7735
716159553615,7633
716159653517,7628
716159753419,7689
716159853321,7627
716159953223,7767
716160053125,7617
716160153027,7658
716160252931,7668
716160352833,7633
716160452735,7725
716160552637,7683
716160652539,7744
716160752442,7646
716160852344,7640
716160952246,7630
716161052148,7623
716161152050,7889
716161251952,7614
716161351854,7680
716161451756,7733
716161551658,7657
716161651560,7621
716161751462,7671
716161851364,7627
716161951268,7711
716162051172,7617
716162151076,7955
716162250978,7934
716162350880,7664
716162450782,7734
716162550684,7623
716162650586,7707
716162750488,7634
716162850390,7636
716162950292,7656
716163050194,7619
716163150096,7627
716163249998,7619
716163349900,7628
716163449802,7731
716163549704,7617
716163649606,7620
716163749508,7638
716163849410,7630
716163949313,7649
716164049215,7619
716164149117,7624
716164249019,7628
716164348921,7635
716164448823,7729
716164548725,7645
716164648627,7678
716164748545,7642
716164848447,7628
716164948349,7650
716165048251,7620
716165148153,7627
716165248055,7626
716165347957,7641
716165447859,7662
716165547761,7622
716165647663,7624
716165747565,7627
716165847467,7627
716165947369,7628
716166047271,7623
716166147173,7643
716166247075,7617
716166346977,7617
716166446879,7636
716166546781,7637
716166646683,7686
716166746585,7626
716166846487,7637
716166946389,7658
716167046291,7635
716167146193,7618
716167246095,7631
716167345997,7616
716167445899,7630
716167545801,7618
716167645703,7611
716167745605,7632
716167845507,7622
716167945409,7606
716168045311,7634
716168145213,7623
716168245115,7631
716168345017,7616
716168444919,7625
716168544822,7617
716168644724,7624
716168744626,7625
716168844528,7637
716168944430,7608
716169044332,7633
716169144234,7624
716169244136,7640
716169344038,7633
716169443940,7612
716169543842,7640
716169643744,7643
716169743646,7627
716169843548,7636
716169943450,7631
716170043352,7624
716170143254,7643
716170243156,7626
716170343058,7620
716170442960,7627
716170542862,7625
716170642764,7630
716170742667,7628
716170842569,7642
716170942471,7646
716171042373,7633
716171142275,7629
716171242177,7638
716171342079,7606
716171441981,7648
716171541883,7613
716171641785,7621
716171741687,7640
716171841589,7660
716171941491,7610
716172041393,7623
716172141295,7694
716172241197,7615
716172341101,7718
716172441007,7649
716172540909,7686
716172640811,7633
716172740714,7626
716172840616,7624
716172940520,7630
716173040422,7638
716173140324,7628
716173240226,7631
716173340128,7675
716173440030,7658
716173539932,7628
716173639834,7632
716173739736,7614
716173839638,7630
716173939540,7626
716174039442,7629
716174139344,7665
716174239246,7623
716174339148,7630
716174439050,7661
716174538952,7663
716174638854,7628
716174738757,7624
716174838659,7629
716174938562,7665
716175038464,7628
716175138366,7626
716175238268,7631
716175338170,7637
716175438072,7667
716175537974,7657
716175637876,7605
716175737778,7683
716175837680,7627
716175937582,7616
716176037484,7633
716176137386,7633
716176237288,7617
716176337190,7632
716176437092,7618
716176536994,7714
716176636896,7624
716176736799,7632
716176836701,7625
716176936603,7637
716177036505,7624
716177136407,7640
716177236309,7613
716177336211,7665
716177436113,7625
716177536015,7612
716177635917,7618
716177735819,7623
716177835721,7628
716177935623,7610
716178035525,7630
716178135427,7672
716178235329,7620
716178335231,7629
716178435133,7616
716178535035,7629
716178634937,7623
716178734839,7631
716178834741,7638
716178934643,7669
716179034545,7616
716179134447,7628
716179234349,7629
716179334251,7620
716179434153,7624
716179534055,7623
716179633957,7627
716179733859,7673
716179833761,7621
716179933663,7628
716180033565,7630
716180133467,7630
716180233369,7625
716180333271,7626
716180433173,7620
716180533076,7678
716180632978,7622
716180732881,7620
716180832783,7624
716180932685,7632
716181032587,7622
716181132489,7621
716181232391,7624
716181332293,7681
716181432195,7616
716181532097,7629
716181631999,7632
716181731901,7656
716181831803,7638
716181931708,7716
716182031612,7638
716182131516,7644
716182231418,7619
716182331320,7628
716182431222,7620
716182531124,7632
716182631026,7627
716182730928,7625
716182830830,7637
716182930732,7642
716183030634,7641
716183130536,7636
716183230438,7642
716183330340,7619
716183430242,7625
716183530144,7635
716183630046,7633
716183729950,7632
716183829854,7632
716183929756,7626
716184029658,7642
716184129560,7661
716184229462,7642
716184329364,7640
716184429266,7625
716184529168,7671
716184629070,7617
716184728972,7641
716184828874,7624
716184928776,7639
716185028678,7639
716185128580,7620
716185228482,7624
716185328384,7648
716185428286,7627
716185528188,7667
716185628090,7635
716185727992,7641
716185827894,7627
716185927796,7625
716186027698,7619
716186127600,7651
716186227502,7621
716186327404,7644
716186427306,7628
716186527208,7628
716186627110,7632
716186727013,7620
716186826915,7616
716186926817,7650
716187026719,7629
716187126621,7671
716187226523,7624
716187326425,7624
716187426327,7629
716187526243,7625
716187626145,7604
716187726047,7638
716187825949,7632
716187925851,7604
716188025753,7636
716188125655,7660
716188225557,7622
716188325459,7623
716188425361,7624
716188525263,7623
716188625165,7609
716188725067,7625
716188824969,7624
716188924871,7624
716189024773,7621
716189124675,7633
716189224577,7623
716189324479,7640
716189424381,7607
716189524283,7651
716189624185,7619
716189724087,7610
716189823989,7631
716189923891,7635
716190023793,7638
716190123695,7646
716190223597,7616
716190323499,7638
716190423403,7619
716190523305,7631
716190623207,7631
716190723110,7625
716190823012,7613
716190922914,7639
716191022816,7624
716191122718,7629
716191222620,7640
716191322522,7636
716191422424,7631
716191522326,7620
716191622228,7624
716191722130,7646
716191822032,7625
716191921937,7712
716192021841,7634
716192121745,7640
716192221647,7633
716192321549,7664
716192421451,7632
716192521354,7680
716192621256,7614
716192721159,7630
716192821061,7633
716192920963,7622
716193020865,7630
716193120767,7635
716193220669,7637
716193320571,7680
716193420473,7626
716193520375,7641
716193620277,7620
716193720179,7616
716193820081,7629
716193919983,7627
716194019885,7620
716194119787,7685
716194219689,7625
716194319591,7622
716194419493,7629
716194519395,7619
716194619297,7626
716194719200,7632
716194819102,7626
716194919004,7690
716195018906,7618
716195118808,7628
716195218710,7634
716195318612,7631
716195418514,7624
716195518416,7624
716195618318,7614
716195718220,7674
716195818122,7623
716195918024,7629
716196017926,7626
716196117828,7635
716196217730,7632
716196317632,7701
716196417534,7634
716196517436,7670
716196617338,7623
716196717241,7617
716196817143,7627
716196917045,7616
716197016947,7615
716197116849,7629
716197216751,7633
716197316653,7680
716197416555,7625
716197516457,7633
716197616359,7618
716197716261,7624
716197816163,7628
716197916065,7616
716198015967,7620
716198115869,7672
716198215771,7628
716198315673,7626
716198415575,7659
716198515477,7613
716198615379,7669
716198715282,7616
716198815184,7622
716198915086,7673
716199014988,7619
716199114890,7623
716199214792,7622
716199314694,7624
716199414596,7622
716199514498,7623
716199614400,7637
716199714302,7681
716199814204,7617
716199914106,7632
716200014008,7630
716200113910,7622
716200213814,7633
716200313716,7629
716200413618,7628
716200513521,7673
716200613423,7619
716200713326,7626
716200813228,7627
716200913130,7632
716201013032,7616
716201112934,7625
716201212836,7624
716201312738,7682
716201412640,7631
716201512542,7634
716201612444,7629
716201712347,7620
716201812249,7629
716201912152,7687
716202012064,7634
716202111966,7677
716202211870,7628
716202311772,7616
716202411676,7645
716202511578,7634
716202611480,7625
716202711383,7625
716202811285,7645
716202911187,7632
716203011089,7642
716203110991,7624
716203210893,7636
716203310795,7623
716203410697,7632
716203510599,7648
716203610501,7635
716203710403,7643
716203810305,7662
716203910207,7623
716204010109,7626
716204110011,7631
716204209913,7619
716204309815,7630
716204409717,7622
716204509619,7689
716204609521,7637
716204709424,7620
716204809326,7671
716204909228,7636
716205009130,7691
716205109032,7632
716205208934,7641
716205308836,7646
716205408738,7640
716205508640,7701
716205608542,7634
716205708444,7627
716205808346,7668
716205908248,7622
716206008150,7693
716206108052,7648
716206207954,7614
716206307856,7627
716206407758,7640
716206507660,7706
716206607562,7621
716206707465,7617
716206807367,7638
716206907269,7620
716207007171,7665
716207107073,7652
716207206975,7624
716207306877,7632
716207406779,7618
716207506681,7641
716207606583,7636
716207706485,7655
716207806387,7623
716207906289,7617
716208006191,7611
716208106093,7615
716208205995,7619
716208305897,7626
716208405799,7629
716208505701,7651
716208605603,7618
716208705505,7624
716208805407,7610
716208905309,7625
716209005211,7611
716209105113,7623
716209205015,7619
716209304917,7643
716209404819,7639
716209504721,7622
716209604623,7640
716209704525,7625
716209804427,7626
716209904329,7642
716210004231,7620
716210104133,7637
716210204052,7614
716210303954,7621
716210403856,7632
716210503758,7619
716210603660,7628
716210703562,7645
716210803464,7610
716210903366,7640
716211003268,7608
716211103170,7625
716211203072,7682
716211302974,7642
716211402876,7630
716211502778,7630
716211602680,7631
716211702582,7656
716211802484,7622
716211902386,7621
716212002291,7699
716212102195,7614
716212202097,7668
716212301999,7624
716212401901,7624
716212501803,7678
716212601707,7630
716212701610,7649
716212801512,7619
716212901414,7629
716213001316,7628
716213101218,7628
716213201120,7631
716213301022,7677
716213400924,7626
716213500826,7630
716213600728,7625
716213700630,7642
716213800532,7626
716213900434,7638
716214000336,7626
716214100238,7677
716214200140,7645
716214300042,7627
716214399944,7626
716214499846,7635
716214599748,7636
716214699650,7682
716214799552,7632
716214899454,7685
716214999356,7628
716215099258,7610
716215199160,7626
716215299062,7624
716215398964,7642
716215498866,7631
716215598768,7626
716215698670,7689
716215798572,7618
716215898474,7633
716215998376,7667
716216098278,7620
716216198180,7637
716216298082,7625
716216397984,7623
716216497886,7677
716216597789,7636
716216697691,7721
716216797593,7631
716216897495,7632
716216997397,7615
716217097299,7621
716217197201,7635
716217297103,7671
716217397005,7632
716217496907,7623
716217596809,7621
716217696711,7654
716217796613,7621
716217896515,7631
716217996417,7629
716218096319,7665
716218196221,7612
716218296123,7623
716218396025,7623
716218495927,7621
716218595829,7627
716218695732,7696
716218795634,7627
716218895536,7670
716218995438,7613
716219095340,7629
716219195242,7626
716219295144,7623
716219395046,7627
716219494948,7612
716219594850,7630
716219694752,7596
716219794654,7633
716219894556,7633
716219994458,7633
716220094360,7617
716220194262,7617
716220294164,7636
716220394066,7614
716220493968,7678
716220593870,7628
716220693773,7740
716220793675,7619
716220893577,7623
716220993479,7626
716221093381,7632
716221193284,7610
716221293186,7689
716221393088,7616
716221492990,7636
716221592892,7629
716221692794,7622
716221792696,7637
716221892598,7627
716221992503,7719
716222092407,7638
716222192309,7635
716222292211,7623
716222392113,7630
716222492015,7617
716222591919,7630
716222691822,7749
716222791724,7630
716222891626,7641
716222991528,7636
716223091430,7633
716223191332,7632
716223291234,7635
716223391136,7615
716223491038,7615
716223590940,7631
716223690842,7645
716223790744,7645
716223890646,7625
716223990549,7645
716224090451,7642
716224190353,7623
716224290255,7641
716224390157,7627
716224490059,7645
716224589961,7637
716224689864,7710
716224789766,7645
716224889668,7638
716224989570,7639
716225089472,7710
716225189374,7637
716225289276,7650
716225389178,7629
716225489080,7623
716225588982,7644
716225688884,7636
716225788786,7630
716225888688,7626
716225988590,7619
716226088492,7645
716226188394,7624
716226288296,7610
716226388198,7635
716226488100,7638
716226588005,7636
716226687907,7744
716226787809,7634
716226887711,7649
716226987613,7625
716227087515,7628
716227187417,7637
716227287319,7628
716227387221,7637
716227487123,7617
716227587025,7628
716227686927,7639
716227786829,7630
716227886731,7639
716227986633,7642
716228086535,7636
716228186437,7641
716228286339,7618
716228386241,7630
716228486143,7631
716228586045,7624
716228685947,7695
716228785849,7614
716228885751,7625
716228985653,7616
716229085555,7620
716229185457,7637
716229285359,7632
716229385261,7622
716229485163,7620
716229585065,7615
716229684967,7629
716229784869,7619
716229884771,7623
716229984673,7635
716230084575,7638
716230184477,7628
716230284379,7614
716230384281,7620
716230484183,7621
716230584085,7630
716230683987,7659
716230783889,7630
716230883792,7681
716230983694,7622
716231083596,7647
716231183498,7628
716231283400,7623
716231383302,7623
716231483204,7627
716231583106,7614
716231683008,7637
716231782910,7639
716231882812,7652
716231982717,7723
716232082621,7631
716232182523,7631
716232282427,7637
716232382329,7665
716232482231,7674
716232582133,7623
716232682036,7665
716232781938,7641
716232881840,7672
716232981759,7630
716233081661,7629
716233181563,7630
716233281465,7678
716233381367,7664
716233481269,7610
716233581171,7627
716233681073,7627
716233780975,7622
716233880877,7635
716233980779,7625
716234080681,7688
716234180583,7619
716234280485,7627
716234380387,7626
716234480289,7619
716234580191,7635
716234680094,7623
716234779996,7616
716234879899,7678
716234979801,7632
716235079703,7803
716235179605,7624
716235279507,7619
716235379409,7628
716235479311,7623
716235579213,7643
716235679115,7682
716235779017,7631
716235878919,7628
716235978821,7623
716236078723,7624
716236178625,7622
716236278527,7622
716236378429,7621
716236478331,7675
716236578233,7632
716236678136,7620
716236778038,7622
716236877940,7623
716236977842,7631
716237077744,7623
716237177646,7635
716237277548,7675
716237377450,7651
716237477352,7627
716237577254,7622
716237677156,7624
716237777058,7629
716237876960,7630
716237976862,7623
716238076764,7680
716238176666,7614
716238276568,7623
716238376470,7639
716238476372,7619
716238576274,7623
716238676177,7624
716238776079,7619
716238875981,7672
716238975883,7621
716239075785,7622
716239175687,7627
716239275589,7615
716239375491,7634
716239475393,7621
716239575295,7618
716239675197,7669
716239775099,7619
716239875005,7629
716239974907,7628
716240074809,7628
716240174711,7632
716240274613,7615
716240374515,7616
716240474417,7678
716240574319,7610
716240674222,7630
716240774124,7615
716240874026,7617
716240973928,7616
716241073830,7626
716241173732,7633
716241273634,7672
716241373536,7623
716241473438,7641
716241573340,7614
716241673242,7629
716241773144,7662
716241873046,7625
716241972950,7703
716242072854,7641
716242172756,7616
716242272658,7617
716242372560,7623
716242472462,7622
716242572364,7620
716242672267,7619
716242772169,7618
716242872071,7641
716242971973,7629
716243071875,7620
716243171777,7631
716243271679,7649
716243371581,7630
716243471483,7626
716243571385,7634
716243671287,7647
716243771189,7660
716243871091,7614
716243970993,7627
716244070895,7641
716244170797,7629
716244270699,7627
716244370601,7627
716244470503,7638
716244570405,7641
716244670308,7631
716244770210,7682
716244870112,7629
716244970014,7633
716245069916,7641
716245169818,7620
716245269720,7639
716245369623,7689
716245469525,7641
716245569427,7641
716245669329,7621
716245769231,7670
716245869133,7614
716245969035,7631
716246068937,7642
716246168839,7630
716246268741,7616
716246368643,7704
716246468545,7619
716246568447,7625
716246668350,7633
716246768252,7673
716246868154,7643
716246968056,7633
716247067958,7629
716247167860,7634
716247267762,7625
716247367664,7723
716247467566,7630
716247567468,7619
716247667370,7628
716247767272,7636
716247867174,7621
716247967076,7624
716248066978,7636
716248166880,7649
716248266782,7614
716248366684,7707
716248466586,7639
716248566488,7642
716248666390,7646
716248766292,7589
716248866194,7635
716248966096,7624
716249065998,7642
716249165900,7612
716249265802,7635
716249365704,7707
716249465606,7617
716249565508,7650
716249665410,7631
716249765312,7683
716249865214,7656
716249965116,7622
716250065018,7638
716250164920,7623
716250264822,7616
716250364724,7706
716250464626,7622
716250564528,7696
716250664430,7679
716250764332,7635
716250864234,7634
716250964136,7618
716251064038,7617
716251163940,7620
716251263842,7665
716251363746,7682
716251463649,7653
716251563551,7670
716251663453,7643
716251763355,7632
716251863257,7613
716251963161,7703
716252063065,7621
716252162967,7622
716252262871,7631
716252362773,7707
716252462675,7677
716252562577,7977
716252662480,7695
716252762382,7629
716252862284,7625
716252962186,7627
716253062088,7626
716253161990,7630
716253261892,7677
716253361794,7628
716253461696,7635
716253561598,7621
716253661500,7626
716253761402,7627
716253861304,7638
716253961206,7639
716254061108,7669
716254161010,7612
716254260912,7624
716254360814,7640
716254460716,7629
716254560618,7621
716254660520,7703
716254760423,7632
716254860325,7671
716254960227,7638
716255060129,7628
716255160031,7631
716255259933,7620
716255359835,7627
716255459737,7627
716255559639,7629
716255659556,7672
716255759459,7669
716255859361,7625
716255959263,7663
716256059165,7620
716256159067,7613
716256258970,7662
716256358872,7635
716256458774,7678
716256558676,7637
716256658578,7731
716256758481,7631
716256858383,7623
716256958285,7664
716257058187,7631
716257158089,7624
716257257991,7681
716257357893,7624
716257457796,7618
716257557698,7624
716257657600,7635
716257757502,7622
716257857404,7623
716257957306,7660
716258057208,7685
716258157110,7621
716258257012,7625
716258356914,7627
716258456816,7640
716258556718,7634
716258656620,7702
716258756523,7628
716258856425,7674
716258956327,7663
716259056229,7617
716259156131,7614
716259256033,7618
716259355935,7617
716259455838,7661
716259555740,7632
716259655642,7674
716259755544,7621
716259855446,7617
716259955348,7738
716260055250,7623
716260155152,7620
716260255054,7614
716260354956,7623
716260454858,7761
716260554760,7630
716260654662,7716
716260754565,7636
716260854467,7625
716260954369,7667
716261054271,7616
716261154173,7618
716261254075,7681
716261353977,7639
716261453879,7717
716261553781,7627
716261653683,7629
716261753586,7642
716261853488,7634
716261953393,7756
716262053297,7640
716262153199,7616
716262253103,7621
716262353005,7647
716262452907,7738
716262552809,7639
716262652711,7743
716262752614,7628
716262852516,7642
716262952418,7663
716263052320,7625
716263152222,7621
716263252124,7627
716263352026,7621
716263451928,7729
716263551830,7636
716263651732,7636
716263751634,7627
716263851536,7627
716263951438,7635
716264051340,7645
716264151242,7618
716264251144,7625
716264351046,7621
716264450948,7738
716264550850,7638
716264650752,7697
716264750654,7631
716264850556,7628
716264950458,7640
716265050360,7631
716265150262,7640
716265250164,7639
716265350066,7631
716265449968,7721
716265549870,7645
716265649772,7616
716265749674,7626
716265849576,7637
716265949478,7632
716266049380,7646
716266149282,7628
716266249184,7631
716266349086,7617
716266448988,7722
716266548890,7622
716266648792,7699
716266748694,7632
716266848596,7644
716266948498,7637
716267048400,7629
716267148302,7641
716267248204,7645
716267348106,7630
716267448008,7655
716267547910,7625
716267647812,7660
716267747714,7655
716267847616,7640
716267947518,7646
716268047420,7634
716268147322,7687
716268247224,7654
716268347126,7632
716268447028,7642
716268546930,7634
716268646832,7669
716268746734,7632
716268846636,7626
716268946538,7639
716269046440,7624
716269146342,7629
716269246244,7641
716269346146,7625
716269446048,7616
716269545950,7628
716269645852,7623
716269745754,7626
716269845656,7613
716269945558,7636
716270045460,7643
716270145362,7619
716270245264,7623
716270345166,7627
716270445068,7618
716270544970,7641
716270644872,7624
716270744775,7618
716270844677,7624
716270944579,7641
716271044481,7614
716271144383,7623
716271244285,7634
716271344187,7629
716271444089,7673
716271543991,7662
716271643893,7632
716271743795,7642
716271843699,7629
716271943602,7613
716272043507,7708
716272143411,7631
716272243313,7624
716272343215,7624
716272443117,7724
716272543020,7654
716272642922,7626
716272742826,7622
716272842728,7637
716272942631,7630
716273042533,7638
716273142435,7625
716273242338,7686
716273342240,7623
716273442142,7664
716273542044,7663
716273641946,7625
716273741848,7623
716273841750,7634
716273941652,7629
716274041554,7685
716274141456,7636
716274241358,7591
716274341260,7617
716274441162,7625
716274541064,7668
716274640966,7615
716274740868,7625
716274840770,7672
716274940672,7626
716275040574,7632
716275140476,7625
716275240378,7620
716275340280,7624
716275440182,7626
716275540084,7665
716275639986,7675
716275739888,7633
716275839790,7621
716275939692,7617
716276039594,7633
716276139496,7625
716276239398,7623
716276339300,7622
716276439202,7675
716276539105,7629
716276639007,7612
716276738910,7623
716276838812,7635
716276938714,7626
716277038616,7647
716277138518,7643
716277238420,7672
716277338322,7630
716277438224,7632
716277538126,7630
716277638028,7623
716277737930,7627
716277837832,7627
716277937734,7625
716278037636,7678
716278137538,7616
716278237440,7632
716278337342,7621
716278437258,7637
716278537161,7619
716278637063,7642
716278736965,7632
716278836867,7673
716278936769,7630
716279036671,7634
716279136573,7624
716279236475,7628
716279336377,7619
716279436279,7609
716279536181,7619
716279636083,7665
716279735985,7635
716279835887,7610
716279935789,7624
716280035691,7622
716280135593,7692
716280235495,7626
716280335397,7622
716280435299,7664
716280535201,7620
716280635103,7620
716280735006,7620
716280834908,7623
716280934810,7617
716281034712,7629
716281134614,7624
716281234516,7672
716281334418,7619
716281434320,7630
716281534222,7610
716281634124,7658
716281734026,7618
716281833928,7632
716281933833,7716
716282033737,7653
716282133641,7625
716282233543,7920
716282333445,7617
716282433347,7621
716282533249,7660
716282633151,7628
716282733055,7619
716282832957,7643
716282932859,7639
716283032761,7645
716283132663,7632
716283232565,7634
716283332467,7619
716283432369,7630
716283532271,7656
716283632173,7644
716283732075,7614
716283831977,7620
716283931879,7761
716284031782,7642
716284131684,7628
716284231586,7629
716284331488,7621
716284431390,7642
716284531292,7648
716284631194,7616
716284731096,7620
716284830998,7620
716284930900,7631
716285030802,7621
716285130704,7629
716285230606,7647
716285330508,7638
716285430410,7648
716285530312,7675
716285630214,7631
716285730116,7632
716285830018,7626
716285929920,7618
716286029822,7637
716286129724,7617
716286229626,7636
716286329528,7630
716286429430,7640
716286529332,7674
716286629234,7629
716286729137,7625
716286829039,7638
716286928941,7628
716287028843,7624
716287128745,7626
716287228647,7632
716287328549,7617
716287428451,7626
716287528353,7675
716287628255,7634
716287728157,7634
716287828059,7628
716287927961,7621
716288027863,7639
716288127765,7624
716288227667,7643
716288327569,7611
716288427471,7642
716288527374,7632
716288627276,7640
716288727178,7634
716288827080,7623
716288926982,7639
716289026884,7613
716289126786,7666
716289226688,7643
716289326590,7629
716289426492,7656
716289526394,7638
716289626296,7637
716289726198,7625
716289826100,7617
716289926005,7619
716290025907,7637
716290125809,7670
716290225711,7639
716290325613,7620
716290425515,7626
716290525417,7628
716290625319,7617
716290725221,7619
716290825123,7641
716290925025,7616
716291024927,7623
716291124829,7669
716291224731,7637
716291324633,7618
716291424535,7639
716291524437,7633
716291624339,7638
716291724241,7629
716291824143,7652
716291924045,7620
716292023950,7725
716292123854,7682
716292223758,7629
716292323660,7697
716292423562,7679
716292523464,7686
716292623366,7624
716292723269,7630
716292823171,7626
716292923073,7621
716293022975,7632
716293122877,7630
716293222779,7686
716293322681,7634
716293422583,7628
716293522486,7900
716293622388,7638
716293722290,7622
716293822192,7632
716293922094,7618
716294021996,7671
716294121898,7629
716294221800,7627
716294321702,7626
716294421604,7628
716294521506,7625
716294621408,7621
716294721311,7623
716294821213,7678
716294921115,7622
716295021017,7612
716295120919,7636
716295220821,7628
716295320723,7606
716295420625,7628
716295520527,7637
716295620429,7678
716295720331,7622
716295820233,7636
716295920135,7631
716296020037,7620
716296119939,7624
716296219841,7627
716296319743,7629
716296419645,7675
716296519547,7627
716296619449,7635
716296719352,7615
716296819254,7611
716296919156,7627
716297019058,7624
716297118960,7629
716297218862,7677
716297318764,7621
716297418666,7633
716297518568,7626
716297618470,7638
716297718373,7635
716297818275,7624
716297918177,7622
716298018079,7669
716298117981,7616
716298217883,7623
716298317785,7622
716298417687,7624
716298517589,7632
716298617491,7622
716298717394,7617
716298817296,7673
716298917198,7628
716299017100,7620
716299117004,7621
716299216906,7629
716299316808,7617
716299416710,7616
716299516612,7632
716299616514,7681
716299716416,7627
716299816318,7647
716299916220,7618
716300016122,7619
716300116024,7609
716300215926,7628
716300315828,7618
716300415730,7675
716300515633,7619
716300615535,7631
716300715438,7629
716300815340,7621
716300915242,7661
716301015144,7625
716301115063,7619
716301214965,7674
716301314867,7618
716301414769,7635
716301514671,7641
716301614573,7628
716301714475,7627
716301814377,7661
716301914283,7733
716302014185,7638
716302114087,7630
716302213991,7631
716302313893,7631
716302413795,7635
716302513697,7615
716302613600,7626
716302713503,7626
716302813405,7673
716302913307,7619
716303013209,7628
716303113111,7626
716303213013,7631
716303312915,7629
716303412817,7631
716303512719,7623
716303612621,7641
716303712523,7642
716303812425,7666
716303912327,7639
716304012229,7630
716304112131,7630
716304212033,7628
716304311935,7668
716304411837,7636
716304511739,7629
716304611641,7616
716304711543,7628
716304811445,7660
716304911347,7640
716305011249,7649
716305111152,7632
716305211054,7629
716305310956,7637
716305410858,7620
716305510760,7632
716305610662,7624
716305710564,7643
716305810467,7632
716305910369,7629
716306010271,7646
716306110173,7627
716306210075,7636
716306309977,7631
716306409879,7625
716306509781,7654
716306609683,7625
716306709586,7620
716306809488,7644
716306909390,7624
716307009292,7702
716307109194,7631
716307209096,7631
716307308998,7625
716307408900,7616
716307508802,7690
716307608704,7650
716307708606,7627
716307808508,7635
716307908410,7641
716308008312,7709
716308108214,7623
716308208116,7634
716308308018,7630
716308407920,7648
716308507822,7690
716308607724,7629
716308707627,7621
716308807529,7631
716308907431,7635
716309007333,7681
716309107235,7624
716309207137,7644
716309307039,7621
716309406941,7627
716309506843,7634
716309606745,7634
716309706647,7626
716309806549,7625
716309906451,7633
716310006353,7643
716310106255,7626
716310206157,7627
716310306059,7624
716310405961,7605
716310505863,7623
716310605765,7613
716310705668,7621
716310805570,7635
716310905472,7622
716311005374,7623
716311105276,7625
716311205178,7620
716311305080,7623
716311404982,7614
716311504884,7624
716311604786,7642
716311704688,7630
716311804590,7623
716311904492,7682
716312004396,7704
716312104300,7625
716312204202,7613
716312304104,7625
716312404006,7668
716312503908,7620
716312603811,7631
716312703713,7648
716312803615,7626
716312903517,7634
716313003419,7630
716313103321,7622
716313203223,7690
716313303125,7625
716313403027,7624
716313502929,7627
716313602831,7630
716313702733,7647
716313802635,7631
716313902537,7630
716314002439,7682
716314102341,7637
716314202243,7638
716314302145,7636
716314402047,7619
716314501949,7620
716314601851,7623
716314701754,7645
716314801656,7672
716314901558,7629
716315001460,7631
716315101362,7628
716315201264,7641
716315301166,7624
716315401068,7622
716315500970,7628
716315600872,7680
716315700774,7638
716315800676,7627
716315900578,7622
716316000480,7621
716316100382,7627
716316200284,7640
716316300186,7626
716316400088,7676
716316499990,7631
716316599892,7637
716316699795,7681
716316799697,7627
716316899599,7621
716316999501,7625
716317099403,7623
716317199305,7725
716317299207,7620
716317399109,7613
716317499011,7621
716317598913,7622
716317698815,7648
716317798717,7626
716317898619,7619
716317998521,7675
716318098423,7635
716318198325,7682
716318298227,7620
716318398129,7629
716318498031,7629
716318597933,7625
716318697836,7720
716318797738,7683
716318897640,7626
716318997542,7640
716319097444,7633
716319197346,7672
716319297248,7617
716319397150,7625
716319497052,7626
716319596954,7679
716319696856,7646
716319796758,7638
716319896660,7621
716319996562,7623
716320096464,7633
716320196366,7681
716320296268,7622
716320396170,7675
716320496072,7615
716320595974,7626
716320695877,7693
716320795779,7617
716320895681,7628
716320995583,7616
716321095485,7623
716321195387,7690
716321295289,7620
716321395191,7620
716321495093,7628
716321594995,7625
716321694897,7626
716321794799,7633
716321894701,7611
716321994604,7615
716322094508,7701
716322194410,7615
716322294312,7632
716322394214,7624
716322494118,7613
716322594020,7620
716322693923,7739
716322793825,7635
716322893727,7620
716322993629,7622
716323093531,7639
716323193433,7639
716323293335,7628
716323393237,7613
716323493139,7625
716323593041,7643
716323692943,7626
716323792845,7632
716323892765,7621
716323992667,7627
716324092569,7632
716324192471,7633
716324292373,7621
716324392275,7630
716324492177,7626
716324592079,7620
716324691981,7748
716324791883,7627
716324891785,7629
716324991687,7633
716325091589,7638
716325191491,7649
716325291393,7634
716325391295,7611
716325491197,7637
716325591099,7617
716325691004,7622
716325790906,7624
716325890808,7636
716325990710,7642
716326090612,7621
716326190514,7648
716326290416,7630
716326390318,7631
716326490220,7635
716326590122,7634
716326690024,7703
716326789926,7643
716326889828,7620
716326989730,7645
716327089632,7626
716327189534,7626
716327289436,7621
716327389338,7619
716327489240,7629
716327589142,7640
716327689044,7631
716327788946,7634
716327888848,7639
716327988750,7625
716328088652,7633
716328188554,7624
716328288456,7634
716328388358,7638
716328488260,7622
716328588162,7631
716328688065,7757
716328787967,7620
716328887869,7638
716328987771,7625
716329087673,7647
716329187575,7641
716329287477,7641
716329387379,7631
716329487281,7637
716329587183,7621
716329687085,7630
716329786987,7636
716329886889,7640
716329986791,7638
716330086693,7635
716330186595,7627
716330286497,7646
716330386399,7633
716330486301,7604
716330586203,7632
716330686105,7689
716330786007,7637
716330885909,7624
716330985811,7614
716331085713,7634
716331185615,7637
716331285517,7636
716331385419,7614
716331485321,7625
716331585223,7627
716331685125,7634
716331785027,7608
716331884929,7629
716331984832,7716
716332084734,7624
716332184636,7630
716332284538,7622
716332384440,7678
716332484342,7615
716332584244,7624
716332684146,7649
716332784050,7624
716332883952,7620
716332983854,7628
716333083756,7636
716333183658,7677
716333283560,7623
716333383462,7629
716333483364,7626
716333583266,7616
716333683168,7627
716333783070,7629
716333882972,7621
716333982874,7672
716334082776,7633
716334182678,7619
716334282580,7630
716334382482,7623
716334482384,7627
716334582286,7619
716334682188,7657
716334782090,7680
716334881992,7629
716334981894,7633
716335081796,7872
716335181698,7619
716335281600,7628
716335381502,7622
716335481404,7633
716335581306,7680
716335681208,7625
716335781110,7617
716335881012,7638
716335980914,7623
716336080816,7626
716336180718,7615
716336280620,7632
716336380522,7677
716336480424,7624
716336580327,7635
716336680230,7626
716336780132,7626
716336880034,7630
716336979936,7621
716337079838,7666
716337179740,7670
716337279642,7625
716337379544,7628
716337479446,7632
716337579348,7632
716337679250,7616
716337779152,7620
716337879054,7627
716337978956,7693
716338078858,7625
716338178760,7624
716338278662,7627
716338378564,7628
716338478466,7631
716338578368,7615
716338678271,7625
716338778173,7683
716338878075,7625
716338977977,7634
716339077879,7627
716339177781,7623
716339277683,7638
716339377585,7622
716339477487,7638
716339577389,7689
716339677291,7627
716339777193,7618
716339877095,7628
716339976997,7629
716340076899,7628
716340176802,7628
716340276704,7627
716340376606,7667
716340476508,7628
716340576410,7625
716340676313,7631
716340776215,7624
716340876117,7621
716340976019,7623
716341075921,7624
716341175823,7675
716341275725,7660
716341375628,7627
716341475530,7627
716341575432,7627
716341675334,7612
716341775236,7618
716341875138,7611
716341975042,7726
716342074946,7625
716342174848,7926
716342274750,7637
716342374652,7629
716342474554,7633
716342574456,7626
716342674358,7628
716342774260,7641
716342874162,7615
716342974064,7644
716343073966,7633
716343173868,7627
716343273770,7621
716343373672,7618
716343473574,7632
716343573476,7647
716343673378,7638
716343773280,7623
716343873182,7623
716343973085,7612
716344072987,7617
716344172889,7630
716344272791,7626
716344372693,7651
716344472595,7636
716344572497,7624
716344672400,7626
716344772302,7633
716344872204,7643
716344972106,7621
716345072008,7617
716345171910,7640
716345271812,7622
716345371714,7620
716345471616,7635
716345571518,7621
716345671420,7624
716345771323,7636
716345871225,7627
716345971127,7632
716346071029,7626
716346170931,7629
716346270833,7629
716346370735,7639
716346470637,7629
716346570539,7641
716346670458,7629
716346770360,7645
716346870262,7647
716346970164,7617
716347070066,7619
716347169968,7626
716347269870,7620
716347369772,7662
716347469674,7621
716347569576,7646
716347669478,7620
716347769380,7634
716347869282,7634
716347969184,7628
716348069087,7632
716348168989,7633
716348268891,7631
716348368793,7727
716348468695,7613
716348568597,7626
716348668500,7634
716348768402,7648
716348868304,7686
716348968206,7643
716349068108,7636
716349168010,7635
716349267912,7631
716349367814,7710
716349467716,7627
716349567618,7744
716349667520,7632
716349767422,7627
716349867324,7644
716349967226,7626
716350067128,7644
716350167030,7621
716350266932,7628
716350366834,7698
716350466736,7621
716350566638,7627
716350666540,7653
716350766442,7647
716350866344,7652
716350966246,7625
716351066148,7612
716351166050,7609
716351265952,7624
716351365854,7703
716351465756,7637
716351565658,7631
716351665560,7619
716351765462,7650
716351865364,7634
716351965269,7702
716352065173,7691
716352165075,7623
716352264977,7615
716352364879,7759
716352464781,7624
716352564683,7632
716352664585,7674
716352764487,7671
716352864389,7623
716352964291,7620
716353064193,7619
716353164095,7670
716353263997,7627
716353363899,7703
716353463801,7631
716353563703,7625
716353663605,7621
716353763507,7633
716353863409,7636
716353963311,7685
716354063213,7618
716354163115,7627
716354263017,7622
716354362919,8009
716354462822,7631
716354562724,7630
716354662626,7679
716354762528,7673
716354862430,7621
716354962332,7625
716355062234,7625
716355162136,7624
716355262038,7625
716355361940,7646
716355461842,7625
716355561744,7674
716355661646,7622
716355761548,7633
716355861450,7623
716355961352,7625
716356061254,7613
716356161156,7623
716356261058,7626
716356360960,7681
716356460862,7626
716356560764,7628
716356660666,7712
716356760568,7629
716356860470,7636
716356960372,7631
716357060274,7623
716357160176,7688
716357260078,7619
716357359980,7620
716357459882,7628
716357559784,7631
716357659686,7631
716357759588,7632
716357859490,7623
716357959392,7717
716358059294,7619
716358159196,7620
716358259098,7634
716358359003,7621
716358458905,7637
716358558807,7637
716358658709,7739
716358758611,7669
716358858513,7632
716358958415,7674
716359058317,7613
716359158219,7627
716359258121,7625
716359358023,7629
716359457925,7621
716359557827,7673
716359657729,7635
716359757631,7620
716359857533,7627
716359957435,7741
716360057337,7623
716360157239,7619
716360257141,7633
716360357043,7662
716360456945,7625
716360556847,7629
716360656749,7698
716360756652,7657
716360856554,7634
716360956456,7669
716361056358,7617
716361156260,7671
716361256162,7662
716361356064,7623
716361455966,7653
716361555868,7619
716361655770,7620
716361755672,7617
716361855574,7619
716361955478,7767
716362055380,7613
716362155284,7617
716362255186,7631
716362355088,7614
716362454990,7714
716362554892,7622
716362654794,7732
716362754696,7645
716362854598,7634
716362954500,7674
716363054402,7624
716363154304,7629
716363254206,7622
716363354108,7615
716363454019,7708
716363553921,7653
716363653823,7617
716363753725,7638
716363853629,7628
716363953531,7668
716364053433,7636
716364153335,7660
716364253237,7670
716364353139,7637
716364453041,7728
716364552943,7617
716364652845,7758
716364752747,7633
716364852649,7645
716364952551,7670
716365052453,7621
716365152355,7631
716365252257,7614
716365352159,7626
716365452061,7723
716365551963,7622
716365651865,7626
716365751767,7624
716365851669,7637
716365951571,7663
716366051473,7626
716366151375,7621
716366251277,7611
716366351179,7621
716366451081,7728
716366550983,7622
716366650885,7858
716366750787,7648
716366850689,7625
716366950591,7634
716367050493,7632
716367150395,7626
716367250297,7613
716367350199,7625
716367450101,7734
716367550004,7626
716367649906,7635
716367749808,7630
716367849710,7621
716367949612,7638
716368049514,7626
716368149416,7632
716368249318,7618
716368349220,7647
716368449122,7718
716368549024,7641
716368648926,7706
716368748828,7631
716368848730,7628
716368948632,7635
716369048534,7619
716369148436,7639
716369248338,7636
716369348257,7619
716369448159,7747
716369548061,7670
716369647963,7633
716369747865,7633
716369847767,7625
716369947669,7646
716370047571,7627
716370147473,7635
716370247375,7638
716370347277,7634
716370447179,7658
716370547081,7660
716370646983,7660
716370746886,7637
716370846788,7639
716370946690,7635
716371046592,7628
716371146494,7625
716371246396,7630
716371346298,7617
716371446200,7655
716371546102,7675
716371646005,7633
716371745907,7621
716371845809,7624
716371945713,7722
716372045616,7623
716372145520,7615
716372245422,7627
716372345324,7669
716372445226,7660
716372545129,7662
716372645031,7625
716372744934,7627
716372844836,7619
716372944738,7631
716373044640,7620
716373144542,7621
716373244444,7632
716373344346,7620
716373444248,7665
716373544150,7658
716373644052,7619
716373743954,7642
716373843856,7621
716373943758,7680
716374043660,7615
716374143562,7631
716374243464,7643
716374343366,7622
716374443268,7676
716374543171,7666
716374643073,7620
716374742976,7678
716374842878,7633
716374942780,7635
716375042682,7622
716375142584,7640
716375242486,7623
716375342388,7624
716375442290,7628
716375542192,7671
716375642094,7618
716375741996,7618
716375841898,7630
716375941800,7638
716376041702,7631
716376141604,7700
716376241506,7643
716376341408,7673
716376441310,7617
716376541212,7614
716376641114,7636
716376741016,7635
716376840918,7640
716376940820,7642
716377040722,7622
716377140624,7675
716377240526,7630
716377340428,7625
716377440330,7615
716377540232,7617
716377640134,7623
716377740036,7623
716377839939,7625
716377939841,7672
716378039743,7634
716378139645,7623
716378239547,7623
716378339449,7624
716378439351,7629
716378539253,7622
716378639155,7630
716378739058,7679
716378838960,7619
716378938862,7637
716379038764,7621
716379138666,7623
716379238568,7637
716379338470,7620
716379438372,7617
716379538274,7678
716379638176,7622
716379738078,7625
716379837980,7626
716379937882,7624
716380037784,7624
716380137686,7625
716380237588,7617
716380337490,7683
716380437392,7623
716380537294,7617
716380637196,7629
716380737099,7625
716380837005,7624
716380936907,7704
716381036809,7631
716381136711,7686
716381236613,7622
716381336515,7640
716381436417,7631
716381536319,7647
716381636221,7629
716381736123,7625
716381836025,7624
716381935929,7764
716382035831,7639
716382135733,7640
716382235635,7630
716382335539,7618
716382435441,7630
716382535343,7616
716382635245,7617
716382735147,7627
716382835049,7606
716382934951,7621
716383034853,7627
716383134755,7627
716383234657,7635
716383334559,7624
716383434461,7611
716383534363,7673
716383634265,7634
716383734167,7629
716383834069,7621
716383933971,7622
716384033873,7626
716384133775,7622
716384233677,7628
716384333579,7649
716384433481,7627
716384533384,7673
716384633286,7630
716384733189,7627
716384833091,7627
716384932993,7625
716385032895,7624
716385132797,7652
716385232699,7625
716385332601,7623
716385432503,7633
716385532405,7669
716385632307,7625
716385732209,7624
716385832111,7616
716385932013,7641
716386031915,7625
716386131817,7627
716386231719,7631
716386331621,7627
716386431523,7627
716386531425,7666
716386631327,7629
716386731230,7777
716386831132,7624
716386931034,7616
716387030936,7624
716387130838,7631
716387230740,7646
716387330642,7637
716387430544,7632
716387530446,7643
716387630348,7627
716387730250,7636
716387830152,7633
716387930054,7622
716388029956,7629
716388129858,7677
716388229760,7618
716388329662,7642
716388429564,7619
716388529466,7630
716388629368,7644
716388729271,7646
716388829173,7622
716388929075,7615
716389028977,7618
716389128879,7637
716389228781,7623
716389328683,7634
716389428585,7639
716389528487,7625
716389628389,7627
716389728291,7639
716389828193,7628
716389928095,7636
716390027997,7628
716390127899,7679
716390227801,7639
716390327703,7626
716390427605,7643
716390527507,7629
716390627409,7647
716390727312,7642
716390827214,7625
716390927116,7622
716391027019,7618
716391126921,7668
716391226823,7626
716391326725,7621
716391426627,7638
716391526529,7656
716391626431,7623
716391726333,7636
716391826235,7636
