3449771018867,194
3449771118833,355
3449771218787,79
3449771318739,73
3449771418691,73
3449771518643,75
3449771618595,73
3449771718547,68
3449771818499,73
3449771918451,74
3449772018403,74
3449772118366,68
3449772218318,80
3449772318270,78
3449772418222,77
3449772518174,77
3449772618126,77
3449772718080,79
3449772818032,88
3449772917984,86
3449773017936,77
3449773117888,74
3449773217840,75
3449773317792,74
3449773417744,73
3449773517698,79
3449773617650,77
3449773717602,74
3449773817554,76
3449773917506,74
3449774017458,75
3449774117410,76
3449774217362,74
3449774317314,87
3449774417266,78
3449774517218,75
3449774617170,77
3449774717122,78
3449774817074,77
3449774917026,84
3449775016978,90
3449775116930,77
3449775216882,75
3449775316834,74
3449775416786,75
3449775516739,77
3449775616691,77
3449775716643,69
3449775816595,74
3449775916547,73
3449776016499,73
3449776116453,73
3449776216405,82
3449776316357,67
3449776416311,67
3449776516263,69
3449776616215,66
3449776716167,67
3449776816119,70
3449776916071,69
3449777016023,66
3449777115975,70
3449777215927,66
3449777315879,66
3449777415831,66
3449777515783,69
3449777615735,69
3449777715687,70
3449777815639,68
3449777915591,66
3449778015543,66
3449778115495,66
3449778215447,67
3449778315399,67
3449778415359,67
3449778515311,80
3449778615263,69
3449778715217,69
3449778815169,69
3449778915121,69
3449779015073,69
3449779115025,80
3449779214977,70
3449779314929,66
3449779414881,66
3449779514833,69
3449779614785,69
3449779714737,69
3449779814689,66
3449779914641,66
3449780014593,66
3449780114545,67
3449780214497,67
3449780314449,69
3449780414401,66
3449780514361,66
3449780614313,80
3449780714265,70
3449780814217,69
3449780914169,69
3449781014121,69
3449781114073,70
3449781214027,80
3449781313979,71
3449781413933,91
3449781513885,74
3449781613837,76
3449781713789,69
3449781813742,74
3449781913694,67
3449782013646,75
3449782113598,74
3449782213550,74
3449782313502,74
3449782413454,75
3449782513406,72
3449782613360,73
3449782713312,84
3449782813264,89
3449782913216,79
3449783013168,78
3449783113120,72
3449783213072,76
3449783313024,88
3449783412976,90
3449783512928,66
3449783612880,76
3449783712832,75
3449783812784,74
3449783912736,73
3449784012688,75
3449784112640,72
3449784212592,76
3449784312544,74
3449784412496,74
3449784512449,67
3449784612401,74
3449784712356,75
3449784812308,73
3449784912260,88
3449785012212,74
3449785112164,77
3449785212116,75
3449785312068,77
3449785412020,75
3449785511972,74
3449785611924,80
3449785711876,75
3449785811829,70
3449785911781,75
3449786011733,74
3449786111685,74
3449786211638,72
3449786311590,67
3449786411543,82
3449786511495,72
3449786611447,67
3449786711399,67
3449786811351,66
3449786911303,79
3449787011255,69
3449787111207,69
3449787211159,69
3449787311111,69
3449787411068,69
3449787511020,69
3449787610972,72
3449787710924,69
3449787810876,66
3449787910828,66
3449788010780,66
3449788110732,66
3449788210684,66
3449788310636,69
3449788410588,66
3449788510540,66
3449788610492,66
3449788710444,67
3449788810396,66
3449788910348,67
3449789010300,80
3449789110252,69
3449789210205,70
3449789310157,69
3449789410109,69
3449789510061,69
3449789610013,69
3449789709965,70
3449789809917,67
3449789909869,68
3449790009821,66
3449790109773,81
3449790209725,66
3449790309677,66
3449790409629,66
3449790509581,66
3449790609533,66
3449790709485,67
3449790809437,67
3449790909389,66
3449791009349,66
3449791109301,79
3449791209253,69
3449791309205,69
3449791409159,70
3449791509111,69
3449791609063,69
3449791709017,88
3449791808969,78
3449791908921,73
3449792008873,74
3449792108825,72
3449792208777,74
3449792308729,72
3449792408681,66
3449792508633,74
3449792608585,71
3449792708537,75
3449792808489,73
3449792908441,73
3449793008393,74
3449793108345,75
3449793208297,71
3449793308249,74
3449793408201,74
3449793508153,78
3449793608106,70
3449793708058,75
3449793808012,83
3449793907964,77
3449794007916,74
3449794107868,74
3449794207820,74
3449794307772,75
3449794407724,74
3449794507676,73
3449794607628,75
3449794707580,77
3449794807532,74
3449794907484,75
3449795007436,78
3449795107407,78
3449795207359,77
3449795307311,85
3449795407263,76
3449795507215,78
3449795607167,77
3449795707119,79
3449795807071,76
3449795907023,88
3449796006975,69
3449796106927,72
3449796206879,71
3449796306831,75
3449796406783,66
3449796506736,75
3449796606688,82
3449796706641,73
3449796806593,66
3449796906545,66
3449797006497,66
3449797106449,66
3449797206401,67
3449797306353,66
3449797406305,80
3449797506257,69
3449797606209,69
3449797706161,69
3449797806113,68
3449797906065,66
3449798006017,66
3449798105969,79
3449798205921,67
3449798305873,66
3449798405825,67
3449798505777,66
3449798605729,66
3449798705681,67
3449798805633,66
3449798905585,66
3449799005537,67
3449799105489,66
3449799205441,67
3449799305394,67
3449799405351,66
3449799505303,69
3449799605256,69
3449799705208,69
3449799805160,69
3449799905112,70
3449800005067,69
3449800105019,66
3449800204971,70
3449800304923,66
3449800404875,66
3449800504827,66
3449800604779,66
3449800704731,67
3449800804683,66
3449800904635,66
3449801004587,67
3449801104539,67
3449801204491,67
3449801304443,66
3449801404395,66
3449801504347,71
3449801604299,69
3449801704251,81
3449801804204,68
3449801904156,66
3449802004109,91
3449802104061,79
3449802204017,76
3449802303969,79
3449802403921,74
3449802503873,75
3449802603825,75
3449802703777,76
3449802803730,74
3449802903682,69
3449803003634,75
3449803103586,75
3449803203538,76
3449803303490,72
3449803403442,74
3449803503394,74
3449803603346,76
3449803703298,77
3449803803250,79
3449803903202,76
3449804003154,78
3449804103106,79
3449804203065,70
3449804303017,87
3449804402969,77
3449804502921,74
3449804602873,71
3449804702825,76
3449804802777,76
3449804902729,72
3449805002681,74
3449805102633,74
3449805202585,74
3449805302537,74
3449805402489,74
3449805502441,79
3449805602393,77
3449805702345,68
3449805802297,81
3449805902249,74
3449806002201,75
3449806102153,76
3449806202105,66
3449806302057,72
3449806402009,74
3449806501961,74
3449806601913,74
3449806701866,74
3449806801818,67
3449806901772,84
3449807001724,72
3449807101676,69
3449807201628,67
3449807301580,66
3449807401532,67
3449807501484,67
3449807601437,67
3449807701389,67
3449807801341,79
3449807901293,80
3449808001245,69
3449808101197,69
3449808201149,70
3449808301101,69
3449808401053,82
3449808501007,79
3449808600959,70
3449808700911,67
3449808800863,67
3449808900815,66
3449809000767,66
3449809100719,66
3449809200671,67
3449809300623,66
3449809400575,66
3449809500527,66
3449809600479,69
3449809700431,69
3449809800383,67
3449809900335,79
3449810000287,80
3449810100239,67
3449810200191,69
3449810300143,66
3449810400095,67
3449810500047,81
3449810599999,69
3449810699952,71
3449810799904,67
3449810899856,67
3449810999808,66
3449811099760,67
3449811199712,66
3449811299664,66
3449811399616,67
3449811499568,69
3449811599520,69
3449811699472,69
3449811799426,67
3449811899378,67
3449811999330,79
3449812099283,94
3449812199235,85
3449812299187,77
3449812399139,79
3449812499091,77
3449812599043,81
3449812698995,91
3449812798949,76
3449812898901,71
3449812998853,74
3449813098805,75
3449813198757,75
3449813298709,73
3449813398661,74
3449813498613,77
3449813598565,78
3449813698517,76
3449813798470,75
3449813898422,75
3449813998374,73
3449814098326,80
3449814198278,89
3449814298230,79
3449814398182,73
3449814498134,75
3449814598086,78
3449814698038,81
3449814797990,90
3449814897942,78
3449814997894,73
3449815097846,76
3449815197798,66
3449815297750,74
3449815397702,74
3449815497654,76
3449815597606,79
3449815697558,74
3449815797510,74
3449815897462,74
3449815997414,75
3449816097366,72
3449816197319,80
3449816297271,86
3449816397223,76
3449816497175,76
3449816597127,70
3449816697079,78
3449816797031,81
3449816896983,86
3449816996935,69
3449817096889,81
3449817196843,70
3449817296795,66
3449817396747,67
3449817496699,69
3449817596651,69
3449817696603,69
3449817796555,67
3449817896507,66
3449817996459,66
3449818096411,67
3449818196363,67
3449818296315,79
3449818396267,79
3449818496219,66
3449818596171,66
3449818696123,67
3449818796076,67
3449818896028,80
3449818995980,72
3449819095932,66
3449819195902,70
3449819295854,66
3449819395806,66
3449819495758,66
3449819595710,66
3449819695662,67
3449819795614,67
3449819895566,66
3449819995518,67
3449820095470,66
3449820195422,67
3449820295374,67
3449820395327,80
3449820495279,82
3449820595231,69
3449820695183,73
3449820795135,69
3449820895087,69
3449820995039,81
3449821094991,82
3449821194943,69
3449821294895,66
3449821394847,66
3449821494799,69
3449821594751,66
3449821694703,69
3449821794655,67
3449821894607,66
