3449668765644,175
3449668865610,77
3449668965564,74
3449669065517,71
3449669165469,74
3449669265421,74
3449669365373,74
3449669465325,77
3449669565277,79
3449669665229,76
3449669765182,78
3449669865134,77
3449669965086,69
3449670065038,77
3449670164990,93
3449670264942,91
3449670364894,74
3449670464846,75
3449670564798,74
3449670664750,71
3449670764702,75
3449670864654,66
3449670964606,73
3449671064558,75
3449671164510,75
3449671264462,73
3449671364414,74
3449671464366,77
3449671564318,78
3449671664270,77
3449671764222,78
3449671864174,78
3449671964126,75
3449672064078,78
3449672164030,78
3449672263982,87
3449672363934,92
3449672463886,74
3449672563838,74
3449672663790,73
3449672763744,76
3449672863696,75
3449672963648,74
3449673063600,74
3449673163552,74
3449673263504,74
3449673363456,73
3449673463408,77
3449673563360,77
3449673663312,75
3449673763265,80
3449673863217,75
3449673963172,84
3449674063124,72
3449674163076,69
3449674263028,80
3449674362980,70
3449674462932,66
3449674562884,66
3449674662836,66
3449674762790,66
3449674862742,66
3449674962694,69
3449675062646,68
3449675162598,69
3449675262550,66
3449675362502,66
3449675462454,66
3449675562406,66
3449675662358,66
3449675762310,81
3449675862262,66
3449675962214,66
3449676062166,66
3449676162118,67
3449676262070,66
3449676362022,66
3449676461974,69
3449676561926,66
3449676661878,66
3449676761830,67
3449676861782,66
3449676961734,66
3449677061686,66
3449677161638,67
3449677261590,66
3449677361542,66
3449677461494,69
3449677561446,66
3449677661398,69
3449677761360,67
3449677861312,80
3449677961264,69
3449678061216,70
3449678161168,69
3449678261120,69
3449678361072,69
3449678461024,80
3449678560976,70
3449678660928,66
3449678760880,67
3449678860832,66
3449678960784,66
3449679060737,90
3449679160689,78
3449679260641,74
3449679360593,74
3449679460545,73
3449679560497,75
3449679660449,73
3449679760401,75
3449679860363,75
3449679960315,87
3449680060267,74
3449680160219,74
3449680260171,71
3449680360123,74
3449680460075,74
3449680560027,74
3449680659979,89
3449680759931,78
3449680859883,73
3449680959835,74
3449681059787,74
3449681159739,75
3449681259691,74
3449681359643,76
3449681459595,74
3449681559547,73
3449681659499,74
3449681759451,75
3449681859403,72
3449681959357,75
3449682059309,84
3449682159261,78
3449682259213,78
3449682359165,77
3449682459117,77
3449682559069,77
3449682659021,88
3449682758973,70
3449682858925,74
3449682958877,74
3449683058829,74
3449683158781,73
3449683258733,74
3449683358685,74
3449683458637,74
3449683558589,77
3449683658541,76
3449683758493,75
3449683858445,75
3449683958397,74
3449684058349,75
3449684158303,81
3449684258255,71
3449684358207,66
3449684458159,66
3449684558112,67
3449684658064,66
3449684758018,81
3449684857970,69
3449684957922,66
3449685057874,66
3449685157826,66
3449685257778,66
3449685357730,66
3449685457682,66
3449685557634,69
3449685657586,69
3449685757538,67
3449685857490,66
3449685957442,66
3449686057394,66
3449686157358,67
3449686257310,80
3449686357262,69
3449686457214,69
3449686557166,68
3449686657118,69
3449686757070,70
3449686857022,80
3449686956974,72
3449687056926,69
3449687156878,69
3449687256830,66
3449687356782,66
3449687456734,66
3449687556686,66
3449687656638,68
3449687756590,66
3449687856542,66
3449687956494,66
3449688056446,66
3449688156398,66
3449688256350,66
3449688356302,66
3449688456254,66
3449688556206,66
3449688656158,69
3449688756110,69
3449688856062,66
3449688956014,66
3449689055966,69
3449689155918,67
3449689255870,87
3449689355824,79
3449689455776,77
3449689555728,73
3449689655680,77
3449689755632,75
3449689855584,71
3449689955536,74
3449690055488,73
3449690155440,75
3449690255392,74
3449690355344,88
3449690455296,81
3449690555248,78
3449690655201,77
3449690755155,78
3449690855107,77
3449690955068,77
3449691055020,88
3449691154972,73
3449691254924,74
3449691354876,74
3449691454828,71
3449691554780,74
3449691654732,76
3449691754684,66
3449691854636,76
3449691954588,75
3449692054540,74
3449692154492,74
3449692254444,74
3449692354396,75
3449692454348,73
3449692554300,76
3449692654252,74
3449692754204,75
3449692854174,75
3449692954126,76
3449693054078,72
3449693154030,74
3449693253982,79
3449693353934,79
3449693453886,77
3449693553838,76
3449693653790,76
3449693753743,66
3449693853695,76
3449693953647,74
3449694053599,75
3449694153551,75
3449694253503,74
3449694353455,82
3449694453407,69
3449694553360,66
3449694653312,83
3449694753266,82
3449694853218,69
3449694953170,69
3449695053122,69
3449695153074,69
3449695253026,80
3449695352978,69
3449695452930,69
3449695552882,66
3449695652834,66
3449695752786,66
3449695852738,66
3449695952690,66
3449696052642,66
3449696152595,67
3449696252547,66
3449696352499,66
3449696452451,66
3449696552403,66
3449696652355,66
3449696752307,67
3449696852259,68
3449696952211,66
3449697052163,66
3449697152115,66
3449697252067,66
3449697352019,66
3449697451971,69
3449697551923,66
3449697651875,68
3449697751827,67
3449697851779,66
3449697951731,66
3449698051683,67
3449698151635,66
3449698251587,66
3449698351539,66
3449698451491,66
3449698551443,66
3449698651395,66
3449698751347,79
3449698851299,81
3449698951251,68
3449699051203,69
3449699151157,69
3449699251109,69
3449699351066,70
3449699451018,79
3449699550970,68
3449699650924,89
3449699750876,76
3449699850828,74
3449699950780,72
3449700050732,74
3449700150684,75
3449700250636,74
3449700350588,75
3449700450540,74
3449700550492,75
3449700650444,73
3449700750398,74
3449700850350,75
3449700950302,74
3449701050254,66
3449701150206,74
3449701250158,74
3449701350110,75
3449701450062,73
3449701550014,75
3449701649966,75
3449701749919,71
3449701849871,74
3449701949823,73
3449702049775,75
3449702149727,75
3449702249679,75
3449702349631,74
3449702449583,74
3449702549535,74
3449702649487,71
3449702749439,76
3449702849391,76
3449702949348,73
3449703049300,87
3449703149252,90
3449703249204,76
3449703349156,76
3449703449108,77
3449703549060,78
3449703649012,76
3449703748964,77
3449703848916,74
3449703948868,73
3449704048820,74
3449704148772,76
3449704248724,71
3449704348676,74
3449704448628,74
3449704548580,74
3449704648532,81
3449704748486,69
3449704848438,66
3449704948390,66
3449705048342,66
3449705148294,66
3449705248246,66
3449705348198,66
3449705448150,69
3449705548102,68
3449705648054,68
3449705748006,69
3449705847958,70
3449705947910,67
3449706047862,66
3449706147814,66
3449706247766,66
3449706347718,66
3449706447670,67
3449706547622,66
3449706647574,66
3449706747526,67
3449706847478,66
3449706947430,66
3449707047382,66
3449707147334,79
3449707247286,80
3449707347238,69
3449707447190,69
3449707547142,68
3449707647094,68
3449707747046,81
3449707846998,81
3449707946950,83
3449708046902,66
3449708146854,66
3449708246806,66
3449708346758,66
3449708446710,66
3449708546662,66
3449708646614,66
3449708746566,67
3449708846518,66
3449708946470,66
3449709046422,66
3449709146374,66
3449709246326,66
3449709346278,80
3449709446230,69
3449709546184,70
3449709646139,85
3449709746091,81
3449709846043,76
3449709945995,90
3449710045947,78
3449710145899,75
3449710245851,73
3449710345803,66
3449710445755,75
3449710545707,75
3449710645659,71
3449710745613,74
3449710845565,74
3449710945517,76
3449711045470,79
3449711145422,76
3449711245374,74
3449711345326,87
3449711445278,88
3449711545230,75
3449711645182,77
3449711745134,77
3449711845086,69
3449711945038,73
3449712044990,88
3449712144942,76
3449712244894,72
3449712344846,73
3449712444798,75
3449712544750,74
3449712644702,74
3449712744654,76
3449712844606,73
3449712944558,73
3449713044510,74
3449713144462,74
3449713244414,75
3449713344366,74
3449713444318,76
3449713544270,75
3449713644222,77
3449713744174,75
3449713844126,70
3449713944078,74
3449714044030,88
3449714143982,80
3449714243934,78
3449714343886,73
3449714443838,74
3449714543790,74
3449714643745,75
3449714743697,67
3449714843652,83
3449714943604,69
3449715043556,66
3449715143508,66
3449715243460,66
3449715343412,66
3449715443364,68
3449715543316,69
3449715643268,69
3449715743220,69
3449715843172,69
3449715943124,69
3449716043076,69
3449716143028,81
3449716242980,69
3449716342932,66
3449716442884,66
3449716542836,66
3449716642788,66
3449716742742,66
3449716842694,66
3449716942662,66
3449717042614,66
3449717142566,66
3449717242518,74
3449717342470,66
3449717442422,69
3449717542374,66
3449717642326,66
3449717742278,67
3449717842230,67
3449717942182,66
3449718042134,66
3449718142086,70
3449718242038,66
3449718341990,69
3449718441942,69
3449718541894,66
3449718641846,66
3449718741798,67
3449718841750,66
3449718941702,66
3449719041654,66
3449719141606,66
3449719241558,66
3449719341510,66
3449719441462,69
3449719541414,69
3449719641366,69
