3462960240931,136
3462960340865,46
3462960440787,48
3462960540710,46
3462960640632,45
3462960740556,43
3462960840479,44
3462960940401,44
3462961040323,43
3462961140245,43
3462961240167,45
3462961340089,44
3462961440011,45
3462961539933,46
3462961639855,44
3462961739777,45
3462961839701,45
3462961939623,45
3462962039545,45
3462962139467,45
3462962239389,45
3462962339311,43
3462962439233,43
3462962539155,45
3462962639077,45
3462962738999,51
3462962838921,43
3462962938843,44
3462963038765,45
3462963138687,43
3462963238609,43
3462963338531,43
3462963438453,43
3462963538375,46
3462963638297,44
3462963738219,43
3462963838141,44
3462963938063,43
3462964037985,48
3462964137907,43
3462964237829,45
3462964337751,47
3462964437673,44
3462964537595,44
3462964637517,45
3462964737439,44
3462964837363,43
3462964937285,44
3462965037209,44
3462965137131,44
3462965237053,45
3462965336975,49
3462965436899,45
3462965536823,58
3462965636745,45
3462965736667,44
3462965836591,44
3462965936513,43
3462966036437,43
3462966136360,44
3462966236284,43
3462966336206,43
3462966436128,43
3462966536050,43
3462966635972,46
3462966735894,44
3462966835816,43
3462966935738,43
3462967035660,43
3462967135582,43
3462967235504,44
3462967335426,43
3462967435348,44
3462967535270,44
3462967635192,43
3462967735114,44
3462967835036,43
3462967934958,47
3462968034880,43
3462968134802,43
3462968234724,44
3462968334646,43
3462968434568,43
3462968534490,44
3462968634412,43
3462968734334,44
3462968834256,43
3462968934178,44
3462969034100,44
3462969134022,44
3462969233944,44
3462969333866,44
3462969433788,43
3462969533710,45
3462969633632,43
3462969733554,44
3462969833476,44
3462969933398,44
3462970033320,44
3462970133242,44
3462970233164,43
3462970333086,43
3462970433008,43
3462970532930,44
3462970632854,56
3462970732776,46
3462970832698,47
3462970932620,45
3462971032542,44
3462971132464,43
3462971232390,43
3462971332313,44
3462971432235,43
3462971532157,43
3462971632079,45
3462971732005,44
3462971831927,43
3462971931849,43
3462972031771,44
3462972131693,45
3462972231615,44
3462972331538,45
3462972431460,43
3462972531382,43
3462972631304,44
3462972731226,44
3462972831148,43
3462972931070,44
3462973030992,47
3462973130914,46
3462973230836,44
3462973330758,43
3462973430680,43
3462973530602,44
3462973630524,45
3462973730446,43
3462973830370,43
3462973930292,43
3462974030214,43
3462974130136,43
3462974230058,44
3462974329980,48
3462974429902,44
3462974529824,43
3462974629746,44
3462974729668,44
3462974829590,44
3462974929512,43
3462975029434,44
3462975129356,44
3462975229278,45
3462975329200,43
3462975429122,44
3462975529044,44
3462975628966,48
3462975728888,44
3462975828812,55
3462975928734,45
3462976028656,47
3462976128580,44
3462976228502,44
3462976328424,44
3462976428346,43
3462976528268,43
3462976628190,44
3462976728112,44
3462976828034,43
3462976927956,43
3462977027878,44
3462977127802,44
3462977227724,44
3462977327646,43
3462977427568,43
3462977527490,43
3462977627412,43
3462977727334,44
3462977827256,44
3462977927179,44
3462978027102,44
3462978127024,43
3462978226946,44
3462978326868,43
3462978426790,44
3462978526712,43
3462978626634,43
3462978726556,44
3462978826478,44
3462978926400,45
3462979026322,43
3462979126244,43
3462979226166,44
3462979326088,43
3462979426010,44
3462979525932,44
3462979625854,44
3462979725776,44
3462979825698,43
3462979925622,44
3462980025544,43
3462980125466,44
3462980225388,43
3462980325310,45
3462980425232,44
3462980525154,43
3462980625076,44
3462980724998,47
3462980824920,43
3462980924844,44
3462981024768,55
3462981124690,47
3462981224612,46
3462981324534,44
3462981424456,44
3462981524378,43
3462981624300,43
3462981724222,44
3462981824144,44
3462981924066,43
3462982023989,50
3462982123911,45
3462982223833,44
3462982323755,45
3462982423678,46
3462982523600,44
3462982623522,44
3462982723446,44
3462982823368,44
3462982923290,43
3462983023212,43
3462983123134,47
3462983223058,43
3462983322980,47
3462983422902,44
3462983522824,44
3462983622746,44
3462983722668,44
3462983822590,44
3462983922513,44
3462984022435,43
3462984122357,44
3462984222279,45
3462984322222,43
3462984422144,44
3462984522066,44
3462984621988,48
3462984721910,44
3462984821832,44
3462984921754,43
3462985021676,45
3462985121598,44
3462985221522,43
3462985321444,43
3462985421366,44
3462985521288,43
3462985621210,43
3462985721132,44
3462985821054,44
3462985920976,49
3462986020898,44
3462986120822,43
3462986220746,56
3462986320668,45
3462986420590,46
3462986520514,43
3462986620438,46
3462986720360,44
3462986820282,43
3462986920204,43
3462987020127,44
3462987120051,43
3462987219975,47
3462987319897,44
3462987419819,44
3462987519741,44
3462987619663,43
3462987719585,43
3462987819507,43
3462987919429,44
3462988019351,44
3462988119273,44
3462988219195,44
3462988319117,43
3462988419039,43
3462988518961,47
3462988618883,44
3462988718805,44
3462988818727,43
3462988918651,44
3462989018573,44
3462989118495,43
3462989218417,44
3462989318339,44
3462989418261,44
3462989518183,44
3462989618105,43
3462989718027,44
3462989817949,45
3462989917871,44
3462990017793,44
3462990117715,43
3462990217637,44
3462990317559,44
3462990417481,44
3462990517403,44
3462990617325,43
3462990717247,44
3462990817169,43
3462990917091,44
3462991017013,44
3462991116935,43
3462991216857,44
3462991316781,43
3462991416705,56
3462991516627,46
3462991616549,46
3462991716473,43
3462991816395,44
3462991916317,44
3462992016239,44
3462992116161,44
3462992216083,44
3462992316005,44
3462992415927,44
3462992515849,45
3462992615771,45
3462992715693,44
3462992815615,45
3462992915537,43
3462993015460,45
3462993115382,60
3462993215304,44
3462993315228,44
3462993415150,45
3462993515074,44
3462993614996,47
3462993714918,45
3462993814840,44
3462993914762,48
3462994014684,43
3462994114606,43
3462994214528,43
3462994314450,44
3462994414372,44
3462994514294,45
3462994614216,44
3462994714138,45
3462994814060,44
3462994913982,48
3462995013904,47
3462995113826,44
3462995213750,43
3462995313673,44
3462995413595,44
3462995513517,43
3462995613439,44
3462995713361,43
3462995813283,44
3462995913205,44
3462996013127,44
3462996113049,43
3462996212971,48
3462996312893,43
3462996412815,45
3462996512739,43
3462996612663,55
3462996712585,46
3462996812507,46
3462996912430,46
3462997012354,44
3462997112278,44
3462997212200,44
3462997312122,44
3462997412044,44
3462997511966,47
3462997611888,43
3462997711810,44
3462997811733,44
3462997911656,44
3462998011578,44
3462998111500,43
3462998211422,44
3462998311344,43
3462998411268,43
3462998511190,45
3462998611112,44
3462998711034,44
3462998810956,47
3462998910878,43
3462999010800,44
3462999110722,44
3462999210646,44
3462999310568,43
3462999410490,43
3462999510412,43
3462999610334,44
3462999710256,44
3462999810178,43
3462999910100,43
3463000010022,43
3463000109944,43
3463000209866,44
3463000309788,44
3463000409710,43
3463000509633,44
3463000609555,43
3463000709477,44
3463000809399,44
3463000909321,44
3463001009243,43
3463001109165,43
3463001209087,44
3463001309009,43
3463001408931,44
3463001508853,43
3463001608777,45
3463001708701,58
3463001808624,46
3463001908546,46
3463002008470,46
3463002108392,44
3463002208316,44
3463002308239,44
3463002408162,44
3463002508086,45
3463002608008,44
3463002707930,45
3463002807853,44
3463002907775,43
3463003007697,43
3463003107621,43
3463003207543,44
3463003307466,44
3463003407388,43
3463003507311,44
3463003607233,44
3463003707157,44
3463003807081,45
3463003907003,45
3463004006925,43
3463004106849,43
3463004206771,43
3463004306693,46
3463004406615,43
3463004506537,44
3463004606459,46
3463004706381,44
3463004806305,44
3463004906227,45
3463005006149,44
3463005106074,44
3463005205996,48
3463005305918,43
3463005405840,46
3463005505762,45
3463005605684,45
3463005705606,44
3463005805528,44
3463005905450,44
3463006005372,46
3463006105294,44
3463006205216,43
3463006305138,48
3463006405060,44
3463006504982,47
3463006604904,46
3463006704826,45
3463006804750,44
3463006904674,55
3463007004596,45
3463007104518,47
3463007204441,46
3463007304363,43
3463007404285,44
3463007504207,43
3463007604129,43
3463007704051,44
3463007803973,49
3463007903895,43
3463008003817,43
3463008103739,44
3463008203661,44
3463008303583,44
3463008403527,44
3463008503449,43
3463008603371,44
3463008703295,44
3463008803217,44
3463008903139,44
3463009003061,43
3463009102983,46
3463009202905,44
3463009302827,43
3463009402749,43
3463009502671,43
3463009602593,43
3463009702515,44
3463009802438,45
3463009902360,44
3463010002282,44
3463010102204,43
3463010202126,44
3463010302048,44
3463010401970,47
3463010501893,44
3463010601815,43
3463010701737,44
3463010801659,46
3463010901581,43
3463011001503,43
3463011101427,43
3463011201349,44
3463011301271,44
3463011401193,44
3463011501115,43
3463011601037,44
3463011700961,48
3463011800883,44
