3466696740854,8288
3466696840788,5505
3466696940711,5537
3466697040633,5498
3466697140555,5896
3466697240477,5715
3466697340399,5770
3466697440321,5717
3466697540243,5735
3466697640165,5719
3466697740087,5508
3466697840010,5500
3466697939932,5500
3466698039854,5499
3466698139776,5517
3466698239698,5503
3466698339620,5496
3466698439542,5501
3466698539464,5495
3466698639386,5496
3466698739308,5500
3466698839230,5494
3466698939152,5496
3466699039074,5493
3466699138996,5514
3466699238918,5506
3466699338840,5495
3466699438762,5500
3466699538684,5513
3466699638606,5502
3466699738528,5496
3466699838450,5490
3466699938372,5488
3466700038294,5488
3466700138216,5493
3466700238138,5493
3466700338060,5495
3466700437982,5507
3466700537904,5495
3466700637826,5494
3466700737748,5512
3466700837670,5494
3466700937592,5490
3466701037514,5495
3466701137436,5492
3466701237358,5495
3466701337280,5489
3466701437202,5491
3466701537124,5490
3466701637046,5491
3466701736968,5490
3466701836891,5563
3466701936814,5702
3466702036737,5541
3466702136659,5544
3466702236581,5547
3466702336504,5763
3466702436426,5760
3466702536348,5766
3466702636270,5766
3466702736193,5575
3466702836115,5534
3466702936037,5533
3466703035959,5550
3466703135881,5559
3466703235803,5553
3466703335725,5545
3466703435647,5543
3466703535569,5550
3466703635491,5544
3466703735413,5542
3466703835335,5547
3466703935257,5546
3466704035179,5541
3466704135101,5581
3466704235023,5539
3466704334945,5536
3466704434867,5543
3466704534789,5537
3466704634711,5546
3466704734634,5556
3466704834556,5548
3466704934478,5552
3466705034400,5546
3466705134322,5541
3466705234244,5545
3466705334166,5545
3466705434088,5549
3466705534010,5541
3466705633932,5546
3466705733854,5545
3466705833776,5558
3466705933698,5542
3466706033621,5538
3466706133543,5545
3466706233466,5557
3466706333388,5546
3466706433310,5546
3466706533232,5545
3466706633154,5549
3466706733077,5568
3466706832999,5553
3466706932921,5622
3466707032844,5667
3466707132766,5492
3466707232688,5496
3466707332610,5496
3466707432533,5913
3466707532456,5722
3466707632378,5717
3466707732301,5742
3466707832223,5734
3466707932145,5725
3466708032076,5919
3466708131998,5713
3466708231921,5721
3466708331843,5719
3466708431765,5719
3466708531687,5758
3466708631609,5718
3466708731531,5508
3466708831453,5494
3466708931375,5489
3466709031297,5538
3466709131219,5495
3466709231141,5499
3466709331063,5495
3466709430985,5500
3466709530907,5501
3466709630829,5501
3466709730751,5505
3466709830674,5498
3466709930596,5500
3466710030519,5500
3466710130441,5490
3466710230370,5675
3466710330292,5497
3466710430214,5492
3466710530136,5489
3466710630058,5496
3466710729980,5512
3466710829902,5502
3466710929824,5495
3466711029746,5717
3466711129668,5497
3466711229590,5496
3466711329512,5497
3466711429434,5494
3466711529356,5498
3466711629278,5496
3466711729200,5494
3466711829122,5504
3466711929044,5492
3466712028966,5571
3466712128889,5705
3466712228811,5554
3466712328733,5539
3466712428656,5532
3466712528578,5817
3466712628501,5766
3466712728424,5778
3466712828346,5763
3466712928268,5553
3466713028190,5607
3466713128113,5544
3466713228035,5546
3466713327957,5544
3466713427879,5658
3466713527801,5612
3466713627723,5543
3466713727645,5551
3466713827568,5552
3466713927490,5537
3466714027412,5730
3466714127334,5535
3466714227256,5546
3466714327178,5542
3466714427100,5544
3466714527022,5616
3466714626944,5541
3466714726866,5553
3466714826788,5545
3466714926710,5550
3466715026632,5568
3466715126554,5550
3466715226476,5547
3466715326398,5545
3466715426320,5544
3466715526242,5531
3466715626164,5539
3466715726086,5545
3466715826008,5550
3466715925930,5548
3466716025852,5547
3466716125774,5553
3466716225696,5551
3466716325618,5550
3466716425540,5543
3466716525462,5545
3466716625384,5546
3466716725307,5545
3466716825229,5546
3466716925151,5539
3466717025073,5540
3466717124995,5608
3466717224918,5667
3466717324840,5488
3466717424762,5565
3466717524684,5492
3466717624606,5709
3466717724528,5710
3466717824451,5708
3466717924374,5737
3466718024296,5723
3466718124218,5714
3466718224140,5717
3466718324093,5710
3466718424015,5709
3466718523937,5722
3466718623860,5716
3466718723782,5522
3466718823704,5498
3466718923626,5496
3466719023548,5496
3466719123470,5494
3466719223392,5495
3466719323314,5492
3466719423236,5494
3466719523158,5498
3466719623080,5493
3466719723004,5495
3466719822926,5494
3466719922848,5501
3466720022770,5498
3466720122692,5497
3466720222614,5499
3466720322536,5503
3466720422458,5494
3466720522380,5493
3466720622302,5495
3466720722224,5502
3466720822146,5495
3466720922068,5493
3466721021990,5500
3466721121912,5494
3466721221834,5505
3466721321756,5499
3466721421678,5498
3466721521600,5496
3466721621522,5495
3466721721444,5495
3466721821367,5498
3466721921289,5498
3466722021212,5498
3466722121134,5492
3466722221057,5567
3466722320980,5699
3466722420903,5551
3466722520825,5542
3466722620747,5541
3466722720670,5920
3466722820600,5882
3466722920522,5771
3466723020444,5759
3466723120367,5636
3466723220290,5540
3466723320212,5543
3466723420134,5550
3466723520056,5540
3466723619978,5533
3466723719900,5545
3466723819822,5546
3466723919744,5547
3466724019666,5555
3466724119589,5545
3466724219511,5546
3466724319433,5545
3466724419355,5550
3466724519277,5541
3466724619199,5542
3466724719121,5567
3466724819043,5553
3466724918965,5547
3466725018887,5553
3466725118809,5547
3466725218731,5535
3466725318653,5557
3466725418575,5552
3466725518497,5547
3466725618419,5540
3466725718341,5548
3466725818264,5548
3466725918186,5545
3466726018108,5549
3466726118030,5542
3466726217952,5550
3466726317874,5550
3466726417796,5549
3466726517718,5545
3466726617640,5544
3466726717563,5542
3466726817485,5533
3466726917407,5547
3466727017329,5542
3466727117251,5543
3466727217173,5539
3466727317095,5616
3466727417018,5671
3466727516940,5510
3466727616862,5492
3466727716784,5524
3466727816706,5706
3466727916628,5709
3466728016550,5709
3466728116472,5733
3466728216394,5727
3466728316316,5721
3466728416238,5725
3466728516160,5707
3466728616082,5710
3466728716004,5509
3466728815926,5491
3466728915848,5497
3466729015770,5506
3466729115692,5500
3466729215614,5494
3466729315536,5498
3466729415458,5491
3466729515380,5491
3466729615302,5495
3466729715224,5490
3466729815147,5494
3466729915069,5494
3466730014991,5498
3466730114913,5496
3466730214835,5494
3466730314757,5491
3466730414679,5495
3466730514601,5493
3466730614523,5505
3466730714446,5498
3466730814369,5491
3466730914291,5494
3466731014213,5489
3466731114135,5495
3466731214057,5494
3466731313979,5497
3466731413901,5493
3466731513823,5499
3466731613745,5500
3466731713667,5497
3466731813589,5498
3466731913511,5492
3466732013433,5492
3466732113355,5493
3466732213277,5500
3466732313199,5495
3466732413121,5562
3466732513043,5690
3466732612966,5543
3466732712889,5557
3466732812811,5584
3466732912733,5893
3466733012656,5878
3466733112578,5971
3466733212501,5756
3466733312423,5566
3466733412345,5539
3466733512267,5544
3466733612189,5545
3466733712112,5552
3466733812035,5549
3466733911957,5549
3466734011879,5550
3466734111801,5548
3466734211724,5550
3466734311646,5552
3466734411569,5546
3466734511491,5550
3466734611413,5546
3466734711336,5540
3466734811258,5535
3466734911180,5546
3466735011102,5551
3466735111024,5547
3466735210946,5548
3466735310868,5555
3466735410790,5547
3466735510712,5553
3466735610634,5552
3466735710556,5551
3466735810478,5547
3466735910400,5550
3466736010322,5896
3466736110245,5552
3466736210168,5549
3466736310090,5538
3466736410012,5539
3466736509934,5543
3466736609857,5551
3466736709780,5561
3466736809702,5548
3466736909624,5546
3466737009546,5551
3466737109468,5553
3466737209390,5545
3466737309312,5548
3466737409234,5547
3466737509156,5616
3466737609079,5634
3466737709004,5490
3466737808927,5494
3466737908849,5541
3466738008771,5715
3466738108693,5717
3466738208616,5723
3466738308539,5733
3466738408462,5743
3466738508384,5713
3466738608307,5715
3466738708230,5506
3466738808152,5490
3466738908074,5487
3466739007996,5494
3466739107918,5493
3466739207841,5504
3466739307763,5494
3466739407685,5501
3466739507607,5499
3466739607529,5495
3466739707451,5493
3466739807373,5495
3466739907319,5600
3466740007241,5490
3466740107163,5488
3466740207085,5491
3466740307007,5489
3466740406929,5496
3466740506851,5491
3466740606773,5490
3466740706696,5507
3466740806618,5494
3466740906540,5492
3466741006462,5528
3466741106384,5498
3466741206307,5499
3466741306229,5488
3466741406151,5493
3466741506073,5498
3466741605995,5497
3466741705917,5496
3466741805840,5495
3466741905762,5495
3466742005684,5491
3466742105606,5493
3466742205528,5496
3466742305450,5493
3466742405372,5492
3466742505294,5497
3466742605217,5561
3466742705140,5647
3466742805062,5522
3466742904984,5540
3466743004906,5550
3466743104829,5761
3466743204752,5763
3466743304674,5769
3466743404596,5760
3466743504518,5776
3466743604440,5539
3466743704365,5533
3466743804287,5546
3466743904209,5539
3466744004131,5548
3466744104053,5543
3466744203975,5566
3466744303897,5535
3466744403819,5536
3466744503741,5554
3466744603664,5552
3466744703586,5585
3466744803508,5551
3466744903430,5555
3466745003352,5548
3466745103274,5550
3466745203196,5561
3466745303118,5547
3466745403040,5547
3466745502962,5552
3466745602884,5549
3466745702806,5563
3466745802729,5551
3466745902651,5539
3466746002573,5538
3466746102495,5554
3466746202418,5569
3466746302340,5549
3466746402263,5548
3466746502185,5544
3466746602107,5549
3466746702029,5583
3466746801951,5546
3466746901873,5557
3466747001795,5553
3466747101717,5540
3466747201639,5596
3466747301561,5554
3466747401483,5548
3466747501405,5547
