3537096697112,6192
3537096797046,2884
3537096896969,2781
3537096996893,2776
3537097096818,2769
3537097196742,2769
3537097296666,2768
3537097396590,2770
3537097496514,2771
3537097596436,2771
3537097696358,2774
3537097796280,2761
3537097896202,2766
3537097996126,2764
3537098096048,2763
3537098195974,2766
3537098295897,2766
3537098395819,2763
3537098495743,2762
3537098595665,2762
3537098695587,2803
3537098795509,2761
3537098895431,2757
3537098995353,2766
3537099095278,2774
3537099195201,2759
3537099295123,2759
3537099395045,2758
3537099494967,2766
3537099594889,2770
3537099694811,2759
3537099794733,2763
3537099894655,2760
3537099994577,2759
3537100094500,2761
3537100194422,2763
3537100294344,2762
3537100394267,2763
3537100494189,2759
3537100594111,2759
3537100694033,2796
3537100793955,2769
3537100893877,2766
3537100993799,2765
3537101093721,2767
3537101193643,2764
3537101293565,2767
3537101393487,2764
3537101493409,2769
3537101593331,2767
3537101693253,2762
3537101793175,2765
3537101893097,2767
3537101993019,2762
3537102092943,2765
3537102192865,2765
3537102292787,2765
3537102392709,2768
3537102492631,2772
3537102592553,2769
3537102692476,2807
3537102792398,2771
3537102892320,2766
3537102992242,2770
3537103092164,2764
3537103192086,2764
3537103292008,2764
3537103391930,2767
3537103491852,2767
3537103591774,2768
3537103691696,2766
3537103791618,2767
3537103891540,2770
3537103991462,2766
3537104091384,2766
3537104191306,2768
3537104291228,2760
3537104391150,2760
3537104491072,2763
3537104590994,2762
3537104690916,2798
3537104790838,2764
3537104890760,2766
3537104990682,2761
3537105090604,2776
3537105190527,2773
3537105290449,2760
3537105390371,2762
3537105490294,2769
3537105590216,2764
3537105690138,2760
3537105790060,2758
3537105889982,2764
3537105989904,2768
3537106089826,2763
3537106189748,2759
3537106289670,2764
3537106389592,2765
3537106489514,2756
3537106589436,2763
3537106689359,2781
3537106789283,2833
3537106889208,2848
3537106989131,2884
3537107089053,2785
3537107188977,2776
3537107288901,2776
3537107388823,2772
3537107488745,2774
3537107588667,2772
3537107688589,2811
3537107788513,2778
3537107888435,2778
3537107988357,2775
3537108088281,2777
3537108188205,2770
3537108288129,2883
3537108388052,2881
3537108487975,2884
3537108587897,2882
3537108687820,2843
3537108787742,2775
3537108887664,2776
3537108987586,2776
3537109087508,2768
3537109187430,2761
3537109287352,2773
3537109387274,2777
3537109487197,2831
3537109587119,2771
3537109687041,2803
3537109786963,2775
3537109886885,2774
3537109986807,2779
3537110086729,2779
3537110186651,2772
3537110286573,2775
3537110386495,2846
3537110486417,2778
3537110586339,2783
3537110686261,2788
3537110786184,2766
3537110886106,2772
3537110986028,2774
3537111085950,2781
3537111185872,2774
3537111285794,2772
3537111385716,2778
3537111485638,2780
3537111585560,2775
3537111685482,2776
3537111785405,2780
3537111885327,2867
3537111985249,2777
3537112085171,2776
3537112185093,2773
3537112285015,2769
3537112384937,2767
3537112484859,2782
3537112584781,2779
3537112684703,2776
3537112784627,2778
3537112884549,2779
3537112984471,2773
3537113084393,2778
3537113184315,2774
3537113284237,2776
3537113384159,2775
3537113484081,2777
3537113584006,2775
3537113683928,2775
3537113783850,2775
3537113883772,2772
3537113983694,2782
3537114083616,2779
3537114183538,2782
3537114283460,2776
3537114383382,2780
3537114483304,2780
3537114583226,2773
3537114683148,2774
3537114783071,2780
3537114882993,2775
3537114982915,2776
3537115082837,2781
3537115182759,2780
3537115282682,2785
3537115382604,2783
3537115482526,2772
3537115582448,2777
3537115682370,2775
3537115782292,2780
3537115882214,2776
3537115982136,2776
3537116082058,2778
3537116181980,2779
3537116281902,2776
3537116381824,2775
3537116481746,2778
3537116581668,2784
3537116681591,2778
3537116781514,2781
3537116881438,2887
3537116981363,2869
3537117081286,2950
3537117181208,2769
3537117281132,2760
3537117381054,2761
3537117480978,2765
3537117580902,2763
3537117680824,2764
3537117780748,2761
3537117880670,2763
3537117980592,2764
3537118080516,2777
3537118180440,2759
3537118280380,2765
3537118380303,2763
3537118480227,2764
3537118580149,2765
3537118680071,2761
3537118779993,2763
3537118879917,2767
3537118979839,2764
3537119079761,2767
3537119179683,2765
3537119279605,2764
3537119379527,2759
3537119479449,2769
3537119579371,2766
3537119679295,2758
3537119779219,2757
3537119879141,2760
3537119979063,2763
3537120078985,2759
3537120178907,2762
3537120278829,2764
3537120378751,2766
3537120478673,2765
3537120578595,2762
3537120678518,2764
3537120778440,2760
3537120878362,2766
3537120978284,2763
3537121078206,2763
3537121178128,2763
3537121278050,2765
3537121377972,2765
3537121477894,2763
3537121577816,2766
3537121677738,2763
3537121777660,2763
3537121877582,2766
3537121977504,2767
3537122077426,2762
3537122177348,2762
3537122277270,2768
3537122377192,2764
3537122477114,2760
3537122577036,2760
3537122676958,2761
3537122776880,2762
3537122876802,2760
3537122976724,2765
3537123076646,2758
3537123176568,2764
3537123276490,2759
3537123376412,2764
3537123476334,2770
3537123576256,2767
3537123676178,2759
3537123776100,2762
3537123876022,2758
3537123975944,2767
3537124075866,2764
3537124175788,2765
3537124275710,2769
3537124375632,2764
3537124475554,2768
3537124575476,2760
3537124675398,2766
3537124775321,2762
3537124875243,2762
3537124975165,2759
3537125075087,2762
3537125175009,2759
3537125274931,2761
3537125374853,2770
3537125474776,2763
3537125574698,2765
3537125674620,2759
3537125774542,2758
3537125874464,2762
3537125974386,2758
3537126074308,2761
3537126174230,2761
3537126274152,2760
3537126374074,2757
3537126473996,2767
3537126573918,2774
3537126673840,2763
3537126773762,2771
3537126873684,2765
3537126973607,2760
3537127073531,2840
3537127173456,2869
3537127273378,2923
3537127373300,2788
3537127473224,2774
3537127573148,2777
3537127673072,2778
3537127772994,2778
3537127872918,2776
3537127972841,2777
3537128072763,2779
3537128172687,2778
3537128272611,2774
3537128372533,2772
3537128472455,2780
3537128572377,2780
3537128672299,2782
3537128772221,2772
3537128872144,2777
3537128972066,2779
3537129071989,2795
3537129171913,2774
3537129271835,2779
3537129371757,2783
3537129471679,2779
3537129571601,2782
3537129671523,2782
3537129771445,2777
3537129871367,2771
3537129971289,2771
3537130071211,2776
3537130171133,2771
3537130271055,2772
3537130370979,2775
3537130470901,2778
3537130570823,2772
3537130670745,2778
3537130770667,2775
3537130870589,2773
3537130970511,2777
3537131070433,2776
3537131170355,2777
3537131270277,2771
3537131370199,2771
3537131470121,2766
3537131570043,2768
3537131669965,2773
3537131769887,2774
3537131869809,2773
3537131969731,2779
3537132069653,2773
3537132169577,2778
3537132269499,2771
3537132369421,2770
3537132469343,2775
3537132569265,2776
3537132669187,2773
3537132769109,2773
3537132869031,2774
3537132968953,2776
3537133068875,2767
3537133168797,2771
3537133268719,2774
3537133368641,2773
3537133468563,2777
3537133568485,2776
3537133668407,2774
3537133768329,2779
3537133868251,2776
3537133968173,2771
3537134068095,2771
3537134168017,2774
3537134267939,2775
3537134367861,2776
3537134467783,2771
3537134567705,2772
3537134667627,2870
3537134767549,2772
3537134867473,2774
3537134967395,2776
3537135067317,2780
3537135167239,2779
3537135267161,2770
3537135367083,2773
3537135467005,2774
3537135566927,2778
3537135666849,2785
3537135766771,2776
3537135866693,2780
3537135966615,2776
3537136066537,2772
3537136166459,2774
3537136266381,2770
3537136366303,2767
3537136466225,2772
3537136566147,2773
3537136666069,2789
3537136765991,2776
3537136865913,2774
3537136965835,2774
3537137065757,2775
3537137165679,2778
3537137265603,2846
3537137365528,2863
3537137465451,2893
3537137565373,2775
3537137665296,2885
3537137765220,2874
3537137865143,2872
3537137965066,2873
3537138064988,2875
3537138164910,2873
3537138264833,2873
3537138364755,2876
3537138464677,2871
3537138564599,2872
3537138664521,2910
3537138764443,2766
3537138864365,2764
3537138964287,2763
3537139064209,2758
3537139164131,2761
3537139264053,2763
3537139363975,2765
3537139463899,2768
3537139563821,2770
3537139663743,2772
3537139763665,2767
3537139863604,2773
3537139963526,2767
3537140063450,2766
3537140163372,2773
3537140263294,2767
3537140363216,2762
3537140463138,2759
3537140563060,2763
3537140662982,2803
3537140762904,2770
3537140862826,2766
3537140962748,2765
3537141062670,2771
3537141162592,2765
3537141262514,2769
3537141362436,2765
3537141462358,2764
3537141562280,2767
3537141662202,2762
3537141762124,2761
3537141862046,2765
3537141961968,2767
3537142061890,2763
3537142161812,2765
3537142261734,2763
3537142361656,2769
3537142461578,2765
3537142561500,2762
3537142661422,2809
3537142761344,2772
3537142861266,2764
3537142961188,2758
3537143061110,2761
3537143161032,2765
3537143260954,2764
3537143360876,2760
3537143460798,2767
3537143560720,2765
3537143660642,2766
3537143760564,2767
3537143860486,2762
3537143960408,2764
3537144060330,2761
3537144160252,2763
3537144260174,2762
3537144360096,2799
3537144460018,2759
3537144559940,2763
3537144659862,2797
3537144759784,2761
3537144859706,2759
3537144959628,2763
3537145059550,2760
3537145159472,2764
3537145259394,2763
3537145359316,2768
3537145459238,2755
3537145559160,2760
3537145659082,2760
3537145759004,2762
3537145858927,2773
3537145958849,2769
3537146058771,2762
3537146158693,2762
3537146258615,2760
3537146358537,2760
3537146458459,2763
3537146558381,2761
3537146658303,2800
3537146758225,2766
3537146858147,2760
3537146958069,2765
3537147057991,2765
3537147157913,2762
3537147257835,2768
3537147357757,2759
3537147457681,2839
3537147557606,2853
3537147657529,2885
3537147757451,2783
3537147857375,2887
3537147957299,2885
3537148057223,2890
3537148157145,2893
3537148257067,2882
3537148356991,2882
3537148456914,2888
3537148556836,2775
3537148656758,2801
3537148756680,2772
3537148856602,2772
3537148956526,2776
3537149056450,2768
3537149156374,2772
3537149256296,2775
3537149356218,2770
3537149456142,2771
3537149556064,2773
3537149655986,2775
3537149755908,2775
3537149855830,2843
3537149955752,2777
3537150055676,2774
3537150155598,2773
3537150255520,2776
3537150355443,2774
3537150455365,2776
3537150555287,2773
3537150655209,2807
3537150755131,2768
3537150855053,2774
3537150954975,2777
3537151054897,2775
3537151154819,2776
3537151254741,2822
3537151354663,2845
3537151454585,2779
3537151554507,2774
3537151654429,2776
3537151754351,2774
3537151854273,2779
3537151954195,2772
3537152054117,2846
3537152154039,2774
3537152253961,2773
3537152353883,2778
3537152453806,2793
3537152553729,2779
3537152653652,2818
3537152753574,2776
3537152853496,2779
3537152953418,2791
3537153053340,2780
3537153153262,2777
3537153253185,2773
3537153353107,2774
3537153453029,2789
3537153552951,2779
3537153652873,2782
3537153752796,2782
3537153852718,2777
3537153952640,2785
3537154052562,2775
3537154152484,2778
3537154252406,2779
3537154352328,2778
3537154452250,2797
3537154552172,2772
3537154652094,2812
3537154752017,2780
3537154851939,2781
3537154951861,2793
3537155051783,2782
3537155151705,2778
3537155251627,2776
3537155351549,2774
3537155451471,2784
3537155551393,2775
3537155651315,2780
3537155751237,2775
3537155851159,2770
3537155951081,2773
3537156051004,2782
3537156150926,2773
3537156250848,2778
3537156350770,2807
3537156450692,2774
3537156550614,2771
3537156650536,2802
3537156750459,2773
3537156850381,2778
3537156950303,2773
3537157050225,2759
3537157150147,2764
3537157250069,2767
3537157349991,2776
3537157449913,2775
3537157549837,2847
3537157649762,2862
3537157749684,2926
3537157849606,2884
3537157949531,2877
3537158049455,2876
3537158149379,2875
3537158249303,2869
3537158349227,2868
3537158449151,2873
3537158549073,2760
3537158648995,2760
3537158748917,2767
3537158848839,2757
3537158948761,2764
3537159048683,2761
3537159148608,2809
3537159248530,2770
3537159348452,2759
3537159448374,2767
3537159548296,2768
3537159648218,2757
3537159748140,2758
3537159848062,2757
3537159947984,2761
3537160047906,2762
3537160147828,2764
3537160247750,2769
3537160347672,2764
3537160447594,2760
3537160547516,2766
3537160647438,2762
3537160747361,2768
3537160847283,2760
3537160947205,2760
3537161047127,2758
3537161147049,2756
3537161246971,2764
3537161346913,2764
3537161446835,2763
3537161546757,2761
3537161646679,2760
3537161746601,2785
3537161846523,2761
3537161946445,2767
3537162046367,2761
3537162146289,2760
3537162246211,2761
3537162346133,2795
3537162446055,2758
3537162545977,2761
3537162645899,2764
3537162745821,2760
3537162845743,2764
3537162945665,2762
3537163045587,2758
3537163145509,2764
3537163245431,2760
3537163345353,2764
3537163445275,2767
3537163545197,2762
3537163645119,2760
3537163745041,2762
3537163844963,2769
3537163944885,2763
3537164044807,2762
3537164144729,2759
3537164244651,2766
3537164344573,2759
3537164444495,2764
3537164544417,2762
3537164644339,2762
3537164744261,2767
3537164844183,2756
3537164944105,2759
3537165044027,2761
3537165143949,2766
3537165243871,2768
3537165343793,2765
3537165443715,2769
3537165543637,2767
3537165643559,2763
3537165743481,2766
3537165843403,2763
3537165943325,2766
3537166043247,2765
3537166143169,2765
3537166243092,2767
3537166343014,2766
3537166442937,2774
3537166542859,2767
3537166642781,2771
3537166742703,2770
3537166842625,2770
3537166942547,2767
3537167042469,2767
3537167142391,2768
3537167242313,2766
3537167342235,2772
3537167442157,2763
3537167542079,2764
3537167642003,2760
3537167741927,2839
3537167841852,2877
3537167941775,2889
3537168041697,2787
3537168141620,2782
3537168241544,2883
3537168341466,2879
3537168441389,2888
3537168541311,2888
3537168641233,2890
3537168741157,2773
3537168841079,2773
3537168941004,2767
3537169040926,2774
3537169140848,2777
3537169240770,2772
3537169340692,2777
3537169440614,2777
3537169540536,2777
3537169640458,2779
3537169740380,2776
3537169840302,2771
3537169940224,2764
3537170040146,2768
3537170140068,2769
3537170239990,2771
3537170339912,2775
3537170439834,2776
3537170539756,2775
3537170639678,2770
3537170739601,2788
3537170839523,2776
3537170939445,2779
3537171039369,2781
3537171139292,2773
3537171239214,2767
3537171339136,2771
3537171439058,2762
3537171538980,2773
3537171638902,2777
3537171738824,2780
3537171838746,2774
3537171938668,2810
3537172038590,2768
3537172138512,2773
3537172238436,2772
3537172338358,2772
3537172438280,2769
3537172538202,2768
3537172638124,2769
3537172738046,2774
3537172837968,2775
3537172937890,2774
3537173037812,2766
3537173137734,2770
3537173237656,2776
3537173337578,2774
3537173437500,2777
3537173537422,2776
3537173637344,2773
3537173737267,2775
3537173837189,2772
3537173937111,2772
3537174037033,2773
3537174136955,2784
3537174236877,2776
3537174336799,2770
3537174436722,2777
3537174536644,2776
3537174636566,2772
3537174736489,2771
3537174836411,2777
3537174936333,2776
3537175036255,2774
3537175136177,2774
3537175236099,2768
3537175336021,2773
3537175435943,2775
3537175535865,2771
3537175635787,2776
3537175735709,2776
3537175835631,2771
3537175935553,2772
3537176035475,2773
3537176135397,2773
3537176235319,2772
3537176335241,2766
3537176435164,2780
3537176535087,2778
3537176635009,2774
3537176734931,2775
3537176834853,2776
3537176934775,2778
3537177034697,2776
3537177134619,2777
3537177234541,2776
3537177334463,2773
3537177434385,2778
3537177534307,2778
3537177634229,2769
3537177734151,2770
3537177834075,2834
3537177933999,2860
3537178033929,2899
3537178133851,2890
3537178233775,2877
3537178333699,2877
3537178433623,2876
3537178533547,2876
3537178633471,2875
3537178733395,2767
3537178833317,2763
3537178933239,2767
3537179033161,2764
3537179133085,2765
3537179233009,2762
3537179332931,2771
3537179432853,2770
3537179532775,2770
3537179632697,2769
3537179732619,2771
3537179832541,2780
3537179932463,2782
3537180032385,2765
3537180132307,2804
3537180232229,2789
3537180332151,2775
3537180432073,2776
3537180531995,2788
3537180631917,2769
3537180731839,2769
3537180831761,2766
3537180931683,2762
3537181031605,2770
3537181131527,2768
3537181231449,2768
3537181331371,2764
3537181431293,2766
3537181531215,2762
3537181631137,2761
3537181731059,2758
3537181830981,2764
3537181930903,2772
3537182030825,2765
3537182130747,2765
3537182230669,2764
3537182330591,2766
3537182430513,2763
3537182530435,2808
3537182630357,2765
3537182730279,2764
3537182830201,2764
3537182930139,2758
3537183030061,2833
3537183129983,2763
3537183229905,2766
3537183329827,2763
3537183429749,2762
3537183529671,2835
3537183629593,2763
3537183729515,2760
3537183829437,2767
3537183929359,2762
3537184029281,2778
3537184129203,2762
3537184229125,2764
3537184329047,2764
3537184428969,2760
3537184528891,2764
3537184628813,2760
3537184728735,2767
3537184828657,2763
3537184928579,2764
3537185028501,2765
3537185128423,2761
3537185228345,2763
3537185328267,2761
3537185428189,2808
3537185528111,2758
3537185628033,2757
3537185727955,2764
3537185827877,2765
3537185927799,2762
3537186027721,2761
3537186127643,2763
3537186227565,2770
3537186327487,2764
3537186427409,2830
3537186527331,2768
3537186627254,3076
3537186727177,2762
3537186827099,2761
3537186927021,2759
3537187026943,2759
3537187126865,2764
3537187226787,2768
3537187326709,2766
3537187426631,2848
3537187526553,2769
3537187626475,2764
3537187726397,2764
3537187826319,2763
3537187926242,2840
3537188026167,2845
3537188126089,2923
3537188226011,2782
3537188325935,2780
3537188425859,2842
3537188525783,2778
3537188625706,2773
3537188725630,2777
3537188825554,2770
3537188925478,2775
3537189025402,2773
3537189125326,2771
3537189225248,2776
3537189325170,2775
3537189425092,2783
3537189525014,2768
3537189624936,2775
3537189724858,2769
3537189824782,2767
3537189924704,2775
3537190024626,2775
3537190124548,2775
3537190224471,2774
3537190324393,2776
3537190424315,2787
3537190524237,2778
3537190624159,2767
3537190724082,2770
3537190824007,2773
3537190923929,2779
3537191023852,2783
3537191123774,2779
3537191223696,2781
3537191323618,2778
3537191423540,2780
3537191523462,2774
3537191623384,2779
3537191723306,2780
3537191823230,2777
3537191923152,2774
3537192023076,2774
3537192123004,2775
3537192222926,2771
3537192322848,2774
3537192422770,2795
3537192522693,2781
3537192622615,2774
3537192722538,2781
3537192822460,2782
3537192922382,2777
3537193022304,2777
3537193122226,2785
3537193222148,2778
3537193322070,2774
3537193421992,2796
3537193521914,2776
3537193621838,2780
3537193721760,2784
3537193821682,2772
3537193921604,2770
3537194021526,2776
3537194121449,2778
3537194221371,2776
3537194321293,2778
3537194421215,2794
3537194521137,2771
3537194621059,2861
3537194720981,2776
3537194820903,2775
3537194920825,2774
3537195020747,2776
3537195120669,2773
3537195220591,2776
3537195320513,2777
3537195420435,2789
3537195520357,2768
3537195620279,2776
3537195720201,2775
3537195820123,2771
3537195920045,2776
3537196019967,2770
3537196119889,2776
3537196219811,2776
3537196319733,2776
3537196419655,2771
3537196519577,2776
3537196619499,2776
3537196719422,2776
3537196819344,2781
3537196919266,2774
3537197019189,2773
3537197119111,2765
3537197219033,2777
3537197318955,2774
3537197418877,2773
3537197518799,2776
3537197618721,2777
3537197718644,2773
3537197818566,2778
3537197918488,2765
