3463012237727,219
3463012337661,87
3463012437583,90
3463012537505,90
3463012637427,93
3463012737351,94
3463012837275,86
3463012937197,87
3463013037119,89
3463013137041,86
3463013236963,90
3463013336886,86
3463013436809,87
3463013536733,87
3463013636657,87
3463013736579,86
3463013836502,86
3463013936426,88
3463014036348,87
3463014136270,86
3463014236192,87
3463014336114,88
3463014436036,86
3463014535958,91
3463014635880,86
3463014735802,86
3463014835724,86
3463014935646,86
3463015035568,87
3463015135490,86
3463015235414,87
3463015335336,86
3463015435258,90
3463015535180,87
3463015635102,87
3463015735024,87
3463015834946,90
3463015934868,87
3463016034791,87
3463016134713,86
3463016234637,86
3463016334560,86
3463016434482,87
3463016534404,86
3463016634326,86
3463016734248,87
3463016834170,86
3463016934093,87
3463017034015,86
3463017133937,91
3463017233860,86
3463017333783,88
3463017433708,103
3463017533630,86
3463017633552,90
3463017733474,90
3463017833397,92
3463017933321,90
3463018033243,91
3463018133165,86
3463018233087,85
3463018333009,86
3463018432931,89
3463018532853,86
3463018632775,86
3463018732697,87
3463018832619,86
3463018932542,87
3463019032464,87
3463019132387,87
3463019232311,87
3463019332233,86
3463019432155,87
3463019532077,86
3463019631999,90
3463019731921,90
3463019831843,86
3463019931765,86
3463020031687,86
3463020131609,86
3463020231531,87
3463020331453,86
3463020431375,86
3463020531297,87
3463020631219,86
3463020731141,87
3463020831063,87
3463020930985,91
3463021030907,86
3463021130829,86
3463021230751,87
3463021330673,86
3463021430595,86
3463021530517,86
3463021630439,86
3463021730361,87
3463021830285,87
3463021930207,87
3463022030129,86
3463022130051,87
3463022229973,89
3463022329895,87
3463022429817,86
3463022529741,87
3463022629666,105
3463022729589,86
3463022829511,89
3463022929433,89
3463023029355,96
3463023129277,87
3463023229199,87
3463023329122,87
3463023429044,86
3463023528966,90
3463023628890,86
3463023728814,86
3463023828736,86
3463023928658,87
3463024028580,87
3463024128502,86
3463024228426,86
3463024328348,87
3463024428271,86
3463024528193,87
3463024628115,86
3463024728037,87
3463024827959,90
3463024927881,86
3463025027803,86
3463025127725,85
3463025227647,86
3463025327569,86
3463025427491,89
3463025527413,89
3463025627335,90
3463025727257,90
3463025827180,90
3463025927102,90
3463026027024,100
3463026126946,90
3463026226868,86
3463026326790,87
3463026426712,86
3463026526634,87
3463026626556,86
3463026726478,86
3463026826400,87
3463026926322,86
3463027026244,90
3463027126166,86
3463027226088,89
3463027326010,86
3463027425932,92
3463027525854,90
3463027625778,90
3463027725703,103
3463027825625,86
3463027925547,90
3463028025469,89
3463028125391,88
3463028225313,100
3463028325235,89
3463028425157,89
3463028525081,89
3463028625004,101
3463028724926,91
3463028824848,86
3463028924770,87
3463029024692,86
3463029124614,86
3463029224536,86
3463029324458,87
3463029424380,85
3463029524304,89
3463029624226,89
3463029724148,90
3463029824070,87
3463029923992,93
3463030023914,92
3463030123836,86
3463030223759,87
3463030323681,85
3463030423603,86
3463030523525,86
3463030623447,86
3463030723369,87
3463030823291,100
3463030923215,90
3463031023137,90
3463031123059,90
3463031222981,102
3463031322903,86
3463031422825,86
3463031522747,86
3463031622669,86
3463031722591,87
3463031822514,87
3463031922436,87
3463032022358,86
3463032122280,101
3463032222202,87
3463032322124,90
3463032422046,86
3463032521968,89
3463032621890,86
3463032721812,87
3463032821734,87
3463032921656,86
3463033021578,87
3463033121500,86
3463033221425,105
3463033321352,87
3463033421274,90
3463033521196,89
3463033621118,91
3463033721040,100
3463033820962,90
3463033920884,87
3463034020808,86
3463034120730,86
3463034220652,87
3463034320574,87
3463034420496,86
3463034520418,86
3463034620340,87
3463034720262,87
3463034820184,90
3463034920106,87
3463035020028,86
3463035119950,89
3463035219872,87
3463035319794,86
3463035419716,86
3463035519638,87
3463035619560,86
3463035719482,87
3463035819404,86
3463035919326,101
3463036019248,90
3463036119170,90
3463036219092,89
3463036319033,103
3463036418955,90
3463036518877,87
3463036618799,89
3463036718721,86
3463036818643,86
3463036918565,87
3463037018487,87
3463037118409,86
3463037218331,98
3463037318253,86
3463037418175,91
3463037518097,89
3463037618019,90
3463037717941,89
3463037817864,86
3463037917786,86
3463038017710,85
3463038117635,103
3463038217557,86
3463038317479,90
3463038417401,89
3463038517323,106
3463038617245,94
3463038717167,90
3463038817089,90
3463038917011,101
3463039016933,89
3463039116857,86
3463039216779,86
3463039316701,86
3463039416624,89
3463039516546,90
3463039616468,90
3463039716390,87
3463039816312,85
3463039916234,86
3463040016156,89
3463040116078,86
3463040216003,87
3463040315925,89
3463040415847,86
3463040515769,86
3463040615691,87
3463040715613,87
3463040815537,85
3463040915459,85
3463041015381,86
3463041115303,100
3463041215225,90
3463041315147,90
3463041415072,90
3463041514994,103
3463041614916,90
3463041714838,86
3463041814760,87
3463041914682,87
3463042014604,86
3463042114526,86
3463042214448,86
3463042314370,86
3463042414292,86
3463042514214,86
3463042614136,86
3463042714058,86
3463042813980,91
3463042913902,87
3463043013824,86
3463043113748,89
3463043213673,103
3463043313595,86
3463043413517,90
3463043513439,89
3463043613361,93
3463043713283,90
3463043813205,90
3463043913127,90
3463044013049,89
3463044112971,90
3463044212893,86
3463044312815,87
3463044412737,87
3463044512661,86
3463044612583,89
3463044712507,87
3463044812429,86
3463044912351,88
3463045012273,85
3463045112195,86
3463045212118,87
3463045312040,85
3463045411962,89
3463045511884,86
3463045611806,86
3463045711728,86
3463045811650,88
3463045911572,86
3463046011494,86
3463046111417,86
3463046211341,86
3463046311263,86
3463046411185,86
3463046511107,87
3463046611029,86
3463046710951,90
3463046810873,88
3463046910795,86
3463047010717,85
3463047110639,85
3463047210563,86
3463047310485,86
3463047410407,86
3463047510330,87
3463047610252,86
3463047710174,88
3463047810096,86
3463047910019,86
3463048009941,90
3463048109863,86
3463048209785,86
3463048309709,87
3463048409634,103
3463048509556,86
3463048609478,90
3463048709400,90
3463048809322,87
3463048909244,86
3463049009166,86
3463049109088,86
3463049209010,86
3463049308934,89
3463049408856,87
3463049508778,86
3463049608700,86
3463049708622,85
3463049808546,87
3463049908468,86
3463050008391,87
3463050108315,86
3463050208237,87
3463050308159,86
3463050408081,86
3463050508004,87
3463050607928,88
3463050707850,87
3463050807772,86
3463050907694,86
3463051007616,86
3463051107538,86
3463051207460,87
3463051307383,87
3463051407305,86
3463051507227,87
3463051607149,86
3463051707071,86
3463051806993,89
3463051906915,89
3463052006837,86
3463052106759,87
3463052206681,87
3463052306603,86
3463052406525,86
3463052506447,87
3463052606369,86
3463052706291,87
3463052806213,87
3463052906135,86
3463053006057,86
3463053105979,92
3463053205901,86
3463053305823,86
3463053405747,88
3463053505672,104
3463053605594,86
3463053705516,90
3463053805439,91
3463053905361,91
3463054005283,89
3463054105205,90
3463054205127,90
3463054305051,89
3463054404974,100
3463054504896,89
3463054604818,89
3463054704740,86
3463054804662,86
3463054904584,86
3463055004506,86
3463055104428,86
3463055204350,86
3463055304272,88
3463055404194,86
3463055504116,85
3463055604038,86
3463055703960,110
3463055803884,86
3463055903806,87
3463056003728,86
3463056103650,85
3463056203572,86
3463056303494,86
3463056403416,86
3463056503338,86
3463056603260,87
3463056703184,91
3463056803106,86
3463056903028,86
3463057002950,89
3463057102872,86
3463057202794,86
3463057302716,86
3463057402638,86
3463057502560,87
3463057602482,86
3463057702404,89
3463057802326,87
3463057902248,85
3463058002170,86
3463058102092,87
3463058202014,87
3463058301936,90
3463058401858,86
3463058501781,86
3463058601706,103
3463058701628,87
3463058801550,90
3463058901472,90
3463059001394,91
3463059101316,87
3463059201240,86
3463059301163,87
3463059401085,86
3463059501007,86
3463059600929,90
3463059700851,87
3463059800773,86
3463059900696,87
3463060000618,86
3463060100540,86
3463060200462,87
3463060300402,87
3463060400327,87
3463060500250,87
3463060600174,86
3463060700096,86
3463060800018,87
3463060899942,88
3463060999864,86
3463061099786,87
3463061199708,86
3463061299630,86
3463061399552,85
3463061499476,87
3463061599398,85
3463061699320,87
3463061799243,87
3463061899165,87
3463061999087,86
3463062099009,86
3463062198931,89
3463062298853,85
3463062398775,86
3463062498697,86
3463062598619,85
3463062698542,100
3463062798464,87
3463062898386,87
3463062998308,87
3463063098230,86
3463063198152,87
3463063298074,86
3463063397996,89
3463063497919,89
