718932004557,10971
718932104474,5982
718932204376,4865
718932304279,4852
718932404181,4848
718932504083,4857
718932603985,4850
718932703887,5211
718932803789,4854
718932903691,4818
718933003593,4859
718933103495,4851
718933203397,4861
718933303299,4847
718933403201,4849
718933503103,4845
718933603005,4847
718933702907,4832
718933802809,4846
718933902711,4854
718934002613,4853
718934102515,4854
718934202417,4862
718934302319,4853
718934402221,4854
718934502123,4809
718934602025,4848
718934701927,4889
718934801829,4849
718934901731,4854
718935001633,4849
718935101535,4856
718935201437,4866
718935301339,4839
718935401241,4850
718935501143,4847
718935601045,4846
718935700947,4875
718935800849,4849
718935900751,4847
718936000653,4850
718936100555,4819
718936200457,4862
718936300359,4849
718936400261,4851
718936500163,4855
718936600065,4843
718936699967,4883
718936799869,4850
718936899771,4821
718936999673,4852
718937099575,4845
718937199477,4848
718937299379,4844
718937399281,4849
718937499183,4847
718937599085,4846
718937698987,4820
718937798889,4848
718937898791,4847
718937998693,4844
718938098595,4848
718938198497,4849
718938298399,4845
718938398301,4850
718938498203,4815
718938598105,4844
718938698007,4923
718938797909,4846
718938897811,4847
718938997713,4844
718939097615,4844
718939197517,4850
718939297419,4810
718939397321,4852
718939497223,4845
718939597125,4842
718939697027,4848
718939796929,4849
718939896831,4845
718939996733,4878
718940096635,4817
718940196537,4846
718940296439,4844
718940396341,4845
718940496243,4852
718940596145,4845
718940696047,4879
718940795949,4846
718940895851,4810
718940995753,4880
718941095655,4846
718941195557,4845
718941295459,4849
718941395361,4846
718941495263,4847
718941595165,4846
718941695067,4818
718941794969,4852
718941894871,4848
718941994773,4883
718942094676,5069
718942194578,4865
718942294480,4880
718942394382,4893
718942494284,4866
718942594186,4873
718942694088,4955
718942793990,4867
718942893892,4867
718942993794,4930
718943093696,4860
718943193598,4882
718943293500,4887
718943393402,4893
718943493304,4890
718943593206,4881
718943693108,4900
718943793010,4887
718943892912,4884
718943992814,4883
718944092716,4894
718944192618,4895
718944292520,4897
718944392422,4886
718944492324,4896
718944592226,4909
718944692128,4949
718944792030,4880
718944891932,4898
718944991834,4887
718945091736,4894
718945191638,4892
718945291540,4875
718945391442,4891
718945491344,4909
718945591246,4887
718945691148,4898
718945791050,4890
718945890952,4873
718945990854,4879
718946090756,4883
718946190658,4895
718946290560,4871
718946390462,4883
718946490364,4888
718946590266,4880
718946690168,4926
718946790070,4882
718946889972,4897
718946989874,4885
718947089776,4895
718947189678,4872
718947289580,4894
718947389482,4896
718947489384,4882
718947589286,4893
718947689188,4873
718947789090,4889
718947888992,4865
718947988894,4892
718948088796,4890
718948188698,4893
718948288600,4880
718948388502,5214
718948488404,4878
718948588306,4876
718948688208,4934
718948788110,4859
718948888012,4918
718948987914,4885
718949087816,4878
718949187718,4877
718949287620,4876
718949387522,4884
718949487424,4890
718949587326,4881
718949687228,4879
718949787130,4885
718949887032,4868
718949986934,4895
718950086836,4884
718950186738,4874
718950286640,4870
718950386542,4886
718950486444,4888
718950586346,4867
718950686248,4908
718950786150,4858
718950886052,4876
718950985954,4881
718951085856,4880
718951185758,4881
718951285660,4898
718951385562,4895
718951485464,4883
718951585366,4884
718951685268,4872
718951785170,4884
718951885072,4869
718951984974,4874
718952084877,4955
718952184779,4858
718952284681,4849
718952384583,4850
718952484485,4852
718952584387,4849
718952684289,4849
718952784191,4851
718952884093,4848
718952983995,4854
718953083898,4868
718953183800,4857
718953283702,4856
718953383604,4851
718953483506,4858
718953583408,4854
718953683310,4813
718953783212,4851
718953883114,4851
718953983016,4854
718954082918,4859
718954182820,4862
718954282722,4861
718954382624,4858
718954482526,4819
718954582428,4857
718954682330,4856
718954782258,4862
718954882160,4865
718954982062,4852
718955081964,4994
718955181866,4859
718955281768,4822
718955381670,4855
718955481572,4857
718955581474,4858
718955681376,4869
718955781278,4855
718955881180,4857
718955981082,4855
718956080984,4829
718956180886,4857
718956280788,4854
718956380690,4856
718956480592,4861
718956580494,4855
718956680396,4857
718956780298,4858
718956880200,4823
718956980102,4851
718957080004,4853
718957179906,4855
718957279808,4858
718957379710,4866
718957479612,4857
718957579514,4859
718957679416,4831
718957779318,4857
718957879220,4862
718957979122,4852
718958079024,4849
718958178926,4859
718958278828,4852
718958378730,4854
718958478632,4823
718958578534,4854
718958678436,4857
718958778338,4858
718958878240,4853
718958978142,4855
718959078044,4850
718959177946,4866
718959277848,4827
718959377750,4860
718959477652,4856
718959577554,4856
718959677456,4852
718959777358,4889
718959877260,4858
718959977162,4861
718960077064,4813
718960176966,4855
718960276868,4853
718960376770,4852
718960476672,4858
718960576574,4861
718960676476,4861
718960776378,4859
718960876280,4830
718960976182,4855
718961076084,4861
718961175986,4855
718961275888,4853
718961375790,4854
718961475692,4893
718961575594,4856
718961675496,4823
718961775398,4855
718961875300,4856
718961975202,4855
718962075105,5022
718962175007,4897
718962274909,4870
718962374811,4897
718962474713,4888
718962574615,4878
718962674517,4853
718962774419,4887
718962874321,4890
718962974223,4876
718963074125,4890
718963174027,4865
718963273929,4889
718963373832,4874
718963473734,4888
718963573636,4874
718963673538,4860
718963773440,4879
718963873342,4886
718963973244,4868
718964073146,4890
718964173048,4890
718964272950,4893
718964372852,4897
718964472754,4891
718964572656,4883
718964672558,4884
718964772460,4897
718964872362,4910
718964972264,4891
718965072166,4874
718965172068,4881
718965271970,4868
718965371872,4889
718965471774,4880
718965571676,4865
718965671578,4883
718965771480,4899
718965871382,4873
718965971284,4890
718966071186,4898
718966171088,4879
718966270990,4890
718966370892,4890
718966470794,4888
718966570696,4887
718966670598,4902
718966770500,4888
718966870402,4901
718966970304,4881
718967070206,4883
718967170108,4885
718967270010,4882
718967369912,4955
718967469814,4880
718967569716,4875
718967669618,4930
718967769520,4901
718967869422,4881
718967969324,4899
718968069226,4895
718968169128,4883
718968269030,4885
718968368932,4952
718968468834,4886
718968568736,4875
718968668638,4908
718968768540,4867
718968868442,4899
718968968344,4891
718969068246,4875
718969168148,4874
718969268050,4888
718969367952,4958
718969467854,4879
718969567756,4900
718969667658,4924
718969767560,4874
718969867462,4871
718969967364,4879
718970067266,4883
718970167168,4878
718970267070,4883
718970366972,4955
718970466874,4904
718970566776,4873
718970666678,4918
718970766580,4866
718970866482,4875
718970966384,4881
718971066286,4892
718971166188,4869
718971266090,4876
718971365992,4929
718971465894,4869
718971565796,4870
718971665698,4921
718971765600,4895
718971865502,4883
718971965404,4864
718972065306,4997
718972165208,4816
718972265110,4889
718972365012,4850
718972464914,4851
718972564816,4852
718972664718,4900
718972764620,4848
718972864522,4836
718972964424,4853
718973064326,4849
718973164228,4856
718973264130,4898
718973364032,4855
718973463934,4855
718973563836,4856
718973663738,4845
718973763641,4860
718973863543,4858
718973963445,4861
718974063347,4861
718974163249,4856
718974263151,4864
718974363053,4857
718974462955,4829
718974562857,4863
718974662759,4894
718974762661,4928
718974862563,4858
718974962465,4858
718975062367,4861
718975162269,4855
718975262171,4828
718975362073,4859
718975461975,4857
718975561877,4857
718975661779,4856
718975761681,4866
718975861583,4857
718975961485,4856
718976061387,4832
718976161289,4865
718976261191,4859
718976361093,4851
718976460995,4856
718976560897,4856
718976660799,4931
718976760701,4855
718976860603,4819
718976960505,4857
718977060407,4856
718977160309,4861
718977260211,4859
718977360113,4853
718977460015,4854
718977559937,4858
718977659839,4826
718977759741,4861
718977859643,4855
718977959545,4895
718978059447,4858
718978159349,4855
718978259251,4856
718978359153,4860
718978459055,4818
718978558957,4853
718978658859,4925
718978758761,4859
718978858663,4854
718978958565,4888
718979058467,4854
718979158369,4851
718979258271,4831
718979358173,4810
718979458075,4852
718979557977,4854
718979657879,4854
718979757781,4852
718979857683,4854
718979957585,4974
718980057487,4826
718980157389,4871
718980257291,4888
718980357193,4857
718980457107,4853
718980557009,4860
718980656911,4890
718980756813,4866
718980856715,4815
718980956617,4887
718981056519,4854
718981156421,4853
718981256323,4859
718981356225,4856
718981456127,4928
718981556029,4849
718981655931,4815
718981755833,4860
718981855735,4856
718981955637,4889
718982055540,5016
718982155442,5081
718982255344,5088
718982355246,5067
718982455148,5175
718982555050,5058
718982654952,5159
718982754854,4880
718982854756,4880
718982954658,4870
718983054560,4878
718983154463,4875
718983254369,4882
718983354271,4888
718983454173,4953
718983554075,4875
718983653977,4865
718983753880,4869
718983853782,4864
718983953684,4893
718984053586,4877
718984153488,4879
718984253390,4880
718984353292,4881
718984453194,4951
718984553096,4876
718984652998,4949
718984752900,4889
718984852802,4890
718984952704,4904
718985052606,4868
718985152508,4895
718985252410,4900
718985352312,4883
718985452214,4973
718985552116,4900
718985652018,4879
718985751920,4893
718985851822,4870
718985951724,4903
718986051626,4873
718986151528,4905
718986251430,4889
718986351332,4893
718986451234,4918
718986551136,4878
718986651038,4915
718986750940,4881
718986850842,4893
718986950744,4888
718987050646,4902
718987150548,4874
718987250450,4923
718987350352,4886
718987450254,4909
718987550156,4894
718987650058,4882
718987749960,4868
718987849862,4883
718987949764,4890
718988049666,4883
718988149568,4873
718988249470,4881
718988349372,4887
718988449274,4901
718988549176,4863
718988649078,4901
718988748980,4882
718988848882,4888
718988948784,4904
718989048686,4898
718989148588,4908
718989248490,4887
718989348392,4882
718989448294,4882
718989548196,4875
718989648098,4890
718989748005,5011
718989847907,4868
718989947809,4859
718990047711,4895
718990147613,4872
718990247515,4889
718990347417,4878
718990447319,4891
718990547221,4882
718990647123,4889
718990747025,4888
718990846927,4882
718990946829,4860
718991046731,4864
718991146633,4906
718991246535,4880
718991346437,4898
718991446339,4883
718991546241,4867
718991646143,4888
718991746045,4873
718991845947,4873
718991945849,4899
718992045752,4994
718992145654,4907
718992245556,4860
718992345458,4852
718992445360,4849
718992545262,4850
718992645164,4850
718992745066,4846
718992844968,4822
718992944870,4859
718993044772,4849
718993144674,4857
718993244576,4855
718993344478,4849
718993444380,4851
718993544282,4855
718993644184,4812
718993744086,4857
718993843988,4852
718993943890,4864
718994043793,4856
718994143695,4860
718994243597,4858
718994343499,4860
718994443401,4830
718994543303,4855
718994643205,4856
718994743107,4857
718994843009,4851
718994942911,4856
718995042813,4860
718995142715,4859
718995242617,4818
718995342519,4867
718995442421,4860
718995542323,4856
718995642225,4858
718995742127,4851
718995842029,4852
718995941931,4856
718996041833,4832
718996141735,4856
718996241637,4855
718996341539,4855
718996441441,4858
718996541343,4863
718996641245,4863
718996741147,4862
718996841049,4824
718996940951,4856
718997040853,4855
718997140755,4857
718997240657,4859
718997340559,4855
718997440461,4866
718997540363,4857
718997640265,4835
718997740167,4861
718997840069,4855
718997939971,4855
718998039873,4859
718998139775,4859
718998239677,4859
718998339579,4861
718998439481,4824
718998539383,4868
718998639285,4856
718998739187,4854
718998839089,4850
718998938991,4854
718999038893,4853
718999138795,4854
718999238697,4816
718999338599,4857
718999438501,4857
718999538403,4856
718999638305,4860
718999738207,4853
718999838109,4851
718999938011,4849
719000037913,4829
719000137815,4854
719000237740,4854
719000337642,4855
719000437544,4853
719000537446,4854
719000637348,4853
719000737250,4857
719000837152,4814
719000937054,4855
719001036956,4857
719001136858,4855
719001236760,4851
719001336662,4853
719001436564,4854
719001536466,4861
719001636368,4811
719001736270,4857
719001836172,4856
719001936074,4861
719002035977,5031
719002135879,4887
719002235781,4872
719002335683,4853
719002435585,4894
719002535487,4869
719002635389,4882
719002735291,4864
719002835193,4877
719002935095,4894
719003034997,4883
719003134899,4876
719003234801,4898
719003334703,4878
719003434605,4874
719003534507,4874
719003634409,4867
719003734311,4889
719003834213,4876
719003934115,4868
719004034017,4874
719004133919,4915
719004233821,4886
719004333723,4871
719004433625,4883
719004533527,4892
719004633429,4880
719004733331,4902
719004833233,4891
719004933135,4888
719005033037,4886
719005132939,4894
719005232841,4871
719005332743,4865
719005432645,4887
719005532547,4886
719005632449,4868
719005732351,4887
719005832253,4895
719005932155,4896
719006032057,4892
719006131959,4883
719006231861,4888
719006331763,4880
719006431665,4884
719006531567,4895
719006631469,4883
719006731371,4879
719006831273,4890
719006931175,4880
719007031077,4881
719007130979,4878
719007230881,4877
719007330783,4880
719007430685,4868
719007530587,4886
719007630489,4872
719007730391,4872
719007830293,4882
719007930195,4877
719008030097,4888
719008129999,4858
719008229901,4890
719008329803,4870
719008429705,4887
719008529607,4877
719008629509,4885
719008729411,4874
719008829313,4889
719008929215,4894
719009029117,4868
719009129019,4868
719009228921,4881
719009328823,4875
719009428725,4883
719009528627,4877
719009628529,4890
719009728431,4871
719009828333,4904
719009928235,4885
719010028137,4885
719010128039,4887
719010227941,4863
719010327843,4893
719010427745,4880
719010527647,4871
719010627549,4880
719010727451,4882
719010827353,4888
719010927255,4897
719011027157,4883
719011127059,4875
719011226961,4884
719011326863,4865
719011426765,4883
719011526667,4877
719011626569,4857
719011726471,4875
719011826373,4877
719011926275,4887
719012026178,4957
719012126080,4858
719012225982,4853
719012325884,4855
719012425786,4852
719012525688,4855
719012625590,4854
719012725492,4862
719012825394,4817
719012925296,4850
719013025198,4856
719013125100,4849
719013225003,4856
719013324905,4849
719013424807,4849
719013524709,4852
719013624611,4818
719013724513,4852
719013824415,4850
719013924317,4851
719014024219,4861
719014124121,4853
719014224023,4851
719014323925,4869
719014423828,4826
719014523730,4864
719014623632,4857
719014723534,4859
719014823436,4857
719014923338,4855
719015023240,4854
719015123142,4854
719015223044,4820
719015322946,4856
719015422848,4858
719015522750,4854
719015622652,4892
719015722554,4859
719015822456,4859
719015922358,4859
719016022260,4821
719016122162,4857
719016222064,4856
719016321966,4890
719016421868,4861
719016521770,4858
719016621672,4871
719016721574,4860
719016821476,4821
719016921378,4858
719017021280,4857
719017121182,4867
719017221084,4854
719017320986,4856
719017420888,4857
719017520790,4856
719017620692,4816
719017720594,4858
719017820496,4861
719017920398,4857
719018020300,4856
719018120202,4857
719018220104,4854
719018320006,4858
719018419908,4833
719018519810,4858
719018619712,4856
719018719614,4856
719018819516,4856
719018919418,4861
719019019320,4854
719019119222,4857
719019219124,4820
719019319026,4849
719019418928,4853
719019518830,4854
719019618732,4855
719019718634,4854
719019818536,4852
719019918438,4856
719020018340,4821
719020118242,4855
719020218144,4854
719020318046,4849
719020417948,4853
719020517850,4854
719020617752,4855
719020717654,4852
719020817556,4818
719020917458,4855
719021017360,4857
719021117262,4854
719021217164,4855
719021317066,4850
719021416968,4853
719021516870,4853
719021616772,4833
719021716674,4853
719021816576,4861
719021916478,4852
719022016381,5021
719022116283,4874
719022216185,4868
719022316087,4887
719022415989,4899
719022515891,4874
719022615793,4868
719022715695,4880
719022815597,4909
719022915499,4865
719023015417,4873
719023115319,4899
719023215221,4900
719023315123,4870
719023415025,4867
719023514927,4869
719023614829,4887
719023714731,4873
719023814633,4888
719023914535,4868
719024014437,4883
719024114339,4876
719024214241,4875
719024314143,4871
719024414045,4863
719024513947,4890
719024613849,4886
719024713751,4881
719024813653,4888
719024913555,4884
719025013457,4900
719025113359,4885
719025213261,4883
719025313163,4870
719025413065,4882
719025512967,4884
719025612869,4876
719025712771,4890
719025812673,4874
719025912575,4897
719026012477,4861
719026112379,4890
719026212281,4876
719026312183,4895
719026412085,4894
719026511987,4941
719026611889,4882
719026711791,4876
719026811693,4886
719026911595,4865
719027011497,4926
719027111399,4882
719027211301,4880
719027311203,4896
719027411105,4887
719027511007,4887
719027610909,4870
719027710811,4885
719027810713,4875
719027910615,4882
719028010517,4902
719028110419,4885
719028210321,4889
719028310223,4900
719028410125,4893
719028510027,4859
719028609929,4882
719028709831,4892
719028809733,4903
719028909635,4880
719029009537,4875
719029109439,4882
719029209341,4879
719029309243,4885
719029409145,4875
719029509047,4875
719029608949,4884
719029708851,4890
719029808753,4880
719029908655,4890
719030008557,4873
719030108459,4865
719030208361,4877
719030308263,4881
719030408165,4866
719030508067,4919
719030607969,4870
719030707871,4880
719030807773,4886
719030907675,4903
719031007577,4958
719031107479,4906
719031207381,4896
719031307283,4869
719031407185,4862
719031507087,4918
719031606989,4882
719031706891,4864
719031806793,4892
719031906695,4891
719032006598,4995
719032106500,4853
719032206402,4849
719032306304,4852
719032406206,4860
719032506108,4859
719032606010,4849
719032705912,4853
719032805814,4811
719032905716,4848
719033005618,4851
719033105520,4848
719033205422,4857
719033305324,4854
719033405226,4850
719033505128,4850
719033605030,4807
719033704932,4852
719033804834,4852
719033904736,4855
719034004638,4854
719034104540,4857
719034204442,4857
719034304344,4856
719034404246,4827
719034504148,4849
719034604050,4848
719034703952,4883
719034803854,4860
719034903756,4858
719035003658,4858
719035103560,4855
719035203462,4834
719035303364,4860
719035403266,4858
719035503168,4856
719035603070,4853
719035702972,4878
719035802874,4855
719035902776,4857
719036002678,4824
719036102580,4857
719036202482,4870
719036302384,4858
719036402286,4855
719036502188,4859
719036602090,4854
719036701992,4883
719036801894,4822
719036901796,4856
719037001698,4867
719037101600,4856
719037201502,4877
719037301404,4860
719037401306,4862
719037501208,4862
719037601110,4840
719037701012,4869
719037800914,4855
719037900816,4863
719038000718,4856
719038100620,4862
719038200522,4867
719038300424,4858
719038400326,4824
719038500228,4871
719038600130,4868
719038700032,4921
719038799934,4860
719038899836,4856
719038999738,4859
719039099640,4856
719039199542,4835
719039299444,4869
719039399346,4854
719039499248,4860
719039599150,4857
719039699052,4850
719039798954,4854
719039898856,4859
719039998758,4820
719040098660,4851
719040198562,4865
719040298464,4862
719040398366,4856
719040498268,4856
719040598170,4853
719040698072,4909
719040797974,4823
719040897876,4852
719040997778,4859
719041097680,4865
719041197582,4852
719041297484,4854
719041397386,4855
719041497288,4854
719041597190,4821
719041697092,4851
719041796994,4853
719041896896,4860
719041996798,4889
719042096701,5021
719042196603,5067
719042296505,5083
719042396407,5099
719042496309,5070
719042596211,5088
719042696113,4985
719042796015,4893
719042895917,4863
719042995819,4917
719043095721,4894
719043195624,4885
719043295526,4901
719043395428,4882
719043495330,4867
719043595232,4876
719043695134,4875
719043795036,4870
719043894938,4880
719043994840,4923
719044094742,4878
719044194644,4843
719044294546,4901
719044394448,4877
719044494350,4887
719044594252,4864
719044694154,4966
719044794056,4874
719044893958,4870
719044993860,4866
719045093762,4892
719045193664,4882
719045293566,4884
719045393468,4883
719045493370,4889
719045593272,4891
719045693197,4905
719045793099,4873
719045893004,4879
719045992906,4862
719046092808,4896
719046192710,4870
719046292612,4878
719046392514,4875
719046492416,4870
719046592318,4877
719046692220,4943
719046792122,4884
719046892024,4875
719046991926,4883
719047091828,4883
719047191730,4882
719047291632,4871
719047391534,4881
719047491436,4891
719047591338,4891
719047691240,4895
719047791142,4883
719047891044,4888
719047990946,4886
719048090848,4889
719048190750,4868
719048290652,4877
719048390554,4862
719048490456,4876
719048590358,4883
719048690260,4921
719048790162,4886
719048890064,4869
719048989966,4876
719049089868,4875
719049189770,4893
719049289672,4893
719049389574,4900
719049489476,4887
719049589378,4884
719049689280,4873
719049789182,4898
719049889084,4884
719049988986,4889
719050088888,4864
719050188790,4872
719050288692,4873
719050388594,4876
719050488496,4890
719050588398,4873
719050688300,4955
719050788202,4881
719050888104,4879
719050988006,4874
719051087908,4886
719051187810,4889
719051287712,4882
719051387614,4889
719051487516,4883
719051587418,4871
719051687320,4880
719051787222,4879
719051887124,4887
719051987026,4877
719052086929,5033
719052186831,4852
719052286733,4849
719052386635,4860
719052486537,4855
719052586439,4869
719052686341,4893
719052786243,4812
719052886145,4849
719052986047,4847
719053085949,4855
719053185851,4852
719053285753,4849
719053385655,4853
719053485557,4852
719053585459,4812
719053685361,4850
719053785263,4855
719053885165,4848
719053985075,4853
719054084977,4853
719054184879,4852
719054284781,4853
719054384683,4832
719054484585,4850
719054584487,4855
719054684389,4874
719054784291,4852
719054884193,4858
719054984095,4851
719055083997,5048
719055183899,4867
719055283801,4859
719055383703,4858
719055483605,4864
719055583507,4865
719055683409,4863
719055783311,4856
719055883213,4855
719055983115,4819
719056083017,4852
719056182919,4862
719056282821,4859
719056382723,4854
719056482625,4858
719056582527,4862
719056682429,4855
719056782331,4826
719056882233,4860
719056982135,4859
719057082037,4852
719057181939,4856
719057281841,4861
719057381743,4855
719057481645,4859
719057581547,4820
719057681449,4884
719057781351,4892
719057881253,4858
719057981155,4859
719058081057,4857
719058180959,4855
719058280861,4854
719058380763,4819
719058480665,4856
719058580567,4930
719058680469,4892
719058780371,4897
719058880273,4859
719058980175,4856
719059080077,4856
719059179979,4837
719059279881,4855
719059379783,4861
719059479685,4855
719059579587,4856
719059679489,4898
719059779391,4891
719059879293,4858
719059979195,4824
719060079097,4850
719060178999,4854
719060278901,4855
719060378803,4855
719060478705,4854
719060578607,4860
719060678509,4857
719060778411,4869
719060878313,4866
719060978215,4859
719061078117,4910
719061178019,4862
719061277921,4855
719061377823,4858
719061477725,4855
719061577627,4972
719061677529,4853
719061777431,4888
719061877333,4829
719061977235,4854
719062077138,5035
719062177040,4874
719062276942,4874
719062376844,4884
719062476746,4879
719062576648,4868
719062676550,4865
719062776452,4878
719062876354,4880
719062976256,4862
719063076158,4876
719063176060,4889
719063275962,4880
719063375864,4875
719063475766,4975
719063575668,4881
719063675570,4887
719063775472,4877
719063875374,4874
719063975276,4897
719064075178,5040
719064175080,4884
719064274982,4878
719064374884,4879
719064474786,4857
719064574688,4920
719064674590,4891
719064774492,4897
719064874394,4907
719064974296,4859
719065074198,4875
719065174100,4884
719065274006,4876
719065373908,4881
719065473810,4884
719065573712,4898
719065673614,4873
719065773516,4897
719065873418,4884
719065973320,4886
719066073222,4878
719066173124,4868
719066273026,4872
719066372928,4896
719066472830,4875
719066572732,4920
719066672634,4879
719066772536,4888
719066872438,4870
719066972340,4889
719067072242,4878
719067172144,4871
719067272046,4912
719067371948,4874
719067471850,4882
719067571752,4923
719067671654,4880
719067771556,4904
719067871458,4887
719067971360,4884
719068071262,4881
719068171164,4974
719068271066,4889
719068370968,4918
719068470893,4893
719068570795,4875
719068670697,4875
719068770599,4892
719068870501,4888
719068970403,4874
719069070305,4886
719069170207,4873
719069270109,4897
719069370011,4950
719069469913,4898
719069569815,4886
719069669717,4881
719069769619,4884
719069869521,4877
719069969423,4885
719070069325,4890
719070169227,4881
719070269129,4943
719070369031,4966
719070468933,4887
719070568835,4875
719070668737,4875
719070768639,4875
719070868541,4885
719070968443,4857
719071068345,4899
719071168247,4890
719071268149,4909
719071368051,4967
719071467953,4873
719071567855,4873
719071667757,4886
719071767659,4869
719071867561,4880
719071967463,4880
719072067368,5012
719072167270,4855
719072267172,4888
719072367074,4919
719072466976,4852
719072566878,4853
719072666780,4859
719072766682,4814
719072866584,4851
719072966486,4852
719073066388,4856
719073166290,4854
719073266192,4849
719073366094,4912
719073465996,4851
719073565898,4813
719073665800,4994
719073765702,4852
719073865604,4856
719073965506,4856
719074065408,4860
719074165310,4857
719074265212,4864
719074365114,4824
719074465016,4850
719074564918,4857
719074664820,4897
719074764722,4858
719074864624,4858
719074964526,4854
719075064428,4852
719075164330,4821
719075264232,4856
719075364134,4849
719075464036,4856
719075563938,4856
719075663840,4857
719075763742,4858
719075863644,4861
719075963546,4820
719076063448,4866
719076163350,4864
719076263252,4889
719076363154,4861
719076463056,4860
719076562958,4855
719076662860,4970
719076762762,4814
719076862664,4856
719076962566,4860
719077062468,4856
719077162370,4860
719077262272,4857
719077362174,4858
719077462076,4852
719077561978,4828
719077661880,4857
719077761782,4857
719077861684,4862
719077961586,4864
719078061488,4860
719078161390,4863
719078261292,4857
719078361194,4823
719078461096,4853
719078560998,4863
719078660900,4932
719078760802,4857
719078860704,4856
719078960606,4858
719079060508,4863
719079160410,4837
719079260312,4856
719079360214,4870
719079460116,4861
719079560018,4856
719079659920,4858
719079759822,4862
719079859724,4865
719079959626,4897
719080059528,4858
719080159430,4862
719080259332,4862
719080359234,4855
719080459136,4851
719080559038,4852
719080658940,4926
719080758842,4822
719080858744,4855
719080958646,4893
719081058548,4854
719081158450,4852
719081258352,4853
719081358254,4852
719081458156,4865
719081558058,4821
719081657960,4854
719081757862,4858
719081857764,4859
719081957666,4890
719082057569,5084
719082157471,4882
719082257373,4878
719082357275,4887
719082457177,4868
719082557079,4862
719082656981,4909
719082756883,4866
719082856785,4882
719082956687,4901
719083056589,4903
719083156491,4881
719083256393,4869
719083356295,4870
719083456197,4944
719083556099,4882
719083656003,4871
719083755905,4876
719083855807,4885
719083955709,4927
719084055611,4873
719084155513,4886
719084255415,4879
719084355317,4896
719084455219,4962
719084555121,4875
719084655023,4960
719084754925,5062
719084854827,4886
719084954729,4882
719085054631,4875
719085154533,4885
719085254435,4882
719085354337,4873
719085454239,4953
719085554141,4888
719085654043,4874
719085753945,4888
719085853847,4868
719085953749,4896
719086053651,4899
719086153553,4882
719086253455,4879
719086353357,4884
719086453259,4984
719086553161,4886
719086653063,4935
719086752965,4887
719086852867,4894
719086952769,4900
719087052671,4876
719087152573,4888
719087252475,4893
719087352377,4879
719087452279,4985
719087552181,4893
719087652083,4885
719087751985,4885
719087851887,4899
719087951789,4896
719088051691,4873
719088151593,4908
719088251495,4878
719088351397,4896
719088451299,4919
719088551201,4874
719088651103,4933
719088751005,4872
719088850907,4887
719088950809,4899
719089050711,4883
719089150613,4891
719089250515,4878
719089350417,4924
719089450319,4910
719089550221,4894
719089650123,4874
719089750025,4890
719089849927,4871
719089949829,4893
719090049731,4876
719090149633,4890
719090249535,4896
719090349437,4902
719090449339,4880
719090549241,4881
719090649143,4928
719090749045,4865
719090848947,4875
719090948849,4896
719091048751,4876
719091148675,4901
719091248577,4885
719091348479,4875
719091448381,4880
719091548283,4886
719091648185,4884
719091748087,4884
719091847989,4875
719091947891,4895
719092047794,5007
719092147696,4857
719092247598,4858
719092347500,4856
719092447402,4858
719092547304,4850
719092647206,4848
719092747108,4820
719092847010,4850
719092946912,4848
719093046814,4851
719093146716,4854
719093246618,4852
719093346520,4849
719093446422,4851
719093546324,4819
719093646226,4850
719093746128,4846
719093846030,4850
719093945932,4848
719094045834,4854
719094145736,4864
719094245638,4861
719094345540,4826
719094445442,4853
719094545344,4853
719094645246,4888
719094745148,4857
719094845050,4853
719094944952,4869
719095044854,4851
719095144756,4811
719095244658,4864
719095344560,4852
719095444462,4854
719095544364,4860
719095644266,4855
719095744168,4854
719095844070,4852
719095943972,4821
719096043874,4856
719096143776,4866
719096243678,4859
719096343580,4854
719096443482,4862
719096543384,4866
719096643286,4859
719096743188,4834
719096843090,4857
719096942992,4864
719097042894,4855
719097142796,4856
719097242698,4859
719097342600,4855
719097442502,4855
719097542404,4839
719097642306,4859
719097742208,4873
719097842110,4863
719097942012,4854
719098041914,4856
719098141816,4859
719098241718,4858
719098341620,4822
719098441522,4857
719098541424,4857
719098641326,4864
719098741228,4874
719098841130,4854
719098941032,4856
719099040934,4857
719099140836,4846
719099240738,4858
719099340640,4860
719099440542,4862
719099540444,4857
719099640346,4860
719099740248,4857
719099840150,4983
719099940052,4821
719100039954,4854
719100139856,4897
719100239758,4856
719100339660,4855
719100439562,4862
719100539464,4854
719100639367,4866
719100739269,4868
719100839171,4857
719100939073,4854
719101038975,4854
719101138877,4859
719101238779,4854
719101338681,4854
719101438583,4856
719101538485,4823
719101638387,4859
719101738289,4852
719101838191,4855
719101938093,4853
719102037996,5049
719102137898,4884
719102237800,5081
719102337702,5088
719102437604,5076
719102537506,5062
719102637408,5068
719102737310,4897
719102837212,4879
719102937114,4857
719103037016,4868
719103136919,4875
719103236821,4868
719103336723,4870
719103436625,4881
719103536527,4881
719103636429,4873
719103736331,4893
719103836233,4883
719103936135,4889
719104036037,4890
719104135939,4895
719104235841,4875
719104335743,4876
719104435645,4877
719104535547,4877
719104635449,4870
719104735351,4887
719104835253,4905
719104935155,4873
719105035057,4881
719105134959,4869
719105234861,4882
719105334763,4872
719105434665,4892
719105534567,4911
719105634469,4884
719105734371,4867
719105834273,4893
719105934175,4898
719106034077,4881
719106133979,4890
719106233881,4886
719106333783,4887
719106433685,4887
719106533587,4890
719106633489,4889
719106733391,4882
719106833293,4873
719106933195,4873
719107033097,4871
719107132999,4911
719107232901,4887
719107332803,4896
719107432705,4898
719107532607,4894
719107632509,4870
719107732411,4895
719107832313,4880
719107932215,4884
719108032117,4878
719108132019,4875
719108231921,4881
719108331823,4911
719108431725,4881
719108531627,4888
719108631529,4885
719108731431,4905
719108831333,4891
719108931235,4892
719109031137,4859
719109131039,4896
719109230941,4895
719109330843,4885
719109430745,4880
719109530647,4889
719109630549,4915
719109730451,4888
719109830353,4877
719109930255,4887
719110030157,4894
719110130059,4883
719110229961,4888
719110329863,4872
719110429765,4902
719110529667,4895
719110629569,4919
719110729471,4886
719110829373,4891
719110929275,4905
719111029177,4882
719111129079,4876
719111228981,4887
719111328883,4886
719111428785,4873
719111528687,4879
719111628589,4927
719111728491,4877
719111828393,4897
719111928295,4887
719112028198,5018
719112128100,4858
719112228003,4852
719112327905,4850
719112427807,4850
719112527709,4859
719112627611,4884
719112727513,4824
719112827415,4851
719112927317,4849
719113027219,4851
719113127121,4850
719113227023,4849
719113326925,4849
719113426827,4850
719113526729,4818
719113626631,4884
719113726533,4854
719113826435,4851
719113926354,4863
719114026256,4855
719114126158,4859
719114226060,4852
719114325962,4818
719114425864,4853
719114525766,4857
719114625668,4854
719114725570,4855
719114825472,4855
719114925374,4853
719115025276,4854
719115125178,4820
719115225080,4849
719115324982,4855
719115424884,4858
719115524786,4866
719115624688,4852
719115724590,4854
719115824492,4854
719115924394,4817
719116024296,4861
719116124198,4872
719116224100,4850
719116324006,4857
719116423908,4860
719116523810,4867
719116623712,4859
719116723615,4826
719116823517,4856
719116923419,4859
719117023321,4856
719117123223,4865
719117223125,4853
719117323027,4853
719117422929,4861
719117522831,4826
719117622733,4861
719117722635,4862
719117822537,4858
719117922439,4864
719118022341,4860
719118122243,4856
719118222145,4859
719118322047,4821
719118421949,4860
719118521851,4858
719118621753,4860
719118721655,4858
719118821557,4855
719118921459,4858
719119021361,4857
719119121263,4824
719119221165,4855
719119321067,4853
719119420969,4864
719119520871,4861
719119620773,4857
719119720675,4861
719119820577,4856
719119920479,4828
719120020381,4860
719120120283,4862
719120220185,4856
719120320087,4853
719120419989,4856
719120519891,4865
719120619793,4863
719120719695,4820
719120819597,4859
719120919499,4860
719121019401,4864
719121119303,4857
719121219205,4857
719121319107,4853
719121419009,4850
719121518911,4838
719121618813,4857
719121718715,4862
719121818617,4851
719121918519,4855
719122018422,5026
719122118324,4882
719122218226,4902
719122318128,4883
719122418030,4862
719122517932,4877
719122617834,4874
719122717736,4879
719122817638,4884
719122917540,4880
719123017442,4902
719123117344,4873
719123217246,4884
719123317148,4885
719123417050,4888
719123516952,4883
719123616854,4879
719123716756,4876
719123816658,4875
719123916560,4877
719124016462,4888
719124116364,4871
719124216266,4880
719124316168,4913
719124416070,4892
719124515972,4882
719124615874,4884
719124715776,4880
719124815678,4880
719124915580,4871
719125015482,4874
719125115384,4884
719125215286,4881
719125315188,4875
719125415090,4869
719125514992,4887
719125614894,4889
719125714796,4879
719125814698,4874
719125914600,4892
719126014502,4872
719126114404,4873
719126214306,4871
719126314208,4891
719126414110,4846
719126514012,4873
719126613914,4889
719126713817,4876
719126813719,4891
719126913621,4899
719127013523,4868
719127113425,4887
719127213327,4897
719127313229,4887
719127413131,4892
719127513033,4908
719127612935,4866
719127712837,4890
719127812739,4875
719127912641,4915
719128012543,4908
719128112445,4920
719128212347,4874
719128312249,4884
719128412151,4908
719128512055,4948
719128611957,4887
719128711859,4890
719128811761,4894
719128911663,4919
719129011565,4934
719129111467,4871
719129211369,4890
719129311271,4882
719129411173,4895
719129511075,4898
719129610977,4875
719129710879,4871
719129810781,4894
719129910683,4877
719130010585,4904
719130110487,4891
719130210389,4888
719130310291,4884
719130410193,4889
719130510095,4880
719130609997,4890
719130709899,4870
719130809801,4895
719130909703,4882
719131009605,4875
719131109507,4893
719131209409,4877
719131309311,4887
719131409213,4880
719131509115,4884
719131609017,4889
719131708919,4888
719131808821,4875
719131908723,4893
719132008626,5018
719132108528,4854
719132208430,4852
719132308332,4850
719132408234,4867
719132508136,4894
719132608038,4847
719132707940,4818
719132807842,4850
719132907744,4855
719133007646,4920
719133107548,4848
719133207450,4855
719133307358,4849
719133407260,4855
719133507162,4813
719133607064,4847
719133706966,4849
719133806868,4858
719133906770,4855
719134006672,4869
719134106574,4864
719134206476,4858
719134306378,4814
719134406280,4856
719134506182,4864
719134606084,4851
719134705986,4855
719134805888,4854
719134905790,4851
719135005692,4853
719135105594,4816
719135205496,4854
719135305398,4853
719135405300,4864
719135505202,4870
719135605104,4858
719135705006,4852
719135804908,4855
719135904810,4825
719136004712,4854
719136104614,4889
719136204516,4857
719136304418,4858
719136404320,4854
719136504222,4855
719136604141,4852
719136704043,4814
719136803945,4863
719136903847,4854
719137003749,4855
719137103651,4855
719137203553,4875
719137303455,4864
719137403357,4858
719137503259,4827
719137603161,4859
719137703063,4868
719137802965,4856
719137902867,4856
719138002769,4858
719138102671,4857
719138202573,4872
719138302475,4820
719138402377,4859
719138502279,4858
719138602181,4857
719138702083,4875
719138801985,4856
719138901887,4859
719139001789,4861
719139101691,4820
719139201593,4868
719139301495,4862
719139401397,4856
719139501299,4864
719139601201,4867
719139701103,4866
719139801005,4853
719139900907,4820
719140000809,4866
719140100711,4858
719140200613,4868
719140300515,4855
719140400417,4855
719140500319,4859
719140600221,4857
719140700123,4883
719140800025,4855
719140899927,4894
719140999829,4870
719141099731,4864
719141199633,4874
719141299535,4860
719141399437,4858
719141499339,4825
719141599241,4860
719141699143,4855
719141799045,4849
719141898947,4827
719141998849,4906
719142098751,5062
719142198653,4876
719142298555,4876
719142398457,4879
719142498359,4875
719142598261,4880
719142698163,4973
719142798065,4879
719142897967,4864
719142997869,4878
719143097771,4885
719143197673,4878
719143297575,4871
719143397477,4889
719143497379,4880
719143597281,4880
719143697183,4894
719143797085,4867
719143896987,4890
719143996889,4889
719144096791,4890
719144196693,4907
719144296595,4897
719144396497,4883
719144496399,4866
719144596301,4860
719144696203,4981
719144796105,4880
719144896007,4880
719144995909,4884
719145095811,4870
719145195713,4875
719145295615,4881
719145395517,4878
719145495419,4882
719145595321,4875
719145695223,4918
719145795125,4860
719145895027,4875
719145994929,4869
719146094831,4891
719146194733,4877
719146294635,4896
719146394537,4888
719146494439,4872
719146594341,4916
719146694243,4987
719146794145,4890
719146894047,4888
719146993949,4866
719147093851,4900
719147193753,4891
719147293655,4896
719147393557,4885
719147493459,4890
719147593361,4887
719147693263,4936
719147793165,4885
719147893067,4870
719147992969,4876
719148092871,4898
719148192773,4894
719148292675,4878
719148392577,4884
719148492479,4906
719148592381,4892
719148692283,4946
719148792185,4866
719148892087,4873
719148991989,4877
719149091891,4874
719149191793,4877
719149291695,4889
719149391597,4876
719149491499,4871
719149591401,4887
719149691303,4870
719149791205,4873
719149891107,4866
719149991009,4886
719150090911,4893
719150190813,4890
719150290715,4892
719150390617,4907
719150490519,4857
719150590421,4891
719150690323,4934
719150790225,4896
719150890127,4882
719150990029,4887
719151089931,4885
719151189833,4876
719151289735,4886
719151389637,4881
719151489539,4865
719151589441,4899
719151689343,4879
719151789245,4887
719151889147,4892
719151989049,4864
719152088952,4997
719152188854,4859
719152288756,4865
719152388658,4854
719152488560,4857
719152588462,4856
719152688364,4897
719152788266,4848
719152888168,4852
719152988070,4857
719153087972,4850
719153187874,4852
719153287776,4850
719153387678,4850
719153487580,4818
719153587482,4847
719153687384,4852
719153787286,4849
719153887188,4848
719153987090,4852
719154086992,4854
719154186894,4858
719154286796,4817
719154386698,4854
719154486600,4860
719154586502,4855
719154686404,4890
719154786306,4854
719154886208,4864
719154986110,4848
719155086013,5000
719155185915,4853
719155285817,4857
719155385719,4857
719155485621,4854
719155585523,4858
719155685425,4855
719155785327,4857
719155885229,4825
719155985131,4851
719156085033,4850
719156184935,4856
719156284837,4853
719156384739,4867
719156484641,4854
719156584543,4856
719156684445,4833
719156784347,4871
719156884249,4860
719156984151,4854
719157084053,4888
719157183955,4854
719157283857,4855
719157383759,4857
719157483661,4882
719157583563,4857
719157683465,4862
719157783367,4858
719157883269,4861
719157983171,4856
719158083073,4860
719158182975,4856
719158282877,4840
719158382779,4857
719158482681,4856
719158582583,4862
719158682485,4863
719158782387,4861
719158882289,4857
719158982191,4864
719159082093,4824
719159181995,4857
719159281897,4857
719159381820,4865
719159481722,4863
719159581624,4858
719159681526,4857
719159781428,4872
719159881330,4825
719159981232,4859
719160081134,4855
719160181036,4854
719160280938,4876
719160380840,4855
719160480742,4860
719160580644,4858
719160680546,4848
719160780448,4893
719160880350,4854
719160980252,4855
719161080154,4859
719161180056,4851
719161279958,4859
719161379860,4860
719161479762,4834
719161579664,4857
719161679566,4857
719161779468,4891
719161879370,4861
719161979272,4858
719162079175,5028
719162179077,5083
719162278979,5098
719162378881,5061
719162478783,5072
719162578685,4871
719162678587,4877
719162778489,4871
719162878391,4895
719162978293,4901
719163078195,4884
719163178098,4877
719163278002,4869
719163377904,4881
719163477806,4852
719163577708,4931
719163677610,4896
719163777512,4868
719163877414,4890
719163977316,4869
719164077218,4885
719164177120,4895
719164277022,4864
719164376924,4872
719164476826,4872
719164576728,4890
719164676630,4876
719164776532,4885
719164876434,4881
719164976336,4897
719165076238,4868
719165176140,4898
719165276042,4870
719165375944,4890
719165475846,4878
719165575748,4905
719165675650,4870
719165775552,4895
719165875454,4872
719165975356,4880
719166075258,4872
719166175160,4890
719166275062,4906
719166374964,4878
719166474866,4888
719166574768,4927
719166674670,4892
719166774572,4885
719166874474,4885
719166974376,4881
719167074278,4875
719167174180,4878
719167274082,4892
719167373984,4871
719167473887,4888
719167573789,4917
719167673691,4887
719167773593,4898
719167873495,4885
719167973397,4880
719168073299,4888
719168173201,4876
719168273103,4880
719168373005,4881
719168472907,4892
719168572809,4926
719168672711,4887
719168772613,4895
719168872515,4890
719168972417,4899
719169072319,4878
719169172221,4903
719169272123,4869
719169372025,4875
719169471927,4895
719169571829,4868
719169671731,4876
719169771633,4878
719169871535,4880
719169971437,4877
719170071339,4873
719170171241,4884
719170271143,4896
719170371045,4895
719170470947,4878
719170570849,4898
719170670751,4890
719170770653,4898
719170870555,4865
719170970457,4876
719171070359,4900
719171170261,4878
719171270163,4895
719171370065,4952
719171469967,4889
719171569869,4875
719171669771,4886
719171769673,4869
719171869575,4895
719171969477,4903
719172069380,5018
719172169282,4856
719172269184,4857
719172369086,5053
719172468988,4850
719172568890,4850
719172668792,4812
719172768694,4849
719172868596,4852
719172968498,4866
719173068400,4860
719173168302,4853
719173268204,4850
719173368106,4924
719173468008,4819
719173567910,4851
719173667812,4857
719173767714,4851
719173867616,4852
719173967518,4851
719174067420,4856
719174167322,4864
719174267224,4829
719174367126,4927
719174467028,4851
719174566930,4855
719174666832,4878
719174766734,4853
719174866636,4855
719174966538,4854
719175066440,4827
719175166342,4858
719175266244,4853
719175366146,4912
719175466048,4854
719175565950,4851
719175665852,4855
719175765754,4855
719175865656,4826
719175965558,4855
719176065460,4858
719176165362,4853
719176265264,4853
719176365166,4856
719176465068,4851
719176564970,4853
719176664872,4860
719176764774,4855
719176864676,4859
719176964578,4853
719177064480,4852
719177164382,4852
719177264284,4855
719177364186,4860
719177464088,4825
719177563990,4864
719177663892,4858
719177763794,4864
719177863696,4856
719177963598,4861
719178063500,4864
719178163402,4856
719178263304,4834
719178363206,4868
719178463108,4861
719178563010,4860
719178662912,4897
719178762814,4862
719178862716,4856
719178962618,4857
719179062520,4821
719179162422,4857
719179262324,4857
719179362226,4860
719179462128,4860
719179562030,4856
719179661932,4855
719179761834,4858
719179861736,4832
719179961638,4857
719180061540,4856
719180161442,4858
719180261344,4854
719180361246,4860
719180461148,4857
719180561050,4856
719180660952,4906
719180760854,4868
719180860756,4861
719180960658,4857
719181060560,4892
719181160462,4860
719181260364,4857
719181360266,4867
719181460168,4817
719181560070,4853
719181659972,4870
719181759874,4864
719181859776,4857
719181959678,4897
719182059581,5024
719182159500,4888
719182259402,4892
719182359304,4894
719182459206,4874
719182559108,4882
719182659010,4951
719182758912,4865
719182858814,4890
719182958716,4902
719183058618,4898
719183158520,4891
719183258422,4869
719183358324,4882
719183458226,4869
719183558128,4871
719183658030,4871
719183757932,4874
719183857834,4895
719183957736,4915
719184057638,4874
719184157540,4893
719184257442,4915
719184357344,4878
719184457246,4881
719184557148,4864
719184657050,4916
719184756952,4892
719184856854,4871
719184956756,4908
719185056658,4875
719185156560,4888
719185256462,4874
719185356364,4875
719185456266,5002
719185556168,4903
719185656070,4875
719185755972,4888
719185855874,4886
719185955776,4911
719186055678,4868
719186155580,4869
719186255482,4887
719186355384,4875
719186455286,4957
719186555188,4879
719186655090,4934
719186754992,4876
719186854894,4884
719186954796,4874
719187054698,4886
719187154600,4868
719187254502,4872
719187354404,4892
719187454306,4984
719187554208,4892
719187654110,4873
719187754012,4871
719187853914,4887
719187953816,4889
719188053718,4887
719188153620,4882
719188253522,4860
719188353424,4895
719188453326,4968
719188553228,4893
719188653130,4944
719188753032,4893
719188852934,4888
719188952836,4899
719189052738,4867
719189152640,4867
719189252542,4889
719189352444,4873
719189452346,4996
719189552248,4883
719189652150,4891
719189752052,4883
719189851954,4870
719189951856,4915
719190051758,4875
719190151660,4889
719190251562,4908
719190351464,4881
719190451366,4908
719190551268,4883
719190651170,4933
719190751072,4882
719190850974,4885
719190950876,4907
719191050778,4904
719191150680,4884
719191250582,4874
719191350484,4883
719191450386,4899
719191550288,4884
719191650190,4894
719191750092,4902
719191849994,4903
719191949896,4902
719192049799,5001
719192149701,4862
719192249603,4854
719192349505,4854
719192449407,4881
719192549309,4860
719192649211,4869
719192749113,4849
719192849015,4847
719192948917,4852
719193048819,4852
719193148721,4860
719193248623,4852
719193348525,4859
719193448427,4813
719193548329,4866
719193648231,4849
719193748133,4851
719193848035,4852
719193947937,4856
719194047839,4856
719194147741,4853
719194247643,4832
719194347545,4857
719194447447,4854
719194547349,4860
719194647251,4854
719194747153,4855
719194847055,4854
719194946957,4852
719195046859,4827
719195146761,4860
719195246663,4856
719195346565,4856
719195446467,4854
719195546369,4852
719195646271,4856
719195746173,4852
719195846075,4819
719195945977,4861
719196045879,4853
719196145781,4893
719196245683,4858
719196345585,4853
719196445487,4854
719196545389,4854
719196645291,4814
719196745193,4866
719196845095,4855
719196944997,4852
719197044899,4852
719197144801,4865
719197244703,4862
719197344605,4855
719197444507,4824
719197544409,4858
719197644311,4854
719197744213,4860
719197844115,4852
719197944017,4853
719198043919,5190
719198143821,4858
719198243723,4829
719198343625,4859
719198443527,4857
719198543429,4862
719198643331,4862
719198743233,4866
719198843135,4853
719198943037,4858
719199042939,4817
719199142841,4860
719199242743,4860
719199342645,4857
719199442547,4856
719199542449,4857
719199642351,4858
719199742253,4867
719199842155,4821
719199942057,4853
719200041959,4860
719200141861,4857
719200241763,4859
719200341665,4859
719200441567,4864
719200541469,4857
719200641371,4834
719200741273,4863
719200841175,4873
719200941077,4855
719201040979,4858
719201140881,4854
719201240783,4858
719201340685,4860
719201440587,4826
719201540489,4863
719201640391,4940
719201740293,4855
719201840195,4859
719201940097,4856
719202040003,5038
719202139905,4893
719202239807,4888
719202339709,4882
719202439611,4874
719202539513,4867
719202639415,4892
719202739317,4891
719202839219,4887
719202939121,4890
719203039023,4865
719203138925,4871
719203238827,4864
719203338729,4896
719203438631,4873
719203538533,4883
719203638435,4899
719203738337,4874
719203838239,4892
719203938141,4864
719204038043,4863
719204137945,4891
719204237847,4871
719204337749,4872
719204437651,4877
719204537553,4880
719204637455,4880
719204737357,4869
719204837278,4899
719204937180,4882
719205037082,4887
719205136984,4890
719205236886,4894
719205336788,4873
719205436690,4892
719205536592,4887
719205636494,4884
719205736396,4896
719205836298,4896
719205936200,4877
719206036102,4894
719206136005,4892
719206235907,4880
719206335809,4879
719206435711,4884
719206535613,4870
719206635515,4875
719206735417,4880
719206835319,4878
719206935221,4891
719207035123,4896
719207135025,4876
719207234927,4876
719207334829,4870
719207434731,4892
719207534633,4877
719207634535,4872
719207734437,4880
719207834339,4907
719207934241,4878
719208034143,4903
719208134045,4900
719208233947,4884
719208333849,4895
719208433751,4890
719208533653,4881
719208633555,4883
719208733457,4899
719208833359,4872
719208933261,4869
719209033163,4888
719209133065,4868
719209232967,4886
719209332869,4863
719209432771,4899
719209532673,4873
719209632575,4877
719209732477,4891
719209832379,4872
719209932281,4894
719210032183,4898
719210132085,4878
719210231987,4911
719210331889,4877
719210431791,4890
719210531693,4898
719210631595,4861
719210731497,4895
719210831399,4879
719210931301,4889
719211031203,4916
719211131105,4880
719211231007,4885
719211330909,4870
719211430811,4893
719211530713,4889
719211630615,4894
719211730517,4870
719211830419,4891
719211930321,4871
719212030224,5020
719212130126,4854
719212230028,4858
719212329930,4859
719212429832,4853
719212529734,4854
719212629636,4861
719212729538,4853
719212829440,4852
719212929342,4853
719213029244,4853
719213129146,4853
719213229048,4849
719213328950,4849
719213428852,4815
719213528754,4854
719213628656,4849
719213728559,4850
719213828461,4852
719213928363,4853
719214028265,4853
719214128167,4855
719214228069,4823
719214327971,4855
719214427873,4857
719214527775,4857
719214627677,4857
719214727579,4856
719214827481,4852
719214927383,4854
719215027285,4818
719215127187,4857
719215227089,4849
719215326991,4854
719215426893,4856
719215526795,4860
719215626697,4898
719215726599,4857
719215826501,4816
719215926403,4856
719216026305,4863
719216126207,4864
719216226109,4850
719216326011,4849
719216425913,4860
719216525815,4858
719216625717,4811
719216725619,4854
719216825521,4853
719216925423,4889
719217025325,4855
719217125227,4856
719217225129,4848
719217325031,4855
719217424933,4817
719217524835,4873
719217624737,4866
719217724639,4857
719217824541,4859
719217924443,4861
719218024345,4854
719218124247,4855
719218224149,4822
719218324051,4851
719218423953,4858
719218523856,5038
719218623758,4863
719218723660,4858
719218823562,4858
719218923464,4856
719219023366,4820
719219123268,4863
719219223170,4857
719219323072,4851
719219422974,4864
719219522876,4858
719219622778,4860
719219722680,4859
719219822582,4819
719219922484,4866
719220022386,4861
719220122288,4862
719220222190,4860
719220322092,4890
719220421994,4859
719220521896,4864
719220621798,4821
719220721700,4859
719220821602,4859
719220921504,4856
719221021406,4858
719221121308,4862
719221221210,4861
719221321112,4855
719221421014,4818
719221520916,4860
719221620818,4855
719221720720,4862
719221820622,4859
719221920524,4856
719222020427,5044
719222120329,4875
719222220231,5086
719222320133,4924
719222420035,4865
719222519937,4877
719222619839,4878
719222719741,4878
719222819643,4881
719222919545,4871
719223019447,4891
719223119350,4892
719223219252,4867
719223319154,4879
719223419056,4874
719223518958,4879
719223618860,4857
719223718762,4892
719223818664,4860
719223918566,4902
719224018468,4878
719224118370,4892
719224218272,4867
719224318174,4887
719224418076,4865
719224517978,4886
719224617880,4890
719224717782,4885
719224817684,4859
719224917586,4925
719225017488,4883
719225117390,4899
719225217292,4880
719225317194,4889
719225417096,4926
719225516998,4879
719225616900,4871
719225716802,4892
719225816704,4876
719225916606,4867
719226016508,4892
719226116410,4903
719226216312,4896
719226316214,4889
719226416116,4895
719226516018,4874
719226615920,4888
719226715822,4893
719226815724,4864
719226915626,4877
719227015528,4900
719227115430,4884
719227215332,4882
719227315234,4884
719227415136,4870
719227515038,4899
719227614958,4885
719227714860,4863
719227814762,4892
719227914664,4884
719228014566,4884
719228114468,4886
719228214370,4887
719228314272,4886
719228414174,4877
719228514076,4874
719228613978,4909
719228713881,4875
719228813783,4880
719228913685,4880
719229013587,4889
719229113489,4878
719229213391,4892
719229313293,4886
719229413195,4923
719229513097,4887
719229612999,4940
719229712901,4897
719229812803,4892
719229912705,4893
719230012607,4886
719230112509,4889
719230212411,4879
719230312313,4893
719230412215,4912
719230512119,4920
719230612021,4873
719230711923,4877
719230811825,4899
719230911727,4882
719231011629,4920
719231111531,4885
719231211433,4890
719231311335,4885
719231411237,4876
719231511139,4885
719231611041,4881
719231710943,4888
719231810845,4905
719231910747,4881
719232010650,5028
719232110552,4857
719232210454,4892
719232310356,4826
719232410258,4861
719232510160,4855
719232610062,4815
719232709964,4855
719232809866,4859
719232909768,4854
719233009670,4861
719233109572,4852
719233209474,4855
719233309376,4852
719233409278,4828
719233509180,4854
719233609082,4846
719233708984,4855
719233808886,4850
719233908788,4853
719234008690,4854
719234108592,4857
719234208494,4819
719234308396,4854
719234408298,4856
719234508200,4889
719234608102,4847
719234708004,4853
719234807906,4853
719234907808,4852
719235007710,4898
719235107612,4853
719235207514,4866
719235307416,4858
719235407318,4854
719235507220,4868
719235607122,4850
719235707024,4852
719235806926,4814
719235906828,4857
719236006730,4854
719236106632,4858
719236206534,4854
719236306436,4858
719236406338,4856
719236506240,4857
719236606142,4829
719236706044,4852
719236805946,4854
719236905848,4853
719237005750,4857
719237105652,4858
719237205554,4853
719237305456,4854
719237405358,4817
719237505260,4854
719237605162,4852
719237705064,4851
719237804966,4853
719237904868,4851
719238004770,4857
719238104672,4856
719238204574,4824
719238304476,4857
719238404378,4852
719238504280,4859
719238604182,4855
719238704084,4853
719238803986,4857
719238903888,4856
719239003790,4819
719239103692,4859
719239203594,4873
719239303496,4855
719239403398,4858
719239503300,4860
719239603202,4856
719239703104,4873
719239803006,4825
719239902908,4865
719240002810,4864
719240102712,4861
719240202614,4880
719240302516,4858
719240402418,4872
719240502320,4861
719240602222,4815
719240702124,4887
719240802026,4854
719240901928,4857
719241001830,4855
719241101732,4860
719241201634,4871
719241301536,4860
719241401438,4827
719241501340,4857
719241601242,4860
719241701144,4869
719241801046,4867
719241900948,4855
719242000850,4904
719242100752,5031
719242200654,4920
719242300556,4879
719242400458,4880
719242500360,4878
719242600262,4879
719242700164,4987
719242800066,4868
719242899968,4873
719242999870,4885
719243099772,4902
719243199674,4891
719243299576,4877
719243399478,4914
719243499380,4884
719243599282,4875
719243699184,4897
719243799086,4868
719243898988,4868
719243998890,4869
719244098792,4877
719244198694,4870
719244298596,4907
719244398498,4874
719244498400,4909
719244598302,4875
719244698204,4932
719244798106,4923
719244898008,4873
719244997910,4882
719245097812,4860
719245197714,4879
719245297616,4885
719245397518,4887
719245497420,4906
719245597322,4881
719245697224,4891
719245797126,4870
719245897028,4871
719245996930,4886
719246096832,4864
719246196734,4899
719246296636,4875
719246396538,4883
719246496440,4868
719246596342,4868
719246696244,4939
719246796146,4878
719246896048,4882
719246995950,4877
719247095852,4877
719247195754,4888
719247295656,4872
719247395558,4879
719247495460,4880
719247595362,4873
719247695264,4881
719247795166,4883
719247895068,4885
719247994970,4911
719248094872,4869
719248194774,4893
719248294676,4868
719248394578,4877
719248494480,4870
719248594382,4874
719248694284,4959
719248794186,4869
719248894088,4895
719248993990,4929
719249093892,4890
719249193794,4872
719249293696,4875
719249393598,4891
719249493500,4898
719249593402,4871
719249693304,4867
719249793206,4884
719249893108,4882
719249993010,4919
719250092912,4875
719250192814,4913
719250292736,4891
719250392638,4901
719250492540,4893
719250592442,4894
719250692344,4938
719250792246,4896
719250892148,4894
719250992050,4925
719251091952,4889
719251191854,4874
719251291756,4903
719251391658,4900
719251491560,4916
719251591462,4883
719251691364,4877
719251791266,4910
719251891168,4904
719251991070,4897
719252090973,5027
719252190875,4859
719252290777,4853
719252390679,4857
719252490581,4856
719252590483,4822
719252690385,4909
719252790287,4856
719252890189,4854
719252990091,4850
719253089993,4854
719253189895,4851
719253289797,4861
719253389699,4817
719253489601,4858
719253589503,4854
719253689405,4853
719253789307,4855
719253889209,4853
719253989111,4847
719254089013,4850
719254188915,4831
719254288817,4861
719254388719,4854
719254488621,4858
719254588523,4858
719254688425,4934
719254788327,4852
719254888229,4853
719254988131,4825
719255088033,4989
719255187935,4814
719255287837,4854
719255387739,4857
719255487641,4861
719255587543,4854
719255687445,4859
719255787347,4816
719255887249,4855
719255987151,4854
719256087053,4850
719256186955,4853
719256286857,4859
719256386759,4857
719256486661,4854
719256586563,4819
719256686465,4895
719256786367,4892
719256886269,4855
719256986171,4854
719257086073,4850
719257185975,4855
719257285877,4860
719257385779,4818
719257485681,4852
719257585583,4855
719257685485,4856
719257785387,4890
719257885289,4851
719257985191,4854
719258085093,4852
719258184995,4840
719258284897,4861
719258384799,4854
719258484701,4853
719258584603,4866
719258684505,4874
719258784407,4864
719258884309,4852
719258984211,4815
719259084113,4852
719259184015,4850
719259283917,4855
719259383819,4859
719259483721,4867
719259583623,4898
719259683525,4859
719259783427,4859
719259883329,4859
719259983231,4858
719260083133,4863
719260183035,4854
719260282937,4861
719260382839,4868
719260482741,4859
719260582643,4825
719260682545,4870
719260782447,4856
719260882349,4864
719260982251,4868
719261082153,4867
719261182055,4855
719261281957,4858
719261381859,4830
719261481761,4857
719261581663,4866
719261681565,4855
719261781467,4856
719261881369,4857
719261981271,4860
719262081174,5042
719262181076,4873
719262280978,4865
719262380880,4891
719262480782,4874
719262580684,4914
719262680586,4886
719262780488,4888
719262880390,4893
719262980292,4909
719263080194,4879
719263180096,4893
719263279998,4877
719263379900,4863
719263479802,4897
719263579704,4879
719263679606,4885
719263779508,4906
719263879410,4884
719263979312,4911
719264079214,4890
719264179116,4869
719264279018,4868
719264378920,4880
719264478822,4880
719264578724,4912
719264678626,4900
719264778528,4861
719264878430,4874
719264978332,4872
719265078234,4877
719265178136,4869
719265278038,4867
719265377940,4880
719265477842,4900
719265577744,4911
719265677646,4882
719265777548,4869
719265877450,4868
719265977352,4899
719266077254,4899
719266177156,4870
719266277058,4878
719266376960,4899
719266476862,4882
719266576764,4921
719266676666,4887
719266776568,4870
719266876470,4892
719266976372,4905
719267076274,4889
719267176176,4880
719267276078,4885
719267375980,4884
719267475882,4888
719267575784,4917
719267675686,4870
719267775588,4879
719267875490,4888
719267975392,4886
719268075294,4880
719268175196,4883
719268275098,4873
719268375004,4876
719268474906,4865
719268574808,4896
719268674710,4874
719268774612,4885
719268874514,4874
719268974416,4889
719269074318,4870
719269174220,4869
719269274122,4893
719269374024,4896
719269473926,4881
719269573828,4885
719269673730,4876
719269773632,4887
719269873534,4902
719269973436,4871
719270073338,4871
719270173240,4885
719270273142,4894
719270373044,4885
719270472946,4901
719270572848,4897
719270672750,4888
719270772652,4874
719270872554,4876
719270972456,4904
719271072358,4883
719271172260,4881
719271272162,4886
719271372064,4884
719271471966,4894
719271571868,4888
719271671770,4874
719271771672,4904
719271871574,5099
719271971476,4901
719272071379,5021
719272171281,4863
719272271183,4853
719272371085,4867
719272470987,4853
719272570889,4818
719272670791,4854
719272770693,4858
719272870595,4853
719272970497,4852
719273070415,4859
719273170317,4871
719273270219,4854
719273370121,4901
719273470023,4858
719273569925,4853
719273669827,4853
719273769729,4853
719273869631,4973
719273969533,4852
719274069435,4865
719274169337,4821
719274269239,4857
719274369141,4931
719274469043,4849
719274568945,4852
719274668847,4860
719274768749,4852
719274868651,4857
719274968553,4821
719275068455,4861
719275168357,4854
719275268259,4854
719275368161,4928
719275468063,4855
719275567965,4853
719275667867,4856
719275767769,4824
719275867671,4852
719275967573,4852
719276067475,4860
719276167377,4852
719276267279,4854
719276367181,4925
719276467083,4855
719276566985,4811
719276666887,4863
719276766789,4870
719276866691,4853
719276966593,4853
719277066495,4859
719277166397,4864
719277266299,4853
719277366201,4878
719277466103,4853
719277566005,4862
719277665907,4855
719277765809,4853
719277865711,4855
719277965613,4850
719278065515,4857
719278165417,4831
719278265319,4862
719278365221,4854
719278465123,4849
719278565025,4850
719278664927,4897
719278764829,4851
719278864731,4866
719278964633,4827
719279064535,4852
719279164437,4855
719279264339,4860
719279364241,4853
719279464143,4853
719279564045,4853
719279663947,4855
719279763849,4822
719279863751,4861
719279963653,4857
719280063555,4856
719280163457,4859
719280263359,4872
719280363261,4859
719280463163,4857
719280563065,4817
719280662967,4900
719280762869,4862
719280862771,4862
719280962673,4862
719281062575,4860
719281162477,4862
719281262379,4855
719281362281,4819
719281462183,4858
719281562085,4858
719281661987,4861
719281761889,4864
719281861791,4859
719281961693,4857
719282061596,5020
719282161498,5106
719282261400,5085
719282361302,5076
719282461204,5084
719282561106,5081
719282661008,5112
719282760910,4880
719282860812,4904
719282960714,4892
719283060616,4863
719283160519,4875
719283260421,4877
719283360323,4876
719283460225,4882
719283560127,4864
719283660029,4885
719283759931,4877
719283859833,4868
719283959735,4922
719284059637,4878
719284159539,4886
719284259441,4882
719284359343,4893
719284459245,4871
719284559147,4897
719284659049,4945
719284758951,4885
719284858853,4880
719284958755,4918
719285058657,4875
719285158559,4876
719285258461,4883
719285358363,4890
719285458265,4870
719285558167,4882
719285658069,4867
719285757971,4916
719285857873,4871
719285957775,4908
719286057677,4881
719286157579,4877
719286257481,4875
719286357383,4892
719286457285,4865
719286557187,4873
719286657089,4917
719286756991,4888
719286856893,4868
719286956795,4926
719287056697,4872
719287156599,4882
719287256501,4897
719287356403,4871
719287456305,4948
719287556207,4879
719287656109,4876
719287756011,4886
719287855913,4864
719287955815,4911
719288055717,4870
719288155619,4894
719288255521,4871
719288355423,4907
719288455325,4966
719288555227,4905
719288655129,4942
719288755031,4866
719288854933,4873
719288954835,4873
719289054737,4895
719289154639,4875
719289254541,4895
719289354443,4901
719289454345,4949
719289554247,4882
719289654149,4871
719289754051,4878
719289853953,4874
719289953855,4889
719290053757,4899
719290153659,4898
719290253561,4890
719290353463,4895
719290453365,4967
719290553267,4885
719290653169,4926
719290753071,4859
719290852973,4898
719290952875,4913
719291052777,4883
719291152679,4886
719291252581,4889
719291352483,4875
719291452385,4994
719291552287,4866
719291652189,4894
719291752091,4888
719291851993,4896
719291951895,4878
719292051798,5028
719292151700,4897
719292251602,4860
719292351504,4860
719292451406,4891
719292551308,4835
719292651210,4908
719292751112,4855
719292851014,4850
719292950916,4868
719293050818,4856
719293150720,4857
719293250622,4860
719293350524,4818
719293450426,4872
719293550328,4855
719293650230,4853
719293750132,4865
719293850034,4858
719293949936,4869
719294049838,4862
719294149740,4834
719294249642,4858
719294349544,4858
719294449446,4869
719294549348,4860
719294649250,4895
719294749152,4856
719294849065,5079
719294948967,4820
719295048869,4853
719295148771,4856
719295248673,4856
719295348575,4853
719295448477,4855
719295548379,4857
719295648281,4864
719295748203,4824
719295848105,4857
719295948007,4849
719296047909,4856
719296147811,4857
719296247713,4861
719296347615,4853
719296447517,4854
719296547419,4825
719296647321,4855
719296747223,4854
719296847125,4858
719296947027,4850
719297046929,4853
719297146831,4856
719297246733,4857
719297346635,4812
719297446537,4858
719297546439,4857
719297646341,4853
719297746243,4853
719297846145,4853
719297946047,4851
719298045949,4854
719298145851,4822
719298245753,4861
719298345655,4856
719298445557,4855
719298545459,4853
719298645361,4856
719298745263,4851
719298845165,4855
719298945067,4817
719299044969,4852
719299144871,4853
719299244773,4858
719299344675,4852
719299444577,4860
719299544479,4865
719299644381,4855
719299744283,4819
719299844185,4852
719299944087,4853
719300043989,4859
719300143891,4857
719300243793,4862
719300343695,4857
719300443597,4867
719300543499,4824
719300643401,4855
719300743303,4857
719300843205,4855
719300943107,4859
719301043009,4853
719301142911,4854
719301242813,4854
719301342715,4838
719301442617,4858
719301542519,4861
719301642421,4859
719301742323,4862
719301842225,4855
719301942127,4853
719302042030,5029
719302141932,4899
719302241834,4862
719302341736,4905
719302441638,4877
719302541540,4880
719302641442,4881
719302741344,4871
719302841246,4878
719302941148,4885
719303041050,4879
719303140952,4891
719303240854,4870
719303340756,4878
719303440658,4872
719303540560,4878
719303640462,4884
719303740364,4891
719303840266,4872
719303940168,4873
719304040072,4896
719304139974,4962
719304239876,4879
719304339778,4880
719304439680,4889
719304539582,4880
719304639484,4894
719304739386,4895
719304839288,4890
719304939190,4867
719305039092,4864
719305138994,4865
719305238896,4886
719305338798,4878
719305438700,4868
719305538602,4889
719305638504,4870
719305738406,4876
719305838308,4887
719305938210,4868
719306038112,4893
719306138014,4885
719306237916,4869
719306337818,4873
719306437720,4860
719306537622,4883
719306637524,4865
719306737426,4891
719306837328,4873
719306937230,4902
719307037132,4890
719307137034,4864
719307236936,4883
719307336838,4875
719307436740,4873
719307536642,4873
719307636544,4862
719307736446,4905
719307836348,4889
719307936250,4890
719308036152,4892
719308136054,4871
719308235956,4873
719308335858,4883
719308435760,4871
719308535662,4884
719308635564,4869
719308735466,4873
719308835368,4881
719308935270,4918
719309035172,4901
719309135074,4873
719309234976,4872
719309334878,4865
719309434780,4878
719309534682,4871
719309634584,4869
719309734486,4869
719309834388,4895
719309934290,4899
719310034192,4884
719310134094,4874
719310233996,4880
719310333898,4903
719310433800,4885
719310533702,4874
719310633604,4948
719310733506,4882
719310833408,4871
719310933310,4924
719311033212,4866
719311133114,4874
719311233016,4891
719311332918,4888
719311432820,4904
719311532722,4888
719311632624,4919
719311732526,4897
719311832428,4886
719311932330,4888
719312032233,5016
719312132135,4853
719312232037,4849
719312331939,4860
719312431841,4861
719312531743,4809
719312631645,4855
719312731547,4855
719312831449,4852
719312931351,4851
719313031253,4863
719313131155,4854
719313231057,4851
719313330959,4826
719313430861,4853
719313530763,4853
719313630665,4857
719313730567,4853
719313830469,4853
719313930371,4876
719314030273,4856
719314130175,4821
719314230077,4854
719314329979,4858
719314429881,4856
719314529783,4857
719314629685,4865
719314729587,4858
719314829489,4857
719314929391,4830
719315029293,4855
719315129195,4861
719315229097,4849
719315328999,4854
719315428901,4856
719315528803,4854
719315628705,4851
719315728607,4828
719315828509,4854
719315928411,4853
719316028313,4852
719316128215,4858
719316228117,4851
719316328019,4855
719316427921,4860
719316527823,4835
719316627725,4857
719316727627,4852
719316827529,4857
719316927431,4853
719317027333,4856
719317127235,4865
719317227137,4862
719317327039,4825
719317426941,4859
719317526843,4856
719317626745,4858
719317726647,4854
719317826549,4854
719317926451,4859
719318026353,4851
719318126255,4819
719318226157,4855
719318326059,4855
719318425961,4858
719318525880,4867
719318625782,4856
719318725684,4857
719318825586,4851
719318925488,4813
719319025390,4853
719319125292,4856
719319225194,4853
719319325096,4850
719319424998,4859
719319524900,4864
719319624802,4863
719319724704,4821
719319824606,4857
719319924508,4854
719320024410,4861
719320124312,4861
719320224214,4855
719320324116,4849
719320424018,4850
719320523920,4840
719320623822,4860
719320723724,4859
719320823626,4857
719320923528,4864
719321023430,4855
719321123332,4866
719321223234,4856
719321323136,4834
719321423038,4853
719321522940,4857
719321622842,4856
719321722744,4859
719321822646,4857
719321922548,4856
719322022451,5029
719322122353,4902
719322222255,4868
719322322157,4865
719322422059,4880
719322521961,4877
719322621863,4883
719322721765,4886
719322821667,4875
719322921569,4903
719323021471,4880
719323121373,4875
719323221275,4887
719323321177,4900
719323421079,4879
719323520981,4878
719323620883,4874
719323720785,4886
719323820687,4883
719323920589,4893
719324020491,4882
719324120393,4892
719324220295,4880
719324320197,4880
719324420099,4893
719324520004,4881
719324619906,4883
719324719808,4874
719324819710,4872
719324919612,4872
719325019514,4903
719325119416,4877
719325219318,4883
719325319220,4886
719325419122,4873
719325519024,4875
719325618926,4888
719325718828,4878
719325818730,4902
719325918632,4878
719326018534,4906
719326118436,4879
719326218338,4882
719326318240,4881
719326418142,4888
719326518044,4869
719326617946,4881
719326717848,4907
719326817750,4883
719326917652,4910
719327017554,4863
719327117456,4890
719327217358,4878
719327317260,4882
719327417162,4882
719327517064,4889
719327616966,4873
719327716868,4872
719327816770,4886
719327916672,4866
719328016574,4882
719328116476,4892
719328216378,4868
719328316280,4920
719328416182,4875
719328516084,4903
719328615986,4888
719328715888,4869
719328815790,4906
719328915692,4881
719329015594,4864
719329115496,4897
719329215398,4868
719329315300,4876
719329415202,4894
719329515104,4861
719329615006,4879
719329714908,4920
719329814810,4875
719329914712,4876
719330014614,4875
719330114516,4864
719330214418,4868
719330314320,4875
719330414222,4871
719330514124,4879
719330614026,4877
719330713928,4894
719330813830,4868
719330913732,4868
719331013634,4898
719331113536,4874
719331213438,4882
719331313340,4879
719331413242,4870
719331513144,4898
719331613046,4894
719331712948,4903
719331812850,4895
719331912752,4886
719332012655,5030
719332112557,4864
719332212459,4852
719332312361,4854
719332412263,4893
719332512165,4867
719332612067,4854
719332711969,4900
719332811871,4854
719332911773,4853
719333011675,4893
719333111577,4861
719333211479,4853
719333311381,4827
719333411283,4867
719333511185,4859
719333611087,4852
719333710989,4894
719333810891,4852
719333910793,4853
719334010695,4858
719334110597,4826
719334210499,4856
719334310401,4857
719334410303,4863
719334510205,4858
719334610107,4858
719334710009,4892
719334809911,4858
719334909813,4819
719335009715,4864
719335109617,4861
719335209519,4856
719335309421,4857
719335409323,4860
719335509225,4857
719335609127,4850
719335709029,4812
719335808931,4865
719335908833,4858
719336008735,4859
719336108637,4862
719336208539,4852
719336308441,4857
719336408343,4852
719336508245,4864
719336608147,4859
719336708049,4849
719336807951,4852
719336907853,4854
719337007755,4926
719337107657,4859
719337207559,4852
719337307461,4813
719337407363,4853
719337507265,4878
719337607167,4858
719337707069,4851
719337806971,4853
719337906873,4852
719338006775,4854
719338106677,4828
719338206579,4855
719338306481,4859
719338406383,4852
719338506285,4853
719338606187,4855
719338706089,4852
719338805991,4962
719338905893,4832
719339005795,4858
719339105697,4852
719339205599,4858
719339305501,4851
719339405403,4853
719339505305,4855
719339605207,4853
719339705109,4826
719339805011,4851
719339904913,4853
719340004815,4856
719340104717,4859
719340204619,4858
719340304521,4854
719340404423,4855
719340504325,4822
719340604227,5177
719340704130,4855
719340804032,4850
719340903934,4856
719341003836,4858
719341103738,4898
719341203658,4870
719341303560,4817
719341403462,4861
719341503364,4870
719341603266,4857
719341703168,4882
719341803070,5009
719341902972,4855
719342002875,5049
719342102777,4880
719342202679,5097
719342302581,5151
719342402483,5070
719342502385,5085
719342602287,5064
719342702189,4904
719342802091,4885
719342901993,4884
719343001895,4879
719343101797,4883
719343201700,4894
719343301602,4900
719343401504,4874
719343501406,4884
719343601308,4877
719343701210,4907
719343801112,4868
719343901014,4864
719344000916,4875
719344100818,4898
719344200720,4904
719344300622,4870
719344400524,4878
719344500426,4892
719344600328,4874
719344700230,4947
719344800132,4904
719344900034,4918
719344999936,4879
719345099838,4890
719345199740,4901
719345299642,4936
719345399544,4878
719345499446,4885
719345599348,4888
719345699250,4925
719345799152,4887
719345899054,4879
719345998956,4870
719346098858,4886
719346198760,4862
719346298662,4905
719346398564,4885
719346498466,4878
719346598368,4879
719346698270,4943
719346798172,4875
719346898074,4897
719346997976,4914
719347097878,4885
719347197780,4886
719347297682,5072
719347397584,4881
719347497486,4884
719347597388,4899
719347697290,4885
719347797192,4901
719347897094,4864
719347996996,4877
719348096898,4900
719348196800,4885
719348296702,4868
719348396604,4891
719348496506,4890
719348596408,4874
719348696310,4956
719348796212,4866
719348896114,4882
719348996016,4896
719349095918,4872
719349195820,4875
719349295722,4862
719349395624,4872
719349495526,4876
719349595428,4884
719349695330,4879
719349795232,4889
719349895134,4876
719349995036,4925
719350094938,4885
719350194840,4884
719350294742,4883
719350394644,4890
719350494546,4879
719350594448,4894
719350694350,4936
719350794252,4878
719350894154,4896
719350994056,5033
719351093958,4893
719351193860,4876
719351293762,4876
719351393664,4900
719351493566,4883
719351593468,4891
719351693370,4893
719351793272,4870
719351893174,4896
719351993076,4932
719352092979,5040
719352192881,4857
719352292783,4859
719352392685,4854
719352492587,4824
719352592489,4855
719352692391,4890
719352792293,4853
719352892195,4857
719352992097,4851
719353091999,4857
719353191901,4851
719353291803,4818
719353391705,4856
719353491607,4855
719353591509,4854
719353691411,4852
719353791313,4853
719353891215,4853
719353991117,4855
719354091019,4826
719354190921,4861
719354290823,4857
719354390725,4859
719354490627,4858
719354590529,4862
719354690431,4909
719354790333,4865
719354890235,4821
719354990137,4852
719355090039,4917
719355189941,4857
719355289843,4855
719355389745,4864
719355489647,4858
719355589549,4872
719355689451,4829
719355789353,4859
719355889255,5052
719355989157,4861
719356089059,4854
719356188961,4851
719356288863,4852
719356388765,4854
719356488667,4814
719356588569,4861
719356688471,4925
719356788373,4855
719356888275,4855
719356988177,4851
719357088079,4849
719357187981,4863
719357287883,4815
719357387785,4856
719357487687,4854
719357587589,4854
719357687491,4856
719357787393,4851
719357887295,4858
719357987197,4852
719358087099,4821
719358187004,4850
719358286906,4852
719358386808,4851
719358486710,4853
719358586612,5033
719358686514,4892
719358786416,4852
719358886318,4810
719358986220,4854
719359086122,4889
719359186024,4865
719359285926,4858
719359385828,4852
719359485730,4861
719359585632,4858
719359685534,4821
719359785436,4858
719359885338,4858
719359985240,4857
719360085142,4892
719360185044,4852
719360284946,4872
719360384848,4862
719360484750,4834
719360584652,4895
719360684554,4885
719360784456,4854
719360884358,4859
719360984260,4850
719361084162,4892
719361184064,4853
719361283966,4848
719361383868,4857
719361483770,4856
719361583672,4855
719361683574,4857
719361783476,4859
719361883378,4854
719361983280,4859
719362083183,5075
719362183085,4889
719362282987,4884
719362382889,4870
719362482791,4882
719362582693,4915
719362682595,4891
719362782497,4864
719362882399,4889
719362982301,4878
719363082203,4868
719363182105,4876
719363282007,4897
719363381909,4879
719363481811,4868
719363581713,4886
719363681615,4885
719363781517,4882
719363881419,4905
719363981338,4889
719364081240,4899
719364181142,4876
719364281044,4872
719364380946,4880
719364480848,4901
719364580750,4907
719364680652,4889
719364780554,4879
719364880456,4885
719364980358,4888
719365080260,4952
719365180162,4885
719365280064,4888
719365379966,4887
719365479868,4882
719365579770,4910
719365679672,4883
719365779574,4923
719365879476,4903
719365979378,4876
719366079280,4883
719366179182,4871
719366279084,4874
719366378986,4893
719366478888,4889
719366578790,4887
719366678692,4872
719366778594,4920
719366878496,4872
719366978398,4865
719367078300,4888
719367178202,4881
719367278104,4857
719367378006,4865
719367477908,4883
719367577810,4872
719367677712,4903
719367777614,4907
719367877516,4884
719367977418,4874
719368077320,4868
719368177222,4886
719368277124,4910
719368377026,4876
719368476928,4890
719368576830,4887
719368676732,4878
719368776634,4913
719368876536,4869
719368976438,4868
719369076340,4879
719369176242,4874
719369276144,4876
719369376046,4890
719369475948,4877
719369575850,4885
719369675752,4886
719369775654,4899
719369875556,4903
719369975458,4869
719370075360,4877
719370175262,4880
719370275164,4888
719370375066,4872
719370474968,4872
719370574870,4876
719370674772,4879
719370774674,4877
719370874576,4876
719370974478,4874
719371074380,4885
719371174282,4882
719371274184,4873
719371374086,4878
719371473988,4884
719371573890,4878
719371673792,4902
719371773694,4888
719371873596,4894
719371973498,5052
719372073401,5030
719372173303,4856
719372273205,4857
719372373107,4854
719372473009,4817
719372572911,4853
719372672813,4858
719372772715,4854
719372872617,4856
719372972519,4852
719373072421,4855
719373172323,4854
719373272225,4819
719373372127,4868
719373472029,4850
719373571931,4859
719373671833,4855
719373771735,4858
719373871637,4860
719373971539,4854
719374071441,4822
719374171343,4856
719374271245,4862
719374371147,4864
719374471049,4859
719374570951,4856
719374670853,4864
719374770755,4861
719374870657,4817
719374970559,4860
719375070461,4861
719375170363,4857
719375270265,4857
719375370167,4927
719375470069,4859
719375569971,4867
719375669873,4820
719375769775,4856
719375869677,4859
719375969579,4855
719376069481,4860
719376169383,4860
719376269285,4864
719376369187,4930
719376469089,4814
719376568991,4852
719376668893,4855
719376768795,4863
719376868697,4851
719376968599,4854
719377068501,4855
719377168403,4853
719377268305,4828
719377368207,4939
719377468109,4852
719377568011,4854
719377667913,4852
719377767815,4851
719377867717,4855
719377967619,4853
719378067521,4822
719378167423,4860
719378267325,4856
719378367227,4964
719378467129,4849
719378567031,4854
719378666933,4862
719378766835,4857
719378866737,4815
719378966639,4853
719379066541,4861
719379166443,4856
719379266345,4853
719379366247,4939
719379466149,4850
719379566051,4848
719379665953,4815
719379765855,4857
719379865757,4863
719379965659,4855
719380065561,4859
719380165463,4858
719380265365,4851
719380365267,4857
719380465169,4817
719380565071,4850
719380664973,4898
719380764875,4859
719380864777,4857
719380964679,4853
719381064581,4864
719381164483,4855
719381264385,4822
719381364287,4854
719381464189,4857
719381564091,4887
719381663993,4856
719381763895,4867
719381863797,4859
719381963699,4859
719382063602,5039
719382163504,4879
719382263406,4874
719382363308,4881
719382463210,4872
719382563112,4903
719382663014,4911
719382762916,4888
719382862818,4889
719382962720,4893
719383062622,4879
719383162524,4882
719383262426,4898
719383362328,4867
719383462230,4861
719383562132,4879
719383662034,4875
719383761936,4864
719383861838,4879
719383961740,4896
719384061642,4887
719384161544,4895
719384261446,4891
719384361348,4883
719384461250,4885
719384561152,4869
719384661054,4960
719384760956,4868
719384860858,4888
719384960760,4890
719385060662,4880
719385160564,4887
719385260466,4882
719385360368,4870
719385460270,4873
719385560172,4878
719385660074,4890
719385759976,4897
719385859878,4880
719385959780,4929
719386059682,4887
719386159584,4880
719386259486,4882
719386359388,4891
719386459290,4887
719386559192,4884
719386659094,4933
719386759019,4870
719386858921,4877
719386958823,4940
719387058725,4862
719387158627,4880
719387258529,4866
719387358431,4867
719387458333,4891
719387558235,4879
719387658137,4890
719387758039,4877
719387857941,4874
719387957843,4923
719388057745,4870
719388157647,4868
719388257549,4913
719388357451,4884
719388457353,4907
719388557255,4895
719388657157,4930
719388757059,4871
719388856961,4891
719388956863,4899
719389056765,4885
719389156667,4892
719389256569,4895
719389356471,4870
719389456373,4932
719389556275,4875
719389656177,4886
719389756079,4864
719389855981,4879
719389955883,4986
719390055785,4886
719390155687,4876
719390255589,4886
719390355491,4880
719390455393,4951
719390555295,4876
719390655197,4936
719390755099,4871
719390855005,4906
719390954907,4883
719391054809,4876
719391154711,4893
719391254613,4867
719391354515,4886
719391454417,4966
719391554319,4891
719391654221,4876
719391754123,4886
719391854025,4871
719391953927,4895
719392053830,4937
719392153732,4860
719392253634,4853
719392353536,4851
719392453438,4928
719392553340,4853
719392653254,4913
719392753156,4854
719392853058,4850
719392952960,4865
719393052862,4857
719393152764,4863
719393252666,4818
719393352568,4857
719393452470,4952
719393552372,4855
719393652274,4855
719393752176,4853
719393852078,4859
719393951980,4866
719394051882,4829
719394151784,4855
719394251686,4854
719394351588,4855
719394451490,4884
719394551392,4857
719394651294,4911
719394751196,4857
719394851098,4824
719394951003,4872
719395050905,4858
719395150807,4861
719395250709,4864
719395350611,4855
719395450513,4877
719395550415,4860
719395650317,4823
719395750219,4863
719395850121,4851
719395950023,4872
719396049925,4855
719396149827,4856
719396249729,4857
719396349631,4860
719396449533,4837
719396549435,4863
719396649337,4891
719396749239,4863
719396849141,4852
719396949043,4849
719397048945,4853
719397148847,4814
719397248749,4823
719397348651,4850
719397448553,4855
719397548455,4857
719397648357,4856
719397748259,4861
719397848161,4855
719397948063,4850
719398047965,4823
719398147867,4851
719398247769,4858
719398347671,4854
719398447573,4857
719398547475,4854
719398647377,4853
719398747279,4864
719398847181,4810
719398947083,4849
719399046985,4854
719399146887,4854
719399246789,4864
719399346691,4855
719399446593,4865
719399546495,4859
719399646397,4825
719399746299,4861
719399846201,4854
719399946103,4854
719400046005,4854
719400145907,4893
719400245809,4856
719400345711,4853
719400445613,4818
719400545515,4853
719400645417,4852
719400745319,4857
719400845221,4858
719400945123,4886
719401045025,4851
719401144927,4851
719401244829,4839
719401344731,4866
719401444633,4858
719401544535,4854
719401644437,4870
719401744339,4896
719401844241,4855
719401944143,4849
719402044046,5014
719402143948,5119
719402243850,5085
719402343752,5058
719402443654,5091
719402543556,5062
719402643458,5081
719402743360,4900
719402843262,4886
719402943164,4911
719403043066,4873
719403142969,4910
719403242871,4906
719403342773,4896
719403442675,4887
719403542577,4872
719403642479,4921
719403742381,4878
719403842283,4886
719403942185,4876
719404042087,4886
719404141989,4878
719404241891,4880
719404341793,4877
719404441695,4884
719404541597,4886
719404641499,4899
719404741401,4882
719404841303,4889
719404941205,4868
719405041107,4890
719405141009,4879
719405240911,4903
719405340813,4877
719405440715,4892
719405540617,4877
719405640519,4901
719405740421,4868
719405840323,4876
719405940225,4912
719406040127,4896
719406140029,4883
719406239931,4891
719406339833,4886
719406439735,4873
719406539637,4878
719406639539,4880
719406739441,4893
719406839343,4903
719406939245,4873
719407039147,4886
719407139049,4865
719407238951,4886
719407338853,4881
719407438755,4887
719407538657,4878
719407638559,4899
719407738461,4869
719407838363,4877
719407938265,4887
719408038167,4878
719408138069,4862
719408237971,4868
719408337873,4885
719408437775,4887
719408537677,4864
719408637579,4874
719408737481,4885
719408837383,4871
719408937285,4864
719409037187,4885
719409137089,4866
719409236991,4891
719409336893,4893
719409436813,4881
719409536715,4888
719409636617,4882
719409736519,4883
719409836421,4871
719409936323,4867
719410036225,4906
719410136127,4871
719410236029,4875
719410335931,4908
719410435833,4893
719410535735,4873
719410635637,4880
719410735539,4884
719410835441,4888
719410935343,4890
719411035245,4880
719411135147,4872
719411235049,4883
719411334951,4884
719411434853,4876
719411534755,4874
719411634657,4916
719411734559,4884
719411834461,4857
719411934363,4888
719412034266,5019
719412134168,4890
719412234070,4855
719412333972,4853
719412433874,4817
719412533776,4853
719412633678,4855
719412733580,4851
719412833482,4854
719412933384,4888
719413033286,4859
719413133188,4857
719413233091,4852
719413332993,4852
719413432895,4854
719413532797,4861
719413632699,4856
719413732601,4853
719413832503,4858
719413932405,4855
719414032307,4813
719414132209,4864
719414232111,4857
719414332013,4852
719414431915,4857
719414531817,4855
719414631719,4857
719414731621,4858
719414831523,4821
719414931425,4854
719415031327,4859
719415131229,4856
719415231131,4853
719415331033,4853
719415430935,4862
719415530837,4862
719415630739,4826
719415730641,4864
719415830543,4855
719415930445,4857
719416030347,4859
719416130249,4861
719416230151,4864
719416330053,4852
719416429955,4827
719416529857,4858
719416629759,4868
719416729661,4856
719416829563,4861
719416929465,4854
719417029367,4855
719417129269,4867
719417229171,4820
719417329073,4847
719417428975,4852
719417528877,4854
719417628779,4865
719417728681,4855
719417828583,4860
719417928485,4853
719418028387,4826
719418128289,4856
719418228191,4856
719418328093,4849
719418427995,4852
719418527897,4857
719418627799,4857
719418727701,4860
719418827603,4819
719418927505,4854
719419027407,4853
719419127309,4859
719419227211,4860
719419327113,4848
719419427015,4855
719419526917,4859
719419626819,4830
719419726721,4855
719419826623,4853
719419926525,4852
719420026427,4857
719420126329,4870
719420226231,4852
719420326133,4858
719420426035,4815
719420525937,4858
719420625839,4855
719420725741,4861
719420825643,4856
719420925545,4854
719421025447,4853
719421125349,4856
719421225251,4841
719421325153,4853
719421425055,4850
719421524957,4859
719421624859,4855
719421724761,4862
719421824663,4857
719421924565,4856
719422024468,5038
719422124372,4874
719422224274,4870
719422324176,4880
719422424078,4867
719422523980,4892
719422623882,4879
719422723784,4886
719422823686,4868
719422923588,4862
719423023490,4862
719423123392,4899
719423223294,4905
719423323196,4893
719423423098,4871
719423523003,4882
719423622905,4900
719423722807,4879
719423822709,4871
719423922611,4873
719424022513,4876
719424122415,4903
719424222317,4898
719424322219,4921
719424422121,4877
719424522023,4887
719424621925,4881
719424721827,4889
719424821729,4877
719424921631,4901
719425021533,4878
719425121435,4892
719425221337,4882
719425321239,4872
719425421141,4871
719425521043,4887
719425620945,4879
719425720847,4885
719425820749,4897
719425920651,4881
719426020553,4881
719426120455,4922
719426220357,4873
719426320259,4871
719426420161,4881
719426520063,4890
719426619965,4874
719426719867,4906
719426819769,4889
719426919671,4880
719427019573,4882
719427119475,4910
719427219377,4892
719427319279,4902
719427419181,4899
719427519083,4863
719427618985,4901
719427718887,4879
719427818789,4875
719427918691,4865
719428018593,4866
719428118495,4922
719428218397,4886
719428318299,4905
719428418201,4882
719428518103,4889
719428618005,4873
719428717907,4928
719428817809,4878
719428917711,4889
719429017613,4882
719429117515,4884
719429217417,4883
719429317319,4876
719429417221,4867
719429517123,4873
719429617025,4879
719429716927,4911
719429816829,4894
719429916731,4878
719430016633,4890
719430116535,4887
719430216437,4881
719430316339,4865
719430416241,4883
719430516143,4878
719430616045,4875
719430715947,4935
719430815849,4882
719430915751,4875
719431015653,4869
719431115555,4873
719431215457,4870
719431315359,4898
719431415261,4875
719431515163,4871
719431615065,4892
719431714967,4875
719431814869,4880
719431914771,4891
