718423897323,9322
718423997241,5998
718424097384,4901
718424197286,4850
718424297188,4849
718424397090,4847
718424496992,4851
718424596894,4850
718424696796,4929
718424796698,4823
718424896600,4855
718424996502,4893
718425096404,4854
718425196306,4861
718425296208,4853
718425396110,4851
718425496012,4858
718425595914,4815
718425695816,4853
718425795718,4853
718425895620,4852
718425995522,4889
718426095424,4853
718426195326,4859
718426295228,4862
718426395130,4833
718426495032,4852
718426594934,4854
718426694836,4931
718426794738,4854
718426894640,4861
718426994542,4872
718427094444,4855
718427194346,4823
718427294248,4854
718427394150,4849
718427494052,4850
718427593954,4855
718427693856,4863
718427793758,4857
718427893660,4859
718427993562,4839
718428093464,4863
718428193366,4860
718428293268,4866
718428393170,4857
718428493072,4856
718428592974,4856
718428692876,4893
718428792778,4834
718428892680,4859
718428992582,4854
718429092484,4857
718429192386,4860
718429292288,4859
718429392190,4857
718429492092,4855
718429591994,4825
718429691896,4866
718429791798,4863
718429891700,4856
718429991602,4857
718430091504,4864
718430191406,4866
718430291308,4861
718430391210,4838
718430491112,4855
718430591014,4861
718430690916,4930
718430790818,4862
718430890720,4870
718430990622,4861
718431090524,4864
718431190426,4816
718431290328,4860
718431390230,4864
718431490132,4853
718431590034,4853
718431689936,4865
718431789838,4854
718431889740,4858
718431989642,4819
718432089544,4866
718432189446,4855
718432289348,4856
718432389250,4861
718432489152,4857
718432589054,4848
718432688956,4933
718432788858,4822
718432888760,4850
718432988662,4855
718433088564,4853
718433188466,4857
718433288368,4853
718433388271,4858
718433488173,4861
718433588075,4817
718433687977,4852
718433787879,4854
718433887781,4854
718433987684,5065
718434087586,4876
718434187488,4874
718434287390,4868
718434387292,4897
718434487194,4884
718434587096,4870
718434686998,4906
718434786900,4859
718434886802,4864
718434986704,4882
718435086606,5074
718435186508,4884
718435286410,4881
718435386312,4887
718435486214,4885
718435586116,4863
718435686018,4865
718435785920,4876
718435885822,4882
718435985724,4907
718436085626,4892
718436185528,4879
718436285430,4882
718436385332,4868
718436485234,4867
718436585136,4871
718436685038,4902
718436784940,4883
718436884842,4882
718436984744,4885
718437084646,4878
718437184548,4877
718437284450,4886
718437384352,4904
718437484254,4894
718437584156,4884
718437684058,4877
718437783960,4883
718437883862,4887
718437983764,4881
718438083666,4877
718438183568,4874
718438283470,4884
718438383372,4888
718438483274,4897
718438583176,4885
718438683078,4871
718438782980,4886
718438882882,4904
718438982784,4879
718439082686,4888
718439182588,4878
718439282490,4880
718439382392,4885
718439482294,4897
718439582196,4917
718439682098,4882
718439782003,4881
718439881905,4887
718439981807,4870
718440081709,4882
718440181611,4868
718440281513,4887
718440381415,4885
718440481317,4880
718440581219,4875
718440681121,4893
718440781023,4893
718440880925,4894
718440980827,4882
718441080729,4884
718441180631,4880
718441280533,4864
718441380435,4898
718441480337,4881
718441580239,4882
718441680141,4881
718441780043,4882
718441879945,4886
718441979847,4882
718442079749,4885
718442179651,5086
718442279553,5057
718442379455,5075
718442479357,5083
718442579259,5093
718442679161,5062
718442779063,4878
718442878965,4875
718442978867,4872
718443078769,4906
718443178671,4887
718443278573,4871
718443378475,4873
718443478377,4880
718443578279,4894
718443678181,4866
718443778083,4879
718443877985,4864
718443977888,4961
718444077791,4858
718444177693,4851
718444277595,4852
718444377497,4854
718444477399,4852
718444577301,4862
718444677204,4850
718444777106,4850
718444877008,4847
718444976910,4852
718445076812,4858
718445176714,4855
718445276616,4851
718445376518,4857
718445476420,4865
718445576322,4819
718445676224,4853
718445776126,4857
718445876028,4851
718445975930,4853
718446075832,4858
718446175734,4862
718446275636,4854
718446375538,4817
718446475440,4853
718446575342,4852
718446675267,4871
718446775169,4888
718446875071,4925
718446974973,4857
718447074875,4860
718447174777,4830
718447274679,4855
718447374581,4856
718447474483,4858
718447574385,4857
718447674287,4856
718447774189,4861
718447874091,4849
718447973993,4834
718448073895,4861
718448173797,4858
718448273699,4856
718448373601,4859
718448473503,4866
718448573406,4876
718448673308,4859
718448773210,4825
718448873112,5000
718448973014,4858
718449072916,4857
718449172818,4855
718449272720,4870
718449372622,4859
718449472524,4862
718449572426,4844
718449672328,4860
718449772230,4864
718449872132,4854
718449972034,4859
718450071936,4873
718450171838,4857
718450271740,4864
718450371642,4819
718450471544,4863
718450571446,4856
718450671348,4859
718450771250,4861
718450871152,4857
718450971054,4869
718451070956,4862
718451170858,4817
718451270760,4858
718451370663,4919
718451470565,4864
718451570467,4872
718451670369,4859
718451770271,4858
718451870173,4859
718451970075,4825
718452069977,4859
718452169879,4858
718452269781,4868
718452369683,4930
718452469585,4864
718452569487,4893
718452669389,4857
718452769291,4831
718452869193,4865
718452969095,4852
718453068997,4860
718453168899,4859
718453268801,4856
718453368703,4940
718453468605,4854
718453568507,4863
718453668409,4855
718453768311,4858
718453868213,4853
718453968116,5014
718454068018,4878
718454167920,4880
718454267822,4919
718454367724,4947
718454467626,4980
718454567528,4860
718454667430,4896
718454767332,4879
718454867234,4880
718454967136,4871
718455067038,4880
718455166940,4877
718455266842,4870
718455366744,4947
718455466646,4892
718455566548,4894
718455666450,4884
718455766352,4876
718455866254,4893
718455966156,4883
718456066058,4859
718456165960,4877
718456265862,4876
718456365764,4906
718456465666,4860
718456565568,4876
718456665470,4902
718456765372,4882
718456865274,4864
718456965176,4869
718457065078,4889
718457164980,4877
718457264882,4865
718457364784,4874
718457464686,4864
718457564588,4883
718457664490,4877
718457764392,4874
718457864294,4873
718457964196,4898
718458064098,4876
718458164006,4886
718458263908,4883
718458363810,4923
718458463712,4877
718458563614,4882
718458663516,4914
718458763418,4885
718458863320,4870
718458963222,4879
718459063124,4861
718459163026,4898
718459262928,4878
718459362830,4859
718459462732,4883
718459562634,4871
718459662536,4875
718459762438,4883
718459862340,4867
718459962242,4885
718460062144,4871
718460162046,4874
718460261948,4874
718460361850,4894
718460461752,4869
718460561654,4891
718460661556,4973
718460761458,4906
718460861360,4888
718460961262,4875
718461061164,4915
718461161066,4869
718461260968,4875
718461360870,4879
718461460772,4879
718461560674,4880
718461660576,4879
718461760478,4875
718461860380,4869
718461960282,4897
718462060184,4913
718462160086,4887
718462259988,4886
718462359890,4889
718462459792,4882
718462559694,4866
718462659596,4927
718462759498,4883
718462859400,4905
718462959302,4906
718463059204,4905
718463159106,4888
718463259008,4892
718463358910,4895
718463458812,4884
718463558714,4885
718463658616,4886
718463758518,4893
718463858420,4878
718463958323,5008
718464058225,4905
718464158127,4853
718464258030,4870
718464357932,4848
718464457834,4853
718464557736,4853
718464657638,4924
718464757540,4830
718464857442,4857
718464957344,4891
718465057246,4889
718465157148,4857
718465257050,4849
718465356952,4853
718465456854,4854
718465556756,4821
718465656658,4866
718465756560,4872
718465856462,4859
718465956364,4895
718466056266,4853
718466156168,4860
718466256070,4853
718466355972,4826
718466455874,4881
718466555776,4854
718466655678,4929
718466755580,4855
718466855482,4861
718466955384,4872
718467055286,4859
718467155188,4824
718467255090,4859
718467354992,4862
718467454894,4939
718467554796,4856
718467654698,4857
718467754600,4852
718467854502,4866
718467954404,4844
718468054306,4856
718468154208,4865
718468254110,4851
718468354012,4856
718468453914,4951
718468553816,4857
718468653718,4891
718468753620,4833
718468853522,4859
718468953424,4871
718469053326,4858
718469153228,4856
718469253130,4875
718469353032,4860
718469452954,4955
718469552856,4820
718469652758,4860
718469752660,4857
718469852562,4863
718469952464,4871
718470052366,4863
718470152268,4866
718470252170,4865
718470352072,4817
718470451974,4954
718470551876,4861
718470651778,4930
718470751680,4861
718470851582,4858
718470951484,4874
718471051386,4862
718471151288,4833
718471251190,4858
718471351092,4854
718471450994,4930
718471550896,4859
718471650798,4857
718471750700,4857
718471850602,4868
718471950504,4839
718472050406,4859
718472150308,4857
718472250210,4863
718472350112,4853
718472450014,4876
718472549916,4869
718472649818,4892
718472749720,4822
718472849622,4865
718472949524,4874
718473049426,4856
718473149328,4857
718473249230,4858
718473349132,4854
718473449034,4864
718473548936,4828
718473648838,4860
718473748740,4861
718473848642,4853
718473948545,5007
718474048447,4874
718474148349,4866
718474248251,4882
718474348153,4871
718474448055,4880
718474547957,4885
718474647859,4877
718474747762,4861
718474847664,4874
718474947566,4881
718475047468,4870
718475147370,4883
718475247272,4883
718475347174,4873
718475447076,4880
718475546978,4889
718475646880,4881
718475746782,4890
718475846684,4874
718475946586,4877
718476046488,4894
718476146390,4904
718476246292,4891
718476346194,4878
718476446096,4875
718476545998,4862
718476645900,4874
718476745802,4898
718476845704,4867
718476945606,4872
718477045508,4883
718477145410,4873
718477245312,4901
718477345214,4881
718477445116,4881
718477545018,4858
718477644920,4865
718477744822,4879
718477844724,4886
718477944626,4865
718478044528,4879
718478144430,4871
718478244332,4880
718478344234,4893
718478444136,4869
718478544038,4873
718478643940,4895
718478743842,4887
718478843744,4879
718478943646,4884
718479043548,4899
718479143450,4890
718479243352,4901
718479343254,4884
718479443156,4879
718479543058,4863
718479642960,4885
718479742862,4885
718479842764,4883
718479942666,4887
718480042568,4890
718480142470,4864
718480242372,4885
718480342274,4883
718480442176,4908
718480542078,4873
718480641980,4878
718480741882,4887
718480841784,4897
718480941686,4879
718481041588,4892
718481141490,4872
718481241392,4872
718481341294,4902
718481441196,4892
718481541098,4900
718481641003,4888
718481740905,4880
718481840807,4888
718481940709,4885
718482040611,4885
718482140513,4882
718482240415,4882
718482340317,4891
718482440219,4885
718482540121,4863
718482640023,4868
718482739925,4885
718482839827,4900
718482939729,4878
718483039631,4888
718483139533,4891
718483239435,4874
718483339337,4882
718483439239,4894
718483539141,4877
718483639043,4877
718483738945,4881
718483838847,4887
718483938750,4969
718484038652,4862
718484138554,4851
718484238456,4852
718484338358,4859
718484438261,4850
718484538164,4856
718484638066,4848
718484737968,4818
718484837870,4850
718484937772,4862
718485037674,4853
718485137576,4856
718485237478,4858
718485337380,4855
718485437282,4855
718485537184,4821
718485637086,4854
718485736988,4864
718485836890,4853
718485936792,4855
718486036694,4861
718486136596,4857
718486236498,4853
718486336400,4826
718486436302,4852
718486536204,4854
718486636106,4854
718486736008,4851
718486835910,4865
718486935812,4853
718487035714,4853
718487135616,4828
718487235518,4854
718487335420,4864
718487435322,4857
718487535224,4853
718487635126,4853
718487735028,4852
718487834930,4852
718487934832,4821
718488034734,4854
718488134636,4911
718488234538,4860
718488334440,4853
718488434342,4856
718488534244,4866
718488634146,4853
718488734048,4823
718488833950,4868
718488933852,4861
718489033754,4868
718489133656,4858
718489233558,4860
718489333460,4857
718489433362,4858
718489533264,4818
718489633166,4856
718489733068,4860
718489832970,4861
718489932872,4858
718490032774,4864
718490132676,4869
718490232578,4857
718490332480,4830
718490432382,4859
718490532284,4858
718490632186,4859
718490732088,4868
718490831990,4859
718490931892,4861
718491031794,4858
718491131696,4843
718491231598,4858
718491331500,4856
718491431402,4856
718491531304,4858
718491631206,4854
718491731108,4854
718491831010,4854
718491930912,4821
718492030814,4857
718492130740,4861
718492230642,4864
718492330544,4855
718492430446,4857
718492530348,4861
718492630250,4857
718492730152,4815
718492830054,4860
718492929956,4861
718493029858,4860
718493129760,4862
718493229662,4855
718493329564,4857
718493429466,4857
718493529368,4827
718493629270,4857
718493729172,4860
718493829074,4855
718493928977,5036
718494028879,4879
718494128781,4872
718494228683,4884
718494328585,4911
718494428487,4880
718494528389,4863
718494628291,4900
718494728193,4878
718494828095,4877
718494927997,4878
718495027899,4867
718495127801,4889
718495227703,4916
718495327605,4868
718495427507,4876
718495527409,4880
718495627311,4886
718495727213,4885
718495827115,4867
718495927017,4867
718496026919,4884
718496126821,4886
718496226723,4921
718496326625,4882
718496426527,4868
718496526429,4918
718496626331,4894
718496726233,4896
718496826135,4872
718496926037,4866
718497025939,4882
718497125841,4874
718497225743,4915
718497325645,4882
718497425547,4888
718497525449,4917
718497625351,4884
718497725253,4884
718497825155,4881
718497925057,4866
718498024959,4974
718498124861,4873
718498224763,4935
718498324665,4870
718498424567,4884
718498524469,4886
718498624371,4878
718498724273,4878
718498824175,4890
718498924077,4913
718499023979,4870
718499123881,4892
718499223783,4921
718499323685,4876
718499423587,4878
718499523489,4891
718499623391,4886
718499723293,4883
718499823195,4891
718499923097,4937
718500022999,4869
718500122901,4870
718500222803,4919
718500322705,4930
718500422607,4879
718500522509,4878
718500622411,4880
718500722313,4891
718500822215,4874
718500922117,4898
718501022019,4859
718501121921,4875
718501221823,4874
718501321725,4882
718501421627,4886
718501521529,4872
718501621431,4878
718501721333,4878
718501821235,4885
718501921137,4878
718502021039,4882
718502120941,4888
718502220843,5104
718502320745,5092
718502420647,5098
718502520549,5058
718502620451,5073
718502720354,4897
718502820256,4897
718502920158,4873
718503020060,4872
718503119962,4882
718503219864,4878
718503319766,4879
718503419668,4870
718503519570,4885
718503619472,4881
718503719374,4892
718503819276,4863
718503919179,4965
718504019081,4851
718504118984,4852
718504218886,4852
718504318788,4868
718504418690,4853
718504518592,4850
718504618494,4884
718504718397,4836
718504818299,4849
718504918201,4856
718505018103,4856
718505118005,4852
718505217907,4853
718505317809,4851
718505417711,4855
718505517613,4830
718505617515,4887
718505717417,4857
718505817319,4853
718505917221,4859
718506017123,4853
718506117025,4848
718506216927,4855
718506316830,4826
718506416732,4857
718506516634,4862
718506616536,4888
718506716438,4856
718506816340,4860
718506916242,4859
718507016144,4850
718507116046,4812
718507215948,4855
718507315850,4856
718507415752,4860
718507515654,4854
718507615556,4891
718507715458,4859
718507815360,4856
718507915262,4836
718508015164,4853
718508115066,4854
718508214968,4852
718508314870,4854
718508414772,4854
718508514674,4857
718508614576,4872
718508714478,4835
718508814380,4863
718508914282,4857
718509014184,4857
718509114086,4852
718509213988,4857
718509313890,4864
718509413792,4871
718509513694,4823
718509613596,4855
718509713498,4859
718509813400,4865
718509913302,4857
718510013204,4866
718510113106,4854
718510213008,4854
718510312910,4831
718510412812,4858
718510512714,4864
718510612616,4857
718510712518,4863
718510812420,4859
718510912322,4857
718511012224,4875
718511112126,4816
718511212028,4856
718511311930,4856
718511411832,4861
718511511734,4858
718511611636,4855
718511711538,4861
718511811440,4857
718511911342,4861
718512011244,4854
718512111146,4851
718512211048,4853
718512310950,4893
718512410852,4864
718512510754,4859
718512610656,4859
718512710558,4826
718512810460,4861
718512910362,4856
718513010264,4857
718513110166,4859
718513210068,4856
718513309970,4855
718513409872,4865
718513509774,4824
718513609676,4860
718513709578,4864
718513809480,4857
718513909383,5019
718514009285,4884
718514109187,4887
718514209089,4859
718514308991,4865
718514408893,4875
718514508795,4916
718514608697,4879
718514708600,4879
718514808502,4861
718514908426,4884
718515008328,4934
718515108230,4868
718515208132,4878
718515308034,4867
718515407936,4872
718515507838,4942
718515607740,4871
718515707642,4873
718515807544,4897
718515907446,4886
718516007348,4917
718516107250,4889
718516207152,4883
718516307054,4876
718516406956,4880
718516506858,4862
718516606760,4870
718516706662,4898
718516806564,4906
718516906466,4891
718517006368,4885
718517106270,4893
718517206172,4887
718517306074,4869
718517405976,4882
718517505878,4881
718517605780,4879
718517705682,4880
718517805584,4866
718517905486,4866
718518005388,4875
718518105290,4865
718518205192,4879
718518305094,4888
718518404996,4879
718518504898,4883
718518604800,4882
718518704702,4881
718518804604,4880
718518904506,4871
718519004408,4884
718519104310,4896
718519204212,4872
718519304114,4893
718519404016,4883
718519503918,4861
718519603820,4871
718519703722,4898
718519803624,4869
718519903526,4887
718520003428,4900
718520103330,4875
718520203232,4894
718520303134,4875
718520403036,4874
718520502938,4893
718520602840,4880
718520702742,4996
718520802644,4889
718520902546,4888
718521002448,4870
718521102350,4881
718521202252,4897
718521302154,4887
718521402056,4882
718521501958,4898
718521601860,4892
718521701762,4913
718521801664,4882
718521901566,4873
718522001468,4907
718522101370,4882
718522201272,4884
718522301174,4914
718522401076,4879
718522500978,4882
718522600880,4887
718522700782,4946
718522800684,4876
718522900586,4873
718523000488,4874
718523100390,4891
718523200292,4899
718523300194,4882
718523400096,4883
718523499998,4880
718523599900,4865
718523699802,4903
718523799704,4899
718523899607,4977
718523999509,4865
718524099411,4898
718524199313,4867
718524299215,4854
718524399117,4853
718524499019,4847
718524598921,4848
718524698824,4863
718524798726,4863
718524898628,4853
718524998530,4895
718525098432,4855
718525198334,4862
718525298236,4853
718525398138,4850
718525498040,4817
718525597942,4854
718525697844,4855
718525797746,4855
718525897648,4860
718525997550,4889
718526097452,4855
718526197354,4866
718526297256,4821
718526397158,4861
718526497060,4853
718526596962,4854
718526696864,4936
718526796766,4858
718526896668,4857
718526996570,4888
718527096472,4826
718527196374,4857
718527296276,4857
718527396178,4853
718527496080,4852
718527595982,4854
718527695884,4857
718527795786,4854
718527895688,4822
718527995590,4855
718528095492,4863
718528195394,4856
718528295296,4855
718528395198,4855
718528495100,4854
718528595005,4857
718528694907,4909
718528794809,4868
718528894711,4859
718528994613,4855
718529094515,4854
718529194417,4853
718529294319,4855
718529394221,4863
718529494123,4814
718529594025,4885
718529693927,4860
718529793829,4860
718529893731,4857
718529993633,4857
718530093535,4855
718530193437,4855
718530293339,4827
718530393241,4865
718530493143,4862
718530593045,4859
718530692947,4897
718530792849,4859
718530892751,4855
718530992653,4857
718531092555,4822
718531192457,4865
718531292359,4862
718531392261,4858
718531492163,4858
718531592065,4854
718531691967,4857
718531791869,4856
718531891771,4822
718531991673,4870
718532091575,4860
718532191477,4857
718532291379,4855
718532391281,4857
718532491183,4858
718532591085,4855
718532690987,4890
718532790889,4854
718532890791,4859
718532990693,4859
718533090595,4858
718533190497,4864
718533290399,4857
718533390301,4862
718533490203,4833
718533590105,4853
718533690007,4852
718533789909,4856
718533889811,4865
718533989714,5028
718534089616,4884
718534189518,4875
718534289420,4899
718534389322,4878
718534489224,4876
718534589126,4880
718534689028,4939
718534788930,4882
718534888832,4877
718534988734,4884
718535088636,4969
718535188538,4887
718535288440,4875
718535388342,4883
718535488244,4891
718535588146,4887
718535688048,4881
718535787950,4897
718535887852,4894
718535987754,4876
718536087656,4880
718536187558,4866
718536287460,4881
718536387362,4883
718536487264,4877
718536587166,4874
718536687068,4917
718536786970,4886
718536886872,4899
718536986774,4888
718537086676,4874
718537186578,4875
718537286480,4877
718537386382,4883
718537486284,4884
718537586207,4876
718537686109,4881
718537786011,4883
718537885913,4874
718537985815,4870
718538085717,4860
718538185619,4874
718538285521,4903
718538385423,4880
718538485325,4868
718538585227,4881
718538685129,4910
718538785031,4874
718538884933,4879
718538984835,4878
718539084737,4896
718539184639,4861
718539284541,4880
718539384443,4879
718539484345,4885
718539584247,4871
718539684149,4877
718539784051,4878
718539883953,4863
718539983855,4870
718540083757,4881
718540183659,4877
718540283561,4888
718540383463,4867
718540483365,4875
718540583267,4878
718540683169,4908
718540783071,4897
718540882973,4893
718540982875,4886
718541082777,4879
718541182679,4878
718541282581,4866
718541382483,4901
718541482385,4884
718541582287,4890
718541682189,4884
718541782091,4872
718541881993,4888
718541981895,4881
718542081797,4886
718542181699,4870
718542281601,4879
718542381503,4880
718542481405,4866
718542581307,4878
718542681209,4884
718542781111,4875
718542881013,4889
718542980915,4882
718543080817,4892
718543180719,4886
718543280621,4886
718543380523,4882
718543480425,4886
718543580327,4927
718543680229,4876
718543780131,4891
718543880033,4893
718543979936,5002
718544079838,4886
718544179740,4854
718544279642,4855
718544379544,4859
718544479446,4855
718544579348,4858
718544679250,4828
718544779152,4889
718544879054,4847
718544978956,4854
718545078858,4850
718545178760,4852
718545278662,4860
718545378565,4869
718545478467,4815
718545578369,4867
718545678271,4857
718545778173,4890
718545878075,4852
718545977977,4851
718546077879,4856
718546177781,4855
718546277683,4826
718546377585,4853
718546477487,4857
718546577389,4857
718546677291,4859
718546777193,4854
718546877095,4846
718546976997,4857
718547076899,4855
718547176801,4852
718547276703,4855
718547376605,4857
718547476507,4856
718547576409,4852
718547676311,4856
718547776213,4859
718547876115,4835
718547976017,4850
718548075919,4856
718548175821,4856
718548275723,4853
718548375625,4858
718548475527,4858
718548575429,4854
718548675331,4818
718548775233,4860
718548875135,4848
718548975037,4850
718549074939,4852
718549174841,4858
718549274743,4865
718549374645,4865
718549474547,4832
718549574449,4854
718549674351,4857
718549774253,4853
718549874155,4854
718549974057,4850
718550073959,4858
718550173861,4860
718550273763,4818
718550373665,4866
718550473567,4865
718550573469,4858
718550673371,4858
718550773273,4862
718550873175,4856
718550973077,4855
718551072979,4820
718551172881,4856
718551272783,4866
718551372685,4859
718551472587,4858
718551572489,4875
718551672391,4856
718551772293,4866
718551872195,4828
718551972097,4853
718552071999,4865
718552171901,4863
718552271803,4857
718552371705,4858
718552471607,4862
718552571509,4859
718552671411,4824
718552771313,4865
718552871215,4857
718552971118,4855
718553071020,4854
718553170922,4866
718553270824,4865
718553370733,4892
718553470635,4822
718553570537,4861
718553670439,4870
718553770341,4872
718553870243,4858
718553970146,5002
718554070048,4884
718554169950,4889
718554269852,4914
718554369754,4960
718554469656,4886
718554569558,4895
718554669461,4895
718554769363,4896
718554869265,4892
718554969167,4866
718555069069,4914
718555168971,4856
718555268873,4895
718555368775,4952
718555468677,4899
718555568579,4877
718555668481,4890
718555768383,4877
718555868285,4876
718555968187,4858
718556068089,4919
718556167991,4875
718556267893,4895
718556367795,4950
718556467697,4872
718556567599,4878
718556667501,4898
718556767403,4882
718556867305,4868
718556967207,4897
718557067109,4907
718557167011,4894
718557266913,4872
718557366815,4935
718557466717,4884
718557566619,4872
718557666521,4905
718557766423,4890
718557866325,4870
718557966227,4881
718558066129,4910
718558166031,4872
718558265933,4883
718558365835,4921
718558465737,4864
718558565639,4874
718558665541,4880
718558765443,4882
718558865345,4880
718558965247,4900
718559065149,4887
718559165051,4876
718559264953,4883
718559364855,4872
718559464757,4887
718559564659,4831
718559664561,4888
718559764463,4875
718559864365,4893
718559964267,4865
718560064169,4885
718560164071,4884
718560263973,4873
718560363898,4891
718560463800,4880
718560563702,4881
718560663604,4946
718560763506,4890
718560863408,4904
718560963310,4878
718561063212,4887
718561163114,4882
718561263016,4884
718561362918,4886
718561462820,4878
718561562722,4906
718561662624,4905
718561762526,4877
718561862428,4885
718561962330,4877
718562062232,4885
718562162134,5086
718562262036,5078
718562361938,5086
718562461840,5106
718562561742,5093
718562661644,5117
718562761546,4892
718562861448,4869
718562961350,4872
718563061252,4881
718563161154,4892
718563261056,4877
718563360958,4873
718563460860,4881
718563560762,4879
718563660664,4890
718563760566,4864
718563860468,4880
718563960371,5044
718564060273,4866
718564160176,4855
718564260078,4855
718564359980,4852
718564459882,4855
718564559784,4854
718564659686,4858
718564759589,4857
718564859491,4854
718564959393,4899
718565059295,4856
718565159197,4856
718565259099,4849
718565359004,4850
718565458906,4816
718565558808,4857
718565658710,4851
718565758613,5199
718565858515,4856
718565958417,4895
718566058319,4855
718566158221,4854
718566258123,4815
718566358025,4852
718566457927,4865
718566557829,4854
718566657731,4932
718566757634,4855
718566857536,4860
718566957438,4889
718567057340,4837
718567157242,4857
718567257144,4852
718567357046,4858
718567456948,4856
718567556850,4855
718567656752,4856
718567756654,4856
718567856556,4818
718567956458,4897
718568056360,4862
718568156262,4860
718568256164,4858
718568356066,4849
718568455968,4878
718568555870,4858
718568655772,4896
718568755674,4854
718568855576,4854
718568955478,4891
718569055380,4860
718569155282,4855
718569255184,4853
718569355086,4850
718569454988,4909
718569554890,4859
718569654792,4865
718569754694,4855
718569854596,4853
718569954498,4856
718570054400,4856
718570154302,4856
718570254204,4827
718570354106,4857
718570454018,4934
718570553920,4858
718570653822,4901
718570753724,4858
718570853626,4860
718570953528,4877
718571053430,4831
718571153332,4859
718571253234,4866
718571353136,4853
718571453038,4954
718571552940,4857
718571652842,4863
718571752744,4859
718571852646,4836
718571952548,4869
718572052450,4856
718572152352,4889
718572252254,4861
718572352156,4866
718572452058,4964
718572551960,4858
718572651862,4902
718572751764,4854
718572851666,4856
718572951568,4870
718573051470,4861
718573151372,4863
718573251274,4861
718573351176,4858
718573451078,4906
718573550980,4861
718573650882,4859
718573750784,4856
718573850686,4848
718573950589,5031
718574050491,4906
718574150393,4883
718574250295,4901
718574350197,4878
718574450099,4892
718574550004,4874
718574649906,4921
718574749808,4896
718574849710,4887
718574949612,4904
718575049514,4912
718575149416,4888
718575249318,4901
718575349220,4871
718575449122,4901
718575549024,4873
718575648926,4902
718575748828,4888
718575848730,4892
718575948632,4882
718576048534,4917
718576148436,4886
718576248338,4877
718576348240,4888
718576448142,4889
718576548044,4886
718576647946,4885
718576747848,4894
718576847750,4870
718576947652,4883
718577047554,4888
718577147456,4871
718577247358,4871
718577347260,4892
718577447162,4885
718577547064,4884
718577646966,4896
718577746868,4870
718577846770,4882
718577946672,4883
718578046574,4876
718578146476,4882
718578246378,4892
718578346280,4885
718578446182,4891
718578546084,4871
718578645986,4882
718578745888,4875
718578845790,4865
718578945692,4875
718579045594,4898
718579145496,4877
718579245398,4878
718579345300,4880
718579445202,4863
718579545104,4866
718579645006,4878
718579744908,4880
718579844810,4886
718579944712,4903
718580044614,4883
718580144516,4885
718580244418,4902
718580344320,4882
718580444222,4872
718580544124,4887
718580644026,4890
718580743928,4875
718580843830,4883
718580943732,4884
718581043634,4861
718581143536,4887
718581243438,4889
718581343340,4884
718581443242,4870
718581543144,4904
718581643046,4869
718581742948,4887
718581842850,4868
718581942752,4902
718582042654,4904
718582142556,4892
718582242458,4901
718582342360,4874
718582442262,4875
718582542164,4871
718582642066,4900
718582741968,4874
718582841870,4870
718582941772,4887
718583041698,4889
718583141600,4879
718583241502,4883
718583341404,4899
718583441306,4875
718583541208,4876
718583641110,4875
718583741012,4876
718583840914,4911
718583940817,5030
718584040719,4869
718584140621,4900
718584240523,4858
718584340425,4857
718584440327,4854
718584540229,4857
718584640131,4829
718584740034,4852
718584839936,4856
718584939838,4857
718585039740,4863
718585139642,4858
718585239544,4866
718585339446,4860
718585439348,4819
718585539250,4862
718585639152,4860
718585739054,4861
718585838956,4859
718585938858,4862
718586038760,4854
718586138662,4858
718586238564,4859
718586338466,4853
718586438368,4857
718586538270,4863
718586638172,4861
718586738074,4849
718586837976,4854
718586937878,4853
718587037780,4860
718587137682,4863
718587237584,4889
718587337486,4852
718587437388,4857
718587537290,4853
718587637192,4855
718587737094,4859
718587836996,4820
718587936898,4863
718588036800,4867
718588136702,4855
718588236604,4890
718588336506,4863
718588436408,4854
718588536310,4851
718588636212,4821
718588736114,4852
718588836016,4850
718588935918,4854
718589035820,4855
718589135722,4857
718589235624,4858
718589335526,4854
718589435428,4830
718589535330,4854
718589635232,4853
718589735134,4851
718589835036,4873
718589934938,4852
718590034840,4859
718590134742,4855
718590234644,4819
718590334546,4863
718590434448,4864
718590534350,4855
718590634252,4866
718590734154,4853
718590834056,4865
718590933958,4860
718591033860,4822
718591133762,4856
718591233664,4857
718591333566,4858
718591433468,4856
718591533370,4854
718591633272,4858
718591733174,4857
718591833076,4817
718591932978,4860
718592032880,4865
718592132782,4857
718592232684,4859
718592332586,4865
718592432488,4856
718592532390,4860
718592632292,4825
718592732194,4858
718592832096,4856
718592931998,4855
718593031900,4855
718593131802,4859
718593231704,4855
718593331606,4857
718593431508,4832
718593531410,4860
718593631312,4858
718593731214,4859
718593831116,4860
718593931019,5025
718594030921,4886
718594130823,4874
718594230725,4891
718594330627,4864
718594430529,4873
718594530431,4895
718594630333,4898
718594730236,4883
718594830138,4873
718594930040,4898
718595029942,4886
718595129844,4907
718595229746,4867
718595329648,4885
718595429550,4873
718595529452,4889
718595629354,4936
718595729256,4890
718595829158,4894
718595929060,4876
718596028962,4888
718596128864,4873
718596228766,4879
718596328668,4877
718596428570,4869
718596528472,4874
718596628374,4929
718596728276,4878
718596828178,4881
718596928080,4905
718597027982,4863
718597127884,4894
718597227786,4858
718597327688,4891
718597427590,4870
718597527492,4875
718597627394,4899
718597727296,4878
718597827198,4878
718597927100,4886
718598027004,4860
718598126906,4865
718598226808,4870
718598326710,4869
718598426612,4874
718598526514,4884
718598626416,4882
718598726318,4884
718598826220,4871
718598926122,4886
718599026024,4891
718599125926,4882
718599225828,4873
718599325730,4867
718599425632,4899
718599525534,4879
718599625436,4880
718599725338,4880
718599825240,4876
718599925142,4882
718600025044,4877
718600124946,4886
718600224848,4887
718600324750,4876
718600424652,4865
718600524554,4872
718600624456,4878
718600724358,4901
718600824260,4883
718600924162,4870
718601024064,4876
718601123966,4886
718601223868,4886
718601323770,4887
718601423672,4880
718601523574,4893
718601623476,4890
718601723378,4882
718601823280,4895
718601923182,4898
718602023084,4874
718602122986,4890
718602222888,4882
718602322790,4879
718602422692,4886
718602522594,4886
718602622496,4891
718602722398,4892
718602822300,4869
718602922202,4878
718603022104,4891
718603122006,4880
718603221908,4882
718603321810,4878
718603421712,4875
718603521614,4892
718603621516,4881
718603721418,4897
718603821320,4907
718603921223,5007
718604021125,4863
718604121027,4854
718604220929,4856
718604320832,4860
718604420734,4855
718604520637,4855
718604620539,4834
718604720442,4855
718604820344,4854
718604920246,4862
718605020148,4865
718605120050,4858
718605219952,4856
718605319854,4862
718605419756,4824
718605519658,4861
718605619560,4857
718605719462,4858
718605819388,4872
718605919290,4867
718606019192,4867
718606119094,4851
718606218996,4817
718606318898,4854
718606418800,4862
718606518702,4857
718606618604,4857
718606718507,4856
718606818409,4858
718606918311,4852
718607018213,4813
718607118115,4851
718607218017,4851
718607317919,4856
718607417821,4853
718607517723,4856
718607617625,4854
718607717527,4855
718607817429,4820
718607917331,4852
718608017233,4853
718608117135,4852
718608217037,4853
718608316939,4891
718608416841,4855
718608516743,4869
718608616645,4824
718608716547,4856
718608816449,4854
718608916351,4858
718609016253,4862
718609116155,4857
718609216057,4848
718609315959,4854
718609415861,4825
718609515763,4855
718609615665,4852
718609715567,4858
718609815469,4856
718609915371,4845
718610015273,4867
718610115175,4857
718610215077,4814
718610314979,4855
718610414881,4855
718610514783,4856
718610614685,4856
718610714588,4856
718610814490,4867
718610914392,4858
718611014294,4825
718611114196,4854
718611214098,4853
718611314006,4850
718611413908,4863
718611513810,4859
718611613712,4857
718611713614,4859
718611813516,4824
718611913418,4858
718612013320,4859
718612113222,4858
718612213124,4852
718612313026,4856
718612412928,4858
718612512830,4863
718612612732,4824
718612712634,4866
718612812536,4855
718612912438,4856
718613012347,4860
718613112249,4857
718613212151,4858
718613312054,4870
718613411956,4841
718613511858,4856
718613611760,4892
718613711662,4862
718613811564,4856
718613911467,5029
718614011374,4879
718614111276,4924
718614211178,4897
718614311080,4870
718614410982,4872
718614510884,4892
718614610786,4924
718614710689,4878
718614810591,4867
718614910493,4899
718615010395,4893
718615110297,4889
718615210199,4875
718615310101,4868
718615410004,4887
718615509906,4868
718615609808,4912
718615709710,4886
718615809612,4881
718615909514,4878
718616009416,4902
718616109318,4880
718616209220,4878
718616309122,4876
718616409024,4866
718616508926,4932
718616608828,4926
718616708730,4868
718616808632,4879
718616908534,4867
718617008436,4955
718617108338,4877
718617208240,4889
718617308142,4887
718617408044,4887
718617507946,4957
718617607848,4901
718617707750,4878
718617807652,4881
718617907554,4885
718618007456,4943
718618107358,4886
718618207260,4868
718618307162,4879
718618407064,4883
718618506966,4873
718618606868,4875
718618706770,4870
718618806672,4879
718618906574,4885
718619006476,4877
718619106378,4884
718619206280,4885
718619306182,4874
718619406084,4887
718619505986,4877
718619605888,4920
718619705790,4876
718619805692,4883
718619905594,4891
718620005496,4856
718620105398,4854
718620205300,4886
718620305202,4884
718620405104,4894
718620505006,4859
718620604908,4872
718620704810,4860
718620804712,4868
718620904614,4869
718621004516,4883
718621104418,4888
718621204320,4868
718621304222,4888
718621404124,4899
718621504026,4859
718621603928,4894
718621703830,4885
718621803732,4888
718621903634,4886
718622003536,4877
718622103438,4895
718622203340,4911
718622303242,4870
718622403144,4880
718622503046,4885
718622602948,4875
718622702850,4901
718622802752,4883
718622902654,4900
718623002556,4894
718623102458,4892
718623202360,4890
718623302262,4875
718623402164,4903
718623502066,4891
718623601968,4888
718623701870,4880
718623801772,4887
718623901675,5022
718624001577,4874
718624101480,4858
718624201382,4867
718624301284,4897
718624401186,4856
718624501088,4853
718624600990,4817
718624700892,4919
718624800795,4854
718624900697,4856
718625000599,4858
718625100501,4859
718625200403,4868
718625300305,4861
718625400207,4824
718625500109,4855
718625600011,4857
718625699913,4873
718625799815,4858
718625899717,4856
718625999619,4862
718626099521,4859
718626199423,4837
718626299325,4855
718626399227,4864
718626499129,4851
718626599031,4850
718626698933,4896
718626798835,4858
718626898737,4853
718626998639,4819
718627098541,4856
718627198443,4859
718627298345,4853
718627398247,4863
718627498149,4856
718627598051,4853
718627697953,4856
718627797855,4820
718627897757,4868
718627997659,4858
718628097561,4864
718628197463,4854
718628297365,4852
718628397267,4864
718628497169,4853
718628597092,4826
718628696994,4926
718628796896,4858
718628896798,4853
718628996700,4859
718629096602,4863
718629196504,4859
718629296406,4852
718629396308,4827
718629496210,4852
718629596112,4861
718629696014,4856
718629795916,4867
718629895818,4855
718629995720,4859
718630095622,4866
718630195524,4831
718630295426,4853
718630395328,4862
718630495230,4853
718630595132,4852
718630695034,4923
718630794936,4856
718630894838,4855
718630994740,4817
718631094642,4854
718631194544,4855
718631294446,4856
718631394348,4858
718631494250,4861
718631594152,4868
718631694054,4850
718631793956,4829
718631893858,4857
718631993760,4857
718632093662,4860
718632193564,4859
718632293466,4863
718632393368,4858
718632493270,4856
718632593172,4818
718632693074,4893
718632792976,4857
718632892878,4858
718632992780,4857
718633092682,4863
718633192584,4857
718633292486,4859
718633392388,4823
718633492290,4860
718633592192,4822
718633692094,4867
718633791996,4868
718633891898,4899
718633991801,5016
718634091703,4893
718634191605,4897
718634291507,4871
718634391409,4884
718634491311,4884
718634591213,4874
718634691115,4946
718634791017,4870
718634890919,4880
718634990821,4877
718635090723,4925
718635190625,4879
718635290527,4883
718635390429,4884
718635490331,4868
718635590233,4898
718635690135,4902
718635790037,4889
718635889939,4887
718635989841,4876
718636089743,4886
718636189645,4902
718636289547,4883
718636389449,4902
718636489351,4868
718636589253,4897
718636689155,4931
718636789057,4886
718636888959,4875
718636988861,4865
718637088763,4883
718637188665,4879
718637288567,4878
718637388469,4889
718637488371,4906
718637588273,4892
718637688175,4884
718637788077,4858
718637887979,4880
718637987881,4877
718638087783,4889
718638187685,4880
718638287587,4860
718638387489,4875
718638487391,4883
718638587293,4860
718638687195,4912
718638787097,4895
718638886999,4885
718638986901,4880
718639086803,4928
718639186705,4883
718639286607,4882
718639386509,4875
718639486411,4886
718639586313,4877
718639686215,4886
718639786117,4876
718639886019,4867
718639985921,4876
718640085823,4872
718640185725,4885
718640285627,4877
718640385529,4883
718640485431,4880
718640585333,4895
718640685235,4908
718640785137,4874
718640885039,4869
718640984941,4870
718641084843,4866
718641184745,4892
718641284647,4875
718641384549,4881
718641484451,4911
718641584353,4888
718641684255,4864
718641784157,4882
718641884059,4869
718641983961,4879
718642083863,4918
718642183765,4879
718642283667,4881
718642383569,4884
718642483471,4882
718642583373,4869
718642683275,4880
718642783177,4871
718642883079,4883
718642982981,4875
718643082883,4885
718643182785,4885
718643282687,4891
718643382589,4885
718643482491,4875
718643582393,4877
718643682295,4888
718643782197,4896
718643882099,4892
718643982004,5005
718644081906,4861
718644181808,4860
718644281711,4859
718644381613,4853
718644481515,4852
718644581417,4829
718644681319,4860
718644781221,4853
718644881123,4861
718644981025,4857
718645080927,4959
718645180829,4858
718645280731,4865
718645380633,4833
718645480535,4865
718645580437,4862
718645680339,4858
718645780241,4866
718645880143,4861
718645980045,4853
718646079947,4859
718646179849,4813
718646279751,4858
718646379653,4863
718646479555,4865
718646579457,4857
718646679359,4859
718646779261,4855
718646879163,4858
718646979065,4833
718647078967,4867
718647178869,4861
718647278771,4854
718647378673,4823
718647478575,4857
718647578477,4852
718647678379,4853
718647778281,4817
718647878183,4853
718647978085,4851
718648077987,4888
718648177889,4856
718648277791,4854
718648377693,4861
718648477595,4863
718648577497,4827
718648677399,4861
718648777301,4853
718648877203,4854
718648977105,4851
718649077007,4854
718649176909,4854
718649276811,4853
718649376713,4854
718649476615,4856
718649576517,4857
718649676419,4855
718649776321,4859
718649876223,4859
718649976125,4861
718650076027,4850
718650175929,4827
718650275831,4856
718650375733,4852
718650475635,4860
718650575537,4855
718650675439,4855
718650775341,4855
718650875243,4861
718650975145,4814
718651075047,4852
718651174949,4863
718651274873,4861
718651374775,4854
718651474677,4857
718651574579,4859
718651674481,4855
718651774383,4844
718651874285,4860
718651974187,4858
718652074089,4850
718652173991,4866
718652273893,4857
718652373795,4865
718652473697,4861
718652573599,4821
718652673501,4864
718652773403,4857
718652873305,4857
718652973207,4864
718653073109,4853
718653173011,4854
718653272913,4859
718653372815,4836
718653472717,4859
718653572619,4857
718653672521,4860
718653772423,4857
718653872325,4856
718653972228,5022
718654072130,4877
718654172032,4900
718654271934,4867
718654371836,4900
718654471738,4871
718654571640,4878
718654671542,4864
718654771444,4873
718654871346,4889
718654971248,4916
718655071150,4884
718655171052,4867
718655270954,4881
718655370856,4891
718655470758,4876
718655570660,4896
718655670562,4887
718655770464,4908
718655870366,4870
718655970268,4883
718656070170,4877
718656170072,4871
718656269974,4890
718656369876,4967
718656469778,4871
718656569680,4897
718656669582,4897
718656769484,4884
718656869386,4876
718656969288,4884
718657069190,4882
718657169092,4869
718657268994,4863
718657368896,4963
718657468798,4885
718657568700,4869
718657668602,4888
718657768504,5209
718657868406,4891
718657968308,4894
718658068210,4900
718658168112,4880
718658268014,4880
718658367916,4952
718658467818,4888
718658567720,4880
718658667622,4881
718658767524,4879
718658867426,4865
718658967328,4893
718659067230,4880
718659167132,4876
718659267034,4877
718659366936,4946
718659466838,4876
718659566740,4882
718659666642,4872
718659766544,4886
718659866446,4890
718659966348,4880
718660066250,4875
718660166152,4888
718660266054,4901
718660365956,4920
718660465858,4884
718660565760,4893
718660665662,4901
718660765564,4885
718660865466,4888
718660965368,4879
718661065270,4881
718661165172,4901
718661265074,4876
718661364976,4871
718661464878,4886
718661564780,4881
718661664682,4874
718661764584,4876
718661864486,4892
718661964388,4882
718662064290,4916
718662164192,4898
718662264094,4866
718662363996,4951
718662463898,4893
718662563800,4888
718662663702,4935
718662763604,4879
718662863506,4878
718662963408,4903
718663063310,4926
718663163212,4878
718663263114,4865
718663363016,4885
718663462918,4874
718663562820,4883
718663662722,4886
718663762624,4885
718663862526,4879
718663962429,5034
718664062331,4872
718664162233,4862
718664262135,4851
718664362037,4854
718664461939,4854
718664561841,4859
718664661743,4927
718664761645,4855
718664861547,4859
718664961449,4862
718665061351,4859
718665161253,4861
718665261155,4857
718665361057,4815
718665460959,4857
718665560861,4857
718665660763,4861
718665760665,4858
718665860567,4860
718665960469,4863
718666060371,4858
718666160273,4826
718666260175,4866
718666360077,4856
718666459979,4868
718666559881,4864
718666659783,4892
718666759685,4858
718666859587,4857
718666959489,4850
718667059391,4854
718667159293,4867
718667259195,4864
718667359097,4852
718667458999,4853
718667558901,4854
718667658803,4860
718667758705,4835
718667858607,4862
718667958509,4891
718668058411,4860
718668158313,4855
718668258216,4878
718668358118,4854
718668458020,4851
718668557922,4823
718668657824,4925
718668757726,4861
718668857628,4855
718668957530,4888
718669057432,4851
718669157334,4853
718669257236,4855
718669357138,4820
718669457040,4856
718669556942,4855
718669656844,4855
718669756746,4854
718669856648,4855
718669956550,4969
718670056452,4855
718670156354,4820
718670256256,4861
718670356158,4862
718670456060,4872
718670555962,4863
718670655864,4925
718670755766,4861
718670855668,4852
718670955570,4860
718671055472,4855
718671155374,4854
718671255276,4852
718671355178,4870
718671455080,4939
718671554982,4855
718671654884,4856
718671754786,4825
718671854688,4853
718671954590,4867
718672054492,4856
718672154394,4860
718672254296,4857
718672354198,4854
718672454100,4942
718672554006,4826
718672653908,4894
718672753810,4857
718672853712,4856
718672953614,4879
718673053516,4859
718673153418,4861
718673253320,4859
718673353222,4819
718673453124,4988
718673553026,4859
718673652928,4856
718673752830,4857
718673852732,4859
718673952635,5049
718674052553,4891
718674152455,4896
718674252357,4872
718674352259,4896
718674452161,4974
718674552063,4868
718674651965,4925
718674751867,4880
718674851769,4880
718674951671,4908
718675051573,4875
718675151475,4880
718675251377,4878
718675351279,4874
718675451181,4982
718675551083,4877
718675650985,4890
718675750887,4885
718675850789,4879
718675950691,4876
718676050593,4873
718676150495,4885
718676250397,4878
718676350299,4878
718676450201,4891
718676550103,4880
718676650005,4923
718676749907,4866
718676849809,4888
718676949711,4887
718677049613,4889
718677149515,4885
718677249417,4883
718677349319,4888
718677449221,4887
718677549123,4888
718677649025,4874
718677748927,4868
718677848829,4879
718677948731,4883
718678048633,4879
718678148535,4888
718678248437,4970
718678348339,4878
718678448241,4878
718678548143,4873
718678648045,4882
718678747947,4872
718678847849,4884
718678947751,4886
718679047653,4890
718679147555,4872
718679247457,4869
718679347359,4889
718679447261,4871
718679547163,4883
718679647065,4884
718679746967,4897
718679846869,4880
718679946771,4875
718680046673,4890
718680146575,4923
718680246477,4877
718680346379,4879
718680446281,4878
718680546183,4910
718680646085,4876
718680745987,4875
718680845889,4876
718680945791,4882
718681045693,4896
718681145595,4884
718681245497,4905
718681345399,4901
718681445301,4868
718681545203,4881
718681645105,4880
718681745007,4907
718681844909,4893
718681944811,4891
718682044713,4865
718682144615,5120
718682244517,5109
718682344419,4879
718682444321,4902
718682544223,4880
718682644125,4896
718682744027,4870
718682843929,4891
718682943831,4876
718683043733,4871
718683143635,4875
718683243537,4891
718683343439,4899
718683443341,4906
718683543243,4881
718683643145,4888
718683743047,4886
718683842949,4871
718683942852,5012
718684042754,4870
718684142657,4863
718684242560,4884
718684342462,4852
718684442364,4856
718684542266,4835
718684642168,4854
718684742076,4852
718684841978,4856
718684941880,4861
718685041782,4857
718685141684,4858
718685241586,4898
718685341488,4833
718685441390,4858
718685541292,4856
718685641194,4858
718685741096,4858
718685840998,4860
718685940900,4867
718686040802,4855
718686140704,4825
718686240606,4893
718686340508,4862
718686440410,4867
718686540312,4858
718686640214,4855
718686740116,4862
718686840018,4851
718686939920,4831
718687039822,4859
718687139724,4858
718687239626,4891
718687339528,4865
718687439430,4861
718687539332,4863
718687639234,4874
718687739136,4816
718687839038,4850
718687938940,4851
718688038842,4856
718688138744,4858
718688238646,4858
718688338548,5084
718688438450,4856
718688538352,4825
718688638254,4854
718688738156,4852
718688838058,4855
718688937960,4858
718689037862,4852
718689137764,4856
718689237666,4856
718689337568,4818
718689437470,4857
718689537372,4855
718689637274,4859
718689737176,4858
718689837078,4850
718689936980,4851
718690036882,4855
718690136784,4825
718690236686,4857
718690336588,4854
718690436490,4861
718690536392,4854
718690636294,4855
718690736196,4859
718690836098,4853
718690936003,4811
718691035905,4855
718691135807,4856
718691235709,4858
718691335611,4854
718691435513,4858
718691535415,4852
718691635317,4855
718691735219,4832
718691835121,4849
718691935023,4855
718692034925,4854
718692134827,4891
718692234729,4855
718692334631,4858
718692434533,4856
718692534435,4822
718692634337,4854
718692734239,4854
718692834141,4852
718692934043,4849
718693033945,4855
718693133847,4857
718693233749,4860
718693333651,4932
718693433553,4856
718693533455,4858
718693633357,4863
718693733259,4857
718693833161,4858
718693933064,5069
718694032966,4891
718694132868,4869
718694232770,4871
718694332673,4863
718694432575,4876
718694532477,4907
718694632379,4896
718694732281,4883
718694832183,4886
718694932085,4874
718695031987,4888
718695131889,4875
718695231791,4896
718695331693,4885
718695431595,4866
718695531497,4881
718695631399,4874
718695731301,4895
718695831203,4874
718695931105,4868
718696031007,4886
718696130909,4894
718696230811,4872
718696330713,4896
718696430615,4885
718696530517,4898
718696630419,4893
718696730343,4887
718696830245,4890
718696930147,4877
718697030049,4868
718697129951,4875
718697229853,4893
718697329755,4901
718697429657,4882
718697529559,4881
718697629461,4885
718697729363,4888
718697829265,4877
718697929167,4880
718698029069,4822
718698128971,4884
718698228873,4889
718698328775,4875
718698428677,4896
718698528579,4877
718698628481,4880
718698728383,4878
718698828285,4879
718698928187,4900
718699028089,4898
718699127991,4876
718699227893,4881
718699327795,4876
718699427697,4877
718699527599,4881
718699627501,4875
718699727403,4874
718699827305,4887
718699927207,4877
718700027109,4881
718700127011,4889
718700226913,4882
718700326815,4886
718700426717,4887
718700526619,4890
718700626521,4888
718700726423,4862
718700826325,4896
718700926227,4887
718701026129,4882
718701126031,4869
718701225933,4876
718701325835,4888
718701425737,4880
718701525639,4882
718701625541,4884
718701725443,4884
718701825345,4887
718701925247,4887
718702025149,4882
718702125051,4891
718702224953,4898
718702324855,4861
718702424757,4872
718702524659,4869
718702624561,4877
718702724463,4882
718702824365,4879
718702924267,4869
718703024169,4880
718703124071,4868
718703223973,4879
718703323875,4855
718703423777,4871
718703523679,4878
718703623581,4896
718703723483,4870
718703823385,4884
718703923288,5013
718704023190,4864
718704123092,4852
718704222994,4868
718704322896,4890
718704422798,4856
718704522700,4813
718704622602,4853
718704722504,4860
718704822406,4856
718704922308,4857
718705022210,4865
718705122112,4863
718705222014,4852
718705321916,4824
718705421818,4860
718705521720,4858
718705621622,4859
718705721524,4860
718705821426,4857
718705921328,4866
718706021230,4859
718706121132,4822
718706221034,4854
718706320936,4855
718706420838,4859
718706520740,4859
718706620642,4857
718706720544,4861
718706820446,4857
718706920348,4824
718707020250,4858
718707120152,4860
718707220054,4853
718707319956,4863
718707419858,4867
718707519760,4859
718707619662,4864
718707719564,4825
718707819466,4857
718707919368,4856
718708019270,4856
718708119172,4856
718708219074,4850
718708318976,4855
718708418878,4853
718708518780,4821
718708618682,4856
718708718584,4855
718708818486,4854
718708918388,4858
718709018290,4853
718709118192,4857
718709218094,4852
718709317996,4819
718709417898,4859
718709517800,4857
718709617702,4862
718709717604,4861
718709817506,4863
718709917408,4863
718710017310,4858
718710117212,4816
718710217114,4861
718710317016,4852
718710416918,4896
718710516820,4859
718710616722,4857
718710716624,4855
718710816526,4855
718710916428,4785
718711016330,4852
718711116232,4854
718711216134,4863
718711316036,4852
718711415938,4855
718711515840,4859
718711615742,4857
718711715644,4824
718711815546,4860
718711915448,4852
718712015350,4854
718712115252,4859
718712215154,4857
718712315056,4850
718712414958,4877
718712514860,4815
718712614762,4889
718712714664,4855
718712814566,4854
718712914468,4862
718713014370,4857
718713114272,4856
718713214174,4859
718713314076,4811
718713413978,4855
718713513880,4861
718713613782,4857
718713713684,4857
718713813586,4859
718713913489,5014
718714013391,4881
718714113293,4891
718714213195,4878
718714313097,4884
718714412999,4886
718714512901,4872
718714612803,4879
718714712706,4894
718714812608,4877
718714912510,4897
718715012412,4878
718715112314,4873
718715212216,4892
718715312118,4879
718715412020,4863
718715511922,4876
718715611824,4925
718715711726,4918
718715811628,4871
718715911530,4889
718716011432,4885
718716111334,4883
718716211236,4859
718716311138,4909
718716411040,4886
718716510942,4892
718716610844,4919
718716710746,4863
718716810648,4872
718716910550,4868
718717010452,4887
718717110354,4888
718717210256,4866
718717310158,4892
718717410060,4877
718717509962,4880
718717609864,4926
718717709766,4873
718717809668,4895
718717909570,4879
718718009472,4880
718718109374,4885
718718209276,4864
718718309178,4875
718718409080,4870
718718508982,4903
718718608884,4862
718718708787,4877
718718808689,4881
718718908591,4891
718719008493,4965
718719108395,4875
718719208297,4884
718719308199,4868
718719408101,4874
718719508024,4956
718719607926,4882
718719707828,4903
718719807730,4884
718719907632,4869
718720007534,4956
718720107436,4892
718720207338,4873
718720307240,4865
718720407142,4878
718720507044,4874
718720606946,4890
718720706848,4858
718720806750,4874
718720906652,4870
718721006554,4864
718721106456,4882
718721206358,4872
718721306260,4875
718721406162,4879
718721506064,4894
718721605966,4874
718721705868,4882
718721805770,4895
718721905672,4882
718722005574,4869
718722105476,4895
718722205378,4866
718722305280,4860
718722405182,4868
718722505084,4887
718722604986,4880
718722704888,4892
718722804790,4886
718722904692,4905
718723004594,4885
718723104496,4863
718723204398,4875
718723304300,4875
718723404202,4887
718723504104,4874
718723604006,4889
718723703908,4915
718723803810,4891
718723903713,5007
718724003615,4875
718724103517,4857
718724203419,4867
718724303321,4877
718724403223,4857
718724503126,4821
718724603028,4854
718724702930,4874
718724802832,4859
718724902734,4864
718725002636,4862
718725102538,4856
718725202440,4869
718725302342,4828
718725402244,4858
718725502146,4859
718725602048,4856
718725701950,4868
718725801852,4856
718725901754,4873
718726001656,4856
718726101558,4839
718726201460,4870
718726301362,4860
718726401264,4857
718726501166,4858
718726601068,4856
718726700970,4919
718726800872,4858
718726900774,4833
718727000676,4857
718727100578,4861
718727200480,4873
718727300382,4861
718727400284,4862
718727500186,4863
718727600088,4858
718727699990,4838
718727799892,4856
718727899794,4856
718727999696,4859
718728099598,4856
718728199500,4877
718728299402,4856
718728399304,4859
718728499206,4828
718728599108,4860
718728699010,4886
718728799025,4888
718728898927,4857
718728998829,4859
718729098731,4854
718729198633,4854
718729298535,4823
718729398437,4853
718729498339,4859
718729598241,4862
718729698143,4853
718729798045,4861
718729897947,4870
718729997849,4858
718730097751,4833
718730197653,4862
718730297555,4858
718730397457,4854
718730497359,4854
718730597261,4858
718730697163,4926
718730797065,4850
718730896967,4813
718730996869,4898
718731096771,4859
718731196673,4856
718731296575,4862
718731396477,4855
718731496379,4855
718731596281,4861
718731696183,4814
718731796085,4850
718731895987,4853
718731995889,4888
718732095791,4863
718732195693,4854
718732295595,4855
718732395497,4858
718732495399,4820
718732595301,4856
718732695203,4909
718732795105,4852
718732895007,4850
718732994909,4889
718733094811,4854
718733194713,4852
718733294615,4827
718733394517,4853
718733494419,4855
718733594321,4854
718733694223,4854
718733794125,4854
718733894027,5030
718733993929,4918
718734093831,4891
718734193733,4872
718734293635,4870
718734393537,4880
718734493439,4877
718734593341,4878
718734693243,4917
718734793145,4874
718734893047,4883
718734992949,4890
718735092851,4874
718735192753,4880
718735292655,4879
718735392557,4871
718735492459,4889
718735592361,4877
718735692263,4885
718735792165,4886
718735892067,4886
718735991969,4885
718736091871,4898
718736191773,4889
718736291675,4886
718736391577,4893
718736491479,4880
718736591381,4874
718736691283,4969
718736791185,4895
718736891087,4884
718736990989,4890
718737090891,4874
718737190793,4875
718737290695,4893
718737390597,4894
718737490499,4877
718737590401,4880
718737690303,4881
718737790205,4888
718737890107,4857
718737990009,4898
718738089911,4878
718738189813,4883
718738289715,4891
718738389617,4858
718738489519,4887
718738589421,4871
718738689323,4944
718738789225,4892
718738889127,4896
718738989029,4898
718739088931,4881
718739188833,4858
718739288735,4881
718739388637,4891
718739488539,4875
718739588441,4876
718739688343,4889
718739788245,4894
718739888147,4882
718739988049,4887
718740087951,4867
718740187853,4892
718740287755,4900
718740387657,4899
718740487559,4891
718740587461,4894
718740687363,4930
718740787265,4866
718740887167,4871
718740987069,4869
718741086971,4872
718741186873,4874
718741286775,4886
718741386677,4879
718741486579,4869
718741586481,4885
718741686383,4873
718741786285,4883
718741886187,4870
718741986089,4872
718742085991,4895
718742185914,4884
718742285816,4885
718742385718,4879
718742485620,4869
718742585522,4877
718742685424,4936
718742785326,4864
718742885228,4889
718742985130,4860
718743085032,4876
718743184935,4883
718743284837,4897
718743384739,4881
718743484641,4865
718743584543,4870
718743684445,4884
718743784347,4872
718743884249,4880
718743984152,5022
718744084054,4858
718744183956,4853
718744283858,4864
718744383760,4852
718744483662,4829
718744583564,4852
718744683466,4857
718744783368,4855
718744883270,4859
718744983172,4861
718745083074,5050
718745182976,4858
718745282878,4819
718745382780,4856
718745482682,4857
718745582584,4855
718745682486,4858
718745782388,4866
718745882290,4860
718745982192,4860
718746082094,4834
718746181996,4857
718746281898,4863
718746381800,4859
718746481702,4858
718746581604,4856
718746681506,4855
718746781408,4863
718746881310,4841
718746981212,4862
718747081114,4854
718747181016,4866
718747280918,4857
718747380820,4858
718747480722,4856
718747580624,4860
718747680526,4817
718747780428,4864
718747880330,4856
718747980232,4861
718748080134,4854
718748180036,4852
718748279938,4857
718748379840,4859
718748479742,4823
718748579644,4858
718748679546,4860
718748779448,4860
718748879350,4867
718748979252,4861
718749079154,4856
718749179056,4849
718749278958,4828
718749378860,4860
718749478762,4856
718749578664,4853
718749678566,4856
718749778468,4897
718749878370,4852
718749978272,4858
718750078174,4818
718750178076,4856
718750277978,4856
718750377880,4858
718750477782,4853
718750577684,4854
718750677586,4865
718750777488,4890
718750877390,4816
718750977292,4856
718751077194,4851
718751177096,4862
718751276998,4857
718751376900,4858
718751476802,4852
718751576704,4864
718751676606,4854
718751776508,4892
718751876410,4853
718751976312,4857
718752076214,4856
718752176116,4850
718752276018,4865
718752375920,4853
718752475822,4845
718752575724,4862
718752675626,4855
718752775528,4892
718752875430,4852
718752975332,4853
718753075234,4862
718753175136,4851
718753275038,4825
718753374940,4853
718753474842,4859
718753574744,4857
718753674646,4853
718753774548,4900
718753874450,4855
718753974353,5025
718754074255,4889
718754174157,4893
718754274059,4886
718754373961,4876
718754473863,4882
718754573765,4890
718754673667,4874
718754773569,4864
718754873471,4899
718754973373,4886
718755073275,4877
718755173177,4895
718755273079,4883
718755372981,4879
718755472883,4881
718755572785,4886
718755672687,4896
718755772589,4905
718755872491,4883
718755972393,4884
718756072295,4889
718756172197,4893
718756272099,4909
718756372004,4879
718756471906,4884
718756571808,4871
718756671710,4879
718756771612,4896
718756871514,4880
718756971416,4875
718757071318,4889
718757171220,4877
718757271122,4889
718757371024,4885
718757470926,4875
718757570828,4896
718757670730,4896
718757770632,4893
718757870534,4898
718757970436,4872
718758070338,4902
718758170240,4871
718758270142,4887
718758370044,4944
718758469946,4893
718758569848,4884
718758669750,4883
718758769652,4883
718758869554,4902
718758969456,4885
718759069358,4877
718759169260,4883
718759269162,4898
718759369064,4967
718759468966,4869
718759568868,4900
718759668770,4890
718759768672,4885
718759868574,4872
718759968476,4893
718760068378,4866
718760168280,4883
718760268182,4876
718760368084,4975
718760467986,4879
718760567888,4888
718760667790,4877
718760767692,4891
718760867594,4871
718760967496,4861
718761067398,4873
718761167300,4884
718761267202,4911
718761367104,4964
718761467006,4875
718761566908,4886
718761666810,4877
718761766712,4867
718761866614,4877
718761966516,4870
718762066418,4893
718762166320,4869
718762266222,4879
718762366124,4915
718762466026,4877
718762565928,4861
718762665830,4898
718762765732,4863
718762865634,4884
718762965536,4883
718763065438,4873
718763165340,4870
718763265242,4871
718763365144,4887
718763465046,4878
718763564948,4876
718763664850,4883
718763764752,4878
718763864654,4866
718763964557,5006
718764064459,4864
718764164361,4855
718764264263,4856
718764364165,4861
718764464067,4815
718764563969,4851
718764663871,4901
718764763773,4851
718764863675,4855
718764963596,4861
718765063498,4857
718765163400,4861
718765263302,4827
718765363204,4861
718765463106,4853
718765563008,4860
718765662910,4855
718765762812,4860
718765862714,4861
718765962616,4856
718766062518,4819
718766162420,4856
718766262322,4856
718766362224,4858
718766462126,4862
718766562028,4860
718766661930,4933
718766761832,4855
718766861734,4819
718766961636,4871
718767061538,4861
718767161440,4857
718767261342,4860
718767361244,4861
718767461146,4865
718767561048,4852
718767660950,4820
718767760852,4855
718767860754,4857
718767960656,4857
718768060558,4859
718768160460,4861
718768260362,4859
718768360264,4857
718768460166,4819
718768560068,4858
718768659970,4894
718768759872,4857
718768859774,4866
718768959676,4901
718769059578,4855
718769159480,4857
718769259382,4820
718769359284,4859
718769459186,4859
718769559088,4851
718769658990,4854
718769758893,4859
718769858795,4863
718769958697,4959
718770058599,4837
718770158501,4851
718770258403,4854
718770358305,4853
718770458207,4865
718770558109,4850
718770658011,4928
718770757913,4860
718770857815,4815
718770957717,4899
718771057619,4865
718771157521,4854
718771257423,4855
718771357325,4854
718771457227,4864
718771557129,4851
718771657031,4814
718771756933,4855
718771856835,4863
718771956737,4895
718772056639,4865
718772156541,4860
718772256443,4861
718772356345,4853
718772456247,4825
718772556149,4865
718772656051,4928
718772755953,4864
718772855855,4863
718772955757,4899
718773055659,4858
718773155561,4853
718773255463,4826
718773355365,4855
718773455267,4932
718773555169,4863
718773655071,4851
718773754973,4859
718773854875,4853
718773954778,5036
718774054680,4876
718774154582,4871
718774254484,4867
718774354386,4884
718774454288,4968
718774554190,4871
718774654092,4913
718774753994,4870
718774853896,4910
718774953798,4879
718775053700,4868
718775153602,4894
718775253504,4877
718775353406,4871
718775453308,4986
718775553210,4881
718775653112,4883
718775753014,4876
718775852916,4882
718775952818,4896
718776052720,4877
718776152622,4923
718776252524,4887
718776352426,4888
718776452328,4997
718776552230,4864
718776652132,4966
718776752034,4898
718776851936,4876
718776951838,4888
718777051740,4890
718777151642,4878
718777251544,4905
718777351446,4891
718777451348,4984
718777551250,4894
718777651152,4881
718777751054,4900
718777850956,4869
718777950858,4908
718778050760,4886
718778150662,4876
718778250564,4878
718778350466,4880
718778450368,4907
718778550270,4874
718778650172,4921
718778750074,4868
718778849976,4887
718778949878,4891
718779049780,4875
718779149682,4871
718779249584,4873
718779349486,4875
718779449388,4879
718779549290,4867
718779649192,4898
718779749094,4874
718779848996,4886
718779948898,4879
718780048800,4874
718780148702,4879
718780248604,4883
718780348506,4876
718780448408,4886
718780548310,4874
718780648212,4867
718780748114,4880
718780848016,4873
718780947918,4882
718781047820,4884
718781147722,4880
718781247624,4890
718781347526,4884
718781447428,4873
718781547330,4861
718781647232,4875
718781747134,4855
718781847036,4878
718781946938,4893
718782046840,4866
718782146742,4877
718782246644,4924
718782346546,4901
718782446448,4871
718782546350,4890
718782646252,4901
718782746154,4881
718782846056,4875
718782945958,4891
718783045860,4879
718783145762,4872
718783245664,4930
718783345566,4872
718783445468,4876
718783545370,4858
718783645272,4920
718783745174,4886
718783845076,4883
718783944979,5003
718784044881,4866
718784144783,4855
718784244685,4854
718784344587,4849
718784444489,4820
718784544391,4858
718784644293,4886
718784744195,4850
718784844097,4848
718784943999,4854
718785043901,4856
718785143803,4857
718785243705,4824
718785343607,4864
718785443509,4858
718785543411,4858
718785643313,4857
718785743215,4866
718785843117,4856
718785943019,4852
718786042921,4833
718786142823,4857
718786242725,4856
718786342627,4861
718786442529,4855
718786542431,4864
718786642333,4857
718786742235,4863
718786842137,4831
718786942039,4867
718787041941,4857
718787141843,4862
718787241745,4857
718787341647,4856
718787441549,4857
718787541451,4861
718787641373,4837
718787741275,4865
718787841177,4859
718787941079,4854
718788040981,4856
718788140883,4901
718788240785,4858
718788340687,4860
718788440589,4824
718788540491,4877
718788640393,4863
718788740295,4856
718788840197,4856
718788940099,4853
718789040004,4855
718789139906,4859
718789239808,4823
718789339710,4861
718789439612,4859
718789539514,4856
718789639416,4857
718789739318,4860
718789839220,4862
718789939122,4852
718790039024,4819
718790138926,4858
718790238828,4856
718790338730,4853
718790438632,4859
718790538534,4857
718790638436,4861
718790738338,4854
718790838240,4816
718790938142,4851
718791038044,4851
718791137946,4854
718791237848,4856
718791337750,4855
718791437652,4864
718791537554,4856
718791637456,4826
718791737358,4855
718791837260,4853
718791937162,4856
718792037064,4850
718792136966,4852
718792236868,4854
718792336770,4858
718792436672,4821
718792536574,4857
718792636476,4853
718792736378,4853
718792836280,4855
718792936182,4854
718793036084,4850
718793135986,4861
718793235888,4820
718793335790,4854
718793435692,4854
718793535594,4862
718793635496,4854
718793735398,4864
718793835300,4854
718793935203,5029
718794035105,4880
718794135007,4875
718794234909,4863
718794334811,4876
718794434713,4857
718794534615,4873
718794634517,4855
718794734419,4880
718794834321,4888
718794934223,4873
718795034125,4862
718795134027,4868
718795233929,4896
718795333831,4883
718795433733,4891
718795533635,4887
718795633537,4883
718795733439,4887
718795833341,4896
718795933243,4887
718796033145,4866
718796133047,4875
718796232949,4883
718796332851,4876
718796432753,4886
718796532655,4900
718796632557,4897
718796732459,4895
718796832361,4897
718796932263,4907
718797032166,4880
718797132068,4866
718797231970,4872
718797331872,4883
718797431774,4864
718797531676,4875
718797631578,4870
718797731480,4876
718797831382,4874
718797931284,4900
718798031186,4889
718798131088,4870
718798230990,4892
718798330892,4882
718798430794,4882
718798530696,4883
718798630598,4890
718798730500,4901
718798830402,4855
718798930304,4891
718799030206,4885
718799130108,4885
718799230010,4887
718799329912,4878
718799429814,4881
718799529716,4857
718799629618,4894
718799729520,4882
718799829422,4894
718799929324,4885
718800029226,4882
718800129128,4879
718800229030,4888
718800328932,4867
718800428834,4899
718800528736,4884
718800628638,4878
718800728540,4883
718800828442,4872
718800928344,4869
718801028246,4901
718801128148,4873
718801228050,4886
718801327952,4878
718801427854,4880
718801527756,4887
718801627658,4882
718801727560,4886
718801827462,4879
718801927364,4878
718802027266,4890
718802127168,4878
718802227070,5084
718802326972,5087
718802426874,5064
718802526776,5086
718802626678,5065
718802726580,4868
718802826482,4889
718802926384,4904
718803026286,4895
718803126189,4883
718803226091,4887
718803325993,4885
718803425895,4872
718803525797,4885
718803625699,4874
718803725601,4878
718803825503,4890
718803925406,5031
718804025308,4859
718804125210,4863
718804225112,4855
718804325014,4856
718804424916,4813
718804524818,4854
718804624720,4852
718804724622,4852
718804824524,4851
718804924426,4855
718805024328,4858
718805124230,4861
718805224132,4815
718805324034,4848
718805423936,4854
718805523838,4863
718805623740,4863
718805723642,4856
718805823544,4858
718805923446,4858
718806023348,4828
718806123250,4867
718806223152,4858
718806323054,4853
718806422956,4858
718806522858,4862
718806622760,4861
718806722662,4861
718806822564,4817
718806922466,4857
718807022368,4857
718807122270,4857
718807222172,4858
718807322074,4865
718807421976,4862
718807521878,4857
718807621780,4835
718807721682,4855
718807821584,4857
718807921486,4858
718808021388,4863
718808121290,4859
718808221192,4855
718808321094,4856
718808420996,4825
718808520899,4858
718808620801,4861
718808720703,4862
718808820605,4856
718808920507,4864
718809020409,4861
718809120311,4860
718809220213,4823
718809320115,4853
718809420017,4861
718809519919,4862
718809619821,4859
718809719723,4857
718809819625,4855
718809919527,4858
718810019429,4824
718810119331,4856
718810219233,4862
718810319135,4855
718810419058,4862
718810518960,4854
718810618862,4858
718810718765,4866
718810818667,4819
718810918569,4858
718811018471,4855
718811118373,4854
718811218275,4862
718811318177,4853
718811418079,4849
718811517981,4854
718811617883,4831
718811717785,4853
718811817687,4869
718811917589,4852
718812017491,4854
718812117393,4856
718812217295,4856
718812317197,4892
718812417099,4821
718812517005,4849
718812616907,4855
718812716809,4866
718812816711,4895
718812916613,4853
718813016515,4858
718813116417,4853
718813216319,4826
718813316221,4851
718813416123,4850
718813516025,4853
718813615927,4860
718813715829,4855
718813815731,4886
718813915634,5019
718814015536,4894
718814115438,4880
718814215340,4864
718814315242,4856
718814415144,4871
718814515046,4855
718814614948,4875
718814714851,4860
718814814753,4857
718814914655,4894
718815014557,4860
718815114459,4881
718815214361,4873
718815314263,4889
718815414165,4888
718815514067,4873
718815613969,4890
718815713871,4873
718815813773,4887
718815913675,4888
718816013577,4880
718816113479,4885
718816213381,4884
718816313283,4865
718816413185,4891
718816513087,4868
718816612989,4878
718816712891,4881
718816812793,4868
718816912695,4883
718817012597,4863
718817112499,4878
718817212401,4902
718817312303,4876
718817412205,4885
718817512107,4868
718817612009,4885
718817711911,4891
718817811813,4884
718817911715,4877
718818011617,4907
718818111519,4878
718818211421,4905
718818311323,4883
718818411225,4893
718818511127,4863
718818611029,4873
718818710931,4888
718818810833,4873
718818910735,4891
718819010637,4888
718819110539,4885
718819210441,4878
718819310343,4884
718819410245,4869
718819510147,4898
718819610049,4899
718819709951,4874
718819809853,4876
718819909755,4899
718820009657,4880
718820109559,4893
718820209461,4883
718820309363,4882
718820409265,4892
718820509167,4939
718820609069,4861
718820708972,4872
718820808874,4891
718820908776,4899
718821008678,4948
718821108580,4888
718821208482,4892
718821308384,4871
718821408286,4865
718821508188,4952
718821608090,4872
718821707992,4885
718821807894,4874
718821907796,4882
718822007698,4978
718822107600,4893
718822207502,4873
718822307404,4867
718822407306,4873
718822507208,4885
718822607110,4872
718822707012,4875
718822806914,4872
718822906816,4883
718823006718,4865
718823106620,4863
718823206522,4892
718823306424,4890
718823406326,4876
718823506228,4883
718823606130,4899
718823706032,4890
718823805934,4865
718823905837,5002
718824005739,4859
718824105641,4850
718824205543,4851
718824305445,4888
718824405347,4829
718824505249,4852
718824605151,4856
718824705054,4851
718824804956,4851
718824904858,4859
718825004760,4855
718825104662,4852
718825204564,4834
718825304466,4856
718825404368,4861
718825504270,4856
718825604172,4858
718825704074,4851
718825803976,4861
718825903878,4854
718826003780,4828
718826103682,4855
718826203584,4872
718826303486,4855
718826403388,4856
718826503290,4857
718826603192,4855
718826703094,4887
718826802996,4826
718826902898,4854
718827002800,4858
718827102702,4857
718827202604,4869
718827302506,4858
718827402408,4860
718827502310,4863
718827602212,4817
718827702114,4874
718827802016,4853
718827901918,4857
718828001820,4856
718828101722,4857
718828201624,4866
718828301526,4860
718828401428,4825
718828501330,4857
718828601232,4858
718828701135,4906
718828801037,4857
718828900939,4857
718829000841,4855
718829100743,4857
718829200645,4834
718829300547,4862
718829400449,4861
718829500351,4867
718829600253,4868
718829700155,4880
718829800057,4858
718829899959,4858
718829999861,4873
718830099763,4857
718830199665,4870
718830299567,4855
718830399469,4872
718830499371,4858
718830599273,4858
718830699175,4919
718830799077,4826
718830898979,4855
718830998881,4856
718831098783,4857
718831198685,4852
718831298587,4853
718831398489,4855
718831498391,4869
718831598293,4823
718831698195,4853
718831798097,4848
718831897999,4851
718831997901,4877
718832097803,4855
718832197705,4855
718832297607,4853
718832397509,4824
718832497411,4854
718832597313,4854
718832697215,4926
718832797117,4853
718832897019,4852
718832996921,4893
718833096823,4850
718833196744,4829
718833296646,4856
718833396548,4854
718833496450,4853
718833596352,4854
718833696254,4852
718833796156,4854
718833896059,5025
718833995961,4911
718834095863,4873
718834195765,4881
718834295667,4868
718834395569,4880
718834495471,4882
718834595373,4874
718834695276,4941
718834795178,4896
718834895080,4873
718834994982,4908
718835094884,4871
718835194786,4881
718835294688,4861
718835394590,4876
718835494492,4878
718835594394,4893
718835694296,4863
718835794198,4870
718835894100,4866
718835994006,4873
718836093908,4886
718836193810,4876
718836293712,4868
718836393614,4901
718836493516,4884
718836593418,4880
718836693320,4936
718836793222,4894
718836893124,4880
718836993026,4898
718837092928,4898
718837192830,4897
718837292732,4887
718837392634,4879
718837492536,4876
718837592438,4909
718837692340,4905
718837792242,4917
718837892144,4877
718837992046,4900
718838091948,4877
718838191850,4883
718838291752,4900
718838391654,4889
718838491556,4879
718838591458,4936
718838691360,4961
718838791262,4895
718838891164,4872
718838991066,4890
718839090968,4909
718839190870,4884
718839290772,4888
718839390674,4875
718839490576,4881
718839590478,4917
718839690380,4877
718839790282,4884
718839890184,4884
718839990086,4884
718840089988,4876
718840189890,4882
718840289792,4881
718840389694,4887
718840489596,4875
718840589498,4906
718840689400,4935
718840789302,4893
718840889204,4892
718840989106,4922
718841089008,4878
718841188910,4881
718841288812,4889
718841388714,4860
718841488616,4887
718841588518,4887
718841688420,4883
718841788322,4889
718841888224,4878
718841988126,4877
718842088028,4867
718842187930,4892
718842287832,4893
718842387734,4883
718842487636,4868
718842587538,4872
718842687440,4930
718842787342,4895
718842887244,4875
718842987146,4865
718843087048,4863
718843186950,4908
718843286852,4872
718843386754,4879
718843486656,4881
718843586558,4900
718843686460,4885
718843786362,4879
718843886264,4879
718843986167,5006
718844086076,4855
718844185978,4854
718844285880,4854
718844385782,4828
718844485684,4849
718844585586,4854
718844685488,4887
718844785390,4858
718844885292,4848
718844985194,4876
718845085096,5036
718845184998,4826
718845284900,4854
718845384802,4854
718845484704,4855
718845584606,4862
718845684508,4866
718845784410,4863
718845884312,4866
718845984214,4822
718846084116,4851
718846184018,4854
718846283920,4859
718846383822,4856
718846483724,4859
718846583626,4873
718846683528,4860
718846783430,4834
718846883332,4854
718846983234,4861
718847083136,4856
718847183038,4855
718847282940,4859
718847382842,4858
718847482744,4867
718847582646,4829
718847682548,4856
718847782450,4858
718847882352,4857
718847982254,4865
718848082156,4863
718848182058,4854
718848281960,4880
718848381862,4833
718848481764,4855
718848581666,4857
718848681568,4860
718848781470,4858
718848881372,4861
718848981274,4859
718849081176,4856
718849181078,4824
718849280980,4857
718849380882,4903
718849480784,4857
718849580686,4857
718849680588,4859
718849780490,4865
718849880392,4860
718849980294,4818
718850080196,4856
718850180098,4854
718850280003,4854
718850379905,4859
718850479807,4856
718850579709,4859
718850679611,4858
718850779513,4820
718850879415,4856
718850979317,4857
718851079219,4870
718851179121,4852
718851279023,4854
718851378925,4854
718851478827,4876
718851578729,4825
718851678631,4859
718851778533,4872
718851878435,4851
718851978337,4854
718852078239,4855
718852178141,4854
718852278043,4851
718852377945,4815
718852477847,4853
718852577749,4852
718852677651,4863
718852777553,4888
718852877455,4863
718852977357,4869
718853077259,4855
718853177161,4813
718853277063,4848
718853376965,4852
718853476867,4864
718853576769,4860
718853676671,4863
718853776573,4889
718853876475,4866
718853976378,5030
718854076280,4876
718854176182,4868
718854276084,4871
718854375986,4881
718854475888,4873
718854575790,4866
718854675693,4861
718854775595,4893
718854875497,4878
718854975399,4871
718855075301,4891
718855175203,4867
718855275105,4867
718855375007,4875
718855474909,4872
718855574811,4908
718855674713,4871
718855774615,4882
718855874538,4882
718855974440,4902
718856074342,4876
718856174244,4872
718856274146,4869
718856374048,4885
718856473950,4890
718856573852,4922
718856673754,4880
718856773656,4893
718856873558,4877
718856973460,4878
718857073362,4889
718857173264,4895
718857273166,4876
718857373068,4882
718857472970,4884
718857572872,4927
718857672774,4879
718857772676,4872
718857872578,4897
718857972480,4899
718858072382,4878
718858172284,4899
718858272186,4879
718858372088,4864
718858471990,4875
718858571892,4887
718858671794,4892
718858771696,4883
718858871598,4890
718858971500,4882
718859071402,4870
718859171304,4876
718859271206,4874
718859371120,4874
718859471022,4883
718859570924,4905
718859670826,4884
718859770728,4897
718859870630,4882
718859970532,4872
718860070434,4876
718860170336,4894
718860270238,4882
718860370140,4950
718860470042,4880
718860569944,4881
718860669846,4859
718860769748,4869
718860869650,4900
718860969552,4866
718861069454,4898
718861169356,4882
718861269258,4867
718861369160,4960
718861469062,4868
718861568964,4887
718861668866,4891
718861768768,4878
718861868670,4882
718861968572,4888
718862068474,4882
718862168376,5108
718862268278,5072
718862368180,5126
718862468082,5081
718862567984,5061
718862667886,4888
718862767788,4894
718862867690,4880
718862967592,4891
718863067494,4876
718863167397,4884
718863267299,4877
718863367201,4967
718863467103,4870
718863567005,4899
718863666907,4887
718863766809,4892
718863866711,4870
718863966614,5010
718864066516,4878
718864166418,4851
718864266320,4856
718864366222,4876
718864466124,4848
718864566026,4847
718864665928,4865
718864765830,4850
718864865732,4814
718864965634,4856
718865065536,4860
718865165438,4836
718865265340,4853
718865365242,4880
718865465144,4851
718865565046,4854
718865664948,4852
718865764850,4853
718865864752,4854
718865964654,4815
718866064556,4857
718866164458,4855
718866264360,4855
718866364262,4853
718866464164,4857
718866564066,4849
718866663968,4905
718866763870,4818
718866863772,4855
718866963674,4860
718867063576,4855
718867163478,4855
718867263380,4865
718867363282,4858
718867463184,4861
718867563086,4829
718867662988,4862
718867762890,4861
718867862792,4859
718867962694,4858
718868062596,4857
718868162498,4860
718868262400,4862
718868362302,4820
718868462204,4869
718868562106,4863
718868662008,4926
718868761910,4856
718868861812,4856
718868961714,4860
718869061616,4861
718869161518,4835
718869261420,4866
718869361322,4858
718869461224,4858
718869561126,4856
718869661028,4880
718869760930,4862
718869860832,4858
718869960734,4821
718870060636,4863
718870160538,4856
718870260440,4861
718870360342,4864
718870460244,4861
718870560146,4858
718870660048,4893
718870759950,4868
718870859852,4860
718870959754,4894
718871059656,4857
718871159558,4867
718871259460,4857
718871359362,4857
718871459264,4861
718871559166,4815
718871659068,4854
718871758971,4865
718871858873,4856
718871958775,4890
718872058677,4854
718872158579,4853
718872258481,4877
718872358383,4822
718872458285,4855
718872558187,4851
718872658089,4946
718872757991,4856
718872857893,4852
718872957795,4891
718873057697,4855
718873157599,4818
718873257501,4887
718873357403,4852
718873457305,4867
718873557207,4867
718873657109,4850
718873757011,4860
718873856913,4853
718873956816,5065
718874056718,4871
718874156620,4863
718874256522,4915
718874356424,4875
718874456326,4870
718874556228,4876
718874656130,5081
718874756032,4889
718874855934,4872
718874955836,4923
718875055738,4877
718875155640,4888
718875255542,4881
718875355444,4883
718875455346,4946
718875555248,4895
718875655150,4885
718875755052,4870
718875854954,4865
718875954856,4879
718876054758,4876
718876154660,4885
718876254562,4880
718876354464,4890
718876454366,4967
718876554268,4899
718876654170,4926
718876754072,4863
718876853974,4876
718876953876,4884
718877053778,4876
718877153680,4877
718877253582,4865
718877353484,4885
718877453386,4978
718877553288,4881
718877653190,4895
718877753092,4873
718877852994,4885
718877952896,4899
718878052798,4887
718878152700,4864
718878252602,4888
718878352504,4898
718878452406,4975
718878552308,4881
718878652227,4978
718878752129,4892
718878852031,4873
718878951933,4888
718879051835,4886
718879151737,4886
718879251639,4878
718879351541,4882
718879451443,4999
718879551345,4892
718879651247,4882
718879751149,4866
718879851051,4873
718879950953,4886
718880050855,4941
718880150757,4892
718880250659,4867
718880350561,4882
718880450463,4919
718880550365,4875
718880650267,4912
718880750169,4904
718880850071,4871
718880949973,4885
718881049875,4876
718881149777,4889
718881249679,4879
718881349581,4868
718881449483,4892
718881549385,4889
718881649287,4866
718881749189,4871
718881849091,5196
718881948993,4881
718882048895,4880
718882148797,4882
718882248699,4876
718882348601,4888
718882448503,4888
718882548405,4881
718882648307,4905
718882748209,4884
718882848111,4874
718882948013,4874
718883047915,4878
718883147817,4870
718883247719,4866
718883347621,4884
718883447523,4871
718883547425,4896
718883647327,4875
718883747229,4862
718883847131,4856
718883947034,4995
718884046936,4855
718884146838,4889
718884246740,4863
718884346642,4825
718884446544,4851
718884546446,4849
718884646348,4848
718884746250,4851
718884846152,4851
718884946054,4853
718885045956,4852
718885145858,4818
718885245760,4856
718885345662,4851
718885445564,4853
718885545466,4854
718885645368,4853
718885745270,4854
718885845172,4854
718885945074,4813
718886044976,4856
718886144878,4860
718886244780,4857
718886344682,4856
718886444584,4853
718886544486,4862
718886644388,4856
718886744290,4831
718886844192,4853
718886944094,4847
718887043996,4856
718887143898,4854
718887243800,4859
718887343702,4864
718887443604,4856
718887543506,4817
718887643408,4860
718887743310,4860
718887843212,4861
718887943114,4853
718888043016,4851
718888142918,4856
718888242820,4857
718888342722,4817
718888442624,4857
718888542526,4861
718888642428,4860
718888742330,4857
718888842232,4856
718888942134,4852
718889042036,4853
718889141938,4821
718889241840,4862
718889341742,4859
718889441644,4856
718889541546,4860
718889641448,4861
718889741350,4856
718889841252,4864
718889941154,4822
718890041056,4863
718890140958,4864
718890240860,4858
718890340762,4858
718890440664,4858
718890540566,4867
718890640468,4856
718890740370,4853
718890840272,4860
718890940174,4859
718891040076,4852
718891139978,4857
718891239880,4857
718891339782,4860
718891439684,4865
718891539586,4834
718891639488,4859
718891739390,4858
718891839292,4856
718891939194,4859
718892039096,4855
718892138998,4854
718892238900,4859
718892338802,4821
718892438704,4860
718892538606,4854
718892638508,4857
718892738410,4861
718892838312,4856
718892938214,4857
718893038116,4854
718893138018,4821
718893237920,4853
718893337822,4857
718893437724,4864
718893537626,4855
718893637528,4854
718893737430,4857
718893837332,4853
718893937235,5041
718894037137,4892
718894137039,4863
718894236941,4884
718894336843,4876
718894436745,4890
718894536647,4881
718894636549,4882
718894736451,4880
718894836353,4885
718894936255,4848
718895036157,4875
718895136059,4875
718895235961,4858
718895335863,4886
718895435765,4883
718895535667,4888
718895635569,4897
718895735471,4861
718895835373,4891
718895935275,4892
718896035177,4878
718896135079,4913
718896234981,4870
718896334883,4908
718896434785,4886
718896534687,4889
718896634589,4871
718896734491,4877
718896834393,4897
718896934295,4885
718897034197,4859
718897134099,4887
718897234006,4884
718897333908,4854
718897433810,4901
718897533712,4872
718897633614,4873
718897733516,4878
718897833418,4882
718897933320,4875
718898033222,4873
718898133124,4892
718898233026,4888
718898332928,4900
718898432830,4888
718898532732,4881
718898632634,4881
718898732536,4893
718898832438,4875
718898932340,4886
718899032242,4880
718899132144,4957
718899232046,4890
718899331948,4866
718899431850,4893
718899531752,4875
718899631654,4870
718899731556,4883
718899831458,4872
718899931360,4874
718900031262,4878
718900131164,4883
718900231066,4890
718900330968,4914
718900430870,4877
718900530772,4883
718900630674,4881
718900730576,4881
718900830478,4899
718900930380,4893
718901030282,4887
718901130184,4870
718901230086,4878
718901330008,4898
718901429910,4890
718901529812,4877
718901629714,4866
718901729616,4885
718901829518,4887
718901929420,4891
718902029322,4874
718902129224,4880
718902229126,4867
718902329028,4887
718902428930,4896
718902528832,4862
718902628734,4880
718902728636,4902
718902828538,4862
718902928440,4873
718903028342,4877
718903128244,4870
718903228146,4869
718903328048,4863
718903427950,4896
718903527852,4891
718903627754,4872
718903727656,4869
718903827558,4868
718903927461,5006
718904027363,4868
718904127265,4853
718904227167,4857
718904327069,4815
718904426971,4849
718904526874,4857
718904626776,4854
718904726679,4859
718904826581,4853
718904926483,4855
718905026385,4851
718905126287,4866
718905226189,4854
718905326091,4852
718905425993,4856
718905525895,4859
718905625797,4855
718905725700,4858
718905825602,4857
718905925504,4818
718906025406,4853
718906125308,4860
718906225210,4860
718906325112,4851
718906425014,4859
718906524916,4858
718906624818,4853
718906724720,4819
718906824622,4854
718906924524,4856
718907024426,4851
718907124328,4864
718907224230,4853
718907324132,4850
718907424034,4854
718907523936,4828
718907623838,4856
718907723740,4859
718907823642,4863
718907923544,4856
718908023446,4855
718908123348,4861
718908223250,4857
718908323152,4873
718908423054,4854
718908522956,4857
718908622858,4858
718908722760,4856
718908822662,4858
718908922564,4859
718909022466,4861
718909122368,4822
718909222270,4855
718909322172,4855
718909422074,4852
718909521976,4858
718909621878,4866
718909721780,4857
718909821682,4860
718909921584,4825
718910021486,4855
718910121388,4884
718910221290,4859
718910321192,4855
718910421094,4856
718910520996,4868
718910620898,4873
718910720800,4865
718910820702,4855
718910920604,4859
718911020506,4863
718911120408,4855
718911220310,4856
718911320212,4861
718911420114,4905
718911520016,4820
718911619918,4859
718911719820,4859
718911819722,4858
718911919624,4855
718912019526,4860
718912119428,4859
718912219330,4858
718912319232,4841
718912419134,4891
718912519036,4851
718912618938,4896
718912718840,4862
718912818742,4858
718912918644,4856
718913018546,4852
718913118448,4831
718913218350,4853
718913318252,4853
718913418155,4862
718913518057,4859
718913617960,4895
718913717862,4854
718913817764,4862
718913917667,5030
718914017569,4885
718914117471,4868
718914217373,4866
718914317275,4871
718914417177,4886
718914517079,4865
718914616981,4910
718914716883,4886
718914816785,4855
718914916687,4860
718915016589,4894
718915116491,4864
718915216393,4863
718915316295,4890
718915416197,4871
718915516099,4925
718915616004,4901
718915715906,4879
718915815808,4878
718915915710,4890
718916015612,4877
718916115514,4875
718916215416,4861
718916315318,4897
718916415220,4871
718916515123,4856
718916615025,4883
718916714927,4894
718916814829,4880
718916914731,4903
718917014633,4886
718917114535,4888
718917214437,4877
718917314339,4897
718917414241,4886
718917514143,4889
718917614045,4870
718917713947,4882
718917813849,4881
718917913751,4900
718918013653,4871
718918113555,4884
718918213457,4876
718918313359,4880
718918413261,4883
718918513163,4886
718918613065,4872
718918712967,4885
718918812869,4905
718918912771,4880
718919012673,4880
718919112575,4864
718919212477,4884
718919312379,4875
718919412281,4886
718919512183,4913
718919612085,4892
718919711987,4869
718919811889,4875
718919911791,4876
718920011693,4880
718920111595,4860
718920211497,4876
718920311399,4912
718920411301,4878
718920511203,4888
718920611105,4888
718920711007,4899
718920810909,4893
718920910811,4872
718921010713,4900
718921110615,4883
718921210517,4896
718921310419,4889
718921410321,4880
718921510223,4884
718921610125,4885
718921710027,4862
718921809929,4880
718921909831,4918
718922009733,4874
718922109635,4870
718922209538,5119
718922309440,5068
718922409343,5090
718922509246,4915
718922609148,4876
718922709050,4901
718922808952,4880
718922908854,4866
718923008756,4962
718923108659,4872
718923208561,4871
718923308463,4874
718923408365,4879
718923508267,4954
718923608169,4876
718923708071,4881
718923807973,4878
