356320921538,99950
356321021514,99950
356321121467,99950
356321221419,99950
356321321370,99950
356321421322,99951
356321521273,99950
356321621224,99950
356321721176,99950
356321821127,99950
356321921079,99950
356322021030,99950
356322120981,99950
356322220932,99950
356322320884,99951
356322420835,99950
356322520786,99950
356322620737,99950
356322720689,99950
356322820640,99950
356322920591,99950
356323020542,99950
356323120493,99950
356323220444,99950
356323320395,99950
356323420346,99950
356323520297,99950
356323620248,99950
356323720199,99950
356323820150,99950
356323920101,99950
356324020052,99951
356324120004,99950
356324219955,99950
356324319906,99950
356324419857,99950
356324519808,99950
356324619759,99950
356324719710,99950
356324819661,99950
356324919612,99950
356325019563,99950
356325119514,99950
356325219465,99950
356325319416,99950
356325419367,99950
356325519318,99950
356325619269,99950
356325719220,99950
356325819171,99950
356325919122,99950
356326019073,99950
356326119024,99950
356326218975,99950
356326318927,99951
356326418879,99951
356326518831,99951
356326618782,99950
356326718733,99950
356326818684,99950
356326918635,99950
356327018586,99950
356327118537,99950
356327218488,99950
356327318439,99950
356327418390,99950
356327518341,99950
356327618292,99950
356327718243,99950
356327818194,99950
356327918145,99950
356328018096,99950
356328118047,99950
356328217998,99950
356328317949,99950
356328417900,99950
356328517851,99950
356328617802,99950
356328717754,99951
356328817705,99950
356328917656,99950
356329017607,99950
356329117558,99950
356329217509,99950
356329317460,99950
356329417411,99950
356329517362,99950
356329617313,99950
356329717264,99950
356329817215,99950
356329917166,99950
356330017117,99950
356330117068,99950
356330217019,99950
356330316971,99950
356330416922,99950
356330516873,99950
356330616824,99950
356330716776,99951
356330816727,99950
356330916678,99950
356331016629,99950
356331116581,99951
356331216533,99950
356331316484,99950
356331416435,99950
356331516386,99950
356331616337,99950
356331716288,99950
356331816239,99950
356331916190,99950
356332016141,99950
356332116092,99950
356332216043,99950
356332315994,99950
356332415945,99950
356332515896,99950
356332615847,99950
356332715799,99951
356332815750,99950
356332915701,99950
356333015652,99950
356333115603,99950
356333215554,99950
356333315505,99950
356333415457,99951
356333515408,99950
356333615359,99950
356333715310,99950
356333815261,99950
356333915212,99950
356334015163,99950
356334115114,99950
356334215065,99950
356334315017,99951
356334414969,99951
356334514920,99950
356334614871,99950
356334714823,99951
356334814774,99950
356334914725,99950
356335014676,99950
356335114627,99950
356335214578,99950
356335314529,99950
356335414481,99951
356335514432,99950
356335614383,99950
356335714334,99950
356335814285,99950
356335914236,99950
356336014187,99950
356336114138,99950
356336214089,99950
356336314040,99950
356336413991,99950
356336513943,99950
356336613895,99951
356336713846,99950
356336813797,99950
356336913748,99950
356337013699,99950
356337113650,99950
356337213601,99950
356337313552,99950
356337413503,99950
356337513454,99950
356337613405,99950
356337713356,99950
356337813307,99950
356337913258,99950
356338013209,99950
356338113160,99950
356338213111,99950
356338313063,99951
356338413015,99951
356338512966,99950
356338612917,99950
356338712869,99951
356338812820,99950
356338912771,99950
356339012722,99950
356339112673,99950
356339212624,99950
356339312575,99950
356339412526,99950
356339512477,99950
356339612428,99950
356339712379,99950
356339812330,99950
356339912281,99950
356340012232,99950
356340112183,99950
356340212134,99950
356340312085,99950
356340412036,99950
356340511987,99950
356340611938,99950
356340711889,99950
356340811840,99950
356340911791,99950
356341011742,99950
356341111694,99951
356341211646,99950
356341311597,99950
356341411549,99951
356341511500,99950
356341611451,99950
356341711402,99950
356341811353,99950
356341911304,99950
356342011255,99950
356342111206,99950
356342211157,99950
356342311109,99950
356342411061,99951
356342511037,99950
356342610988,99950
356342710939,99950
356342810890,99950
356342910841,99950
356343010792,99950
356343110743,99950
356343210694,99950
356343310645,99950
356343410596,99950
356343510547,99950
356343610498,99950
356343710449,99950
356343810400,99950
356343910351,99950
356344010302,99950
356344110253,99950
356344210204,99950
356344310155,99950
356344410106,99950
356344510057,99950
356344610008,99950
356344709959,99950
356344809910,99950
356344909861,99950
356345009812,99950
356345109763,99950
356345209714,99950
356345309665,99950
356345409616,99950
356345509567,99950
356345609518,99950
356345709469,99950
356345809420,99950
356345909371,99950
356346009322,99950
356346109273,99950
356346209224,99950
356346309175,99950
356346409126,99950
356346509077,99950
356346609028,99950
356346708979,99950
356346808931,99951
356346908882,99950
356347008834,99950
356347108785,99950
356347208736,99950
356347308687,99950
356347408639,99950
356347508590,99950
356347608541,99950
356347708492,99950
356347808443,99950
356347908394,99950
356348008345,99950
356348108296,99950
356348208247,99950
356348308198,99950
356348408149,99950
356348508100,99950
356348608051,99952
356348708005,99950
356348807956,99950
356348907907,99950
356349007858,99950
356349107809,99950
356349207760,99950
356349307711,99950
356349407662,99950
356349507613,99950
356349607564,99950
356349707515,99950
356349807466,99950
356349907417,99950
356350007368,99950
356350107319,99950
356350207270,99950
356350307222,99951
356350407173,99950
356350507124,99950
356350607075,99950
356350707027,99951
356350806978,99950
356350906929,99950
356351006880,99950
356351106831,99950
356351206783,99950
356351306735,99950
356351406687,99950
356351506638,99950
356351606589,99950
356351706541,99950
356351806492,99950
356351906443,99950
356352006395,99950
356352106347,99951
356352206298,99950
356352306249,99950
356352406200,99950
356352506151,99950
356352606102,99950
356352706053,99963
356352806018,99950
356352905969,99950
356353005920,99950
356353105871,99950
356353205822,99950
356353305773,99950
356353405724,99950
356353505675,99950
356353605626,99950
356353705577,99950
356353805528,99950
356353905479,99950
356354005431,99951
356354105382,99950
356354205333,99950
356354305285,99950
356354405237,99951
356354505188,99950
356354605140,99951
356354705092,99950
356354805043,99950
356354904994,99950
356355004945,99950
356355104896,99950
356355204847,99950
356355304798,99950
356355404750,99951
356355504701,99950
356355604652,99950
356355704603,99950
356355804554,99950
356355904505,99950
356356004456,99950
356356104407,99950
356356204358,99950
356356304309,99950
356356404260,99950
356356504211,99950
356356604162,99950
356356704114,99950
356356804065,99950
356356904017,99951
356357003968,99950
356357103919,99950
356357203870,99950
356357303821,99950
356357403773,99951
356357503725,99951
356357603676,99950
356357703627,99950
356357803578,99950
356357903529,99950
356358003480,99950
356358103431,99950
356358203383,99950
356358303335,99950
356358403287,99951
356358503238,99950
356358603189,99950
356358703140,99950
356358803091,99950
356358903042,99950
356359002993,99950
356359102944,99950
356359202895,99950
356359302846,99950
356359402798,99951
356359502749,99950
356359602700,99950
356359702652,99951
356359802603,99950
356359902554,99950
356360002505,99950
356360102456,99950
356360202407,99950
356360302358,99950
356360402310,99951
356360502261,99950
356360602212,99950
356360702163,99950
356360802114,99950
356360902065,99950
356361002016,99950
356361101967,99950
356361201919,99950
356361301871,99950
356361401823,99950
356361501775,99951
356361601726,99950
356361701677,99950
356361801628,99950
356361901579,99950
356362001530,99950
356362101481,99950
356362201432,99950
356362301384,99951
356362401335,99950
356362501286,99950
356362601237,99950
356362701189,99950
356362801140,99950
356362901091,99950
356363001042,99950
356363100993,99950
356363200944,99950
356363300895,99950
356363400847,99951
356363500798,99950
356363600749,99950
356363700700,99950
356363800652,99951
356363900603,99950
356364000554,99950
356364100526,99950
356364200477,99950
356364300428,99950
356364400380,99951
356364500332,99951
356364600283,99950
356364700234,99950
356364800185,99950
356364900136,99950
356365000087,99950
356365100038,99950
356365199989,99950
356365299940,99950
356365399891,99950
356365499842,99950
356365599793,99950
356365699744,99950
356365799695,99950
356365899646,99950
356365999597,99950
356366099548,99950
356366199499,99950
356366299451,99951
356366399403,99951
356366499354,99950
356366599305,99950
356366699256,99950
356366799207,99950
356366899158,99950
356366999109,99950
356367099060,99950
356367199012,99950
356367298963,99950
356367398915,99951
356367498866,99950
356367598817,99950
356367698768,99950
356367798719,99950
356367898670,99950
356367998621,99950
356368098573,99951
356368198524,99950
356368298475,99950
356368398426,99950
356368498377,99950
356368598328,99950
356368698280,99950
356368798231,99950
356368898182,99950
356368998133,99950
356369098084,99950
356369198036,99951
356369297987,99950
356369397938,99950
356369497889,99950
356369597840,99950
356369697791,99950
356369797742,99950
356369897693,99950
356369997644,99950
356370097595,99950
356370197546,99950
356370297498,99951
356370397450,99951
356370497401,99950
356370597352,99950
356370697304,99951
356370797255,99950
356370897206,99950
356370997157,99950
356371097108,99950
356371197060,99950
356371297011,99950
356371396963,99950
356371496915,99951
356371596866,99950
356371696818,99951
356371796770,99950
356371896721,99950
356371996672,99950
356372096623,99950
356372196575,99951
356372296527,99951
356372396479,99950
356372496430,99950
356372596382,99950
356372696333,99950
356372796284,99950
356372896235,99950
356372996186,99950
356373096137,99950
356373196088,99950
356373296039,99950
356373395991,99951
356373495942,99950
356373595893,99950
356373695844,99950
356373795795,99950
356373895746,99950
356373995697,99950
356374095648,99950
356374195599,99950
356374295551,99951
356374395503,99950
356374495454,99950
356374595405,99950
356374695359,99950
356374795310,99950
356374895261,99950
356374995212,99950
356375095163,99950
356375195115,99951
356375295066,99950
356375395018,99951
356375494969,99950
356375594920,99950
356375694871,99950
356375794822,99950
356375894774,99950
356375994725,99950
356376094676,99950
356376194627,99950
356376294578,99950
356376394530,99951
356376494481,99950
356376594432,99950
356376694384,99951
356376794336,99951
356376894287,99950
356376994238,99950
356377094189,99950
356377194140,99950
356377294091,99950
356377394043,99950
356377493994,99950
356377593945,99950
356377693896,99950
356377793847,99950
356377893798,99950
356377993749,99950
356378093700,99950
356378193651,99950
356378293603,99951
356378393555,99951
356378493506,99950
356378593457,99950
356378693408,99950
356378793359,99950
356378893310,99950
356378993261,99950
356379093212,99950
356379193163,99950
356379293114,99950
356379393066,99950
356379493017,99950
356379592968,99950
356379692919,99950
356379792870,99950
356379892821,99950
356379992772,99950
356380092723,99950
356380192674,99950
356380292625,99950
356380392577,99951
356380492528,99950
356380592479,99950
356380692431,99950
356380792382,99950
356380892333,99950
356380992284,99950
356381092235,99950
356381192186,99950
356381292138,99950
356381392090,99950
356381492042,99950
356381591994,99951
356381691945,99950
356381791897,99950
356381891848,99950
356381991799,99950
356382091750,99950
356382191701,99950
356382291652,99950
356382391603,99950
356382491554,99950
356382591505,99950
356382691456,99950
356382791407,99950
356382891363,99950
356382991314,99950
356383091265,99950
356383191216,99950
356383291167,99950
356383391118,99950
356383491069,99950
356383591020,99950
356383690971,99950
356383790922,99950
356383890873,99950
356383990824,99950
356384090775,99950
356384190726,99950
356384290677,99950
356384390628,99950
356384490579,99950
356384590530,99950
356384690481,99950
356384790432,99950
356384890383,99950
356384990334,99950
356385090285,99950
356385190236,99950
356385290187,99950
356385390138,99950
356385490089,99950
356385590061,99950
356385690012,99950
356385789963,99950
356385889914,99950
356385989865,99950
356386089816,99950
356386189767,99950
356386289719,99950
356386389671,99951
356386489622,99950
356386589573,99950
356386689525,99950
356386789476,99950
356386889427,99950
356386989378,99950
356387089329,99950
356387189280,99950
356387289231,99950
356387389183,99951
356387489134,99950
356387589086,99951
356387689037,99950
356387788988,99950
356387888939,99950
356387988890,99950
356388088841,99950
356388188792,99950
356388288743,99950
356388388695,99951
356388488646,99950
356388588597,99950
356388688548,99950
356388788499,99950
356388888450,99950
356388988401,99950
356389088352,99950
356389188303,99950
356389288254,99950
356389388205,99950
356389488156,99950
356389588107,99950
356389688058,99950
356389788009,99950
356389887960,99950
356389987911,99950
356390087862,99950
356390187813,99950
356390287765,99951
356390387716,99950
356390487667,99950
356390587618,99950
356390687569,99950
356390787520,99950
356390887471,99950
356390987422,99950
356391087373,99950
356391187324,99950
356391287277,99950
356391387229,99951
356391487180,99950
356391587131,99950
356391687083,99950
356391787034,99950
356391886985,99950
356391986936,99950
356392086887,99950
356392186838,99950
356392286789,99950
356392386740,99950
356392486691,99950
356392586642,99950
356392686593,99950
356392786544,99950
356392886495,99950
356392986446,99950
356393086397,99950
356393186348,99950
356393286299,99950
356393386250,99950
356393486201,99950
356393586152,99950
356393686103,99950
356393786055,99951
356393886006,99950
356393985957,99950
356394085908,99950
356394185859,99950
356394285811,99951
356394385763,99950
356394485714,99950
356394585665,99950
356394685617,99951
356394785568,99950
356394885519,99950
356394985470,99950
356395085421,99950
356395185372,99950
356395285323,99950
356395385274,99950
356395485225,99950
356395585176,99950
356395685127,99950
356395785078,99950
356395885029,99950
356395984980,99950
356396084931,99950
356396184882,99950
356396284833,99950
356396384784,99950
356396484735,99950
356396584686,99950
356396684637,99950
356396784588,99950
356396884539,99950
356396984490,99950
356397084441,99950
356397184392,99950
356397284343,99950
356397384295,99951
356397484246,99950
356397584197,99950
356397684148,99950
356397784100,99951
356397884051,99955
356397984007,99950
356398083958,99950
356398183909,99950
356398283861,99950
356398383813,99950
356398483764,99950
356398583715,99950
356398683666,99950
356398783618,99951
356398883569,99950
356398983520,99950
356399083471,99950
356399183422,99950
356399283373,99950
356399383324,99950
356399483275,99950
356399583226,99950
356399683177,99950
356399783128,99950
356399883079,99950
356399983030,99950
356400082981,99950
356400182932,99950
356400282883,99950
356400382835,99951
356400482786,99950
356400582737,99950
356400682689,99951
356400782641,99951
356400882592,99950
356400982543,99950
356401082494,99950
356401182445,99950
356401282397,99950
356401382349,99951
356401482300,99950
356401582251,99950
356401682203,99950
356401782155,99950
356401882107,99951
356401982059,99951
356402082010,99950
356402181961,99950
356402281913,99950
356402381865,99951
356402481816,99950
356402581767,99950
356402681719,99950
356402781670,99950
356402881621,99950
356402981572,99950
356403081523,99950
356403181474,99950
356403281425,99950
356403381376,99950
356403481327,99950
356403581278,99950
356403681229,99950
356403781180,99950
356403881131,99950
356403981082,99950
356404081033,99950
356404180984,99950
356404280935,99950
356404380886,99950
356404480837,99950
356404580788,99950
356404680739,99950
356404780690,99950
356404880641,99950
356404980592,99950
356405080543,99950
356405180494,99950
356405280445,99950
356405380396,99950
356405480347,99950
356405580298,99950
356405680249,99950
356405780200,99950
356405880151,99950
356405980102,99950
356406080053,99950
356406180004,99950
356406279956,99951
356406379907,99950
356406479858,99950
356406579810,99950
356406679761,99950
356406779712,99950
356406879663,99950
356406979615,99951
356407079566,99950
356407179536,99950
356407279487,99950
356407379439,99951
356407479390,99950
356407579341,99950
356407679292,99950
356407779243,99950
356407879194,99950
356407979146,99951
356408079097,99950
356408179049,99951
356408279003,99950
356408378954,99950
356408478905,99950
356408578857,99951
356408678809,99951
356408778760,99950
356408878712,99951
356408978663,99950
356409078614,99950
356409178565,99950
356409278516,99950
356409378467,99950
356409478418,99950
356409578369,99950
356409678320,99950
356409778271,99950
356409878222,99950
356409978173,99950
356410078124,99950
356410178075,99950
356410278027,99950
356410377978,99950
356410477929,99950
356410577880,99950
356410677831,99950
356410777782,99950
356410877733,99950
356410977684,99950
356411077635,99950
356411177586,99950
356411277538,99950
356411377490,99951
356411477441,99950
356411577393,99950
356411677344,99950
356411777296,99950
356411877248,99950
356411977199,99950
356412077151,99950
356412177102,99950
356412277053,99950
356412377005,99951
356412476956,99950
356412576907,99950
356412676858,99950
356412776809,99950
356412876760,99950
356412976711,99950
356413076662,99950
356413176613,99950
356413276564,99950
356413376515,99950
356413476466,99950
356413576417,99950
356413676368,99950
356413776319,99950
356413876270,99950
356413976221,99950
356414076172,99950
356414176123,99950
356414276075,99951
356414376027,99951
356414475978,99950
356414575930,99950
356414675882,99951
356414775834,99951
356414875786,99951
356414975737,99950
356415075689,99951
356415175640,99950
356415275591,99950
356415375543,99951
356415475494,99950
356415575445,99950
356415675396,99950
356415775347,99950
356415875298,99950
356415975249,99950
356416075200,99950
356416175151,99950
356416275102,99950
356416375054,99951
356416475005,99950
356416574956,99950
356416674908,99951
356416774859,99950
356416874810,99950
356416974761,99950
356417074712,99950
356417174663,99950
356417274614,99950
356417374566,99951
356417474517,99950
356417574468,99950
356417674419,99950
356417774371,99951
356417874322,99950
356417974273,99950
356418074224,99950
356418174176,99950
356418274128,99950
356418374080,99951
356418474031,99950
356418573982,99950
356418673933,99950
356418773884,99950
356418873835,99950
356418973786,99950
356419073737,99950
356419173688,99950
356419273639,99950
356419373591,99951
356419473542,99950
356419573493,99950
356419673444,99950
356419773395,99950
356419873346,99950
356419973297,99950
356420073248,99950
356420173199,99950
356420273150,99950
356420373102,99951
356420473053,99950
356420573004,99950
356420672956,99951
356420772907,99950
356420872858,99950
356420972809,99950
356421072760,99950
356421172711,99950
356421272665,99951
356421372617,99950
356421472568,99950
356421572519,99950
356421672470,99950
