731494924177,682
731495024090,301
731495123992,310
731495223894,308
731495323796,308
731495423698,308
731495523600,303
731495623502,302
731495723404,302
731495823306,299
731495923208,302
731496023110,302
731496123012,302
731496222914,307
731496322816,306
731496422718,305
731496522620,302
731496622522,300
731496722424,304
731496822326,302
731496922228,320
731497022130,307
731497122032,302
731497221934,305
731497321836,305
731497421738,303
731497521640,303
731497621542,302
731497721444,302
731497821346,302
731497921248,302
731498021150,302
731498121052,302
731498220954,304
731498320856,307
731498420758,314
731498520660,302
731498620562,302
731498720464,303
731498820366,302
731498920268,318
731499020170,300
731499120072,302
731499219974,306
731499319876,306
731499419778,305
731499519680,302
731499619582,292
731499719484,302
731499819386,300
731499919288,305
731500019190,302
731500119092,302
731500218994,305
731500318896,306
731500418798,305
731500518700,306
731500618602,301
731500718504,304
731500818406,302
731500918308,302
731501018210,303
731501118112,302
731501218014,302
731501317916,305
731501417818,303
731501517720,306
731501617622,303
731501717524,303
731501817426,302
731501917328,302
731502017230,302
731502117132,302
731502217034,299
731502316936,306
731502416838,306
731502516740,306
731502616642,302
731502716544,303
731502816446,302
731502916348,302
731503016250,304
731503116152,302
731503216054,302
731503315956,306
731503415858,305
731503515760,306
731503615662,302
731503715564,302
731503815466,299
731503915368,302
731504015270,303
731504115172,302
731504215074,302
731504314976,305
731504414878,306
731504514780,306
731504614682,299
731504714584,303
731504814486,302
731504914388,302
731505014290,379
731505114192,305
731505214094,301
731505313996,307
731505413898,311
731505513800,308
731505613702,312
731505713604,307
731505813506,305
731505913408,309
731506013310,306
731506113212,305
731506213114,306
731506313016,302
731506412918,306
731506512820,306
731506612722,308
731506712624,302
731506812526,304
731506912428,304
731507012330,315
731507112232,306
731507212134,306
731507312036,304
731507411938,305
731507511840,304
731507611742,317
731507711644,302
731507811546,303
731507911448,306
731508011350,304
731508111252,301
731508211154,303
731508311056,305
731508410958,309
731508510860,305
731508610762,311
731508710664,309
731508810566,306
731508910468,302
731509010370,305
731509110272,304
731509210174,305
731509310076,307
731509409978,310
731509509880,308
731509609782,308
731509709684,305
731509809586,303
731509909488,310
731510009390,304
731510109292,304
731510209194,308
731510309096,302
731510408998,304
731510508900,306
731510608802,309
731510708704,309
731510808606,305
731510908508,304
731511008410,304
731511108312,305
731511208214,308
731511308116,306
731511408018,301
731511507920,308
731511607822,306
731511707724,305
731511807626,305
731511907528,303
731512007430,304
731512107332,307
731512207234,302
731512307136,302
731512407038,304
731512506940,305
731512606842,305
731512706744,305
731512806646,302
731512906548,302
731513006450,304
731513106352,303
731513206254,301
731513306156,302
731513406058,305
731513505960,305
731513605862,307
731513705764,310
731513805666,305
731513905568,305
731514005470,304
731514105372,301
731514205274,306
731514305176,305
731514405078,302
731514504980,307
731514604882,304
731514704784,305
731514804686,302
731514904588,304
731515004490,357
731515104392,303
731515204294,302
731515304196,302
731515404098,302
731515504006,302
731515603908,308
731515703810,323
731515803712,308
731515903614,302
731516003516,302
731516103418,302
731516203320,302
731516303222,302
731516403124,302
731516503026,302
731516602928,304
731516702830,306
731516802732,306
731516902634,303
731517002536,302
731517102438,303
731517202340,303
731517302242,302
731517402144,299
731517502046,302
731517601948,305
731517701850,306
731517801752,305
731517901654,302
731518001556,302
731518101458,302
731518201360,306
731518301262,302
731518401164,302
731518501066,302
731518600968,306
731518700870,326
731518800772,305
731518900674,302
731519000599,300
731519100501,305
731519200403,302
731519300305,302
731519400207,302
731519500109,303
731519600011,302
731519699913,306
731519799815,303
731519899717,306
731519999619,302
731520099521,302
731520199423,302
731520299325,302
731520399227,302
731520499129,302
731520599031,308
731520698933,306
731520798835,309
731520898737,305
731520998639,302
731521098541,302
731521198443,302
731521298345,306
731521398247,299
731521498149,302
731521598051,302
731521697953,306
731521797855,306
731521897757,317
731521997659,302
731522097561,302
731522197463,302
731522297365,303
731522397267,303
731522497169,302
731522597071,302
731522696973,307
731522796875,306
731522896777,306
731522996679,302
731523096581,302
731523196483,302
731523296385,303
731523396287,302
731523496189,303
731523596091,302
731523695993,306
731523795896,304
731523895798,305
731523995700,306
731524095602,302
731524195504,302
731524295406,302
731524395308,302
731524495210,302
731524595112,299
731524695014,325
731524794916,306
731524894818,305
731524994720,333
731525094622,303
731525194524,304
731525294426,303
731525394328,302
731525494230,307
731525594132,302
731525694034,301
731525793936,309
731525893838,312
731525993740,310
731526093642,303
731526193544,305
731526293446,301
731526393348,307
731526493250,304
731526593152,303
731526693054,305
731526792956,305
731526892858,307
731526992760,313
731527092662,301
731527192564,304
731527292466,302
731527392368,308
731527492270,302
731527592172,307
731527692074,301
731527791976,305
731527891878,305
731527991780,310
731528091682,303
731528191584,305
731528291486,300
731528391388,302
731528491290,305
731528591192,307
731528691094,304
731528790996,305
731528890898,311
731528990800,311
731529090702,307
731529190604,301
731529290506,303
731529390408,305
731529490310,301
731529590212,304
731529690114,305
731529790016,303
731529889918,307
731529989820,310
731530089722,310
731530189624,305
731530289526,305
731530389428,303
731530489330,301
731530589232,304
731530689134,327
731530789036,304
731530888938,306
731530988840,311
731531088742,313
731531188644,308
731531288546,300
731531388448,301
731531488350,301
731531588252,303
731531688154,301
731531788056,304
731531887958,310
731531987860,305
731532087762,310
731532187664,307
731532287566,303
731532387468,303
731532487370,304
731532587272,308
731532687174,305
731532787076,306
731532886978,307
731532986880,305
731533086782,307
731533186684,304
731533286586,305
731533386488,306
731533486390,303
731533586292,301
731533686194,302
731533786096,301
731533885998,307
731533985900,307
731534085802,307
731534185704,306
731534285606,303
731534385508,303
731534485410,305
731534585312,305
731534685214,303
731534785116,304
731534885018,302
731534984920,355
731535084822,319
731535184724,305
731535284626,302
731535384528,302
731535484430,302
731535584332,302
731535684234,302
731535784136,300
731535884038,302
731535983940,309
731536083842,309
731536183744,308
731536283646,302
731536383548,302
731536483450,302
731536583352,302
731536683254,303
731536783156,303
731536883058,302
731536982960,306
731537082862,305
731537182764,309
731537282666,302
731537382568,300
731537482470,303
731537582372,302
731537682274,303
731537782176,302
731537882078,302
731537981980,305
731538081882,306
731538181784,303
731538281686,302
731538381588,302
731538481490,302
731538581392,302
731538681294,302
731538781196,303
731538881098,302
731538981003,305
731539080905,306
731539180807,305
731539280709,305
731539380611,302
731539480513,302
731539580415,302
731539680317,302
731539780219,300
731539880121,302
731539980023,303
731540079925,306
731540179827,306
731540279729,306
731540379631,302
731540479533,302
731540579435,300
731540679337,302
731540779239,302
731540879141,302
731540979043,302
731541078945,305
731541178847,305
731541278749,306
731541378651,301
731541478553,302
731541578455,302
731541678357,304
731541778259,303
731541878161,302
731541978063,303
731542077965,305
731542177867,303
731542277769,306
731542377671,303
731542477573,303
731542577475,302
731542677377,302
731542777279,302
731542877181,302
731542977083,300
731543077011,302
731543176913,306
731543276815,306
731543376717,305
731543476619,302
731543576521,302
731543676423,302
731543776325,300
731543876227,302
731543976129,302
731544076031,302
731544175933,307
731544275835,306
731544375737,306
731544475639,302
731544575541,300
731544675443,303
731544775345,302
731544875247,302
731544975149,355
731545075051,303
731545174953,305
731545274855,305
731545374757,306
731545474659,303
731545574561,304
731545674463,308
731545774365,309
731545874267,301
731545974169,302
731546074071,305
731546173973,307
731546273875,308
731546373777,315
731546473679,307
731546573581,305
731546673483,315
731546773385,309
731546873287,303
731546973189,303
731547073091,314
731547172993,309
731547272895,304
731547372797,308
731547472699,305
731547572601,302
731547672503,303
731547772405,304
731547872307,304
731547972209,302
731548072111,302
731548172013,303
731548271915,306
731548371817,310
731548471719,307
731548571621,305
731548671523,306
731548771425,302
731548871327,304
731548971229,304
731549071131,309
731549171033,305
731549270935,311
731549370837,307
731549470739,305
731549570641,303
731549670543,302
731549770445,305
731549870347,303
731549970249,305
731550070151,322
731550170053,311
731550269955,308
731550369857,308
731550469759,315
731550569661,301
731550669563,306
731550769465,305
731550869367,303
731550969269,301
731551069171,306
731551169073,305
731551268975,306
731551368877,304
731551468779,308
731551568681,303
731551668583,309
731551768485,309
731551868387,307
731551968289,303
731552068191,301
731552168093,303
731552267995,308
731552367897,307
731552467799,307
731552567701,310
731552667603,307
731552767505,304
731552867407,300
731552967309,303
731553067211,304
731553167113,302
731553267015,303
731553366917,305
731553466819,305
731553566721,307
731553666623,306
731553766525,301
731553866427,307
731553966329,304
731554066231,316
731554166133,303
731554266035,306
731554365937,310
731554465839,310
731554565741,304
731554665643,305
731554765545,304
731554865447,306
731554965356,350
731555065258,311
731555165160,302
731555265062,302
731555364964,306
731555464866,327
731555564768,306
731555664670,302
731555764572,299
731555864474,302
731555964376,302
731556064278,302
731556164180,303
731556264082,305
731556363984,308
731556463886,314
731556563788,306
731556663690,302
731556763592,303
731556863494,302
731556963396,303
731557063298,303
731557163200,302
731557263102,302
731557363004,300
731557462906,305
731557562808,306
731557662710,306
731557762612,303
731557862514,302
731557962416,302
731558062318,302
731558162220,299
731558262122,302
731558362024,302
731558461926,305
731558561828,306
731558661730,306
731558761632,303
731558861534,303
731558961436,299
731559061338,302
731559161240,302
731559261142,302
731559361044,302
731559460946,305
731559560848,306
731559660750,306
731559760652,303
731559860554,302
731559960456,302
731560060358,302
731560160260,302
731560260162,302
731560360064,302
731560459966,305
731560559868,303
731560659770,329
731560759672,302
731560859574,302
731560959476,302
731561059378,302
731561159280,302
731561259182,302
731561359084,299
731561458986,305
731561558888,305
731561658790,316
731561758692,303
731561858594,302
731561958496,302
731562058630,335
731562158532,299
731562258434,302
731562358336,302
731562458238,302
731562558140,303
731562658042,302
731562757944,306
731562857846,305
731562957748,303
731563057650,302
731563157552,304
731563257454,302
731563357356,302
731563457258,307
731563557160,302
731563657062,302
731563756964,303
731563856866,305
731563956768,305
731564056670,302
731564156572,302
731564256474,302
731564356376,302
731564456278,302
731564556180,300
731564656082,320
731564755984,308
731564855886,306
731564955788,363
731565055690,306
731565155592,306
731565255494,304
731565355396,304
731565455298,303
731565555200,302
731565655102,303
731565755004,303
731565854906,305
731565954808,306
731566054710,307
731566154612,305
731566254514,305
731566354416,303
731566454318,303
731566554220,303
731566654122,301
731566754024,305
731566853926,314
731566953828,322
731567053730,311
731567153657,302
731567253559,301
731567353461,302
731567453363,307
731567553265,302
731567653167,305
731567753069,309
731567852971,308
731567952873,307
731568052775,314
731568152677,305
731568252579,302
731568352481,303
731568452383,302
731568552285,306
731568652187,307
731568752089,305
731568851991,315
731568951893,307
731569051795,307
731569151697,302
731569251599,308
731569351501,302
731569451403,303
731569551305,303
731569651207,301
731569751109,306
731569851011,310
731569950913,309
731570050815,304
731570150717,306
731570250619,304
731570350521,302
731570450423,304
731570550325,303
731570650227,308
731570750129,303
731570850031,300
731570949933,308
731571049835,311
731571149737,306
731571249639,301
731571349541,302
731571449443,305
731571549345,308
731571649247,301
731571749149,304
731571849051,302
731571948953,306
731572048855,309
731572148757,314
731572248659,303
731572348561,301
731572448463,303
731572548365,308
731572648267,307
731572748169,302
731572848071,301
731572947973,305
731573047875,306
731573147777,305
731573247679,304
731573347581,305
731573447483,303
731573547385,301
731573647287,306
731573747189,305
731573847091,305
731573946993,307
731574046895,308
731574146797,307
731574246699,306
731574346601,303
731574446503,304
731574546405,304
731574646307,307
731574746209,308
731574846111,304
731574946013,342
731575045915,306
731575145817,305
731575245719,306
731575345621,302
731575445523,302
731575545425,303
731575645327,303
731575745229,300
731575845131,302
731575945033,303
731576044935,306
731576144837,306
731576244739,309
731576344641,302
731576444543,302
731576544445,300
731576644347,302
731576744249,303
731576844151,302
731576944053,302
731577043955,309
731577143857,309
731577243759,308
731577343661,300
731577443563,302
731577543465,302
731577643367,302
731577743269,303
731577843171,302
731577943073,302
731578042975,305
731578142877,303
731578242779,306
731578342681,302
731578442583,302
731578542485,302
731578642387,302
731578742289,304
731578842191,302
731578942093,300
731579041995,305
731579141897,305
731579241799,306
731579341701,307
731579441603,302
731579541505,302
731579641407,304
731579741309,300
731579841211,305
731579941113,302
731580041015,303
731580140917,306
731580240819,306
731580340721,306
731580440623,302
731580540525,300
731580640427,302
731580740329,303
731580840231,302
731580940133,302
731581040035,306
731581139937,306
731581239839,306
731581339741,303
731581439643,302
731581539545,302
731581639447,302
731581739349,303
731581839251,302
731581939153,302
731582039055,302
731582138957,303
731582238859,308
731582338761,313
731582438663,302
731582538565,302
731582638467,302
731582738369,302
731582838271,302
731582938173,299
731583038075,302
731583137977,305
731583237879,306
731583337781,305
731583437683,302
731583537585,302
731583637487,303
731583737389,300
731583837292,303
731583937194,302
731584037096,302
731584136998,305
731584236900,305
731584336802,306
731584436704,305
731584536606,300
731584636508,302
731584736410,303
731584836312,307
731584936214,365
731585036116,305
731585136018,303
731585235920,305
731585335822,307
731585435724,305
731585535626,302
731585635528,304
731585735430,302
731585835332,301
731585935234,302
731586035136,305
731586135038,304
731586234940,305
731586334842,308
731586434744,305
731586534646,302
731586634548,306
731586734450,303
731586834352,304
731586934254,306
731587034156,306
731587134058,301
731587233960,317
731587333862,308
731587433764,308
731587533666,303
731587633568,306
731587733470,304
731587833372,306
731587933274,304
731588033176,305
731588133078,304
731588232980,311
731588332882,308
731588432784,307
731588532686,306
731588632588,302
731588732490,303
731588832392,304
731588932294,305
731589032196,312
731589132098,307
731589232003,302
731589331905,309
731589431807,310
731589531709,306
731589631611,301
731589731513,308
731589831415,303
731589931317,309
731590031219,305
731590131121,308
731590231023,304
731590330925,305
731590430827,306
731590530729,308
731590630631,303
731590730533,302
731590830435,306
731590930337,308
731591030239,303
731591130141,304
731591230065,301
731591329967,307
731591429869,305
731591529771,306
731591629673,304
731591729575,303
731591829477,306
731591929379,306
731592029281,305
731592129183,305
731592229085,303
731592328987,310
731592428889,305
731592528791,312
731592628693,304
731592728595,303
731592828497,304
731592928399,300
731593028301,302
731593128203,301
731593228105,304
731593328007,306
731593427909,307
731593527811,304
731593627713,309
731593727615,303
731593827517,302
731593927419,304
731594027321,303
731594127223,303
731594227125,305
731594327027,306
731594426929,305
731594526831,309
731594626733,310
731594726635,303
731594826537,303
731594926439,350
731595026341,310
731595126243,302
731595226145,303
731595326047,303
731595425949,306
731595525851,306
731595625753,306
731595725655,300
731595825557,302
731595925459,302
731596025361,307
731596125263,302
731596225165,302
731596325067,302
731596424969,305
731596524871,304
731596624773,305
731596724675,307
731596824577,303
731596924479,302
731597024381,303
731597124283,302
731597224185,302
731597324087,306
731597423989,308
731597523891,309
731597623793,307
731597723695,303
731597823597,302
731597923499,302
731598023401,302
731598123303,300
731598223205,302
731598323107,302
731598423009,302
731598522911,305
731598622813,305
731598722715,306
731598822617,302
731598922519,300
731599022421,302
731599122323,302
731599222225,304
731599322127,302
731599422029,302
731599521931,305
731599621833,306
731599721735,304
731599821637,302
731599921539,302
731600021441,303
731600121343,302
731600221245,302
731600321147,302
731600421049,302
731600520951,303
731600620853,305
731600720755,306
731600820657,302
731600920559,302
731601020461,302
731601120363,302
731601220265,302
731601320167,299
731601420069,302
731601519971,306
731601619873,306
731601719775,306
731601819677,302
731601919579,302
731602019481,302
731602119383,299
731602219285,302
731602319187,324
731602419089,302
731602518991,306
731602618893,306
731602718795,315
731602818697,302
731602918599,299
731603018501,302
731603118403,302
731603218305,302
731603318207,302
731603418109,302
731603518011,302
731603617913,306
731603717815,305
731603817717,306
731603917619,310
731604017521,303
731604117423,302
731604217325,304
731604317227,302
731604417129,302
731604517031,300
731604616933,305
731604716835,306
731604816737,305
731604916639,303
731605016541,347
731605116443,305
731605216345,302
731605316247,311
731605416149,303
731605516051,302
731605615953,303
731605715855,306
731605815757,315
731605915659,305
731606015561,301
731606115463,304
731606215365,303
731606315267,302
731606415169,307
731606515071,304
731606614973,306
731606714875,314
731606814777,308
731606914679,302
731607014581,304
731607114483,304
731607214385,304
731607314287,301
731607414189,303
731607514091,306
731607613993,310
731607713895,313
731607813797,312
731607913699,310
731608013601,302
731608113503,328
731608213405,303
731608313307,306
731608413209,301
731608513111,303
731608613013,306
731608712915,304
731608812817,305
731608912719,306
731609012621,310
731609112523,301
731609212425,301
731609312327,303
731609412229,304
731609512131,303
731609612033,304
731609711935,308
731609811837,305
731609911739,306
731610011641,301
731610111543,301
731610211445,303
731610311347,303
731610411249,303
731610511151,310
731610611053,303
731610710955,306
731610810857,306
731610910759,311
731611010661,309
731611110563,301
731611210465,307
731611310367,307
731611410269,304
731611510171,303
731611610073,303
731611709975,305
731611809877,305
731611909779,305
731612009681,306
731612109583,302
731612209485,305
731612309387,301
731612409289,304
731612509191,304
731612609093,302
731612708995,310
731612808897,309
731612908799,305
731613008701,305
731613108603,303
731613208505,302
731613308407,304
731613408309,303
731613508211,303
731613608113,304
731613708015,303
731613807917,306
731613907819,307
731614007721,310
731614107623,305
731614207525,302
731614307427,307
731614407329,302
731614507231,302
731614607133,301
731614707035,306
731614806937,306
731614906839,307
731615006741,376
731615106643,304
731615206545,302
731615306467,302
731615406369,302
731615506271,302
731615606173,302
731615706075,300
731615805977,306
731615905879,326
731616005781,306
731616105683,302
731616205585,302
731616305487,302
731616405389,302
731616505291,300
731616605193,302
731616705095,302
731616804997,305
731616904899,305
731617004801,306
731617104703,306
731617204605,302
731617304507,299
731617404409,302
731617504311,302
731617604213,302
731617704115,303
731617804017,302
731617903919,308
731618003821,309
731618103723,308
731618203625,302
731618303527,302
731618403429,302
731618503331,302
731618603233,302
731618703135,303
731618803037,302
731618902939,304
731619002841,306
731619102743,306
731619202645,303
731619302547,302
731619402449,302
731619502351,302
731619602253,302
731619702155,300
731619802057,302
731619901959,305
731620001861,306
731620101763,310
731620201665,303
731620301567,302
731620401469,302
731620501371,300
731620601273,302
731620701175,323
731620801077,302
731620900979,306
731621000881,306
731621100783,305
731621200685,302
731621300587,299
731621400489,302
731621500391,302
731621600293,308
731621700195,302
731621800097,302
731621899999,305
731621999901,305
731622099803,303
731622199705,307
731622299607,302
731622399509,302
731622499411,302
731622599313,302
731622699215,303
731622799117,303
731622899019,302
731622998921,306
731623098823,305
731623198725,305
731623298627,302
731623398529,302
731623498431,326
731623598333,302
731623698235,300
731623798137,302
731623898039,302
731623997941,306
731624097843,305
731624197745,305
731624297647,302
731624397549,303
731624497451,300
731624597353,303
731624697255,302
731624797157,302
731624897059,302
731624996961,339
731625096863,309
731625196765,309
731625296667,305
731625396569,303
731625496471,301
731625596373,303
731625696275,301
731625796177,301
731625896079,304
731625995981,304
731626095883,310
731626195785,306
731626295687,304
731626395589,310
731626495491,302
731626595393,302
731626695295,331
731626795197,302
731626895099,304
731626995004,302
731627094906,307
731627194808,306
731627294710,310
731627394612,310
731627494514,305
731627594416,304
731627694318,304
731627794220,303
731627894122,304
731627994024,306
731628093926,314
731628193828,315
731628293730,314
731628393632,304
731628493534,306
731628593436,305
731628693338,302
731628793240,305
731628893142,303
731628993044,304
731629092946,308
731629192848,307
731629292750,311
731629392652,303
731629492554,302
731629592456,311
731629692358,302
731629792260,304
731629892162,304
731629992064,306
731630091966,307
731630191868,334
731630291770,307
731630391672,302
731630491574,302
731630591476,326
731630691378,303
731630791280,306
731630891182,304
731630991084,303
731631090986,308
731631190888,306
731631290790,308
731631390692,302
731631490594,306
731631590496,307
731631690398,308
731631790300,307
731631890202,305
731631990104,302
731632090006,302
731632189908,308
731632289810,306
731632389712,308
731632489614,307
731632589516,301
731632689418,302
731632789320,301
731632889222,302
731632989124,307
731633089026,305
731633188928,304
731633288830,304
731633388732,305
731633488634,301
731633588536,303
731633688438,302
731633788340,306
731633888242,303
731633988144,302
731634088046,301
731634187948,309
731634287850,310
731634387752,307
731634487654,304
731634587556,302
731634687458,306
731634787360,304
731634887262,305
731634987164,349
731635087066,335
731635186968,305
731635286870,306
731635386772,306
731635486674,304
731635586576,302
731635686478,300
731635786380,302
731635886282,302
731635986184,302
731636086086,302
731636185988,306
731636285890,305
731636385792,305
731636485694,300
731636585596,302
731636685498,303
731636785400,302
731636885302,302
731636985204,302
731637085106,303
731637185008,302
731637284910,303
731637384812,305
731637484714,306
731637584616,302
731637684518,302
731637784420,302
731637884322,313
731637984224,302
731638084126,301
731638184028,302
731638283930,307
731638383832,308
731638483734,308
731638583636,302
731638683538,302
731638783440,302
731638883342,300
731638983244,303
731639083146,303
731639183048,302
731639282950,305
731639382870,306
731639482772,311
731639582674,302
731639682576,300
731639782478,291
731639882380,302
731639982282,302
731640082184,302
731640182086,303
731640281988,306
731640381890,305
731640481792,303
731640581694,302
731640681596,302
731640781498,305
731640881400,302
731640981302,302
731641081204,302
731641181106,302
731641281008,299
731641380910,305
731641480812,306
731641580714,305
731641680616,302
731641780518,302
731641880420,302
731641980322,302
731642080224,300
731642180126,304
731642280028,302
731642379930,305
731642479832,306
731642579734,306
731642679636,303
731642779538,302
731642879440,299
731642979342,302
731643079244,302
731643179146,302
731643279048,303
731643378950,306
731643478852,308
731643578754,305
731643678656,300
731643778559,302
731643878461,302
731643978363,302
731644078265,302
731644178167,302
731644278069,302
731644377971,305
731644477873,324
731644577775,305
731644677677,303
731644777579,303
731644877481,303
731644977383,335
731645077285,308
731645177187,305
731645277089,303
731645376991,309
731645476893,305
731645576795,310
731645676697,306
731645776599,302
731645876501,302
731645976403,304
731646076305,305
731646176207,304
731646276109,301
731646376011,303
731646475913,304
731646575815,309
731646675717,311
731646775619,302
731646875521,309
731646975423,304
731647075325,306
731647175227,302
731647275129,302
731647375031,301
731647474933,306
731647574835,309
731647674737,307
731647774639,303
731647874541,302
731647974443,302
731648074345,303
731648174247,303
731648274149,308
731648374051,303
731648473953,310
731648573855,312
731648673757,316
731648773659,304
731648873561,302
731648973463,302
731649073365,304
731649173267,306
731649273169,305
731649373071,303
731649472973,307
731649572875,306
731649672777,309
731649772679,305
731649872581,306
731649972483,308
731650072385,301
731650172287,301
731650272189,305
731650372091,304
731650471993,306
731650571895,310
731650671797,307
731650771699,315
731650871601,312
731650971503,302
731651071405,309
731651171307,303
731651271209,304
731651371111,304
731651471013,308
731651570915,310
731651670817,304
731651770719,305
731651870621,302
731651970523,302
731652070425,304
731652170327,303
731652270229,305
731652370131,303
731652470033,305
731652569935,310
731652669837,304
731652769739,305
731652869641,310
731652969543,301
731653069445,303
731653169347,304
731653269249,304
731653369151,304
731653469053,302
731653568955,305
731653668857,308
731653768759,314
731653868661,303
731653968563,304
731654068465,305
731654168367,303
731654268269,304
731654368171,303
731654468073,303
731654567975,309
731654667877,307
731654767779,308
731654867681,301
731654967584,347
731655067486,307
731655167388,303
731655267290,302
731655367192,303
731655467094,303
731655566996,307
731655666898,303
731655766800,305
731655866702,305
731655966604,302
731656066506,302
731656166408,303
731656266310,302
731656366212,302
731656466114,300
731656566016,302
731656665918,305
731656765820,306
731656865722,305
731656965624,302
731657065526,302
731657165428,302
731657265330,300
731657365232,302
731657465134,302
731657565036,302
731657664938,306
731657764840,305
731657864742,305
731657964644,302
731658064546,299
731658164448,302
731658264350,302
731658364252,302
731658464154,316
731658564056,302
731658663958,308
731658763860,309
731658863762,311
731658963664,302
731659063566,302
731659163468,302
731659263370,302
731659363272,302
731659463174,302
731659563076,303
731659662978,303
731659762880,306
731659862782,305
731659962684,302
731660062586,303
731660162488,302
731660262390,302
731660362292,302
731660462194,300
731660562096,306
731660661998,322
731660761900,307
731660861802,306
731660961704,305
731661061606,302
731661161508,302
731661261410,300
731661361312,302
731661461214,302
731661561116,302
731661661018,303
731661760920,306
731661860822,305
731661960724,306
731662060626,300
731662160528,302
731662260430,302
731662360332,302
731662460234,302
731662560136,303
731662660038,318
731662759940,306
731662859842,303
731662959744,326
731663059646,302
731663159548,305
731663259450,302
731663359352,302
731663459276,303
731663559178,302
731663659080,300
731663758982,306
731663858884,305
731663958786,306
731664058688,302
731664158590,302
731664258492,302
731664358394,302
731664458296,299
731664558198,302
731664658100,302
731664758005,302
731664857907,306
731664957809,351
731665057711,309
731665157613,304
731665257515,303
731665357417,302
731665457319,307
731665557221,311
731665657123,303
731665757025,302
731665856927,305
731665956829,307
731666056731,305
731666156633,303
731666256535,302
731666356437,302
731666456339,305
731666556241,301
731666656143,323
731666756045,302
731666855947,307
731666955849,305
731667055751,305
731667155653,306
731667255555,305
731667355457,303
731667455359,304
731667555261,302
731667655163,307
731667755065,304
731667854967,307
731667954869,306
731668054771,305
731668154673,301
731668254575,303
731668354477,307
731668454379,303
731668554281,302
731668654183,304
731668754085,303
731668853987,308
731668953889,321
731669053791,309
731669153693,313
731669253595,301
731669353497,302
731669453399,302
731669553301,302
731669653203,306
731669753105,302
731669853007,303
731669952909,309
731670052811,314
731670152713,307
731670252615,303
731670352517,305
731670452419,303
731670552321,305
731670652223,302
731670752125,302
731670852027,301
731670951929,305
731671051831,312
731671151733,309
731671251635,302
731671351537,303
731671451439,305
731671551341,304
731671651243,302
731671751145,305
731671851047,308
731671950949,305
731672050851,307
731672150753,307
731672250655,302
731672350557,301
731672450459,303
731672550361,301
731672650263,301
731672750165,302
731672850067,304
731672949969,307
731673049871,307
731673149773,304
731673249675,304
731673349577,301
731673449479,303
731673549381,302
731673649283,302
731673749185,302
731673849087,306
731673948989,304
731674048891,304
731674148793,308
731674248695,303
731674348597,307
731674448499,307
731674548401,303
731674648303,308
731674748205,305
731674848107,303
731674948009,357
731675047911,314
731675147813,305
731675247715,306
731675347617,303
731675447519,303
731675547421,302
731675647323,300
731675747225,303
731675847127,302
731675947029,302
731676046931,306
731676146833,305
731676246735,306
731676346637,302
731676446539,299
731676546441,304
731676646343,302
731676746245,302
731676846147,302
731676946049,302
731677045951,327
731677145853,305
731677245755,304
731677345657,302
731677445559,302
731677545461,302
731677645363,302
731677745265,302
731677845167,303
731677945069,302
731678044971,303
731678144873,306
731678244775,305
731678344677,302
731678444579,302
731678544481,302
731678644383,302
731678744285,302
731678844187,299
731678944089,309
731679043991,308
731679143893,308
731679243795,309
731679343697,302
731679443599,302
731679543501,302
731679643403,311
731679743305,302
731679843207,302
731679943109,302
731680043011,302
731680142913,306
731680242815,305
731680342717,306
731680442619,299
731680542521,303
731680642423,302
731680742325,302
731680842227,302
731680942129,302
731681042031,302
731681141933,306
731681241835,303
731681341737,306
731681441639,302
731681541541,302
731681641443,302
731681741345,303
731681841247,302
731681941149,302
731682041051,300
731682140953,306
731682240855,305
731682340757,313
731682440659,302
731682540561,302
731682640463,302
731682740365,302
731682840267,300
731682940169,302
731683040071,302
731683139973,306
731683239875,306
731683339777,305
731683439679,302
731683539581,303
731683639483,299
731683739385,302
731683839287,302
731683939189,302
731684039091,302
731684138993,305
731684238895,305
731684338797,305
731684438699,299
731684538601,302
731684638503,303
731684738405,302
731684838307,302
731684938209,353
731685038111,309
731685138013,302
731685237915,308
731685337817,305
731685437719,309
731685537621,305
731685637523,302
731685737425,305
731685837327,309
731685937229,314
731686037131,302
731686137033,310
731686236935,310
731686336837,305
731686436739,306
731686536641,302
731686636543,303
731686736445,301
731686836347,302
731686936249,321
731687036151,302
731687136053,311
731687235955,305
731687335857,308
731687435759,305
731687535682,303
731687635584,303
731687735486,305
731687835388,305
731687935290,307
731688035192,302
731688135094,305
731688234996,308
731688334898,307
731688434800,307
731688534702,314
731688634604,304
731688734506,303
731688834408,302
731688934310,302
731689034212,303
731689134114,303
731689234016,302
731689333918,307
731689433820,308
731689533722,312
731689633624,303
731689733526,304
731689833428,302
731689933330,303
731690033232,306
731690133134,303
731690233036,304
731690332938,304
731690432840,306
731690532742,307
731690632644,301
731690732546,302
731690832448,307
731690932350,302
731691032252,302
731691132154,304
731691232056,305
731691331958,310
731691431860,308
731691531762,304
731691631664,304
731691731566,305
731691831468,303
731691931370,306
731692031272,301
731692131174,300
731692231076,309
731692330978,307
731692430880,309
731692530782,310
731692630684,305
731692730586,302
731692830488,304
731692930390,308
731693030292,304
731693130194,302
731693230096,301
731693329998,304
731693429900,305
731693529802,314
731693629704,305
731693729606,306
731693829508,304
731693929410,302
731694029312,303
731694129214,301
731694229116,304
731694329018,300
731694428920,304
731694528822,304
731694628724,309
731694728626,305
731694828528,303
731694928430,336
731695028332,305
731695128234,302
731695228136,302
731695328038,302
731695427940,306
731695527842,307
731695627744,303
731695727646,303
731695827548,302
731695927450,303
731696027352,302
731696127254,302
731696227156,302
731696327058,302
731696426960,303
731696526862,305
731696626764,309
731696726666,303
731696826568,302
731696926470,302
731697026372,304
731697126274,302
731697226176,299
731697326078,302
731697425980,306
731697525882,306
731697625784,305
731697725686,302
731697825588,302
731697925490,302
731698025392,300
731698125294,302
731698225196,302
731698325098,302
731698425003,302
731698524905,306
731698624807,305
731698724709,306
731698824611,299
731698924513,302
731699024415,304
731699124317,302
731699224219,305
731699324121,302
731699424023,303
731699523925,308
731699623827,306
731699723729,309
731699823631,302
731699923533,302
731700023435,302
731700123337,302
731700223239,302
731700323141,302
731700423043,300
731700522945,305
731700622847,306
731700722749,306
731700822651,302
731700922553,302
731701022455,305
731701122357,302
731701222259,299
731701322161,307
731701422063,302
731701521965,306
731701621867,307
731701721769,306
731701821671,302
731701921573,303
731702021475,300
731702121377,302
731702221279,315
731702321181,314
731702421083,302
731702520985,305
731702620887,305
731702720789,306
731702820691,299
731702920593,302
731703020495,302
731703120397,303
731703220299,302
731703320201,302
731703420103,302
731703520005,302
731703619907,303
731703719809,307
731703819712,306
731703919614,302
731704019516,302
731704119418,303
731704219320,302
731704319222,302
731704419124,299
731704519026,302
731704618928,305
731704718830,306
731704818732,306
731704918634,302
731705018536,353
731705118438,306
731705218340,309
731705318242,309
731705418144,304
731705518046,302
731705617948,305
731705717850,307
731705817752,306
731705917654,301
731706017556,306
731706117458,305
731706217360,301
731706317262,303
731706417164,301
731706517066,306
731706616968,304
731706716870,312
731706816772,312
731706916674,306
731707016576,304
731707116478,303
731707216380,302
731707316282,305
731707416184,306
731707516086,307
731707615988,309
731707715890,308
731707815792,305
731707915694,302
731708015596,308
731708115498,308
731708215400,303
731708315302,304
731708415204,307
731708515106,304
731708615008,303
731708714910,306
731708814812,310
731708914714,305
731709014616,302
731709114518,302
731709214420,308
731709314322,307
731709414224,302
731709514126,302
731709614028,304
731709713930,313
731709813832,316
731709913734,308
731710013636,305
731710113538,302
731710213440,301
731710313342,303
731710413244,312
731710513146,302
731710613048,304
731710712950,310
731710812852,306
731710912754,305
731711012656,304
731711112558,301
731711212460,307
731711312362,304
731711412264,303
731711512166,306
731711612086,305
731711711988,306
731711811890,306
731711911792,304
731712011694,301
731712111596,307
731712211498,303
731712311400,306
731712411302,311
731712511204,305
731712611106,304
731712711008,310
731712810910,304
731712910812,307
731713010714,315
731713110616,301
731713210518,304
731713310420,302
731713410322,301
731713510224,302
731713610126,304
731713710028,308
731713809930,313
731713909832,308
731714009734,309
731714109636,301
731714209538,301
731714309440,303
731714409342,306
731714509244,304
731714609146,302
731714709048,304
731714808950,306
731714908852,306
731715008754,361
731715108656,304
731715208558,303
731715308460,302
731715408362,302
731715508264,302
731715608166,300
731715708068,303
731715807970,305
731715907872,307
731716007774,306
731716107676,302
731716207578,303
731716307480,302
731716407382,299
731716507284,303
731716607186,302
731716707088,303
731716806990,305
731716906892,306
731717006794,306
731717106696,303
731717206598,300
731717306500,302
731717406402,302
731717506304,303
731717606206,302
731717706108,303
731717806010,302
731717905912,306
731718005814,305
731718105716,306
731718205618,302
731718305520,302
731718405422,302
731718505324,302
731718605226,302
731718705128,302
731718805030,301
731718904932,306
731719004834,305
731719104736,306
731719204638,302
731719304540,302
731719404442,302
731719504344,306
731719604246,300
731719704148,302
731719804050,302
731719903952,308
731720003854,308
731720103756,316
731720203658,302
731720303560,302
731720403462,302
731720503364,302
731720603266,302
731720703168,307
731720803070,302
731720902972,308
731721002874,305
731721102776,305
731721202678,302
731721302580,302
731721402482,311
731721502384,302
731721602286,302
731721702188,302
731721802090,303
731721901992,305
731722001894,310
731722101796,306
731722201698,305
731722301600,302
731722401502,302
731722501404,302
731722601306,302
731722701208,322
731722801110,300
731722901012,302
731723000914,305
731723100816,306
731723200718,305
731723300620,302
731723400522,302
731723500424,302
731723600326,299
731723700228,302
731723800130,302
731723900032,302
731723999934,306
731724099836,307
731724199738,306
731724299640,303
731724399542,299
731724499444,302
731724599346,302
731724699248,303
731724799150,302
731724899052,302
731724998954,355
731725098856,317
731725198758,304
731725298660,301
731725398562,305
731725498464,305
731725598366,304
731725698268,302
731725798170,304
731725898072,304
731725997974,306
731726097876,309
731726197778,304
731726297680,302
731726397582,303
731726497484,302
731726597386,303
731726697288,305
731726797190,305
731726897092,300
731726996994,304
731727096896,310
731727196798,317
731727296700,304
731727396602,301
731727496504,304
731727596406,303
731727696308,308
731727796210,302
731727896112,306
731727996014,306
731728095916,314
731728195818,306
731728295720,308
731728395622,307
731728495524,302
731728595426,307
731728695328,316
731728795230,302
731728895132,301
731728995034,302
731729094936,310
731729194838,306
731729294740,317
731729394642,301
731729494544,312
731729594446,305
731729694348,302
731729794250,302
731729894152,306
731729994054,305
731730093956,308
731730193858,309
731730293760,316
731730393662,304
731730493564,304
731730593466,309
731730693368,307
731730793270,305
731730893172,307
731730993074,302
731731092976,304
731731192878,306
731731292780,304
731731392682,302
731731492584,305
731731592486,305
731731692388,301
731731792290,304
731731892192,301
731731992094,301
731732091996,305
731732191898,305
731732291800,304
731732391702,308
731732491604,301
731732591506,305
731732691408,302
731732791310,306
731732891212,301
731732991114,310
731733091016,304
731733190918,305
731733290820,305
731733390722,309
731733490624,303
731733590526,301
731733690428,308
731733790330,302
731733890232,304
731733990134,305
731734090036,301
731734189938,305
731734289840,305
731734389742,305
731734489644,308
731734589546,303
731734689448,315
731734789350,306
731734889252,302
731734989154,348
731735089056,325
731735188958,304
731735288860,306
731735388762,305
731735488664,302
731735588566,299
731735688489,303
731735788391,303
731735888293,302
731735988195,302
731736088097,302
731736187999,305
731736287901,306
731736387803,303
731736487705,306
731736587607,302
731736687510,303
731736787412,306
731736887314,302
731736987216,302
731737087118,302
731737187020,302
731737286922,305
731737386824,306
731737486726,306
731737586628,302
731737686530,302
731737786432,303
731737886334,302
731737986236,301
731738086138,302
731738186040,302
731738285942,306
731738385844,306
731738485746,306
731738585648,302
731738685550,303
731738785452,300
731738885354,302
731738985256,302
731739085158,302
731739185060,302
731739284962,305
731739384864,306
731739484766,306
731739584668,303
731739684570,302
731739784472,302
731739884374,302
731739984276,302
731740084178,302
731740184080,302
731740283982,307
731740383884,306
731740483786,308
731740583688,302
731740683590,303
731740783492,303
731740883394,304
731740983296,303
731741083198,302
731741183100,299
731741283003,303
731741382905,306
731741482807,306
731741582709,306
731741682611,302
731741782513,302
731741882415,302
731741982317,301
731742082219,302
731742182121,302
731742282023,302
731742381925,306
731742481827,310
731742581729,306
731742681631,303
731742781533,300
731742881435,302
731742981337,302
731743081239,307
731743181141,302
731743281043,302
731743380945,305
731743480847,306
731743580749,303
731743680651,302
731743780553,302
731743880455,302
731743980357,303
731744080259,303
731744180161,302
731744280063,302
731744379965,302
731744479867,305
731744579769,306
731744679671,302
731744779573,303
731744879475,302
731744979377,334
731745079279,302
731745179181,309
731745279083,304
731745378985,305
731745478887,309
731745578789,307
731745678691,302
731745778593,305
731745878495,303
731745978397,302
731746078299,303
731746178201,304
731746278103,306
731746378005,305
731746477907,306
731746577809,307
731746677711,305
731746777613,303
731746877515,302
731746977417,302
731747077319,305
731747177221,307
731747277123,301
731747377025,307
731747476927,306
731747576829,309
731747676731,308
731747776633,302
731747876535,301
731747976437,305
731748076339,305
731748176241,307
731748276143,303
731748376045,304
731748475947,311
731748575849,305
731748675751,308
731748775653,302
731748875555,301
731748975457,306
731749075359,301
731749175261,304
731749275163,304
731749375065,306
731749474967,306
731749574869,309
731749674771,313
731749774673,305
731749874575,301
731749974477,304
731750074379,305
731750174281,303
731750274183,306
731750374085,305
731750473987,311
731750573889,312
731750673791,312
731750773693,302
731750873595,303
731750973497,304
731751073399,303
731751173301,306
731751273203,303
731751373105,305
731751473007,306
731751572909,305
731751672811,304
731751772713,307
731751872615,302
731751972517,304
731752072419,302
731752172321,303
731752272223,306
731752372125,303
731752472027,304
731752571929,310
731752671831,308
731752771733,304
731752871635,302
731752971537,309
731753071439,304
731753171341,302
731753271243,304
731753371145,305
731753471047,302
731753570949,307
731753670851,306
731753770753,318
731753870655,301
731753970557,300
731754070459,311
731754170361,302
731754270263,304
731754370165,302
731754470067,306
731754569969,304
731754669871,309
731754769773,309
731754869675,302
731754969577,346
731755069479,304
731755169381,302
731755269283,302
731755369185,303
731755469087,302
731755568989,303
731755668891,306
731755768793,306
731755868695,302
731755968597,302
731756068499,302
731756168401,302
731756268303,302
731756368205,299
731756468107,302
731756568009,302
731756667911,311
731756767813,306
731756867715,308
731756967617,302
731757067519,302
731757167421,299
731757267323,302
731757367225,302
731757467127,303
731757567029,303
731757666931,306
731757766833,306
731757866735,306
731757966637,302
731758066539,303
731758166441,302
731758266343,302
731758366245,302
731758466147,302
731758566049,302
731758665951,306
731758765853,303
731758865755,315
731758965657,302
731759065559,302
731759165461,302
731759265363,302
731759365265,302
731759465167,302
731759565069,299
731759664971,306
731759764893,307
731759864795,305
731759964697,302
731760064599,302
731760164501,302
731760264403,302
731760364305,300
731760464207,318
731760564109,302
731760664011,302
731760763913,308
731760863815,308
731760963717,308
731761063619,302
731761163521,300
731761263423,302
731761363325,302
731761463227,302
731761563129,303
731761663031,302
731761762933,305
731761862835,305
731761962737,309
731762062639,302
731762162541,314
731762262443,302
731762362345,302
731762462247,302
731762562149,302
731762662051,319
731762761953,304
731762861855,305
731762961757,313
731763061659,302
731763161561,302
731763261463,302
731763361365,302
731763461267,302
731763561169,300
731763661071,302
731763760973,305
731763860876,306
731763960778,305
731764060680,303
731764160582,302
731764260484,302
731764360386,299
731764460288,304
731764560190,302
731764660092,315
731764759994,306
731764859896,306
731764959798,338
731765059700,307
731765159602,305
731765259504,301
731765359406,302
731765459308,302
731765559210,307
731765659112,301
731765759014,305
731765858916,305
731765958818,306
731766058720,307
731766158622,303
731766258524,301
731766358426,303
731766458328,309
731766558230,302
731766658132,304
731766758034,303
731766857936,305
731766957838,308
731767057740,307
731767157642,302
731767257544,302
731767357446,301
731767457348,302
731767557250,301
731767657152,304
731767757054,306
731767856956,311
731767956858,312
731768056760,311
731768156662,308
731768256564,301
731768356466,302
731768456368,313
731768556270,310
731768656172,331
731768756074,305
731768855976,307
731768955878,304
731769055780,309
731769155682,302
731769255584,302
731769355486,303
731769455388,303
731769555290,310
731769655192,301
731769755094,303
731769854996,305
731769954898,307
731770054800,304
731770154702,327
731770254604,303
731770354506,301
731770454408,301
731770554310,307
731770654212,310
731770754114,304
731770854016,308
731770953918,325
731771053820,314
731771153722,308
731771253624,305
731771353526,311
731771453428,303
731771553330,301
731771653232,307
731771753134,314
731771853036,301
731771952938,305
731772052840,304
731772152742,307
731772252644,305
731772352546,304
731772452448,304
731772552350,302
731772652252,306
731772752154,302
731772852056,307
731772951958,305
731773051860,313
731773151762,312
731773251664,302
731773351566,304
731773451468,302
731773551370,301
731773651272,301
731773751174,305
731773851076,305
731773950978,344
731774050880,305
731774150782,307
731774250684,301
731774350586,302
731774450488,306
731774550390,307
731774650292,301
731774750194,301
731774850096,301
731774949998,366
731775049900,306
731775149802,305
731775249704,305
731775349606,302
731775449508,303
731775549410,300
731775649312,302
731775749214,302
731775849116,303
731775949018,302
731776048920,305
731776148822,305
731776248724,309
731776348626,300
731776448528,302
731776548430,302
731776648332,302
731776748234,303
731776848136,302
731776948038,302
731777047940,306
731777147842,303
731777247744,306
731777347646,302
731777447548,302
731777547450,307
731777647352,302
731777747254,302
731777847156,302
731777947058,303
731778046960,306
731778146862,305
731778246764,306
731778346666,302
731778446568,310
731778546470,302
731778646372,302
731778746274,300
731778846176,302
731778946078,302
731779045980,306
731779145882,306
731779245784,306
731779345686,302
731779445588,302
731779545490,300
731779645392,302
731779745294,302
731779845196,302
731779945098,302
731780045003,302
731780144905,306
731780244807,305
731780344709,303
731780444611,302
731780544513,303
731780644415,302
731780744317,303
731780844219,301
731780944121,302
731781044023,303
731781143925,305
731781243827,308
731781343729,308
731781443631,302
731781543533,302
731781643435,302
731781743337,302
731781843239,302
731781943141,300
731782043043,302
731782142945,305
731782242847,305
731782342749,305
731782442651,302
731782542553,303
731782642455,302
731782742357,307
731782842259,302
731782942161,302
731783042063,302
731783141965,306
731783241867,306
731783341769,306
731783441671,302
731783541573,301
731783641475,302
731783741377,302
731783841301,303
731783941203,302
731784041105,302
731784141007,302
731784240909,305
731784340811,303
731784440713,306
731784540615,302
731784640517,302
731784740419,302
731784840321,302
731784940223,351
731785040125,302
731785140027,302
731785239929,307
731785339831,306
731785439733,309
731785539635,304
731785639537,304
731785739439,302
731785839341,307
731785939243,304
731786039145,301
731786139047,303
731786238949,310
731786338851,311
731786438753,320
731786538655,302
731786638557,301
731786738459,307
731786838361,301
731786938263,305
731787038165,302
731787138067,309
731787237969,307
731787337871,305
731787437773,304
731787537675,306
731787637577,302
731787737479,304
731787837381,303
731787937283,304
731788037185,306
731788137087,301
731788236989,309
731788336891,308
731788436793,305
731788536695,308
731788636597,301
731788736499,302
731788836401,302
731788936303,303
731789036205,309
731789136107,309
731789236009,304
731789335911,305
731789435813,305
731789535715,306
731789635617,303
731789735519,312
731789835421,304
731789935323,301
731790035225,303
731790135127,304
731790235029,302
731790334931,307
731790434833,305
731790534735,307
731790634637,305
731790734539,307
731790834441,307
731790934343,304
731791034245,305
731791134147,302
731791234049,303
731791333951,309
731791433853,307
731791533755,312
731791633657,301
731791733559,301
731791833461,304
731791933363,302
731792033265,303
731792133167,302
731792233069,306
731792332971,306
731792432873,315
731792532775,306
731792632677,306
731792732579,304
731792832481,301
731792932383,309
731793032285,308
731793132187,304
731793232089,304
731793331991,306
731793431893,305
731793531795,305
731793631697,302
731793731599,306
731793831501,310
731793931403,307
731794031305,305
731794131207,312
731794231109,302
731794331011,303
731794430913,307
731794530815,307
731794630717,305
731794730619,304
731794830521,303
731794930423,353
731795030325,304
731795130227,302
731795230129,302
731795330031,302
731795429933,306
731795529835,304
731795629737,305
731795729639,302
731795829541,302
731795929443,302
731796029345,302
731796129247,302
731796229149,302
731796329051,300
731796428953,305
731796528855,306
731796628757,316
731796728659,303
731796828561,302
731796928463,302
731797028365,302
731797128267,299
731797228169,302
731797328071,302
731797427973,306
731797527875,306
731797627777,307
731797727679,303
731797827581,305
731797927483,299
731798027385,302
731798127287,302
731798227189,302
731798327091,302
731798426993,306
731798526895,305
731798626797,305
731798726699,300
731798826601,302
731798926503,302
731799026405,302
731799126307,302
731799226209,302
731799326111,302
731799426013,302
731799525915,302
731799625817,305
731799725719,306
731799825621,305
731799925523,302
731800025425,302
731800125327,304
731800225229,302
731800325131,299
731800425033,302
731800524935,305
731800624837,306
731800724739,306
731800824641,302
731800924543,302
731801024445,302
731801124347,299
731801224249,302
731801324151,302
731801424053,302
731801523955,308
731801623857,309
731801723759,309
731801823661,302
731801923563,299
731802023465,302
731802123367,302
731802223269,302
731802323171,302
731802423073,302
731802522975,306
731802622877,306
731802722779,303
731802822681,303
731802922583,302
731803022485,302
731803122387,302
731803222289,302
731803322191,302
731803422093,302
731803521995,303
731803621897,305
731803721799,306
731803821701,307
731803921603,302
731804021505,302
731804121407,303
731804221309,302
731804321211,299
731804421113,302
731804521015,302
731804620917,305
731804720819,309
731804820721,305
731804920623,303
731805020525,347
731805120427,302
731805220329,304
731805320231,301
731805420133,302
731805520035,304
731805619937,308
731805719839,305
731805819741,310
731805919643,304
731806019545,303
731806119447,301
731806219349,301
731806319251,302
731806419153,308
731806519055,305
731806618957,308
731806718859,306
731806818761,311
731806918663,306
731807018565,303
731807118467,302
731807218369,300
731807318271,302
731807418173,301
731807518075,309
731807617977,305
731807717879,305
731807817781,305
731807917705,314
731808017607,307
731808117509,308
731808217411,303
731808317313,303
731808417215,319
731808517117,308
731808617019,302
731808716921,307
731808816823,307
731808916725,308
731809016627,302
731809116529,303
731809216431,301
731809316333,303
731809416235,314
731809516137,301
731809616039,304
731809715941,307
731809815843,305
731809915745,306
731810015647,307
731810115549,306
731810215451,302
731810315353,303
731810415255,307
731810515157,304
731810615059,302
731810714961,306
731810814863,306
731810914765,306
731811014667,301
731811114569,303
731811214471,303
731811314373,305
731811414275,303
731811514177,303
731811614079,303
731811713981,309
731811813883,308
731811913785,307
731812013687,304
731812113589,306
731812213491,310
731812313393,301
731812413295,302
731812513197,303
731812613099,302
731812713004,303
731812812906,309
731812912808,308
731813012710,309
731813112612,306
731813212514,302
731813312416,301
731813412318,304
731813512220,303
731813612122,308
731813712024,305
731813811926,306
731813911828,309
731814011730,307
731814111632,301
731814211534,302
731814311436,301
731814411338,305
731814511240,304
731814611142,305
731814711044,302
731814810946,307
731814910848,308
731815010750,333
731815110652,303
731815210554,302
731815310456,302
731815410358,303
731815510260,300
731815610162,302
731815710064,307
731815809966,305
731815909868,308
731816009770,306
731816109672,302
731816209574,302
731816309476,299
731816409378,302
731816509280,302
731816609182,302
731816709084,307
731816808986,306
731816908888,305
731817008790,305
731817108692,299
731817208594,302
731817308496,302
731817408398,302
731817508300,302
731817608202,302
731817708104,302
731817808006,302
731817907908,304
731818007810,306
731818107712,306
731818207614,303
731818307516,302
731818407418,302
731818507320,302
731818607222,302
731818707124,301
731818807026,302
731818906928,305
731819006830,305
731819106732,306
731819206634,302
731819306536,302
731819406438,302
731819506340,300
731819606242,302
731819706144,303
731819806046,302
731819905948,306
731820005850,305
731820105752,305
731820205654,302
731820305556,300
731820405458,302
731820505360,302
731820605262,301
731820705164,302
731820805066,302
731820904968,306
731821004870,305
731821104772,302
731821204674,302
731821304576,302
731821404478,302
731821504380,302
731821604282,302
731821704184,302
731821804086,302
731821903988,306
731822003890,309
731822103792,309
731822203694,333
731822303596,314
731822403498,318
731822503400,302
731822603302,302
731822703204,303
731822803106,302
731822903008,303
731823002910,306
731823102812,306
731823202714,306
731823302616,302
731823402518,302
731823502420,300
731823602322,302
731823702224,302
731823802127,302
731823902029,302
731824001931,306
731824101833,305
731824201735,308
731824301637,300
731824401539,302
731824501441,302
731824601343,302
731824701245,321
731824801147,302
731824901049,302
731825000952,367
731825100854,308
731825200756,304
731825300658,301
731825400560,304
731825500462,303
731825600364,304
731825700266,310
731825800168,302
731825900070,303
731825999972,303
731826099874,308
731826199776,304
731826299678,302
731826399580,305
731826499482,303
731826599384,303
731826699286,303
731826799188,301
731826899090,308
731826998992,308
731827098894,307
731827198796,309
731827298698,308
731827398600,307
731827498502,304
731827598404,307
731827698306,313
731827798208,304
731827898110,304
731827998012,302
731828097914,305
731828197816,305
731828297718,314
731828397620,301
731828497522,302
731828597424,303
731828697326,306
731828797228,303
731828897130,303
731828997032,304
731829096934,307
731829196836,312
731829296738,304
731829396640,304
731829496542,301
731829596444,303
731829696346,305
731829796248,301
731829896150,302
731829996052,311
731830095954,306
731830195856,306
731830295758,307
731830395660,310
731830495562,303
731830595464,303
731830695366,327
731830795268,302
731830895170,301
731830995072,302
731831094974,307
731831194876,305
731831294778,315
731831394680,303
731831494582,302
731831594484,302
731831694386,303
731831794288,301
731831894190,303
731831994116,306
731832094018,301
731832193920,309
731832293822,311
731832393724,309
731832493626,303
731832593528,305
731832693430,307
731832793332,303
731832893234,302
731832993136,301
731833093038,303
731833192940,306
731833292842,306
731833392744,307
731833492646,301
731833592548,301
731833692450,306
731833792352,301
731833892254,301
731833992156,302
731834092058,302
731834191960,303
731834291862,305
731834391764,307
731834491666,307
731834591568,305
731834691470,301
731834791372,303
731834891274,302
731834991176,345
731835091078,325
731835190980,305
731835290882,306
731835390784,306
731835490686,300
731835590588,302
731835690490,308
731835790392,302
731835890294,302
731835990196,302
731836090098,302
731836190003,302
731836289905,304
731836389807,305
731836489709,306
731836589611,302
731836689513,302
731836789415,302
731836889317,302
731836989219,302
731837089121,299
731837189023,302
731837288925,305
731837388827,306
731837488729,306
731837588631,302
731837688533,303
731837788435,302
731837888337,299
731837988239,302
731838088141,302
731838188043,302
731838287945,306
731838387847,307
731838487749,306
731838587651,302
731838687553,300
731838787455,302
731838887357,302
731838987259,302
731839087161,302
731839187063,303
731839286965,306
731839386867,306
731839486769,303
731839586671,302
731839686573,302
731839786475,302
731839886377,302
731839986279,302
731840086181,303
731840186083,305
731840285985,337
731840385887,305
731840485789,305
731840585691,302
731840685593,302
731840785495,302
731840885397,302
731840985299,302
731841085201,300
731841185103,302
731841285005,302
731841384907,305
731841484809,306
731841584711,306
731841684613,302
731841784515,302
731841884417,299
731841984319,302
731842084221,302
731842184123,302
731842284025,302
731842383927,308
731842483829,309
731842583731,308
731842683633,300
731842783535,302
731842883437,304
731842983339,302
731843083241,302
731843183143,302
731843283045,302
731843382947,306
731843482849,304
731843582751,306
731843682653,303
731843782555,303
731843882457,302
731843982359,302
731844082261,302
731844182163,302
731844282065,299
731844381967,305
731844481869,305
731844581771,306
731844681673,303
731844781575,302
731844881477,303
731844981379,358
731845081281,315
731845181183,305
731845281085,301
731845380987,306
731845480889,308
731845580791,304
731845680693,311
731845780595,304
731845880497,305
731845980399,302
731846080301,302
731846180203,301
731846280105,310
731846380007,302
731846479909,307
731846579811,304
731846679713,308
731846779615,301
731846879517,302
731846979419,309
731847079321,306
731847179223,304
731847279125,301
731847379027,302
731847478929,314
731847578831,305
731847678733,305
731847778635,304
731847878537,303
731847978439,303
731848078341,301
731848178243,303
731848278145,302
731848378047,302
731848477949,304
731848577851,308
731848677753,307
731848777655,302
731848877557,309
731848977459,303
731849077361,309
731849177263,304
731849277165,304
731849377067,300
731849476969,308
731849576871,308
731849676773,309
731849776675,303
731849876577,303
731849976479,310
731850076381,303
731850176283,305
731850276185,303
731850376087,304
731850475989,305
731850575891,303
731850675793,308
731850775695,304
731850875597,310
731850975499,306
731851075401,305
731851175303,301
731851275205,304
731851375107,303
731851475009,304
731851574911,308
731851674813,306
731851774715,305
731851874617,306
731851974519,304
731852074421,305
731852174323,307
731852274225,310
731852374127,302
731852474029,303
731852573931,308
731852673833,312
731852773735,309
731852873637,319
731852973539,307
731853073441,306
731853173343,308
731853273245,304
731853373147,304
731853473049,304
731853572951,307
731853672853,307
731853772755,315
731853872657,302
731853972559,303
731854072461,302
731854172363,303
731854272265,308
731854372167,305
731854472069,303
731854571971,306
731854671873,308
731854771775,308
731854871677,301
731854971579,349
731855071481,304
731855171383,302
731855271285,302
731855371187,302
731855471089,300
731855570991,312
731855670893,305
731855770795,305
731855870697,302
731855970599,302
731856070522,303
731856170424,302
731856270326,299
731856370228,302
731856470130,302
731856570032,302
731856669934,305
731856769836,306
731856869738,306
731856969640,302
731857069542,299
731857169444,302
731857269346,302
731857369248,302
731857469150,302
731857569052,303
731857668954,306
731857768856,305
731857868758,312
731857968660,302
731858068562,302
731858168464,302
731858268366,302
731858368268,302
731858468170,303
731858568072,302
731858667974,310
731858767876,306
731858867778,307
731858967680,302
731859067582,308
731859167484,304
731859267386,302
731859367288,304
731859467190,299
731859567092,302
731859666994,305
731859766896,305
731859866798,305
731859966700,305
731860066602,302
731860166504,302
731860266406,299
731860366308,302
731860466210,302
731860566112,302
731860666014,302
731860765916,306
731860865818,306
731860965720,305
731861065622,299
731861165524,302
731861265426,302
731861365328,302
731861465230,302
731861565132,302
731861665034,302
731861764936,306
731861864838,304
731861964740,305
731862064642,302
731862164544,302
731862264446,302
731862364348,302
731862464250,318
731862564152,302
731862664054,300
731862763956,308
731862863858,308
731862963760,308
731863063662,302
731863163564,303
731863263466,302
731863363368,302
731863463270,300
731863563172,302
731863663074,302
731863762976,306
731863862878,305
731863962780,306
731864062682,303
731864162584,302
731864262486,300
731864362388,302
731864462290,302
731864562192,302
731864662094,320
731864761996,306
731864861898,306
731864961800,343
731865061702,311
731865161604,301
731865261506,306
731865361408,307
731865461310,301
731865561212,303
731865661114,302
731865761016,303
731865860918,307
731865960820,303
731866060722,306
731866160624,304
731866260526,305
731866360428,304
731866460330,306
731866560232,302
731866660134,302
731866760036,301
731866859938,306
731866959840,326
731867059742,306
731867159644,306
731867259546,305
731867359448,305
731867459350,310
731867559252,301
731867659154,319
731867759056,306
731867858958,308
731867958860,307
731868058762,309
731868158664,301
731868258566,303
731868358468,302
731868458370,305
731868558272,308
731868658174,304
731868758076,301
731868857978,305
731868957880,308
731869057782,307
731869157684,301
731869257586,302
731869357488,302
731869457390,304
731869557292,306
731869657194,302
731869757096,302
731869856998,308
731869956900,308
731870056802,307
731870156704,307
731870256606,302
731870356508,303
731870456410,304
731870556312,302
731870656214,328
731870756116,309
731870856018,311
731870955920,305
731871055822,305
731871155724,307
731871255626,305
731871355528,302
731871455430,304
731871555332,303
731871655234,302
731871755136,304
731871855038,304
731871954940,308
731872054842,307
731872154744,310
731872254646,305
731872354548,301
731872454450,302
731872554352,306
731872654254,301
731872754156,304
731872854058,302
731872953960,321
731873053862,308
731873153764,310
731873253666,306
731873353568,310
731873453470,310
731873553372,303
731873653274,304
731873753176,303
731873853078,306
731873952980,308
731874052882,310
731874152784,303
731874252686,311
731874352588,301
731874452490,305
731874552392,302
731874652294,303
731874752196,301
731874852098,304
731874952003,347
731875051905,306
731875151807,305
731875251709,306
731875351611,302
731875451513,299
731875551415,302
731875651317,302
731875751219,302
731875851121,302
731875951023,302
731876050925,305
731876150827,305
731876250729,303
731876350631,302
731876450533,302
731876550435,302
731876650337,302
731876750239,302
731876850141,302
731876950043,302
731877049945,303
731877149847,306
731877249749,306
731877349651,302
731877449553,302
731877549455,302
731877649357,302
731877749259,306
731877849161,299
731877949063,302
731878048965,305
731878148867,305
731878248769,305
731878348671,302
731878448573,302
731878548475,302
731878648377,303
731878748279,302
731878848181,302
731878948083,302
731879047985,306
731879147887,306
731879247789,305
731879347691,302
731879447593,300
731879547495,307
731879647397,305
731879747299,303
731879847201,302
731879947103,302
731880047005,302
731880146925,323
731880246827,304
731880346729,306
731880446631,302
731880546533,304
731880646435,302
731880746337,303
731880846239,303
731880946141,302
731881046043,300
731881145945,306
731881245847,305
731881345749,306
731881445651,302
731881545553,302
731881645455,302
731881745357,302
731881845259,299
731881945161,302
731882045063,302
731882144965,318
731882244867,305
731882344769,306
731882444671,302
731882544573,302
731882644475,305
731882744377,302
731882844279,302
731882944181,302
731883044083,302
731883143985,308
731883243887,307
731883343789,308
731883443691,299
731883543593,302
731883643495,302
731883743397,302
731883843300,311
731883943202,302
731884043104,303
731884143006,302
731884242908,304
731884342810,305
731884442712,305
731884542614,302
731884642516,302
731884742418,302
731884842320,302
731884942222,361
731885042124,303
731885142026,303
731885241928,308
731885341830,304
731885441732,305
731885541634,301
731885641536,303
731885741438,308
731885841340,303
731885941242,300
731886041144,303
731886141046,309
731886240948,304
731886340850,306
731886440752,305
731886540654,307
731886640556,307
731886740458,307
731886840360,303
731886940262,301
731887040164,304
731887140066,302
731887239968,305
731887339870,305
731887439772,304
731887539674,303
731887639576,303
731887739478,302
731887839380,302
731887939282,304
731888039184,301
731888139086,304
731888238988,308
731888338890,307
731888438792,306
731888538694,305
731888638596,306
731888738498,301
731888838400,304
731888938302,302
731889038204,303
731889138106,300
731889238008,308
731889337910,312
731889437812,309
731889537714,306
731889637616,301
731889737518,305
731889837420,303
731889937322,306
731890037224,306
731890137126,302
731890237028,309
731890336930,308
731890436832,305
731890536734,307
731890636636,304
731890736538,306
731890836440,302
731890936342,303
731891036244,309
731891136146,303
731891236048,305
731891335950,309
731891435852,305
731891535754,305
731891635656,305
731891735558,303
731891835460,302
731891935362,303
731892035264,303
731892135166,302
731892235068,305
731892334970,304
731892434872,310
731892534774,312
731892634676,301
731892734578,306
731892834480,305
731892934382,308
731893034284,302
731893134186,302
731893234088,307
731893333990,307
731893433892,308
731893533794,310
731893633696,301
731893733598,308
731893833500,306
731893933402,303
731894033304,305
731894133206,306
731894233108,302
731894333010,301
731894432912,312
731894532814,306
731894632716,307
731894732618,302
731894832520,307
731894932422,350
731895032324,305
731895132226,302
731895232128,303
731895332030,305
731895431932,303
731895531834,305
731895631736,307
731895731638,302
731895831540,302
731895931442,302
731896031344,302
731896131246,302
731896231148,305
731896331050,302
731896430952,305
731896530854,305
731896630756,305
731896730658,303
731896830560,302
731896930462,302
731897030364,299
731897130266,302
731897230168,302
731897330070,302
731897429972,306
731897529874,306
731897629776,305
731897729678,303
731897829580,300
731897929482,302
731898029384,302
731898129286,302
731898229188,302
731898329090,302
731898428992,305
731898528894,305
731898628796,304
731898728698,306
731898828600,302
731898928502,302
731899028404,302
731899128306,302
731899228208,302
731899328110,302
731899428012,299
731899527914,306
731899627816,305
731899727718,306
731899827620,302
731899927522,302
731900027424,302
731900127326,302
731900227228,299
731900327130,302
731900427032,302
731900526934,306
731900626836,305
731900726738,306
731900826640,302
731900926542,302
731901026444,299
731901126346,302
731901226248,302
731901326150,321
731901426052,302
731901525954,306
731901625856,307
731901725758,312
731901825660,299
731901925562,302
731902025464,302
731902125366,302
731902225268,302
731902325170,302
731902425072,302
731902524974,306
731902624876,304
731902724778,306
731902824680,302
731902924582,302
731903024484,303
731903124386,302
731903224288,302
731903324190,302
731903424092,301
731903523994,308
731903623896,308
731903723798,310
731903823700,308
731903923602,302
731904023504,307
731904123406,302
731904223331,300
731904323233,302
731904423135,302
731904523037,303
731904622939,312
731904722841,306
731904822743,306
731904922645,350
731905022547,304
731905122449,303
731905222360,303
731905322262,302
731905422164,304
731905522066,303
731905621968,308
731905721870,305
731905821772,307
731905921674,301
731906021576,306
731906121478,309
731906221380,309
731906321282,305
731906421184,304
731906521086,303
731906620988,305
731906720890,304
731906820792,305
731906920694,302
731907020596,304
731907120498,302
731907220400,302
731907320302,301
731907420204,302
731907520106,305
731907620008,304
731907719910,305
731907819812,307
731907919714,307
731908019616,303
731908119518,310
731908219420,302
731908319322,304
731908419224,308
731908519126,302
731908619028,301
731908718930,312
731908818832,312
731908918734,310
731909018636,302
731909118538,301
731909218440,305
731909318342,303
731909418244,304
731909518146,309
731909618048,306
731909717950,307
731909817852,306
731909917754,306
731910017656,301
731910117558,303
731910217460,305
731910317362,306
731910417264,304
731910517166,303
731910617068,307
731910716970,309
731910816872,304
731910916774,310
731911016676,302
731911116578,302
731911216480,303
731911316382,303
731911416284,302
731911516186,301
731911616088,304
731911715990,305
731911815892,305
731911915794,307
731912015696,303
731912115598,303
731912215500,306
731912315402,303
731912415304,308
731912515206,304
731912615108,302
731912715010,303
731912814912,305
731912914814,309
731913014716,304
731913114618,303
731913214520,303
731913314422,303
731913414324,307
731913514226,313
731913614128,303
731913714030,305
731913813932,310
731913913834,313
731914013736,312
731914113638,303
731914213540,302
731914313442,303
731914413344,300
731914513246,302
731914613148,304
731914713050,304
731914812952,303
731914912854,310
731915012756,361
731915112658,304
731915212560,302
731915312462,302
731915412364,299
731915512266,302
731915612168,302
731915712070,303
731915811972,305
731915911874,305
731916011776,305
731916111678,302
731916211580,300
731916311482,302
731916411384,304
731916511286,303
731916611188,302
731916711090,302
731916810992,306
731916910894,305
731917010796,303
731917110698,306
731917210600,302
731917310502,302
731917410404,302
731917510306,302
731917610208,302
731917710110,302
731917810012,299
731917909914,305
731918009816,306
731918109718,305
731918209620,302
731918309522,302
731918409424,302
731918509326,302
731918609228,299
731918709130,302
731918809032,302
731918908934,306
731919008836,306
731919108738,306
731919208640,302
731919308542,302
731919408444,300
731919508346,302
731919608248,302
731919708150,302
731919808052,303
731919907954,307
731920007856,306
731920107758,305
731920207660,303
731920307562,302
731920407464,302
731920507366,302
731920607268,302
731920707170,303
731920807072,302
731920906974,305
731921006876,303
731921106778,306
731921206680,302
731921306582,302
731921406484,302
731921506386,302
731921606288,302
731921706190,302
731921806092,299
731921905994,305
731922005896,305
731922105798,306
731922205700,305
731922305602,302
731922405504,302
731922505406,302
731922605308,300
731922705210,302
731922805112,317
731922905014,302
731923004916,305
731923104818,305
731923204720,305
731923304622,302
731923404524,299
731923504426,302
731923604328,302
731923704230,302
731923804132,302
731923904034,302
731924003936,308
731924103838,308
731924203740,318
731924303642,302
731924403544,302
731924503446,302
731924603348,302
731924703250,302
731924803152,302
731924903054,313
731925002956,353
731925102858,309
731925202760,306
731925302662,305
731925402564,301
731925502466,302
731925602368,303
731925702270,309
731925802172,308
731925902074,303
731926001976,308
731926101878,310
731926201780,304
731926301682,303
731926401584,303
731926501486,307
731926601388,304
731926701290,325
731926801192,302
731926901094,304
731927000996,310
731927100898,305
731927200800,305
731927300702,308
731927400604,307
731927500506,306
731927600408,301
731927700310,300
731927800212,305
731927900114,302
731928000016,303
731928099918,307
731928199839,305
731928299741,310
731928399643,303
731928499545,303
731928599447,301
731928699349,308
731928799251,302
731928899153,302
731928999055,302
731929098957,312
731929198859,304
731929298761,309
731929398663,304
731929498565,303
731929598467,306
731929698369,305
731929798271,306
731929898173,306
731929998075,310
731930097977,306
731930197879,305
731930297781,307
731930397683,304
731930497585,303
731930597487,305
731930697389,302
731930797291,307
731930897193,304
731930997095,305
731931096997,305
731931196899,305
731931296801,314
731931396703,305
731931496605,303
731931596507,301
731931696409,303
731931796311,304
731931896213,301
731931996115,306
731932096017,302
731932195919,310
731932295821,305
731932395723,305
731932495625,302
731932595527,303
731932695429,301
731932795331,301
731932895233,304
731932995135,304
731933095037,305
731933194939,305
731933294841,329
731933394743,308
731933494645,302
731933594547,305
731933694449,301
731933794351,305
731933894253,302
731933994155,303
731934094057,301
731934193959,312
731934293861,316
731934393763,310
731934493665,301
731934593567,303
731934693469,307
731934793371,301
731934893273,303
731934993175,330
731935093077,304
731935192979,305
731935292881,305
731935392783,304
731935492685,303
731935592587,302
731935692489,302
731935792391,302
731935892293,302
731935992195,302
731936092097,302
731936191999,303
731936291901,329
731936391803,305
731936491705,305
731936591607,302
731936691509,302
731936791411,302
731936891313,302
731936991215,299
731937091117,302
731937191019,302
731937290921,305
731937390823,305
731937490725,306
731937590627,302
731937690529,302
731937790431,300
731937890333,303
731937990235,302
731938090137,302
731938190039,302
731938289941,306
731938389843,306
731938489745,306
731938589647,300
731938689549,302
731938789451,303
731938889353,302
731938989255,302
731939089157,302
731939189059,302
731939288961,305
731939388863,303
731939488765,305
731939588667,302
731939688569,302
731939788471,302
731939888373,302
731939988275,302
731940088177,302
731940188079,303
731940287981,306
731940387883,306
731940487785,306
731940587687,302
731940687589,302
731940787491,303
731940887393,302
731940987295,305
731941087197,302
731941187099,304
731941287004,302
731941386906,305
731941486808,306
731941586710,305
731941686612,302
731941786514,300
731941886416,302
731941986318,302
731942086220,302
731942186122,314
731942286024,314
731942385926,319
731942485828,306
731942585730,308
731942685632,302
731942785534,302
731942885436,302
731942985338,302
731943085240,302
731943185142,302
731943285044,302
731943384946,304
731943484848,307
731943584750,306
731943684652,302
731943784554,302
731943884457,303
731943984359,302
731944084261,302
731944184163,300
731944284065,302
731944383967,307
731944483869,308
731944583771,308
731944683673,302
731944783575,302
731944883477,302
731944983379,350
731945083281,323
731945183183,304
731945283085,303
731945382987,307
731945482889,306
731945582791,305
731945682693,303
731945782595,304
731945882497,301
731945982399,305
731946082301,303
731946182203,303
731946282105,309
731946382007,304
731946481909,311
731946581811,308
731946681713,305
731946781615,302
731946881517,301
731946981419,304
731947081321,306
731947181223,319
731947281125,301
731947381027,303
731947480929,308
731947580831,308
731947680733,307
731947780635,303
731947880537,301
731947980439,305
731948080341,303
731948180243,313
731948280145,303
731948380047,305
731948479949,304
731948579851,307
731948679753,307
731948779655,304
731948879557,301
731948979459,302
731949079361,303
731949179263,302
731949279165,301
731949379067,304
731949478969,311
731949578871,312
731949678773,306
731949778675,304
731949878577,302
731949978479,307
731950078381,303
731950178283,301
731950278185,304
731950378087,305
731950477989,305
731950577999,343
731950677901,308
731950777803,306
731950877705,309
731950977607,301
731951077509,305
731951177411,303
731951277313,302
731951377215,308
731951477117,302
731951577019,302
731951676921,304
731951776823,306
731951876725,314
731951976627,301
731952076529,305
731952176431,304
731952276355,302
731952376257,302
731952476159,302
731952576061,305
731952675963,305
731952775865,305
731952875767,304
731952975669,304
731953075571,302
731953175473,301
731953275375,303
731953375277,305
731953475179,305
731953575081,306
731953674983,306
731953774885,310
731953874787,305
731953974689,303
731954074591,307
731954174493,304
731954274395,314
731954374297,303
731954474199,303
731954574101,301
731954674007,305
731954773909,309
731954873811,315
731954973713,356
731955073615,306
731955173517,302
731955273419,302
731955373321,300
731955473223,302
731955573125,302
731955673027,302
731955772929,305
731955872831,306
731955972733,305
731956072635,302
731956172537,299
731956272439,302
731956372341,302
731956472243,302
731956572145,302
731956672047,303
731956771949,306
731956871851,306
731956971753,303
731957071655,302
731957171557,302
731957271459,302
731957371361,302
731957471263,302
731957571165,302
731957671067,302
731957770969,303
731957870871,305
731957970773,306
731958070675,302
731958170577,302
731958270479,302
731958370381,302
731958470283,302
731958570185,299
731958670087,303
731958769989,306
731958869891,306
731958969793,306
731959069695,303
731959169597,305
731959269499,302
731959369401,299
731959469303,302
731959569205,302
731959669107,302
731959769009,302
731959868911,305
731959968813,306
731960068715,305
731960168617,300
731960268519,302
731960368421,304
731960468323,302
731960568225,302
731960668128,302
731960768030,303
731960867932,305
731960967834,304
731961067736,305
731961167638,304
731961267540,302
731961367442,302
731961467344,302
731961567246,302
731961667148,302
731961767050,299
731961866952,305
731961966854,306
731962066756,314
731962166658,302
731962266560,302
731962366462,302
731962466364,303
731962566266,300
731962666168,302
731962766070,302
731962865972,306
731962965874,306
731963065776,306
731963165678,302
731963265580,302
731963365482,299
731963465384,302
731963565286,303
731963665188,302
731963765090,302
731963864992,305
731963964894,306
731964064796,306
731964164698,299
731964264600,307
731964364502,302
731964464404,337
731964564306,303
731964664208,303
731964764110,302
731964864012,302
731964963914,351
731965063816,310
731965163718,310
731965263620,303
731965363522,302
731965463424,303
731965563326,302
731965663228,304
731965763130,306
731965863032,304
731965962934,312
731966062836,310
731966162738,308
731966262640,307
731966362542,301
731966462444,304
731966562346,305
731966662257,329
731966762159,305
731966862061,305
731966961963,309
731967061865,313
731967161767,305
731967261669,306
731967361571,301
731967461473,304
731967561375,303
731967661277,307
731967761179,307
731967861081,306
731967960983,305
731968060885,304
731968160787,308
731968260689,303
731968360591,306
731968460493,301
731968560395,302
731968660297,304
731968760199,302
731968860101,310
731968960003,337
731969059905,305
731969159807,307
731969259709,304
731969359611,305
731969459513,303
731969559415,302
731969659317,322
731969759219,302
731969859121,303
731969959023,316
731970058925,306
731970158827,311
731970258729,310
731970358631,301
731970458533,300
731970558435,303
731970658337,301
731970758239,306
731970858141,303
731970958043,301
731971057945,306
731971157847,305
731971257749,311
731971357651,302
731971457553,304
731971557455,306
731971657357,301
731971757259,303
731971857161,306
731971957063,310
731972056965,308
731972156867,305
731972256769,309
731972356671,302
731972456573,303
731972556475,302
731972656377,324
731972756279,301
731972856181,305
731972956083,301
731973055985,305
731973155887,305
731973255789,309
731973355691,304
731973455593,302
731973555495,301
731973655397,301
731973755299,305
731973855201,308
731973955103,304
731974055005,306
731974154907,308
731974254809,304
731974354711,305
731974454613,302
731974554515,303
731974654417,303
731974754319,306
731974854221,302
731974954123,343
731975054025,303
731975153927,308
731975253829,309
731975353731,306
731975453633,302
731975553535,302
731975653437,302
731975753339,303
731975853241,302
731975953143,302
731976053045,302
731976152947,306
731976252849,305
731976352771,307
731976452673,303
731976552575,302
731976652477,302
731976752379,303
731976852281,302
731976952183,299
731977052085,302
731977151987,305
731977251889,306
731977351791,305
731977451693,302
731977551595,302
731977651497,302
731977751399,300
731977851301,302
731977951203,302
731978051105,302
731978151007,302
731978250909,305
731978350811,306
731978450713,305
731978550615,299
731978650517,304
731978750419,302
731978850321,302
731978950223,302
731979050125,302
731979150027,302
731979249929,306
731979349831,305
731979449733,306
731979549635,302
731979649537,302
731979749439,291
731979849341,302
731979949243,302
731980049145,302
731980149047,299
731980248949,305
731980348851,305
731980448753,305
731980548655,302
731980648557,302
731980748459,303
731980848361,312
731980948263,300
731981048165,302
731981148067,302
731981247969,306
731981347871,305
731981447773,305
731981547675,302
731981647577,302
731981747479,302
731981847381,302
731981947283,302
731982047185,302
731982147087,302
731982246989,306
731982346891,306
731982446793,305
731982546695,303
731982646597,302
731982746499,302
731982846401,312
731982946303,302
731983046205,302
731983146107,302
731983246009,302
731983345911,303
731983445813,306
731983545715,306
731983645617,302
731983745519,302
731983845421,303
731983945323,301
731984045225,302
731984145127,299
731984245029,302
731984344931,306
731984444833,305
731984544735,306
731984644637,302
731984744539,303
731984844441,302
731984944343,335
731985044245,314
731985144147,303
731985244049,304
731985343951,311
731985443853,308
731985543755,314
731985643657,304
731985743559,302
731985843461,301
731985943363,306
731986043265,301
731986143167,302
731986243069,303
731986342971,308
731986442873,308
731986542775,310
731986642677,301
731986742579,301
731986842481,303
731986942383,306
731987042285,305
731987142187,302
731987242089,307
731987341991,312
731987441893,309
731987541795,305
731987641697,301
731987741599,305
731987841501,301
731987941403,301
731988041305,303
731988141207,304
731988241109,308
731988341011,304
731988440913,303
731988540815,311
731988640717,307
731988740619,306
731988840521,307
731988940423,308
731989040325,301
731989140227,304
731989240129,305
731989340031,304
731989439933,305
731989539835,310
731989639737,310
731989739639,305
731989839541,301
731989939443,302
731990039345,302
731990139247,304
731990239149,303
731990339051,305
731990438953,309
731990538855,307
731990638757,313
731990738659,303
731990838561,301
731990938463,303
731991038365,303
731991138267,303
731991238169,301
731991338072,304
731991437974,307
731991537876,309
731991637778,308
731991737680,301
731991837582,305
731991937484,304
731992037386,305
731992137288,303
731992237190,302
731992337092,303
731992436994,307
731992536896,306
731992636798,314
731992736700,308
731992836602,302
731992936504,304
731993036406,303
731993136308,305
731993236210,303
731993336112,309
731993436014,302
731993535916,312
731993635818,305
731993735720,310
731993835622,303
731993935524,300
731994035426,304
731994135328,301
731994235230,306
731994335132,304
731994435034,304
731994534936,309
731994634838,307
731994734740,330
731994834642,300
