3450129133986,136
3450129233952,45
3450129333904,44
3450129433856,44
3450129533809,46
3450129633761,43
3450129733713,44
3450129833667,45
3450129933619,43
3450130033571,43
3450130133523,44
3450130233475,43
3450130333427,44
3450130433379,45
3450130533331,43
3450130633283,44
3450130733235,46
3450130833187,43
3450130933140,44
3450131033092,44
3450131133044,46
3450131232996,46
3450131332948,43
3450131432900,44
3450131532852,46
3450131632804,44
3450131732756,44
3450131832708,44
3450131932660,44
3450132032612,45
3450132132564,43
3450132232516,43
3450132332468,44
3450132432420,44
3450132532372,44
3450132632324,56
3450132732276,46
3450132832228,45
3450132932180,45
3450133032132,47
3450133132084,45
3450133232036,58
3450133331988,46
3450133431940,45
3450133531892,50
3450133631844,45
3450133731796,44
3450133831748,43
3450133931700,43
3450134031652,45
3450134131604,44
3450134231558,45
3450134331512,55
3450134431464,44
3450134531416,43
3450134631368,43
3450134731320,44
3450134831272,45
3450134931224,43
3450135031176,42
3450135131129,44
3450135231081,43
3450135331033,43
3450135430985,46
3450135530937,43
3450135630889,43
3450135730841,43
3450135830793,43
3450135930745,43
3450136030697,43
3450136130649,43
3450136230601,43
3450136330553,43
3450136430505,43
3450136530457,43
3450136630409,43
3450136730361,44
3450136830313,57
3450136930265,45
3450137030217,45
3450137130169,45
3450137230121,46
3450137330073,45
3450137430025,56
3450137529977,48
3450137629929,43
3450137729881,43
3450137829833,44
3450137929785,43
3450138029737,43
3450138129689,42
3450138229641,43
3450138329593,43
3450138429545,45
3450138529497,43
3450138629449,43
3450138729401,44
3450138829353,43
3450138929305,43
3450139029257,43
3450139129209,43
3450139229161,43
3450139329113,43
3450139429067,57
3450139529021,55
3450139628973,50
3450139728925,45
3450139828877,43
3450139928829,44
3450140028782,44
3450140128736,44
3450140228690,44
3450140328642,46
3450140428594,44
3450140528546,45
3450140628498,45
3450140728450,44
3450140828402,43
3450140928354,43
3450141028306,57
3450141128258,48
3450141228210,46
3450141328162,45
3450141428114,46
3450141528069,45
3450141628021,45
3450141727973,47
3450141827926,44
3450141927878,43
3450142027830,43
3450142127782,43
3450142227734,44
3450142327686,43
3450142427638,44
3450142527590,46
3450142627542,44
3450142727494,44
3450142827446,43
3450142927398,44
3450143027350,48
3450143127302,43
3450143227254,43
3450143327206,47
3450143427158,43
3450143527110,44
3450143627062,44
3450143727014,56
3450143826966,46
3450143926918,46
3450144026870,43
3450144126822,45
3450144226774,44
3450144326726,45
3450144426678,43
3450144526630,44
3450144626584,56
3450144726538,43
3450144826490,43
3450144926442,43
3450145026394,44
3450145126359,43
3450145226311,57
3450145326263,45
3450145426215,45
3450145526167,44
3450145626119,45
3450145726071,45
3450145826023,56
3450145925975,47
3450146025927,43
3450146125880,43
3450146225833,44
3450146325785,43
3450146425737,42
3450146525689,43
3450146625641,43
3450146725593,43
3450146825545,43
3450146925497,43
3450147025449,43
3450147125401,42
3450147225353,43
3450147325305,43
3450147425257,43
3450147525209,43
3450147625161,43
3450147725113,43
3450147825065,43
3450147925017,43
3450148024969,46
3450148124921,43
3450148224873,43
3450148324825,43
3450148424777,44
3450148524729,43
3450148624681,43
3450148724633,44
3450148824585,43
3450148924537,43
3450149024489,43
3450149124441,43
3450149224393,43
3450149324352,43
3450149424304,45
3450149524256,45
3450149624209,45
3450149724162,58
3450149824115,46
3450149924068,46
3450150024020,55
3450150123972,49
3450150223924,43
3450150323876,43
3450150423828,45
3450150523780,43
3450150623732,47
3450150723684,44
3450150823636,46
3450150923588,44
3450151023540,43
3450151123492,43
3450151223445,43
3450151323397,44
3450151423349,45
3450151523301,46
3450151623253,45
3450151723205,45
3450151823157,43
3450151923111,45
3450152023063,44
3450152123017,56
3450152222969,46
3450152322921,45
3450152422873,45
3450152522825,44
3450152622777,43
3450152722729,44
3450152822681,43
3450152922633,44
3450153022585,44
3450153122537,43
3450153222510,43
3450153322462,44
3450153422414,46
3450153522366,47
3450153622318,45
3450153722270,45
3450153822222,46
3450153922174,44
3450154022126,45
3450154122078,45
3450154222030,57
3450154321982,48
3450154421934,43
3450154521886,44
3450154621838,43
3450154721791,44
3450154821745,56
3450154921697,44
3450155021649,45
3450155121601,45
3450155221553,45
3450155321505,43
3450155421457,43
3450155521409,43
3450155621361,43
3450155721313,43
3450155821265,45
3450155921217,43
3450156021169,43
3450156121121,43
3450156221073,44
3450156321025,56
3450156420977,46
3450156520929,43
3450156620881,43
3450156720833,43
3450156820785,43
3450156920737,43
3450157020689,43
3450157120641,43
3450157220593,43
3450157320545,43
3450157420497,45
3450157520449,44
3450157620401,45
3450157720361,44
3450157820313,57
3450157920265,45
3450158020217,45
3450158120169,45
3450158220121,44
3450158320073,45
3450158420025,57
3450158519978,47
3450158619930,43
3450158719882,44
3450158819834,43
3450158919786,43
3450159019738,43
3450159119690,43
3450159219642,43
3450159319594,43
3450159419546,44
3450159519498,45
3450159619450,45
3450159719402,43
3450159819356,43
3450159919308,43
3450160019262,59
3450160119214,44
3450160219166,47
3450160319118,43
3450160419070,45
3450160519022,44
3450160618974,48
3450160718928,43
3450160818880,50
3450160918832,43
3450161018784,44
3450161118736,45
3450161218688,43
3450161318640,44
3450161418592,44
3450161518544,43
3450161618496,47
3450161718448,45
3450161818400,43
3450161918355,43
3450162018307,57
3450162118259,45
3450162218211,45
3450162318163,45
3450162418115,45
3450162518067,44
3450162618019,56
3450162717971,47
3450162817923,43
3450162917875,43
3450163017827,45
3450163117779,44
3450163217731,44
3450163317683,43
3450163417635,44
3450163517587,45
3450163617539,47
3450163717491,45
3450163817443,43
3450163917395,43
3450164017357,44
3450164117309,57
3450164217261,47
3450164317213,45
3450164417165,48
3450164517117,45
3450164617069,45
3450164717021,57
3450164816973,47
3450164916925,43
3450165016879,45
3450165116833,55
3450165216785,44
3450165316737,45
3450165416689,43
3450165516641,45
3450165616593,45
3450165716545,45
3450165816497,44
3450165916449,43
3450166016401,44
3450166116359,44
3450166216311,57
3450166316263,45
3450166416215,45
3450166516167,45
3450166616119,45
3450166716071,45
3450166816023,55
3450166915975,45
3450167015927,46
3450167115879,45
3450167215831,45
3450167315783,43
3450167415735,43
3450167515687,43
3450167615639,43
3450167715591,43
3450167815543,43
3450167915495,43
3450168015447,43
3450168115399,43
3450168215351,43
3450168315303,57
3450168415255,43
3450168515207,45
3450168615159,45
3450168715111,45
3450168815063,43
3450168915015,56
3450169014967,46
3450169114919,43
3450169214871,43
3450169314823,42
3450169414775,44
3450169514727,45
3450169614679,44
3450169714631,43
3450169814583,44
3450169914535,43
3450170014487,43
3450170114441,44
3450170214393,58
3450170314345,56
3450170414297,46
3450170514249,45
3450170614202,45
3450170714154,45
3450170814106,47
3450170914068,45
3450171014022,56
3450171113974,51
3450171213926,43
3450171313878,44
3450171413830,43
3450171513782,45
3450171613734,44
3450171713686,43
3450171813638,43
3450171913590,44
3450172013542,43
3450172113494,43
3450172213446,43
3450172313398,43
3450172413350,43
3450172513302,43
3450172613254,43
3450172713206,43
3450172813158,43
3450172913110,43
3450173013062,44
3450173113014,43
3450173212966,46
3450173312918,43
3450173412870,44
3450173512822,43
3450173612774,44
3450173712726,44
3450173812680,44
3450173912632,44
3450174012584,44
3450174112536,45
3450174212488,43
3450174312440,45
3450174412392,43
3450174512344,56
3450174612296,46
3450174712249,46
3450174812201,44
3450174912153,44
3450175012105,45
3450175112070,45
3450175212024,57
3450175311976,46
3450175411928,44
3450175511883,54
3450175611837,45
3450175711789,44
3450175811741,43
3450175911693,43
3450176011647,43
3450176111599,43
3450176211553,43
3450176311505,43
3450176411457,43
3450176511409,43
3450176611361,43
3450176711313,56
3450176811265,45
3450176911217,45
3450177011169,45
3450177111121,45
3450177211073,45
3450177311043,57
3450177410995,46
3450177510947,45
3450177610899,45
3450177710851,43
3450177810803,44
3450177910755,43
3450178010707,43
3450178110659,43
3450178210611,43
3450178310563,43
3450178410515,43
3450178510467,43
3450178610419,43
3450178710371,44
3450178810323,43
3450178910275,43
3450179010227,45
3450179110180,46
3450179210132,43
3450179310084,43
3450179410036,43
3450179509988,46
3450179609940,43
3450179709892,43
3450179809844,43
3450179909796,43
3450180009748,43
3450180109700,45
3450180209652,43
