3537199836260,10617
3537199936194,5513
3537200036117,5759
3537200136039,5722
3537200235962,5739
3537200335884,5736
3537200435807,5733
3537200535730,5734
3537200635652,5735
3537200735575,5536
3537200835497,5520
3537200935419,5512
3537201035342,5507
3537201135264,5505
3537201235186,5504
3537201335108,5502
3537201435030,5504
3537201534952,5505
3537201634874,5507
3537201734796,5508
3537201834719,5513
3537201934641,5504
3537202034564,5507
3537202134486,5501
3537202234408,5499
3537202334330,5508
3537202434252,5501
3537202534175,5502
3537202634097,5509
3537202734020,5516
3537202833942,5514
3537202933864,5513
3537203033786,5508
3537203133709,5507
3537203233631,5511
3537203333553,5509
3537203433476,5504
3537203533398,5503
3537203633320,5510
3537203733243,5509
3537203833165,5503
3537203933087,5510
3537204033009,5504
3537204132931,5543
3537204232853,5511
3537204332775,5516
3537204432698,5524
3537204532620,5510
3537204632542,5506
3537204732465,5516
3537204832387,5509
3537204932309,5511
3537205032231,5506
3537205132153,5504
3537205232075,5509
3537205331997,5506
3537205431920,5505
3537205531842,5510
3537205631765,5513
3537205731687,5514
3537205831609,5516
3537205931531,5516
3537206031453,5508
3537206131375,5505
3537206231298,5506
3537206331220,5513
3537206431143,5507
3537206531065,5541
3537206630988,5508
3537206730910,5520
3537206830833,5517
3537206930755,5511
3537207030677,5586
3537207130599,5516
3537207230521,5508
3537207330443,5507
3537207430365,5511
3537207530287,5581
3537207630209,5510
3537207730131,5504
3537207830053,5507
3537207929975,5507
3537208029897,5584
3537208129820,5511
3537208229742,5512
3537208329664,5512
3537208429586,5510
3537208529508,5580
3537208629430,5511
3537208729352,5517
3537208829275,5509
3537208929197,5506
3537209029119,5539
3537209129041,5510
3537209228963,5509
3537209328885,5508
3537209428808,5523
3537209528730,5512
3537209628652,5507
3537209728574,5514
3537209828496,5513
3537209928418,5571
3537210028341,5667
3537210128263,5581
3537210228186,5839
3537210328109,5761
3537210428032,5614
3537210527954,5555
3537210627876,5537
3537210727799,5551
3537210827721,5723
3537210927643,5549
3537211027565,5547
3537211127487,5551
3537211227409,5547
3537211327331,5546
3537211427253,5616
3537211527175,5540
3537211627097,5541
3537211727019,5587
3537211826941,5544
3537211926863,5548
3537212026785,5553
3537212126708,5548
3537212226630,5535
3537212326552,5537
3537212426474,5634
3537212526397,5553
3537212626320,5544
3537212726242,5553
3537212826164,5537
3537212926086,5540
3537213026008,5543
3537213125931,5545
3537213225853,5551
3537213325775,5546
3537213425697,5630
3537213525619,5555
3537213625541,5545
3537213725464,5544
3537213825387,5537
3537213925309,5532
3537214025231,5543
3537214125154,5545
3537214225076,5544
3537214324998,5547
3537214424920,5632
3537214524842,5540
3537214624764,5544
3537214724687,5555
3537214824609,5549
3537214924531,5546
3537215024453,5541
3537215124376,5550
3537215224298,5540
3537215324221,5547
3537215424144,5617
3537215524066,5539
3537215623988,5552
3537215723910,5552
3537215823832,5549
3537215923754,5547
3537216023676,5549
3537216123598,5554
3537216223520,5553
3537216323442,5546
3537216423365,5641
3537216523287,5548
3537216623209,5544
3537216723132,5557
3537216823054,5542
3537216922976,5552
3537217022898,5537
3537217122821,5751
3537217222743,5548
3537217322665,5551
3537217422588,5605
3537217522511,5549
3537217622433,5551
3537217722355,5544
3537217822277,5545
3537217922199,5540
3537218022121,5546
3537218122043,5546
3537218221966,5548
3537218321888,5545
3537218421810,5577
3537218521733,5548
3537218621655,5532
3537218721577,5549
3537218821499,5545
3537218921421,5542
3537219021343,5544
3537219121265,5550
3537219221188,5549
3537219321110,5551
3537219421032,5569
3537219520955,5544
3537219620877,5542
3537219720799,5551
3537219820721,5549
3537219920643,5551
3537220020565,5624
3537220120488,5641
3537220220410,5541
3537220320333,5730
3537220420256,5742
3537220520179,5524
3537220620102,5734
3537220720025,5519
3537220819948,5551
3537220919871,5511
3537221019793,5510
3537221119716,5510
3537221219638,5509
3537221319560,5712
3537221419503,5523
3537221519426,5505
3537221619349,5507
3537221719272,5507
3537221819195,5513
3537221919117,5515
3537222019040,5507
3537222118963,5513
3537222218885,5511
3537222318807,5579
3537222418729,5601
3537222518652,5517
3537222618574,5514
3537222718497,5519
3537222818419,5711
3537222918341,5506
3537223018263,5499
3537223118186,5642
3537223218109,5502
3537223318031,5507
3537223417954,5527
3537223517876,5511
3537223617798,5504
3537223717720,5507
3537223817642,5507
3537223917564,5505
3537224017486,5504
3537224117408,5512
3537224217330,5504
3537224317252,5614
3537224417174,5509
3537224517097,5537
3537224617019,5507
3537224716942,5521
3537224816864,5508
3537224916786,5501
3537225016708,5514
3537225116630,5512
3537225216552,5505
3537225316474,5504
3537225416396,5683
3537225516319,5502
3537225616241,5503
3537225716163,5502
3537225816085,5505
3537225916007,5501
3537226015929,5506
3537226115851,5506
3537226215774,5506
3537226315696,5504
3537226415618,5510
3537226515540,5504
3537226615463,5668
3537226715386,5516
3537226815308,5501
3537226915230,5502
3537227015153,5505
3537227115075,5503
3537227214997,5544
3537227314919,5503
3537227414841,5507
3537227514764,5512
3537227614687,5524
3537227714609,5507
3537227814531,5508
3537227914453,5505
3537228014375,5506
3537228114297,5502
3537228214219,5511
3537228314141,5505
3537228414064,5504
3537228513986,5508
3537228613908,5505
3537228713831,5517
3537228813753,5507
3537228913675,5506
3537229013597,5511
3537229113519,5518
3537229213441,5506
3537229313363,5508
3537229413285,5612
3537229513207,5550
3537229613129,5507
3537229713052,5505
3537229812974,5512
3537229912896,5510
3537230012818,5504
3537230112740,5579
3537230212663,5655
3537230312585,5588
3537230412507,5768
3537230512430,5770
3537230612352,5556
3537230712275,5572
3537230812198,5580
3537230912120,5543
3537231012042,5547
3537231111965,5550
3537231211887,5555
3537231311809,5553
3537231411731,5534
3537231511654,5534
3537231611576,5547
3537231711499,5548
3537231811421,5552
3537231911343,5550
3537232011265,5551
3537232111188,5543
3537232211110,5550
3537232311032,5545
3537232410954,5561
3537232510877,5554
3537232610799,5549
3537232710722,5567
3537232810644,5553
3537232910566,5543
3537233010489,5544
3537233110412,5641
3537233210334,5546
3537233310256,5542
3537233410178,5540
3537233510100,5545
3537233610022,5545
3537233709945,5546
3537233809868,5551
3537233909790,5552
3537234009712,5546
3537234109634,5548
3537234209556,5550
3537234309478,5553
3537234409400,5549
3537234509322,5549
3537234609244,5540
3537234709167,5556
3537234809089,5547
3537234909011,5543
3537235008933,5547
3537235108855,5551
3537235208777,5549
3537235308699,5547
3537235408621,5546
3537235508543,5552
3537235608465,5553
3537235708388,5548
3537235808310,5541
3537235908232,5547
3537236008154,5541
3537236108076,5549
3537236207998,5527
3537236307920,5529
3537236407842,5553
3537236507764,5546
3537236607686,5548
3537236707609,5557
3537236807531,5545
3537236907453,5541
3537237007375,5542
3537237107298,5542
3537237207220,5540
3537237307142,5543
3537237407064,5543
3537237506987,5550
3537237606909,5543
3537237706831,5548
3537237806753,5534
3537237906675,5539
3537238006598,5550
3537238106520,5547
3537238206442,5535
3537238306364,5546
3537238406286,5545
3537238506208,5538
3537238606130,5543
3537238706052,5554
3537238805974,5546
3537238905896,5542
3537239005818,5546
3537239105740,5549
3537239205662,5555
3537239305584,5551
3537239405506,5533
3537239505429,5534
3537239605351,5543
3537239705273,5543
3537239805195,5540
3537239905117,5537
3537240005039,5544
3537240104962,5545
3537240204885,5622
3537240304808,5641
3537240404730,5537
3537240504653,5745
3537240604576,5719
3537240704499,5631
3537240804421,5509
3537240904344,5502
3537241004266,5507
3537241104188,5507
3537241204110,5505
3537241304032,5502
3537241403954,5508
3537241503877,5511
3537241603799,5506
3537241703721,5521
3537241803643,5513
3537241903565,5581
3537242003487,5503
3537242103409,5504
3537242203331,5521
3537242303253,5512
3537242403175,5504
3537242503098,5502
3537242603020,5511
3537242702943,5549
3537242802866,5512
3537242902788,5504
3537243002729,5519
3537243102651,5511
3537243202573,5532
3537243302495,5503
3537243402417,5579
3537243502339,5506
3537243602261,5506
3537243702183,5522
3537243802105,5506
3537243902027,5510
3537244001949,5511
3537244101871,5510
3537244201793,5524
3537244301715,5512
3537244401637,5510
3537244501560,5511
3537244601482,5503
3537244701405,5554
3537244801327,5511
3537244901249,5505
3537245001171,5509
3537245101093,5511
3537245201015,5519
3537245300937,5507
3537245400859,5508
3537245500782,5510
3537245600704,5510
3537245700626,5529
3537245800549,5513
3537245900471,5510
3537246000393,5505
3537246100315,5660
3537246200238,5522
3537246300160,5504
3537246400082,5505
3537246500004,5506
3537246599926,5513
3537246699849,5577
3537246799771,5511
3537246899693,5509
3537246999616,5515
3537247099538,5509
3537247199461,5519
3537247299383,5504
3537247399305,5507
3537247499228,5507
3537247599150,5500
3537247699072,5522
3537247798994,5508
3537247898917,5513
3537247998839,5538
3537248098761,5515
3537248198683,5521
3537248298605,5505
3537248398527,5506
3537248498449,5504
3537248598372,5522
3537248698295,5566
3537248798218,5506
3537248898140,5500
3537248998062,5507
3537249097984,5510
3537249197906,5509
3537249297828,5506
3537249397750,5510
3537249497673,5508
3537249597595,5505
3537249697517,5509
3537249797439,5502
3537249897361,5502
3537249997283,5508
3537250097205,5502
3537250197127,5503
3537250297049,5575
3537250396972,5646
3537250496895,5538
3537250596818,5748
3537250696741,5838
3537250796664,5542
3537250896586,5552
3537250996508,5549
3537251096430,5547
3537251196352,5542
3537251296274,5538
3537251396196,5545
3537251496118,5543
3537251596040,5539
3537251695962,5546
3537251795884,5548
3537251895806,5544
3537251995728,5550
3537252095650,5547
3537252195572,5562
3537252295495,5755
3537252395417,5770
3537252495340,5768
3537252595262,5769
3537252695185,5608
3537252795107,5558
3537252895029,5542
3537252994951,5581
3537253094873,5546
3537253194795,5552
3537253294717,5544
3537253394639,5549
3537253494561,5547
3537253594483,5548
3537253694405,5543
3537253794327,5524
3537253894249,5532
3537253994171,5543
3537254094093,5541
3537254194015,5543
3537254293937,5552
3537254393859,5548
3537254493781,5545
3537254593704,5554
3537254693627,5634
3537254793549,5549
3537254893471,5545
3537254993393,5547
3537255093315,5546
3537255193237,5586
3537255293160,5547
3537255393082,5533
3537255493004,5534
3537255592927,5549
3537255692849,5545
3537255792771,5544
3537255892693,5545
3537255992616,5549
3537256092539,5546
3537256192461,5550
3537256292383,5549
3537256392305,5549
3537256492227,5540
3537256592149,5545
3537256692072,5605
3537256791995,5546
3537256891917,5549
3537256991839,5534
3537257091762,5541
3537257191684,5550
3537257291607,5546
3537257391529,5551
3537257491452,5557
3537257591374,5548
3537257691297,5543
3537257791220,5550
3537257891142,5535
3537257991064,5545
3537258090987,5553
3537258190909,5554
3537258290831,5547
3537258390753,5549
3537258490675,5551
3537258590597,5545
3537258690519,5618
3537258790442,5550
3537258890364,5544
3537258990286,5544
3537259090208,5553
3537259190130,5551
3537259290052,5552
3537259389974,5549
3537259489896,5556
3537259589818,5547
3537259689740,5550
3537259789662,5556
3537259889584,5559
3537259989506,5548
3537260089428,5544
3537260189350,5539
3537260289272,5534
3537260389194,5625
3537260489117,5638
3537260589040,5523
3537260688963,5788
3537260788886,5725
3537260888808,5514
3537260988730,5517
3537261088653,5605
3537261188576,5508
3537261288498,5501
3537261388420,5505
3537261488343,5509
3537261588265,5503
3537261688187,5548
3537261788110,5506
3537261888032,5508
3537261987954,5505
3537262087876,5504
3537262187798,5504
3537262287720,5503
3537262387642,5506
3537262487564,5506
3537262587486,5552
3537262687409,5579
3537262787331,5506
3537262887253,5502
3537262987175,5503
3537263087097,5501
3537263187019,5508
3537263286941,5506
3537263386863,5508
3537263486785,5506
3537263586707,5518
3537263686629,5540
3537263786552,5503
3537263886474,5508
3537263986396,5503
3537264086318,5500
3537264186240,5503
3537264286162,5501
3537264386085,5502
3537264486028,5504
3537264585950,5507
3537264685873,5550
3537264785795,5509
3537264885717,5507
3537264985640,5507
3537265085562,5519
3537265185484,5502
3537265285406,5507
3537265385328,5500
3537265485250,5506
3537265585172,5500
3537265685094,5543
3537265785016,5506
3537265884938,5504
3537265984861,5502
3537266084783,5507
3537266184705,5506
3537266284627,5506
3537266384549,5511
3537266484472,5500
3537266584394,5505
3537266684317,5548
3537266784239,5509
3537266884161,5499
3537266984083,5508
3537267084006,5502
3537267183928,5511
3537267283850,5511
3537267383772,5505
3537267483695,5507
3537267583617,5508
3537267683540,5507
3537267783462,5506
3537267883384,5504
3537267983306,5511
3537268083228,5509
3537268183150,5509
3537268283072,5515
3537268382994,5508
3537268482916,5511
3537268582838,5509
3537268682761,5519
3537268782683,5512
3537268882605,5512
3537268982527,5505
3537269082449,5503
3537269182371,5507
3537269282293,5505
3537269382215,5507
3537269482137,5506
3537269582059,5504
3537269681981,5505
3537269781904,5516
3537269881826,5513
3537269981748,5510
3537270081670,5511
3537270181592,5512
3537270281514,5512
3537270381436,5505
3537270481359,5579
3537270581282,5650
3537270681205,5568
3537270781128,5843
3537270881050,5768
3537270980972,5561
3537271080894,5548
3537271180816,5545
3537271280738,5549
3537271380660,5542
3537271480583,5540
3537271580505,5552
3537271680427,5542
3537271780350,5543
3537271880272,5546
3537271980194,5556
3537272080117,5539
3537272180040,5537
3537272279962,5552
3537272379884,5548
3537272479806,5545
3537272579729,5554
3537272679652,5561
3537272779574,5553
3537272879496,5553
3537272979418,5532
3537273079340,5533
3537273179263,5549
3537273279185,5549
3537273379107,5545
3537273479030,5544
3537273578952,5554
3537273678874,5556
3537273778796,5549
3537273878718,5550
3537273978640,5548
3537274078562,5549
3537274178484,5560
3537274278406,5543
3537274378328,5543
3537274478251,5538
3537274578174,5534
3537274678096,5530
3537274778018,5555
3537274877940,5543
3537274977862,5549
3537275077784,5539
3537275177706,5545
3537275277628,5543
3537275377550,5548
3537275477472,5722
3537275577394,5543
3537275677316,5537
3537275777238,5546
3537275877160,5546
3537275977082,5544
3537276077004,5540
3537276176927,5529
3537276276849,5536
3537276376771,5541
3537276476693,5543
3537276576615,5541
3537276676538,5550
3537276776461,5544
3537276876383,5546
3537276976305,5635
3537277076227,5546
3537277176149,5547
3537277276071,5541
3537277375993,5542
3537277475916,5552
3537277575838,5545
3537277675760,5543
3537277775682,5537
3537277875604,5536
3537277975526,5548
3537278075449,5542
3537278175371,5544
3537278275294,5548
3537278375216,5538
3537278475139,5668
3537278575061,5548
3537278674984,5556
3537278774906,5550
3537278874828,5544
3537278974750,5549
3537279074672,5546
3537279174594,5550
3537279274517,5548
3537279374439,5528
3537279474361,5531
3537279574284,5545
3537279674206,5542
3537279774128,5545
3537279874050,5533
3537279973972,5550
3537280073895,5572
3537280173817,5549
3537280273740,5549
3537280373662,5553
3537280473585,5550
3537280573508,5618
3537280673431,5661
3537280773354,5545
3537280873276,5750
3537280973199,5728
3537281073122,5540
3537281173044,5515
3537281272966,5513
3537281372888,5508
3537281472811,5508
3537281572733,5509
3537281672655,5508
3537281772578,5507
3537281872500,5508
3537281972422,5504
3537282072345,5506
3537282172267,5509
3537282272189,5507
3537282372111,5505
3537282472033,5509
3537282571955,5513
3537282671878,5517
3537282771800,5515
3537282871722,5513
3537282971644,5543
3537283071566,5546
3537283171488,5509
3537283271410,5574
3537283371332,5540
3537283471255,5532
3537283571177,5531
3537283671099,5531
3537283771021,5510
3537283870943,5519
3537283970865,5515
3537284070788,5510
3537284170710,5516
3537284270632,5511
3537284370554,5514
3537284470476,5510
3537284570399,5505
3537284670322,5522
3537284770244,5512
3537284870166,5506
3537284970088,5504
3537285070010,5530
3537285169932,5508
3537285269854,5505
3537285369776,5509
3537285469698,5512
3537285569620,5512
3537285669542,5534
3537285769464,5512
3537285869386,5508
3537285969308,5509
3537286069246,5506
3537286169168,5502
3537286269090,5509
3537286369012,5506
3537286468935,5509
3537286568857,5509
3537286668780,5519
3537286768703,5514
3537286868625,5510
3537286968547,5509
3537287068469,5505
3537287168391,5503
3537287268313,5508
3537287368235,5506
3537287468157,5504
3537287568079,5497
3537287668004,5507
3537287767927,5505
3537287867849,5508
3537287967771,5505
3537288067693,5505
3537288167615,5502
3537288267537,5506
3537288367460,5539
3537288467383,5502
3537288567305,5501
3537288667227,5526
3537288767150,5512
3537288867072,5499
3537288966994,5507
3537289066916,5498
3537289166838,5504
3537289266760,5508
3537289366682,5507
3537289466605,5507
3537289566527,5505
3537289666449,5502
3537289766371,5501
3537289866293,5506
3537289966215,5500
3537290066137,5503
3537290166059,5503
3537290265981,5513
3537290365904,5505
3537290465827,5506
3537290565749,5508
3537290665672,5603
3537290765595,6040
3537290865518,5615
3537290965440,5838
3537291065363,5771
3537291165286,5548
3537291265208,5550
3537291365130,5543
3537291465052,5543
3537291564974,5551
3537291664896,5546
3537291764818,5546
3537291864740,5547
3537291964662,5546
3537292064584,5540
3537292164506,5532
3537292264428,5526
3537292364350,5542
3537292464272,5545
3537292564194,5540
3537292664116,5603
3537292764038,5541
3537292863960,5729
3537292963882,5544
3537293063805,5549
3537293163727,5551
3537293263649,5547
3537293363571,5545
3537293463493,5549
3537293563415,5555
3537293663337,5547
3537293763260,5539
3537293863182,5533
3537293963104,5547
3537294063026,5545
3537294162948,5551
3537294262870,5554
3537294362793,5733
3537294462716,5551
3537294562639,5546
3537294662561,5604
3537294762483,5567
3537294862405,5552
3537294962327,5550
3537295062249,5546
3537295162171,5549
3537295262093,5550
3537295362015,5539
3537295461937,5534
3537295561860,5552
3537295661782,5551
3537295761704,5549
3537295861626,5547
3537295961548,5546
3537296061470,5546
3537296161392,5548
3537296261314,5542
3537296361236,5541
3537296461159,5548
3537296561082,5551
3537296661005,5619
3537296760928,5558
3537296860850,5547
3537296960772,5534
3537297060694,5533
3537297160617,5555
3537297260540,5658
3537297360462,5549
3537297460384,5544
3537297560306,5550
3537297660228,5543
3537297760150,5546
3537297860072,5542
3537297959994,5548
3537298059916,5547
3537298159838,5551
3537298259760,5548
3537298359682,5548
3537298459604,5549
3537298559526,5538
3537298659448,5579
3537298759371,5547
3537298859293,5549
3537298959216,5552
3537299059138,5542
3537299159060,5549
3537299258982,5557
3537299358904,5547
3537299458826,5554
3537299558749,5549
3537299658671,5551
3537299758593,5547
3537299858515,5549
3537299958437,5546
3537300058359,5548
3537300158281,5533
3537300258204,5534
3537300358126,5580
3537300458048,5540
3537300557970,5703
3537300657892,5631
