733502224188,10537
733502324101,4815
733502424006,4844
733502523909,4853
733502623811,4853
733502723714,4867
733502823616,5176
733502923518,4855
733503023420,4868
733503123322,4816
733503223224,4855
733503323126,4852
733503423028,4855
733503522930,4857
733503622832,4856
733503722734,4856
733503822636,4856
733503922539,4828
733504022441,4864
733504122343,4858
733504222245,4858
733504322147,4864
733504422049,4854
733504521951,4854
733504621853,4874
733504721756,4828
733504821658,4857
733504921560,4861
733505021462,4856
733505121364,4868
733505221266,4858
733505321168,4864
733505421070,4853
733505520972,4838
733505620874,4855
733505720776,4857
733505820678,4857
733505920580,4863
733506020482,4865
733506120384,4858
733506220286,4854
733506320188,4823
733506420090,4852
733506519992,4857
733506619894,4860
733506719796,4873
733506819698,4859
733506919600,4856
733507019502,4863
733507119404,4817
733507219306,4873
733507319208,4863
733507419110,4848
733507519012,4848
733507618914,4868
733507718816,4858
733507818718,4852
733507918620,4818
733508018522,4861
733508118424,4862
733508218326,4851
733508318228,4858
733508418130,4849
733508518032,4861
733508617934,4852
733508717836,4825
733508817738,4853
733508917640,4855
733509017542,4852
733509117444,4860
733509217346,4853
733509317248,4851
733509417150,4855
733509517052,4822
733509616954,4854
733509716856,4855
733509816758,4853
733509916660,4852
733510016562,4860
733510116464,4853
733510216366,4853
733510316268,4829
733510416170,4852
733510516072,4853
733510615974,4855
733510715877,4858
733510815779,4857
733510915681,4861
733511015583,4859
733511115485,4821
733511215387,4855
733511315289,4873
733511415191,4866
733511515093,4850
733511614995,4851
733511714898,4853
733511814800,4870
733511914702,4825
733512014604,4858
733512114506,4860
733512214408,4856
733512314311,5049
733512414213,4898
733512514115,4879
733512614017,4869
733512713919,4883
733512813821,4868
733512913723,4872
733513013625,4883
733513113527,4867
733513213429,4901
733513313331,4879
733513413233,4926
733513513135,4890
733513613037,4886
733513712939,4886
733513812841,4916
733513912743,4880
733514012645,4898
733514112547,4886
733514212449,4877
733514312351,4912
733514412253,4885
733514512155,4884
733514612057,4887
733514711959,4893
733514811861,4934
733514911763,4883
733515011665,4946
733515111567,4890
733515211469,4883
733515311371,4902
733515411273,4911
733515511175,4964
733515611077,4898
733515710979,4874
733515810881,4883
733515910783,4882
733516010685,4959
733516110587,4871
733516210489,4877
733516310391,4878
733516410293,4887
733516510195,4954
733516610097,4901
733516709999,4901
733516809901,4886
733516909803,4886
733517009705,4908
733517109607,4878
733517209509,4871
733517309411,4882
733517409313,4886
733517509215,4892
733517609117,4869
733517709019,4867
733517808921,4868
733517908823,4870
733518008725,4885
733518108627,4868
733518208529,4854
733518308431,4894
733518408333,4871
733518508235,4883
733518608137,4896
733518708039,4882
733518807941,4886
733518907843,4870
733519007745,4883
733519107647,4883
733519207549,4910
733519307451,4901
733519407353,4886
733519507255,4887
733519607157,4878
733519707059,4880
733519806961,4863
733519906863,4873
733520006765,4869
733520106667,4887
733520206569,4920
733520306471,4873
733520406373,4895
733520506275,4870
733520606177,4877
733520706079,4881
733520805981,4882
733520905883,4881
733521005785,4877
733521105687,4903
733521205589,4910
733521305491,4878
733521405393,4888
733521505295,4893
733521605197,4870
733521705099,4897
733521805005,4869
733521904907,4881
733522004809,4874
733522104711,4899
733522204613,4927
733522304516,4958
733522404418,4862
733522504320,4855
733522604222,4860
733522704125,4848
733522804027,4862
733522903929,4857
733523003831,4864
733523103733,4866
733523203635,4906
733523303537,4898
733523403439,4855
733523503341,4861
733523603243,4859
733523703145,4875
733523803047,4854
733523902949,4826
733524002851,4859
733524102753,4856
733524202655,4905
733524302557,4894
733524402459,4862
733524502361,4856
733524602263,4862
733524702165,4842
733524802067,4855
733524901969,4869
733525001900,4862
733525101802,4859
733525201704,4867
733525301606,4856
733525401508,4856
733525501410,4824
733525601312,4859
733525701214,4883
733525801116,4891
733525901018,4868
733526000920,4856
733526100822,4853
733526200724,4869
733526300626,4831
733526400528,4858
733526500430,4858
733526600332,4893
733526700234,4914
733526800136,4892
733526900038,4853
733526999940,4891
733527099842,4828
733527199744,4872
733527299646,4853
733527399548,4872
733527499450,4858
733527599352,4891
733527699254,4872
733527799156,4856
733527899058,4815
733527998960,4854
733528098862,4854
733528198764,4857
733528298666,4852
733528398568,4861
733528498470,4856
733528598372,4891
733528698275,4884
733528798177,4865
733528898079,4852
733528997981,4851
733529097883,4853
733529197785,4854
733529297687,4854
733529397589,4857
733529497491,4816
733529597393,4898
733529697295,4855
733529797197,4853
733529897099,4853
733529997004,4850
733530096906,4869
733530196808,4854
733530296710,4836
733530396612,4854
733530496514,4853
733530596416,4877
733530696318,4905
733530796220,4857
733530896122,4852
733530996024,4851
733531095926,4823
733531195828,4866
733531295730,4860
733531395632,4856
733531495534,4856
733531595436,4857
733531695338,4855
733531795240,4856
733531895142,4817
733531995044,4853
733532094946,4864
733532194848,4860
733532294751,5017
733532394653,4884
733532494555,4899
733532594457,4861
733532694359,4972
733532794261,4871
733532894163,4881
733532994065,4882
733533093967,4877
733533193869,4877
733533293771,4876
733533393673,4876
733533493575,4904
733533593477,4866
733533693379,4880
733533793281,4868
733533893183,4892
733533993085,4890
733534092987,4870
733534192889,4874
733534292791,4897
733534392693,4874
733534492595,4872
733534592497,4884
733534692400,4927
733534792302,4863
733534892204,4885
733534992106,4885
733535092008,4902
733535191910,4909
733535291812,4893
733535391714,4884
733535491616,4893
733535591518,4896
733535691420,4882
733535791322,4890
733535891224,4907
733535991126,4885
733536091028,4856
733536190930,4871
733536290832,4905
733536390734,4879
733536490636,4866
733536590538,4886
733536690440,4964
733536790342,4902
733536890244,4865
733536990146,4883
733537090048,4880
733537189950,4875
733537289852,4867
733537389754,4881
733537489656,4890
733537589558,4886
733537689460,4875
733537789362,4878
733537889264,4896
733537989166,4877
733538089068,4855
733538188970,4869
733538288872,4880
733538388774,4874
733538488676,4911
733538588578,4879
733538688480,4945
733538788382,4873
733538888284,4878
733538988186,4874
733539088088,4899
733539187990,4879
733539287892,4878
733539387794,4885
733539487696,4869
733539587598,4889
733539687500,4884
733539787402,4881
733539887304,4902
733539987206,4867
733540087108,4866
733540187010,4870
733540286912,4891
733540386814,4865
733540486716,4870
733540586618,4874
733540686521,4929
733540786423,4881
733540886325,4874
733540986227,4877
733541086129,4877
733541186031,4894
733541285933,4877
733541385835,4873
733541485737,4875
733541585639,4873
733541685541,4885
733541785443,4870
733541885345,4878
733541985247,4870
733542085149,4870
733542185051,4874
733542284954,4986
733542384856,4857
733542484758,4852
733542584660,4854
733542684562,4875
733542784464,4859
733542884366,4856
733542984268,4862
733543084170,4821
733543184072,4854
733543283974,4891
733543383876,4856
733543483778,4857
733543583680,4857
733543683582,4857
733543783484,4860
733543883386,4822
733543983288,4866
733544083190,4863
733544183092,4858
733544282994,4896
733544382896,4855
733544482798,4856
733544582700,4863
733544682602,4827
733544782504,4860
733544882406,4860
733544982308,4859
733545082210,5020
733545182112,4858
733545282014,4887
733545381916,4861
733545481818,4833
733545581720,4858
733545681622,4860
733545781524,4857
733545881426,4856
733545981328,4862
733546081230,4857
733546181132,4867
733546281034,4859
733546380936,4860
733546480838,4856
733546580740,4860
733546680642,4857
733546780544,4857
733546880446,4860
733546980348,4862
733547080250,4818
733547180152,4859
733547280054,4855
733547379956,4862
733547479858,4864
733547579760,4854
733547679662,4854
733547779583,4863
733547879485,4844
733547979387,4855
733548079289,4860
733548179191,4858
733548279093,4853
733548378995,4853
733548478897,4857
733548578799,4861
733548678701,4816
733548778603,4861
733548878505,4857
733548978407,4861
733549078309,4856
733549178211,4856
733549278113,4853
733549378015,4850
733549477917,4822
733549577819,4851
733549677721,4851
733549777623,4857
733549877525,4854
733549977427,4854
733550077330,4852
733550177232,4852
733550277134,4820
733550377036,4851
733550476938,4850
733550576840,4853
733550676743,4852
733550776645,4852
733550876547,4853
733550976449,4854
733551076351,4822
733551176253,4859
733551276155,4853
733551376057,4854
733551475959,4857
733551575861,4855
733551675763,4859
733551775665,4854
733551875567,4833
733551975469,4853
733552075371,4853
733552175273,4858
733552275176,5030
733552375078,4883
733552474980,4874
733552574882,4860
733552674784,4892
733552774686,4879
733552874588,4871
733552974490,4879
733553074392,4887
733553174294,4871
733553274196,4887
733553374098,4877
733553474006,4881
733553573908,4871
733553673810,4867
733553773712,4904
733553873614,4902
733553973516,4882
733554073418,4881
733554173320,4894
733554273222,4896
733554373124,4870
733554473026,4879
733554572928,4878
733554672830,4878
733554772732,4869
733554872634,4876
733554972536,4876
733555072438,4891
733555172340,4882
733555272242,4869
733555372144,4874
733555472046,4879
733555571948,4885
733555671850,4875
733555771752,4892
733555871654,4901
733555971556,4873
733556071458,4884
733556171360,4881
733556271262,4893
733556371164,4878
733556471066,4899
733556570968,4876
733556670870,4905
733556770772,4887
733556870674,4876
733556970576,4868
733557070478,4864
733557170380,4896
733557270282,4884
733557370184,4868
733557470086,4887
733557569988,4886
733557669890,4886
733557769792,4888
733557869694,4870
733557969596,4888
733558069498,4872
733558169400,4881
733558269302,4898
733558369204,4877
733558469106,4885
733558569008,4864
733558668910,4884
733558768812,4872
733558868714,4875
733558968616,4870
733559068518,4899
733559168420,4863
733559268322,4891
733559368224,4877
733559468126,4872
733559568028,4869
733559667930,4887
733559767832,4894
733559867734,4892
733559967636,4873
733560067538,4890
733560167440,4887
733560267342,4892
733560367244,4875
733560467147,4888
733560567049,4864
733560666951,4917
733560766853,4887
733560866755,4904
733560966657,4871
733561066559,4873
733561166461,4882
733561266363,4886
733561366265,4872
733561466167,4900
733561566069,4880
733561665971,4881
733561765873,4875
733561865775,4877
733561965677,4870
733562065579,4873
733562165481,5093
733562265384,5137
733562365286,5048
733562465188,5049
733562565090,5052
733562664992,4885
733562764894,4854
733562864796,4853
733562964698,4852
733563064600,4823
733563164502,4857
733563264404,4853
733563364306,4856
733563464208,4930
733563564110,4851
733563664012,4852
733563763914,4860
733563863816,4824
733563963719,4859
733564063621,4855
733564163523,4856
733564263425,4859
733564363327,4856
733564463229,4935
733564563131,4854
733564663033,4856
733564762935,4857
733564862837,4858
733564962739,4858
733565062641,4855
733565162543,4858
733565262445,4862
733565362347,4858
733565462249,4893
733565562151,4855
733565662053,4855
733565761955,4896
733565861857,4856
733565961759,4866
733566061661,4855
733566161563,4857
733566261465,4824
733566361367,4867
733566461269,4930
733566561171,4856
733566661073,4936
733566760975,4856
733566860877,4859
733566960779,4860
733567060681,4830
733567160583,4858
733567260485,4858
733567360387,4865
733567460289,4936
733567560191,4857
733567660104,4851
733567760006,4853
733567859908,4822
733567959810,4890
733568059712,4858
733568159614,4854
733568259516,4868
733568359418,4865
733568459320,4866
733568559222,4856
733568659124,4976
733568759026,4850
733568858928,4854
733568958830,4887
733569058732,4867
733569158634,4859
733569258536,4855
733569358438,4851
733569458340,4826
733569558242,4856
733569658144,4941
733569758046,4860
733569857948,4853
733569957850,4926
733570057752,4859
733570157654,4853
733570257556,4828
733570357458,4858
733570457388,4853
733570557291,4860
733570657193,4988
733570757096,4856
733570856998,4854
733570956900,4900
733571056802,4863
733571156704,4853
733571256606,4859
733571356508,4853
733571456410,4853
733571556312,4854
733571656214,4937
733571756116,4858
733571856018,4819
733571955920,4889
733572055822,4894
733572155724,4888
733572255627,5017
733572355529,4887
733572455431,4862
733572555333,4881
733572655235,5075
733572755137,4878
733572855039,4882
733572954941,4879
733573054843,4880
733573154745,4882
733573254647,4894
733573354549,4878
733573454451,4888
733573554353,4879
733573654255,4883
733573754157,4887
733573854059,4865
733573953961,4912
733574053863,4895
733574153765,4906
733574253667,4895
733574353569,4896
733574453471,4880
733574553373,4875
733574653275,4935
733574753177,4872
733574853079,4880
733574952981,4885
733575052883,4899
733575152785,4877
733575252687,4875
733575352589,4889
733575452491,4892
733575552393,4872
733575652295,4881
733575752197,4880
733575852099,4889
733575952004,4901
733576051906,4884
733576151808,4926
733576251710,4884
733576351612,4879
733576451514,4893
733576551416,4883
733576651318,4924
733576751220,4892
733576851122,4889
733576951024,4907
733577050926,4870
733577150828,4919
733577250730,4874
733577350632,4867
733577450534,4892
733577550436,4869
733577650338,4869
733577750240,4899
733577850142,4884
733577950044,4905
733578049946,4895
733578149848,4912
733578249750,4873
733578349652,4881
733578449554,4894
733578549456,4909
733578649358,4922
733578749260,4871
733578849162,4888
733578949064,4865
733579048966,4911
733579148868,4907
733579248770,4872
733579348672,4868
733579448574,4882
733579548476,4859
733579648378,4877
733579748280,4868
733579848182,4877
733579948084,4878
733580047986,4881
733580147888,4875
733580247790,4877
733580347692,4872
733580447594,4882
733580547497,4860
733580647399,4884
733580747301,4922
733580847203,4889
733580947105,4880
733581047007,4872
733581146909,4887
733581246811,4875
733581346713,4866
733581446615,4883
733581546517,4883
733581646419,4869
733581746321,4872
733581846223,4868
733581946125,4886
733582046027,4869
733582145929,4863
733582245832,4971
733582345734,4853
733582445636,4851
733582545538,4855
733582645440,4855
733582745342,4853
733582845244,4864
733582945146,4849
733583045048,4817
733583144950,4860
733583244852,4854
733583344754,4865
733583444656,4856
733583544558,4856
733583644460,4852
733583744362,4852
733583844264,4826
733583944166,4864
733584044068,4853
733584143970,4889
733584243872,4854
733584343774,4858
733584443676,4854
733584543578,4859
733584643480,4828
733584743382,4857
733584843284,4869
733584943186,4856
733585043088,4854
733585142990,4856
733585242892,4863
733585342794,4858
733585442696,4826
733585542598,4858
733585642500,4861
733585742402,4860
733585842304,4866
733585942206,4857
733586042108,4862
733586142010,4857
733586241912,4824
733586341814,4858
733586441716,4861
733586541618,4857
733586641520,4864
733586741422,4858
733586841324,4855
733586941226,4855
733587041128,4834
733587141030,4854
733587240932,4857
733587340834,4858
733587440736,4857
733587540638,4857
733587640540,4857
733587740442,4868
733587840344,4817
733587940246,4857
733588040148,4869
733588140050,4860
733588239952,4857
733588339854,4858
733588439756,4855
733588539658,4859
733588639560,4837
733588739462,4864
733588839364,4854
733588939266,4863
733589039168,4858
733589139070,4852
733589238972,4852
733589338874,4853
733589438776,4814
733589538678,4853
733589638580,4852
733589738482,4859
733589838384,4856
733589938286,4861
733590038188,4852
733590138090,4851
733590237992,4824
733590337894,4853
733590437796,4857
733590537698,4859
733590637600,4854
733590737502,5182
733590837404,4870
733590937306,4853
733591037208,4834
733591137110,4853
733591237012,4849
733591336914,4852
733591436816,4859
733591536718,4857
733591636620,4851
733591736522,4858
733591836424,4818
733591936326,4861
733592036228,4865
733592136130,4850
733592236033,5004
733592335935,4871
733592435837,4864
733592535739,4865
733592635641,4876
733592735543,4878
733592835445,4887
733592935347,4878
733593035249,4870
733593135151,4880
733593235080,4890
733593334982,4895
733593434884,4907
733593534786,4858
733593634688,4864
733593734590,4878
733593834492,4870
733593934394,4874
733594034296,4891
733594134198,4933
733594234100,4895
733594334006,4874
733594433908,4870
733594533810,4886
733594633712,4872
733594733614,4868
733594833516,4873
733594933418,4903
733595033320,4878
733595133222,4898
733595233124,4889
733595333026,4892
733595432928,4893
733595532830,4894
733595632732,4878
733595732634,4883
733595832536,4911
733595932438,4879
733596032340,4878
733596132242,4887
733596232144,4883
733596332046,4882
733596431948,4890
733596531850,4880
733596631752,4895
733596731654,4894
733596831556,4887
733596931458,4996
733597031360,4887
733597131262,4886
733597231164,4885
733597331066,4872
733597430968,4898
733597530870,4891
733597630772,4890
733597730674,4876
733597830576,4893
733597930478,4884
733598030380,4873
733598130282,4875
733598230184,4895
733598330086,4896
733598429988,4886
733598529890,4894
733598629792,4882
733598729694,4888
733598829596,4888
733598929498,5067
733599029400,4904
733599129302,4892
733599229204,4871
733599329106,4862
733599429008,4887
733599528910,4881
733599628812,4873
733599728714,4908
733599828616,4892
733599928518,4862
733600028420,4878
733600128322,4870
733600228224,4871
733600328126,4878
733600428028,4884
733600527930,4882
733600627832,4879
733600727734,4889
733600827636,4887
733600927538,4881
733601027440,4869
733601127342,4865
733601227244,4871
733601327146,4891
733601427048,4887
733601526950,4892
733601626852,4871
733601726754,4881
733601826656,4881
733601926558,4884
733602026460,4867
733602126362,4879
733602226265,4923
733602326167,4863
733602426073,4883
733602525975,4858
733602625877,4851
733602725779,4861
733602825681,4852
733602925583,4855
733603025485,4824
733603125387,4863
733603225289,4856
733603325191,4857
733603425093,4853
733603524995,4854
733603624897,4853
733603724799,4865
733603824701,4848
733603924603,4852
733604024505,4863
733604124407,4861
733604224309,4858
733604324211,4862
733604424113,4860
733604524015,4857
733604623917,4830
733604723819,4857
733604823721,4855
733604923623,4854
733605023525,4860
733605123427,4861
733605223329,4860
733605323231,4855
733605423133,4830
733605523035,4856
733605622937,4860
733605722839,4856
733605822741,4855
733605922643,4855
733606022545,4855
733606122447,4856
733606222349,4825
733606322251,4861
733606422153,4855
733606522055,4860
733606621957,4857
733606721859,4859
733606821761,4855
733606921663,4861
733607021565,4816
733607121467,4859
733607221369,4865
733607321271,4858
733607421173,4854
733607521075,4851
733607620977,4860
733607720879,4857
733607820781,4819
733607920683,4866
733608020585,4857
733608120487,4856
733608220389,4861
733608320291,4930
733608420193,4856
733608520095,4863
733608619997,4822
733608719899,4874
733608819801,4860
733608919703,4856
733609019605,4854
733609119507,4858
733609219409,4856
733609319311,4855
733609419213,4828
733609519115,4850
733609619017,4848
733609718919,4853
733609818821,4851
733609918723,4851
733610018625,4852
733610118527,4855
733610218429,4815
733610318331,4851
733610418233,4853
733610518135,4852
733610618037,4853
733610717939,4859
733610817841,4868
733610917743,4851
733611017645,4823
733611117547,4853
733611217449,4853
733611317351,4852
733611417253,4854
733611517155,4856
733611617057,4855
733611716959,4862
733611816861,4816
733611916763,4855
733612016665,4853
733612116567,4853
733612216469,4853
733612316372,4988
733612416274,4885
733612516176,4876
733612616078,4911
733612715980,4882
733612815882,4885
733612915784,4880
733613015686,4870
733613115588,4862
733613215490,4875
733613315392,4878
733613415294,4950
733613515196,4884
733613615098,4893
733613715004,4870
733613814906,4871
733613914808,4886
733614014710,4877
733614114612,4889
733614214514,4875
733614314416,4888
733614414319,4871
733614514221,4891
733614614123,4889
733614714025,4872
733614813927,4890
733614913829,4881
733615013731,4885
733615113633,4891
733615213535,4896
733615313437,4919
733615413339,4894
733615513241,4880
733615613143,4893
733615713045,4895
733615812947,4901
733615912870,4904
733616012772,4897
733616112674,4875
733616212576,4890
733616312478,4872
733616412380,4896
733616512282,4887
733616612184,4900
733616712086,4883
733616811988,4870
733616911890,4875
733617011792,4941
733617111694,4891
733617211596,4892
733617311498,4875
733617411400,4887
733617511302,4970
733617611204,4885
733617711106,4875
733617811008,4875
733617910910,4877
733618010812,4963
733618110714,4900
733618210616,4879
733618310518,4900
733618410420,4865
733618510322,4962
733618610224,4880
733618710127,4885
733618810029,4866
733618909931,4897
733619009833,4917
733619109735,4889
733619209637,4887
733619309539,4870
733619409441,4885
733619509343,4882
733619609245,4874
733619709147,4878
733619809049,4896
733619908951,4880
733620008853,4870
733620108755,4867
733620208657,4872
733620308559,4878
733620408461,4869
733620508363,4867
733620608265,4895
733620708168,4903
733620808070,4923
733620907972,4867
733621007874,4869
733621107776,4888
733621207678,4876
733621307580,4874
733621407482,4907
733621507384,4870
733621607286,4889
733621707188,4880
733621807090,4901
733621906992,4872
733622006894,4862
733622106796,4846
733622206698,5107
733622306601,5174
733622406503,5051
733622506405,5053
733622606307,5061
733622706210,4856
733622806112,4891
733622906014,4847
733623005916,4820
733623105818,4854
733623205720,4855
733623305622,4867
733623405524,4852
733623505426,4854
733623605328,4858
733623705230,4854
733623805132,4846
733623905035,4849
733624004937,4851
733624104839,4853
733624204741,4862
733624304643,4857
733624404545,4857
733624504447,4851
733624604349,4824
733624704251,4855
733624804153,4873
733624904055,4848
733625003957,4858
733625103859,4860
733625203761,4870
733625303663,4853
733625403565,4854
733625503467,4857
733625603369,4892
733625703271,4874
733625803173,4857
733625903075,4853
733626002977,4866
733626102879,4860
733626202781,4838
733626302683,4857
733626402585,4862
733626502487,4868
733626602389,4856
733626702291,4881
733626802193,4860
733626902095,4860
733627001997,4832
733627101899,4858
733627201801,4871
733627301703,4856
733627401605,4857
733627501507,4855
733627601409,4860
733627701311,4871
733627801213,4818
733627901115,4858
733628001017,4851
733628100919,4855
733628200821,4868
733628300723,4856
733628400625,4857
733628500527,4862
733628600429,4862
733628700331,4919
733628800233,4856
733628900135,4851
733629000037,4852
733629099939,4855
733629199841,4869
733629299743,4862
733629399645,4831
733629499547,4862
733629599449,4888
733629699351,4875
733629799253,4853
733629899155,4857
733629999057,4853
733630098959,4854
733630198861,4823
733630298763,4854
733630398665,4858
733630498567,4854
733630598469,4890
733630698372,4912
733630798274,4858
733630898176,4855
733630998078,4813
733631097980,4854
733631197882,4856
733631297784,4853
733631397686,4852
733631497588,4856
733631597490,4857
733631697392,4853
733631797294,4832
733631897196,4851
733631997098,4850
733632097003,4849
733632196905,4858
733632296808,5039
733632396710,4892
733632496612,4857
733632596514,4890
733632696416,4943
733632796318,4886
733632896220,4881
733632996122,4868
733633096024,4858
733633195926,4868
733633295828,4900
733633395730,4878
733633495632,4882
733633595534,4865
733633695436,4896
733633795338,4885
733633895240,4881
733633995142,4873
733634095044,4882
733634194946,4896
733634294848,4908
733634394750,4887
733634494652,4879
733634594554,4858
733634694456,4930
733634794358,4898
733634894260,4884
733634994162,4893
733635094064,4889
733635193966,4884
733635293868,4944
733635393770,4884
733635493672,4878
733635593574,4894
733635693476,4882
733635793378,4869
733635893280,4881
733635993182,4908
733636093084,4869
733636192986,4885
733636292888,4903
733636392790,4879
733636492692,4889
733636592594,4896
733636692496,4933
733636792398,4896
733636892300,4878
733636992202,4901
733637092104,4872
733637192006,4885
733637291908,4886
733637391810,4887
733637491712,4885
733637591614,4899
733637691516,4891
733637791418,4877
733637891320,4896
733637991222,4870
733638091124,4890
733638191026,4871
733638290928,4879
733638390830,4873
733638490732,4896
733638590634,4874
733638690556,4961
733638790458,4892
733638890360,4872
733638990262,4882
733639090164,4885
733639190066,4866
733639289968,4892
733639389870,4883
733639489772,4887
733639589674,4896
733639689576,4863
733639789478,4899
733639889380,4876
733639989282,4882
733640089184,4890
733640189086,4879
733640288988,4871
733640388890,4886
733640488792,4868
733640588694,4889
733640688596,4956
733640788498,4886
733640888400,4865
733640988302,4872
733641088204,5065
733641188106,4860
733641288008,4886
733641387910,4880
733641487812,4882
733641587714,4886
733641687616,4897
733641787518,4892
733641887420,4857
733641987322,4880
733642087224,4894
733642187126,4896
733642287029,4990
733642386931,4863
733642486833,4853
733642586735,4850
733642686637,4900
733642786539,4859
733642886441,4863
733642986343,4827
733643086245,4852
733643186147,4850
733643286049,4851
733643385951,4858
733643485853,4853
733643585755,4856
733643685657,4853
733643785559,4825
733643885461,4857
733643985363,4861
733644085265,4862
733644185167,4853
733644285069,4853
733644384971,4853
733644484873,4860
733644584775,4826
733644684677,4889
733644784579,4857
733644884481,4855
733644984383,4853
733645084285,5050
733645184187,4852
733645284089,4862
733645383991,4821
733645483893,4857
733645583795,4856
733645683697,4857
733645783599,4855
733645883501,4854
733645983403,4858
733646083305,4859
733646183207,4823
733646283109,4860
733646383011,4858
733646482913,4861
733646582815,4863
733646682717,4856
733646782619,4858
733646882521,4858
733646982423,4826
733647082325,4858
733647182227,4859
733647282129,4852
733647382031,4858
733647481933,4858
733647581835,4858
733647681737,4860
733647781639,4820
733647881541,4865
733647981443,4856
733648081345,4864
733648181247,4857
733648281149,4859
733648381051,4851
733648480953,4855
733648580855,4831
733648680757,4861
733648780659,4861
733648880561,4860
733648980463,4858
733649080365,4855
733649180267,4860
733649280169,4854
733649380071,4817
733649479973,4855
733649579875,4856
733649679777,4859
733649779679,4856
733649879581,4860
733649979483,4854
733650079385,4820
733650179287,4832
733650279189,4856
733650379091,4854
733650478993,4859
733650578895,4865
733650678797,4857
733650778699,4857
733650878601,4857
733650978503,4812
733651078405,4851
733651178307,4851
733651278209,4853
733651378112,4852
733651478014,4857
733651577916,4899
733651677818,4854
733651777720,4820
733651877622,4867
733651977524,4861
733652077427,4867
733652177329,4868
733652277232,5005
733652377134,4878
733652477036,4892
733652576938,4895
733652676840,4877
733652776742,4877
733652876644,4883
733652976546,4867
733653076448,4879
733653176350,4879
733653276252,4893
733653376154,4891
733653476056,4871
733653575958,4889
733653675860,4900
733653775762,4886
733653875664,4874
733653975566,4875
733654075468,4867
733654175370,4886
733654275272,4895
733654375174,4872
733654475076,4865
733654574978,4868
733654674880,4874
733654774782,4870
733654874684,4887
733654974586,4893
733655074488,4916
733655174390,4875
733655274292,4882
733655374194,4867
733655474096,4875
733655573998,4882
733655673900,4885
733655773802,4885
733655873704,4867
733655973606,4887
733656073508,4894
733656173410,4877
733656273312,4864
733656373214,4889
733656473116,4896
733656573018,4883
733656672920,4891
733656772822,4893
733656872724,4887
733656972626,4878
733657072528,4885
733657172430,4890
733657272332,4889
733657372234,4888
733657472136,4883
733657572038,4872
733657671940,4890
733657771842,4871
733657871744,4880
733657971646,4889
733658071548,4884
733658171450,4886
733658271352,4886
733658371254,4892
733658471156,4902
733658571058,4900
733658670960,4884
733658770862,4887
733658870764,4878
733658970666,4891
733659070568,4889
733659170470,4887
733659270372,4872
733659370274,4873
733659470176,4888
733659570078,4897
733659669980,4879
733659769882,4877
733659869784,4866
733659969686,4874
733660069588,4890
733660169490,4891
733660269392,4877
733660369294,4902
733660469196,4894
733660569098,4876
733660669004,4870
733660768906,4874
733660868808,4882
733660968710,4870
733661068612,4876
733661168514,4879
733661268416,4875
733661368344,4888
733661468246,4869
733661568148,4890
733661668050,4862
733661767952,4866
733661867854,4904
733661967756,4869
733662067658,4886
733662167560,4896
733662267463,4976
733662367365,4871
733662467267,4852
733662567169,4855
733662667071,4877
733662766973,4852
733662866875,4857
733662966777,4829
733663066679,4850
733663166581,4855
733663266483,4854
733663366385,4853
733663466287,4854
733663566189,4851
733663666091,4852
733663765993,4815
733663865895,4858
733663965797,4855
733664065699,4850
733664165601,4852
733664265503,4863
733664365405,4852
733664465307,4860
733664565209,4831
733664665111,4879
733664765013,4847
733664864915,4858
733664964817,4855
733665064719,4857
733665164621,4857
733665264523,4854
733665364425,4831
733665464327,4925
733665564229,4853
733665664131,4849
733665764033,4849
733665863935,4855
733665963837,4859
733666063739,4857
733666163641,4828
733666263543,4856
733666363445,4865
733666463347,4937
733666563249,4856
733666663151,4896
733666763054,4858
733666862956,4861
733666962858,4836
733667062760,4856
733667162662,4856
733667262564,4855
733667362466,4858
733667462368,4934
733667562270,4857
733667662172,4855
733667762074,4815
733667861976,4861
733667961878,4856
733668061780,4856
733668161682,4858
733668261584,4893
733668361486,4862
733668461388,4933
733668561290,4842
733668661192,4934
733668761094,4856
733668860996,4855
733668960898,4856
733669060800,4853
733669160702,4855
733669260604,4862
733669360506,4825
733669460408,4940
733669560310,4856
733669660212,4865
733669760114,4852
733669860016,4856
733669959919,4892
733670059821,4857
733670159723,4818
733670259625,4862
733670359527,4857
733670459429,4864
733670559331,4856
733670659233,5005
733670759135,4850
733670859037,4857
733670958939,4861
733671058841,4855
733671158743,4853
733671258645,4853
733671358547,4850
733671458449,4859
733671558351,4853
733671658253,4933
733671758155,4825
733671858057,4866
733671957959,4892
733672057861,4855
733672157763,4855
733672257666,5025
733672357568,5184
733672457470,4867
733672557373,4883
733672657275,5031
733672757177,4896
733672857079,4873
733672956981,4928
733673056883,4879
733673156785,4884
733673256687,4882
733673356589,4926
733673456491,4874
733673556393,4894
733673656295,4960
733673756197,4878
733673856099,4878
733673956004,4916
733674055906,4872
733674155808,4892
733674255710,4874
733674355612,4883
733674455514,4883
733674555416,4880
733674655318,5055
733674755220,4866
733674855122,4887
733674955024,4879
733675054926,4877
733675154828,4886
733675254730,4869
733675354632,4887
733675454534,4879
733675554436,4901
733675654338,4887
733675754240,4892
733675854142,4878
733675954044,4869
733676053946,4879
733676153848,4870
733676253750,4888
733676353652,4873
733676453554,4884
733676553456,4883
733676653358,4930
733676753260,4864
733676853162,4877
733676953064,4877
733677052966,4876
733677152868,4875
733677252770,4888
733677352672,4871
733677452574,4905
733677552476,4885
733677652378,4887
733677752280,4894
733677852182,4892
733677952084,4898
733678051986,4907
733678151888,4913
733678251790,4878
733678351692,4867
733678451594,4876
733678551496,4893
733678651398,4973
733678751300,4875
733678851202,4902
733678951104,4884
733679051006,4866
733679150908,4879
733679250810,4877
733679350712,4881
733679450614,4902
733679550516,4869
733679650418,4878
733679750320,4891
733679850222,4891
733679950124,4897
733680050026,4874
733680149928,4916
733680249830,4886
733680349732,4869
733680449634,4893
733680549536,4885
733680649438,4948
733680749340,4877
733680849242,4873
733680949144,4878
733681049046,4893
733681148948,4880
733681248850,4884
733681348752,4898
733681448654,4868
733681548556,4871
733681648458,4874
733681748360,4887
733681848262,4870
733681948164,4891
733682048066,4875
733682147968,5072
733682247871,5183
733682347773,5049
733682447675,5043
733682547578,4860
733682647480,4860
733682747383,4852
733682847285,4853
733682947187,4820
733683047089,4854
733683146991,4851
733683246893,4862
733683346795,4855
733683446697,4853
733683546599,4852
733683646501,4852
733683746403,4833
733683846305,4851
733683946208,4873
733684046110,4850
733684146033,4862
733684245935,4853
733684345837,4861
733684445739,4852
733684545641,4827
733684645543,4861
733684745445,4856
733684845347,4890
733684945249,4858
733685045151,4853
733685145053,4850
733685244955,4852
733685344857,4831
733685444759,4860
733685544661,4856
733685644563,4859
733685744465,4855
733685844367,4855
733685944269,4855
733686044171,4855
733686144073,4823
733686243975,4855
733686343877,4856
733686443779,4859
733686543681,4855
733686643583,4856
733686743485,4872
733686843387,4856
733686943289,4817
733687043191,4859
733687143093,4857
733687242995,4865
733687342897,4860
733687442799,4861
733687542701,4863
733687642603,4859
733687742505,4839
733687842407,4859
733687942309,4856
733688042211,4857
733688142113,4858
733688242015,4856
733688341917,4856
733688441819,4860
733688541721,4823
733688641623,4869
733688741525,4865
733688841427,4858
733688941329,4854
733689041231,4860
733689141133,4854
733689241035,4851
733689340937,4819
733689440839,4861
733689540741,4857
733689640643,4860
733689740545,4860
733689840447,4856
733689940349,4855
733690040251,4855
733690140153,4819
733690240055,4858
733690339957,4857
733690439859,4857
733690539761,4855
733690639663,4865
733690739565,4862
733690839467,4858
733690939369,4824
733691039271,4858
733691139173,4856
733691239075,4851
733691338977,4853
733691438879,4854
733691538781,4866
733691638683,4855
733691738585,4822
733691838487,4861
733691938389,4857
733692038291,4853
733692138193,4898
733692238096,5022
733692337998,4879
733692437900,4911
733692537802,4887
733692637704,4874
733692737607,4895
733692837509,4871
733692937411,4868
733693037313,4893
733693137215,4893
733693237117,4899
733693337019,4897
733693436921,4888
733693536823,4876
733693636725,4899
733693736627,4903
733693836529,4871
733693936431,4893
733694036333,4907
733694136235,4907
733694236137,4882
733694336039,4876
733694435941,4873
733694535843,4891
733694635745,4880
733694735647,4883
733694835549,4885
733694935451,4893
733695035353,4882
733695135255,4887
733695235157,4868
733695335059,4878
733695434961,4876
733695534863,4869
733695634765,4886
733695734667,4891
733695834569,4883
733695934471,4883
733696034373,4874
733696134275,4872
733696234177,4870
733696334079,4875
733696433981,4898
733696533883,4896
733696633785,4866
733696733687,4882
733696833589,4877
733696933491,4888
733697033393,4881
733697133295,4887
733697233197,4877
733697333099,4883
733697433004,4892
733697532906,4889
733697632808,4891
733697732710,4907
733697832612,4875
733697932514,4870
733698032416,4883
733698132318,4886
733698232220,4878
733698332122,4887
733698432024,4867
733698531926,4871
733698631828,4902
733698731730,4884
733698831632,4865
733698931534,4912
733699031436,4865
733699131338,4875
733699231240,4886
733699331142,4879
733699431044,4879
733699530946,4885
733699630848,4894
733699730750,4899
733699830652,4891
733699930554,4873
733700030456,4871
733700130358,4875
733700230260,4871
733700330162,4899
733700430064,4870
733700529966,4894
733700629868,4879
733700729770,4885
733700829672,4873
733700929574,4891
733701029476,4883
733701129378,4872
733701229280,4897
733701329182,4891
733701429084,4831
733701528986,4895
733701628888,4868
733701728790,4873
733701828692,4869
733701928594,4905
733702028496,4870
733702128398,4876
733702228301,5016
733702328203,4866
733702428105,4850
733702528007,4852
733702627909,4907
733702727811,4864
733702827713,4858
733702927615,4830
733703027517,4859
733703127419,4855
733703227321,4853
733703327223,4860
733703427125,4853
733703527027,4849
733703626929,4853
733703726831,4822
733703826733,4854
733703926635,4853
733704026537,4861
733704126439,4858
733704226341,4862
733704326243,4857
733704426145,4848
733704526047,4810
733704625949,4857
733704725851,4861
733704825753,4854
733704925655,4857
733705025557,4861
733705125459,4853
733705225361,4861
733705325263,4829
733705425165,4866
733705525067,4851
733705624969,4853
733705724871,4874
733705824773,4854
733705924675,4854
733706024577,4857
733706124479,4816
733706224381,4857
733706324283,4866
733706424185,4860
733706524087,4850
733706623989,4856
733706723891,4855
733706823814,4866
733706923716,4831
733707023618,4855
733707123520,4862
733707223422,4857
733707323324,4867
733707423226,4855
733707523128,4855
733707623030,4855
733707722932,4833
733707822834,4861
733707922736,4868
733708022638,4855
733708122540,4860
733708222442,4855
733708322344,4865
733708422246,4854
733708522148,4823
733708622050,4855
733708721952,4859
733708821854,4894
733708921756,4862
733709021658,4855
733709121560,4861
733709221462,4854
733709321364,4834
733709421266,4859
733709521168,4858
733709621070,4859
733709720972,4857
733709820874,4856
733709920776,4860
733710020678,4857
733710120580,4842
733710220482,4856
733710320384,4857
733710420286,4868
733710520188,4856
733710620090,4850
733710719992,4858
733710819894,4890
733710919796,4894
733711019698,4854
733711119600,4860
733711219502,4857
733711319404,4855
733711419306,4856
733711519208,4854
733711619110,4855
733711719012,4816
733711818914,4894
733711918816,4851
733712018718,4863
733712118620,4854
733712218522,4931
733712318425,4974
733712418327,4876
733712518230,4887
733712618132,4875
733712718034,4876
733712817936,4931
733712917838,4871
733713017740,4882
733713117642,4879
733713217544,4890
733713317446,4891
733713417348,4899
733713517250,4870
733713617152,4877
733713717054,4886
733713816956,4929
733713916858,5039
733714016760,4864
733714116662,4893
733714216564,4862
733714316466,4884
733714416368,4871
733714516270,4875
733714616172,4874
733714716074,4870
733714815976,4871
733714915878,4877
733715015780,4884
733715115682,4893
733715215584,4872
733715315486,4870
733715415388,4893
733715515290,4892
733715615192,4883
733715715094,4897
733715814996,4884
733715914898,4891
733716014800,4873
733716114702,4886
733716214604,4882
733716314506,4908
733716414408,4873
733716514310,4868
733716614212,4898
733716714114,4872
733716814016,4875
733716913918,4875
733717013820,4885
733717113722,4893
733717213624,4884
733717313526,4884
733717413428,4859
733717513330,4878
733717613232,4893
733717713134,4878
733717813036,4832
733717912938,4885
733718012840,4879
733718112742,4879
733718212644,4876
733718312546,4869
733718412448,4905
733718512350,4880
733718612252,4869
733718712154,4903
733718812056,4873
733718911958,4881
733719011860,4945
733719111762,4879
733719211664,4903
733719311566,4900
733719411468,4888
733719511370,4948
733719611272,4903
733719711174,4899
733719811076,4887
733719910978,4887
733720010880,4945
733720110782,4889
733720210684,4861
733720310586,4890
733720410488,4877
733720510390,4966
733720610292,4885
733720710194,4883
733720810096,4874
733720909998,4882
733721009900,4922
733721109802,4880
733721209704,4891
733721309606,4888
733721409508,4881
733721509410,4877
733721609312,4887
733721709214,4883
733721809116,4879
733721909018,4874
733722008920,4890
733722108822,4915
733722208724,4886
733722308627,5023
733722408529,4870
733722508431,4850
733722608333,4855
733722708235,4856
733722808137,4848
733722908039,4811
733723007941,4854
733723107843,4863
733723207745,4857
733723307647,4856
733723407549,4853
733723507451,4863
733723607353,4859
733723707255,4834
733723807157,4888
733723907059,4849
733724006961,4850
733724106863,4852
733724206765,4854
733724306667,4860
733724406569,4854
733724506471,4815
733724606373,4853
733724706276,4852
733724806178,4855
733724906080,4850
733725005982,4852
733725105884,4864
733725205786,4858
733725305688,4838
733725405590,4855
733725505492,4852
733725605394,4859
733725705296,4854
733725805198,4851
733725905100,4849
733726005005,4855
733726104907,4819
733726204809,4853
733726304711,4853
733726404613,4858
733726504515,4852
733726604417,4855
733726704319,4856
733726804221,4855
733726904123,4815
733727004025,4852
733727103927,4858
733727203829,4871
733727303731,4854
733727403633,4863
733727503535,4856
733727603437,4856
733727703339,4876
733727803241,4866
733727903143,4851
733728003045,4855
733728102947,4855
733728202849,4868
733728302751,4855
733728402653,4861
733728502555,4836
733728602457,4855
733728702359,4876
733728802261,4866
733728902163,4854
733729002065,4856
733729101967,4870
733729201869,4868
733729301771,4837
733729401673,4856
733729501575,4859
733729601497,4859
733729701399,4872
733729801301,4857
733729901203,4858
733730001105,4859
733730101007,4814
733730200909,4870
733730300811,4893
733730400713,4866
733730500615,4856
733730600517,4868
733730700419,4913
733730800321,4858
733730900223,4834
733731000125,4852
733731100027,4863
733731199929,4870
733731299831,4874
733731399733,4856
733731499635,4858
733731599537,4859
733731699439,4840
733731799341,4856
733731899243,4862
733731999145,4848
733732099047,4858
733732198949,4856
733732298852,5032
733732398754,4903
733732498656,4868
733732598558,4871
733732698469,4899
733732798371,4877
733732898273,4893
733732998175,4897
733733098077,4864
733733197979,4885
733733297881,4862
733733397783,4874
733733497685,4873
733733597587,4881
733733697489,4894
733733797392,4883
733733897294,4894
733733997196,4886
733734097098,4884
733734197003,4867
733734296905,4885
733734396807,4865
733734496709,4882
733734596611,4864
733734696513,4937
733734796415,4873
733734896317,4898
733734996219,4873
733735096121,4885
733735196023,4871
733735295925,4877
733735395827,4885
733735495729,4884
733735595631,4880
733735695533,4887
733735795435,4867
733735895337,4863
733735995239,4878
733736095141,4887
733736195043,4850
733736294945,4882
733736394847,4882
733736494749,4885
733736594651,4876
733736694553,4940
733736794455,4884
733736894357,4871
733736994259,4899
733737094161,4885
733737194063,4893
733737293965,4899
733737393867,4882
733737493769,4891
733737593671,4886
733737693573,4864
733737793475,4888
733737893377,4891
733737993279,4864
733738093181,4881
733738193083,4882
733738292985,4871
733738392887,4888
733738492789,4877
733738592691,4872
733738692593,4924
733738792495,4887
733738892397,4910
733738992299,4891
733739092201,4878
733739192103,4879
733739292005,4886
733739391907,4892
733739491809,4874
733739591711,4892
733739691613,4893
733739791515,4886
733739891417,4870
733739991319,4884
733740091221,4892
733740191123,4876
733740291025,4883
733740390927,4895
733740490829,4889
733740590731,4885
733740690633,4949
733740790535,4865
733740890437,4877
733740990339,4876
733741090241,4912
733741190143,4871
733741290045,4865
733741389947,4897
733741489849,4884
733741589751,4883
733741689653,4880
733741789555,4882
733741889457,4871
733741989359,4895
733742089261,4900
733742189163,5088
733742289072,5180
733742388974,5063
733742488876,5047
733742588778,5047
733742688680,4929
733742788582,4854
733742888484,4841
733742988386,4854
733743088288,4856
733743188190,4855
733743288092,4850
733743387994,4851
733743487896,4851
733743587798,4860
733743687700,4817
733743787602,4860
733743887504,4854
733743987407,4857
733744087309,4854
733744187211,4867
733744287113,4848
733744387015,4851
733744486917,4824
733744586819,4853
733744686721,4890
733744786623,4853
733744886525,4854
733744986427,4856
733745086329,5039
733745186231,4859
733745286133,4818
733745386035,4855
733745485937,4851
733745585839,4858
733745685741,4857
733745785643,4861
733745885545,4854
733745985447,4854
733746085349,4816
733746185251,4851
733746285153,4852
733746385055,4851
733746484957,4853
733746584859,4856
733746684761,4890
733746784663,4854
733746884565,4821
733746984467,4856
733747084369,4856
733747184271,4870
733747284173,4852
733747384075,4850
733747483977,4856
733747583879,4854
733747683781,4826
733747783683,4870
733747883585,4857
733747983487,4856
733748083389,4856
733748183291,4861
733748283193,4860
733748383095,4852
733748482997,4823
733748582899,4865
733748682801,4866
733748782703,4861
733748882605,4858
733748982507,4862
733749082409,4857
733749182311,4859
733749282213,4831
733749382115,4850
733749482017,4857
733749581919,4858
733749681821,4862
733749781723,4854
733749881625,4854
733749981527,4866
733750081429,4824
733750181331,4859
733750281233,4855
733750381135,4878
733750481037,4853
733750580939,4857
733750680841,4864
733750780743,4855
733750880645,4824
733750980547,4857
733751080449,4859
733751180351,4856
733751280253,4859
733751380155,4859
733751480057,4854
733751579959,4855
733751679861,4824
733751779763,4861
733751879665,4855
733751979567,4856
733752079469,4863
733752179371,4854
733752279274,4984
733752379194,4864
733752479096,4870
733752578998,4881
733752678900,4932
733752778802,4988
733752878704,4981
733752978606,5028
733753078508,4949
733753178410,4993
733753278312,5006
733753378214,4998
733753478116,5075
733753578018,5072
733753677920,5028
733753777822,5049
733753877724,4978
733753977626,5024
733754077528,5040
733754177431,5017
733754277333,4985
733754377235,5018
733754477137,4973
733754577039,5037
733754676941,4873
733754776843,4877
733754876745,4909
733754976647,4887
733755076549,4879
733755176451,4876
733755276353,4879
733755376255,4895
733755476157,4882
733755576059,4871
733755675961,4906
733755775863,4892
733755875765,4878
733755975667,4875
733756075569,4888
733756175471,4871
733756275373,4865
733756375275,4874
733756475177,4884
733756575079,4873
733756674981,4879
733756774883,4870
733756874785,4868
733756974687,4950
733757074589,4944
733757174491,4982
733757274393,4949
733757374295,4948
733757474197,4969
733757574099,4982
733757674007,4976
733757773909,4977
733757873811,4982
733757973713,4973
733758073615,5003
733758173517,4990
733758273419,4993
733758373321,4969
733758473223,4964
733758573125,4967
733758673027,4881
733758772929,4893
733758872831,4895
733758972733,4888
733759072635,4873
733759172537,4879
733759272439,4872
733759372341,4887
733759472243,4877
733759572145,4886
733759672047,4900
733759771949,4902
733759871851,4871
733759971753,4881
733760071655,4865
733760171557,4884
733760271459,4887
733760371361,4883
733760471263,4881
733760571165,4883
733760671067,4882
733760770969,4877
733760870871,4903
733760970773,4949
733761070675,4890
733761170577,4870
733761270479,4895
733761370381,4896
733761470283,4878
733761570185,4982
733761670087,4983
733761769989,4987
733761869891,5001
733761969793,4995
733762069695,5002
733762169597,4985
733762269500,4969
733762369402,4856
733762469304,4853
733762569206,4860
733762669108,4854
733762769010,4848
733762868912,4824
733762968814,4855
733763068716,4872
733763168618,4852
733763268520,4862
733763368422,4854
733763468324,4852
733763568226,4856
733763668128,4818
733763768030,4852
733763867932,4853
733763967834,4860
733764067736,4851
733764167638,4850
733764267540,5160
733764367442,4855
733764467344,4822
733764567246,4886
733764667148,4864
733764767050,4851
733764866952,4853
733764966854,4929
733765066756,4918
733765166658,4965
733765266560,4887
733765366462,4920
733765466364,4925
733765566266,4975
733765666168,4947
733765766070,4957
733765865972,4957
733765965874,4969
733766065776,4931
733766165678,4973
733766265580,4958
733766365482,4960
733766465384,4946
733766565286,4941
733766665188,4898
733766765090,4854
733766864992,4844
733766964894,4850
733767064796,4855
733767164698,4854
733767264600,4857
733767364502,4865
733767464404,4925
733767564306,4855
733767664208,4818
733767764110,4851
733767864012,4851
733767963914,4864
733768063816,4853
733768163718,4854
733768263620,4856
733768363522,4857
733768463424,4891
733768563326,4855
733768663228,4889
733768763130,4853
733768863032,4851
733768962934,4922
733769062836,4927
733769162738,4924
733769262640,4888
733769362542,4927
733769462444,5006
733769562357,4932
733769662259,4938
733769762161,4949
733769862068,4947
733769961970,4960
733770061872,4942
733770161774,4962
733770261676,4966
733770361578,4962
733770461480,5072
733770561382,4950
733770661284,4966
733770761186,4856
733770861088,4821
733770960990,4855
733771060892,4855
733771160794,4854
733771260696,4860
733771360598,4858
733771460500,4933
733771560402,4854
733771660304,4823
733771760206,4855
733771860108,4856
733771960010,4887
733772059912,4858
733772159814,4862
733772259717,5022
733772359619,4876
733772459521,5101
733772559423,4859
733772659325,5011
733772759227,4887
733772859129,4867
733772959031,4895
733773058933,4867
733773158835,4900
733773258737,4892
733773358639,4865
733773458541,4873
733773558443,4867
733773658345,4950
733773758247,4883
733773858149,4961
733773958051,5005
733774057953,4983
733774157855,4983
733774257757,4966
733774357659,4977
733774457561,4977
733774557463,4959
733774657365,5126
733774757268,5044
733774857170,5021
733774957072,5057
733775056995,5080
733775156897,5078
733775256799,4949
733775356701,4937
733775456603,4953
733775556505,4936
733775656407,5081
733775756309,4986
733775856211,4959
733775956113,5004
733776056015,5030
733776155917,5024
733776255819,5019
733776355721,4985
733776455623,5007
733776555525,5027
733776655427,5124
733776755329,4968
733776855231,4959
733776955133,4970
733777055035,4991
733777154937,4960
733777254839,4967
733777354741,4979
733777454643,5078
733777554545,5053
733777654447,4950
733777754349,4955
733777854251,4975
733777954153,4968
733778054055,5032
733778153957,5019
733778253859,4996
733778353761,4979
733778453663,5002
733778553565,4995
733778653467,5049
733778753369,4989
733778853271,4982
733778953173,4996
733779053075,5003
733779152977,4946
733779252879,4979
733779352781,4954
733779452683,4992
733779552585,4947
733779652487,4967
733779752389,4987
733779852291,5000
733779952193,4996
733780052095,4997
733780151997,4984
733780251899,4991
733780351801,4990
733780451703,5004
733780551605,4991
733780651507,5113
733780751409,4874
733780851311,4877
733780951213,4890
733781051115,4876
733781151017,4871
733781250919,4896
733781350821,4885
733781450723,4895
733781550625,4882
733781650527,4872
733781750429,4893
733781850331,4867
733781950233,4902
733782050135,4887
733782150037,4887
733782249939,4949
733782349841,4862
733782449743,4863
733782549645,4857
733782649547,4900
733782749450,4862
733782849352,4819
733782949254,4869
733783049156,4856
733783149058,4848
733783248960,4870
733783348862,4851
733783448764,4885
733783548666,4854
733783648568,4820
733783748470,4854
733783848372,4853
733783948274,4853
733784048176,4851
733784148078,4882
733784247980,4868
733784347882,4853
733784447784,4852
733784547686,4857
733784647588,4852
733784747491,4852
733784847393,4854
733784947295,4942
733785047197,4852
733785147099,4882
733785247004,4825
733785346906,4855
733785446808,4850
733785546710,4924
733785646612,4924
733785746514,4923
733785846416,4924
733785946318,4937
733786046220,4917
733786146122,4950
733786246024,4959
733786345926,4964
733786445828,4955
733786545730,4954
733786645632,4957
733786745534,4960
733786845436,4923
733786945338,4942
733787045240,4946
733787145142,4943
733787245044,4922
733787344946,4922
733787444848,4921
733787544750,4921
733787644652,4891
733787744554,4926
733787844456,4931
733787944360,4930
733788044262,4945
733788144164,4980
733788244067,4947
733788343969,4959
733788443871,4924
733788543773,4965
733788643675,4970
733788743577,4960
733788843479,4963
733788943381,4951
733789043283,4944
733789143185,4940
733789243087,4895
733789342989,4924
733789442891,4926
733789542793,4929
733789642695,4930
733789742597,4929
733789842499,4926
733789942401,4925
733790042303,4909
733790142205,4949
733790242107,4948
733790342009,4959
733790441911,4960
733790541813,4960
733790641715,4965
733790741617,4859
733790841519,4831
733790941421,4856
733791041323,4856
733791141225,4865
733791241127,4859
733791341029,4854
733791440931,4868
733791540833,4853
733791640735,4835
733791740637,4869
733791840539,4855
733791940441,4857
733792040343,4857
733792140245,4861
733792240148,5003
733792340050,4879
733792439952,4906
733792539854,4877
733792639756,4877
733792739658,4869
733792839560,4879
733792939462,4890
733793039364,4878
733793139266,4879
733793239168,4908
733793339070,4881
733793438972,4884
733793538874,4877
733793638776,4912
733793738678,4879
733793838580,4864
733793938482,4877
733794038384,4873
733794138286,4873
733794238188,4892
733794338090,4874
733794437992,4896
733794537894,4878
733794637796,4879
733794737698,4880
733794837600,4898
733794937502,4993
733795037404,4999
733795137306,4963
733795237208,4961
733795337110,4937
733795437012,4966
733795536914,4962
733795636816,4956
733795736718,4955
733795836620,4936
733795936522,4960
733796036424,4944
733796136326,4965
733796236228,4970
733796336130,4970
733796436032,4987
733796535934,4989
733796635836,4994
733796735738,4877
733796835640,4879
733796935542,4860
733797035444,4866
733797135346,4872
733797235248,4888
733797335150,4887
733797435052,4872
733797534954,4878
733797634856,4866
733797734758,4867
733797834679,4946
733797934581,4938
733798034483,4976
733798134385,4959
733798234287,4958
733798334189,4971
733798434091,4973
733798533993,5035
733798633895,4985
733798733797,4979
733798833699,5011
733798933601,4985
733799033503,4998
733799133405,4972
733799233307,4999
733799333209,4961
733799433111,4956
733799533013,4992
733799632915,4987
733799732817,4954
733799832719,4961
733799932621,4951
733800032523,4969
733800132425,4981
733800232327,4962
733800332229,4961
733800432131,5003
733800532033,4991
733800631935,4985
733800731837,4988
733800831739,4976
733800931641,4981
733801031543,4997
733801131445,4980
733801231347,4977
733801331249,4974
733801431151,4959
733801531053,4937
733801630955,4970
733801730857,4945
733801830759,4962
733801930661,4934
733802030563,4972
733802130465,4934
733802230368,5147
733802330270,5065
733802430172,5045
733802530074,5053
733802629976,5066
733802729878,4860
733802829780,4835
733802929682,4854
733803029584,4855
733803129486,4861
733803229388,4854
733803329290,4858
733803429192,4855
733803529094,4848
733803628996,4817
733803728898,4851
733803828800,4856
733803928703,4856
733804028605,4856
733804128507,4854
733804228409,4852
733804328311,4863
733804428213,4817
733804528115,4853
733804628017,4852
733804727919,4852
733804827821,4850
733804927723,4958
733805027625,4966
733805127527,4978
733805227429,4957
733805327331,4944
733805427233,4938
733805527135,4953
733805627037,4931
733805726939,4923
733805826841,4922
733805926743,4922
733806026645,4890
733806126547,4923
733806226449,4956
733806326351,4937
733806426253,4956
733806526155,4942
733806626066,4949
733806725968,4861
733806825870,4813
733806925772,4853
733807025674,4850
733807125576,4850
733807225478,4887
733807325380,4856
733807425282,4852
733807525184,4850
733807625086,4825
733807724988,4853
733807824890,4851
733807924792,4853
733808024694,4854
733808124596,4850
733808224498,4886
733808324400,4856
733808424302,4828
733808524204,4856
733808624106,4856
733808724008,4849
733808823910,4859
733808923812,4960
733809023714,4959
733809123616,4967
733809223518,4959
733809323420,4971
733809423322,4946
733809523224,4946
733809623126,4924
733809723028,4925
733809822930,4928
733809922832,4924
733810022734,4907
733810122636,4924
733810222538,4966
733810322440,4927
733810422342,4944
733810522244,4941
733810622146,4947
733810722048,4856
733810821950,4827
733810921852,4857
733811021754,4856
733811121656,4861
733811221558,4856
733811321460,4854
733811421362,4859
733811521264,4858
733811621166,4815
733811721068,4857
733811820970,4857
733811920872,4855
733812020774,4859
733812120676,4864
733812220578,4901
733812320481,5012
733812420383,4892
733812520285,4885
733812620187,4879
733812720090,4876
733812819992,4889
733812919894,4932
733813019796,4876
733813119698,4871
733813219600,4897
733813319502,4884
733813419404,4903
733813519306,4884
733813619208,4881
733813719110,4874
733813819012,4868
733813918914,4874
733814018816,4870
733814118718,4885
733814218620,4888
733814318522,4886
733814418424,4920
733814518326,4877
733814618228,4880
733814718130,4884
733814818032,4874
733814917934,4982
733815017836,4986
733815117738,4984
733815217640,4997
733815317542,4988
733815417444,4987
733815517346,4946
733815617248,4995
733815717150,5006
733815817052,4943
733815916954,4947
733816016856,4939
733816116758,4934
733816216660,4944
733816316562,4953
733816416464,4969
733816516366,4940
733816616268,4960
733816716170,4896
733816816072,4885
733816915974,4889
733817015876,4887
733817115778,4910
733817215680,4883
733817315582,4908
733817415484,4887
733817515386,4874
733817615288,4906
733817715190,4878
733817815092,4882
733817914994,4877
733818014896,4870
733818114798,4872
733818214700,4875
733818314602,4902
733818414504,4904
733818514406,4873
733818614308,4878
733818714210,4870
733818814112,4899
733818914014,4903
733819013916,4988
733819113818,4969
733819213720,4984
733819313622,5013
733819413524,4995
733819513426,4978
733819613328,4993
733819713230,4977
733819813132,4971
733819913034,4972
733820012936,4951
733820112838,4956
733820212740,4942
733820312642,4971
733820412544,4987
733820512468,4950
733820612370,4942
733820712272,4877
733820812174,4881
733820912076,4865
733821011978,4959
733821111880,4897
733821211782,4906
733821311684,4905
733821411586,4883
733821511488,4955
733821611390,4890
733821711292,4877
733821811194,4985
733821911096,4952
733822010998,4972
733822110900,4881
733822210802,4875
733822310705,4996
733822410607,4860
733822510509,4926
733822610411,4856
733822710314,4857
733822810216,4820
733822910118,4894
733823010020,4889
733823109922,4859
733823209824,4857
733823309726,4856
733823409628,4857
733823509530,4855
733823609432,4820
733823709334,4862
733823809236,4858
733823909138,4847
733824009040,4854
733824108942,4854
733824208844,4859
733824308746,4853
733824408648,4820
733824508550,4856
733824608452,4855
733824708355,4853
733824808257,4855
733824908159,4858
733825008061,4848
733825107963,4852
733825207865,4849
733825307767,4862
733825407669,4856
733825507571,4866
733825607473,4852
733825707375,4863
733825807277,4851
733825907179,4855
733826007081,4815
733826106983,4861
733826206885,4852
733826306787,4854
733826406689,4863
733826506591,4853
733826606493,4857
733826706396,4855
733826806298,4821
733826906200,4851
733827006102,4921
733827106004,4849
733827205906,4825
733827305808,4852
733827405710,4853
733827505612,4854
733827605514,4841
733827705416,4856
733827805318,4862
733827905220,4855
733828005122,4848
733828105024,4850
733828204926,4854
733828304828,4860
733828404730,4849
733828504632,4854
733828604534,4857
733828704436,4863
733828804338,4851
733828904240,4860
733829004142,4853
733829104044,4849
733829203946,4838
733829303848,4864
733829403750,4854
733829503652,4859
733829603554,4853
733829703456,4882
733829803358,4861
733829903260,4857
733830003162,4853
733830103064,4854
733830202966,4869
733830302868,4855
733830402770,4873
733830502672,4856
733830602574,4855
733830702476,4881
733830802378,4841
733830902280,4857
733831002182,4859
733831102084,4853
733831201986,4868
733831301888,4859
733831401790,4858
733831501692,4863
733831601594,4820
733831701496,4869
733831801398,4855
733831901300,4858
733832001202,4855
733832101104,4854
733832201006,4871
733832300909,5009
733832400811,4884
733832500713,4866
733832600615,4885
733832700517,4931
733832800419,4882
733832900321,4879
733833000223,4893
733833100125,4879
733833200027,4901
733833299929,4895
733833399831,4874
733833499733,4890
733833599635,4880
733833699537,4900
733833799439,4868
733833899341,4877
733833999243,4896
733834099145,4891
733834199047,4867
733834298949,4877
733834398851,4876
733834498753,4889
733834598655,4900
733834698557,4929
733834798459,4867
733834898361,4879
733834998263,4883
733835098165,4885
733835198067,4887
733835297969,4869
733835397871,4874
733835497773,4900
733835597675,4939
733835697577,4863
733835797479,4869
733835897381,4873
733835997283,4888
733836097185,4874
733836197087,4879
733836296989,4871
733836396891,4878
733836496793,4856
733836596695,4905
733836696597,4956
733836796499,4872
733836896401,4890
733836996303,4890
733837096205,4877
733837196107,4870
733837296009,4878
733837395911,4861
733837495813,4889
733837595715,4918
733837695617,4873
733837795519,4875
733837895421,4878
733837995323,4899
733838095225,4872
733838195127,4872
733838295029,4861
733838394931,4887
733838494833,4879
733838594735,4884
733838694637,4949
733838794539,4889
733838894441,4862
733838994343,4872
733839094245,4881
733839194147,4872
733839294049,4868
733839393951,4894
733839493853,4887
733839593755,4888
733839693657,4873
733839793559,4875
733839893461,4884
733839993363,4898
733840093265,4878
733840193167,4883
733840293069,4883
733840392971,4880
733840492873,4887
733840592775,4871
733840692677,4928
733840792579,4894
733840892481,4894
733840992383,4896
733841092285,4885
733841192187,4895
733841292089,4895
733841391991,4885
733841491893,4898
733841591795,4882
733841691697,4891
733841791599,4875
733841891501,4865
733841991403,4902
733842091305,4901
733842191207,4892
733842291110,4979
733842391012,4857
733842490914,4856
733842590816,4854
733842690719,4931
733842790621,4824
733842890523,4817
733842990425,4856
733843090327,4860
733843190229,4856
733843290152,4865
733843390054,4863
733843489956,4862
733843589858,4825
733843689760,4817
733843789662,4855
733843889564,4866
733843989466,4856
733844089368,4857
733844189270,5004
733844289172,4860
733844389074,4821
733844488976,4856
733844588878,4851
733844688780,4929
733844788682,4853
733844888584,4855
733844988486,4859
733845088388,4959
733845188290,4862
733845288192,4860
733845388094,4852
733845487996,4850
733845587898,4851
733845687800,4853
733845787702,4861
733845887604,4850
733845987506,4825
733846087408,4856
733846187310,4856
733846287212,4861
733846387114,4850
733846487016,4853
733846586918,4852
733846686820,4889
733846786722,4814
733846886624,4851
733846986526,4852
733847086428,4866
733847186330,4922
733847286232,4860
733847386134,4854
733847486036,4848
733847585938,4824
733847685840,4852
733847785742,4853
733847885644,4853
733847985546,4864
733848085448,4852
733848185350,4852
733848285252,4863
733848385154,4807
733848485056,4852
733848584958,4855
733848684860,4894
733848784762,4856
733848884664,4868
733848984566,4859
733849084468,4855
733849184371,4822
733849284273,4854
733849384175,4892
733849484077,4850
733849583979,4852
733849683881,4856
733849783783,4866
733849883685,4863
733849983587,4823
733850083489,4853
733850183391,4857
733850283293,4857
733850383195,4893
733850483097,4852
733850582999,4854
733850682901,4861
733850782803,4825
733850882705,4866
733850982607,4874
733851082509,4862
733851182411,5001
733851282313,4866
733851382215,4891
733851482117,4857
733851582019,4816
733851681921,4862
733851781823,4857
733851881725,4860
733851981627,4854
733852081529,4872
733852181431,4857
733852281334,5018
733852381236,4942
733852481138,4879
733852581040,4892
733852680942,4892
733852780844,4887
733852880746,4895
733852980648,4873
733853080550,4892
733853180452,4880
733853280354,4895
733853380256,4869
733853480158,4877
733853580060,4882
733853679962,4873
733853779864,4885
733853879766,4890
733853979668,4889
733854079570,4882
733854179472,4877
733854279374,4885
733854379276,4882
733854479178,4892
733854579080,4868
733854678982,4900
733854778884,4898
733854878786,4875
733854978688,4860
733855078590,4915
733855178492,4882
733855278394,4883
733855378296,4872
733855478198,4894
733855578100,4905
733855678004,4872
733855777906,4866
733855877808,4865
733855977710,4875
733856077612,4869
733856177514,4876
733856277416,4878
733856377318,4869
733856477220,4884
733856577122,4890
733856677024,4873
733856776926,4879
733856876828,4885
733856976730,4873
733857076632,4884
733857176534,4892
733857276436,4884
733857376338,4872
733857476240,4883
733857576142,4866
733857676044,4868
733857775946,4870
733857875848,4880
733857975750,4895
733858075652,4883
733858175554,4877
733858275456,4888
733858375358,4877
733858475260,4889
733858575162,4872
733858675064,4870
733858774966,4894
733858874868,4869
733858974770,4875
733859074672,4883
733859174574,4891
733859274476,4883
733859374378,4876
733859474280,4868
733859574182,4888
733859674084,4879
733859773986,4881
733859873888,4887
733859973790,4867
733860073692,4874
733860173594,4896
733860273496,4872
733860373398,4904
733860473300,4882
733860573202,4871
733860673104,4891
733860773006,4867
733860872908,4880
733860972810,4870
733861072712,4874
733861172614,4891
733861272516,4889
733861372418,4876
733861472320,4897
733861572222,4871
733861672124,4875
733861772026,4885
733861871928,4886
733861971830,4890
733862071732,4865
733862171634,5064
733862271537,5164
733862371439,5063
733862471342,5051
733862571244,5048
733862671146,4858
733862771049,4832
733862870951,4860
733862970853,4855
733863070755,4858
733863170657,4857
733863270559,4855
733863370461,4869
733863470363,4866
733863570265,4818
733863670167,4855
733863770069,4862
733863869971,4860
733863969874,4857
733864069776,4855
733864169678,4862
733864269580,4855
733864369482,4836
733864469384,4856
733864569286,4857
733864669188,4857
733864769090,4848
733864868992,4860
733864968894,4856
733865068796,4852
733865168698,4819
733865268600,4851
733865368502,4858
733865468404,4854
733865568306,4852
733865668208,4864
733865768110,4852
733865868012,4857
733865967931,4826
733866067833,4859
733866167735,4853
733866267637,4853
733866367539,4858
733866467442,4859
733866567344,4851
733866667246,4866
733866767148,4840
733866867050,4846
733866966952,4852
733867066854,4856
733867166756,4853
733867266658,4854
733867366560,4857
733867466462,4856
733867566364,4832
733867666266,4856
733867766168,4861
733867866070,4850
733867965972,4852
733868065874,4853
733868165776,4852
733868265678,4860
733868365580,4824
733868465482,4852
733868565384,4854
733868665286,4875
733868765188,4857
733868865090,4850
733868964992,4855
733869064894,4851
733869164796,4813
733869264698,4861
733869364600,4850
733869464502,4915
733869564404,4857
733869664306,4853
733869764208,4858
733869864110,4853
733869964012,4818
733870063914,4863
733870163816,4856
733870263718,4862
733870363620,4854
733870463522,4936
733870563424,4855
733870663326,4897
733870763228,4846
733870863130,4860
733870963032,4853
733871062934,4859
733871162836,4871
733871262738,4858
733871362640,4855
733871462542,4936
733871562444,4821
733871662346,4865
733871762248,4861
733871862150,4855
733871962052,4854
733872061954,4857
733872161856,4859
733872261759,5026
733872361661,4889
733872461563,4947
733872561465,4871
733872661367,4967
733872761269,4860
733872861171,4887
733872961073,4878
733873060975,4877
733873160877,4891
733873260779,4891
733873360681,4885
733873460583,4961
733873560485,4893
733873660387,4887
733873760289,4884
733873860191,4891
733873960093,4912
733874059995,4885
733874159897,4888
733874259799,4901
733874359701,4910
733874459603,4910
733874559505,4879
733874659407,5002
733874759309,4892
733874859211,4880
733874959113,4943
733875059015,4884
733875158917,4881
733875258819,4900
733875358721,4894
733875458623,4880
733875558525,4888
733875658427,4968
733875758329,4889
733875858231,4878
733875958133,4904
733876058035,4877
733876157937,4887
733876257839,4887
733876357741,4894
733876457643,4889
733876557545,4876
733876657447,5030
733876757350,4883
733876857252,4880
733876957154,4920
733877057056,4884
733877156958,4884
733877256860,4892
733877356762,4865
733877456664,4881
733877556566,4864
733877656468,4948
733877756370,4869
733877856272,4896
733877956174,4914
733878056076,4911
733878155978,4880
733878255880,4876
733878355782,4873
733878455684,4870
733878555586,4875
733878655488,5042
733878755390,4914
733878855292,4879
733878955194,4884
733879055096,4920
733879154998,4874
733879254900,4886
733879354802,4877
733879454704,4876
733879554606,4881
733879654508,4892
733879754410,4871
733879854312,4900
733879954214,4884
733880054116,4910
733880154018,4865
733880253920,4880
733880353822,4904
733880453724,4892
733880553626,4873
733880653528,4940
733880753430,4887
733880853332,4886
733880953234,4889
733881053136,4890
733881153038,4879
733881252940,4875
733881352842,4893
733881452744,4916
733881552646,4876
733881652548,4903
733881752450,4889
733881852352,4886
733881952254,4923
733882052156,4872
733882152058,4939
733882251961,5004
733882351863,4859
733882451765,4874
733882551667,4863
733882651569,4926
733882751472,4823
733882851374,4855
733882951276,4881
733883051178,4857
733883151080,4871
733883250982,4858
733883350884,4859
733883450786,4871
733883550688,4827
733883650590,4857
733883750492,4858
733883850394,4857
733883950296,4866
733884050198,4853
733884150100,4929
733884250004,4854
733884349906,4821
733884449808,4868
733884549710,4857
733884649612,4905
733884749515,4860
733884849417,4855
733884949319,4868
733885049221,4867
733885149123,4850
733885249025,4848
733885348927,4857
733885448829,4852
733885548731,4853
733885648633,4859
733885748535,4854
733885848437,4854
733885948339,4853
733886048241,4855
733886148143,4896
733886248045,4851
733886347947,4850
733886447849,4855
733886547751,4872
733886647653,4855
733886747556,4824
733886847458,4852
733886947360,4853
733887047262,4857
733887147164,4885
733887247066,4852
733887346968,4854
733887446870,4852
733887546772,4824
733887646674,4861
733887746576,4857
733887846478,4857
733887946380,4851
733888046282,4855
733888146184,4850
733888246086,4853
733888345988,4822
733888445890,4858
733888545792,4861
733888645694,4860
733888745615,4857
733888845517,4850
733888945419,4852
733889045321,4853
733889145223,4819
733889245125,4849
733889345027,4848
733889444929,4855
733889544831,4859
733889644733,4853
733889744635,4858
733889844537,4858
733889944439,4826
733890044341,4864
733890144243,4860
733890244145,4858
733890344047,4856
733890443949,4863
733890543851,4859
733890643753,4856
733890743655,4858
733890843557,4864
733890943459,4860
733891043361,4856
733891143263,4856
733891243165,4854
733891343067,4862
733891442969,4861
733891542871,4832
733891642773,4858
733891742675,4859
733891842577,4860
733891942479,4856
733892042381,4860
733892142283,4854
733892242186,5006
733892342088,4889
733892441990,4880
733892541893,4899
733892641795,4886
733892741697,4871
733892841599,4897
733892941501,4900
733893041403,4872
733893141305,4892
733893241207,4880
733893341109,4874
733893441011,4880
733893540913,4881
733893640815,4907
733893740717,4861
733893840619,4890
733893940521,4878
733894040423,4882
733894140325,4863
733894240227,4875
733894340129,4888
733894440031,4880
733894539933,4892
733894639835,4881
733894739737,4916
733894839639,4878
733894939541,4866
733895039443,4877
733895139345,4880
733895239247,4877
733895339149,4923
733895439051,4876
733895538953,4908
733895638855,4870
733895738757,4872
733895838659,4873
733895938561,4877
733896038463,4884
733896138365,4903
733896238267,4876
733896338169,4901
733896438071,4885
733896537973,4860
733896637875,4884
733896737778,4879
733896837680,4884
733896937582,4883
733897037484,4875
733897137386,4888
733897237288,4881
733897337190,4887
733897437092,4879
733897536994,4872
733897636896,4868
733897736798,4884
733897836700,4883
733897936602,4873
733898036504,4867
733898136406,4887
733898236308,4887
733898336210,4862
733898436112,4870
733898536014,4881
733898635916,4865
733898735818,4903
733898835720,4877
733898935622,4876
733899035524,4868
733899135426,4864
733899235328,4877
733899335230,4901
733899435132,4892
733899535034,4870
733899634936,4875
733899734838,4858
733899834740,4874
733899934642,4863
733900034544,4879
733900134446,4877
733900234348,4876
733900334250,4890
733900434152,4890
733900534054,4884
733900633956,4894
733900733858,4886
733900833760,4885
733900933662,4868
733901033564,4906
733901133466,4891
733901233368,4865
733901333270,4869
733901433172,4898
733901533074,4883
733901632976,4886
733901732878,4908
733901832780,4878
733901932682,4963
733902032584,4886
733902132486,4894
733902232389,4997
733902332291,4864
733902432193,4954
733902532095,4852
733902631997,4892
733902731899,4823
733902831801,4855
733902931703,4859
733903031605,4855
733903131507,4871
733903231409,4857
733903331311,4858
733903431213,4856
733903531115,4826
733903631017,4853
733903730919,4865
733903830821,4856
733903930723,4860
733904030625,4864
733904130527,4866
733904230429,4893
733904330331,4827
733904430233,4856
733904530135,4851
733904630038,4870
733904729940,4858
733904829842,4857
733904929744,4867
733905029646,4857
733905129548,4821
733905229450,4889
733905329352,4860
733905429254,4862
733905529156,4864
733905629058,4852
733905728960,4851
733905828862,4859
733905928764,4829
733906028666,4854
733906128568,4851
733906228470,4893
733906328372,4864
733906428274,4852
733906528176,4860
733906628078,4851
733906727980,4821
733906827882,4854
733906927784,4861
733907027686,4863
733907127588,4853
733907227490,4888
733907327392,4858
733907427294,4862
733907527196,4817
733907627098,4851
733907727003,4849
733907826905,4853
733907926807,4855
733908026709,4854
733908126611,4860
733908226513,4892
733908326415,4822
733908426317,4894
733908526219,4853
733908626121,4852
733908726023,4861
733908825925,4855
733908925827,4854
733909025729,4852
733909125631,4821
733909225533,4887
733909325435,4856
733909425337,4855
733909525239,4854
733909625141,4854
733909725043,4849
733909824945,4852
733909924847,4827
733910024749,4864
733910124651,4856
733910224553,4853
733910324455,4857
733910424357,4851
733910524259,4865
733910624161,4854
733910724063,4820
733910823965,4860
733910923867,4855
733911023769,4857
733911123671,4855
733911223573,4856
733911323475,4857
733911423399,4861
733911523301,4833
733911623203,4864
733911723105,4852
733911823007,4851
733911922909,4855
733912022811,4854
733912122713,4856
733912222616,5007
733912322518,4877
733912422420,4889
733912522322,4887
733912622224,4869
733912722126,4881
733912822028,4886
733912921930,4871
733913021832,4886
733913121734,4890
733913221636,4874
733913321538,4870
733913421440,4874
733913521342,4888
733913621244,4885
733913721146,4904
733913821048,4890
733913920950,4888
733914020852,4886
733914120754,4867
733914220656,4879
733914320558,4895
733914420460,4880
733914520363,4871
733914620265,4883
733914720167,4885
733914820069,4869
733914919971,4877
733915019873,4884
733915119775,4895
733915219677,4890
733915319579,4882
733915419481,4882
733915519383,4889
733915619285,4878
733915719187,4888
733915819089,4889
733915918991,4868
733916018893,4878
733916118795,4865
733916218697,4877
733916318599,4885
733916418501,4892
733916518403,4874
733916618305,4878
733916718207,4901
733916818109,4871
733916918011,4888
733917017913,4881
733917117815,4878
733917217717,4874
733917317619,4878
733917417521,4873
733917517423,4872
733917617325,4879
733917717227,4895
733917817129,4876
733917917031,4884
733918016933,4877
733918116835,4887
733918216737,4897
733918316639,4881
733918416541,4904
733918516443,4886
733918616345,4877
733918716248,4891
733918816150,4899
733918916052,4874
733919015954,4898
733919115856,4890
733919215758,4881
733919315660,4869
733919415562,4876
733919515464,5208
733919615366,4883
733919715269,4883
733919815171,4862
733919915073,4872
733920014975,4870
733920114877,4864
733920214779,4877
733920314681,4928
733920414583,4878
733920514485,4875
733920614387,4867
733920714289,4877
733920814191,4885
733920914093,4880
733921013995,4876
733921113897,4877
733921213799,4879
733921313701,4881
733921413603,4878
733921513505,4872
733921613407,4884
733921713309,4877
733921813211,4872
733921913113,4880
733922013015,4872
733922112917,4887
733922212819,5082
733922312722,5202
733922412625,5056
733922512527,5051
733922612429,5052
733922712332,4819
733922812234,4864
733922912136,4855
733923012038,4917
733923111940,4895
733923211842,4854
733923311744,4856
733923411646,4863
733923511548,4892
733923611450,4854
733923711352,4865
733923811254,4856
733923911157,4873
733924011059,4928
733924110961,4861
733924210863,4856
733924310765,4831
733924410667,4861
733924510569,4933
733924610471,4860
733924710374,4857
733924810276,4864
733924910178,4859
733925010080,4905
733925109982,4816
733925209884,4856
733925309786,4854
733925409688,4861
733925509590,4859
733925609492,4858
733925709394,4863
733925809296,4896
733925909198,4825
733926009100,4858
733926109004,4850
733926208906,4852
733926308808,4852
733926408710,4866
733926508612,4861
733926608514,4852
733926708417,4826
733926808319,4906
733926908221,4856
733927008123,4850
733927108025,4852
733927207927,4854
733927307829,4852
733927407731,4853
733927507634,4834
733927607536,4865
733927707438,4854
733927807340,4851
733927907242,4857
733928007144,4865
733928107046,4852
733928206948,4854
733928306850,4817
733928406752,4852
733928506654,4861
733928606556,4854
733928706459,4862
733928806361,4861
733928906263,4857
733929006165,4855
733929106067,4823
733929205969,4865
733929305871,4854
733929405773,4864
733929505675,4889
733929605577,4855
733929705479,4855
733929805381,4854
733929905283,4820
733930005185,4851
733930105087,4846
733930204989,4856
733930304891,4851
733930404793,4857
733930504695,4861
733930604597,4853
733930704500,4836
733930804402,4835
733930904304,4856
733931004206,4854
733931104108,4847
733931204019,4849
733931303921,4858
733931403823,4861
733931503725,4828
733931603627,4856
733931703529,4873
733931803431,4860
733931903333,4862
733932003235,4854
733932103137,4852
733932203039,4866
733932302942,5004
733932402844,4870
733932502746,4873
733932602648,4889
733932702550,4906
733932802452,4878
733932902354,4899
733933002256,4863
733933102158,4896
733933202060,4887
733933301962,4881
733933401864,4883
733933501766,4886
733933601668,4925
733933701570,4913
733933801472,4892
733933901374,4882
733934001276,4886
733934101178,4881
733934201102,4912
733934301004,4891
733934400906,4865
733934500808,4885
733934600710,4879
733934700612,4960
733934800514,4880
733934900416,4889
733935000318,4878
733935100220,4883
733935200122,4918
733935300024,4873
733935399926,4881
733935499828,4881
733935599730,4886
733935699632,4879
733935799534,4877
733935899436,4882
733935999338,4943
733936099240,4879
733936199142,4838
733936299044,4902
733936398946,4883
733936498848,4889
733936598750,4933
733936698652,4908
733936798554,4898
733936898456,4880
733936998358,4881
733937098260,4869
733937198162,4877
733937298064,4877
733937397966,4868
733937497868,4883
733937597770,4904
733937697672,4892
733937797574,4888
733937897476,4913
733937997378,4877
733938097280,4871
733938197182,4864
733938297084,4865
733938396986,4880
733938496888,4876
733938596790,4912
733938696692,4965
733938796594,4882
733938896496,4854
733938996398,4864
733939096300,4883
733939196202,4865
733939296104,4878
733939396006,4856
733939495908,4881
733939595810,4851
733939695712,4867
733939795614,4880
733939895516,4893
733939995418,4874
733940095320,4881
733940195222,4904
733940295124,4866
733940395026,4887
733940494928,4882
733940594830,4869
733940694732,4959
733940794634,4878
733940894536,4901
733940994438,4906
733941094340,4884
733941194242,4876
733941294144,4902
733941394046,4860
733941493948,4876
733941593850,4866
733941693752,4871
733941793654,4900
733941893556,4884
733941993458,4883
733942093360,4883
733942193262,4886
733942293165,4985
733942393077,4856
733942492979,4852
733942592881,4862
733942692783,4857
733942792685,4861
733942892587,4862
733942992489,4857
733943092391,4859
733943192293,4862
733943292195,4862
733943392097,4854
733943491999,4820
733943591901,4858
733943691803,4857
733943791705,4862
733943891607,4856
733943991509,4858
733944091411,4860
733944191313,4859
733944291215,4824
733944391117,4857
733944491019,4853
733944590921,4856
733944690823,4932
733944790725,4855
733944890627,4856
733944990529,4856
733945090431,4865
733945190333,4861
733945290235,4864
733945390137,4850
733945490039,4853
733945589941,4860
733945689843,4860
733945789745,4861
733945889647,4825
733945989549,4854
733946089451,4859
733946189353,4855
733946289255,4858
733946389157,4858
733946489059,4851
733946588961,4858
733946688863,4897
733946788765,4852
733946888667,4852
733946988569,4852
733947088471,4856
733947188373,4858
733947288275,4863
733947388177,4863
733947488079,4820
733947587981,4861
733947687883,4855
733947787785,4861
733947887687,4858
733947987589,4851
733948087491,4860
733948187393,4852
733948287295,4825
733948387197,4876
733948487099,4851
733948587005,4849
733948686907,4888
733948786809,4851
733948886711,4860
733948986613,4853
733949086515,4832
733949186417,4860
733949286319,4853
733949386221,4857
733949486123,4851
733949586025,4851
733949685927,4853
733949785829,4869
733949885731,4812
733949985633,4854
733950085535,4854
733950185437,4866
733950285339,4873
733950385241,4852
733950485143,4851
733950585045,4849
733950684947,4854
733950784849,4856
733950884751,4864
733950984653,4855
733951084555,4859
733951184457,4851
733951284359,4859
733951384261,4856
733951484163,4813
733951584065,4854
733951683967,4865
733951783869,4857
733951883771,4853
733951983673,4854
733952083575,4875
733952183477,4855
733952283380,5041
733952383282,4891
733952483184,4867
733952583086,4853
733952682988,4871
733952782890,4883
733952882792,4863
733952982694,4876
733953082596,4884
733953182498,4908
733953282400,4892
733953382302,4884
733953482204,4891
733953582106,4879
733953682008,4874
733953781910,4880
733953881812,4885
733953981714,4874
733954081616,4900
733954181518,4876
733954281420,4874
733954381322,4884
733954481224,4900
733954581126,4882
733954681028,4887
733954780930,4878
733954880832,4891
733954980734,4878
733955080636,4979
733955180538,4875
733955280440,4893
733955380342,4884
733955480244,4889
733955580146,4898
733955680048,4870
733955779950,4882
733955879852,4874
733955979754,4887
733956079656,4882
733956179558,4881
733956279460,4912
733956379362,4894
733956479264,4871
733956579166,4875
733956679068,4913
733956778970,4882
733956878872,4866
733956978791,4868
733957078693,4882
733957178595,4885
733957278497,4876
733957378399,4881
733957478301,4881
733957578203,4872
733957678105,4872
733957778007,4885
733957877909,4899
733957977811,4880
733958077713,4865
733958177615,4876
733958277517,4881
733958377419,4877
733958477321,4887
733958577223,4872
733958677125,4903
733958777027,4880
733958876929,4882
733958976831,4877
733959076733,4876
733959176635,4893
733959276537,4877
733959376439,4901
733959476341,4886
733959576243,4886
733959676145,4880
733959776047,4879
733959875949,4859
733959975851,4904
733960075753,4875
733960175655,4907
733960275557,4874
733960375459,4882
733960475361,4873
733960575263,4872
733960675165,4960
733960775067,4888
733960874969,4882
733960974871,4873
733961074773,4885
733961174675,4897
733961274577,4875
733961374479,4830
733961474381,4886
733961574283,4870
733961674185,4879
733961774087,4869
733961873989,4892
733961973891,4872
733962073793,4881
733962173695,4893
733962273598,4977
733962373500,4862
733962473402,4851
733962573304,4854
733962673206,4822
733962773108,4854
733962873010,4851
733962972912,4859
733963072814,4859
733963172716,4853
733963272618,4870
733963372520,4869
733963472422,4819
733963572324,4863
733963672226,4857
733963772128,4853
733963872030,4860
733963971932,4855
733964071834,4859
733964171736,4857
733964271638,4825
733964371540,4857
733964471442,4860
733964571344,4863
733964671246,4863
733964771148,4867
733964871050,4852
733964970952,4855
733965070854,4826
733965170756,4854
733965270658,4865
733965370560,4858
733965470462,4854
733965570364,4893
733965670266,4856
733965770168,4862
733965870070,4823
733965969972,4859
733966069874,4854
733966169776,4866
733966269678,4855
733966369580,4857
733966469482,4854
733966569384,4895
733966669286,4845
733966769188,4857
733966869090,4858
733966968992,4852
733967068894,4852
733967168796,4852
733967268698,4851
733967368600,4851
733967468502,4819
733967568404,4854
733967668306,4863
733967768208,4853
733967868110,4850
733967968012,4890
733968067915,4862
733968167817,4851
733968267719,4824
733968367621,4818
733968467523,4858
733968567425,4852
733968667327,4863
733968767229,4855
733968867131,4850
733968967033,4853
733969066935,4824
733969166837,4852
733969266739,4856
733969366641,4859
733969466543,4852
733969566445,4858
733969666347,4853
733969766249,4852
733969866151,4824
733969966053,4856
733970065955,4852
733970165857,4853
733970265759,4856
733970365661,4852
733970465563,4883
733970565465,4859
733970665367,4836
733970765269,4852
733970865171,4855
733970965073,4858
733971064975,4853
733971164877,4851
733971264779,4893
733971364681,4856
733971464583,4917
733971564485,4861
733971664387,4855
733971764289,4855
733971864191,4852
733971964093,4857
733972063995,4854
733972163897,4858
733972263800,5049
733972363702,4890
733972463604,4954
733972563506,4886
733972663408,4914
733972763310,4884
733972863212,4893
733972963114,4892
733973063016,4896
733973162918,4889
733973262820,4873
733973362722,4875
733973462624,4958
733973562526,4860
733973662428,4864
733973762330,4899
733973862232,4900
733973962134,4876
733974062036,4875
733974161938,4880
733974261840,4867
733974361742,4878
733974461644,4944
733974561546,4875
733974661448,4971
733974761350,4884
733974861252,4882
733974961154,4892
733975061056,4882
733975160958,4875
733975260860,4874
733975360762,4870
733975460664,4976
733975560566,4872
733975660468,4897
733975760370,4898
733975860272,4888
733975960174,4917
733976060076,4875
733976159978,4880
733976259880,4888
733976359782,4888
733976459684,4926
733976559586,4888
733976659488,5002
733976759390,4889
733976859292,4878
733976959194,4916
733977059096,4885
733977158998,4866
733977258900,4877
733977358802,4866
733977458704,4876
733977558606,4859
733977658508,4957
733977758410,4892
733977858312,4898
733977958214,4904
733978058116,4873
733978158018,4857
733978257920,4884
733978357822,4872
733978457724,4886
733978557626,4890
733978657528,5042
733978757430,4873
733978857332,4864
733978957234,4908
733979057136,4887
733979157038,4876
733979256940,4878
733979356842,4895
733979456744,4902
733979556646,4870
733979656569,4957
733979756471,4884
733979856373,4859
733979956275,4948
733980056177,4893
733980156079,4933
733980255981,4909
733980355883,4883
733980455785,4870
733980555687,4878
733980655589,5038
733980755491,4883
733980855393,4881
733980955295,4924
733981055197,4893
733981155099,4915
733981255004,4863
733981354906,4873
733981454808,4870
733981554710,4868
733981654612,4918
733981754514,4880
733981854416,4899
733981954318,4883
733982054220,4883
733982154122,5059
733982254025,5173
733982353927,5052
733982453829,5061
733982553731,5059
733982653633,5063
733982753536,4863
733982853438,4858
733982953340,4869
733983053242,4854
733983153144,4891
733983253046,4852
733983352948,4878
733983452850,4868
733983552752,4856
733983652654,4861
733983752556,4856
733983852458,4859
733983952361,4872
733984052263,4856
733984152165,4894
733984252067,4817
733984351969,4857
733984451871,4867
733984551773,4860
733984651675,4930
733984751577,4863
733984851479,4862
733984951381,4868
733985051283,4819
733985151185,4897
733985251087,4852
733985350989,4857
733985450891,4881
733985550793,4860
733985650695,4861
733985750597,4855
733985850499,4835
733985950401,4875
733986050303,4859
733986150205,4892
733986250107,4852
733986350009,4859
733986449911,4877
733986549813,4863
733986649715,4868
733986749618,4864
733986849520,4855
733986949422,4869
733987049324,4856
733987149226,4866
733987249128,4849
733987349030,4852
733987448932,4821
733987548834,4853
733987648736,4859
733987748638,4854
733987848540,4851
733987948442,4851
733988048344,4854
733988148246,4852
733988248148,4830
733988348050,4849
733988447952,4859
733988547854,4853
733988647756,4860
733988747659,4856
733988847561,4855
733988947463,4877
733989047365,4823
733989147267,4851
733989247169,4852
733989347071,4852
733989446973,4858
733989546875,4854
733989646777,4860
733989746679,4864
733989846581,4817
733989946483,4850
733990046385,4856
733990146287,4857
733990246189,4855
733990346091,4849
733990445993,4854
733990545895,4853
733990645797,4825
733990745700,4864
733990845602,4852
733990945504,4852
733991045406,4867
733991145308,4854
733991245210,4862
733991345112,4857
733991445014,4811
733991544916,4860
733991644818,4857
733991744720,4862
733991844622,4853
733991944524,4851
733992044426,4853
733992144328,4893
733992244231,4982
733992344133,4903
733992444035,4866
733992543937,4879
733992643839,4880
733992743741,4863
733992843643,4887
733992943545,4878
733993043447,4893
733993143349,4953
733993243251,4881
733993343153,4883
733993443055,4878
733993542957,4869
733993642859,4884
733993742762,4866
733993842664,4882
733993942566,4886
733994042468,4894
733994142370,4879
733994242272,4887
733994342174,4898
733994442076,4876
733994541978,4887
733994641880,4874
733994741782,4917
733994841684,4895
733994941586,4887
733995041488,4867
733995141390,4873
733995241292,4889
733995341194,4907
733995441096,4888
733995540998,4882
733995640900,4878
733995740802,4913
733995840704,4897
733995940606,4889
733996040508,4889
733996140410,4871
733996240312,4900
733996340214,4891
733996440116,4879
733996540018,4866
733996639920,4883
733996739822,4878
733996839724,4888
733996939626,4887
733997039528,4880
733997139430,4845
733997239332,4886
733997339234,4901
733997439136,4876
733997539038,4888
733997638940,4893
733997738842,4898
733997838744,4924
733997938646,4886
733998038548,4867
733998138450,4876
733998238352,4872
733998338254,4876
733998438156,4871
733998538058,4872
733998637960,4868
733998737862,4893
733998837764,4926
733998937666,4879
733999037568,4876
733999137470,4896
733999237372,4878
733999337274,4891
733999437176,4877
733999537078,4874
733999636980,4889
733999736883,4893
733999836785,4900
733999936687,4877
734000036589,4877
734000136491,4883
734000236393,4886
734000336295,4859
734000436197,4873
734000536099,4874
734000636005,4871
734000735907,4880
734000835809,4865
734000935711,4904
734001035613,4865
734001135515,4886
734001235417,4876
734001335319,4873
734001435221,4878
734001535123,4875
734001635025,4861
734001734927,4901
734001834829,4880
734001934731,4907
734002034633,4883
734002134535,4870
