3449975598455,113
3449975698418,45
3449975798370,44
3449975898322,57
3449975998274,48
3449976098226,45
3449976198178,46
3449976298130,46
3449976398082,45
3449976498034,56
3449976597986,50
3449976697940,44
3449976797892,44
3449976897844,43
3449976997796,43
3449977097748,44
3449977197701,44
3449977297653,44
3449977397605,44
3449977497557,45
3449977597509,46
3449977697461,45
3449977797415,46
3449977897367,43
3449977997319,58
3449978097271,45
3449978197224,46
3449978297176,45
3449978397128,46
3449978497080,45
3449978597032,56
3449978696984,47
3449978796936,44
3449978896888,43
3449978996840,44
3449979096792,43
3449979196744,43
3449979296696,45
3449979396648,44
3449979496600,46
3449979596552,45
3449979696504,45
3449979796456,46
3449979896408,45
3449979996360,44
3449980096312,47
3449980196264,44
3449980296216,43
3449980396168,44
3449980496120,45
3449980596072,44
3449980696024,44
3449980795976,48
3449980895930,55
3449980995882,43
3449981095834,43
3449981195786,43
3449981295739,44
3449981395691,42
3449981495643,45
3449981595595,45
3449981695547,43
3449981795499,44
3449981895451,42
3449981995403,43
3449982095358,43
3449982195310,58
3449982295262,45
3449982395214,45
3449982495166,45
3449982595119,45
3449982695073,45
3449982795025,56
3449982894977,47
3449982994929,43
3449983094881,44
3449983194833,43
3449983294785,43
3449983394737,43
3449983494689,45
3449983594641,45
3449983694593,45
3449983794545,43
3449983894497,43
3449983994449,43
3449984094401,44
3449984194359,43
3449984294311,56
3449984394263,45
3449984494215,45
3449984594167,45
3449984694119,45
3449984794071,45
3449984894023,55
3449984993975,48
3449985093928,44
3449985193880,44
3449985293832,43
3449985393784,42
3449985493736,45
3449985593688,43
3449985693640,45
3449985793592,44
3449985893544,43
3449985993498,51
3449986093450,46
3449986193402,46
3449986293357,45
3449986393309,56
3449986493261,45
3449986593213,45
3449986693165,45
3449986793117,45
3449986893069,46
3449986993021,45
3449987092973,50
3449987192925,45
3449987292877,45
3449987392829,43
3449987492781,44
3449987592733,44
3449987692685,44
3449987792637,44
3449987892589,43
3449987992541,45
3449988092493,43
3449988192446,43
3449988292398,43
3449988392350,44
3449988492302,43
3449988592254,44
3449988692206,46
3449988792158,46
3449988892110,47
3449988992062,44
3449989092015,57
3449989191967,49
3449989291919,44
3449989391871,43
3449989491823,45
3449989591775,45
3449989691727,43
3449989791679,44
3449989891631,43
3449989991583,43
3449990091535,46
3449990191487,44
3449990291439,44
3449990391391,44
3449990491343,55
3449990591295,45
3449990691248,44
3449990791200,45
3449990891154,46
3449990991106,54
3449991091068,45
3449991191020,56
3449991290972,46
3449991390924,43
3449991490876,45
3449991590829,45
3449991690781,45
3449991790733,42
3449991890685,43
3449991990637,43
3449992090589,43
3449992190541,43
3449992290493,43
3449992390445,43
3449992490397,44
3449992590360,43
3449992690312,57
3449992790264,45
3449992890217,45
3449992990169,45
3449993090121,46
3449993190073,45
3449993290025,57
3449993389977,46
3449993489929,45
3449993589883,45
3449993689835,45
3449993789787,44
3449993889739,43
3449993989691,43
3449994089643,44
3449994189595,44
3449994289547,43
3449994389499,43
3449994489451,43
3449994589403,44
3449994689366,43
3449994789318,57
3449994889270,45
3449994989222,45
3449995089174,45
3449995189126,45
3449995289078,44
3449995389030,57
3449995488982,46
3449995588934,45
3449995688886,44
3449995788838,43
3449995888790,43
3449995988742,43
3449996088694,43
3449996188649,53
3449996288601,43
3449996388553,43
3449996488505,44
3449996588459,44
3449996688411,44
3449996788363,43
3449996888315,44
3449996988267,44
3449997088219,45
3449997188171,45
3449997288123,43
3449997388075,44
3449997488027,45
3449997587979,47
3449997687931,46
3449997787883,46
3449997887835,44
3449997987787,44
3449998087739,44
3449998187693,45
3449998287645,44
3449998387597,43
3449998487549,46
3449998587501,43
3449998687453,44
3449998787405,44
3449998887357,46
3449998987309,45
3449999087261,45
3449999187214,46
3449999287166,45
3449999387118,45
3449999487070,47
3449999587022,56
3449999686992,48
3449999786944,44
3449999886896,44
3449999986848,46
3450000086800,43
3450000186752,43
3450000286704,44
3450000386656,44
3450000486609,43
3450000586561,43
3450000686513,44
3450000786465,45
3450000886417,44
3450000986369,44
3450001086321,56
3450001186273,46
3450001286225,47
3450001386177,47
3450001486131,48
3450001586083,45
3450001686035,56
3450001785988,46
3450001885940,43
3450001985893,43
3450002085845,43
3450002185797,44
3450002285749,42
3450002385701,44
3450002485653,43
3450002585605,44
3450002685557,44
3450002785509,44
3450002885461,42
3450002985414,44
3450003085366,43
3450003185318,57
3450003285270,45
3450003385222,45
3450003485174,45
3450003585126,45
3450003685078,45
3450003785030,56
3450003884982,46
3450003984934,43
3450004084886,43
3450004184838,43
3450004284790,44
3450004384742,43
3450004484694,43
3450004584646,43
3450004684598,43
3450004784552,43
3450004884504,42
3450004984456,43
3450005084408,43
3450005184360,43
3450005284312,57
3450005384264,43
3450005484216,44
3450005584168,44
3450005684120,45
3450005784072,44
3450005884024,43
3450005983976,49
3450006083928,43
3450006183882,44
3450006283834,43
3450006383788,51
3450006483741,44
3450006583693,44
3450006683645,45
3450006783598,45
3450006883550,44
3450006983502,44
3450007083455,44
3450007183408,43
3450007283360,43
3450007383312,58
3450007483264,46
3450007583217,45
3450007683169,45
3450007783121,45
3450007883073,46
3450007983025,56
3450008082977,48
3450008182929,44
3450008282881,43
3450008382833,43
3450008482785,44
3450008582737,44
3450008682689,43
3450008782641,43
3450008882593,43
3450008982545,43
3450009082497,44
3450009182449,44
3450009282401,43
3450009382353,43
3450009482305,44
3450009582257,45
3450009682209,45
3450009782162,45
3450009882114,47
3450009982068,46
3450010082020,55
3450010181972,47
3450010281924,44
3450010381876,46
3450010481828,45
3450010581780,43
3450010681732,44
3450010781684,43
3450010881636,43
3450010981588,47
3450011081540,45
3450011181492,45
3450011281444,44
3450011381396,44
3450011481350,64
3450011581302,58
3450011681254,45
3450011781206,45
3450011881158,45
3450011981110,45
3450012081068,45
3450012181020,55
3450012280972,46
3450012380924,44
3450012480876,43
3450012580828,43
3450012680780,44
3450012780732,43
3450012880684,43
3450012980636,43
3450013080588,43
3450013180540,44
3450013280492,43
3450013380444,43
3450013480396,44
3450013580348,44
3450013680300,44
3450013780252,44
3450013880204,43
3450013980157,45
3450014080109,43
3450014180065,45
3450014280017,43
3450014379970,47
3450014479922,43
3450014579874,43
3450014679826,43
3450014779778,44
3450014879730,43
3450014979682,43
3450015079634,43
3450015179586,44
3450015279538,43
3450015379490,43
3450015479442,45
3450015579394,45
3450015679346,45
3450015779298,45
3450015879250,45
3450015979202,45
3450016079154,45
3450016179106,45
3450016279058,57
3450016379012,44
3450016478964,44
3450016578918,50
3450016678870,44
3450016778822,44
3450016878774,43
3450016978726,43
3450017078679,47
3450017178631,43
3450017278583,43
3450017378535,44
3450017478487,45
3450017578439,44
3450017678391,45
3450017778344,56
3450017878296,45
3450017978248,46
3450018078200,47
3450018178152,45
3450018278106,45
3450018378070,45
3450018478022,57
3450018577974,47
3450018677926,43
3450018777878,44
3450018877830,44
3450018977783,46
3450019077735,43
3450019177687,44
3450019277639,44
3450019377591,44
3450019477543,45
3450019577495,46
3450019677447,45
3450019777399,44
3450019877359,44
3450019977311,58
3450020077263,48
3450020177215,45
3450020277167,45
3450020377119,47
3450020477071,46
3450020577025,57
3450020676977,59
3450020776929,44
3450020876881,43
3450020976833,43
3450021076785,44
3450021176737,44
3450021276689,43
3450021376641,43
3450021476593,45
3450021576547,52
3450021676500,44
3450021776452,44
3450021876404,43
3450021976356,43
3450022076308,43
3450022176260,44
3450022276212,43
3450022376164,43
3450022476116,43
3450022576068,43
3450022676020,44
3450022775972,46
3450022875924,43
3450022975876,45
3450023075828,45
3450023175780,45
3450023275732,43
3450023375684,43
3450023475636,43
3450023575588,43
3450023675540,43
3450023775506,44
3450023875458,44
3450023975410,43
3450024075362,43
3450024175314,56
3450024275266,45
3450024375218,45
3450024475170,45
3450024575122,45
3450024675074,45
3450024775026,57
3450024874978,46
3450024974930,43
3450025074882,43
3450025174834,43
3450025274786,42
3450025374738,43
3450025474690,44
3450025574642,44
3450025674594,45
3450025774546,44
3450025874498,43
3450025974450,43
3450026074402,43
3450026174360,43
3450026274312,56
3450026374264,45
3450026474216,45
