732999393381,5450
732999493299,3012
732999593202,3013
732999693105,2428
732999793007,2432
732999892910,2434
732999992812,2431
733000092716,2429
733000192618,2431
733000292520,2415
733000392422,2427
733000492324,2430
733000592228,2427
733000692131,2449
733000792033,2427
733000891935,2431
733000991837,2433
733001091741,2417
733001191643,2430
733001291545,2422
733001391447,2422
733001491349,2425
733001591251,2424
733001691153,2424
733001791055,2426
733001890957,2414
733001990859,2433
733002090761,2429
733002190663,2442
733002290565,2442
733002390467,2423
733002490369,2424
733002590271,2424
733002690174,2459
733002790076,2433
733002889978,2426
733002989880,2427
733003089782,2427
733003189686,2428
733003289588,2435
733003389490,2386
733003489392,2404
733003589294,2425
733003689196,2426
733003789098,2443
733003889003,2423
733003988905,2435
733004088807,2428
733004188709,2428
733004288611,2409
733004388513,2425
733004488415,2426
733004588317,2428
733004688219,2461
733004788121,2425
733004888023,2424
733004987925,2431
733005087827,2519
733005187729,2436
733005287631,2429
733005387533,2425
733005487435,2427
733005587337,2423
733005687239,2428
733005787141,2424
733005887043,2405
733005986945,2429
733006086847,2427
733006186749,2432
733006286651,2429
733006386553,2431
733006486455,2424
733006586357,2423
733006686259,2412
733006786161,2434
733006886063,2423
733006985965,2429
733007085867,2428
733007185769,2430
733007285671,2434
733007385573,2426
733007485475,2409
733007585377,2426
733007685279,2428
733007785181,2426
733007885083,2424
733007984985,2427
733008084887,2431
733008184789,2429
733008284691,2413
733008384593,2433
733008484495,2425
733008584397,2425
733008684299,2429
733008784201,2425
733008884103,2428
733008984007,2424
733009083909,2417
733009183811,2431
733009283713,2433
733009383615,2431
733009483520,2568
733009583422,2447
733009683324,2449
733009783226,2452
733009883130,2434
733009983034,2440
733010082936,2436
733010182838,2443
733010282740,2440
733010382642,2440
733010482544,2451
733010582446,2443
733010682349,2435
733010782251,2441
733010882153,2435
733010982055,2441
733011081957,2438
733011181859,2446
733011281761,2433
733011381663,2442
733011481565,2451
733011581467,2436
733011681369,2439
733011781271,2432
733011881173,2441
733011981075,2450
733012080977,2439
733012180879,2446
733012280781,2444
733012380683,2432
733012480585,2451
733012580487,2425
733012680389,2431
733012780291,2435
733012880193,2447
733012980095,2439
733013079997,2461
733013179899,2435
733013279801,2439
733013379703,2442
733013479605,2447
733013579507,2427
733013679409,2436
733013779311,2437
733013879213,2435
733013979115,2426
733014079017,2433
733014178919,2450
733014278821,2444
733014378723,2460
733014478625,2433
733014578528,2447
733014678430,2436
733014778333,2429
733014878235,2430
733014978137,2434
733015078039,2436
733015177941,2441
733015277843,2451
733015377745,2446
733015477647,2443
733015577549,2431
733015677451,2443
733015777353,2438
733015877255,2427
733015977157,2437
733016077060,2431
733016176962,2463
733016276864,2459
733016376766,2434
733016476668,2450
733016576570,2445
733016676472,2429
733016776374,2442
733016876276,2446
733016976178,2430
733017076080,2445
733017175982,2474
733017275884,2436
733017375786,2429
733017475688,2443
733017575590,2436
733017675492,2433
733017775394,2437
733017875296,2445
733017975198,2433
733018075100,2423
733018175004,2480
733018274906,2441
733018374808,2442
733018474710,2444
733018574612,2446
733018674515,2448
733018774417,2431
733018874319,2446
733018974221,2446
733019074123,2447
733019174025,2433
733019273927,2439
733019373829,2439
733019473734,2526
733019573636,2434
733019673538,2428
733019773441,2426
733019873343,2428
733019973245,2429
733020073147,2430
733020173049,2429
733020272951,2438
733020372853,2433
733020472755,2441
733020572657,2436
733020672560,2432
733020772462,2428
733020872364,2428
733020972266,2437
733021072168,2415
733021172070,2426
733021271972,2430
733021371874,2439
733021471776,2434
733021571678,2430
733021671580,2431
733021771482,2433
733021871384,2411
733021971286,2428
733022071188,2427
733022171110,2428
733022271012,2426
733022370914,2426
733022470816,2427
733022570718,2429
733022670620,2411
733022770522,2430
733022870424,2425
733022970326,2425
733023070228,2425
733023170130,2424
733023270032,2423
733023369934,2435
733023469836,2411
733023569738,2432
733023669640,2433
733023769542,2426
733023869445,2477
733023969347,2426
733024069249,2425
733024169151,2425
733024269053,2406
733024368955,2435
733024468857,2443
733024568759,2429
733024668662,2427
733024768564,2426
733024868466,2429
733024968368,2427
733025068270,2405
733025168172,2427
733025268074,2424
733025367976,2428
733025467878,2428
733025567780,2427
733025667682,2429
733025767584,2429
733025867486,2419
733025967388,2423
733026067290,2424
733026167192,2425
733026267094,2424
733026366996,2430
733026466898,2429
733026566800,2427
733026666702,2422
733026766604,2469
733026866506,2424
733026966408,2429
733027066310,2429
733027166212,2425
733027266114,2425
733027366016,2426
733027465918,2409
733027565820,2429
733027665722,2431
733027765624,2465
733027865526,2424
733027965428,2425
733028065330,2424
733028165232,2426
733028265134,2415
733028365036,2424
733028464938,2448
733028564840,2427
733028664742,2466
733028764644,2447
733028864546,2426
733028964448,2425
733029064350,2412
733029164252,2424
733029264154,2426
733029364056,2428
733029463961,2605
733029563863,2453
733029663765,2459
733029763668,2432
733029863570,2444
733029963472,2446
733030063374,2437
733030163276,2437
733030263178,2441
733030363080,2438
733030462982,2522
733030562884,2435
733030662786,2473
733030762688,2454
733030862590,2448
733030962492,2435
733031062394,2445
733031162296,2449
733031262198,2433
733031362100,2446
733031462004,2463
733031561906,2438
733031661808,2439
733031761710,2452
733031861612,2444
733031961514,2426
733032061416,2430
733032161318,2442
733032261220,2478
733032361122,2478
733032461024,2429
733032560926,2445
733032660828,2484
733032760730,2436
733032860632,2441
733032960534,2445
733033060436,2433
733033160338,2434
733033260240,2437
733033360142,2431
733033460044,2448
733033559946,2431
733033659848,2471
733033759750,2445
733033859652,2446
733033959554,2475
733034059456,2435
733034159358,2439
733034259260,2433
733034359162,2426
733034459064,2452
733034558966,2423
733034658868,2555
733034758770,2433
733034858672,2455
733034958574,2497
733035058476,2442
733035158378,2433
733035258280,2434
733035358182,2436
733035458084,2469
733035557986,2437
733035657888,2543
733035757790,2447
733035857692,2433
733035957594,2447
733036057496,2442
733036157398,2438
733036257300,2441
733036357202,2440
733036457104,2434
733036557006,2432
733036656908,2466
733036756810,2440
733036856712,2437
733036956614,2437
733037056516,2447
733037156418,2453
733037256320,2441
733037356222,2436
733037456124,2441
733037556026,2435
733037655928,2450
733037755830,2436
733037855732,2442
733037955634,2442
733038055536,2440
733038155438,2437
733038255340,2429
733038355242,2429
733038455144,2447
733038555046,2442
733038654948,2485
733038754850,2441
733038854752,2437
733038954654,2444
733039054556,2435
733039154458,2425
733039254360,2443
733039354262,2437
733039454167,2486
733039554069,2433
733039653971,2435
733039753873,2436
733039853775,2430
733039953677,2444
733040053579,2431
733040153482,2430
733040253384,2411
733040353286,2428
733040453188,2444
733040553090,2429
733040652992,2468
733040752894,2432
733040852796,2432
733040952698,2445
733041052600,2420
733041152502,2432
733041252404,2430
733041352306,2434
733041452208,2444
733041552110,2435
733041652012,2431
733041751914,2435
733041851816,2417
733041951718,2444
733042051620,2429
733042151522,2424
733042251424,2424
733042351326,2426
733042451228,2429
733042551130,2424
733042651032,2453
733042750934,2435
733042850836,2426
733042950738,2438
733043050640,2433
733043150542,2424
733043250444,2426
733043350346,2426
733043450248,2413
733043550150,2429
733043650052,2424
733043749954,2430
733043849856,2427
733043949758,2426
733044049660,2428
733044149562,2426
733044249464,2410
733044349366,2426
733044449268,2426
733044549170,2425
733044649072,2425
733044748974,2428
733044848876,2427
733044948799,2428
733045048701,2406
733045148603,2433
733045248505,2424
733045348407,2424
733045448309,2428
733045548211,2426
733045648113,2428
733045748015,2428
733045847917,2409
733045947819,2431
733046047721,2428
733046147623,2426
733046247525,2425
733046347427,2424
733046447329,2423
733046547231,2427
733046647133,2405
733046747035,2431
733046846937,2426
733046946839,2429
733047046741,2434
733047146643,2425
733047246545,2430
733047346447,2424
733047446349,2408
733047546251,2426
733047646153,2427
733047746055,2424
733047845957,2428
733047945859,2428
733048045761,2427
733048145663,2430
733048245565,2406
733048345467,2424
733048445369,2430
733048545271,2428
733048645173,2424
733048745075,2429
733048844977,2428
733048944879,2426
733049044781,2408
733049144683,2428
733049244585,2428
733049344487,2424
733049444390,2546
733049544292,2438
733049644194,2431
733049744096,2440
733049843998,2459
733049943900,2434
733050043802,2439
733050143704,2448
733050243606,2434
733050343508,2444
733050443410,2449
733050543312,2776
733050643214,2444
733050743116,2442
733050843018,2452
733050942920,2454
733051042822,2446
733051142724,2445
733051242626,2449
733051342528,2446
733051442431,2438
733051542333,2441
733051642235,2442
733051742137,2441
733051842039,2434
733051941941,2455
733052041843,2451
733052141745,2444
733052241647,2463
733052341549,2432
733052441451,2431
733052541353,2432
733052641255,2440
733052741158,2440
733052841060,2435
733052940962,2436
733053040864,2437
733053140766,2446
733053240668,2437
733053340570,2437
733053440472,2435
733053540374,2439
733053640276,2445
733053740178,2447
733053840080,2440
733053939982,2431
733054039884,2447
733054139786,2440
733054239688,2445
733054339590,2438
733054439492,2435
733054539394,2438
733054639296,2439
733054739198,2442
733054839100,2433
733054939004,2433
733055038906,2450
733055138808,2434
733055238710,2435
733055338612,2443
733055438514,2442
733055538416,2432
733055638318,2453
733055738220,2444
733055838122,2454
733055938024,2444
733056037926,2435
733056137828,2439
733056237730,2453
733056337632,2442
733056437534,2434
733056537436,2442
733056637338,2441
733056737240,2440
733056837142,2441
733056937044,2436
733057036946,2440
733057136848,2440
733057236750,2448
733057336652,2447
733057436554,2437
733057536456,2473
733057636358,2452
733057736260,2445
733057836162,2435
733057936064,2431
733058035966,2424
733058135868,2437
733058235770,2464
733058335672,2441
733058435574,2423
733058535476,2465
733058635378,2432
733058735280,2447
733058835182,2437
733058935084,2431
733059034986,2444
733059134888,2438
733059234790,2491
733059334692,2442
733059434594,2441
733059534498,2527
733059634400,2434
733059734302,2426
733059834204,2430
733059934106,2424
733060034008,2425
733060133910,2432
733060233812,2457
733060333714,2431
733060433616,2430
733060533518,2429
733060633420,2430
733060733323,2436
733060833226,2434
733060933128,2428
733061033030,2410
733061132932,2431
733061232834,2452
733061332736,2432
733061432638,2431
733061532540,2428
733061632442,2427
733061732344,2429
733061832246,2408
733061932148,2427
733062032050,2428
733062131952,2430
733062231854,2434
733062331756,2432
733062431658,2435
733062531560,2426
733062631462,2411
733062731365,2426
733062831267,2427
733062931169,2425
733063031071,2423
733063130973,2435
733063230875,2426
733063330777,2428
733063430679,2420
733063530581,2437
733063630483,2424
733063730385,2424
733063830287,2429
733063930189,2425
733064030091,2425
733064129993,2427
733064229895,2406
733064329797,2428
733064429699,2428
733064529601,2427
733064629503,2427
733064729406,2428
733064829308,2427
733064929210,2424
733065029112,2408
733065129014,2426
733065228916,2427
733065328818,2433
733065428720,2431
733065528622,2428
733065628524,2425
733065728426,2425
733065828328,2408
733065928230,2435
733066028132,2424
733066128034,2424
733066227936,2432
733066327838,2435
733066427740,2429
733066527642,2430
733066627544,2409
733066727446,2427
733066827348,2424
733066927250,2424
733067027152,2426
733067127054,2431
733067226956,2426
733067326858,2434
733067426760,2414
733067526662,2429
733067626585,2427
733067726487,2432
733067826389,2425
733067926291,2424
733068026193,2425
733068126095,2423
733068225997,2412
733068325899,2427
733068425801,2432
733068525703,2430
733068625605,2428
733068725507,2425
733068825409,2425
733068925311,2430
733069025213,2418
733069125115,2427
733069225017,2428
733069324919,2430
733069424822,2428
733069524725,2548
733069624627,2448
733069724529,2438
733069824431,2439
733069924333,2433
733070024235,2433
733070124137,2431
733070224039,2435
733070323941,2442
733070423843,2443
733070523745,2456
733070623647,2465
733070723549,2436
733070823451,2433
733070923353,2438
733071023255,2446
733071123157,2437
733071223059,2433
733071322961,2443
733071422863,2445
733071522765,2442
733071622667,2432
733071722569,2450
733071822471,2435
733071922373,2485
733072022275,2447
733072122177,2426
733072222079,2440
733072321981,2439
733072421883,2440
733072521785,2448
733072621687,2447
733072721590,2443
733072821492,2425
733072921394,2440
733073021296,2434
733073121198,2431
733073221100,2434
733073321004,2428
733073420906,2442
733073520808,2438
733073620710,2447
733073720612,2443
733073820514,2446
733073920416,2432
733074020318,2428
733074120220,2443
733074220122,2435
733074320024,2445
733074419926,2441
733074519828,2458
733074619730,2465
733074719633,2448
733074819535,2441
733074919437,2435
733075019339,2433
733075119241,2444
733075219143,2432
733075319045,2435
733075418947,2437
733075518849,2433
733075618751,2442
733075718653,2441
733075818555,2428
733075918457,2437
733076018359,2446
733076118261,2432
733076218163,2448
733076318065,2436
733076417967,2439
733076517870,2434
733076617772,2447
733076717675,2443
733076817577,2447
733076917479,2436
733077017381,2440
733077117283,2431
733077217185,2438
733077317087,2441
733077416989,2444
733077516891,2444
733077616793,2453
733077716695,2440
733077816597,2451
733077916499,2439
733078016401,2430
733078116303,2444
733078216205,2454
733078316107,2452
733078416009,2465
733078515911,2439
733078615813,2441
733078715716,2441
733078815618,2432
733078915520,2448
733079015422,2442
733079115324,2431
733079215226,2450
733079315128,2434
733079415030,2443
733079514932,2532
733079614834,2441
733079714737,2427
733079814639,2435
733079914541,2424
733080014443,2425
733080114345,2425
733080214247,2409
733080314149,2475
733080414051,2424
733080513953,2432
733080613855,2434
733080713758,2435
733080813660,2440
733080913562,2427
733081013464,2420
733081113366,2428
733081213268,2429
733081313170,2439
733081413072,2428
733081512974,2431
733081612876,2430
733081712778,2429
733081812680,2415
733081912582,2433
733082012484,2430
733082112387,2435
733082212289,2432
733082312191,2427
733082412093,2426
733082511995,2466
733082611897,2414
733082711800,2436
733082811702,2430
733082911604,2432
733083011506,2504
733083111408,2424
733083211310,2424
733083311212,2429
733083411114,2414
733083511016,2495
733083610918,2429
733083710820,2430
733083810722,2427
733083910625,2433
733084010527,2499
733084110429,2424
733084210331,2414
733084310233,2431
733084410135,2424
733084510037,2498
733084609939,2430
733084709842,2428
733084809744,2430
733084909646,2435
733085009548,2413
733085109450,2425
733085209352,2424
733085309254,2423
733085409156,2428
733085509058,2425
733085608960,2427
733085708862,2432
733085808764,2410
733085908666,2432
733086008568,2424
733086108470,2423
733086208372,2425
733086308274,2426
733086408176,2426
733086508078,2426
733086607980,2409
733086707883,2428
733086807785,2427
733086907687,2429
733087007589,2429
733087107491,2425
733087207393,2426
733087307295,2430
733087407197,2407
733087507099,2424
733087607004,2424
733087706906,2434
733087806808,2428
733087906710,2426
733088006612,2429
733088106514,2423
733088206416,2410
733088306318,2423
733088406220,2427
733088506122,2428
733088606024,2425
733088705927,2426
733088805829,2427
733088905731,2428
733089005633,2423
733089105535,2425
733089205437,2424
733089305339,2428
733089405241,2423
733089505144,2549
733089605046,2442
733089704948,2441
733089804850,2446
733089904752,2431
733090004654,2433
733090104556,2439
733090204458,2435
733090304360,2431
733090404279,2435
733090504181,2437
733090604083,2427
733090703985,2462
733090803887,2455
733090903789,2443
733091003691,2447
733091103593,2435
733091203495,2476
733091303397,2433
733091403299,2774
733091503201,2456
733091603103,2436
733091703005,2456
733091802907,2435
733091902809,2441
733092002711,2429
733092102613,2448
733092202515,2464
733092302417,2448
733092402319,2447
733092502221,2450
733092602123,2450
733092702025,2456
733092801927,2461
733092901829,2430
733093001731,2442
733093101633,2431
733093201535,2435
733093301437,2427
733093401339,2435
733093501241,2444
733093601143,2430
733093701045,2437
733093800947,2443
733093900849,2435
733094000751,2435
733094100653,2430
733094200555,2442
733094300457,2426
733094400359,2424
733094500261,2442
733094600163,2457
733094700065,2478
733094799967,2454
733094899869,2444
733094999771,2451
733095099673,2438
733095199575,2444
733095299477,2430
733095399379,2455
733095499281,2437
733095599183,2438
733095699085,2439
733095798987,2444
733095898889,2431
733095998791,2442
733096098693,2435
733096198595,2439
733096298497,2438
733096398399,2437
733096498301,2446
733096598203,2447
733096698105,2473
733096798007,2437
733096897909,2447
733096997811,2436
733097097713,2457
733097197615,2430
733097297517,2440
733097397419,2431
733097497321,2432
733097597223,2457
733097697125,2443
733097797027,2449
733097896929,2441
733097996831,2434
733098096733,2456
733098196635,2453
733098296537,2429
733098396439,2424
733098496341,2437
733098596243,2456
733098696145,2488
733098796047,2438
733098895949,2442
733098995851,2442
733099095753,2446
733099195655,2449
733099295557,2431
733099395459,2436
733099495361,2516
733099595263,2433
733099695165,2423
733099795067,2447
733099894969,2427
733099994871,2428
733100094773,2428
733100194675,2418
733100294577,2433
733100394479,2425
733100494381,2434
733100594283,2425
733100694185,2462
733100794087,2432
733100893989,2430
733100993891,2414
733101093793,2432
733101193695,2438
733101293597,2434
733101393499,2432
733101493401,2760
733101593303,2430
733101693205,2433
733101793107,2410
733101893009,2427
733101992911,2447
733102092813,2438
733102192715,2431
733102292617,2434
733102392519,2430
733102492421,2427
733102592323,2413
733102692226,2464
733102792128,2439
733102892030,2436
733102991932,2438
733103091834,2432
733103191736,2434
733103291638,2436
733103391540,2405
733103491442,2423
733103591344,2429
733103691246,2425
733103791148,2425
733103891050,2425
733103990952,2392
733104090854,2434
733104190756,2409
733104290658,2432
733104390560,2424
733104490462,2426
733104590364,2428
733104690266,2461
733104790168,2425
733104890070,2423
733104989972,2408
733105089874,2504
733105189776,2429
733105289678,2432
733105389580,2427
733105489482,2426
733105589384,2426
733105689286,2422
733105789188,2419
733105889090,2433
733105988992,2427
733106088894,2428
733106188796,2428
733106288698,2431
733106388600,2427
733106488502,2429
733106588404,2403
733106688306,2461
733106788208,2423
733106888110,2427
733106988012,2429
733107087914,2427
733107187816,2427
733107287718,2476
733107387620,2406
733107487522,2424
733107587424,2425
733107687326,2430
733107787228,2424
733107887130,2434
733107987032,2427
733108086934,2428
733108186836,2414
733108286738,2430
733108386640,2433
733108486542,2427
733108586444,2424
733108686346,2425
733108786248,2424
733108886150,2424
733108986052,2414
733109085954,2427
733109185856,2428
733109285758,2426
733109385660,2432
733109485562,2422
733109585464,2533
733109685368,2445
733109785270,2441
733109885172,2446
733109985074,2436
733110084976,2452
733110184878,2437
733110284780,2432
733110384682,2449
733110484584,2448
733110584486,2444
733110684388,2432
733110784290,2448
733110884192,2444
733110984094,2441
733111083996,2446
733111183898,2428
733111283800,2451
733111383702,2452
733111483604,2453
733111583506,2434
733111683408,2447
733111783310,2443
733111883212,2449
733111983114,2445
733112083016,2435
733112182918,2455
733112282820,2432
733112382722,2432
733112482624,2457
733112582526,2436
733112682428,2440
733112782330,2446
733112882232,2440
733112982134,2449
733113082055,2438
733113181957,2447
733113281859,2444
733113381761,2449
733113481663,2457
733113581565,2432
733113681467,2437
733113781369,2444
733113881271,2425
733113981173,2435
733114081075,2442
733114180977,2440
733114280879,2441
733114380781,2440
733114480683,2445
733114580585,2439
733114680487,2446
733114780389,2447
733114880291,2435
733114980193,2442
733115080095,2443
733115179997,2449
733115279899,2439
733115379801,2465
733115479703,2430
733115579605,2442
733115679507,2440
733115779409,2436
733115879311,2443
733115979213,2444
733116079115,2445
733116179017,2436
733116278919,2440
733116378821,2441
733116478723,2430
733116578625,2431
733116678528,2446
733116778430,2436
733116878332,2443
733116978234,2424
733117078136,2446
733117178038,2443
733117277940,2434
733117377842,2435
733117477744,2428
733117577646,2440
733117677548,2435
733117777450,2439
733117877352,2446
733117977254,2434
733118077156,2432
733118177058,2442
733118276960,2431
733118376862,2445
733118476764,2441
733118576666,2446
733118676568,2430
733118776470,2434
733118876372,2429
733118976274,2432
733119076176,2426
733119176078,2434
733119275980,2437
733119375882,2440
733119475785,2527
733119575687,2436
733119675589,2427
733119775491,2427
733119875393,2429
733119975295,2426
733120075197,2424
733120175099,2408
733120275004,2425
733120374906,2431
733120474808,2430
733120574710,2428
733120674612,2428
733120774514,2425
733120874416,2424
733120974318,2417
733121074220,2424
733121174122,2443
733121274024,2423
733121373926,2428
733121473829,2434
733121573731,2433
733121673633,2434
733121773535,2423
733121873437,2432
733121973339,2432
733122073241,2431
733122173143,2429
733122273045,2438
733122372947,2436
733122472849,2431
733122572751,2430
733122672654,2435
733122772556,2427
733122872458,2428
733122972360,2426
733123072262,2431
733123172164,2433
733123272066,2429
733123371968,2415
733123471870,2434
733123571772,2430
733123671674,2432
733123771576,2430
733123871478,2427
733123971380,2425
733124071282,2424
733124171184,2409
733124271086,2425
733124370988,2427
733124470890,2428
733124570792,2427
733124670694,2429
733124770596,2432
733124870498,2424
733124970400,2405
733125070302,2428
733125170204,2423
733125270106,2428
733125370008,2424
733125469910,2429
733125569812,2472
733125669714,2437
733125769616,2455
733125869518,2429
733125969420,2432
733126069322,2425
733126169224,2426
733126269126,2427
733126369028,2427
733126468930,2429
733126568832,2459
733126668735,2427
733126768637,2427
733126868539,2423
733126968441,2427
733127068343,2424
733127168245,2426
733127268147,2423
733127368049,2414
733127467951,2426
733127567853,2431
733127667755,2430
733127767657,2432
733127867559,2425
733127967461,2426
733128067363,2425
733128167265,2406
733128267167,2426
733128367069,2429
733128466971,2427
733128566873,2429
733128666775,2439
733128766677,2463
733128866579,2427
733128966481,2417
733129066383,2424
733129166285,2425
733129266187,2427
733129366089,2424
733129465992,2553
733129565894,2449
733129665796,2441
733129765699,2484
733129865601,2456
733129965503,2433
733130065405,2430
733130165307,2440
733130265209,2430
733130365111,2436
733130465013,2448
733130564915,2446
733130664817,2478
733130764719,2475
733130864621,2529
733130964523,2439
733131064425,2432
733131164327,2439
733131264229,2432
733131364131,2437
733131464033,2506
733131563935,2437
733131663837,2444
733131763739,2454
733131863641,2452
733131963543,2443
733132063445,2478
733132163347,2456
733132263249,2429
733132363151,2443
733132463053,2506
733132562955,2447
733132662857,2456
733132762759,2438
733132862661,2441
733132962563,2451
733133062465,2453
733133162367,2429
733133262269,2438
733133362171,2436
733133462073,2453
733133561975,2445
733133661877,2458
733133761779,2444
733133861681,2460
733133961583,2450
733134061485,2438
733134161387,2443
733134261289,2443
733134361191,2441
733134461093,2429
733134560995,2434
733134660897,2473
733134760799,2447
733134860701,2449
733134960603,2438
733135060505,2434
733135160407,2439
733135260309,2439
733135360211,2439
733135460113,2430
733135560015,2436
733135659917,2463
733135759819,2438
733135859743,2430
733135959645,2478
733136059547,2431
733136159449,2455
733136259351,2437
733136359253,2436
733136459155,2455
733136559057,2434
733136658959,2553
733136758861,2442
733136858763,2443
733136958665,2485
733137058567,2451
733137158469,2414
733137258371,2434
733137358273,2437
733137458175,2438
733137558077,2437
733137657979,2523
733137757881,2445
733137857783,2434
733137957685,2450
733138057587,2445
733138157489,2440
733138257391,2439
733138357293,2443
733138457195,2438
733138557097,2440
733138656999,2515
733138756901,2436
733138856803,2446
733138956705,2447
733139056607,2455
733139156509,2440
733139256411,2440
733139356313,2451
733139456218,2545
733139556120,2436
733139656022,2428
733139755924,2431
733139855826,2429
733139955728,2432
733140055630,2426
733140155532,2444
733140255434,2424
733140355336,2428
733140455238,2426
733140555140,2425
733140655042,2463
733140754944,2430
733140854846,2417
733140954748,2408
733141054650,2430
733141154552,2427
733141254454,2430
733141354356,2426
733141454258,2424
733141554160,2427
733141654062,2424
733141753964,2423
733141853866,2432
733141953768,2442
733142053670,2440
733142153572,2427
733142253474,2431
733142353376,2428
733142453278,2440
733142553180,2416
733142653082,2471
733142752985,2434
733142852887,2442
733142952789,2447
733143052691,2430
733143152593,2430
733143252495,2428
733143352397,2413
733143452299,2447
733143552201,2432
733143652103,2430
733143752005,2431
733143851907,2432
733143951810,2445
733144051712,2433
733144151614,2411
733144251516,2425
733144351418,2428
733144451320,2424
733144551222,2424
733144651124,2460
733144751026,2424
733144850928,2430
733144950830,2408
733145050732,2429
733145150634,2461
733145250536,2424
733145350438,2429
733145450340,2428
733145550242,2429
733145650144,2423
733145750046,2423
733145849948,2429
733145949850,2428
733146049752,2429
733146149654,2455
733146249556,2424
733146349458,2423
733146449360,2423
733146549262,2414
733146649164,2430
733146749066,2424
733146848968,2427
733146948870,2441
733147048772,2428
733147148674,2463
733147248576,2427
733147348478,2409
733147448380,2424
733147548282,2426
733147648184,2427
733147748086,2428
733147847988,2428
733147947890,2432
733148047792,2427
733148147694,2451
733148247596,2427
733148347498,2427
733148447400,2423
733148547302,2425
733148647204,2428
733148747107,2426
733148847009,2427
733148946911,2418
733149046813,2427
733149146715,2427
733149246617,2433
733149346519,2423
733149446424,2549
733149546326,2436
733149646228,2439
733149746131,2432
733149846033,2444
733149945935,2435
733150045837,2439
733150145739,2433
733150245641,2450
733150345543,2446
733150445445,2436
733150545347,2445
733150645249,2429
733150745152,2430
733150845054,2451
733150944956,2442
733151044858,2452
733151144760,2445
733151244662,2441
733151344564,2433
733151444466,2435
733151544368,2436
733151644270,2445
733151744172,2445
733151844074,2437
733151943976,2443
733152043878,2454
733152143780,2458
733152243682,2433
733152343584,2451
733152443486,2428
733152543389,2444
733152643291,2440
733152743193,2446
733152843095,2434
733152942997,2460
733153042899,2459
733153142801,2448
733153242703,2446
733153342605,2462
733153442507,2441
733153542409,2443
733153642311,2448
733153742213,2431
733153842115,2428
733153942017,2444
733154041919,2484
733154141821,2442
733154241723,2442
733154341625,2447
733154441527,2439
733154541429,2444
733154641331,2428
733154741234,2433
733154841136,2437
733154941038,2440
733155040940,2450
733155140842,2438
733155240744,2447
733155340646,2462
733155440548,2439
733155540450,2437
733155640352,2444
733155740254,2439
733155840156,2432
733155940058,2435
733156039960,2439
733156139862,2449
733156239764,2442
733156339666,2430
733156439568,2437
733156539470,2451
733156639372,2434
733156739274,2440
733156839176,2434
733156939078,2433
733157038980,2445
733157138882,2449
733157238784,2429
733157338686,2445
733157438588,2442
733157538490,2443
733157638392,2431
733157738294,2441
733157838196,2448
733157938098,2441
733158038003,2437
733158137905,2437
733158237807,2438
733158337709,2445
733158437611,2435
733158537533,2463
733158637435,2452
733158737337,2435
733158837239,2431
733158937141,2442
733159037043,2435
733159136945,2439
733159236847,2449
733159336749,2446
733159436651,2437
733159536553,2423
733159636456,2557
733159736358,2430
733159836260,2423
733159936163,2427
733160036065,2425
733160135967,2409
733160235869,2430
733160335771,2428
733160435673,2431
733160535576,2429
733160635478,2426
733160735381,2425
733160835283,2426
733160935185,2409
733161035087,2425
733161134989,2427
733161234891,2427
733161334793,2429
733161434695,2427
733161534597,2428
733161634499,2423
733161734401,2406
733161834303,2424
733161934205,2424
733162034107,2425
733162134009,2424
733162233911,2432
733162333813,2431
733162433715,2438
733162533617,2412
733162633519,2433
733162733422,2428
733162833324,2431
733162933226,2427
733163033128,2435
733163133030,2433
733163232932,2435
733163332834,2411
733163432736,2431
733163532638,2431
733163632540,2429
733163732442,2429
733163832344,2432
733163932246,2450
733164032148,2427
733164132050,2411
733164231952,2434
733164331854,2431
733164431756,2431
733164531658,2432
733164631560,2428
733164731462,2431
733164831364,2423
733164931266,2411
733165031168,2425
733165131070,2430
733165230972,2427
733165330874,2427
733165430776,2432
733165530678,2428
733165630580,2430
733165730482,2413
733165830384,2424
733165930286,2428
733166030188,2426
733166130090,2423
733166229992,2428
733166329894,2429
733166429796,2427
733166529698,2408
733166629600,2428
733166729502,2430
733166829404,2429
733166929306,2424
733167029208,2435
733167129110,2425
733167229012,2425
733167328914,2417
733167428816,2429
733167528718,2436
733167628620,2429
733167728522,2425
733167828424,2385
733167928326,2425
733168028228,2423
733168128130,2412
733168228032,2423
733168327934,2438
733168427836,2427
733168527738,2430
733168627640,2432
733168727543,2425
733168827445,2425
733168927347,2419
733169027249,2424
733169127151,2423
733169227053,2426
733169326955,2431
733169426857,2425
733169526760,2526
733169626662,2451
733169726565,2442
733169826468,2438
733169926370,2443
733170026272,2436
733170126174,2438
733170226076,2438
733170325978,2434
733170425880,2440
733170525782,2444
733170625684,2433
733170725586,2441
733170825488,2432
733170925390,2432
733171025292,2446
733171125194,2427
733171225096,2438
733171324998,2443
733171424900,2437
733171524802,2456
733171624704,2433
733171724606,2442
733171824508,2439
733171924410,2435
733172024312,2449
733172124214,2448
733172224116,2438
733172324018,2432
733172423920,2455
733172523822,2453
733172623724,2445
733172723627,2447
733172823529,2442
733172923431,2440
733173023333,2441
733173123235,2449
733173223137,2440
733173323039,2441
733173422941,2455
733173522843,2450
733173622745,2431
733173722647,2437
733173822549,2444
733173922451,2439
733174022353,2446
733174122255,2447
733174222157,2431
733174322059,2439
733174421961,2446
733174521863,2448
733174621765,2444
733174721667,2456
733174821569,2448
733174921471,2430
733175021373,2426
733175121275,2441
733175221177,2428
733175321079,2443
733175420981,2429
733175520883,2435
733175620785,2448
733175720687,2434
733175820589,2442
733175920491,2433
733176020393,2432
733176120295,2443
733176220197,2437
733176320099,2475
733176420004,2446
733176519906,2431
733176619808,2444
733176719710,2443
733176819612,2451
733176919514,2442
733177019416,2443
733177119318,2426
733177219220,2439
733177319122,2440
733177419024,2439
733177518926,2447
733177618828,2446
733177718730,2449
733177818632,2442
733177918534,2435
733178018436,2441
733178118338,2430
733178218240,2438
733178318142,2431
733178418044,2436
733178517946,2439
733178617848,2432
733178717750,2437
733178817652,2452
733178917554,2434
733179017456,2452
733179117358,2439
733179217260,2445
733179317162,2441
733179417064,2447
733179516966,2427
733179616871,2529
733179716773,2432
733179816675,2430
733179916578,2436
733180016480,2433
733180116382,2407
733180216284,2424
733180316186,2430
733180416088,2427
733180515990,2432
733180615892,2427
733180715795,2429
733180815697,2427
733180915599,2420
733181015501,2426
733181115403,2426
733181215305,2435
733181315226,2425
733181415128,2425
733181515030,2429
733181614932,2426
733181714834,2411
733181814736,2431
733181914638,2428
733182014540,2424
733182114442,2425
733182214344,2429
733182314246,2427
733182414148,2430
733182514050,2409
733182613952,2430
733182713855,2442
733182813757,2430
733182913659,2430
733183013561,2432
733183113463,2433
733183213365,2429
733183313267,2413
733183413169,2434
733183513071,2428
733183612973,2428
733183712875,2432
733183812777,2431
733183912679,2431
733184012581,2435
733184112483,2410
733184212385,2431
733184312287,2427
733184412189,2425
733184512092,2465
733184611994,2431
733184711897,2466
733184811799,2432
733184911701,2415
733185011603,2505
733185111505,2427
733185211407,2423
733185311309,2423
733185411211,2424
733185511113,2499
733185611015,2429
733185710917,2409
733185810819,2428
733185910721,2435
733186010623,2503
733186110525,2424
733186210427,2428
733186310329,2424
733186410231,2424
733186510133,2485
733186610035,2428
733186709938,2432
733186809840,2429
733186909742,2427
733187009644,2441
733187109546,2429
733187209448,2425
733187309350,2413
733187409252,2425
733187509154,2426
733187609056,2423
733187708958,2427
733187808860,2430
733187908762,2433
733188008664,2429
733188108566,2403
733188208468,2437
733188308370,2424
733188408272,2426
733188508174,2425
733188608076,2424
733188707978,2426
733188807880,2427
733188907782,2413
733189007684,2428
733189107586,2430
733189207488,2428
733189307390,2497
733189407292,2422
733189507194,2423
733189607097,2539
733189706999,2440
733189806901,2457
733189906804,2441
733190006706,2442
733190106608,2434
733190206510,2438
733190306412,2447
733190406314,2448
733190506216,2436
733190606118,2453
733190706020,2431
733190805922,2431
733190905824,2446
733191005726,2428
733191105628,2450
733191205530,2430
733191305432,2442
733191405334,2444
733191505236,2435
733191605138,2438
733191705040,2442
733191804942,2446
733191904844,2436
733192004746,2446
733192104648,2439
733192204550,2428
733192304452,2436
733192404354,2427
733192504256,2447
733192604158,2439
733192704061,2431
733192803963,2453
733192903865,2437
733193003767,2457
733193103669,2446
733193203571,2450
733193303473,2431
733193403375,2437
733193503277,2447
733193603179,2439
733193703081,2471
733193802983,2454
733193902885,2440
733194002787,2440
733194102689,2453
733194202591,2450
733194302493,2447
733194402395,2436
733194502297,2448
733194602199,2443
733194702101,2471
733194802005,2445
733194901907,2462
733195001810,2441
733195101712,2446
733195201614,2463
733195301516,2442
733195401418,2434
733195501320,2436
733195601222,2438
733195701124,2435
733195801026,2426
733195900928,2436
733196000830,2431
733196100732,2440
733196200634,2445
733196300536,2441
733196400438,2434
733196500340,2446
733196600242,2432
733196700144,2471
733196800046,2439
733196899948,2456
733196999850,2441
733197099752,2444
733197199654,2440
733197299556,2434
733197399458,2448
733197499360,2437
733197599262,2443
733197699164,2439
733197799066,2425
733197898968,2448
733197998870,2434
733198098772,2431
733198198674,2441
733198298576,2444
733198398478,2440
733198498380,2433
733198598282,2432
733198698184,2465
733198798086,2434
733198897988,2449
733198997890,2440
733199097792,2441
733199197694,2442
733199297596,2445
733199397498,2435
733199497400,2442
733199597302,2440
733199697204,2436
733199797106,2431
733199897011,2520
733199996913,2431
733200096815,2405
733200196719,2431
733200296621,2428
733200396523,2424
733200496425,2424
733200596327,2425
733200696230,2459
733200796132,2425
733200896034,2405
733200995936,2431
733201095838,2428
733201195740,2426
733201295642,2435
733201395544,2427
733201495446,2423
733201595348,2423
733201695250,2420
733201795152,2433
733201895054,2423
733201994956,2429
733202094858,2428
733202194760,2430
733202294662,2430
733202394564,2426
733202494466,2408
733202594368,2427
733202694270,2463
733202794172,2425
733202894074,2424
733202993976,2442
733203093878,2435
733203193780,2430
733203293682,2418
733203393584,2430
733203493486,2430
733203593388,2433
733203693290,2429
733203793192,2431
733203893095,2432
733203992997,2430
733204092922,2418
733204192824,2430
733204292726,2439
733204392628,2432
733204492530,2427
733204592432,2428
733204692335,2427
733204792237,2433
733204892139,2427
733204992041,2427
733205091943,2432
733205191845,2434
733205291747,2432
733205391649,2432
733205491551,2426
733205591453,2427
733205691355,2409
733205791257,2426
733205891159,2423
733205991061,2424
733206090963,2428
733206190865,2429
733206290767,2429
733206390669,2431
733206490571,2406
733206590473,2430
733206690375,2461
733206790277,2424
733206890179,2434
733206990081,2423
733207089983,2427
733207189885,2429
733207289787,2407
733207389689,2427
733207489591,2427
733207589493,2422
733207689395,2424
733207789297,2429
733207889199,2424
733207989101,2424
733208089004,2408
733208188906,2429
733208288808,2427
733208388710,2427
733208488612,2429
733208588514,2428
733208688416,2459
733208788318,2450
733208888220,2408
733208988122,2436
733209088024,2425
733209187926,2428
733209287828,2430
733209387730,2426
733209487632,2425
733209587537,2474
733209687439,2445
733209787341,2450
733209887245,2433
733209987147,2440
733210087049,2437
733210186951,2446
733210286853,2447
733210386755,2431
733210486657,2433
733210586559,2435
733210686462,2437
733210786364,2439
733210886266,2430
733210986168,2434
733211086070,2433
733211185972,2432
733211285874,2433
733211385776,2440
733211485678,2437
733211585580,2425
733211685482,2431
733211785384,2443
733211885286,2425
733211985188,2440
733212085090,2435
733212184992,2431
733212284894,2438
733212384796,2432
733212484698,2436
733212584600,2443
733212684503,2448
733212784405,2430
733212884307,2446
733212984209,2442
733213084111,2438
733213184013,2430
733213283915,2446
733213383817,2434
733213483719,2436
733213583621,2434
733213683524,2448
733213783426,2446
733213883328,2453
733213983230,2476
733214083132,2445
733214183034,2439
733214282936,2458
733214382838,2449
733214482740,2444
733214582642,2443
733214682544,2445
733214782446,2439
733214882348,2452
733214982250,2438
733215082152,2512
733215182054,2444
733215281956,2443
733215381858,2440
733215481760,2438
733215581662,2446
733215681564,2444
733215781466,2435
733215881368,2421
733215981270,2435
733216081172,2448
733216181074,2442
733216280976,2456
733216380878,2443
733216480780,2442
733216580682,2437
733216680585,2453
733216780487,2440
733216880389,2442
733216980291,2431
733217080193,2430
733217180095,2435
733217279997,2391
733217379899,2423
733217479801,2452
733217579703,2429
733217679605,2468
733217779507,2429
733217879409,2429
733217979311,2430
733218079213,2433
733218179115,2442
733218279017,2440
733218378919,2445
733218478821,2447
733218578723,2430
733218678625,2456
733218778527,2439
733218878429,2437
733218978331,2428
733219078233,2431
733219178135,2446
733219278037,2432
733219377939,2444
733219477841,2444
733219577743,2438
733219677645,2444
733219777547,2440
733219877449,2449
733219977351,2435
733220077253,2534
733220177155,2435
733220277057,2432
733220376960,2431
733220476862,2428
733220576764,2469
733220676666,2436
733220776568,2424
733220876470,2434
733220976372,2428
733221076274,2424
733221176176,2423
733221276078,2426
733221375980,2429
733221475882,2430
733221575784,2432
733221675686,2416
733221775588,2426
733221875490,2424
733221975392,2424
733222075294,2424
733222175196,2425
733222275098,2433
733222375003,2427
733222474905,2412
733222574807,2427
733222674709,2431
733222774611,2427
733222874513,2429
733222974415,2424
733223074317,2424
733223174219,2433
733223274121,2406
733223374023,2428
733223473925,2430
733223573827,2430
733223673729,2431
733223773632,2431
733223873534,2427
733223973436,2428
733224073338,2414
733224173240,2428
733224273142,2428
733224373044,2428
733224472946,2432
733224572848,2434
733224672751,2434
733224772653,2453
733224872555,2427
733224972457,2429
733225072359,2426
733225172261,2431
733225272163,2427
733225372065,2427
733225471967,2432
733225571869,2435
733225671771,2412
733225771673,2431
733225871575,2424
733225971477,2423
733226071379,2424
733226171281,2426
733226271183,2424
733226371085,2423
733226470987,2415
733226570889,2428
733226670792,2429
733226770715,2433
733226870617,2428
733226970519,2424
733227070421,2426
733227170323,2424
733227270225,2411
733227370127,2426
733227470029,2426
733227569931,2436
733227669833,2431
733227769735,2467
733227869637,2436
733227969539,2424
733228069441,2414
733228169343,2429
733228269245,2427
733228369147,2424
733228469049,2424
733228568951,2427
733228668854,2429
733228768756,2468
733228868658,2412
733228968560,2426
733229068462,2426
733229168364,2425
733229268266,2425
733229368168,2424
733229468072,2423
733229567974,2425
733229667876,2411
733229767778,2426
733229867680,2426
733229967582,2431
733230067484,2422
733230167386,2422
733230267288,2526
733230367190,2429
733230467092,2431
733230566994,2457
733230666896,2446
733230766798,2457
733230866700,2448
733230966602,2444
733231066504,2432
733231166406,2433
733231266308,2438
733231366210,2441
733231466112,2426
733231566014,2436
733231665916,2431
733231765818,2441
733231865720,2430
733231965622,2435
733232065524,2438
733232165426,2422
733232265328,2431
733232365230,2431
733232465132,2434
733232565034,2438
733232664936,2479
733232764838,2447
733232864740,2450
733232964642,2451
733233064544,2450
733233164446,2441
733233264348,2437
733233364250,2440
733233464152,2506
733233564054,2435
733233663956,2440
733233763858,2439
733233863760,2450
733233963662,2757
733234063564,2453
733234163466,2442
733234263368,2437
733234363270,2432
733234463172,2520
733234563074,2427
733234662976,2454
733234762878,2438
733234862780,2444
733234962682,2443
733235062584,2443
733235162486,2446
733235262388,2441
733235362290,2431
733235462192,2467
733235562094,2455
733235661996,2452
733235761898,2472
733235861800,2432
733235961702,2443
733236061604,2438
733236161506,2438
733236261408,2471
733236361310,2430
733236461212,2434
733236561114,2439
733236661016,2475
733236760918,2431
733236860820,2434
733236960722,2432
733237060624,2497
733237160526,2436
733237260428,2430
733237360330,2443
733237460232,2433
733237560134,2428
733237660036,2464
733237759938,2436
733237859840,2435
733237959742,2463
733238059644,2445
733238159546,2434
733238259448,2436
733238359350,2450
733238459252,2437
733238559154,2447
733238659056,2539
733238758958,2450
733238858860,2454
733238958762,2475
733239058664,2440
733239158566,2446
733239258468,2434
733239358370,2430
733239458272,2434
733239558177,2533
733239658079,2513
733239757981,2431
733239857885,2426
733239957787,2494
733240057689,2411
733240157591,2425
733240257493,2425
733240357395,2424
733240457297,2425
733240557199,2429
733240657101,2490
733240757004,2435
733240856906,2421
733240956808,2430
733241056710,2428
733241156612,2428
733241256514,2427
733241356416,2428
733241456318,2427
733241556220,2435
733241656122,2403
733241756024,2426
733241855926,2427
733241955828,2430
733242055730,2429
733242155632,2430
733242255534,2428
733242355436,2423
733242455338,2405
733242555240,2423
733242655142,2463
733242755044,2388
733242854946,2429
733242954848,2427
733243054750,2427
733243154652,2427
733243254554,2412
733243354456,2425
733243454358,2424
733243554260,2425
733243654162,2431
733243754064,2424
733243853966,2429
733243953868,2441
733244053770,2413
733244153672,2439
733244253575,2431
733244353477,2429
733244453379,2440
733244553281,2428
733244653183,2464
733244753085,2430
733244852987,2413
733244952889,2446
733245052791,2430
733245152693,2431
733245252595,2434
733245352497,2428
733245452399,2443
733245552301,2430
733245652203,2423
733245752105,2433
733245852007,2436
733245951909,2446
733246051811,2434
733246151713,2436
733246251615,2431
733246351517,2425
733246451419,2407
733246551321,2423
733246651223,2463
733246751125,2426
733246851027,2423
733246950929,2429
733247050831,2427
733247150733,2431
733247250635,2420
733247350537,2424
733247450439,2428
733247550341,2423
733247650243,2431
733247750145,2435
733247850047,2424
733247949949,2429
733248049851,2449
733248149753,2439
733248249655,2427
733248349557,2425
733248449459,2430
733248549361,2423
733248649263,2423
733248749166,2426
733248849068,2405
733248948970,2427
733249048872,2463
733249148774,2462
733249248676,2427
733249348578,2426
733249448480,2422
733249548404,2535
733249648306,2454
733249748208,2435
733249848111,2431
733249948013,2453
733250047915,2431
733250147817,2434
733250247719,2437
733250347621,2442
733250447523,2450
733250547425,2439
733250647327,2437
733250747230,2440
733250847132,2441
733250947034,2432
733251046936,2457
733251146838,2441
733251246740,2446
733251346642,2454
733251446544,2433
733251546446,2437
733251646348,2435
733251746250,2449
733251846152,2433
733251946054,2436
733252045956,2445
733252145858,2448
733252245760,2434
733252345662,2446
733252445564,2446
733252545466,2426
733252645368,2443
733252745271,2436
733252845173,2450
733252945075,2442
733253044977,2430
733253144879,2428
733253244781,2436
733253344683,2443
733253444585,2440
733253544487,2432
733253644389,2451
733253744291,2426
733253844193,2439
733253944095,2445
733254043997,2443
733254143899,2483
733254243801,2444
733254343703,2443
733254443605,2452
733254543507,2441
733254643409,2437
733254743312,2437
733254843214,2434
733254943116,2437
733255043018,2437
733255142920,2443
733255242822,2441
733255342724,2445
733255442626,2444
733255542528,2443
733255642430,2447
733255742332,2443
733255842234,2438
733255942136,2441
733256042038,2437
733256141940,2454
733256241842,2448
733256341744,2431
733256441646,2448
733256541548,2444
733256641450,2435
733256741352,2434
733256841254,2432
733256941156,2437
733257041058,2443
733257140960,2437
733257240862,2443
733257340764,2433
733257440666,2435
733257540568,2448
733257640470,2441
733257740372,2442
733257840274,2440
733257940176,2436
733258040078,2441
733258139980,2447
733258239882,2444
733258339784,2438
733258439686,2437
733258539588,2437
733258639490,2430
733258739392,2436
733258839294,2450
733258939196,2433
733259039098,2437
733259139003,2430
733259238905,2449
733259338807,2458
733259438712,2533
733259538614,2431
733259638516,2422
733259738420,2427
733259838322,2424
733259938224,2424
733260038126,2408
733260138028,2426
733260237930,2428
733260337832,2429
733260437734,2428
733260537636,2435
733260637538,2423
733260737440,2429
733260837342,2411
733260937244,2428
733261037146,2424
733261137048,2430
733261236950,2426
733261336852,2428
733261436754,2429
733261536656,2429
733261636558,2413
733261736460,2423
733261836362,2423
733261936264,2424
733262036167,2430
733262136069,2429
733262235971,2436
733262335873,2429
733262435775,2419
733262535677,2432
733262635579,2428
733262735481,2425
733262835383,2428
733262935285,2430
733263035187,2429
733263135089,2425
733263234991,2407
733263334893,2430
733263434795,2428
733263534697,2429
733263634599,2428
733263734501,2423
733263834403,2426
733263934306,2426
733264034208,2404
733264134110,2426
733264234012,2427
733264333914,2431
733264433816,2430
733264533718,2433
733264633620,2437
733264733523,2433
733264833425,2415
733264933327,2427
733265033229,2428
733265133131,2427
733265233033,2429
733265332935,2432
733265432837,2429
733265532739,2436
733265632641,2422
733265732543,2428
733265832445,2427
733265932347,2431
733266032249,2431
733266132151,2428
733266232053,2428
733266331955,2434
733266431857,2414
733266531759,2433
733266631661,2436
733266731563,2431
733266831465,2429
733266931367,2425
733267031269,2425
733267131171,2424
733267231073,2409
733267330975,2430
733267430877,2428
733267530779,2428
733267630681,2427
733267730583,2430
733267830485,2425
733267930387,2423
733268030289,2407
733268130191,2423
733268230093,2423
733268329995,2427
733268429897,2425
733268529799,2430
733268629701,2428
733268729603,2432
733268829505,2409
733268929407,2427
733269029309,2424
733269129211,2424
733269229113,2426
733269329015,2423
733269428920,2543
733269528822,2439
733269628724,2440
733269728626,2442
733269828528,2441
733269928430,2500
733270028332,2425
733270128234,2438
733270228136,2442
733270328038,2459
733270427940,2438
733270527842,2452
733270627744,2440
733270727646,2451
733270827548,2435
733270927450,2439
733271027352,2428
733271127254,2431
733271227156,2437
733271327058,2442
733271426960,2439
733271526862,2457
733271626764,2430
733271726666,2451
733271826568,2441
733271926470,2433
733272026372,2442
733272126274,2435
733272226197,2443
733272326099,2441
733272426004,2437
733272525906,2433
733272625808,2433
733272725710,2439
733272825612,2448
733272925514,2428
733273025416,2446
733273125318,2433
733273225220,2434
733273325122,2449
733273425024,2429
733273524926,2449
733273624828,2448
733273724730,2435
733273824632,2439
733273924534,2446
733274024436,2434
733274124338,2447
733274224240,2436
733274324142,2427
733274424044,2431
733274523946,2434
733274623848,2443
733274723750,2442
733274823652,2455
733274923554,2431
733275023456,2444
733275123358,2447
733275223260,2435
733275323162,2442
733275423064,2438
733275522966,2436
733275622868,2432
733275722770,2441
733275822672,2438
733275922574,2447
733276022476,2452
733276122378,2426
733276222280,2448
733276322182,2445
733276422084,2436
733276521986,2447
733276621888,2436
733276721790,2436
733276821692,2442
733276921594,2435
733277021496,2439
733277121398,2434
733277221300,2441
733277321202,2443
733277421104,2450
733277521006,2444
733277620908,2441
733277720810,2435
733277820712,2435
733277920614,2435
733278020516,2432
733278120418,2428
733278220320,2444
733278320222,2433
733278420124,2444
733278520026,2442
733278619928,2441
733278719831,2447
733278819733,2442
733278919635,2438
733279019537,2438
733279119439,2436
733279219341,2452
733279319243,2444
733279419145,2435
733279519052,2508
733279618954,2431
733279718856,2426
733279818758,2437
733279918660,2426
733280018562,2411
733280118464,2423
733280218366,2425
733280318268,2429
733280418170,2424
733280518073,2424
733280617975,2434
733280717878,2425
733280817780,2411
733280917682,2431
733281017584,2426
733281117486,2430
733281217388,2426
733281317290,2428
733281417192,2423
733281517094,2427
733281616996,2405
733281716898,2429
733281816800,2427
733281916702,2427
733282016604,2435
733282116506,2425
733282216408,2431
733282316310,2427
733282416212,2403
733282516114,2427
733282616016,2423
733282715919,2429
733282815821,2427
733282915723,2430
733283015625,2426
733283115527,2426
733283215429,2409
733283315331,2430
733283415233,2460
733283515135,2428
733283615037,2423
733283714939,2428
733283814841,2427
733283914743,2432
733284014645,2410
733284114547,2423
733284214449,2425
733284314351,2460
733284414253,2431
733284514155,2428
733284614057,2424
733284713959,2432
733284813861,2418
733284913763,2431
733285013665,2431
733285113567,2429
733285213469,2428
733285313371,2428
733285413273,2427
733285513175,2431
733285613077,2412
733285712979,2432
733285812881,2431
733285912783,2434
733286012685,2431
733286112587,2431
733286212489,2427
733286312391,2429
733286412293,2408
733286512195,2448
733286612097,2434
733286711999,2430
733286811901,2431
733286911803,2430
733287011705,2504
733287111607,2431
733287211509,2420
733287311411,2425
733287411313,2422
733287511215,2496
733287611117,2423
733287711019,2424
733287810921,2427
733287910823,2426
733288010725,2491
733288110627,2441
733288210529,2432
733288310431,2425
733288410333,2427
733288510235,2497
733288610137,2428
733288710039,2429
733288809941,2411
733288909843,2429
733289009745,2448
733289109647,2428
733289209549,2424
733289309451,2426
733289409354,2422
733289509259,2530
733289609161,2432
733289709063,2430
733289808965,2435
733289908868,2437
733290008770,2443
733290108672,2446
733290208574,2443
733290308476,2437
733290408378,2437
733290508280,2430
733290608182,2449
733290708084,2444
733290807986,2438
733290907888,2437
733291007790,2429
733291107692,2437
733291207594,2455
733291307496,2444
733291407398,2449
733291507300,2442
733291607202,2431
733291707104,2405
733291807006,2434
733291906908,2452
733292006810,2453
733292106712,2443
733292206614,2432
733292306516,2453
733292406418,2453
733292506320,2431
733292606222,2446
733292706125,2430
733292806027,2443
733292905929,2450
733293005831,2442
733293105733,2434
733293205635,2437
733293305537,2437
733293405439,2433
733293505341,2431
733293605243,2440
733293705145,2440
733293805047,2434
733293904949,2454
733294004851,2437
733294104753,2429
733294204655,2448
733294304557,2440
733294404459,2437
733294504361,2439
733294604263,2433
733294704166,2440
733294804068,2447
733294903970,2435
733295003894,2450
733295103796,2458
733295203698,2785
733295303600,2451
733295403502,2437
733295503404,2441
733295603306,2474
733295703208,2454
733295803110,2439
733295903012,2440
733296002914,2457
733296102816,2444
733296202718,2446
733296302620,2441
733296402522,2430
733296502424,2456
733296602326,2433
733296702228,2458
733296802130,2443
733296902032,2450
733297001935,2439
733297101837,2449
733297201739,2462
733297301641,2455
733297401543,2435
733297501445,2436
733297601347,2481
733297701250,2440
733297801152,2440
733297901054,2447
733298000956,2448
733298100858,2436
733298200760,2448
733298300662,2443
733298400564,2431
733298500466,2455
733298600368,2465
733298700270,2461
733298800172,2434
733298900074,2430
733298999976,2436
733299099878,2449
733299199780,2443
733299299682,2432
733299399584,2426
733299499487,2432
733299599389,2441
733299699291,2430
733299799193,2446
733299899095,2437
733299998997,2461
733300098899,2446
733300198801,2441
733300298703,2447
733300398605,2442
733300498507,2428
733300598409,2434
733300698313,2554
733300798215,2422
733300898117,2423
733300998020,2423
733301097922,2428
733301197824,2431
733301297726,2429
733301397628,2427
733301497530,2425
733301597432,2409
733301697334,2423
733301797236,2424
733301897138,2425
733301997040,2431
733302096942,2431
733302196844,2434
733302296746,2427
733302396648,2411
733302496550,2424
733302596452,2423
733302696354,2461
733302796256,2424
733302896158,2428
733302996060,2430
733303095962,2427
733303195864,2423
733303295766,2431
733303395668,2427
733303495570,2425
733303595472,2425
733303695374,2424
733303795276,2424
733303895178,2423
733303995080,2410
733304094982,2427
733304194884,2463
733304294786,2464
733304394688,2439
733304494590,2429
733304594492,2428
733304694394,2461
733304794296,2406
733304894198,2424
733304994100,2424
733305094006,2428
733305193908,2430
733305293810,2467
733305393712,2430
733305493614,2433
733305593516,2413
733305693418,2428
733305793320,2430
733305893222,2428
733305993124,2426
733306093026,2430
733306192928,2435
733306292830,2469
733306392732,2417
733306492634,2432
733306592536,2426
733306692439,2445
733306792341,2428
733306892243,2426
733306992145,2432
733307092047,2427
733307191949,2410
733307291851,2438
733307391753,2433
733307491655,2433
733307591557,2424
733307691459,2425
733307791361,2424
733307891263,2424
733307991165,2409
733308091067,2429
733308190969,2427
733308290871,2425
733308390773,2436
733308490675,2431
733308590577,2443
733308690479,2463
733308790381,2412
733308890283,2423
733308990185,2424
733309090087,2423
733309189989,2428
733309289891,2426
733309389793,2502
733309489696,2427
733309589601,2532
733309689503,2431
733309789405,2431
733309889309,2430
733309989211,2432
733310089113,2439
733310189015,2453
733310288917,2442
733310388819,2443
733310488721,2438
733310588623,2430
733310688525,2466
733310788427,2420
733310888329,2447
733310988231,2446
733311088133,2454
733311188035,2443
733311287937,2434
733311387839,2427
733311487741,2430
733311587643,2435
733311687545,2447
733311787447,2428
733311887349,2441
733311987251,2433
733312087153,2449
733312187055,2440
733312286957,2437
733312386859,2446
733312486761,2440
733312586663,2433
733312686565,2454
733312786467,2448
733312886369,2449
733312986271,2452
733313086173,2434
733313186075,2422
733313285977,2439
733313385879,2438
733313485781,2443
733313585683,2449
733313685585,2432
733313785487,2442
733313885389,2436
733313985291,2424
733314085193,2445
733314185095,2440
733314284997,2444
733314384899,2443
733314484801,2441
733314584703,2430
733314684606,2440
733314784508,2438
733314884411,2447
733314984313,2433
733315084216,2519
733315184118,2426
733315284020,2447
733315383922,2447
733315483824,2436
733315583726,2446
733315683628,2445
733315783530,2435
733315883432,2437
733315983334,2430
733316083236,2440
733316183138,2444
733316283040,2430
733316382942,2435
733316482844,2439
733316582746,2452
733316682648,2448
733316782550,2454
733316882452,2431
733316982354,2438
733317082256,2434
733317182158,2449
733317282060,2430
733317381962,2444
733317481864,2442
733317581766,2441
733317681688,2431
733317781590,2438
733317881492,2439
733317981394,2436
733318081296,2435
733318181198,2424
733318281100,2432
733318381004,2435
733318480906,2439
733318580808,2444
733318680710,2443
733318780612,2438
733318880514,2423
733318980416,2449
733319080318,2434
733319180220,2438
733319280122,2440
733319380024,2442
733319479927,2433
733319579832,2540
733319679734,2431
733319779636,2428
733319879540,2425
733319979442,2403
733320079344,2424
733320179246,2423
733320279148,2424
733320379050,2423
733320478952,2434
733320578854,2430
733320678757,2434
733320778659,2416
733320878561,2424
733320978463,2424
733321078365,2425
733321178267,2423
733321278169,2426
733321378071,2424
733321477973,2428
733321577875,2416
733321677777,2426
733321777679,2427
733321877581,2429
733321977483,2426
733322077385,2425
733322177287,2427
733322277189,2425
733322377091,2407
733322476993,2429
733322576896,2435
733322676798,2431
733322776700,2427
733322876602,2430
733322976504,2426
733323076406,2433
733323176308,2403
733323276210,2425
733323376112,2424
733323476014,2423
733323575916,2428
733323675818,2428
733323775720,2431
733323875623,2440
733323975525,2408
733324075427,2424
733324175329,2429
733324275231,2423
733324375133,2424
733324475035,2426
733324574937,2426
733324674840,2429
733324774742,2408
733324874644,2429
733324974546,2423
733325074448,2427
733325174350,2426
733325274252,2430
733325374154,2425
733325474056,2427
733325573958,2417
733325673860,2436
733325773762,2430
733325873664,2433
733325973566,2428
733326073468,2426
733326173370,2435
733326273272,2430
733326373174,2422
733326473076,2467
733326572978,2431
733326672881,2433
733326772783,2432
733326872685,2433
733326972587,2434
733327072489,2427
733327172391,2439
733327272293,2428
733327372195,2426
733327472097,2428
733327571999,2436
733327671901,2431
733327771803,2431
733327871705,2438
733327971607,2412
733328071509,2423
733328171411,2425
733328271313,2423
733328371215,2425
733328471117,2425
733328571019,2431
733328670921,2429
733328770823,2408
733328870725,2428
733328970627,2429
733329070529,2424
733329170431,2425
733329270333,2428
733329370235,2428
733329470137,2430
733329570042,2555
733329669944,2439
733329769846,2442
733329869748,2433
733329969650,2442
733330069552,2438
733330169454,2428
733330269356,2427
733330369258,2442
733330469160,2441
733330569062,2432
733330668965,2450
733330768867,2442
733330868769,2426
733330968671,2441
733331068573,2441
733331168475,2438
733331268377,2440
733331368279,2439
733331468181,2442
733331568083,2438
733331667985,2442
733331767887,2450
733331867789,2439
733331967691,2447
733332067593,2431
733332167495,2440
733332267397,2441
733332367299,2446
733332467201,2448
733332567103,2437
733332667005,2442
733332766907,2434
733332866809,2434
733332966711,2440
733333066613,2433
733333166515,2443
733333266417,2435
733333366319,2438
733333466221,2431
733333566123,2445
733333666025,2435
733333765927,2434
733333865829,2443
733333965731,2451
733334065633,2446
733334165535,2441
733334265437,2468
733334365339,2439
733334465241,2426
733334565143,2434
733334665045,2467
733334764947,2446
733334864849,2447
733334964751,2449
733335064653,2444
733335164555,2440
733335264457,2476
733335364359,2439
733335464261,2498
733335564163,2451
733335664065,2443
733335763967,2441
733335863869,2438
733335963771,2452
733336063673,2446
733336163575,2446
733336263477,2431
733336363379,2448
733336463281,2510
733336563183,2436
733336663085,2467
733336762987,2451
733336862889,2438
733336962791,2441
733337062693,2441
733337162595,2443
733337262497,2446
733337362399,2456
733337462301,2474
733337562203,2437
733337662105,2432
733337762007,2438
733337861909,2439
733337961811,2439
733338061713,2439
733338161615,2438
733338261517,2434
733338361419,2449
733338461321,2442
733338561223,2444
733338661125,2464
733338761027,2461
733338860929,2442
733338960831,2438
733339060733,2430
733339160635,2453
733339260537,2428
733339360439,2432
733339460344,2517
733339560246,2430
733339660148,2423
733339760050,2427
733339859952,2427
733339959854,2450
733340059756,2432
733340159658,2426
733340259560,2425
733340359462,2425
733340459390,2426
733340559292,2424
733340659194,2532
733340759096,2413
733340858998,2435
733340958900,2502
733341058802,2428
733341158704,2427
733341258606,2431
733341358508,2423
733341458410,2399
733341558312,2404
733341658214,2511
733341758116,2425
733341858018,2424
733341957920,2447
733342057822,2428
733342157724,2428
733342257626,2427
733342357528,2410
733342457430,2424
733342557332,2423
733342657234,2509
733342757137,2432
733342857039,2424
733342956941,2433
733343056843,2427
733343156745,2419
733343256647,2427
733343356549,2423
733343456451,2430
733343556353,2426
733343656255,2425
733343756157,2425
733343856059,2424
733343955961,2408
733344055863,2433
733344155765,2462
733344255667,2427
733344355569,2424
733344455471,2425
733344555373,2432
733344655275,2466
733344755177,2409
733344855079,2425
733344954981,2427
733345054883,2428
733345154785,2431
733345254687,2427
733345354589,2427
733345454491,2424
733345554393,2407
733345654295,2424
733345754197,2425
733345854099,2425
733345954018,2425
733346053920,2433
733346153822,2430
733346253724,2434
733346353626,2417
733346453528,2445
733346553430,2426
733346653332,2450
733346753235,2430
733346853137,2428
733346953039,2445
733347052941,2429
733347152843,2418
733347252745,2431
733347352647,2439
733347452549,2440
733347552451,2427
733347652353,2427
733347752255,2437
733347852157,2431
733347952059,2422
733348051961,2441
733348151863,2434
733348251765,2433
733348351667,2434
733348451569,2425
733348551471,2425
733348651373,2460
733348751275,2405
733348851177,2425
733348951079,2423
733349050981,2430
733349150883,2429
733349250785,2428
733349350687,2428
733349450592,2521
733349550495,2452
733349650397,2445
733349750301,2427
733349850203,2426
733349950105,2439
733350050007,2464
733350149909,2438
733350249811,2433
733350349713,2443
733350449615,2437
733350549517,2437
733350649419,2446
733350749321,2436
733350849223,2436
733350949125,2444
733351049027,2463
733351148929,2452
733351248831,2430
733351348733,2445
733351448635,2429
733351548537,2433
733351648439,2435
733351748341,2438
733351848243,2430
733351948145,2444
733352048047,2488
733352147949,2436
733352247851,2438
733352347753,2434
733352447655,2439
733352547557,2431
733352647459,2437
733352747361,2445
733352847263,2447
733352947165,2429
733353047067,2441
733353146969,2434
733353246871,2438
733353346773,2431
733353446675,2439
733353546577,2460
733353646479,2432
733353746381,2473
733353846283,2428
733353946185,2441
733354046087,2447
733354145989,2435
733354245891,2438
733354345793,2442
733354445695,2437
733354545597,2449
733354645499,2431
733354745401,2450
733354845303,2437
733354945205,2433
733355045107,2431
733355145009,2450
733355244911,2443
733355344813,2446
733355444715,2434
733355544617,2437
733355644519,2431
733355744421,2444
733355844323,2440
733355944225,2450
733356044127,2439
733356144029,2443
733356243931,2438
733356343833,2444
733356443735,2443
733356543637,2448
733356643539,2437
733356743441,2451
733356843343,2451
733356943245,2443
733357043147,2433
733357143049,2440
733357242951,2449
733357342853,2440
733357442755,2449
733357542657,2445
733357642559,2438
733357742461,2438
733357842363,2437
733357942265,2438
733358042167,2434
733358142069,2454
733358241971,2442
733358341873,2449
733358441775,2434
733358541677,2443
733358641579,2460
733358741482,2446
733358841384,2446
733358941286,2431
733359041188,2441
733359141090,2443
733359240992,2439
733359340894,2439
733359440799,2522
733359540701,2433
733359640603,2424
733359740505,2431
733359840407,2422
733359940309,2412
733360040211,2425
733360140113,2425
733360240016,2428
733360339918,2431
733360439820,2426
733360539722,2428
733360639624,2433
733360739526,2418
733360839428,2423
733360939330,2425
733361039232,2428
733361139134,2426
733361239036,2424
733361338938,2436
733361438840,2430
733361538742,2410
733361638644,2427
733361738546,2427
733361838448,2425
733361938350,2424
733362038252,2424
733362138154,2426
733362238056,2423
733362337958,2410
733362437860,2432
733362537762,2427
733362637664,2433
733362737566,2424
733362837468,2424
733362937370,2424
733363037272,2424
733363137193,2410
733363237095,2426
733363336997,2429
733363436899,2426
733363536801,2428
733363636703,2430
733363736605,2432
733363836507,2425
733363936409,2407
733364036311,2430
733364136213,2432
733364236115,2425
733364336017,2423
733364435919,2433
733364535821,2428
733364635723,2428
733364735625,2410
733364835527,2423
733364935429,2428
733365035331,2426
733365135233,2441
733365235135,2427
733365335037,2424
733365434939,2427
733365534841,2422
733365634743,2428
733365734645,2428
733365834547,2427
733365934449,2427
733366034351,2425
733366134253,2423
733366234155,2424
733366334057,2406
733366433959,2431
733366533861,2432
733366633763,2434
733366733665,2431
733366833567,2432
733366933469,2427
733367033371,2428
733367133273,2415
733367233175,2428
733367333077,2435
733367432979,2440
733367532881,2432
733367632783,2432
733367732685,2432
733367832587,2430
733367932489,2410
733368032391,2436
733368132293,2427
733368232195,2435
733368332097,2430
733368431999,2429
733368531901,2433
733368631803,2431
733368731706,2418
733368831608,2431
733368931510,2426
733369031412,2424
733369131314,2423
733369231216,2424
733369331118,2424
733369431023,2501
733369530925,2447
733369630827,2441
733369730729,2443
733369830631,2446
733369930533,2444
733370030437,2433
733370130339,2430
733370230241,2433
733370330143,2457
733370430045,2438
733370529947,2436
733370629849,2438
733370729751,2443
733370829653,2437
733370929555,2438
733371029457,2440
733371129359,2441
733371229261,2422
733371329163,2452
733371429065,2437
733371528967,2443
733371628869,2436
733371728771,2436
733371828673,2450
733371928575,2537
733372028477,2457
733372128379,2428
733372228281,2428
733372328183,2453
733372428085,2448
733372527987,2449
733372627889,2440
733372727791,2457
733372827693,2439
733372927595,2430
733373027497,2427
733373127399,2431
733373227301,2446
733373327203,2446
733373427105,2438
733373527007,2438
733373626909,2436
733373726811,2440
733373826713,2433
733373926615,2519
733374026517,2450
733374126419,2434
733374226321,2464
733374326223,2438
733374426125,2433
733374526027,2452
733374625929,2449
733374725831,2454
733374825733,2445
733374925635,2446
733375025537,2452
733375125439,2444
733375225341,2436
733375325243,2439
733375425145,2437
733375525047,2435
733375624949,2443
733375724851,2451
733375824753,2439
733375924655,2461
733376024557,2429
733376124459,2436
733376224361,2438
733376324263,2433
733376424165,2435
733376524067,2434
733376623969,2435
733376723871,2452
733376823773,2449
733376923676,2450
733377023578,2444
733377123480,2440
733377223382,2445
733377323284,2447
733377423186,2442
733377523088,2451
733377622990,2437
733377722892,2441
733377822794,2448
733377922696,2436
733378022598,2445
733378122500,2447
733378222402,2444
733378322304,2446
733378422206,2447
733378522108,2437
733378622010,2438
733378721912,2462
733378821814,2452
733378921716,2458
733379021618,2455
733379121520,2441
733379221422,2428
733379321324,2443
733379421226,2445
733379521131,2520
733379621033,2428
733379720936,2427
733379820840,2436
733379920742,2408
733380020644,2429
733380120546,2423
733380220448,2424
733380320350,2441
733380420252,2426
733380520154,2428
733380620056,2424
733380719959,2415
733380819861,2428
733380919763,2427
733381019665,2431
733381119567,2423
733381219469,2423
733381319371,2423
733381419273,2426
733381519175,2410
733381619077,2431
733381718979,2424
733381818881,2426
733381918783,2430
733382018685,2428
733382118587,2429
733382218489,2434
733382318391,2412
733382418293,2425
733382518195,2424
733382618097,2425
733382718003,2430
733382817905,2427
733382917807,2427
733383017709,2432
733383117611,2406
733383217513,2424
733383317415,2425
733383417317,2438
733383517219,2425
733383617121,2424
733383717023,2423
733383816925,2438
733383916828,2411
733384016730,2428
733384116632,2428
733384216534,2425
733384316436,2426
733384416338,2426
733384516240,2424
733384616142,2425
733384716044,2409
733384815946,2427
733384915848,2427
733385015750,2427
733385115652,2429
733385215554,2424
733385315456,2434
733385415358,2428
733385515260,2404
733385615162,2424
733385715064,2429
733385814966,2427
733385914885,2433
733386014787,2431
733386114689,2430
733386214591,2431
733386314493,2406
733386414395,2423
733386514297,2425
733386614199,2426
733386714102,2425
733386814006,2425
733386913908,2434
733387013810,2430
733387113712,2421
733387213614,2434
733387313516,2426
733387413418,2427
733387513320,2427
733387613222,2427
733387713124,2428
733387813026,2427
733387912928,2431
733388012830,2432
733388112732,2435
733388212634,2431
733388312536,2427
733388412438,2434
733388512341,2442
733388612243,2427
733388712145,2419
733388812047,2429
733388911949,2437
733389011851,2509
733389111753,2432
733389211655,2436
733389311557,2425
733389411462,2537
733389511364,2524
733389611266,2423
733389711168,2452
733389811070,2434
733389910972,2430
733390010874,2503
733390110776,2437
733390210680,2444
733390310582,2456
733390410484,2429
733390510386,2524
733390610288,2444
733390710191,2431
733390810093,2432
733390909995,2445
733391009897,2475
733391109799,2447
733391209701,2441
733391309603,2440
733391409505,2439
733391509407,2436
733391609309,2432
733391709211,2435
733391809113,2437
733391909015,2451
733392008917,2434
733392108819,2434
733392208721,2450
733392308623,2452
733392408525,2447
733392508427,2430
733392608329,2425
733392708232,2455
733392808134,2435
733392908036,2442
733393007938,2445
733393107840,2428
733393207742,2444
733393307644,2441
733393407546,2435
733393507448,2445
733393607350,2446
733393707252,2439
733393807154,2431
733393907056,2430
733394006958,2438
733394106860,2433
733394206762,2440
733394306664,2447
733394406566,2433
733394506468,2454
733394606370,2441
733394706273,2447
733394806175,2435
733394906077,2423
733395005979,2446
733395105881,2453
733395205783,2436
733395305685,2452
733395405587,2431
733395505489,2436
733395605391,2447
733395705293,2436
733395805195,2432
733395905097,2442
733396004999,2453
733396104901,2455
733396204803,2442
733396304705,2428
733396404607,2443
733396504509,2438
733396604411,2431
733396704313,2446
733396804215,2449
733396904117,2436
733397004019,2438
733397103921,2439
733397203823,2454
733397303725,2440
733397403627,2435
733397503529,2450
733397603431,2447
733397703333,2471
733397803235,2442
733397903137,2438
733398003039,2445
733398102941,2434
733398202843,2512
733398302745,2437
733398402647,2433
733398502549,2432
733398602451,2450
733398702353,2460
733398802255,2447
733398902157,2443
733399002059,2441
733399101961,2444
733399201863,2503
733399301765,2444
733399401667,2459
733399501569,2455
733399601474,2520
733399701376,2434
733399801278,2424
733399901182,2405
733400001084,2424
733400100986,2428
733400200888,2441
733400300790,2430
733400400692,2426
733400500594,2427
733400600496,2435
733400700399,2445
733400800301,2426
733400900203,2429
733401000105,2427
733401100007,2430
733401199909,2428
733401299811,2428
733401399713,2426
733401499615,2417
733401599517,2424
733401699419,2423
733401799321,2429
733401899223,2426
733401999125,2424
733402099027,2425
733402198929,2426
733402298831,2412
733402398733,2429
733402498635,2430
733402598537,2424
733402698440,2448
733402798342,2429
733402898244,2424
733402998146,2429
733403098048,2406
733403197950,2427
733403297852,2428
733403397754,2427
733403497656,2430
733403597558,2424
733403697460,2425
733403797362,2425
733403897264,2404
733403997166,2424
733404097068,2424
733404196970,2429
733404296872,2430
733404396774,2428
733404496676,2498
733404596578,2428
733404696480,2445
733404796382,2426
733404896284,2425
733404996186,2430
733405096088,2424
733405195990,2425
733405295892,2428
733405395794,2426
733405495696,2407
733405595598,2426
733405695500,2423
733405795402,2424
733405895304,2423
733405995206,2424
733406095108,2422
733406195010,2424
733406294912,2427
733406394814,2427
733406494716,2429
733406594618,2436
733406694520,2461
733406794422,2425
733406894324,2426
733406994226,2436
733407094128,2411
733407194030,2425
733407293932,2441
733407393834,2429
733407493736,2749
733407593638,2442
733407693540,2427
733407793442,2426
733407893344,2408
733407993246,2426
733408093148,2433
733408193050,2427
733408292952,2434
733408392854,2432
733408492756,2432
733408592658,2431
733408692581,2410
733408792483,2431
733408892385,2429
733408992287,2427
733409092189,2428
733409192091,2431
733409291993,2434
733409391898,2540
733409491800,2467
733409591702,2439
733409691604,2446
733409791506,2436
733409891408,2428
733409991310,2429
733410091212,2442
733410191115,2430
733410291017,2437
733410390919,2426
733410490821,2436
733410590723,2443
733410690625,2468
733410790527,2431
733410890429,2433
733410990331,2442
733411090233,2448
733411190135,2440
733411290037,2429
733411389939,2444
733411489841,2445
733411589743,2441
733411689645,2445
733411789547,2472
733411889449,2448
733411989351,2450
733412089253,2439
733412189155,2427
733412289057,2433
733412388959,2440
733412488861,2444
733412588763,2428
733412688665,2468
733412788567,2484
733412888469,2427
733412988371,2450
733413088273,2443
733413188175,2431
733413288077,2422
733413387979,2441
733413487881,2453
733413587783,2436
733413687685,2438
733413787587,2469
733413887489,2442
733413987391,2429
733414087293,2429
733414187195,2435
733414287097,2440
733414386999,2455
733414486901,2433
733414586803,2431
733414686705,2457
733414786607,2443
733414886509,2438
733414986411,2432
733415086313,2512
733415186215,2433
733415286117,2440
733415386019,2438
733415485921,2444
733415585823,2442
733415685725,2434
733415785627,2445
733415885529,2428
733415985431,2445
733416085333,2431
733416185235,2437
733416285137,2435
733416385039,2433
733416484941,2450
733416584843,2432
733416684745,2451
733416784647,2436
733416884549,2444
733416984451,2438
733417084353,2451
733417184255,2433
733417284157,2437
733417384059,2435
733417483961,2456
733417583863,2437
733417683765,2450
733417783667,2442
733417883569,2443
733417983471,2444
733418083373,2447
733418183275,2433
733418283177,2441
733418383079,2439
733418482981,2438
733418582883,2442
733418682785,2448
733418782687,2459
733418882589,2447
733418982491,2448
733419082393,2440
733419182295,2431
733419282197,2432
733419382099,2442
733419482004,2521
733419581906,2435
733419681808,2430
733419781711,2430
733419881613,2413
733419981515,2434
733420081417,2424
733420181319,2424
733420281221,2425
733420381123,2424
733420481025,2425
733420580927,2433
733420680829,2419
733420780731,2432
733420880633,2440
733420980535,2427
733421080437,2424
733421180339,2433
733421280241,2430
733421380143,2425
733421480045,2415
733421579947,2432
733421679849,2428
733421779751,2429
733421879653,2468
733421979555,2422
733422079457,2424
733422179359,2431
733422279261,2415
733422379163,2429
733422479065,2432
733422578967,2431
733422678869,2428
733422778771,2432
733422878673,2428
733422978575,2429
733423078477,2408
733423178379,2424
733423278281,2424
733423378183,2512
733423478085,2432
733423577987,2428
733423677889,2432
733423777791,2428
733423877693,2415
733423977595,2434
733424077497,2424
733424177399,2507
733424277301,2466
733424377203,2426
733424477105,2426
733424577007,2425
733424676910,2410
733424776812,2429
733424876714,2432
733424976616,2432
733425076518,2423
733425176420,2428
733425276322,2462
733425376224,2425
733425476126,2412
733425576028,2426
733425675930,2427
733425775832,2434
733425875734,2428
733425975636,2433
733426075538,2433
733426175440,2424
733426275342,2421
733426375244,2424
733426475146,2430
733426575048,2427
733426674950,2428
733426774852,2426
733426874754,2428
733426974656,2429
733427074558,2418
733427174460,2495
733427274362,2429
733427374264,2424
733427474166,2426
733427574068,2430
733427673970,2430
733427773873,2433
733427873775,2414
733427973677,2430
733428073580,2431
733428173482,2427
733428273384,2427
733428373286,2431
733428473188,2429
733428573090,2426
733428672993,2411
733428772895,2432
733428872797,2432
733428972699,2432
733429072601,2429
733429172503,2426
733429272405,2426
733429372307,2427
733429472212,2527
733429572114,2453
733429672016,2433
733429771919,2446
733429871821,2439
733429971723,2442
733430071625,2441
733430171527,2437
733430271429,2434
733430371331,2436
733430471233,2434
733430571135,2439
733430671038,2436
733430770940,2456
733430870842,2431
733430970744,2450
733431070646,2451
733431170548,2429
733431270450,2437
733431370378,2449
733431470280,2426
733431570182,2432
733431670084,2435
733431769986,2426
733431869888,2438
733431969790,2440
733432069692,2449
733432169594,2432
733432269496,2436
733432369398,2438
733432469300,2440
733432569202,2434
733432669104,2445
733432769006,2433
733432868908,2435
733432968810,2446
733433068712,2432
733433168614,2445
733433268516,2432
733433368418,2435
733433468320,2451
733433568222,2439
733433668124,2429
733433768026,2445
733433867928,2442
733433967830,2443
733434067732,2436
733434167634,2444
733434267536,2436
733434367438,2433
733434467340,2428
733434567242,2448
733434667144,2445
733434767046,2448
733434866948,2440
733434966850,2438
733435066752,2441
733435166654,2445
733435266556,2452
733435366458,2428
733435466360,2440
733435566262,2441
733435666164,2436
733435766066,2436
733435865968,2441
733435965870,2439
733436065772,2445
733436165674,2437
733436265576,2439
733436365478,2439
733436465380,2442
733436565282,2430
733436665184,2466
733436765086,2452
733436864988,2430
733436964890,2456
733437064792,2427
733437164694,2442
733437264596,2435
733437364498,2444
733437464400,2534
733437564302,2430
733437664204,2427
733437764106,2431
733437864008,2438
733437963910,2441
733438063812,2448
733438163715,2444
733438263617,2454
733438363519,2440
733438463421,2518
733438563323,2434
733438663225,2478
733438763128,2463
733438863030,2438
733438962932,2445
733439062834,2449
733439162736,2446
733439262638,2448
733439362540,2441
733439462445,2571
733439562347,2431
733439662249,2431
733439762153,2428
733439862055,2408
733439961957,2431
733440061859,2430
733440161761,2432
733440261663,2470
733440361565,2426
733440461467,2424
733440561369,2424
733440661271,2452
733440761174,2425
733440861076,2424
733440960978,2426
733441060880,2430
733441160782,2430
733441260684,2427
733441360586,2428
733441460488,2414
733441560390,2424
733441660292,2425
733441760194,2425
733441860096,2425
733441959998,2463
733442059900,2427
733442159802,2526
733442259704,2507
733442359606,2524
733442459508,2524
733442559410,2521
733442659313,2586
733442759215,2423
733442859117,2423
733442959019,2460
733443058921,2410
733443158823,2434
733443258725,2428
733443358627,2429
733443458529,2424
733443558431,2423
733443658333,2508
733443758235,2424
733443858137,2410
733443958040,2462
733444057942,2434
733444157844,2426
733444257746,2428
733444357648,2427
733444457550,2425
733444557452,2429
733444657354,2510
733444757257,2429
733444857159,2424
733444957061,2426
733445056963,2429
733445156865,2428
733445256767,2427
733445356669,2436
733445456571,2416
733445556473,2424
733445656375,2427
733445756277,2425
733445856179,2425
733445956081,2423
733446055983,2426
733446155885,2428
733446255787,2416
733446355689,2427
733446455591,2427
733446555493,2429
733446655395,2463
733446755297,2429
733446855199,2424
733446955101,2424
733447055005,2416
733447154907,2427
733447254809,2433
733447354711,2432
733447454613,2429
733447554515,2425
733447654417,2428
733447754319,2427
733447854221,2408
733447954123,2425
733448054025,2439
733448153927,2429
733448253829,2431
733448353731,2436
733448453633,2442
733448553535,2428
733448653437,2435
733448753339,2427
733448853241,2430
733448953143,2446
733449053045,2466
733449152947,2433
733449252849,2431
733449352751,2434
733449452656,2555
733449552558,2447
733449652460,2443
733449752369,2433
733449852271,2442
733449952173,2452
733450052075,2486
733450151977,2436
733450251879,2444
733450351781,2442
733450451683,2467
733450551585,2443
733450651487,2490
733450751389,2444
733450851291,2443
733450951193,2433
733451051095,2440
733451150997,2442
733451250899,2423
733451350801,2453
733451450703,2428
733451550605,2447
733451650507,2439
733451750409,2445
733451850311,2436
733451950213,2438
733452050115,2442
733452150017,2473
733452249919,2438
733452349821,2432
733452449723,2451
733452549625,2449
733452649527,2437
733452749429,2440
733452849331,2440
733452949233,2446
733453049135,2426
733453149037,2441
733453248939,2451
733453348841,2447
733453448743,2448
733453548645,2433
733453648547,2434
733453748449,2432
733453848351,2444
733453948253,2438
733454048155,2424
733454148088,2439
733454247990,2443
733454347892,2436
733454447794,2440
733454547696,2452
733454647598,2451
733454747500,2435
733454847402,2428
733454947304,2436
733455047206,2434
733455147108,2441
733455247010,2426
733455346912,2449
733455446814,2435
733455546716,2435
733455646618,2425
733455746520,2432
733455846422,2434
733455946324,2436
733456046226,2427
733456146128,2424
733456246030,2433
733456345932,2431
733456445834,2435
733456545736,2451
733456645638,2448
733456745540,2454
733456845442,2431
733456945344,2441
733457045246,2427
733457145148,2432
733457245050,2427
733457344952,2445
733457444854,2452
733457544756,2445
733457644658,2445
733457744560,2436
733457844462,2438
733457944364,2447
733458044266,2434
733458144168,2425
733458244070,2450
733458343972,2449
733458443874,2436
733458543776,2446
733458643678,2442
733458743580,2451
733458843482,2457
733458943384,2436
733459043286,2457
733459143188,2450
733459243090,2446
733459342992,2457
733459442897,2465
733459542799,2434
733459642701,2430
733459742605,2435
733459842507,2418
733459942409,2430
733460042311,2428
733460142213,2431
733460242115,2426
733460342017,2427
733460441919,2439
733460541822,2429
733460641724,2416
733460741627,2433
733460841529,2423
733460941431,2424
733461041333,2431
733461141235,2424
733461241137,2429
733461341039,2425
733461440941,2409
733461540843,2433
733461640745,2427
733461740647,2435
733461840549,2425
733461940451,2428
733462040353,2424
733462140255,2432
733462240157,2405
733462340059,2423
733462439961,2427
733462539863,2430
733462639765,2428
733462739667,2434
733462839569,2423
733462939471,2424
733463039373,2410
733463139275,2423
733463239177,2428
733463339079,2428
733463438981,2428
733463538883,2433
733463638785,2429
733463738687,2432
733463838589,2407
733463938491,2425
733464038393,2425
733464138295,2436
733464238197,2431
733464338099,2431
733464438004,2425
733464537906,2428
733464637808,2416
733464737710,2428
733464837612,2426
733464937514,2424
733465037416,2426
733465137318,2425
733465237220,2424
733465337122,2425
733465437024,2422
733465536926,2430
733465636828,2428
733465736730,2427
733465836632,2434
733465936534,2424
733466036436,2425
733466136338,2427
733466236240,2411
733466336142,2430
733466436044,2425
733466535946,2427
733466635848,2428
733466735750,2436
733466835652,2427
733466935554,2423
733467035456,2408
733467135358,2425
733467235260,2424
733467335162,2424
733467435064,2423
733467534966,2433
733467634868,2427
733467734770,2428
733467834672,2421
733467934574,2425
733468034476,2427
733468134378,2424
733468234280,2427
733468334182,2429
733468434084,2425
733468533986,2431
733468633888,2418
733468733791,2437
733468833693,2430
733468933595,2430
733469033497,2433
733469133399,2427
733469233301,2427
733469333203,2429
733469433108,2557
733469533010,2451
733469632912,2437
733469732816,2437
733469832718,2449
733469932620,2437
733470032522,2442
733470132424,2442
733470232326,2448
733470332228,2447
733470432130,2431
733470532032,2434
733470631934,2449
733470731836,2445
733470831738,2443
733470931640,2440
733471031542,2451
733471131444,2428
733471231346,2445
733471331248,2445
733471431150,2438
733471531052,2441
733471630954,2453
733471730856,2445
733471830758,2442
733471930660,2444
733472030562,2442
733472130464,2445
733472230366,2438
733472330268,2434
733472430170,2445
733472530073,2431
733472629975,2446
733472729877,2449
733472829779,2453
733472929681,2442
733473029583,2443
733473129485,2446
733473229387,2442
733473329289,2431
733473429191,2450
733473529093,2424
733473628995,2440
733473728897,2432
733473828799,2435
733473928701,2436
733474028603,2434
733474128505,2434
733474228407,2442
733474328309,2442
733474428211,2432
733474528113,2450
733474628015,2442
733474727917,2426
733474827819,2451
733474927721,2450
733475027623,2449
733475127525,2443
733475227427,2420
733475327329,2447
733475427231,2434
733475527133,2436
733475627035,2429
733475726937,2445
733475826839,2445
733475926741,2435
733476026643,2430
733476126545,2437
733476226447,2392
733476326349,2443
733476426251,2430
733476526153,2431
733476626055,2439
733476725957,2443
733476825874,2444
733476925776,2434
733477025678,2442
733477125580,2431
733477225482,2437
733477325384,2453
733477425286,2443
733477525188,2439
733477625090,2439
733477724992,2445
733477824894,2436
733477924796,2452
733478024698,2424
733478124600,2444
733478224502,2442
733478324404,2438
733478424306,2444
733478524208,2444
733478624110,2435
733478724013,2437
733478823915,2447
733478923817,2446
733479023719,2462
733479123621,2451
733479223523,2439
733479323425,2436
733479423327,2438
733479523229,2434
733479623134,2524
733479723036,2434
733479822938,2423
733479922841,2437
733480022743,2431
733480122645,2431
733480222547,2428
733480322449,2428
733480422351,2427
733480522253,2428
733480622155,2426
733480722058,2429
733480821960,2431
733480921862,2432
733481021764,2433
733481121666,2434
733481221568,2425
733481321470,2423
733481421372,2412
733481521274,2427
733481621176,2424
733481721078,2425
733481820980,2430
733481920882,2428
733482020784,2428
733482120686,2427
733482220588,2405
733482320490,2423
733482420392,2425
733482520294,2433
733482620196,2424
733482720098,2425
733482820004,2424
733482919906,2429
733483019808,2407
733483119710,2429
733483219612,2427
733483319514,2424
733483419416,2424
733483519318,2425
733483619220,2425
733483719122,2427
733483819024,2408
733483918926,2429
733484018828,2428
733484118730,2428
733484218632,2438
733484318534,2424
733484418436,2424
733484518338,2430
733484618240,2413
733484718142,2424
733484818044,2429
733484917946,2426
733485017848,2426
733485117750,2428
733485217652,2427
733485317554,2424
733485417456,2415
733485517358,2426
733485617260,2425
733485717162,2424
733485817064,2425
733485916966,2428
733486016868,2429
733486116770,2429
733486216672,2407
733486316574,2425
733486416476,2423
733486516378,2432
733486616280,2425
733486716183,2426
733486816085,2423
733486915987,2428
733487015889,2411
733487115791,2432
733487215693,2426
733487315595,2428
733487415497,2423
733487515399,2427
733487615301,2425
733487715203,2427
733487815105,2405
733487915007,2426
733488014909,2439
733488114811,2426
733488214713,2431
733488314615,2467
733488414517,2424
733488514419,2428
733488614321,2406
733488714224,2425
733488814126,2751
733488914028,2431
733489013930,2429
733489113832,2431
733489213734,2432
733489313636,2438
733489413541,2538
733489513443,2443
733489613345,2429
733489713248,2441
733489813150,2433
733489913052,2429
733490012954,2450
733490112856,2435
733490212758,2439
733490312662,2445
733490412564,2447
733490512466,2447
733490612368,2426
733490712271,2441
733490812173,2448
733490912075,2442
733491011977,2521
733491111879,2447
733491211781,2455
733491311683,2446
733491411585,2441
733491511487,2526
733491611389,2427
733491711291,2434
733491811193,2432
733491911095,2445
733492010997,2499
733492110899,2443
733492210801,2443
733492310703,2438
733492410605,2431
733492510507,2516
733492610409,2441
733492710311,2440
733492810213,2434
733492910115,2443
733493010017,2481
733493109919,2451
733493209821,2438
733493309723,2437
733493409625,2457
733493509527,2428
733493609429,2440
733493709331,2438
733493809233,2431
733493909135,2438
733494009037,2434
733494108939,2428
733494208841,2446
733494308743,2459
733494408645,2438
733494508547,2508
733494608449,2435
733494708352,2432
733494808254,2438
733494908156,2426
733495008058,2435
733495107960,2432
733495207862,2432
733495307764,2428
733495407666,2443
733495507568,2431
733495607470,2433
733495707372,2442
733495807274,2445
733495907176,2443
733496007078,2436
733496106980,2451
733496206882,2432
733496306784,2433
733496406686,2439
733496506588,2455
733496606490,2439
733496706393,2440
733496806295,2424
733496906197,2438
733497006099,2440
733497106004,2425
733497205906,2476
733497305808,2438
733497405710,2432
733497505612,2429
733497605514,2434
733497705416,2435
733497805318,2444
733497905220,2436
733498005122,2450
733498105024,2433
733498204926,2487
733498304828,2444
733498404730,2441
733498504632,2431
733498604534,2444
733498704436,2434
733498804338,2435
733498904240,2438
733499004142,2454
733499104044,2431
733499203946,2458
733499303848,2434
