3462908709198,61
3462908809135,28
3462908909059,28
3462909008981,33
3462909108906,24
3462909208828,22
3462909308750,25
3462909408672,22
3462909508596,23
3462909608518,24
3462909708440,22
3462909808364,23
3462909908286,22
3462910008208,24
3462910108130,22
3462910208052,22
3462910307974,23
3462910407896,23
3462910507818,23
3462910607740,22
3462910707662,23
3462910807584,23
3462910907506,23
3462911007428,22
3462911107350,23
3462911207272,22
3462911307194,23
3462911407116,22
3462911507038,21
3462911606960,22
3462911706882,23
3462911806804,22
3462911906726,21
3462912006648,23
3462912106570,22
3462912206492,22
3462912306414,23
3462912406337,22
3462912506259,22
3462912606181,22
3462912706103,22
3462912806025,22
3462912905947,22
3462913005869,23
3462913105791,23
3462913205713,22
3462913305635,21
3462913405557,22
3462913505479,21
3462913605401,21
3462913705323,23
3462913805246,23
3462913905170,32
3462914005092,24
3462914105014,22
3462914204936,22
3462914304858,21
3462914404780,22
3462914504702,22
3462914604624,22
3462914704548,22
3462914804470,22
3462914904392,21
3462915004314,22
3462915104236,22
3462915204160,22
3462915304082,22
3462915404007,21
3462915503929,22
3462915603851,22
3462915703773,22
3462915803695,21
3462915903617,21
3462916003539,21
3462916103461,22
3462916203383,22
3462916303305,21
3462916403227,22
3462916503149,21
3462916603071,24
3462916702993,26
3462916802915,22
3462916902837,21
3462917002759,22
3462917102681,22
3462917202603,22
3462917302525,22
3462917402447,22
3462917502369,21
3462917602291,22
3462917702213,22
3462917802135,22
3462917902057,21
3462918001979,25
3462918101901,21
3462918201823,22
3462918301745,21
3462918401667,21
3462918501589,21
3462918601511,22
3462918701433,23
3462918801355,22
3462918901277,21
3462919001201,22
3462919101125,31
3462919201047,24
3462919300971,21
3462919400893,22
3462919500815,21
3462919600737,21
3462919700661,21
3462919800583,21
3462919900505,22
3462920000427,21
3462920100349,21
3462920200271,22
3462920300193,22
3462920400115,21
3462920500037,21
3462920599959,22
3462920699881,24
3462920799803,22
3462920899725,21
3462920999647,22
3462921099569,22
3462921199491,21
3462921299413,21
3462921399335,22
3462921499257,23
3462921599179,22
3462921699101,22
3462921799023,22
3462921898945,21
3462921998867,22
3462922098789,22
3462922198711,22
3462922298633,22
3462922398555,22
3462922498477,23
3462922598399,22
3462922698321,35
3462922798243,23
3462922898165,22
3462922998087,24
3462923098009,23
3462923197931,22
3462923297853,21
3462923397775,21
3462923497697,22
3462923597619,21
3462923697541,22
3462923797463,22
3462923897385,22
3462923997307,22
3462924097231,25
3462924197155,31
3462924297077,23
3462924397003,22
3462924496925,22
3462924596847,22
3462924696769,22
3462924796691,22
3462924896613,22
3462924996535,21
3462925096457,22
3462925196379,22
3462925296301,21
3462925396223,21
3462925496145,21
3462925596067,22
3462925695989,25
3462925795911,22
3462925895833,21
3462925995755,21
3462926095677,21
3462926195601,22
3462926295523,21
3462926395445,21
3462926495367,21
3462926595289,22
3462926695211,22
3462926795133,22
3462926895055,21
3462926994977,21
3462927094899,21
3462927194821,22
3462927294743,22
3462927394665,22
3462927494587,22
3462927594509,22
3462927694431,22
3462927794353,21
3462927894275,21
3462927994197,21
3462928094119,22
3462928194041,22
3462928293963,22
3462928393885,22
3462928493807,21
3462928593729,22
3462928693651,22
3462928793573,22
3462928893495,21
3462928993417,22
3462929093339,22
3462929193261,22
3462929293185,23
3462929393109,32
3462929493031,24
3462929592955,23
3462929692877,22
3462929792799,24
3462929892721,23
3462929992645,22
3462930092569,22
3462930192491,23
3462930292413,23
3462930392335,22
3462930492257,22
3462930592179,22
3462930692101,23
3462930792023,22
3462930891945,22
3462930991867,22
3462931091789,22
3462931191711,22
3462931291633,22
3462931391555,21
3462931491477,22
3462931591399,22
3462931691321,22
3462931791243,23
3462931891165,24
3462931991087,22
3462932091009,22
3462932190931,22
3462932290853,23
3462932390775,22
3462932490697,22
3462932590619,22
3462932690541,23
3462932790485,21
3462932890407,23
3462932990329,23
3462933090251,22
3462933190173,22
3462933290095,22
3462933390017,22
3462933489939,22
3462933589861,22
3462933689785,22
3462933789707,22
3462933889629,22
3462933989551,21
3462934089473,23
3462934189395,22
3462934289317,22
3462934389241,23
3462934489165,33
3462934589087,23
3462934689011,35
3462934788933,22
3462934888855,22
3462934988777,21
3462935088699,22
3462935188621,22
3462935288543,22
3462935388465,21
3462935488387,21
3462935588309,22
3462935688231,22
3462935788153,22
3462935888075,21
3462935987997,24
3462936087919,22
3462936187841,22
3462936287763,22
3462936387685,22
3462936487607,22
3462936587529,21
3462936687451,22
3462936787373,21
3462936887295,21
3462936987217,21
3462937087139,21
3462937187061,22
3462937286983,25
3462937386905,22
3462937486827,21
3462937586749,21
3462937686671,22
3462937786593,22
3462937886515,21
3462937986437,21
3462938086360,22
3462938186282,22
3462938286204,21
3462938386126,22
3462938486048,22
3462938585970,22
3462938685892,22
3462938785814,22
3462938885736,22
3462938985658,22
3462939085580,22
3462939185502,22
3462939285424,22
3462939385346,22
3462939485268,23
3462939585190,22
3462939685112,30
3462939785034,24
3462939884958,21
3462939984880,22
3462940084802,22
3462940184724,23
3462940284646,23
3462940384568,22
3462940484490,22
3462940584412,22
3462940684334,22
3462940784256,23
3462940884178,22
3462940984100,22
3462941084022,22
3462941183944,23
3462941283866,21
3462941383788,22
3462941483710,22
3462941583632,22
3462941683554,23
3462941783478,22
3462941883400,23
3462941983322,23
3462942083244,22
3462942183166,22
3462942283088,22
3462942383010,22
3462942482932,22
3462942582854,21
3462942682776,22
3462942782698,22
3462942882620,22
3462942982542,22
3462943082464,24
3462943182386,22
3462943282308,21
3462943382230,22
3462943482152,21
3462943582074,23
3462943681996,25
3462943781918,22
3462943881840,22
3462943981762,24
3462944081684,24
3462944181606,22
3462944281528,21
3462944381450,23
3462944481372,22
3462944581294,22
3462944681216,23
3462944781140,32
3462944881062,23
3462944980986,25
3462945080910,23
3462945180832,22
3462945280754,22
3462945380676,21
3462945480598,21
3462945580520,22
3462945680442,22
3462945780364,23
3462945880286,22
3462945980208,21
3462946080130,22
3462946180052,22
3462946279974,21
3462946379896,22
3462946479818,22
3462946579740,22
3462946679662,22
3462946779584,22
3462946879506,22
3462946979428,21
3462947079350,22
3462947179272,22
3462947279194,21
3462947379116,22
3462947479038,21
3462947578960,22
3462947678882,22
3462947778804,22
3462947878726,22
3462947978648,21
3462948078570,21
3462948178492,22
3462948278414,22
3462948378336,22
3462948478258,22
3462948578180,21
3462948678102,22
3462948778024,22
3462948877946,21
3462948977868,22
3462949077790,21
3462949177712,22
3462949277634,21
3462949377556,22
3462949477478,21
3462949577402,22
3462949677324,21
3462949777247,23
3462949877171,22
3462949977095,31
3462950077017,23
3462950176941,22
3462950276863,22
3462950376785,21
3462950476708,22
3462950576630,23
3462950676552,23
3462950776474,23
3462950876396,24
3462950976318,21
3462951076240,21
3462951176162,23
3462951276084,22
3462951376006,22
3462951475928,21
3462951575850,22
3462951675772,22
3462951775694,23
3462951875616,21
3462951975538,21
3462952075460,22
3462952175382,23
3462952275304,22
3462952375226,21
3462952475148,22
3462952575070,22
3462952674992,26
3462952774914,24
3462952874836,21
3462952974758,21
3462953074680,22
3462953174602,21
3462953274524,21
3462953374446,22
3462953474368,22
3462953574290,22
3462953674212,22
3462953774134,22
3462953874056,22
3462953973978,21
3462954073900,22
3462954173822,22
3462954273744,23
3462954373666,22
3462954473588,22
3462954573510,22
3462954673433,23
3462954773355,23
3462954873277,22
3462954973201,23
3462955073125,32
3462955173047,23
3462955272969,22
3462955372891,22
3462955472813,21
3462955572735,22
3462955672657,22
3462955772579,22
3462955872501,21
3462955972423,21
3462956072345,22
3462956172269,22
3462956272191,22
3462956372113,22
3462956472035,21
3462956571957,22
3462956671879,22
3462956771801,22
3462956871742,22
3462956971664,22
3462957071586,21
3462957171508,22
3462957271430,21
3462957371352,21
3462957471274,22
3462957571196,21
3462957671118,22
3462957771041,23
3462957870963,22
3462957970885,21
3462958070807,21
3462958170729,22
3462958270651,22
3462958370573,21
3462958470495,21
3462958570417,22
3462958670339,22
3462958770261,22
3462958870183,22
3462958970105,21
3462959070027,22
3462959169949,23
3462959269871,22
3462959369793,22
3462959469715,22
3462959569637,21
3462959669559,21
3462959769481,22
3462959869403,21
3462959969325,21
