3450435721408,60
3450435821372,44
3450435921324,44
3450436021276,44
3450436121228,43
3450436221180,43
3450436321132,45
3450436421084,43
3450436521036,44
3450436620988,44
3450436720940,44
3450436820892,43
3450436920844,43
3450437020796,43
3450437120748,43
3450437220700,43
3450437320652,43
3450437420604,43
3450437520556,43
3450437620508,43
3450437720460,43
3450437820412,44
3450437920364,43
3450438020316,43
3450438120268,56
3450438220220,43
3450438320172,45
3450438420124,43
3450438520076,45
3450438620028,43
3450438719980,45
3450438819932,43
3450438919884,43
3450439019836,43
3450439119788,43
3450439219740,43
3450439319692,43
3450439419644,43
3450439519596,43
3450439619548,43
3450439719500,43
3450439819452,43
3450439919404,43
3450440019356,43
3450440119308,43
3450440219260,43
3450440319212,45
3450440419164,45
3450440519116,45
3450440619068,43
3450440719020,46
3450440818972,45
3450440918924,51
3450441018878,44
3450441118830,43
3450441218782,43
3450441318734,43
3450441418686,43
3450441518638,45
3450441618590,56
3450441718542,43
3450441818495,44
3450441918447,44
3450442018399,43
3450442118361,43
3450442218313,57
3450442318265,45
3450442418217,45
3450442518169,45
3450442618121,45
3450442718073,45
3450442818025,55
3450442917977,73
3450443017929,45
3450443117881,45
3450443217833,45
3450443317785,43
3450443417737,43
3450443517689,43
3450443617641,43
3450443717593,43
3450443817545,43
3450443917497,43
3450444017449,55
3450444117401,43
3450444217362,43
3450444317314,43
3450444417266,45
3450444517218,43
3450444617170,45
3450444717122,43
3450444817074,45
3450444917026,43
3450445016978,50
3450445116930,54
3450445216882,43
3450445316834,53
3450445416786,43
3450445516738,45
3450445616690,45
3450445716642,43
3450445816594,43
3450445916546,43
3450446016498,52
3450446116450,43
3450446216403,43
3450446316361,44
3450446416313,57
3450446516265,44
3450446616217,45
3450446716169,45
3450446816121,45
3450446916073,45
3450447016025,56
3450447115977,47
3450447215929,43
3450447315881,43
3450447415833,44
3450447515785,45
3450447615737,45
3450447715689,45
3450447815641,43
3450447915593,43
3450448015545,43
3450448115497,43
3450448215449,42
3450448315401,43
3450448415353,43
3450448515305,57
3450448615257,43
3450448715209,44
3450448815161,43
3450448915113,43
3450449015065,43
3450449115017,43
3450449214969,47
3450449314921,43
3450449414873,43
3450449514825,45
3450449614777,45
3450449714729,43
3450449814681,44
3450449914633,43
3450450014585,43
3450450114537,43
3450450214489,43
3450450314441,43
3450450414393,43
3450450514357,44
3450450614309,56
3450450714262,45
3450450814214,45
3450450914166,45
3450451014118,46
3450451114070,54
3450451214022,56
3450451313974,121
3450451413926,112
3450451513878,55
3450451613830,45
3450451713782,45
3450451813734,44
3450451913686,43
3450452013638,43
3450452113590,52
3450452213542,43
3450452313494,43
3450452413446,53
3450452513398,43
3450452613350,43
3450452713302,45
3450452813254,43
3450452913206,58
3450453013158,43
3450453113110,49
3450453213062,43
3450453313014,56
3450453412966,46
3450453512918,45
3450453612870,45
3450453712822,45
3450453812774,43
3450453912726,43
3450454012678,55
3450454112630,43
3450454212582,54
3450454312534,43
3450454412486,43
3450454512438,43
3450454612390,50
3450454712342,56
3450454812294,56
3450454912246,44
3450455012198,45
3450455112150,45
3450455212102,45
3450455312066,72
3450455412018,56
3450455511970,46
3450455611922,52
3450455711874,43
3450455811826,43
3450455911778,43
3450456011730,43
3450456111682,44
3450456211634,52
3450456311586,44
3450456411538,45
3450456511490,43
3450456611442,43
3450456711394,43
3450456811346,43
3450456911298,45
3450457011250,43
3450457111202,43
3450457211154,42
3450457311106,43
3450457411067,45
3450457511019,45
3450457610971,48
3450457710923,43
3450457810876,44
3450457910828,43
3450458010780,43
3450458110732,43
3450458210684,43
3450458310636,45
3450458410588,45
3450458510540,43
3450458610492,43
3450458710444,44
3450458810396,43
3450458910349,43
3450459010301,57
3450459110253,45
3450459210205,45
3450459310157,45
3450459410109,45
3450459510061,45
3450459610013,45
3450459709965,46
3450459809937,43
3450459909889,43
3450460009841,43
3450460109793,56
3450460209745,43
3450460309697,43
3450460409649,43
3450460509601,43
3450460609553,43
3450460709505,44
3450460809457,43
3450460909409,42
3450461009361,43
3450461109313,43
3450461209265,45
3450461309217,51
3450461409169,45
3450461509121,45
3450461609073,45
3450461709025,45
3450461808977,47
3450461908929,51
3450462008881,43
3450462108833,51
3450462208785,43
3450462308737,44
3450462408689,43
3450462508641,108
3450462608593,69
3450462708545,44
3450462808497,43
3450462908449,43
3450463008401,43
3450463108353,51
3450463208305,56
3450463308257,54
3450463408209,44
3450463508161,45
3450463608113,44
3450463708065,53
3450463808017,55
3450463907969,54
3450464007921,43
3450464107873,43
3450464207825,43
3450464307777,45
3450464407729,43
3450464507681,43
3450464607633,43
3450464707585,43
3450464807537,43
3450464907489,52
3450465007441,43
3450465107393,43
3450465207345,43
3450465307297,56
3450465407249,43
3450465507201,45
3450465607153,54
3450465707105,57
3450465807057,44
3450465907009,50
3450466006961,46
3450466106913,43
3450466206865,43
3450466306817,43
3450466406769,52
3450466506721,45
3450466606673,44
3450466706625,43
3450466806577,43
3450466906529,43
3450467006481,45
3450467106433,45
3450467206385,43
3450467306337,55
3450467406289,44
3450467506241,45
3450467606193,45
3450467706145,45
3450467806097,45
3450467906049,57
3450468006005,43
3450468105957,53
3450468205909,43
3450468305861,43
3450468405813,43
3450468505765,43
3450468605717,43
3450468705669,44
3450468805621,43
3450468905573,43
3450469005525,43
3450469105477,43
3450469205429,43
3450469305381,43
3450469405333,43
3450469505285,45
3450469605237,45
3450469705189,45
3450469805141,44
3450469905093,45
3450470005045,43
3450470104997,46
3450470204949,43
3450470304901,43
3450470404853,43
3450470504805,43
3450470604757,43
3450470704710,43
3450470804662,43
3450470904614,43
3450471004566,43
3450471104518,43
3450471204470,43
3450471304422,42
3450471404374,44
3450471504326,55
3450471604278,45
3450471704230,48
3450471804182,48
3450471904134,44
3450472004086,45
3450472104038,47
3450472203990,66
3450472303942,43
3450472403894,49
3450472503846,50
3450472603798,43
3450472703750,43
3450472803702,43
3450472903654,43
3450473003606,43
3450473103558,43
3450473203510,44
3450473303462,44
3450473403414,43
3450473503366,51
3450473603318,45
3450473703270,43
3450473803223,45
3450473903175,43
3450474003127,45
3450474103079,43
3450474203031,56
3450474302983,46
3450474402935,43
3450474502887,43
3450474602839,43
3450474702791,43
3450474802743,43
3450474902695,49
3450475002647,43
3450475102599,43
3450475202551,43
3450475302503,43
3450475402455,43
3450475502407,45
3450475602359,46
3450475702311,56
3450475802263,45
3450475902215,52
3450476002167,49
3450476102119,52
3450476202072,45
3450476302024,55
3450476401976,46
3450476501928,49
3450476601881,52
3450476701833,44
3450476801785,43
3450476901737,43
3450477001689,43
3450477101641,43
3450477201593,43
3450477301545,43
3450477401497,43
3450477501449,45
3450477601401,45
3450477701353,43
3450477801306,57
3450477901258,43
3450478001210,45
3450478101162,43
3450478201114,45
3450478301066,43
3450478401018,56
3450478500970,46
3450478600922,43
3450478700874,44
3450478800826,44
3450478900778,43
3450479000730,45
3450479100682,45
3450479200635,43
3450479300587,43
3450479400539,43
3450479500491,43
3450479600443,43
3450479700395,43
3450479800359,43
3450479900311,57
3450480000263,45
3450480100215,45
3450480200167,45
3450480300119,45
3450480400071,45
3450480500023,56
3450480599975,46
3450480699927,44
3450480799879,43
3450480899831,44
3450480999783,43
3450481099735,43
3450481199687,44
3450481299639,43
3450481399591,43
3450481499543,45
3450481599495,46
3450481699447,54
3450481799399,44
3450481899351,49
3450481999303,43
3450482099255,50
3450482199207,49
3450482299159,48
3450482399111,49
3450482499063,43
3450482599015,50
3450482698967,46
3450482798919,49
3450482898871,48
3450482998823,46
3450483098775,49
3450483198727,43
3450483298679,43
3450483398631,102
3450483498583,45
3450483598535,50
3450483698487,45
3450483798439,43
3450483898409,43
3450483998361,47
3450484098313,47
3450484198265,43
3450484298217,43
3450484398169,43
3450484498121,43
3450484598073,43
3450484698025,56
3450484797977,46
3450484897929,43
3450484997881,43
3450485097833,44
3450485197785,46
3450485297737,43
3450485397689,49
3450485497641,50
3450485597593,44
3450485697545,64
3450485797497,44
3450485897449,43
3450485997401,43
3450486097363,47
3450486197315,43
3450486297267,45
3450486397219,43
3450486497171,114
3450486597123,45
