3537935917239,32411
3537936017178,27732
3537936117101,22362
3537936217023,22286
3537936316946,22289
3537936416869,22403
3537936516792,22289
3537936616714,22506
3537936716637,23740
3537936816560,23172
3537936916483,23394
3537937016406,23405
3537937116329,22994
3537937216252,23313
3537937316175,23687
3537937416098,23247
3537937516029,23196
3537937615953,23349
3537937715876,23195
3537937815799,23178
3537937915722,23187
3537938015646,23182
3537938115569,23178
3537938215493,23174
3537938315417,22277
3537938415340,22393
3537938515264,22325
3537938615189,22292
3537938715113,22173
3537938815036,22139
3537938914960,22297
3537939014884,22347
3537939114808,22303
3537939214732,22287
3537939314656,22287
3537939414580,22389
3537939514504,22477
3537939614428,22298
3537939714352,22285
3537939814276,22283
3537939914200,22308
3537940014124,22492
3537940114048,22276
3537940213971,22299
3537940313895,22124
3537940413819,22238
3537940513743,22355
3537940613666,22301
3537940713590,22314
3537940813514,22289
3537940913438,22289
3537941013361,22334
3537941113285,22465
3537941213209,22286
3537941313133,22280
3537941413057,22402
3537941512980,22299
3537941612904,22293
3537941712828,22291
3537941812752,22296
3537941912676,22099
3537942012600,22124
3537942112524,22324
3537942212447,22291
3537942312371,22262
3537942412294,22562
3537942512219,22290
3537942612143,22281
3537942712067,22355
3537942811991,22296
3537942911915,22305
3537943011839,22289
3537943111764,22658
3537943211687,22301
3537943311611,22286
3537943411535,22379
3537943511460,22139
3537943611384,22135
3537943711308,22276
3537943811232,22274
3537943911156,22291
3537944011080,22298
3537944111006,22291
3537944210929,22297
3537944310853,22287
3537944410777,22391
3537944510701,22462
3537944610625,22294
3537944710548,22310
3537944810472,22293
3537944910396,22284
3537945010319,22355
3537945110243,22133
3537945210166,22128
3537945310090,22285
3537945410014,22387
3537945509938,22329
3537945609863,22297
3537945709786,22289
3537945809710,22288
3537945909634,22280
3537946009560,22351
3537946109484,22385
3537946209406,22343
3537946309329,22327
3537946409251,22463
3537946509174,22362
3537946609097,22276
3537946709020,23541
3537946808942,25301
3537946908865,23787
3537947008788,23357
3537947108711,23171
3537947208633,23353
3537947308556,23133
3537947408479,23237
3537947508402,23344
3537947608324,23136
3537947708250,22320
3537947808175,22245
3537947908099,22392
3537948008024,22253
3537948107948,22349
3537948207871,23370
3537948307795,24733
3537948407719,23647
3537948507643,23144
3537948607567,23100
3537948707490,22263
3537948807414,22374
3537948907338,22359
3537949007262,22363
3537949107186,22283
3537949207109,22292
3537949307033,22220
3537949406957,22302
3537949506882,22349
3537949606806,22244
3537949706729,22325
3537949806653,22257
3537949906577,24048
3537950006501,23351
3537950106425,22338
3537950206348,22290
3537950306270,22308
3537950406194,22374
3537950506118,22228
3537950606042,22219
3537950705966,22298
3537950805890,22334
3537950905814,22276
3537951005738,22377
3537951105660,22360
3537951205585,22358
3537951305509,22242
3537951405433,22648
3537951505357,24762
3537951605281,24133
3537951705203,22263
3537951805127,22324
3537951905051,22449
3537952004973,22270
3537952104897,22361
3537952204819,22296
3537952304742,22304
3537952404666,22251
3537952504589,22379
3537952604513,22458
3537952704436,22339
3537952804361,22501
3537952904285,22263
3537953004209,22285
3537953104133,23653
3537953204056,22616
3537953303980,22284
3537953403905,22320
3537953503829,22341
3537953603753,22267
3537953703677,22376
3537953803601,22233
3537953903526,22233
3537954003450,22249
3537954103374,22448
3537954203298,22375
3537954303222,22301
3537954403146,22330
3537954503070,22320
3537954602995,22297
3537954702919,22692
3537954802843,22446
3537954902767,22340
3537955002690,22338
3537955102614,22261
3537955202538,22259
3537955302462,22247
3537955402386,22359
3537955502309,22343
3537955602233,22470
3537955702157,22388
3537955802081,22255
3537955902006,22321
3537956001930,22297
3537956101856,22523
3537956201780,22384
3537956301702,22169
3537956401648,22133
3537956501571,22285
3537956601494,22286
3537956701417,22368
3537956801340,22288
3537956901262,22473
3537957001185,24557
3537957101107,23715
3537957201030,23763
3537957300952,23823
3537957400875,23559
3537957500798,23169
3537957600721,23147
3537957700643,23172
3537957800566,23168
3537957900490,22133
3537958000412,22139
3537958100335,22304
3537958200258,22303
3537958300182,22286
3537958400106,22298
3537958500030,22289
3537958599954,22284
3537958699878,22377
3537958799802,22304
3537958899725,22293
3537958999649,22284
3537959099574,22278
3537959199498,22494
3537959299422,22289
3537959399346,22283
3537959499270,22256
3537959599194,22130
3537959699118,22325
3537959799042,22293
3537959898966,22302
3537959998889,22291
3537960098812,22289
3537960198735,22386
3537960298659,22289
3537960398583,22470
3537960498507,22280
3537960598430,22285
3537960698353,22382
3537960798278,22292
3537960898202,22300
3537960998125,22298
3537961098049,22136
3537961197973,22146
3537961297897,22285
3537961397821,22302
3537961497745,22307
3537961597668,22290
3537961697593,22298
3537961797517,22292
3537961897439,22290
3537961997363,22291
3537962097287,22271
3537962197211,22298
3537962297135,22280
3537962397059,22275
3537962496983,22301
3537962596907,22292
3537962696832,22222
3537962796756,22146
3537962896679,22285
3537962996603,22315
3537963096527,22495
3537963196451,22316
3537963296375,22285
3537963396298,22299
3537963496223,22474
3537963596146,22281
3537963696070,22311
3537963795993,22285
3537963895917,22291
3537963995841,22279
3537964095765,22278
3537964195689,22287
3537964295613,22115
3537964395535,22118
3537964495459,22334
3537964595383,22292
3537964695306,22409
3537964795229,22287
3537964895151,22286
3537964995075,22450
3537965094999,22305
3537965194923,22296
3537965294845,22271
3537965394769,22291
3537965494692,22291
3537965594616,22280
3537965694540,22292
3537965794462,22287
3537965894384,22117
3537965994307,22121
3537966094229,22273
3537966194153,22357
3537966294077,22390
3537966393999,22409
3537966493922,22269
3537966593845,22282
3537966693768,22501
3537966793691,22366
3537966893613,22360
3537966993535,22601
3537967093458,23495
3537967193381,23710
3537967293304,23752
3537967393227,23519
3537967493150,25053
3537967593072,24417
3537967692995,23238
3537967792918,23254
3537967892842,22277
3537967992765,22493
3537968092689,22278
3537968192612,22307
3537968292536,22303
3537968392460,22376
3537968492384,23139
3537968592308,23145
3537968692231,22521
3537968792155,22273
3537968892079,22391
3537968992006,22329
3537969091930,23763
3537969191854,23735
3537969291779,22316
3537969391702,22333
3537969491625,22443
3537969591549,22292
3537969691473,22286
3537969791397,22239
3537969891319,22320
3537969991243,22371
3537970091167,22256
3537970191091,22280
3537970291015,22258
3537970390939,22283
3537970490863,22276
3537970590787,22368
3537970690710,25278
3537970790634,22738
3537970890558,22272
3537970990482,22421
3537971090406,22417
3537971190330,22384
3537971290254,22332
3537971390178,22327
3537971490102,22324
3537971590027,22302
3537971689950,22351
3537971789875,22289
3537971889799,22422
3537971989723,22360
3537972089647,22246
3537972189572,22400
3537972289496,23500
3537972389420,22633
3537972489343,22702
3537972589268,22328
3537972689191,22514
3537972789115,22241
3537972889039,22307
3537972988963,22369
3537973088887,22273
3537973188811,22326
3537973288736,22395
3537973388660,22289
3537973488584,22281
3537973588508,22299
3537973688432,22646
3537973788356,22583
3537973888280,22681
3537973988204,23372
3537974088128,22587
3537974188052,22329
3537974287976,22475
3537974387900,22272
3537974487824,22298
3537974587748,22579
3537974687672,22573
3537974787597,22289
3537974887521,22362
3537974987445,22264
3537975087370,22493
3537975187294,22304
3537975287218,22250
3537975387143,22311
3537975487067,23963
3537975586991,24381
3537975686913,22314
3537975786837,22391
3537975886761,22322
3537975986684,22484
3537976086608,22269
3537976186532,22271
3537976286456,22343
3537976386381,22374
3537976486304,22325
3537976586227,22277
3537976686150,22512
3537976786073,22304
3537976886017,22292
3537976985939,22288
3537977085862,22368
3537977185785,23536
3537977285708,23877
3537977385631,23815
3537977485554,23165
3537977585477,23212
3537977685399,23188
3537977785322,23175
3537977885245,23158
3537977985170,22335
3537978085094,22295
3537978185016,22286
3537978284940,22294
3537978384862,22294
3537978484785,22291
3537978584709,22276
3537978684632,23054
3537978784556,23013
3537978884480,23160
3537978984402,23171
3537979084326,23169
3537979184248,23182
3537979284172,23172
3537979384096,23169
3537979484020,23358
3537979583944,22298
3537979683867,22334
3537979783791,22297
3537979883715,22291
3537979983639,22287
3537980083563,22282
3537980183487,22315
3537980283411,22122
3537980383335,22123
3537980483259,22290
3537980583183,22287
3537980683108,22523
3537980783031,22309
3537980882955,22492
3537980982879,22299
3537981082803,22293
3537981182727,22317
3537981282651,22284
3537981382575,22285
3537981482500,22295
3537981582424,22280
3537981682347,22355
3537981782270,22299
3537981882194,22114
3537981982118,22449
3537982082041,22292
3537982181965,22305
3537982281889,22294
3537982381813,22296
3537982481737,22468
3537982581661,22282
3537982681584,22520
3537982781508,22321
3537982881432,22289
3537982981355,22326
3537983081279,22290
3537983181203,22293
3537983281126,22285
3537983381049,22289
3537983480973,22137
3537983580897,22133
3537983680821,22327
3537983780745,22289
3537983880669,22275
3537983980593,22287
3537984080517,22292
3537984180441,22330
3537984280365,22283
3537984380289,22287
3537984480213,22275
3537984580137,22282
3537984680059,22491
3537984779983,22315
3537984879907,22442
3537984979831,22319
3537985079755,22129
3537985179679,22132
3537985279603,22279
3537985379527,22279
3537985479451,22462
3537985579375,22281
3537985679299,22318
3537985779223,22294
3537985879146,22286
3537985979069,22276
3537986078993,22277
3537986178917,22290
3537986278841,22277
3537986378767,22339
3537986478693,22324
3537986578616,22253
3537986678539,22821
3537986778462,24023
3537986878384,22411
3537986978306,22400
3537987078229,22505
3537987178151,22614
3537987278074,23546
3537987377997,23748
3537987477920,23268
3537987577843,23207
3537987677766,23135
3537987777689,23196
3537987877611,23430
3537987977534,23250
3537988077460,23219
3537988177384,23422
3537988277308,26127
3537988377232,24045
3537988477156,23158
3537988577080,22268
3537988677005,22515
3537988776929,22306
3537988876853,22347
3537988976776,22786
3537989076700,22320
3537989176623,22303
3537989276547,22290
3537989376471,22273
3537989476394,22393
3537989576318,22323
3537989676242,22347
3537989776166,22410
3537989876090,23145
3537989976014,22555
3537990075938,22274
3537990175862,22307
3537990275786,22309
3537990375710,22329
3537990475634,22599
3537990575558,22397
3537990675481,22525
3537990775406,22275
3537990875330,22343
3537990975253,22343
3537991075177,22516
3537991175099,22294
3537991275023,22359
3537991374946,22264
3537991474870,24364
3537991574793,24491
3537991674717,22350
3537991774640,22275
3537991874564,22291
3537991974488,22635
3537992074413,22352
3537992174337,22367
3537992274261,22354
3537992374185,22276
3537992474121,22571
3537992574045,22314
3537992673969,22472
3537992773894,22288
3537992873818,22307
3537992973741,22341
3537993073665,22389
3537993173589,24237
3537993273514,22432
3537993373439,22290
3537993473363,22259
3537993573287,22324
3537993673211,22689
3537993773136,22289
3537993873060,22259
3537993972982,22431
3537994072906,22275
3537994172829,22400
3537994272753,22244
3537994372677,22423
3537994472600,22367
3537994572524,22250
3537994672447,23833
3537994772371,22645
3537994872295,22250
3537994972219,22251
3537995072144,22476
3537995172068,22408
3537995271992,22289
3537995371916,22303
3537995471840,22656
3537995571765,22357
3537995671689,22365
3537995771613,22270
3537995871537,22285
3537995971461,22457
3537996071385,22276
3537996171309,22260
3537996271234,22420
3537996371158,24017
3537996471083,22392
3537996571009,22612
3537996670932,22438
3537996770855,22299
3537996870778,22293
3537996970700,22469
3537997070622,22282
3537997170544,22272
3537997270466,22487
3537997370407,23609
3537997470330,23433
3537997570253,23138
3537997670175,23167
3537997770098,23192
3537997870021,23003
3537997969943,22982
3537998069866,22865
3537998169790,22292
3537998269714,22290
3537998369638,22272
3537998469562,22448
3537998569486,22289
3537998669409,22444
3537998769333,23196
3537998869257,23165
3537998969181,23333
3537999069105,23170
3537999169029,23177
3537999268952,23172
3537999368876,23172
3537999468799,23079
3537999568723,22139
3537999668647,22328
3537999768571,22276
3537999868495,22283
3537999968420,22285
3538000068344,22298
3538000168267,22274
3538000268190,22299
3538000368113,22288
3538000468036,22432
3538000567960,22275
3538000667884,22373
3538000767810,22312
3538000867734,22293
3538000967658,22279
3538001067582,22104
3538001167506,22121
3538001267430,22274
3538001367354,22286
3538001467278,22280
3538001567202,22290
3538001667125,22307
3538001767049,22285
3538001866973,22294
3538001966897,22285
3538002066821,22289
3538002166745,22292
3538002266669,22297
3538002366593,22281
3538002466517,22293
3538002566441,22294
3538002666364,22175
3538002766288,22178
3538002866212,22299
3538002966135,22287
3538003066058,22281
3538003165982,22290
3538003265905,22303
3538003365828,22328
3538003465751,22282
3538003565675,22275
3538003665599,22265
3538003765523,22290
3538003865447,22276
3538003965371,22288
3538004065295,22282
3538004165219,22283
3538004265143,22119
3538004365066,22110
3538004464989,22281
3538004564914,22276
3538004664836,22354
3538004764760,22293
3538004864684,22284
3538004964607,22287
3538005064531,22295
3538005164455,22289
3538005264379,22283
3538005364302,22275
3538005464227,22283
3538005564151,22298
3538005664073,22386
3538005763997,22303
3538005863921,22141
3538005963845,22115
3538006063769,22289
3538006163693,22300
3538006263617,22285
3538006363541,22280
3538006463465,22260
3538006563389,22355
3538006663313,22418
3538006763236,22309
3538006863159,22338
3538006963081,22479
3538007063004,22446
3538007162927,22271
3538007262850,22229
3538007362772,22844
3538007462695,23577
3538007562618,24408
3538007662541,23132
3538007762464,23252
3538007862387,23407
3538007962310,23214
3538008062233,23160
3538008162156,23141
3538008262082,22332
3538008362006,22375
3538008461930,22364
3538008561854,22346
3538008661778,22406
3538008761702,22335
3538008861626,22382
3538008961549,22324
3538009061473,23512
3538009161397,23422
3538009261320,22287
3538009361244,22285
3538009461168,22345
3538009561092,22284
3538009661016,22406
3538009760940,22247
3538009860864,22308
3538009960787,22243
3538010060710,22262
3538010160634,22288
3538010260558,22299
3538010360483,22289
3538010460406,22343
3538010560330,22263
3538010660253,23878
3538010760178,24333
3538010860103,22394
3538010960026,22402
3538011059950,22393
3538011159874,22252
3538011259798,22310
3538011359722,22302
3538011459647,22322
3538011559571,22304
3538011659495,22334
3538011759419,22382
3538011859343,22292
3538011959266,22371
3538012059190,22311
3538012159113,22280
3538012259037,23161
3538012358961,23998
3538012458885,22251
3538012558809,22268
3538012658732,22418
3538012758655,22273
3538012858580,22388
3538012958505,22590
3538013058430,22274
3538013158354,22277
3538013258278,22239
3538013358202,22463
3538013458125,22337
3538013558049,22367
3538013657972,22722
3538013757896,22388
3538013857820,22905
3538013957743,23883
3538014057667,22337
3538014157591,22440
3538014257515,22309
3538014357439,22485
3538014457363,22315
3538014557287,22462
3538014657209,22590
3538014757134,22243
3538014857059,22254
3538014956983,22252
3538015056907,22278
3538015156831,22237
3538015256755,22405
3538015356679,22244
3538015456602,22666
3538015556527,23579
3538015656451,22413
3538015756375,22332
3538015856297,22560
3538015956219,22273
3538016056143,22312
3538016156067,22340
3538016255989,22254
3538016355911,22272
3538016455836,22355
3538016555759,22266
3538016655682,22528
3538016755608,22399
3538016855530,22328
3538016955452,22280
3538017055374,22130
3538017155296,22113
3538017255219,22299
3538017355141,22282
3538017455064,22517
3538017554987,23175
3538017654910,23181
3538017754833,23154
3538017854774,23160
3538017954697,23173
3538018054619,23159
3538018154541,23156
3538018254463,23030
3538018354389,22287
3538018454311,22297
3538018554235,22287
3538018654158,22291
3538018754081,23029
3538018854008,23178
3538018953932,23187
3538019053856,23352
3538019153778,23330
3538019253704,23167
3538019353628,23465
3538019453553,23296
3538019553477,22402
3538019653401,22393
3538019753325,22398
3538019853248,22286
3538019953171,22316
3538020053094,22284
3538020153018,22305
3538020252942,22137
3538020352865,22265
3538020452789,22296
3538020552713,22293
3538020652636,22486
3538020752561,22318
3538020852484,22295
3538020952408,22296
3538021052332,22285
3538021152255,22404
3538021252179,22277
3538021352102,22282
3538021452026,22303
3538021551950,22290
3538021651872,22292
3538021751796,22330
3538021851720,22120
3538021951644,22124
3538022051568,22286
3538022151492,22284
3538022251416,22284
3538022351339,22278
3538022451262,22312
3538022551185,22597
3538022651108,22493
3538022751032,22298
3538022850956,22301
3538022950879,22299
3538023050803,22288
3538023150727,22305
3538023250651,22282
3538023350575,22286
3538023450500,22159
3538023550423,22123
3538023650347,22322
3538023750271,22284
3538023850195,22283
3538023950119,22314
3538024050042,22289
3538024149965,22288
3538024249888,22297
3538024349811,22290
3538024449734,22304
3538024549658,22286
3538024649582,22471
3538024749506,22298
3538024849430,22296
3538024949353,22299
3538025049276,22290
3538025149200,22290
3538025249124,22271
3538025349048,22293
3538025448972,22301
3538025548897,22288
3538025648821,22282
3538025748745,22338
3538025848669,22284
3538025948593,22310
3538026048517,22290
3538026148441,22281
3538026248364,22279
3538026348287,22292
3538026448211,22300
3538026548134,22284
3538026648056,22325
3538026747981,22200
3538026847907,22393
3538026947830,22350
3538027047753,22743
3538027147676,22453
3538027247599,22390
3538027347521,22547
3538027447444,22244
3538027547366,22611
3538027647300,23278
3538027747222,23158
3538027847145,23169
3538027947068,23258
3538028046991,23126
3538028146914,23156
3538028246836,24682
3538028346758,23871
3538028446682,23488
3538028546606,23489
3538028646530,23323
3538028746455,22390
3538028846380,22381
3538028946304,22487
3538029046228,22320
3538029146151,22331
3538029246076,22327
3538029346003,22281
3538029445926,22258
3538029545849,22266
3538029645773,22359
3538029745697,22582
3538029845621,22577
3538029945545,24556
3538030045469,22283
3538030145393,22305
3538030245317,22315
3538030345239,22335
3538030445163,22283
3538030545087,22274
3538030645009,22575
3538030744932,22309
3538030844854,22342
3538030944778,22457
3538031044702,22370
3538031144626,22313
3538031244551,22290
3538031344475,22400
3538031444398,25921
3538031544322,22869
3538031644246,22298
3538031744170,22292
3538031844095,22320
3538031944019,22403
3538032043944,22279
3538032143867,22407
3538032243792,22387
3538032343714,22498
3538032443637,22318
3538032543561,22460
3538032643485,22538
3538032743409,22308
3538032843334,22389
3538032943259,22356
3538033043183,23423
3538033143107,22983
3538033243031,22314
3538033342955,22238
3538033442879,22295
3538033542804,22299
3538033642728,22330
3538033742652,22285
3538033842577,22336
3538033942501,22274
3538034042426,22309
3538034142350,22269
3538034242274,22300
3538034342198,22520
3538034442122,22337
3538034542046,22302
3538034641968,22984
3538034741892,24845
3538034841816,22385
3538034941740,22308
3538035041665,22342
3538035141589,22347
3538035241513,22298
3538035341437,22343
3538035441361,22346
3538035541285,22371
3538035641208,22269
3538035741133,22312
3538035841057,22358
3538035940981,22410
3538036040905,22347
3538036140829,22284
3538036240753,22967
3538036340676,24587
3538036440600,22286
3538036540524,22270
3538036640447,22416
