719939502680,6996
719939602596,5962
719939702499,4821
719939802402,4800
719939902304,4798
719940002206,4799
719940102108,4795
719940202010,4808
719940301912,4799
719940401814,4807
719940501716,4797
719940601618,4797
719940701520,4820
719940801422,4800
719940901324,4798
719941001226,4800
719941101128,4796
719941201030,4815
719941300932,4799
719941400834,4799
719941500736,5135
719941600638,4799
719941700540,4812
719941800442,4800
719941900344,4798
719942000246,4807
719942100148,4796
719942200050,5004
719942299952,4989
719942399854,4988
719942499756,4989
719942599658,4989
719942699560,4859
719942799462,4805
719942899364,4798
719942999266,4804
719943099168,4790
719943199071,4792
719943298973,4794
719943398875,4795
719943498777,4795
719943598680,4805
719943698582,4795
719943798484,4794
719943898386,4795
719943998288,4796
719944098190,4791
719944198092,4792
719944297994,4795
719944397896,4804
719944497798,4795
719944597700,4794
719944697602,4867
719944797504,4796
719944897406,4794
719944997308,4796
719945097210,4794
719945197112,4800
719945297014,4826
719945396916,4796
719945496818,4795
719945596720,4795
719945696622,4795
719945796524,4941
719945896426,4795
719945996328,4805
719946096230,4797
719946196132,4793
719946296034,4791
719946395936,4795
719946495838,4795
719946595740,4795
719946695642,4832
719946795544,4804
719946895446,4796
719946995348,4795
719947095250,4795
719947195152,4791
719947295054,4792
719947394956,4795
719947494858,4795
719947594760,4803
719947694662,4795
719947794564,4797
719947894466,4793
719947994368,4795
719948094270,4795
719948194172,4792
719948294074,4792
719948393976,4805
719948493878,4799
719948593780,4799
719948693682,4870
719948793584,4833
719948893486,4798
719948993388,4798
719949093290,4800
719949193192,4803
719949293094,4795
719949392996,4799
719949492898,4797
719949592801,4980
719949692703,4798
719949792605,4799
719949892507,4799
719949992409,4813
719950092311,4801
719950192213,4798
719950292115,4795
719950392017,4793
719950491919,4797
719950591821,4798
719950691723,4870
719950791625,4812
719950891527,4798
719950991429,4798
719951091331,4799
719951191233,4799
719951291135,4793
719951391037,4794
719951490939,4797
719951590841,4813
719951690743,4798
719951790646,4803
719951890548,4798
719951990450,4817
719952090352,4797
719952190254,4798
719952290156,4794
719952390058,4809
719952489960,4798
719952589862,4797
719952689765,4837
719952789667,4799
719952889569,4800
719952989471,4835
719953089373,4802
719953189275,4812
719953289177,4793
719953389079,4791
719953488981,4795
719953588883,4794
719953688785,4795
719953788687,4795
719953888589,4796
719953988491,4811
719954088393,4796
719954188295,4795
719954288197,4789
719954388099,4792
719954488004,4794
719954587906,4796
719954687808,4866
719954787710,4809
719954887612,4794
719954987514,4795
719955087416,4942
719955187318,4796
719955287220,4795
719955387122,4790
719955487024,4793
719955586926,4809
719955686828,4797
719955786730,4796
719955886632,4796
719955986534,4793
719956086436,4795
719956186338,4796
719956286240,4796
719956386142,4806
719956486044,4790
719956585946,4795
719956685848,4833
719956785750,4796
719956885652,4794
719956985554,4796
719957085456,4794
719957185358,4809
719957285260,4793
719957385162,4791
719957485064,4791
719957584966,4793
719957684868,4794
719957784770,4796
719957884672,4796
719957984574,4808
719958084476,4795
719958184378,4793
719958284280,4799
719958384182,4792
719958484084,4789
719958583986,4797
719958683888,4798
719958783790,4811
719958883692,4797
719958983594,4799
719959083496,4797
719959183398,4797
719959283300,4796
719959383202,4796
719959483104,4796
719959583007,4943
719959682909,4798
719959782811,4796
719959882713,4798
719959982615,4800
719960082517,4799
719960182419,4797
719960282321,4798
719960382223,4799
719960482125,4795
719960582027,4796
719960681929,4799
719960781831,4799
719960881733,4798
719960981635,4798
719961081537,4799
719961181439,4806
719961281341,4799
719961381243,4798
719961481145,4797
719961581047,4796
719961680949,4799
719961780851,4799
719961880753,4797
719961980655,4808
719962080557,4801
719962180459,4798
719962280389,4800
719962380291,4800
719962480193,4796
719962580095,4794
719962679997,4798
719962779899,4806
719962879801,4797
719962979703,4799
719963079605,4800
719963179507,4798
719963279409,4798
719963379311,4799
719963479213,4799
719963579115,4800
719963679017,4791
719963778919,4794
719963878821,4796
719963978723,4794
719964078625,4796
719964178527,4795
719964278429,4796
719964378332,4806
719964478234,4795
719964578136,4790
719964678038,4792
719964777940,4830
719964877842,4796
719964977744,4795
719965077646,4795
719965177548,4803
719965277450,4793
719965377352,4795
719965477254,4794
719965577156,4792
719965677058,4792
719965776960,4795
719965876863,4801
719965976765,4803
719966076667,4796
719966176569,4794
719966276471,4795
719966376373,4794
719966476275,4795
719966576177,4791
719966676079,4794
719966775981,4804
719966875883,4794
719966975785,4794
719967075687,4794
719967175589,4795
719967275491,4795
719967375393,4796
719967475295,4793
719967575197,4800
719967675099,4792
719967775004,4791
719967874906,4796
719967974808,4796
719968074710,4795
719968174612,4796
719968274514,4795
719968374416,4804
719968474318,4796
719968574220,4796
719968674122,4792
719968774024,4792
719968873926,4797
719968973828,4798
719969073730,4798
719969173632,4806
719969273534,4798
719969373436,4797
719969473338,4799
719969573241,4958
719969673143,4794
719969773045,4796
719969872947,4798
719969972849,4813
719970072751,4801
719970172653,4798
719970272555,4798
719970372457,4798
719970472359,4798
719970572261,4798
719970672163,4797
719970772065,4808
719970871967,4796
719970971869,4797
719971071771,4799
719971171673,4800
719971271575,4800
719971371477,4797
719971471379,4799
719971571281,4812
719971671183,4795
719971771085,4795
719971870987,4800
719971970889,4797
719972070791,4804
719972170693,4802
719972270595,4799
719972370497,4868
719972470399,4799
719972570301,4801
719972670203,4801
719972770105,4793
719972870007,4792
719972969909,4799
719973069811,4804
719973169713,4811
719973269615,4797
719973369517,4873
719973469419,4796
719973569321,4797
719973669223,4798
719973769125,4791
719973869027,4790
719973968929,4809
719974068831,4800
719974168733,4799
719974268635,4797
719974368537,4868
719974468439,4794
719974568341,4796
719974668243,4807
719974768145,4806
719974868047,4792
719974967949,4796
719975067851,4797
719975167753,4795
719975267655,4795
719975367557,4868
719975467459,4794
719975567361,4809
719975667263,4794
719975767165,4790
719975867067,4791
719975966969,4795
719976066871,4800
719976166773,4793
719976266675,4795
719976366577,4883
719976466479,4798
719976566381,4795
719976666283,4804
719976766185,4788
719976866087,4792
719976965989,4793
719977065891,4830
719977165793,4810
719977265695,4793
719977365597,4799
719977465499,4794
719977565401,4796
719977665303,4793
719977765205,4793
719977865107,4793
719977965009,4807
719978064911,4794
719978164813,4796
719978264715,4796
719978364617,4795
719978464519,4797
719978564421,4798
719978664323,4935
719978764225,4811
719978864127,4792
719978964029,4789
719979063931,4797
719979163833,4796
719979263735,4797
719979363637,4798
719979463539,4798
719979563442,4965
719979663344,4798
719979763246,4798
719979863148,4794
719979963050,4795
719980062952,4798
719980162854,4798
719980262756,4799
719980362658,4841
719980462560,4799
719980562462,4800
719980662364,4855
719980762266,4799
719980862168,4796
719980962070,4796
719981061972,4799
719981161874,4807
719981261776,4809
719981361678,4843
719981461580,4807
719981561482,4804
719981661384,4798
719981761286,4799
719981861188,4795
719981961090,4803
719982060992,4799
719982160894,4799
719982260796,4799
719982360698,4834
719982460600,4800
719982560502,4818
719982660404,4833
719982760306,4809
719982860208,4798
719982960110,4816
719983060012,4795
719983159914,4798
719983259816,4798
719983359718,4833
719983459620,4798
719983559522,4806
719983659424,4798
719983759326,4799
719983859228,4798
719983959130,4827
719984059032,4792
719984158934,4795
719984258836,4794
719984358738,4838
719984458640,4795
719984558542,4796
719984658444,4869
719984758346,4795
719984858248,4794
719984958150,4826
719985058079,4792
719985157981,4840
719985257883,4794
719985357785,4829
719985457687,4797
719985557589,4796
719985657491,4796
719985757393,4795
719985857295,4795
719985957197,4839
719986057099,4792
719986157004,4791
719986256906,4796
719986356808,4794
719986456710,4841
719986556612,4796
719986656514,4830
719986756416,4804
719986856318,4796
719986956220,4832
719987056122,4793
719987156024,4792
719987255926,4793
719987355828,4794
719987455730,4872
719987555632,4803
719987655534,4795
719987755436,4795
719987855338,4796
719987955240,4796
719988055142,4792
719988155044,4828
719988254946,4832
719988354848,4803
719988454750,4879
719988554652,4795
719988654554,4869
719988754456,4797
719988854358,4797
719988954260,4794
719989054162,4793
719989154064,4800
719989253966,4797
719989353868,4796
719989453770,4893
719989553673,4950
719989653575,4799
719989753477,4798
719989853379,4800
719989953281,4824
719990053183,4795
719990153085,4793
719990252987,4797
719990352889,4800
719990452791,4896
719990552693,4798
719990652595,4872
719990752498,4810
719990852400,4799
719990952302,4813
719991052204,4799
719991152106,4795
719991252008,4794
719991351910,4797
719991451812,4845
719991551714,4812
719991651616,4798
719991751518,4798
719991851420,4799
719991951322,4810
719992051224,4799
719992151126,4797
719992251028,4796
719992350930,4812
719992450832,4817
719992550734,4799
719992650636,4835
719992750538,4801
719992850440,4797
719992950342,4810
719993050244,4799
719993150146,4809
719993250048,4795
719993349950,4798
719993449852,4813
719993549754,4798
719993649656,4801
719993749558,4798
719993849460,4795
719993949362,4825
719994049264,4797
719994149166,4795
719994249068,4791
719994348970,4797
719994448872,4794
719994548774,4798
719994648676,4815
719994748578,4809
719994848480,4794
719994948382,4793
719995048284,4796
719995148186,4792
719995248088,4795
719995347990,4794
719995447892,4797
719995547794,4845
719995647696,4794
719995747598,4795
719995847500,4793
719995947402,4797
719996047304,4796
719996147206,4790
719996247108,4795
719996347010,4806
719996446912,4796
719996546814,4797
719996646716,4800
719996746618,4794
719996846520,4797
719996946422,4798
719997046324,4793
719997146226,4809
719997246128,4794
719997346030,4793
719997445932,4797
719997545834,4794
719997645736,4795
719997745638,4797
719997845540,4797
719997945442,4808
719998045344,4794
719998145246,4793
719998245148,4794
719998345050,4790
719998444952,4795
719998544854,4797
719998644756,4797
719998744658,4810
719998844560,4797
719998944462,4797
719999044364,4795
719999144266,4796
719999244168,4791
719999344070,4793
719999443972,4799
719999543875,4953
719999643777,4796
719999743679,4799
719999843581,4797
719999943483,4797
720000043385,4797
720000143287,4835
720000243189,4797
720000343091,4803
720000442993,4800
720000542895,4799
720000642797,4800
720000742699,4798
720000842601,4799
720000942503,4799
720001042405,4801
720001142307,4807
720001242209,4800
720001342111,4794
720001442013,4796
720001541915,4798
720001641817,4800
720001741719,4834
720001841621,4801
720001941523,4806
720002041425,4799
720002141327,4928
720002241229,4993
720002341131,4992
720002441033,4990
720002540935,4990
720002640837,4991
720002740739,4808
720002840641,4800
720002940543,4801
720003040445,4799
720003140347,4837
720003240250,4799
720003340152,4795
720003440054,4797
720003539956,4809
720003639858,4798
720003739760,4798
720003839662,4799
720003939564,4804
720004039466,4799
720004139368,4799
720004239270,4803
720004339172,4802
720004439074,4792
720004538976,4796
720004638878,4796
720004738780,4797
720004838682,4794
720004938584,4796
720005038486,4795
720005138388,4804
720005238290,4794
720005338192,4791
720005438094,4791
720005537996,4796
720005637898,4795
720005737800,4797
720005837702,4796
720005937604,4804
720006037506,4795
720006137408,4794
720006237310,4796
720006337212,4796
720006437114,4792
720006537016,4793
720006636918,4794
720006736820,4805
720006836722,4795
720006936624,4795
720007036526,4796
720007136428,4793
720007236330,4795
720007336232,4793
720007436134,4793
720007536036,4801
720007635938,4796
720007735860,4796
720007835762,4795
720007935664,4797
720008035566,4801
720008135468,4794
720008235370,4796
720008335272,4804
720008435174,4792
720008535076,4793
720008634978,4795
720008734880,4795
720008834782,4796
720008934684,4794
720009034586,4797
720009134488,4803
720009234390,4794
720009334292,4795
720009434194,4793
720009534097,4939
720009633999,4799
720009733901,4802
720009833803,4796
720009933705,4812
720010033607,4800
720010133509,4800
720010233411,4799
720010333313,4798
720010433215,4797
720010533117,4793
720010633019,4830
720010732921,4814
720010832823,4798
720010932725,4798
720011032627,4798
720011132529,4799
720011232431,4798
720011332333,4797
720011432235,4802
720011532137,4796
720011632039,4798
720011731941,4801
720011831843,4799
720011931745,4795
720012031647,4799
720012131549,4801
720012231451,4797
720012331353,4814
720012431255,4798
720012531157,4795
720012631059,4832
720012730961,4800
720012830863,4798
720012930765,4797
720013030667,4799
720013130569,4812
720013230471,4800
720013330373,4797
720013430275,4800
720013530177,4793
720013630079,4832
720013729981,4800
720013829883,4799
720013929785,4814
720014029687,4818
720014129589,4798
720014229491,4798
720014329393,4800
720014429295,4799
720014529197,4793
720014629099,4827
720014729004,4770
720014828906,4793
720014928808,4795
720015028710,4795
720015128612,4797
720015228514,4794
720015328416,4797
720015428318,4798
720015528220,4810
720015628122,4826
720015728024,4794
720015827926,4798
720015927828,4797
720016027730,4794
720016127632,4797
720016227534,4795
720016327436,4809
720016427338,4794
720016527240,4798
720016627142,4793
720016727044,4791
720016826946,4793
720016926848,4796
720017026750,4797
720017126652,4814
720017226554,4794
720017326456,4795
720017426358,4796
720017526260,4801
720017626162,4790
720017726064,4793
720017825966,4798
720017925868,4810
720018025770,4796
720018125672,4798
720018225574,4797
720018325476,4793
720018425378,4789
720018525280,4798
720018625182,4790
720018725084,4804
720018824986,4796
720018924888,4797
720019024790,4795
720019124692,4799
720019224594,4795
720019324496,4796
720019424398,4796
720019524301,4950
720019624203,4791
720019724105,4791
720019824007,4792
720019923909,4798
720020023811,4798
720020123713,4802
720020223615,4799
720020323517,4805
720020423419,4798
720020523321,4804
720020623223,4800
720020723125,4796
720020823027,4795
720020922929,4800
720021022831,4798
720021122733,4808
720021222635,4798
720021322537,4798
720021422439,4799
720021522341,4800
720021622243,4799
720021722145,4795
720021822047,4796
720021921949,4806
720022021851,4799
720022121753,4798
720022221655,4798
720022321557,4798
720022421459,4798
720022521361,4799
720022621263,4799
720022721165,4804
720022821067,4796
720022920969,4797
720023020871,4798
720023120773,4799
720023220675,4802
720023320577,4801
720023420479,4799
720023520381,4808
720023620283,4799
720023720185,4795
720023820087,4796
720023919989,4799
720024019891,4800
720024119793,4799
720024219695,4797
720024319597,4876
720024419499,4799
720024519401,4796
720024619303,4798
720024719205,4793
720024819107,4792
720024919009,4792
720025018911,4795
720025118813,4802
720025218715,4795
720025318617,4794
720025418519,4796
720025518421,4794
720025618323,4797
720025718225,4795
720025818127,4792
720025918029,4802
720026017931,4795
720026117833,4795
720026217735,4794
720026317637,4794
720026417539,4795
720026517441,4795
720026617343,4795
720026717245,4803
720026817147,4791
720026917049,4792
720027016951,4795
720027116853,4795
720027216755,4795
720027316657,4795
720027416559,4797
720027516461,4804
720027616363,4796
720027716265,4795
720027816167,4792
720027916069,4792
720028015971,4796
720028115873,4795
720028215775,4795
720028315677,4803
720028415579,4794
720028515481,4794
720028615383,4792
720028715285,4795
720028815187,4792
720028915089,4792
720029014991,4795
720029114893,4803
720029214795,4796
720029314697,4796
720029414599,4795
720029514502,4939
720029614404,4798
720029714306,4798
720029814208,4800
720029914110,4807
720030014012,4792
720030113914,4798
720030213816,4798
720030313718,4798
720030413620,4800
720030513539,4802
720030613441,4802
720030713343,4815
720030813245,4797
720030913147,4796
720031013049,4797
720031112951,4797
720031212853,4797
720031312755,4801
720031412657,4798
720031512559,4816
720031612461,4801
720031712363,4797
720031812265,4797
720031912167,4794
720032012069,4796
720032111971,4798
720032211873,4798
720032311775,4813
720032411677,4803
720032511579,4844
720032611481,4804
720032711383,4805
720032811285,4800
720032911187,4792
720033011089,4866
720033110991,4813
720033210893,4800
720033310795,4800
720033410697,5107
720033510599,4874
720033610501,4798
720033710403,4796
720033810305,4798
720033910207,4812
720034010109,4869
720034110011,4796
720034209913,4799
720034309815,4798
720034409717,4799
720034509619,4868
720034609521,4799
720034709423,4813
720034809325,4797
720034909227,4795
720035009129,4828
720035109031,4790
720035208933,4798
720035308835,4797
720035408737,4799
720035508639,4809
720035608541,4795
720035708443,4796
720035808345,4794
720035908247,4794
720036008149,4792
720036108051,4792
720036207953,4794
720036307855,4809
720036407757,4795
720036507659,4793
720036607561,4794
720036707463,4794
720036807365,4794
720036907267,4795
720037007169,4793
720037107071,4806
720037206973,4791
720037306875,4795
720037406777,4796
720037506679,4797
720037606581,4797
720037706483,4796
720037806385,4797
720037906287,4810
720038006189,4791
720038106091,4791
720038205993,4796
720038305895,4796
720038405797,4794
720038505699,4795
720038605601,4798
720038705503,4812
720038805405,4795
720038905307,4795
720039005209,4795
720039105111,4791
720039205013,4793
720039304915,4795
720039404817,4796
720039504720,4943
720039604622,4796
720039704524,4794
720039804426,4795
720039904328,4810
720040004230,4795
720040104132,4792
720040204034,4793
720040303936,4806
720040403838,4799
720040503740,4799
720040603642,4799
720040703544,4818
720040803446,4798
720040903348,4799
720041003250,4799
720041103152,4804
720041203054,4808
720041302956,4798
720041402858,4800
720041502760,4800
720041602662,4800
720041702564,4861
720041802466,4798
720041902368,4806
720042002270,4802
720042102172,4795
720042202074,4809
720042301976,4799
720042401878,4799
720042501780,4799
720042601682,4799
720042701584,4828
720042801486,4799
720042901388,4798
720043001290,4798
720043101192,4798
720043201094,4810
720043300996,4800
720043400898,4801
720043500800,4808
720043600702,4802
720043700604,4813
720043800506,4800
720043900408,4798
720044000310,4798
720044100212,4798
720044200114,4807
720044300016,4804
720044399918,4799
720044499820,4800
720044599722,4798
720044699624,4857
720044799526,4797
720044899428,4799
720044999330,4799
720045099232,4808
720045199134,4793
720045299036,4792
720045398938,4795
720045498840,4797
720045598742,4797
720045698644,4796
720045798546,4797
720045898448,4804
720045998350,4795
720046098252,4796
720046198154,4792
720046298056,4792
720046397958,4796
720046497860,4794
720046597762,4794
720046697664,4875
720046797566,4795
720046897468,4794
720046997370,4795
720047097272,4794
720047197174,4792
720047297076,4792
720047396978,4795
720047496880,4801
720047596782,4796
720047696684,4796
720047796586,4797
720047896488,4794
720047996390,4797
720048096292,4795
720048196194,4792
720048296096,4799
720048395998,4795
720048495900,4795
720048595802,4796
720048695704,4832
720048795606,4794
720048895508,4795
720048995410,4804
720049095312,4803
720049195214,4795
720049295116,4790
720049395018,4793
720049494920,4797
720049594823,4958
720049694725,4800
720049794627,4796
720049894529,4809
720049994431,4798
720050094333,4798
720050194235,4799
720050294137,4793
720050394039,4792
720050493941,4801
720050593843,4798
720050693745,4887
720050793647,4801
720050893549,4799
720050993451,4838
720051093353,4798
720051193255,4796
720051293157,4796
720051393059,4795
720051492961,4813
720051592863,4801
720051692765,4796
720051792667,4797
720051892569,4799
720051992471,4836
720052092373,4799
720052192275,4800
720052292177,4811
720052392079,4794
720052491981,4798
720052591883,4799
720052691785,4871
720052791687,4798
720052891589,4799
720052991491,4834
720053091393,4812
720053191311,4801
720053291213,4797
720053391115,4796
720053491017,4797
720053590920,4800
720053690822,4797
720053790724,4802
720053890626,4815
720053990528,4839
720054090430,4798
720054190332,4797
720054290234,4800
720054390136,4793
720054490038,4794
720054589940,4799
720054689842,4850
720054789744,4798
720054889646,4798
720054989548,4833
720055089450,4874
720055189352,4800
720055289254,4797
720055389156,4794
720055489058,4807
720055588960,4796
720055688862,4794
720055788764,4796
720055888666,4795
720055988568,4795
720056088470,4791
720056188372,4796
720056288274,4810
720056388176,4791
720056488078,4793
720056587980,4795
720056687882,4869
720056787784,4796
720056887686,4796
720056987588,4795
720057087490,4812
720057187392,4794
720057287294,4795
720057387196,4793
720057487098,4794
720057587004,4789
720057686906,4796
720057786808,4797
720057886710,4811
720057986612,4800
720058086514,4795
720058186416,4796
720058286318,4798
720058386220,4796
720058486122,4791
720058586024,4791
720058685926,4847
720058785828,4794
720058885730,4793
720058985632,4796
720059085534,4795
720059185436,4797
720059285338,4794
720059385240,4796
720059485142,4807
720059585045,4968
720059684947,4796
720059784849,4795
720059884751,4795
720059984653,4795
720060084555,4802
720060184457,4795
720060284359,4805
720060384261,4796
720060484163,4792
720060584065,4792
720060683967,4797
720060783869,4799
720060883771,4797
720060983673,4797
720061083575,4806
720061183477,4799
720061283379,4799
720061383281,4799
720061483183,4796
720061583085,4795
720061682987,4807
720061782889,4799
720061882791,4806
720061982693,4800
720062082595,4800
720062182497,4994
720062282399,5025
720062382301,4992
720062482203,4992
720062582105,4992
720062682007,4796
720062781909,4801
720062881811,4799
720062981713,4799
720063081615,4800
720063181518,4798
720063281420,4833
720063381322,4799
720063481224,4808
720063581126,4796
720063681028,4796
720063780930,4797
720063880832,4799
720063980734,4798
720064080636,4802
720064180538,4799
720064280440,4807
720064380342,4800
720064480244,4799
720064580146,4795
720064680048,4797
720064779951,4798
720064879853,4799
720064979755,4798
720065079657,4868
720065179559,4799
720065279461,4798
720065379363,4799
720065479265,4798
720065579167,4791
720065679069,4792
720065778971,4796
720065878873,4802
720065978775,4793
720066078677,4795
720066178579,4794
720066278481,4795
720066378383,4795
720066478285,4797
720066578187,4793
720066678089,4801
720066777991,4795
720066877893,4794
720066977795,4795
720067077697,4794
720067177599,4794
720067277501,4830
720067377403,4798
720067477305,4802
720067577207,4792
720067677109,4792
720067777011,4792
720067876913,4795
720067976815,4794
720068076717,4795
720068176619,4799
720068276521,4804
720068376423,4795
720068476325,4795
720068576227,4797
720068676129,4869
720068776031,4791
720068875933,4794
720068975835,4796
720069075737,4802
720069175639,4794
720069275541,4796
720069375443,4796
720069475345,4795
720069575248,4949
720069675150,4793
720069775052,4792
720069874954,4812
720069974856,4795
720070074758,4796
720070174660,4794
720070274562,4794
720070374464,4796
720070474366,4797
720070574268,4802
720070674170,4806
720070774072,4831
720070873974,4801
720070973876,4796
720071073778,4797
720071173680,4797
720071273582,4803
720071373484,4799
720071473386,4813
720071573288,4799
720071673190,4795
720071773092,4797
720071872994,4800
720071972896,4797
720072072798,4798
720072172700,4800
720072272602,4812
720072372504,4799
720072472406,4799
720072572308,4799
720072672210,4800
720072772112,4793
720072872014,4795
720072971916,4797
720073071818,4815
720073171720,4799
720073271622,4798
720073371524,4798
720073471426,4801
720073571328,4799
720073671230,4800
720073771132,4794
720073871034,4809
720073970936,4798
720074070838,4802
720074170740,4800
720074270642,4799
720074370544,4855
720074470446,4799
720074570348,4798
720074670250,4822
720074770152,4796
720074870054,4794
720074969956,4794
720075069858,4801
720075169760,4799
720075269662,4796
720075369564,4873
720075469466,4812
720075569368,4799
720075669270,4800
720075769172,4791
720075869074,4790
720075968994,4796
720076068896,4800
720076168798,4795
720076268700,4809
720076368602,4869
720076468504,4794
720076568406,4796
720076668308,4797
720076768210,4797
720076868112,4788
720076968014,4794
720077067916,4813
720077167818,4795
720077267720,4796
720077367622,4868
720077467524,4793
720077567426,4793
720077667328,4795
720077767230,4797
720077867132,4804
720077967034,4791
720078066936,4800
720078166838,4796
720078266740,4794
720078366642,4868
720078466544,4798
720078566446,4793
720078666348,4817
720078766250,4796
720078866152,4793
720078966054,4792
720079065956,4794
720079165858,4797
720079265760,4797
720079365662,4847
720079465564,4810
720079565467,4930
720079665369,4798
720079765271,4829
720079865173,4791
720079965075,4793
720080064977,4796
720080164879,4797
720080264781,4803
720080364683,4830
720080464585,4796
720080564487,4798
720080664389,4838
720080764291,4832
720080864193,4793
720080964095,4793
720081063997,4805
720081163899,4797
720081263801,4798
720081363703,4831
720081463605,4799
720081563507,4834
720081663409,4799
720081763311,4833
720081863213,4807
720081963115,4830
720082063017,4795
720082162919,4800
720082262821,4797
720082362723,4833
720082462625,4799
720082562527,4833
720082662429,4855
720082762331,4833
720082862233,4801
720082962135,4796
720083062037,4795
720083161939,4798
720083261841,4799
720083361743,4834
720083461645,4806
720083561547,4810
720083661449,4807
720083761351,4808
720083861253,4805
720083961155,4797
720084061057,4795
720084160959,4800
720084260861,4846
720084360763,4814
720084460665,4799
720084560567,4804
720084660469,4859
720084760371,4800
720084860273,4800
720084960175,4815
720085060077,4804
720085159979,4799
720085259881,4797
720085359783,4798
720085459685,4798
720085559587,4797
720085659489,4798
720085759391,4834
720085859293,4808
720085959195,4835
720086059097,4790
720086158999,4795
720086258901,4795
720086358803,4794
720086458705,4795
720086558607,4797
720086658509,4876
720086758411,4794
720086858313,4794
720086958215,4830
720087058117,4792
720087158019,4790
720087257921,4794
720087357823,4795
720087457725,4802
720087557627,4796
720087657529,4795
720087757431,4794
720087857333,4797
720087957235,4835
720088057137,4792
720088157039,4792
720088256941,4803
720088356843,4796
720088456746,4829
720088556648,4795
720088656550,4832
720088756452,4793
720088856354,4794
720088956256,4831
720089056158,4799
720089156060,4791
720089255962,4794
720089355864,4793
720089455766,4871
720089555669,4936
720089655571,4794
720089755473,4795
720089855375,4812
720089955277,4886
720090055179,4792
720090155081,4791
720090254983,4796
720090354885,4794
720090454787,4879
720090554689,4793
720090654591,4866
720090754493,4815
720090854395,4794
720090954297,4794
720091054199,4794
720091154101,4799
720091254006,4792
720091353908,4797
720091453810,4909
720091553712,4800
720091653614,4798
720091753516,4799
720091853418,4799
720091953320,4811
720092053222,4798
720092153124,4796
720092253026,4808
720092352928,4799
720092452830,4898
720092552732,4797
720092652634,4886
720092752536,4803
720092852438,4800
720092952340,4811
720093052242,4815
720093152144,4798
720093252046,4796
720093351948,4801
720093451850,4850
720093551752,4803
720093651654,4799
720093751556,4797
720093851458,4815
720093951360,4812
720094051262,4799
720094151164,4796
720094251066,4795
720094350968,4800
720094450870,4820
720094550772,4799
720094650674,4850
720094750576,4799
720094850478,4797
720094950391,4920
720095050293,4797
720095150195,4795
720095250097,4792
720095349999,4799
720095449901,4824
720095549803,4797
720095649705,4798
720095749607,4802
720095849509,4800
720095949411,4811
720096049313,4807
720096149215,4835
720096249117,4808
720096349019,4793
720096448921,4796
720096548823,4797
720096648725,4831
720096748627,4794
720096848529,4794
720096948431,4795
720097048333,4809
720097148235,4798
720097248137,4796
720097348039,4791
720097447941,4796
720097547843,4797
720097647745,4794
720097747647,4794
720097847549,4810
720097947451,4794
720098047353,4799
720098147255,4791
720098247157,4797
720098347059,4792
720098446961,4797
720098546863,4795
720098646782,4814
720098746684,4795
720098846586,4798
720098946488,4975
720099046390,4796
720099146292,4798
720099246194,4796
720099346096,4801
720099445998,4809
720099545901,4925
720099645803,4795
720099745705,4794
720099845607,4796
720099945509,4795
720100045411,4795
720100145313,4798
720100245215,4808
720100345117,4790
720100445019,4792
720100544921,4795
720100644823,4796
720100744725,4794
720100844627,4795
720100944529,4796
720101044431,4803
720101144333,4793
720101244235,4800
720101344137,4791
720101444039,4793
720101543941,4798
720101643843,4798
720101743745,4800
720101843647,4807
720101943549,4798
720102043451,4799
720102143353,4800
720102243255,4799
720102343157,4795
720102443059,4795
720102542961,4799
720102642863,4807
720102742765,4800
720102842667,4798
720102942569,4798
720103042471,4799
720103142373,4799
720103242275,4800
720103342177,4796
720103442079,4805
720103541981,4798
720103641883,4799
720103741785,4798
720103841687,4799
720103941589,4798
720104041491,4798
720104141393,4800
720104241295,4807
720104341197,4797
720104441099,4795
720104541004,4797
720104640906,4800
720104740809,4801
720104840711,4798
720104940613,4798
720105040515,4808
720105140417,4799
720105240319,4798
720105340221,4799
720105440123,4796
720105540025,4795
720105639927,4799
720105739829,4797
720105839731,4807
720105939633,4799
720106039535,4801
720106139437,4797
720106239339,4799
720106339241,4798
720106439143,4794
720106539045,4793
720106638947,4804
720106738849,4795
720106838751,4794
720106938653,4797
720107038555,4794
720107138457,4796
720107238359,4796
720107338261,4794
720107438163,4800
720107538065,4792
720107637967,4795
720107737869,4795
720107837771,4795
720107937673,4796
720108037575,4795
720108137477,4810
720108237379,4805
720108337281,4795
720108437183,4792
720108537085,4791
720108636987,4795
720108736889,4797
720108836791,4794
720108936693,4794
720109036595,4803
720109136497,4795
720109236399,4797
720109336301,4794
720109436203,4792
720109536106,4969
720109636008,4798
720109735910,4796
720109835812,4810
720109935714,4792
720110035616,4795
720110135518,4794
720110235420,4796
720110335322,4794
720110435224,4794
720110535126,4793
720110635028,4807
720110734930,4793
720110834832,4794
720110934734,4794
720111034636,4794
720111134538,4799
720111234440,4796
720111334342,4794
720111434244,4810
720111534146,4793
720111634048,4793
720111733950,4796
720111833852,4798
720111933754,4799
720112033656,4799
720112133558,4798
720112233460,4810
720112333362,4798
720112433264,4807
720112533166,4797
720112633068,4794
720112732970,4796
720112832872,4801
720112932774,4798
720113032676,4813
720113132578,4798
720113232480,4798
720113332382,4800
720113432284,4798
720113532186,4796
720113632089,4799
720113731991,4803
720113831894,4803
720113931796,4799
720114031698,4799
720114131600,4800
720114231502,4798
720114331404,4795
720114431306,4797
720114531208,4800
720114631117,4833
720114731019,4796
720114830921,4799
720114930823,4800
720115030725,4799
720115130627,4799
720115230529,4798
720115330431,4801
720115430333,4816
720115530235,4802
720115630137,4793
720115730039,4796
720115829941,4798
720115929843,4798
720116029745,4798
720116129647,4799
720116229549,4820
720116329451,4796
720116429353,4799
720116529255,4798
720116629157,4791
720116729059,4793
720116828961,4794
720116928863,4795
720117028765,4809
720117128667,4795
720117228569,4796
720117328471,4796
720117428373,4795
720117528275,4795
720117628177,4791
720117728079,4794
720117827981,4811
720117927883,4792
720118027785,4795
720118127687,4798
720118227589,4798
720118327491,4795
720118427393,4794
720118527295,4799
720118627197,4809
720118727099,4792
720118827005,4792
720118926907,4795
720119026809,4795
720119126711,4800
720119226613,4793
720119326515,4796
720119426417,4810
720119526320,4950
720119626222,4794
720119726124,4792
720119826026,4790
720119925928,4795
720120025830,4795
720120125732,4798
720120225634,4804
720120325536,4795
720120425438,4794
720120525340,4799
720120625242,4796
720120725144,4793
720120825046,4792
720120924948,4795
720121024850,4841
720121124752,4800
720121224654,4796
720121324556,4799
720121424475,4796
720121524377,4800
720121624279,4796
720121724181,4793
720121824083,4802
720121923985,4796
720122023887,4808
720122123789,4800
720122223692,4994
720122323594,5000
720122423497,4989
720122523399,4994
720122623301,4998
720122723204,4801
720122823106,4797
720122923008,4795
720123022910,4799
720123122812,4798
720123222715,4800
720123322617,4799
720123422519,4807
720123522421,4800
720123622323,4799
720123722225,4800
720123822127,4796
720123922029,4795
720124021931,4800
720124121833,4799
720124221735,4809
720124321637,4799
720124421539,4799
720124521441,4799
720124621343,4799
720124721245,4799
720124821147,4795
720124921049,4796
720125020951,4807
720125120853,4803
720125220755,4801
720125320657,4799
720125420559,4800
720125520461,4800
720125620363,4798
720125720265,4808
720125820167,4802
720125920069,4794
720126019971,4797
720126119873,4798
720126219775,4799
720126319677,4798
720126419579,4797
720126519481,4800
720126619383,4807
720126719285,4800
720126819187,4791
720126919089,4793
720127018991,4796
720127118893,4795
720127218795,4795
720127318697,4796
720127418599,4804
720127518501,4795
720127618403,4795
720127718305,4794
720127818207,4792
720127918109,4792
720128018011,4792
720128117913,4797
720128217815,4803
720128317717,4793
720128417619,4794
720128517522,4795
720128617424,4795
720128717326,4795
720128817228,4796
720128917130,4790
720129017032,4800
720129116934,4793
720129216836,4795
720129316738,4795
720129416640,4796
720129516543,4943
720129616445,4796
720129716347,4796
720129816249,4809
720129916151,4792
720130016053,4793
720130115955,4794
720130215857,4793
720130315759,4796
720130415661,4786
720130515563,4795
720130615465,4807
720130715367,4799
720130815269,4805
720130915171,4791
720131015073,4796
720131114975,4798
720131214877,4797
720131314779,4796
720131414681,4811
720131514583,4795
720131614485,4796
720131714387,4797
720131814289,4797
720131914191,4794
720132014093,4790
720132113995,4796
720132213897,4812
720132313799,4837
720132413701,4798
720132513603,4799
720132613505,4798
720132713408,4801
720132813310,4798
720132913212,4800
720133013114,4809
720133113016,4796
720133212918,4798
720133312820,4801
720133412722,4803
720133512624,4797
720133612526,4797
720133712428,4815
720133812330,4814
720133912232,4799
720134012134,4797
720134112036,4794
720134211938,4796
720134311840,4797
720134411742,4801
720134511644,4838
720134611546,4821
720134711448,4804
720134811350,4802
720134911252,4804
720135011154,4873
720135111056,4794
720135210958,4810
720135310860,4801
720135410762,4814
720135510664,4871
720135610566,4801
720135710468,4799
720135810370,4798
720135910272,4798
720136010174,4870
720136110076,4795
720136209978,4813
720136309880,4798
720136409782,4801
720136509684,4880
720136609586,4796
720136709488,4799
720136809390,4800
720136909292,4832
720137009194,4850
720137109096,4789
720137208998,4796
720137308900,4794
720137408802,4795
720137508704,4794
720137608606,4796
720137708508,4797
720137808410,4811
720137908312,4816
720138008214,4797
720138108116,4791
720138208018,4792
720138307920,4795
720138407822,4795
720138507724,4794
720138607626,4809
720138707528,4794
720138807430,4794
720138907332,4795
720139007234,4797
720139107136,4791
720139207038,4793
720139306940,4794
720139406842,4811
720139506745,4926
720139606647,4795
720139706549,4829
720139806451,4794
720139906353,4830
720140006255,4796
720140106157,4791
720140206059,4800
720140305961,4793
720140405863,4794
720140505765,4795
720140605667,4796
720140705569,4796
720140805471,4795
720140905373,4793
720141005275,4804
720141105177,4793
720141205079,4792
720141304981,4795
720141404883,4797
720141504785,4797
720141604687,4795
720141704589,4796
720141804491,4804
720141904393,4796
720142004295,4795
720142104197,4792
720142204099,4794
720142304006,4793
720142403908,4799
720142503810,4797
720142603712,4804
720142703614,4819
720142803516,4799
720142903418,4797
720143003320,4797
720143103222,4801
720143203124,4808
720143303026,4794
720143402928,4808
720143502830,4800
720143602732,4798
720143702634,4816
720143802536,4800
720143902438,4801
720144002340,4799
720144102242,4799
720144202162,4819
720144302064,4797
720144401966,4800
720144501868,4800
720144601770,4799
720144701672,4819
720144801574,4798
720144901476,4798
720145001378,4807
720145101280,4798
720145201182,4808
720145301084,4795
720145400986,4799
720145500888,4799
720145600790,4801
720145700692,4850
720145800594,4806
720145900496,4797
720146000398,4801
720146100300,4797
720146200202,4810
720146300104,4794
720146400006,4794
720146499908,4798
720146599810,4810
720146699712,4856
720146799614,4798
720146899516,4798
720146999418,4797
720147099320,4798
720147199222,4812
720147299124,4790
720147399026,4800
720147498928,4795
720147598830,4796
720147698732,4796
720147798634,4796
720147898536,4797
720147998438,4796
720148098340,4794
720148198242,4803
720148298144,4790
720148398046,4792
720148497948,4796
720148597850,4795
720148697752,4868
720148797654,4794
720148897556,4803
720148997458,4806
720149097360,4796
720149197262,4794
720149297164,4792
720149397066,4793
720149496968,4911
720149596870,4856
720149696772,4808
720149796674,4812
720149896576,4794
720149996478,4794
720150096380,4796
720150196282,4793
720150296184,4792
720150396086,4795
720150495988,4796
720150595890,4811
720150695792,4833
720150795694,4796
720150895596,4795
720150995498,4795
720151095400,4795
720151195302,4795
720151295204,4794
720151395106,4806
720151495008,4792
720151594910,4796
720151694812,4795
720151794714,4793
720151894616,4794
720151994518,4797
720152094420,4796
720152194322,4810
720152294224,4796
720152394126,4792
720152494028,4791
720152593930,4798
720152693832,4869
720152793734,4796
720152893636,4796
720152993538,4816
720153093440,4798
720153193342,4798
720153293244,4796
720153393146,4795
720153493048,4794
720153592950,4797
720153692852,4800
720153792754,4812
720153892656,4799
720153992558,4835
720154092460,4798
720154192362,4799
720154292264,4797
720154392166,4794
720154492068,4796
720154591970,4777
720154691872,4869
720154791774,4798
720154891676,4797
720154991578,4834
720155091480,4802
720155191382,4798
720155291284,4800
720155391186,4811
720155491088,4797
720155590990,4800
720155690892,4798
720155790794,4801
720155890696,4800
720155990598,4798
720156090500,4798
720156190402,4812
720156290304,4797
720156390206,4799
720156490108,4795
720156590010,4795
720156689912,4835
720156789814,4797
720156889716,4797
720156989618,4848
720157089520,4798
720157189422,4798
720157289324,4797
720157389226,4801
720157489128,4794
720157589030,4792
720157688932,4797
720157788834,4811
720157888736,4793
720157988638,4834
720158088540,4793
720158188442,4796
720158288344,4796
720158388246,4795
720158488148,4789
720158588050,4807
720158687952,4874
720158787854,4795
720158887756,4794
720158987658,4828
720159087560,4795
720159187462,4796
720159287364,4796
720159387266,4811
720159487169,4792
720159587071,4922
720159686973,4795
720159786875,4795
720159886777,4795
720159986679,4794
720160086581,4796
720160186483,4804
720160286385,4796
720160386287,4796
720160486189,4793
720160586091,4792
720160685993,4836
720160785895,4796
720160885797,4795
720160985699,4838
720161085601,4795
720161185503,4795
720161285405,4794
720161385307,4796
720161485209,4795
720161585111,4793
720161685013,4793
720161784915,4804
720161884817,4796
720161984719,4796
720162084621,4796
720162184523,4794
720162284425,4795
720162384327,4796
720162484229,4796
720162584131,4800
720162684033,4794
720162783935,4800
720162883837,4797
720162983739,4797
720163083641,4797
720163183543,4799
720163283445,4799
720163383347,4805
720163483249,4798
720163583151,4797
720163683053,4794
720163782955,4800
720163882857,4799
720163982759,4800
720164082661,4801
720164182563,4820
720164282465,4801
720164382367,4800
720164482269,4799
720164582171,4796
720164682073,4798
720164781975,4800
720164881877,4800
720164981779,4800
720165081681,4936
720165181583,4799
720165281485,4798
720165381387,4798
720165481289,4799
720165581191,4796
720165681093,4795
720165780995,4807
720165880897,4800
720165980799,4799
720166080701,4801
720166180603,4801
720166280505,4799
720166380407,4799
720166480309,4800
720166580211,4806
720166680113,4796
720166780015,4796
720166879934,4801
720166979836,4799
720167079738,4799
720167179640,4798
720167279542,4799
720167379444,4807
720167479346,4800
720167579248,4799
720167679150,4792
720167779052,4793
720167878954,4794
720167978856,4795
720168078758,4795
720168178660,4803
720168278562,4796
720168378464,4796
720168478366,4795
720168578268,4796
720168678170,4852
720168778072,4828
720168877974,4795
720168977876,4804
720169077778,4794
720169177680,4795
720169277582,4795
720169377484,4796
720169477386,4795
720169577289,4944
720169677191,4793
720169777093,4844
720169876995,4796
720169976897,4794
720170076799,4797
720170176701,4795
720170276603,4794
720170376505,4796
720170476407,4800
720170576309,4812
720170676211,4796
720170776113,4829
720170876015,4791
720170975917,4794
720171075819,4795
720171175721,4793
720171275623,4796
720171375525,4811
720171475427,4797
720171575329,4795
720171675231,4793
720171775133,4827
720171875035,4968
720171974937,4796
720172074839,4796
720172174741,4810
720172274643,4795
720172374545,4799
720172474447,4798
720172574349,4798
720172674251,4797
720172774153,4828
720172874055,4794
720172973957,4811
720173073859,4799
720173173761,4795
720173273663,4797
720173373565,4797
720173473467,4798
720173573369,4796
720173673271,4799
720173773173,4849
720173873075,4908
720173972977,4799
720174072879,4798
720174172781,4800
720174272683,4798
720174372585,4800
720174472487,4799
720174572389,4813
720174672291,4802
720174772193,4795
720174872095,4795
720174971997,4797
720175071899,4800
720175171801,4799
720175271703,4801
720175371605,4814
720175471507,4798
720175571409,4799
720175671311,4800
720175771213,4797
720175871115,4797
720175971017,4795
720176070919,4799
720176170821,4810
720176270723,4799
720176370625,4852
720176470527,4801
720176570429,4800
720176670331,4799
720176770233,4798
720176870135,4793
720176970037,4808
720177069939,4801
720177169841,4798
720177269743,4800
720177369645,4872
720177469547,4798
720177569449,4799
720177669351,4795
720177769253,4820
720177869155,4790
720177969057,4793
720178068959,4799
720178168861,4796
720178268763,4793
720178368665,4870
720178468567,4796
720178568469,4807
720178668371,4799
720178768273,4796
720178868175,4790
720178968077,4791
720179067979,4799
720179167881,4794
720179267783,4796
720179367685,4883
720179467587,4795
720179567490,4971
720179667392,4794
720179767294,4795
720179867196,4790
720179967098,4789
720180067003,4795
720180166905,4802
720180266807,4797
720180366709,4869
720180466611,4796
720180566513,4795
720180666415,4805
720180766317,4794
720180866219,4794
720180966121,4799
720181066023,4790
720181165925,4795
720181265827,4796
720181365729,4815
720181465631,4795
720181565533,4794
720181665435,4796
720181765337,4825
720181865239,4795
720181965141,4792
720182065043,4794
720182164945,4990
720182264847,4987
720182364749,4988
720182464651,4989
720182564553,4997
720182664455,4839
720182764357,4796
720182864259,4796
720182964161,4791
720183064063,4791
720183163966,4798
720183263868,4799
720183363770,4807
720183463672,4798
720183563574,4799
720183663476,4798
720183763378,4798
720183863280,4800
720183963182,4796
720184063084,4797
720184162986,4808
720184262888,4798
720184362790,4798
720184462692,4799
720184562594,4801
720184662496,4848
720184762398,4798
720184862300,4799
720184962202,4807
720185062104,4794
720185162006,4796
720185261908,4799
720185361810,4798
720185461712,4800
720185561614,4798
720185661516,4800
720185761418,4808
720185861320,4810
720185961222,4809
720186061124,4803
720186161026,4801
720186260928,4800
720186360830,4798
720186460732,4798
720186560634,4809
720186660536,4854
720186760438,4800
720186860340,4799
720186960242,4817
720187060144,4795
720187160047,4795
720187259949,4798
720187359851,4808
720187459753,4799
720187559655,4799
720187659557,4798
720187759459,4799
720187859361,4798
720187959263,4835
720188059165,4791
720188159067,4800
720188258969,4796
720188358871,4795
720188458773,4794
720188558675,4794
720188658577,4869
720188758479,4793
720188858381,4795
720188958283,4839
720189058185,4792
720189158087,4791
720189257989,4792
720189357891,4795
720189457793,4795
720189557696,4928
720189657617,4798
720189757519,4810
720189857421,4798
720189957323,4911
720190057225,4795
720190157127,4790
720190257029,4794
720190356931,4794
720190456833,4817
720190556735,4810
720190656637,4832
720190756539,4806
720190856441,4794
720190956343,4834
720191056245,4795
720191156147,4791
720191256049,4793
720191355951,4810
720191455853,4871
720191555755,4796
720191655657,4792
720191755559,4795
720191855461,4796
720191955363,4808
720192055265,4795
720192155167,4844
720192255069,4829
720192354971,4795
720192454873,4880
720192554775,4796
720192654677,4869
720192754579,4797
720192854481,4795
720192954383,4810
720193054285,4794
720193154187,4793
720193254089,4790
720193353991,4794
720193453893,4893
720193553795,4797
720193653697,4797
720193753599,4813
720193853501,4799
720193953403,4811
720194053305,4798
720194153207,4799
720194253109,4794
720194353011,4795
720194452913,4893
720194552815,4812
720194652717,4871
720194752619,4803
720194852521,4800
720194952423,4810
720195052325,4799
720195152227,4801
720195252129,4967
720195352031,4808
720195451933,4864
720195551835,4799
720195651737,4799
720195751639,4797
720195851541,4799
720195951443,4810
720196051345,4799
720196151247,4812
720196251149,4795
720196351051,4794
720196450953,4815
720196550855,4799
720196650757,4835
720196750659,4800
720196850561,4799
720196950463,4824
720197050365,4799
720197150267,4800
720197250169,4794
720197350071,4793
720197449973,4811
720197549875,4797
720197649777,4798
720197749679,4812
720197849581,4796
720197949483,4813
720198049385,4797
720198149287,4797
720198249189,4792
720198349091,4792
720198448993,4797
720198548895,4810
720198648797,4834
720198748699,4792
720198848601,4793
720198948503,4794
720199048405,4795
720199148307,4795
720199248209,4798
720199348111,4804
720199448013,4791
720199547916,4948
720199647818,4795
720199747720,4794
720199847622,4794
720199947524,4792
720200047426,4829
720200147328,4806
720200247230,4798
720200347132,4792
720200447034,4792
720200546936,4795
720200646838,4795
720200746740,4796
720200846642,4794
720200946544,4813
720201046446,4794
720201146348,4794
720201246250,4798
720201346152,4791
720201446054,4793
720201545956,4796
720201645858,4795
720201745760,4805
720201845662,4794
720201945564,4795
720202045466,4795
720202145368,4797
720202245270,4803
720202345172,4792
720202445074,4792
720202544976,4803
720202644878,4796
720202744780,4796
720202844682,4795
720202944584,4797
720203044486,4795
720203144388,4796
720203244290,4799
720203344192,4802
720203444094,4793
720203543996,4799
720203643898,4798
720203743800,4800
720203843702,4797
720203943604,4799
720204043506,4799
720204143408,4843
720204243310,4800
720204343212,4799
720204443114,4796
720204543016,4796
720204642918,4798
720204742820,4799
720204842722,4800
720204942624,4806
720205042526,4799
720205142428,4799
720205242330,4798
720205342232,4797
720205442134,4797
720205542036,4795
720205641938,4799
720205741840,4807
720205841742,4798
720205941644,4798
720206041546,4799
720206141448,4797
720206241350,4800
720206341252,4799
720206441154,4796
720206541056,4804
720206640958,4801
720206740860,4797
720206840762,4798
720206940664,4801
720207040566,4799
720207140468,4799
720207240370,4798
720207340272,4807
720207440174,4796
720207540076,4796
720207639978,4797
720207739880,4799
720207839782,4798
720207939684,4797
720208039586,4797
720208139488,4805
720208239390,4797
720208339292,4800
720208439194,4793
720208539096,4792
720208638998,4794
720208738900,4795
720208838802,4794
720208938704,4804
720209038606,4794
720209138508,4794
720209238410,4792
720209338312,4794
720209438214,4795
720209538117,4938
720209638019,4793
720209737921,4809
720209837823,4793
720209937725,4795
720210037627,4795
720210137529,4793
720210237431,4794
720210337333,4795
720210437235,4795
720210537137,4806
720210637039,4792
720210736941,4798
720210836843,4794
720210936745,4794
720211036647,4796
720211136549,4795
720211236451,4793
720211336353,4810
720211436255,4797
720211536157,4762
720211636059,4793
720211735961,4798
720211835863,4796
720211935765,4796
720212035667,4795
720212135569,4808
720212235471,4795
720212335389,4798
720212435291,4793
720212535193,4791
720212635095,4793
720212734997,4796
720212834899,4794
720212934801,4810
720213034703,4794
720213134605,4797
720213234507,4794
720213334409,4794
720213434311,4796
720213534213,4798
720213634115,4793
720213734017,4808
720213833919,4795
720213933821,4797
720214033723,4798
720214133625,4797
720214233527,4797
720214333429,4800
720214433331,4801
720214533233,4811
720214633135,4795
720214733037,4795
720214832939,4798
720214932841,4798
720215032743,4797
720215132645,4802
720215232547,4800
720215332449,4812
720215432351,4799
720215532253,4800
720215632155,4796
720215732057,4797
720215831959,4798
720215931861,4874
720216031763,4800
720216131665,4801
720216231567,4799
720216331469,4800
720216431371,4797
720216531273,4804
720216631175,4795
720216731077,4796
720216830979,4797
720216930881,4812
720217030783,4797
720217130685,4802
720217230587,4801
720217330489,4798
720217430391,4799
720217530293,4796
720217630195,4792
720217730097,4810
720217829999,4800
720217929901,4798
720218029803,4800
720218129705,4799
720218229607,4796
720218329509,4798
720218429411,4798
720218529313,4813
720218629215,4800
720218729117,4793
720218829019,4795
720218928921,4902
720219028823,4795
720219128725,4795
720219228627,4794
720219328529,4809
720219428431,4798
720219528334,4937
720219628236,4830
720219728138,4791
720219828040,4792
720219927942,4795
720220027844,4794
720220127746,4806
720220227648,4795
720220327550,4794
720220427452,4797
720220527354,4799
720220627256,4832
720220727158,4793
720220827060,4792
720220926962,4802
720221026864,4796
720221126766,4798
720221226668,4795
720221326570,4795
720221426472,4798
720221526374,4799
720221626276,4835
720221726178,4800
720221826080,4792
720221925982,4795
720222025884,4796
720222125786,4798
720222225688,4795
720222325590,4796
720222425492,4795
720222525394,4811
720222625296,4796
720222725198,4792
720222825100,4792
720222925004,4792
720223024906,4794
720223124808,4806
720223224710,4794
720223324612,4802
720223424514,4798
720223524416,4802
720223624318,4797
720223724220,4797
720223824122,4794
720223924024,4794
720224023926,4799
720224123828,4812
720224223730,4799
720224323632,4798
720224423534,4798
720224523436,4803
720224623338,4799
720224723240,4800
720224823142,4796
720224923044,4802
720225022946,4799
720225122848,4799
720225222750,4799
720225322652,4799
720225422554,4799
720225522456,4800
720225622358,4799
720225722260,4814
720225822162,4795
720225922064,4796
720226021966,4800
720226121868,4801
720226221770,4798
720226321672,4800
720226421574,4799
720226521476,4807
720226621378,4797
720226721280,4799
720226821182,4798
720226921084,4796
720227020986,4799
720227120888,4798
720227220790,4801
720227320692,4809
720227420594,4798
720227520496,4800
720227620398,4798
720227720300,4800
720227820202,4795
720227920104,4794
720228020006,4796
720228119908,4807
720228219810,4800
720228319712,4869
720228419614,4799
720228519516,4798
720228619418,4798
720228719320,4799
720228819222,4799
720228919124,4800
720229019026,4791
720229118928,4799
720229218830,4795
720229318732,4794
720229418634,4796
720229518536,4958
720229618438,4796
720229718340,4811
720229818242,4815
720229918144,4790
720230018046,4793
720230117948,4796
720230217850,4794
720230317752,4794
720230417654,4796
720230517556,4809
720230617458,4793
720230717360,4794
720230817262,4797
720230917164,4790
720231017066,4792
720231116968,4797
720231216870,4799
720231316772,4809
720231416674,4797
720231516576,4794
720231616478,4796
720231716380,4794
720231816282,4795
720231916184,4793
720232016086,4792
720232115988,4810
720232215890,4793
720232315792,4795
720232415694,4797
720232515596,4794
720232615498,4795
720232715400,4798
720232815302,4794
720232915204,4810
720233015106,4791
720233115008,4792
720233214910,4796
720233314812,4793
720233414714,4796
720233514616,4796
720233614518,4796
720233714420,4812
720233814322,4794
720233914224,4794
720234014126,4792
720234114028,4791
720234213930,4801
720234313832,4798
720234413734,4800
720234513636,4813
720234613538,4797
720234713440,4798
720234813342,4799
720234913244,4801
720235013146,4796
720235113064,4797
720235212966,4798
720235312868,4813
720235412770,4799
720235512672,4799
720235612574,4799
720235712476,4799
720235812378,4800
720235912280,4767
720236012182,4795
720236112084,4810
720236211986,4798
720236311888,4798
720236411795,4824
720236511697,4846
720236611599,4801
720236711501,4799
720236811403,4796
720236911305,4812
720237011207,4876
720237111109,4794
720237211011,4800
720237310913,4801
720237410815,4834
720237510717,4869
720237610619,4800
720237710521,4815
720237810423,4800
720237910325,4798
720238010227,4872
720238110129,4796
720238210031,4794
720238309933,4798
720238409835,4800
720238509737,4884
720238609639,4797
720238709541,4797
720238809443,4797
720238909345,4798
720239009247,4836
720239109149,4791
720239209051,4790
720239308953,4809
720239408855,4797
720239508758,4945
720239608660,4795
720239708562,4796
720239808464,4795
720239908366,4831
720240008268,4794
720240108170,4799
720240208072,4792
720240307974,4795
720240407876,4794
720240507778,4796
720240607680,4795
720240707582,4797
720240807484,4793
720240907386,4802
720241007288,4795
720241107190,4802
720241207092,4792
720241306994,4793
720241406896,4798
720241506798,4795
720241606700,4796
720241706602,4804
720241806504,4796
720241906406,4796
720242006308,4794
720242106210,4797
720242206112,4990
720242306014,4983
720242405916,4987
720242505818,4994
720242605720,4986
720242705622,4796
720242805524,4795
720242905426,4796
720243005328,4795
720243105230,4794
720243205133,4793
720243305035,4800
720243404937,4795
720243504839,4795
720243604741,4795
720243704643,4797
720243804545,4795
720243904447,4795
720244004349,4797
720244104251,4805
720244204153,4791
720244304055,4792
720244403957,4799
720244503859,4798
720244603761,4798
720244703663,4818
720244803565,4797
720244903467,4806
720245003369,4798
720245103271,4800
720245203173,4808
720245303075,4795
720245402977,4799
720245502879,4799
720245602781,4799
720245702683,4825
720245802585,4799
720245902487,4799
720246002389,4800
720246102291,4799
720246202193,4815
720246302095,4796
720246401997,4798
720246501899,4807
720246601801,4797
720246701703,4820
720246801605,4798
720246901507,4797
720247001409,4799
720247101311,4800
720247201213,4812
720247301115,4803
720247401017,4795
720247500919,4798
720247600821,4798
720247700723,4815
720247800625,4800
720247900527,4799
720248000429,4798
720248100331,4806
720248200233,4810
720248300135,4794
720248400037,4796
720248499939,4799
720248599841,4798
720248699743,4855
720248799645,4798
720248899547,4809
720248999449,4832
720249099351,4797
720249199253,4819
720249299155,4793
720249399057,4792
720249498959,4832
720249598861,4938
720249698763,4810
720249798665,4797
720249898567,4793
720249998469,4829
720250098371,4796
720250198273,4795
720250298175,4793
720250398077,4761
720250497979,4809
720250597881,4796
720250697783,4868
720250797685,4794
720250897587,4781
720250997489,4831
720251097391,4793
720251197293,4795
720251297195,4810
720251397097,4790
720251496999,4793
720251596901,4795
720251696803,4797
720251796705,4796
720251896607,4794
720251996509,4831
720252096411,4809
720252196313,4795
720252296215,4796
720252396117,4791
720252496019,4792
720252595921,4796
720252695823,4832
720252795725,4797
720252895627,4808
720252995529,4803
720253095431,4792
720253195333,4794
720253295235,4797
720253395137,4792
720253495039,4790
720253594941,4797
720253694843,4810
720253794745,4796
720253894647,4794
720253994549,4795
720254094451,4795
720254194353,4796
720254294255,4794
720254394157,4792
720254494059,4807
720254593961,4798
720254693863,4872
720254793765,4798
720254893667,4797
720254993569,4800
720255093471,4802
720255193373,4799
720255293275,4813
720255393177,4793
720255493079,4795
720255592981,4797
720255692883,4799
720255792785,4799
720255892687,4799
720255992589,4797
720256092491,4814
720256192393,4798
720256292295,4798
720256392197,4794
720256492099,4796
720256592004,4794
720256691906,4872
720256791808,4796
720256891710,4814
720256991612,4797
720257091514,4795
720257191416,4797
720257291318,4796
720257391220,4800
720257491122,4794
720257591024,4798
720257690926,4814
720257790847,4800
720257890749,4802
720257990651,4798
720258090553,4799
720258190455,4799
720258290357,4798
720258390259,4801
720258490161,4809
720258590063,4796
720258689965,4837
720258789867,4797
720258889769,4798
720258989671,4799
720259089573,4798
720259189475,4797
720259289377,4812
720259389279,4799
720259489181,4789
720259589084,4935
720259688986,4794
720259788888,4796
720259888790,4796
720259988692,4796
720260088594,4804
720260188496,4796
720260288398,4796
720260388300,4795
720260488202,4792
720260588104,4792
720260688006,4867
720260787908,4796
720260887810,4801
720260987712,4796
720261087614,4795
720261187516,4795
720261287418,4794
720261387320,4795
720261487222,4796
720261587124,4794
720261687026,4800
720261786928,4797
720261886830,4794
720261986732,4796
720262086634,4796
720262186536,4795
720262286438,4796
720262386340,4796
720262486242,4805
720262586144,4792
720262686046,4829
720262785948,4794
720262885850,4795
720262985752,4795
720263085654,4794
720263185556,4795
720263285458,4804
720263385360,4794
720263485262,4795
720263585164,4792
720263685066,4792
720263784968,4796
720263884870,4795
720263984772,4796
720264084674,4803
720264184576,4796
720264284478,4796
720264384380,4796
720264484282,4795
720264584184,4792
720264684086,4792
720264783988,4798
720264883890,4808
720264983792,4796
720265083694,4981
720265183596,4800
720265283498,4797
720265383400,4799
720265483302,4798
720265583204,4794
720265683106,4805
720265783008,4795
720265882910,4798
720265982812,4799
720266082714,4798
720266182616,4797
720266282518,4798
720266382420,4833
720266482322,4809
720266582224,4798
720266682126,4798
720266782028,4796
720266881930,4799
720266981832,4799
720267081734,4799
720267181636,4799
720267281538,4798
720267381440,4800
720267481342,4799
720267581244,4799
720267681146,4796
720267781048,4794
720267880950,4798
720267980852,4798
720268080754,4809
720268180656,4799
720268280558,4800
720268380460,4834
720268480362,4800
720268580264,4799
720268680166,4797
720268780068,4796
720268879970,4804
720268979872,4798
720269079774,4798
720269179676,4798
720269279578,4799
720269379480,4833
720269479382,4799
720269579285,4933
720269679187,4806
720269779089,4791
720269878991,4795
720269978893,4797
720270078795,4795
720270178697,4794
720270278599,4798
720270378501,4830
720270478403,4812
720270578305,4796
720270678207,4791
720270778109,4790
720270878011,4792
720270977913,4796
720271077815,4795
720271177717,4795
720271277619,4810
720271377521,4831
720271477423,4797
720271577325,4795
720271677227,4794
720271777129,4863
720271877031,4791
720271976933,4796
720272076835,4809
720272176737,4794
720272276639,4797
720272376541,4795
720272476443,4796
720272576345,4793
720272676247,4795
720272776149,4828
720272876051,4806
720272975953,4794
720273075855,4795
720273175757,4792
720273275659,4795
720273375561,4797
720273475463,4794
720273575365,4794
720273675267,4811
720273775169,4792
720273875071,4793
720273974973,4796
720274074875,4793
720274174777,4796
720274274679,4795
720274374581,4796
720274474483,4810
720274574385,4798
720274674287,4795
720274774189,4791
720274874091,4790
720274973993,4797
720275073895,4798
720275173797,4799
720275273699,4812
720275373601,4799
720275473503,4798
720275573405,4800
720275673307,4835
720275773209,4798
720275873111,4795
720275973013,4793
720276072915,4814
720276172817,4799
720276272719,4799
720276372621,4800
720276472523,4800
720276572425,4800
720276672327,4836
720276772229,4798
720276872131,4807
720276972033,4795
720277071935,4797
720277171837,4798
720277271739,4796
720277371641,4801
720277471543,4799
720277571445,4795
720277671347,4847
720277771249,4799
720277871151,4794
720277971053,4797
720278070955,4803
720278170857,4799
720278270759,4800
720278370662,4848
720278470564,4812
720278570466,4798
720278670368,4799
720278770270,4799
720278870172,4793
720278970074,4794
720279069976,4803
720279169878,4800
720279269780,4813
720279369682,4872
720279469584,4797
720279569487,4968
720279669389,4799
720279769291,4798
720279869193,4791
720279969095,4791
720280068997,4807
720280168899,4794
720280268801,4795
720280368703,4868
720280468605,4796
720280568523,4797
720280668426,4797
720280768328,4831
720280868230,4805
720280968132,4792
720281068034,4797
720281167936,4792
720281267838,4795
720281367740,4869
720281467642,4796
720281567544,4797
720281667446,4803
720281767348,4795
720281867250,4796
720281967152,4792
720282067054,4796
720282166956,4796
720282266858,4794
720282366760,4869
720282466662,4804
720282566564,4795
720282666466,4803
720282766368,4796
720282866270,4796
720282966172,4793
720283066074,4792
720283165976,4795
720283265878,4803
720283365780,4816
720283465682,4796
720283565584,4813
720283665486,4795
720283765388,4796
720283865290,4796
720283965192,4793
720284065094,4799
720284164996,4795
720284264898,4793
720284364800,4794
720284464702,4796
720284564604,4798
720284664506,4838
720284764408,4797
720284864310,4803
720284964212,4796
720285064114,4790
720285164016,4792
720285263918,4796
720285363820,4798
720285463722,4798
720285563624,4799
720285663526,4806
720285763428,4799
720285863330,4798
720285963232,4800
720286063134,4796
720286163036,4795
720286262938,4797
720286362840,4798
720286462742,4808
720286562644,4800
720286662546,4833
720286762448,4798
720286862350,4799
720286962252,4800
720287062154,4795
720287162056,4795
720287261958,4808
720287361860,4800
720287461762,4800
720287561664,4799
720287661566,4799
720287761468,4798
720287861370,4799
720287961272,4801
720288061174,4805
720288161076,4807
720288260978,4846
720288360880,4807
720288460782,5114
720288560684,4801
720288660586,4873
720288760488,4798
720288860390,4806
720288960292,4809
720289060194,4795
720289160096,4794
720289259998,4796
720289359900,4799
720289459802,4799
720289559705,4944
720289659607,4816
720289759509,4798
720289859411,4801
720289959313,4909
720290059215,4796
720290159117,4793
720290259019,4792
720290358921,4795
720290458823,4811
720290558725,4797
720290658627,4869
720290758529,4842
720290858431,4794
720290958333,4833
720291058235,4797
720291158137,4790
720291258039,4806
720291357941,4795
720291457843,4797
720291557745,4819
720291657647,4797
720291757549,4794
720291857451,4795
720291957353,4834
720292057255,4816
720292157157,4793
720292257059,4792
720292356961,4795
720292456863,4817
720292556765,4794
720292656667,4832
720292756569,4794
720292856471,4811
720292956373,4829
720293056275,4799
720293156177,4795
720293256079,4790
720293355981,4794
720293455883,4872
720293555785,4797
720293655687,4810
720293755589,4798
720293855491,4795
720293955393,4813
720294055295,4795
720294155197,4792
720294255099,4793
720294355003,4792
720294454905,4892
720294554807,4794
720294654709,4989
720294754611,4800
720294854513,4794
720294954415,4795
720295054317,4796
720295154219,4798
720295254121,4807
720295354023,4790
720295453925,4893
720295553827,4798
720295653729,4803
720295753631,4797
720295853533,4796
720295953435,4811
720296053337,4813
720296153239,4798
720296253141,4795
720296353043,4794
720296452945,4897
720296552847,4799
720296652749,4875
720296752651,4799
720296852553,4812
720296952455,4813
720297052357,4801
720297152259,4798
720297252161,4794
720297352063,4801
720297451965,4877
720297551867,4796
720297651769,4815
720297751671,4798
720297851573,4799
720297951475,4810
720298051377,4803
720298151279,4799
720298251181,4794
720298351083,4795
720298450985,4832
720298550887,4799
720298650789,4840
720298750691,4796
720298850593,4796
720298950495,4811
720299050397,4795
720299150299,4799
720299250201,4848
720299350103,4797
720299450005,4808
720299549908,4970
720299649810,4799
720299749712,4799
720299849614,4797
720299949516,4810
720300049418,4808
720300149320,4836
720300249222,4800
720300349124,4794
720300449026,4790
720300548928,4796
720300648830,4834
720300748732,4795
720300848634,4803
720300948536,4795
720301048438,4796
720301148340,4795
720301248242,4800
720301348144,4791
720301448046,4793
720301547948,4796
720301647850,4803
720301747752,4831
720301847654,4796
720301947556,4796
720302047458,4796
720302147360,4990
720302247262,4992
720302347164,4987
720302447066,5006
720302546968,4988
720302646870,4988
720302746772,4797
720302846674,4796
720302946576,4795
720303046478,4796
720303146381,4804
720303246301,4809
720303346203,4793
720303446105,4794
720303546007,4792
720303645909,4797
720303745811,4795
720303845713,4796
720303945615,4794
720304045517,4804
720304145419,4795
720304245321,4800
720304345223,4795
720304445125,4791
720304545027,4791
720304644929,4797
720304744831,4795
720304844733,4803
720304944635,4796
720305044537,4797
720305144439,4797
720305244341,4800
720305344243,4796
720305444145,4792
720305544047,4794
720305643949,4808
720305743851,4799
720305843753,4799
720305943655,4799
720306043557,4797
720306143459,4797
720306243361,4799
720306343263,4799
720306443165,4805
720306543067,4797
720306642969,4799
720306742871,4799
720306842773,4799
720306942675,4798
720307042577,4799
720307142479,4797
720307242381,4806
720307342283,4799
720307442185,4797
720307542087,4796
720307641989,4800
720307741891,4799
720307841793,4799
720307941695,4798
720308041597,4808
720308141499,4798
720308241401,4801
720308341303,4801
720308441205,4800
720308541107,4797
720308641009,4796
720308740912,4802
720308840814,4808
720308940716,4801
720309040618,4799
720309140520,4799
720309240422,4798
720309340324,4799
720309440226,4801
720309540129,4937
720309640031,4810
720309739933,4798
720309839835,4801
720309939737,4798
720310039639,4798
720310139541,4799
720310239443,4800
720310339345,4797
720310439247,4813
720310539149,4793
720310639051,4791
720310738953,4797
720310838855,4796
720310938757,4794
720311038659,4795
720311138561,4794
720311238463,4810
720311338365,4794
720311438267,4805
720311538169,4791
720311638071,4791
720311737973,4797
720311837875,4792
720311937777,4795
720312037679,4811
720312137581,4815
720312237483,4792
720312337385,4798
720312437287,4799
720312537189,4792
720312637091,4791
720312736993,4795
720312836895,4810
720312936797,4794
720313036699,4795
720313136601,4796
720313236503,4796
720313336405,4795
720313436307,4793
720313536209,4789
720313636111,4806
720313736013,4793
720313835915,4794
720313935817,4795
720314035719,4796
720314135621,4795
720314235523,4794
720314335425,4794
720314435327,4810
720314535229,4797
720314635131,4792
720314735033,4793
720314834935,4795
720314934837,4793
720315034739,4795
720315134641,4796
720315234543,4811
720315334445,4795
720315434347,4796
720315534249,4797
720315634151,4792
720315734053,4793
720315833955,4795
720315933857,4796
720316033759,4812
720316133661,4798
720316233563,4804
720316333465,4797
720316433367,4800
720316533269,4804
720316633171,4796
720316733073,4796
720316832975,4812
720316932877,4798
720317032779,4800
720317132681,4798
720317232583,4800
720317332485,4799
720317432387,4799
720317532289,4798
720317632191,4814
720317732093,4798
720317831995,4798
720317931897,4799
720318031799,4799
720318131701,4800
720318231603,4797
720318331505,4798
720318431407,4796
720318531309,4801
720318631211,4832
720318731113,4795
720318831015,4796
720318930917,4800
720319030819,4801
720319130721,4800
720319230623,4813
720319330525,4797
720319430427,4799
720319530330,4944
720319630232,4841
720319730134,4794
720319830036,4796
720319929938,4796
720320029840,4806
720320129742,4798
720320229644,4798
720320329546,4799
720320429448,4799
720320529350,4800
720320629252,4838
720320729154,4793
720320829056,4800
720320928958,4795
720321028860,4797
720321128762,4796
720321228664,4796
720321328566,4795
720321428468,4798
720321528370,4796
720321628272,4839
720321728174,4792
720321828076,4793
720321927978,4795
720322027880,4796
720322127782,4799
720322227684,4795
720322327586,4795
720322427488,4803
720322527390,4801
720322627292,4830
720322727194,4793
720322827096,4792
720322926998,4795
720323026900,4795
720323126802,4799
720323226704,4803
720323326606,4798
720323426508,4797
720323526410,4799
720323626312,4829
720323726214,4796
720323826116,4793
720323926018,4798
720324025920,4804
720324125822,4799
720324225724,4797
720324325626,4796
720324425528,4796
720324525430,4800
720324625332,4795
720324725234,4797
720324825136,4800
720324925038,4792
720325024940,4796
720325124842,4799
720325224744,4796
720325324646,4796
720325424548,4796
720325524450,4800
720325624352,4804
720325724254,4795
720325824156,4793
720325924058,4793
720326023975,4799
720326123877,4801
720326223779,4799
720326323681,4799
720326423583,4807
720326523485,4802
720326623387,4799
720326723289,4800
720326823191,4796
720326923093,4795
720327022995,4798
720327122897,4798
720327222799,4807
720327322701,4800
720327422603,4800
720327522505,4800
720327622407,4799
720327722309,4799
720327822211,4800
720327922113,4796
720328022015,4803
720328121917,4799
720328221819,4798
720328321721,4798
720328421623,4799
720328521525,4799
720328621427,4799
720328721329,4799
720328821231,4807
720328921133,4796
720329021035,4796
720329120937,4800
720329220839,4797
720329320741,4800
720329420643,4798
720329520546,4947
720329620448,4814
720329720350,4800
720329820252,4799
720329920154,4798
720330020056,4797
720330119958,4798
720330219860,4797
720330319762,4797
720330419664,4813
720330519566,4798
720330619468,4799
720330719370,4801
720330819272,4798
720330919174,4790
720331019076,4793
720331118978,4794
720331218880,4809
720331318782,4792
720331418684,4795
720331518586,4795
720331618488,4798
720331718390,4794
720331818292,4797
720331918194,4791
720332018096,4807
720332117998,4796
720332217900,4793
720332317802,4796
720332417704,4793
720332517606,4795
720332617508,4794
720332717410,4797
720332817312,4810
720332917214,4794
720333017116,4792
720333117018,4792
720333216920,4794
720333316822,4796
720333416724,4795
720333516626,4796
720333616528,4811
720333716430,4798
720333816332,4795
720333916234,4795
720334016136,4792
720334116038,4793
720334215940,4793
720334315842,4792
720334415744,4811
720334515646,4797
720334615548,4795
720334715450,4796
720334815352,4795
720334915254,4797
720335015156,4789
720335115058,4794
720335214960,4808
720335314862,4796
720335414764,4797
720335514666,4795
720335614568,4799
720335714470,4798
720335814372,4794
720335914274,4796
720336014176,4806
720336114078,4790
720336213980,4799
720336313882,4834
720336413784,4797
720336513686,4797
720336613588,4798
720336713491,4842
720336813393,4811
720336913295,4798
720337013197,4796
720337113099,4796
720337213004,4794
720337312906,4796
720337412808,4799
720337512710,4800
720337612612,4811
720337712514,4798
720337812416,4796
720337912318,4801
720338012220,4799
720338112122,4795
720338212024,4795
720338311926,4798
720338411828,4813
720338511730,4838
720338611632,4797
720338711534,4800
720338811436,4799
720338911338,4798
720339011240,4867
720339111142,4794
720339211044,4808
720339310946,4805
720339410848,4800
720339510751,4968
720339610653,4805
720339710555,4995
720339810457,4797
720339910359,4817
720340010261,4878
720340110163,4796
720340210065,4795
720340309967,4799
720340409869,4799
720340509771,4869
720340609673,4800
720340709575,4800
720340809477,4807
720340909379,4799
720341009281,4836
720341109183,4791
720341209085,4793
720341308987,4794
720341408889,4795
720341508791,4795
720341608693,4804
720341708595,4795
720341808497,4795
720341908399,4796
720342008301,4797
720342108203,4792
720342208105,4793
720342308007,4792
720342407909,4804
720342507811,4795
720342607713,4797
720342707615,4795
720342807517,4796
720342907419,4796
720343007321,4799
720343107223,4795
720343207125,4801
720343307027,4792
720343406929,4796
720343506831,4796
720343606733,4796
720343706635,4795
720343806537,4793
720343906439,4796
720344006341,4804
720344106243,4797
720344206145,4792
720344306047,4792
720344405949,4795
720344505851,4797
720344605753,4795
720344705655,4796
720344805557,4802
720344905459,4795
720345005361,4796
720345105263,4797
720345205165,4793
720345305067,4792
720345404969,4795
720345504871,4795
720345604773,4804
720345704675,4796
720345804577,4794
720345904479,4797
720346004381,4795
720346104283,4796
720346204185,4793
720346304087,4790
720346403989,4807
720346503891,4798
720346603793,4797
720346703695,4866
720346803597,4798
720346903499,4799
720347003401,4799
720347103303,4798
720347203205,4819
720347303107,4795
720347403009,4795
720347502911,4800
720347602813,4798
720347702715,4817
720347802617,4799
720347902519,4798
720348002421,4842
720348102323,4798
720348202225,4835
720348302127,4795
720348402029,4795
720348501931,4800
720348601833,4800
720348701735,4820
720348801655,4809
720348901557,4800
720349001459,4834
720349101361,4798
720349201263,4812
720349301165,4796
720349401067,4798
720349500970,5248
720349600872,4814
720349700774,4814
720349800676,4802
720349900578,4801
720350000480,4836
720350100382,4797
720350200284,4811
720350300186,4794
720350400088,4809
720350499990,4802
720350599892,4800
720350699794,4855
720350799696,4799
720350899598,4801
720350999500,4798
720351099402,4799
720351199304,4826
720351299206,4792
720351399108,4796
720351499010,4796
720351598912,4795
720351698814,4794
720351798716,4795
720351898618,4797
720351998520,4810
720352098422,4796
720352198324,4795
720352298226,4796
720352398128,4792
720352498030,4795
720352597932,4795
720352697834,4868
720352797736,4809
720352897638,4798
720352997540,4794
720353097442,4795
720353197344,4794
720353297246,4797
720353397148,4792
720353497050,4794
720353596952,4812
720353696854,4794
720353796756,4794
720353896658,4795
720353996560,4793
720354096462,4795
720354196364,4795
720354296266,4795
720354396168,4806
720354496070,4790
720354595972,4799
720354695874,4829
720354795776,4798
720354895678,4798
720354995580,4800
720355095482,4796
720355195384,4810
720355295286,4796
720355395188,4792
720355495090,4791
720355594992,4798
720355694894,4796
720355794796,4795
720355894698,4793
720355994600,4811
720356094502,4796
720356194404,4793
720356294306,4794
720356394208,4797
720356494110,4788
720356594012,4762
720356693914,4871
720356793816,4812
720356893718,4797
720356993620,4798
720357093522,4799
720357193424,4797
720357293326,4798
720357393228,4800
720357493130,4796
720357593032,4811
720357692934,4798
720357792836,4799
720357892738,4802
720357992640,4801
720358092542,4798
720358192444,4800
720358292346,4803
720358392248,4814
720358492150,4796
720358592052,4796
720358691954,4874
720358791856,4799
720358891758,4797
720358991660,4801
720359091562,4800
720359191464,4813
720359291366,4803
720359391268,4805
720359491170,4794
720359591075,4976
720359690977,4800
720359790879,4796
720359890781,4798
720359990683,4807
720360090585,4799
720360190487,4797
720360290389,4797
720360390291,4799
720360490193,4796
720360590095,4794
720360689997,4837
720360789899,4806
720360889801,4799
720360989703,4797
720361089605,4799
720361189507,4798
720361289409,4799
720361389311,4799
720361489213,4799
720361589115,4801
720361689017,4792
720361788919,4796
720361888821,4794
720361988723,4796
720362088625,4796
720362188527,4996
720362288429,4987
720362388331,4996
720362488233,4986
720362588135,4988
720362688037,4899
720362787939,4796
720362887841,4796
720362987743,4796
720363087645,4798
720363187548,4809
720363287450,4795
720363387352,4795
720363487254,4797
720363587156,4793
720363687058,4827
720363786960,4795
720363886862,4795
720363986764,4803
720364086666,4795
720364186568,4796
720364286470,4796
720364386372,4796
720364486274,4798
720364586176,4792
720364686078,4863
720364785980,4803
720364885882,4796
720364985784,4796
720365085686,4973
720365185588,4794
720365285490,4795
720365385392,4832
720365485294,4795
720365585196,4801
720365685098,4827
720365785004,4792
720365884906,4795
720365984808,4796
720366084710,4793
720366184612,4796
720366284514,4797
720366384416,4838
720366484318,4796
720366584220,4794
720366684122,4828
720366784024,4793
720366883926,4796
720366983828,4798
720367083730,4798
720367183632,4804
720367283534,4799
720367383436,4835
720367483338,4799
720367583240,4798
720367683142,4830
720367783044,4796
720367882946,4798
720367982848,4805
720368082750,4799
720368182652,4798
720368282554,4798
720368382456,4834
720368482358,4799
720368582260,4799
720368682162,4797
720368782064,4805
720368881966,4800
720368981868,4798
720369081770,4798
720369181672,4799
720369281574,4798
720369381476,4835
720369481378,4800
720369581281,4956
720369681183,4795
720369781085,4815
720369880987,4798
720369980890,4802
720370080792,4801
720370180694,4798
720370280596,4798
720370380498,4848
720370480400,4800
720370580302,4799
720370680204,4800
720370780106,4833
720370880008,4795
720370979910,4799
720371079812,4798
720371179714,4813
720371279616,4796
720371379518,4799
720371479438,4804
720371579340,4799
720371679242,4799
720371779144,4828
720371879046,4790
720371978948,4809
720372078850,4793
720372178752,4795
720372278654,4798
720372378556,4794
720372478458,4796
720372578360,4793
720372678262,4797
720372778164,4806
720372878066,4795
720372977968,4794
720373077870,4797
720373177772,4798
720373277674,4796
720373377576,4793
720373477478,4796
720373577380,4809
720373677282,4795
720373777184,4792
720373877086,4790
720373976988,4757
720374076890,4796
720374176792,4792
720374276694,4795
720374376596,4811
720374476498,4798
720374576400,4795
720374676302,4793
720374776204,4792
720374876106,4790
720374976008,4792
720375075910,4798
720375175812,4811
720375275714,4796
720375375616,4795
720375475518,4797
720375575420,4796
720375675322,4796
720375775224,4797
720375875126,4792
720375975028,4808
720376074930,4794
720376174832,4830
720376274734,4797
720376374636,4796
720376474538,4793
720376574440,4800
720376674342,4793
720376774244,4811
720376874146,4791
720376974048,4791
720377073950,4798
720377173852,4799
720377273754,4797
720377373656,4800
720377473558,4799
720377573460,4813
720377673362,4803
720377773264,4808
720377873166,4795
720377973068,4795
720378072970,4799
720378172872,4797
720378272774,4799
720378372676,4814
720378472578,4798
720378572480,4799
720378672382,4800
720378772284,4834
720378872186,4797
720378972088,4794
720379071990,4797
720379171892,4810
720379271794,4799
720379371696,4800
720379471598,4810
720379571501,4976
720379671403,4799
720379771305,4834
720379871207,4799
720379971109,4802
720380071011,4797
720380170913,4799
720380270815,4798
720380370718,4847
720380470620,4799
720380570522,4833
720380670424,4801
720380770326,4806
720380870228,4799
720380970130,4794
720381070032,4801
720381169934,4798
720381269836,4799
720381369738,4872
720381469640,4798
720381569542,4840
720381669444,4798
720381769346,4799
720381869248,4798
720381969150,4828
720382069052,4796
720382168954,4794
720382268856,4795
720382368758,4875
720382468660,4795
720382568562,4830
720382668464,4796
720382768366,4796
720382868268,4804
720382968170,4792
720383068072,4795
720383167974,4805
720383267876,4797
720383367778,4869
720383467680,4796
720383567582,4795
720383667484,4795
720383767386,4795
720383867288,4796
720383967190,4800
720384067092,4796
720384166994,4795
720384266896,4796
720384366798,4868
720384466700,4795
720384566602,4795
720384666504,4805
720384766406,4802
720384866308,4795
720384966210,4795
720385066112,4792
720385166014,4791
720385265916,4796
720385365818,4819
720385465720,4795
720385565622,4803
720385665524,4797
720385765426,4796
720385865328,4795
720385965230,4795
720386065132,4792
720386165034,4791
720386264936,4795
720386364838,4802
720386464740,4796
720386564642,4795
720386664544,4842
720386764446,4797
720386864348,4796
720386964250,4794
720387064152,4792
720387164054,4800
720387263956,4796
720387363858,4798
720387463760,4798
720387563662,4800
720387663564,4797
720387763466,4798
720387863368,4798
720387963270,4808
720388063172,4795
720388163074,4796
720388262976,4799
720388362878,4798
720388462780,4799
720388562682,4798
720388662584,4836
720388762486,4807
720388862388,4797
720388962290,4798
720389062192,4795
720389162094,4795
720389261996,4798
720389361898,4800
720389461800,4799
720389561703,5064
720389661605,4801
720389761507,4800
720389861409,4801
720389961311,4798
720390061213,4801
720390161115,4795
720390261017,4795
720390360919,4812
720390460821,4804
720390560723,4799
720390660625,4862
720390760527,4802
720390860429,4799
720390960331,4848
720391060233,4798
720391160135,4810
720391260037,4795
720391359939,4800
720391459841,4800
720391559743,4799
720391659645,4800
720391759547,4800
720391859449,4801
720391959351,4851
720392059253,4799
720392159155,4794
720392259057,4792
720392358959,4796
720392458861,4793
720392558763,4912
720392658665,4870
720392758567,4810
720392858469,4795
720392958371,4835
720393058273,4800
720393158175,4793
720393258077,4790
720393357979,4795
720393457881,4795
720393557783,4812
720393657685,4795
720393757587,4795
720393857489,4795
720393957391,4832
720394057293,4794
720394157195,4794
720394257114,4792
720394357016,4806
720394456918,4815
720394556820,4795
720394656722,4832
720394756624,4797
720394856526,4795
720394956428,4833
720395056330,4798
720395156232,4811
720395256134,4791
720395356036,4792
720395455938,4873
720395555840,4796
720395655742,4795
720395755644,4796
720395855546,4798
720395955448,4828
720396055350,4797
720396155252,4831
720396255154,4829
720396355056,4794
720396454958,4878
720396554860,4793
720396654762,4869
720396754664,4808
720396854566,4796
720396954468,4794
720397054370,4794
720397154272,4801
720397254174,4794
720397354076,4793
720397453978,4895
720397553880,4812
720397653782,4800
720397753684,4797
720397853586,4798
720397953488,4812
720398053390,4798
720398153292,4800
720398253194,4794
720398353096,4809
720398452998,4893
720398552900,4799
720398652802,4906
720398752704,4797
720398852606,4798
720398952508,4812
720399052410,4799
720399152312,4813
720399252214,4798
720399352116,4796
720399452018,4874
720399551920,4848
720399651822,4806
720399751724,4801
720399851626,4798
720399951528,4824
720400051430,4799
720400151332,4799
720400251234,4800
720400351136,4796
720400451038,4818
720400550940,4800
720400650842,4837
720400750744,4808
720400850646,4797
720400950548,4810
720401050450,4798
720401150352,4799
720401250254,4799
720401350156,4795
720401450058,4805
720401549960,4807
720401649862,4798
720401749764,4800
720401849666,4800
720401949568,4812
720402049470,4799
720402149372,4799
720402249274,4799
720402349176,4800
720402449078,4791
720402548980,4796
720402648882,4831
720402748784,4794
720402848686,4795
720402948588,4795
720403048490,4794
720403148392,4803
720403248294,4801
720403348196,4791
720403448098,4792
720403548004,4792
720403647906,4797
720403747808,4795
720403847710,4796
720403947612,4802
720404047514,4796
720404147416,4796
720404247318,4801
720404347220,4796
720404447122,4791
720404547024,4792
720404646926,4795
720404746828,4804
720404846730,4794
720404946632,4796
720405046534,4794
720405146436,4795
720405246338,4799
720405346240,4882
720405446142,4793
720405546044,4800
720405645946,4795
720405745848,4796
720405845750,4794
720405945652,4794
720406045554,4795
720406145456,4794
720406245358,4800
720406345260,4804
720406445162,4794
720406545064,4792
720406644966,4796
720406744868,4797
720406844770,4796
720406944672,4796
720407044574,4795
720407144476,4803
720407244378,4800
720407344280,4796
720407444182,4792
720407544084,4793
720407643986,4797
720407743888,4799
720407843790,4797
720407943692,4807
720408043594,4798
720408143496,4835
720408243398,4799
720408343300,4798
720408443202,4796
720408543104,4795
720408643006,4805
720408742908,4806
720408842810,4798
720408942712,4798
720409042614,4799
720409142516,4798
720409242418,4797
720409342320,4799
720409442222,4798
720409542125,4960
720409642027,4797
720409741929,4799
720409841831,4801
720409941733,4802
720410041635,4799
720410141537,4795
720410241439,4796
720410341341,4813
720410441243,4800
720410541145,4795
720410641047,4796
720410740949,4798
720410840851,4764
720410940753,4798
720411040655,4800
720411140557,4813
720411240459,4796
720411340361,4797
720411440263,4836
720411540165,4797
720411640067,4798
720411739969,4799
720411839871,4799
720411939773,4814
720412039675,4801
720412139577,4798
720412239479,4797
720412339381,4799
720412439283,4801
720412539185,4795
720412639087,4753
720412738989,4818
720412838891,4795
720412938793,4793
720413038695,4794
720413138597,4797
720413238499,4794
720413338401,4795
720413438303,4794
720413538205,4811
720413638107,4793
720413738009,4794
720413837911,4794
720413937814,4799
720414037716,4797
720414137619,4799
720414237521,4794
720414337423,4810
720414437325,4794
720414537227,4795
720414637129,4792
720414737031,4795
720414836933,4792
720414936835,4793
720415036737,4797
720415136639,4810
720415236541,4829
720415336443,4801
720415436345,4795
720415536247,4798
720415636149,4792
720415736051,4790
720415835953,4796
720415935855,4810
720416035757,4796
720416135659,4794
720416235561,4830
720416335463,4796
720416435365,4798
720416535268,4794
720416635170,4793
720416735072,4807
720416834974,4795
720416934889,4794
720417034791,4795
720417134693,4793
720417234595,4796
720417334497,4794
720417434399,4797
720417534301,4811
720417634203,4790
720417734105,4793
720417834007,4795
720417933909,4797
720418033811,4798
720418133713,4797
720418233615,4799
720418333517,4813
720418433419,4799
720418533321,4799
720418633223,4796
720418733125,4796
720418833027,4794
720418932929,4799
720419032831,4797
720419132733,4815
720419232635,4798
720419332537,4798
720419432439,4799
720419532342,4957
720419632244,4800
720419732146,4796
720419832048,4794
720419931950,4806
720420031852,4799
720420131754,4799
720420231656,4801
720420331558,4799
720420431460,4798
720420531362,4799
720420631264,4800
720420731166,4798
720420831068,4797
720420930970,4799
720421030872,4798
720421130774,4798
720421230676,4799
720421330578,4798
720421430480,4799
720421530382,4808
720421630284,4812
720421730186,4795
720421830088,4795
720421929990,4798
720422029892,4798
720422129794,4803
720422229696,4994
720422329598,4998
720422429500,4990
720422529402,4991
720422629304,5026
720422729206,4793
720422829108,4791
720422929010,4791
720423028912,4795
720423128814,4801
720423228717,4797
720423328619,4795
720423428521,4794
720423528423,4796
720423628325,4795
720423728227,4796
720423828129,4791
720423928031,4799
720424027933,4796
720424127835,4800
720424227737,4796
720424327639,4795
720424427541,4796
720424527443,4799
720424627345,4796
720424727247,4806
720424827149,4793
720424927051,4791
720425026953,4795
720425126855,4798
720425226757,4795
720425326659,4794
720425426561,4795
720425526463,4810
720425626365,4795
720425726267,4803
720425826169,4791
720425926071,4792
720426025973,4796
720426125875,4798
720426225777,4798
720426325679,4804
720426425581,4796
720426525483,4801
720426625385,4796
720426725287,4794
720426825189,4793
720426925091,4791
720427024993,4795
720427124895,4806
720427224797,4794
720427324699,4794
720427424601,4795
720427524503,4800
720427624405,4795
720427724307,4796
720427824209,4795
720427924111,4801
720428024013,4791
720428123915,4802
720428223817,4797
720428323719,4798
720428423621,4798
720428523524,4802
720428623426,4799
720428723328,4808
720428823230,4799
720428923132,4796
720429023034,4795
720429122936,4798
720429222838,4797
720429322740,4800
720429422642,4799
720429522545,4970
720429622447,4797
720429722349,4798
720429822251,4799
720429922153,4795
720430022055,4793
720430121957,4799
720430221859,4800
720430321761,4813
720430421663,4799
720430521565,4798
720430621467,4799
720430721369,4799
720430821271,4800
720430921173,4794
720431021075,4795
720431120977,4811
720431220879,4800
720431320781,4795
720431420683,4797
720431520585,4797
720431620487,4798
720431720389,4798
720431820291,4798
720431920193,4813
720432020095,4794
720432119997,4795
720432219899,4798
720432319801,4870
720432419703,4799
720432519605,4798
720432619507,4795
720432719409,4812
720432819311,4797
720432919213,4800
720433019115,4791
720433119017,4790
720433218919,4796
720433318821,4794
720433418723,4795
720433518625,4810
720433618527,4796
720433718429,4794
720433818331,4794
720433918233,4794
720434018135,4791
720434118037,4792
720434217939,4794
720434317841,4810
720434417743,4793
720434517645,4794
720434617547,4793
720434717449,4795
720434817351,4797
720434917253,4797
720435017155,4792
720435117057,4808
720435216959,4794
720435316861,4794
720435416763,4795
720435516665,4794
720435616567,4802
720435716469,4795
720435816371,4794
720435916273,4809
720436016175,4790
720436116077,4790
720436215979,4793
720436315881,4795
720436415783,4796
720436515685,4796
720436615587,4794
720436715489,4811
720436815391,4794
720436915293,4796
720437015195,4791
720437115097,4791
720437214999,4796
720437314901,4795
720437414803,4793
720437514705,4811
720437614607,4795
720437714509,4795
720437814411,4795
720437914313,4795
720438014215,4796
720438114117,4791
720438214019,4791
720438313921,4811
720438413823,4798
720438513725,4796
720438613627,4797
720438713529,4796
720438813431,4798
720438913333,4798
720439013235,4799
720439113137,4810
720439213039,4799
720439312941,4797
720439412843,4796
