720446074209,10586
720446174125,5961
720446274028,4790
720446373930,4796
720446473832,4796
720446573734,4796
720446673636,4799
720446773538,4797
720446873440,4797
720446973342,4806
720447073244,4797
720447173146,4794
720447273048,4795
720447372950,4797
720447472852,4798
720447572754,4796
720447672656,4799
720447772558,4811
720447872460,4796
720447972362,4797
720448072264,4797
720448172166,4794
720448272068,4794
720448371970,4797
720448471872,4798
720448571774,4807
720448671676,4799
720448771578,4798
720448871480,4797
720448971382,4798
720449071284,4799
720449171186,4795
720449271088,4794
720449370990,4840
720449470892,4798
720449570794,4797
720449670696,4798
720449770598,4799
720449870500,4798
720449970402,4798
720450070304,4837
720450170206,4807
720450270108,4794
720450370010,4864
720450469912,4800
720450569814,4798
720450669716,4799
720450769618,4833
720450869520,4798
720450969422,4805
720451069324,4836
720451169226,4797
720451269128,4791
720451369030,4866
720451468933,4796
720451568835,4802
720451668737,4793
720451768639,4803
720451868541,4795
720451968443,4793
720452068345,4833
720452168247,4794
720452268149,4791
720452368051,4864
720452467953,4795
720452567855,4802
720452667757,4798
720452767659,4794
720452867561,4796
720452967463,4793
720453067365,4832
720453167267,4793
720453267169,4790
720453367071,4872
720453466973,4794
720453566875,4795
720453666777,4793
720453766679,4794
720453866581,4793
720453966483,4793
720454066385,4798
720454166287,4801
720454266189,4790
720454366091,4844
720454465993,4795
720454565895,4792
720454665797,4804
720454765699,4793
720454865601,4795
720454965503,4802
720455065405,4794
720455165307,4798
720455265209,4795
720455365111,4790
720455465013,4791
720455564915,4793
720455664817,4793
720455764719,4802
720455864621,4793
720455964523,4795
720456064425,4793
720456164328,4975
720456264230,4794
720456364132,4794
720456464034,4793
720456563936,4811
720456663838,4843
720456763740,4803
720456863642,4801
720456963544,4800
720457063446,4799
720457163348,4799
720457263250,4802
720457363152,4807
720457463054,4800
720457562956,4800
720457662858,4800
720457762760,4797
720457862662,4802
720457962564,4806
720458062466,4798
720458162368,4812
720458262270,4802
720458362172,4795
720458462074,4796
720458561976,4800
720458661878,4875
720458761780,4800
720458861682,4800
720458961584,4813
720459061486,4800
720459161388,4801
720459261290,4803
720459361192,4797
720459461094,4798
720459560996,4802
720459660898,4800
720459760800,4813
720459860702,4798
720459960604,4800
720460060506,4802
720460160408,4800
720460260310,4799
720460360212,4801
720460460114,4796
720460560016,4809
720460659918,4836
720460759820,4802
720460859722,4800
720460959624,4838
720461059526,4801
720461159428,4800
720461259330,4796
720461359232,4811
720461459134,4795
720461559036,4794
720461658938,4798
720461758840,4799
720461858742,4797
720461958644,4827
720462058546,4795
720462158448,4810
720462258350,4796
720462358252,4800
720462458154,4792
720462558056,4793
720462657958,4869
720462757860,4797
720462857762,4797
720462957664,4845
720463057566,4796
720463157468,4799
720463257370,4795
720463357272,4797
720463457174,4794
720463557076,4792
720463656978,4794
720463756880,4811
720463856782,4797
720463956684,4833
720464056586,4800
720464156488,4798
720464256390,4795
720464356292,4797
720464456194,4866
720464556096,4806
720464655998,4870
720464755900,4798
720464855802,4797
720464955704,4835
720465055606,4797
720465155508,4796
720465255410,4796
720465355312,4807
720465455214,4911
720465555116,4791
720465655018,4794
720465754920,4797
720465854822,4797
720465954724,4795
720466054626,4798
720466154528,4960
720466254430,4792
720466354332,4793
720466454234,4880
720466554136,4792
720466654038,4825
720466753940,4798
720466853842,4796
720466953744,4809
720467053646,4798
720467153548,4796
720467253450,4799
720467353352,4798
720467453254,4895
720467553156,4794
720467653058,4794
720467752960,4804
720467852862,4798
720467952764,4810
720468052666,4797
720468152568,4818
720468252470,4801
720468352372,4799
720468452274,4894
720468552176,4803
720468652078,4865
720468751980,4797
720468851906,4800
720468951808,4812
720469051710,4797
720469151612,4797
720469251514,4799
720469351416,4804
720469451318,4825
720469551220,4798
720469651122,4794
720469751024,4794
720469850926,4797
720469950828,4810
720470050730,4798
720470150632,4805
720470250534,4798
720470350436,4796
720470450338,4817
720470550240,4797
720470650142,4830
720470750044,4796
720470849946,4799
720470949848,4818
720471049750,4796
720471149652,4797
720471249554,4797
720471349456,4796
720471449358,4809
720471549260,4797
720471649162,4791
720471749064,4800
720471848966,4792
720471948868,4794
720472048770,4794
720472148672,4794
720472248574,4798
720472348476,4795
720472448378,4798
720472548280,4802
720472648182,4791
720472748084,4792
720472847986,4793
720472947888,4793
720473047790,4793
720473147692,4793
720473247594,4799
720473347496,4802
720473447398,4794
720473547300,4795
720473647202,4790
720473747104,4790
720473847006,4790
720473946908,4794
720474046810,4794
720474146712,4803
720474246614,4797
720474346516,4794
720474446418,4794
720474546320,4792
720474646222,4794
720474746124,4791
720474846026,4791
720474945928,4801
720475045830,4794
720475145732,4796
720475245634,4797
720475345536,4794
720475445438,4795
720475545340,4796
720475645242,4796
720475745144,4800
720475845046,4789
720475944948,4792
720476044850,4794
720476144753,4951
720476244655,4803
720476344557,4799
720476444459,4796
720476544361,4808
720476644263,4809
720476744165,4791
720476844067,4792
720476943969,4796
720477043871,4801
720477143773,4799
720477243675,4801
720477343577,4811
720477443479,4801
720477543381,4797
720477643283,4800
720477743185,4795
720477843087,4796
720477942989,4799
720478042891,4798
720478142793,4812
720478242695,4834
720478342597,4800
720478442499,4800
720478542401,4801
720478642303,4798
720478742205,4800
720478842107,4801
720478942009,4810
720479041911,4834
720479141813,4803
720479241715,4801
720479341617,4801
720479441519,4801
720479541421,4800
720479641323,4799
720479741225,4814
720479841127,4798
720479941029,4904
720480040931,4796
720480140833,4834
720480240735,4799
720480340638,4817
720480440540,4799
720480540442,4813
720480640344,4800
720480740246,4799
720480840148,4795
720480940050,4798
720481039952,4801
720481139854,4798
720481239756,4797
720481339658,4813
720481439560,4803
720481539462,4800
720481639364,4799
720481739266,4835
720481839168,4792
720481939070,4794
720482038972,4795
720482138874,4810
720482238776,4992
720482338678,4986
720482438580,4988
720482538482,4988
720482638384,4986
720482738286,4797
720482838188,4795
720482938090,4804
720483037992,4799
720483137894,4795
720483237797,4808
720483337699,4793
720483437601,4795
720483537503,4795
720483637405,4797
720483737307,4810
720483837209,4796
720483937111,4791
720484037013,4794
720484136915,4796
720484236817,4801
720484336719,4797
720484436621,4796
720484536523,4810
720484636425,4799
720484736327,4797
720484836229,4800
720484936131,4793
720485036033,4796
720485135935,4796
720485235837,4793
720485335739,4810
720485435641,4797
720485535543,4798
720485635445,4797
720485735347,4798
720485835249,4796
720485935151,4792
720486035053,4795
720486134956,4972
720486234858,4793
720486334760,4793
720486434662,4794
720486534564,4794
720486634466,4793
720486734368,4795
720486834270,4803
720486934172,4799
720487034074,4791
720487133976,4798
720487233878,4796
720487333780,4796
720487433682,4798
720487533584,4799
720487633486,4797
720487733388,4805
720487833290,4809
720487933192,4805
720488033094,4803
720488132996,4805
720488232898,4798
720488332800,4798
720488432702,4799
720488532604,4807
720488632506,4798
720488732408,4799
720488832310,4799
720488932212,4797
720489032114,4794
720489132016,4794
720489231918,4798
720489331820,4806
720489431722,4798
720489531624,4798
720489631526,4799
720489731428,4799
720489831330,4799
720489931232,4799
720490031134,4795
720490131036,4803
720490230938,4796
720490330840,4797
720490430742,4797
720490530644,4798
720490630546,4797
720490730448,4799
720490830350,4798
720490930252,4808
720491030154,4795
720491130056,4795
720491229958,4799
720491329860,4798
720491429762,4798
720491529664,4798
720491629583,4798
720491729485,4807
720491829387,4798
720491929289,4798
720492029191,4790
720492129093,4799
720492228995,4798
720492328897,4793
720492428799,4793
720492528701,4805
720492628603,4794
720492728505,4795
720492828407,4796
720492928309,4794
720493028211,4794
720493128113,4790
720493228015,4791
720493327917,4802
720493427819,4795
720493527721,4796
720493627623,4793
720493727525,4795
720493827427,4794
720493927329,4794
720494027231,4795
720494127133,4802
720494227035,4790
720494326937,4793
720494426839,4793
720494526741,4798
720494626643,4829
720494726545,4794
720494826447,4793
720494926349,4802
720495026251,4795
720495126153,4797
720495226055,4791
720495325957,4794
720495425859,4794
720495525761,4799
720495625663,4829
720495725565,4802
720495825467,4794
720495925369,4793
720496025271,4800
720496125173,4978
720496225075,4793
720496324977,4794
720496424879,4795
720496524781,4815
720496624683,4797
720496724585,4798
720496824487,4795
720496924389,4798
720497024291,4801
720497124193,4799
720497224095,4793
720497323997,4811
720497423899,4798
720497523801,4803
720497623703,4800
720497723605,4801
720497823507,4800
720497923409,4800
720498023311,4801
720498123213,4817
720498223115,4795
720498323017,4798
720498422919,4797
720498522821,4798
720498622723,4803
720498722625,4799
720498822527,4800
720498922429,4811
720499022331,4799
720499122233,4800
720499222135,4796
720499322037,4794
720499421939,4801
720499521841,4802
720499621743,4801
720499721645,4813
720499821547,4800
720499921449,4797
720500021351,4800
720500121253,4799
720500221155,4797
720500321057,4799
720500420959,4799
720500520861,4812
720500620763,4800
720500720665,4801
720500820567,4798
720500920469,4801
720501020371,4800
720501120273,4799
720501220175,4792
720501320077,4808
720501419979,4801
720501519881,4799
720501619783,4801
720501719685,4798
720501819587,4802
720501919489,4801
720502019391,4798
720502119293,4811
720502219195,4792
720502319097,4792
720502418999,4795
720502518901,4797
720502618803,4798
720502718705,4794
720502818607,4797
720502918509,4810
720503018411,4799
720503118313,4797
720503218215,4796
720503318117,4793
720503418019,4793
720503517921,4796
720503617823,4793
720503717725,4811
720503817627,4799
720503917529,4797
720504017431,4799
720504117333,4794
720504217235,4797
720504317137,4829
720504417039,4793
720504516941,4809
720504616843,4796
720504716745,4797
720504816647,4797
720504916549,4794
720505016451,4797
720505116353,4796
720505216255,4797
720505316157,4806
720505416059,4791
720505515961,4798
720505615863,4796
720505715765,4794
720505815667,4796
720505915569,4799
720506015471,4795
720506115374,4873
720506215276,4796
720506315178,4791
720506415080,4789
720506514982,4794
720506614884,4793
720506714786,4794
720506814688,4794
720506914590,4803
720507014492,4794
720507114394,4793
720507214296,4793
720507314198,4790
720507414100,4791
720507514006,4792
720507613908,4797
720507713810,4804
720507813712,4796
720507913614,4797
720508013516,4800
720508113418,4798
720508213320,4796
720508313222,4797
720508413124,4795
720508513026,4802
720508612928,4797
720508712830,4799
720508812732,4798
720508912634,4795
720509012536,4797
720509112438,4797
720509212340,4798
720509312242,4805
720509412144,4796
720509512046,4793
720509611948,4799
720509711850,4798
720509811752,4796
720509911654,4797
720510011556,4797
720510111458,4805
720510211360,4797
720510311262,4798
720510411164,4795
720510511066,4794
720510610968,4797
720510710870,4795
720510810772,4797
720510910674,4806
720511010576,4801
720511110478,4796
720511210380,4798
720511310282,4798
720511410184,4794
720511510086,4796
720511609988,4798
720511709890,4805
720511809792,4798
720511909694,4797
720512009596,4801
720512109498,4797
720512209400,4832
720512309302,4797
720512409204,4791
720512509106,4838
720512609008,4791
720512708911,4794
720512808813,4793
720512908715,4794
720513008617,4879
720513108519,4794
720513208421,4827
720513308323,4802
720513408225,4793
720513508127,4862
720513608029,4790
720513707931,4795
720513807833,4794
720513907735,4793
720514007637,4877
720514107539,4802
720514207441,4795
720514307371,4796
720514407273,4800
720514507175,4792
720514607077,4788
720514706979,4794
720514806881,4793
720514906783,4801
720515006685,4794
720515106587,4796
720515206489,4794
720515306391,4795
720515406293,4793
720515506195,4789
720515606097,4790
720515705999,4803
720515805901,4794
720515905803,4793
720516005705,4793
720516105608,4932
720516205510,4796
720516305412,4795
720516405314,4794
720516505216,4809
720516605118,4794
720516705020,4830
720516804922,4796
720516904824,4798
720517004726,4800
720517104628,4796
720517204530,4798
720517304432,4809
720517404334,4797
720517504236,4800
720517604138,4796
720517704040,4793
720517803942,4801
720517903844,4800
720518003746,4798
720518103648,4798
720518203550,4814
720518303452,4799
720518403354,4801
720518503256,4799
720518603158,4795
720518703060,4836
720518802962,4800
720518902864,4812
720519002766,4798
720519102668,4799
720519202570,4812
720519302472,4802
720519402374,4798
720519502276,4804
720519602178,4795
720519702080,4858
720519801982,4804
720519901884,4798
720520001786,4800
720520101688,4798
720520201590,4812
720520301492,4802
720520401394,4804
720520501296,4812
720520601198,4799
720520701100,4874
720520801004,4794
720520900906,4799
720521000808,4798
720521100710,4803
720521200612,4849
720521300514,4811
720521400416,4801
720521500318,4800
720521600220,4801
720521700122,4846
720521800024,4797
720521899926,4799
720521999828,4798
720522099730,4811
720522199632,4812
720522299534,4798
720522399436,4796
720522499338,4799
720522599240,4798
720522699142,4832
720522799044,4795
720522898946,4809
720522998848,4796
720523098750,4798
720523198652,4796
720523298554,4804
720523398456,4795
720523498358,4795
720523598260,4802
720523698162,4805
720523798064,4792
720523897966,4795
720523997868,4798
720524097770,4795
720524197672,4795
720524297574,4798
720524397476,4800
720524497378,4809
720524597280,4796
720524697182,4871
720524797084,4794
720524896986,4796
720524996888,4798
720525096790,4797
720525196692,4796
720525296594,4809
720525396496,4796
720525496398,4796
720525596300,4797
720525696202,4793
720525796104,4792
720525896006,4793
720525995908,4793
720526095811,4957
720526195713,4792
720526295615,4793
720526395517,4793
720526495419,4794
720526595321,4793
720526695223,4847
720526795125,4791
720526895027,4799
720526994929,4794
720527094831,4794
720527194733,4796
720527294635,4794
720527394537,4794
720527494439,4794
720527594341,4792
720527694243,4803
720527794145,4791
720527894047,4791
720527993949,4796
720528093851,4796
720528193753,4798
720528293655,4797
720528393557,4798
720528493459,4807
720528593361,4798
720528693263,4846
720528793165,4795
720528893067,4828
720528992969,4796
720529092871,4798
720529192773,4798
720529292675,4805
720529392577,4797
720529492479,4795
720529592381,4797
720529692283,4797
720529792185,4794
720529892087,4793
720529991989,4797
720530091891,4805
720530191793,4797
720530291695,4798
720530391597,4798
720530491499,4798
720530591401,4798
720530691303,4872
720530791205,4799
720530891107,4801
720530991009,4795
720531090911,4797
720531190813,4797
720531290715,4796
720531390617,4798
720531490519,4800
720531590421,4799
720531690323,4806
720531790225,4798
720531890127,4794
720531990029,4793
720532089931,4797
720532189833,4797
720532289735,4795
720532389637,4795
720532489539,4805
720532589441,4798
720532689343,4833
720532789245,4796
720532889147,4792
720532989049,4793
720533088951,4795
720533188853,4795
720533288755,4802
720533388657,4794
720533488559,4793
720533588461,4794
720533688363,4792
720533788265,4795
720533888167,4791
720533988069,4791
720534087971,4803
720534187873,4794
720534287775,4793
720534387677,4795
720534487579,4795
720534587481,4793
720534687383,4829
720534787285,4795
720534887187,4800
720534987089,4790
720535086991,4976
720535186893,4795
720535286795,4793
720535386697,4794
720535486599,4795
720535586501,4796
720535686403,4801
720535786305,4794
720535886207,4789
720535986109,4790
720536086012,4901
720536185914,4796
720536285816,4832
720536385718,4797
720536485620,4808
720536585522,4797
720536685424,4832
720536785326,4797
720536885228,4796
720536985130,4794
720537085049,4792
720537184951,4798
720537284853,4809
720537384755,4798
720537484657,4799
720537584559,4798
720537684461,4796
720537784363,4796
720537884265,4797
720537984167,4795
720538084069,4804
720538183971,4800
720538283873,4798
720538383775,4801
720538483677,4799
720538583579,4800
720538683481,4801
720538783383,4802
720538883285,4812
720538983187,4804
720539083089,4798
720539182991,4839
720539282893,4804
720539382795,4801
720539482697,4798
720539582599,4799
720539682501,4813
720539782403,4801
720539882305,4801
720539982207,4799
720540082109,4798
720540182011,4797
720540281913,4799
720540381815,4800
720540481717,4814
720540581619,4799
720540681521,4801
720540781423,4799
720540881325,4798
720540981227,4800
720541081129,4798
720541181031,4793
720541280933,4812
720541380835,4799
720541480737,4802
720541580639,4799
720541680541,4800
720541780443,4800
720541880345,4802
720541980247,4801
720542080149,4810
720542180051,5002
720542279953,4993
720542379855,4957
720542479757,4991
720542579659,4992
720542679561,4994
720542779463,4835
720542879365,4813
720542979267,4806
720543079169,4792
720543179072,4796
720543278974,4799
720543378876,4798
720543478778,4798
720543578680,4799
720543678582,4810
720543778484,4833
720543878386,4796
720543978288,4798
720544078190,4793
720544178092,4794
720544277994,4797
720544377896,4794
720544477798,4809
720544577700,4796
720544677602,4794
720544777504,4834
720544877406,4794
720544977308,4797
720545077210,4800
720545177112,4792
720545277014,4806
720545376916,4797
720545476818,4795
720545576720,4796
720545676622,4797
720545776524,4833
720545876426,4795
720545976328,4796
720546076231,4969
720546176133,4790
720546276035,4790
720546375937,4792
720546475839,4795
720546575741,4794
720546675643,4792
720546775545,4814
720546875447,4986
720546975349,4795
720547075251,4794
720547175153,4792
720547275055,4792
720547374957,4794
720547474859,4793
720547574761,4794
720547674663,4803
720547774565,4804
720547874467,4795
720547974369,4796
720548074271,4797
720548174173,4792
720548274075,4791
720548373977,4796
720548473879,4805
720548573781,4798
720548673683,4797
720548773585,4798
720548873487,4909
720548973389,4798
720549073291,4798
720549173193,4793
720549273095,4803
720549372997,4797
720549472899,4798
720549572801,4797
720549672703,4800
720549772605,4798
720549872507,4798
720549972409,4796
720550072311,4804
720550172213,4798
720550272115,4795
720550372017,4794
720550471919,4798
720550571821,4798
720550671723,4800
720550771625,4799
720550871527,4805
720550971429,4798
720551071331,4800
720551171233,4798
720551271135,4795
720551371037,4809
720551470939,4797
720551570841,4796
720551670743,4806
720551770645,4798
720551870547,4798
720551970449,4797
720552070351,4803
720552170253,4798
720552270155,4795
720552370057,4864
720552469959,4806
720552569861,4797
720552669763,4798
720552769665,4833
720552869567,4798
720552969469,4800
720553069371,4803
720553169273,4800
720553269175,4799
720553369077,4864
720553468980,4795
720553568882,4794
720553668784,4794
720553768686,4830
720553868588,4793
720553968490,4795
720554068392,4805
720554168294,4793
720554268196,4791
720554368098,4864
720554468004,4790
720554567906,4795
720554667808,4804
720554767710,4792
720554867612,4800
720554967514,4795
720555067416,4798
720555167318,4795
720555267220,4794
720555367122,4864
720555467024,4792
720555566926,4794
720555666828,4803
720555766730,4795
720555866632,4795
720555966534,4795
720556066436,4798
720556166338,4979
720556266240,4795
720556366142,4847
720556466044,4806
720556565946,4796
720556665848,4805
720556765750,4801
720556865652,4798
720556965554,4796
720557065456,4794
720557165358,4797
720557265260,4808
720557365162,4792
720557465064,4796
720557564966,4799
720557664868,4795
720557764770,4795
720557864672,4795
720557964574,4796
720558064476,4809
720558164378,4796
720558264280,4798
720558364182,4791
720558464084,4795
720558563986,4800
720558663888,4846
720558763790,4800
720558863692,4811
720558963594,4800
720559063496,4798
720559163398,4799
720559263300,4801
720559363202,4804
720559463104,4796
720559563006,4798
720559662908,4811
720559762828,4804
720559862730,4800
720559962632,4799
720560062534,4801
720560162436,4799
720560262338,4799
720560362240,4802
720560462142,4812
720560562044,4796
720560661946,4870
720560761848,4836
720560861750,4799
720560961652,4802
720561061554,4798
720561161456,4798
720561261358,4813
720561361260,4798
720561461162,4797
720561561064,4833
720561660966,4798
720561760868,4799
720561860770,4799
720561960672,4801
720562060574,4814
720562160476,4795
720562260378,4801
720562360280,4804
720562460182,4798
720562560084,4799
720562659986,4838
720562759888,4799
720562859790,4813
720562959692,4834
720563059594,4801
720563159496,4800
720563259398,4803
720563359300,4800
720563459202,4793
720563559104,4791
720563659006,4806
720563758908,4798
720563858810,4795
720563958712,4834
720564058614,4797
720564158516,4797
720564258418,4826
720564358320,4794
720564458222,4808
720564558124,4793
720564658026,4866
720564757928,4795
720564857830,4796
720564957732,4833
720565057634,4795
720565157536,4795
720565257438,4808
720565357340,4795
720565457242,4796
720565557144,4792
720565657046,4791
720565756948,4796
720565856850,4795
720565956752,4834
720566056654,4808
720566156556,4948
720566256458,4793
720566356360,4794
720566456262,4863
720566556164,4793
720566656066,4863
720566755968,4795
720566855870,4802
720566955772,4830
720567055674,4794
720567155576,4793
720567255478,4794
720567355380,4796
720567455282,4873
720567555184,4792
720567655086,4798
720567754988,4794
720567854890,4793
720567954792,4795
720568054694,4794
720568154596,4794
720568254498,4793
720568354400,4793
720568454302,4887
720568554204,4791
720568654106,4826
720568754008,4790
720568853910,4797
720568953812,4808
720569053714,4798
720569153616,4796
720569253518,4795
720569353420,4797
720569453322,4893
720569553224,4797
720569653126,4794
720569753028,4794
720569852930,4797
720569952832,4810
720570052734,4806
720570152636,4796
720570252538,4796
720570352440,4796
720570452342,4892
720570552244,4798
720570652146,4871
720570752048,4796
720570851950,4843
720570951852,4811
720571051754,4798
720571151656,4796
720571251558,4797
720571351460,4797
720571451362,4823
720571551264,4800
720571651166,4806
720571751068,4795
720571850970,4799
720571950872,4808
720572050774,4797
720572150676,4797
720572250578,4798
720572350480,4798
720572450382,4827
720572550284,4798
720572650186,4835
720572750088,4793
720572849990,4797
720572949892,4809
720573049794,4798
720573149696,4798
720573249598,4808
720573349500,4797
720573449402,4810
720573549304,4799
720573649206,4790
720573749108,4791
720573849010,4793
720573948912,4793
720574048814,4803
720574148716,4794
720574248618,4797
720574348520,4794
720574448422,4793
720574548324,4794
720574648226,4808
720574748128,4793
720574848030,4800
720574947932,4793
720575047834,4795
720575147736,4793
720575247638,4799
720575347540,4794
720575447442,4795
720575547344,4795
720575647246,4803
720575747148,4792
720575847050,4790
720575946952,4795
720576046854,4795
720576146757,4997
720576246659,4761
720576346561,4797
720576446463,4806
720576546365,4795
720576646267,4804
720576746169,4794
720576846071,4792
720576945973,4796
720577045875,4796
720577145777,4796
720577245679,4812
720577345581,4795
720577445483,4799
720577545385,4797
720577645287,4796
720577745189,4792
720577845091,4793
720577944993,4793
720578044895,4809
720578144797,4795
720578244699,4800
720578344601,4796
720578444503,4797
720578544405,4797
720578644307,4794
720578744209,4799
720578844111,4809
720578944013,4795
720579043915,4800
720579143817,4801
720579243719,4802
720579343621,4799
720579443523,4799
720579543425,4799
720579643327,4814
720579743229,4800
720579843131,4797
720579943033,4796
720580042935,4799
720580142837,4801
720580242739,4800
720580342641,4799
720580442543,4812
720580542445,4801
720580642347,4800
720580742249,4803
720580842151,4796
720580942053,4796
720581041955,4801
720581141857,4798
720581241759,4813
720581341661,4801
720581441563,4800
720581541465,4799
720581641367,4801
720581741269,4801
720581841171,4795
720581941073,4795
720582040975,4813
720582140877,4800
720582240779,4799
720582340681,4802
720582440583,4800
720582540502,4804
720582640404,4800
720582740306,4801
720582840208,4813
720582940110,4796
720583040012,4795
720583139914,4800
720583239816,4798
720583339718,4799
720583439620,4801
720583539522,4801
720583639424,4813
720583739326,4801
720583839228,4799
720583939130,4793
720584039032,4793
720584138934,4792
720584238836,4797
720584338738,4796
720584438640,4845
720584538542,4798
720584638444,4798
720584738346,4799
720584838248,4797
720584938150,4792
720585038052,4795
720585137954,4797
720585237856,4809
720585337758,4799
720585437660,4804
720585537562,4796
720585637464,4798
720585737366,4795
720585837268,4796
720585937170,4791
720586037072,4806
720586136975,4963
720586236877,4792
720586336779,4791
720586436681,4793
720586536583,4828
720586636485,4794
720586736387,4794
720586836289,4802
720586936191,4790
720587036093,4791
720587135995,4794
720587235897,4795
720587335799,4795
720587435701,4794
720587535603,4794
720587635505,4802
720587735407,4793
720587835309,4793
720587935211,4794
720588035113,4793
720588135015,4826
720588234917,4795
720588334819,4794
720588434721,4802
720588534623,4794
720588634525,4793
720588734427,4795
720588834329,4792
720588934231,4794
720589034133,4791
720589134035,4791
720589233937,4805
720589333839,4795
720589433741,4799
720589533643,4798
720589633545,4795
720589733447,4797
720589833349,4798
720589933251,4796
720590033153,4803
720590133055,4806
720590232957,4806
720590332859,4804
720590432761,4803
720590532663,4797
720590632565,4795
720590732467,4798
720590832369,4806
720590932271,4801
720591032173,4794
720591132075,4795
720591231977,4799
720591331879,4799
720591431781,4797
720591531683,4798
720591631585,4806
720591731487,4798
720591831389,4806
720591931291,4799
720592031193,4795
720592131095,4794
720592230997,4798
720592330899,4798
720592430801,4808
720592530703,4796
720592630605,4801
720592730507,4798
720592830409,4797
720592930311,4797
720593030213,4797
720593130115,4793
720593230017,4801
720593329919,4796
720593429821,4797
720593529723,4797
720593629625,4835
720593729527,4799
720593829429,4797
720593929331,4797
720594029233,4806
720594129135,4789
720594229037,4790
720594328939,4794
720594428841,4793
720594528743,4794
720594628645,4828
720594728547,4794
720594828449,4801
720594928351,4795
720595028253,4794
720595128155,4791
720595228057,4792
720595327959,4793
720595427861,4796
720595527763,4799
720595627665,4836
720595727567,4794
720595827469,4794
720595927371,4792
720596027273,4794
720596127176,4869
720596227078,4796
720596326980,4796
720596426882,4809
720596526784,4800
720596626686,4829
720596726588,4797
720596826490,4795
720596926392,4796
720597026294,4794
720597126196,4800
720597226098,4806
720597326003,4795
720597425905,4796
720597525807,4804
720597625709,4832
720597725611,4796
720597825513,4796
720597925415,4795
720598025317,4808
720598125219,4801
720598225121,4793
720598325023,4792
720598424925,4795
720598524827,4799
720598624729,4817
720598724631,4796
720598824533,4809
720598924435,4794
720599024337,4796
720599124239,4799
720599224141,4797
720599324043,4766
720599423945,4801
720599523847,4805
720599623749,4812
720599723651,4801
720599823553,4799
720599923455,4800
720600023357,4798
720600123259,4805
720600223161,4797
720600323063,4833
720600422965,4812
720600522867,4800
720600622769,4799
720600722671,4805
720600822573,4799
720600922475,4798
720601022377,4818
720601122279,4805
720601222181,4808
720601322083,4797
720601421985,4800
720601521887,4798
720601621789,4800
720601721691,4796
720601821593,4800
720601921495,4795
720602021397,4819
720602121299,4801
720602221201,5002
720602321103,4996
720602421005,4989
720602520907,4990
720602620809,4993
720602720711,4803
720602820613,4810
720602920515,4798
720603020417,4798
720603120319,4801
720603220222,4800
720603320124,4795
720603420026,4796
720603519928,4800
720603619830,4813
720603719732,4801
720603819634,4803
720603919536,4796
720604019438,4803
720604119340,4798
720604219242,4801
720604319144,4796
720604419046,4807
720604518948,4797
720604618850,4796
720604718752,4799
720604818654,4797
720604918556,4802
720605018458,4797
720605118360,4799
720605218280,4810
720605318182,4794
720605418084,4793
720605517986,4797
720605617888,4799
720605717790,4794
720605817692,4797
720605917594,4799
720606017496,4810
720606117399,4975
720606217301,4796
720606317203,4790
720606417105,4791
720606517007,4791
720606616909,4793
720606716811,4794
720606816713,4802
720606916615,4794
720607016517,4794
720607116419,4794
720607216321,4793
720607316223,4794
720607416125,4790
720607516027,4790
720607615929,4802
720607715831,4794
720607815733,4794
720607915635,4795
720608015537,4793
720608115439,4794
720608215341,4794
720608315243,4795
720608415145,4799
720608515047,4792
720608614949,4795
720608714851,4799
720608814753,4795
720608914655,4794
720609014557,4794
720609114459,4793
720609214361,4804
720609314263,4795
720609414165,4790
720609514067,4792
720609613969,4798
720609713871,4796
720609813773,4795
720609913675,4798
720610013577,4807
720610113479,4797
720610213381,4797
720610313283,4798
720610413185,4794
720610513087,4795
720610612989,4795
720610712891,4799
720610812793,4806
720610912695,4795
720611012597,4798
720611112499,4798
720611212401,4797
720611312303,4799
720611412205,4794
720611512107,4793
720611612009,4802
720611711911,4800
720611811813,4798
720611911715,4797
720612011617,4797
720612111519,4797
720612211421,4798
720612311323,4834
720612411225,4806
720612511127,4794
720612611029,4794
720612710931,4797
720612810833,4801
720612910735,4797
720613010637,4798
720613110539,4797
720613210441,4806
720613310343,4809
720613410245,4797
720613510147,4795
720613610049,4794
720613709951,4797
720613809853,4797
720613909755,4797
720614009657,4806
720614109559,4798
720614209461,4797
720614309363,4796
720614409265,4797
720614509167,4828
720614609069,4791
720614708972,4796
720614808874,4801
720614908776,4793
720615008678,4863
720615108580,4794
720615208482,4793
720615308384,4794
720615408286,4793
720615508188,4864
720615608090,4799
720615707992,4793
720615807894,4796
720615907796,4793
720616007698,4864
720616107601,4959
720616207503,4797
720616307405,4798
720616407307,4807
720616507209,4797
720616607111,4794
720616707013,4796
720616806915,4795
720616906817,4798
720617006719,4795
720617106621,4796
720617206523,4808
720617306425,4795
720617406327,4798
720617506229,4796
720617606131,4792
720617706033,4797
720617805935,4792
720617905837,4796
720618005739,4808
720618105641,4797
720618205543,4797
720618305445,4798
720618405347,4794
720618505249,4798
720618605151,4792
720618705053,4795
720618804955,4810
720618904857,4796
720619004759,4796
720619104661,4797
720619204563,4798
720619304465,4795
720619404367,4798
720619504269,4796
720619604171,4806
720619704073,4794
720619803975,4801
720619903877,4800
720620003779,4801
720620103681,4800
720620203583,4813
720620303485,4800
720620403387,4798
720620503289,4802
720620603191,4795
720620703093,4816
720620802995,4799
720620902897,4800
720621002799,4800
720621102701,4799
720621202603,4825
720621302505,4799
720621402407,4800
720621502309,4802
720621602211,4800
720621702113,4807
720621802015,4796
720621901917,4799
720622001819,4813
720622101721,4800
720622201623,4813
720622301525,4802
720622401427,4801
720622501329,4802
720622601231,4799
720622701133,4860
720622801035,4808
720622900937,4798
720623000839,4798
720623100741,4800
720623200643,4814
720623300545,4802
720623400447,4799
720623500349,4802
720623600251,4810
720623700153,4811
720623800055,4796
720623899957,4799
720623999859,4801
720624099761,4800
720624199663,4821
720624299565,4800
720624399467,4811
720624499369,4798
720624599271,4796
720624699173,4862
720624799075,4797
720624898977,4796
720624998879,4803
720625098781,4794
720625198683,4811
720625298585,4797
720625398487,4798
720625498389,4798
720625598291,4796
720625698193,4793
720625798095,4795
720625897997,4799
720625997899,4809
720626097802,4871
720626197704,4793
720626297606,4793
720626397508,4794
720626497410,4794
720626597312,4794
720626697214,4867
720626797116,4800
720626897018,4789
720626996920,4793
720627096822,4793
720627196724,4795
720627296626,4794
720627396528,4795
720627496430,4794
720627596332,4803
720627696234,4793
720627796136,4792
720627896038,4789
720627995957,4796
720628095859,4793
720628195761,4794
720628295663,4794
720628395565,4804
720628495467,4794
720628595369,4792
720628695271,4848
720628795173,4791
720628895075,4790
720628994977,4793
720629094879,4791
720629194781,4802
720629294683,4793
720629394585,4794
720629494487,4794
720629594389,4796
720629694291,4795
720629794193,4792
720629894095,4791
720629993997,4806
720630093899,4797
720630193801,4795
720630293703,4797
720630393605,4798
720630493507,4798
720630593409,4797
720630693311,4849
720630793213,4805
720630893115,4795
720630993017,4793
720631092919,4796
720631192821,4796
720631292723,4797
720631392625,4798
720631492527,4798
720631592429,4806
720631692331,4797
720631792233,4798
720631892135,4793
720631992037,4794
720632091939,4796
720632191841,4798
720632291743,4798
720632391645,4806
720632491547,4797
720632591449,4798
720632691351,4872
720632791253,4798
720632891155,4794
720632991057,4794
720633090959,4798
720633190861,4805
720633290763,4797
720633390665,4801
720633490567,4796
720633590469,4796
720633690371,4796
720633790273,4800
720633890175,4793
720633990077,4802
720634089979,4796
720634189881,4797
720634289783,4796
720634389685,4795
720634489587,4797
720634589489,4797
720634689391,4852
720634789293,4804
720634889195,4791
720634989097,4791
720635089013,4885
720635188915,4794
720635288817,4792
720635388719,4793
720635488621,4794
720635588523,4802
720635688425,4794
720635788327,4794
720635888229,4793
720635988131,4790
720636088034,4971
720636187936,4798
720636287838,4796
720636387740,4809
720636487642,4794
720636587544,4793
720636687446,4854
720636787348,4795
720636887250,4797
720636987152,4794
720637087054,4793
720637186956,4808
720637286858,4793
720637386760,4794
720637486662,4795
720637586564,4802
720637686466,4797
720637786368,4796
720637886270,4803
720637986172,4806
720638086074,4794
720638185976,4794
720638285878,4795
720638385780,4795
720638485682,4795
720638585584,4797
720638685486,4838
720638785388,4808
720638885290,4797
720638985192,4794
720639085094,4794
720639184996,4794
720639284898,4795
720639384800,4797
720639484702,4800
720639584604,4811
720639684506,4797
720639784408,4796
720639884310,4800
720639984212,4796
720640084114,4792
720640184016,4793
720640283918,4799
720640383820,4812
720640483722,4802
720640583624,4800
720640683526,4801
720640783428,4799
720640883330,4800
720640983232,4801
720641083134,4798
720641183036,4810
720641282938,4803
720641382840,4803
720641482742,4806
720641582644,4807
720641682546,4799
720641782448,4798
720641882350,4800
720641982252,4818
720642082154,4798
720642182056,4795
720642281958,4799
720642381860,4799
720642481762,4801
720642581664,4799
720642681566,4768
720642781468,4813
720642881370,4799
720642981272,4800
720643081174,4797
720643181076,4796
720643280978,4801
720643380880,4799
720643480782,4799
720643580684,4813
720643680586,4800
720643780488,4799
720643880390,4799
720643980292,4801
720644080194,4795
720644180096,4797
720644279998,4797
720644379900,4812
720644479802,4797
720644579704,4801
720644679606,4806
720644779508,4835
720644879410,4802
720644979312,4800
720645079214,4844
720645179116,4809
720645279018,4792
720645378920,4799
720645478822,4797
720645578724,4796
720645678626,4798
720645778528,4840
720645878430,4796
720645978332,4810
720646078235,4964
720646178137,4789
720646278039,4791
720646377941,4792
720646477843,4830
720646577745,4795
720646677647,4793
720646777549,4840
720646877451,4794
720646977353,4793
720647077255,4797
720647177157,4791
720647277059,4792
720647376961,4794
720647476863,4793
720647576765,4802
720647676667,4795
720647776569,4801
720647876471,4795
720647976373,4794
720648076275,4798
720648176177,4791
720648276079,4789
720648375981,4801
720648475883,4795
720648575785,4793
720648675687,4795
720648775589,4794
720648875491,4795
720648975393,4794
720649075295,4793
720649175197,4799
720649275099,4790
720649375004,4789
720649474906,4796
720649574808,4794
720649674710,4794
720649774612,4827
720649874514,4795
720649974416,4801
720650074318,4794
720650174220,4794
720650274122,4791
720650374024,4792
720650473926,4798
720650573828,4796
720650673746,4801
720650773648,4841
720650873550,4797
720650973452,4798
720651073354,4797
720651173256,4797
720651273158,4795
720651373060,4795
720651472962,4798
720651572864,4806
720651672766,4797
720651772668,4833
720651872570,4802
720651972472,4798
720652072374,4798
720652172276,4802
720652272178,4794
720652372080,4804
720652471982,4798
720652571884,4798
720652671786,4799
720652771688,4833
720652871590,4798
720652971492,4798
720653071394,4795
720653171296,4806
720653271198,4795
720653371100,4807
720653471004,4795
720653570906,4798
720653670808,4797
720653770710,4798
720653870612,4798
720653970514,4807
720654070416,4801
720654170318,4796
720654270220,4799
720654370122,4863
720654470024,4794
720654569926,4799
720654669828,4798
720654769730,4804
720654869632,4795
720654969534,4797
720655069436,4800
720655169338,4800
720655269240,4796
720655369142,4870
720655469044,4792
720655568946,4802
720655668848,4793
720655768750,4794
720655868652,4797
720655968554,4794
720656068456,4838
720656168358,4953
720656268260,4798
720656368162,4882
720656468064,4791
720656567966,4796
720656667868,4803
720656767770,4797
720656867672,4796
720656967574,4795
720657067476,4802
720657167378,4808
720657267280,4799
720657367182,4871
720657467084,4795
720657566986,4798
720657666888,4795
720657766790,4795
720657866692,4799
720657966594,4810
720658066496,4804
720658166398,4797
720658266300,4797
720658366202,4856
720658466104,4797
720658566007,4793
720658665909,4805
720658765811,4809
720658865713,4797
720658965615,4797
720659065517,4795
720659165419,4797
720659265321,4797
720659365223,4800
720659465125,4794
720659565027,4805
720659664929,4796
720659764831,4795
720659864733,4797
720659964635,4798
720660064537,4798
720660164439,4795
720660264341,4797
720660364243,4812
720660464145,4792
720660564047,4794
720660663949,4846
720660763851,4800
720660863753,4798
720660963655,4802
720661063557,4800
720661163459,4813
720661263361,4797
720661363263,4801
720661463165,4797
720661563067,4797
720661662969,4801
720661762871,4798
720661862773,4808
720661962675,4813
720662062577,4801
720662162479,4999
720662262381,4993
720662362283,4993
720662462186,4799
720662562088,4798
720662661990,4877
720662761892,4815
720662861794,4799
720662961696,4800
720663061598,4799
720663161500,4798
720663261403,4800
720663361305,4800
720663461207,4800
720663561109,4810
720663661011,4798
720663760913,4801
720663860815,4799
720663960717,4798
720664060619,4801
720664160521,4802
720664260423,4800
720664360325,4811
720664460227,4804
720664560129,4796
720664660031,4831
720664759933,4799
720664859835,4798
720664959737,4838
720665059639,4799
720665159541,4817
720665259443,4801
720665359345,4799
720665459247,4803
720665559149,4795
720665659051,4793
720665758953,4797
720665858855,4799
720665958757,4846
720666058659,4796
720666158562,4961
720666258464,4794
720666358366,4794
720666458268,4792
720666558170,4791
720666658072,4863
720666757974,4802
720666857876,4792
720666957778,4829
720667057680,4794
720667157582,4795
720667257484,4793
720667357386,4795
720667457288,4796
720667557190,4799
720667657092,4791
720667756994,4793
720667856896,4795
720667956798,4829
720668056700,4795
720668156602,4794
720668256504,4795
720668356406,4802
720668456308,4863
720668556210,4794
720668656112,4848
720668756014,4792
720668855916,4794
720668955818,4829
720669055720,4793
720669155622,4803
720669255524,4794
720669355426,4793
720669455328,4870
720669555230,4794
720669655132,4791
720669755034,4791
720669854936,4794
720669954838,4843
720670054740,4794
720670154642,4794
720670254544,4795
720670354446,4793
720670454348,4877
720670554250,4796
720670654152,4828
720670754054,4800
720670853956,4797
720670953858,4809
720671053760,4796
720671153662,4797
720671253564,4797
720671353466,4797
720671453368,4893
720671553270,4803
720671653172,4794
720671753074,4796
720671852976,4798
720671952878,4811
720672052780,4795
720672152682,4838
720672252584,4800
720672352486,4806
720672452388,4893
720672552290,4798
720672652192,4878
720672752094,4794
720672851996,4797
720672951898,4807
720673051800,4795
720673151702,4806
720673251604,4796
720673351506,4796
720673451427,4825
720673551329,4797
720673651231,4797
720673751133,4795
720673851035,4793
720673950937,4818
720674050839,4798
720674150741,4797
720674250643,4796
720674350545,4797
720674450447,4817
720674550349,4799
720674650251,4834
720674750153,4802
720674850055,4794
720674949957,4810
720675049859,4840
720675149761,4908
720675249663,4795
720675349565,4796
720675449467,4811
720675549369,4804
720675649271,4801
720675749173,4790
720675849075,4792
720675948977,4792
720676048879,4794
720676148782,4939
720676248684,4800
720676348586,4809
720676448488,4796
720676548390,4797
720676648292,4795
720676748194,4792
720676848096,4793
720676947998,4796
720677047900,4798
720677147802,4809
720677247704,4803
720677347606,4796
720677447508,4798
720677547410,4795
720677647312,4796
720677747214,4797
720677847116,4794
720677947018,4806
720678046920,4796
720678146822,4799
720678246724,4801
720678346626,4797
720678446528,4800
720678546430,4797
720678646332,4799
720678746234,4812
720678846136,4793
720678946038,4793
720679045940,4798
720679145842,4798
720679245744,4803
720679345646,4795
720679445548,4797
720679545450,4809
720679645352,4797
720679745254,4797
720679845156,4794
720679945058,4792
720680044960,4795
720680144862,4797
720680244764,4801
720680344666,4809
720680444568,4805
720680544470,4797
720680644372,4796
720680744274,4800
720680844176,4796
720680944078,4792
720681043980,4800
720681143882,4810
720681243784,4798
720681343686,4799
720681443588,4799
720681543490,4798
720681643392,4801
720681743294,4799
720681843196,4794
720681943098,4808
720682043003,4797
720682142905,4800
720682242807,4800
720682342709,4800
720682442611,4800
720682542513,4800
720682642415,4801
720682742317,4815
720682842219,4803
720682942121,4796
720683042023,4797
720683141925,4799
720683241827,4798
720683341729,4800
720683441631,4800
720683541533,4812
720683641435,4799
720683741337,4802
720683841239,4799
720683941141,4797
720684041043,4796
720684140945,4831
720684240847,4799
720684340749,4813
720684440651,4800
720684540553,4800
720684640455,4811
720684740357,4805
720684840259,4799
720684940161,4795
720685040063,4795
720685139965,4812
720685239867,4800
720685339769,4799
720685439671,4796
720685539573,4803
720685639475,4801
720685739377,4799
720685839279,4800
720685939181,4805
720686039083,4794
720686138986,4873
720686238888,4792
720686338790,4793
720686438692,4793
720686538594,4794
720686638496,4795
720686738398,4803
720686838300,4793
720686938202,4789
720687038104,4790
720687138006,4791
720687237908,4793
720687337810,4793
720687437712,4794
720687537614,4802
720687637516,4793
720687737418,4794
720687837320,4794
720687937222,4792
720688037124,4791
720688137026,4790
720688236928,4794
720688336830,4801
720688436732,4793
720688536634,4795
720688636536,4794
720688736438,4793
720688836340,4793
720688936242,4795
720689036144,4791
720689136046,4798
720689235948,4793
720689335850,4794
720689435752,4793
720689535654,4791
720689635556,4795
720689735458,4795
720689835360,4793
720689935262,4800
720690035164,4789
720690135066,4791
720690234968,4794
720690334870,4792
720690434772,4795
720690534674,4793
720690634576,4839
720690734478,4802
720690834380,4795
720690934282,4795
720691034184,4792
720691134086,4791
720691233988,4796
720691333890,4797
720691433792,4796
720691533694,4804
720691633596,4796
720691733498,4797
720691833400,4796
720691933302,4797
720692033204,4794
720692133106,4794
720692233008,4794
720692332910,4806
720692432812,4808
720692532714,4807
720692632616,4808
720692732518,4804
720692832420,4798
720692932322,4799
720693032224,4798
720693132126,4802
720693232028,4794
720693331930,4795
720693431832,4797
720693531734,4796
720693631636,4796
720693731538,4797
720693831440,4797
720693931342,4804
720694031244,4799
720694131146,4793
720694231048,4795
720694330950,4797
720694430852,4797
720694530754,4798
720694630656,4796
720694730558,4806
720694830460,4796
720694930362,4798
720695030264,4797
720695130166,4799
720695230068,4794
720695329970,4795
720695429872,4797
720695529774,4806
720695629676,4795
720695729578,4798
720695829480,4797
720695929382,4797
720696029284,5115
720696129187,4954
720696229106,4796
720696329008,4807
720696428910,4792
720696528812,4800
720696628714,4832
720696728616,4797
720696828518,4797
720696928420,4795
720697028322,4795
720697128224,4809
720697228126,4791
720697328028,4790
720697427930,4795
720697527832,4800
720697627734,4830
720697727636,4797
720697827538,4795
720697927440,4810
720698027342,4794
720698127244,4799
720698227146,4792
720698327048,4795
720698426950,4988
720698526852,4989
720698626754,4988
720698726656,4812
720698826558,4796
720698926460,4796
720699026362,4796
720699126264,4799
720699226166,4793
720699326068,4794
720699425970,4794
720699525872,4812
720699625774,4797
720699725676,4797
720699825578,4797
720699925480,4797
720700025382,4833
720700125284,4801
720700225186,4793
720700325088,4805
720700424990,4797
720700524892,4799
720700624794,4797
720700724696,4800
720700824598,4797
720700924500,4795
720701024402,4796
720701124304,4813
720701224206,4791
720701324108,4793
720701424010,4798
720701523912,4802
720701623814,4795
720701723716,4800
720701823618,4799
720701923520,4811
720702023422,4802
720702123324,4802
720702223226,4800
720702323128,4795
720702423030,4797
720702522932,4801
720702622834,4799
720702722736,4817
720702822638,4800
720702922540,4800
720703022442,4834
720703122344,4800
720703222246,4801
720703322148,4797
720703422050,4798
720703521952,4810
720703621854,4798
720703721756,4800
720703821658,4800
720703921560,4807
720704021462,4834
720704121364,4801
720704221266,4835
720704321168,4809
720704421070,4796
720704520972,4798
720704620874,4798
720704720776,4766
720704820678,4798
720704920580,4798
720705020482,4836
720705120384,4811
720705220286,4836
720705320188,4797
720705420090,4797
720705519992,4801
720705619894,4799
720705719796,4799
720705819698,4800
720705919600,4812
720706019502,4798
720706119405,4942
720706219307,4831
720706319209,4789
720706419111,4790
720706519013,4789
720706618915,4795
720706718817,4801
720706818719,4793
720706918621,4793
720707018523,4794
720707118425,4793
720707218327,4794
720707318229,4793
720707418131,4791
720707518033,4798
720707617935,4793
720707717837,4795
720707817739,4793
720707917641,4793
720708017543,4794
720708117445,4794
720708217347,4794
720708317249,4839
720708417151,4791
720708517053,4790
720708616955,4794
720708716857,4793
720708816759,4794
720708916661,4794
720709016563,4793
720709116465,4801
720709216367,4792
720709316269,4792
720709416171,4791
720709516073,4790
720709615975,4792
720709715877,4792
720709815779,4794
720709915681,4802
720710015583,4793
720710115485,4794
720710215387,4793
720710315289,4794
720710415191,4791
720710515093,4791
720710614995,4794
720710714897,4801
720710814799,4796
720710914701,4793
720711014603,4795
720711114505,4793
720711214407,4793
720711314309,4794
720711414211,4793
720711514113,4800
720711614015,4790
720711713917,4795
720711813819,4795
720711913721,4797
720712013623,4796
720712113525,4798
720712213427,4797
720712313329,4804
720712413231,4797
720712513133,4794
720712613035,4795
720712712937,4798
720712812839,4797
720712912741,4796
720713012643,4798
720713112545,4805
720713212447,4797
720713312349,4799
720713412251,4799
720713512153,4793
720713612055,4794
720713711957,4798
720713811859,4797
720713911761,4806
720714011663,4797
720714111565,4798
720714211467,4796
720714311369,4796
720714411271,4801
720714511174,4800
720714611076,4794
720714710978,4807
720714810880,4799
720714910782,4798
720715010684,4800
720715110586,4800
720715210488,4799
720715310390,4798
720715410292,4796
720715510194,4805
720715610096,4793
720715709998,4799
720715809900,4798
720715909802,4797
720716009704,4798
720716109607,4866
720716209509,4798
720716309411,4812
720716409313,4801
720716509215,4846
720716609117,4794
720716709019,4797
720716808921,4795
720716908823,4796
720717008725,4867
720717108627,4808
720717208529,4796
720717308431,4794
720717408333,4795
720717508235,4868
720717608137,4793
720717708039,4796
720717807941,4796
720717907843,4806
720718007745,4868
720718107647,4799
720718207549,4796
720718307451,4798
720718407353,4797
720718507255,4809
720718607157,4790
720718707059,4807
720718806961,4797
720718906879,4829
720719006781,4796
720719106683,4799
720719206585,4796
720719306487,4794
720719406389,4794
720719506291,4809
720719606193,4795
720719706095,4791
720719805997,4794
720719905899,4832
720720005801,4795
720720105703,4796
720720205605,4797
720720305507,4807
720720405409,4797
720720505311,4795
720720605213,4796
720720705115,4793
720720805017,4792
720720904919,4795
720721004821,4797
720721104723,4810
720721204625,4794
720721304527,4798
720721404429,4794
720721504331,4798
720721604233,4797
720721704135,4793
720721804037,4793
720721903939,4810
720722003841,4799
720722103743,4802
720722203645,5011
720722303547,4992
720722403449,4811
720722503351,4798
720722603253,4800
720722703155,4820
720722803057,4795
720722902959,4799
720723002861,4799
720723102763,4801
720723202666,4812
720723302568,4798
720723402470,4803
720723502372,4812
720723602274,4801
720723702176,4811
720723802078,4797
720723901980,4800
720724001882,4802
720724101784,4799
720724201686,4812
720724301588,4810
720724401490,4800
720724501392,4802
720724601294,4799
720724701196,4939
720724801098,4795
720724901003,4798
720725000905,4798
720725100807,4815
720725200709,4810
720725300611,4801
720725400513,4800
720725500415,4799
720725600317,4800
720725700219,4818
720725800121,4797
720725900023,4809
720725999925,4801
720726099828,4975
720726199730,4810
720726299632,4796
720726399534,4797
720726499436,4798
720726599338,4798
720726699241,4863
720726799143,4797
720726899045,4791
720726998947,4794
720727098849,4795
720727198751,4796
720727298653,4795
720727398555,4792
720727498457,4803
720727598359,4794
720727698261,4794
720727798163,4791
720727898065,4791
720727997967,4793
720728097869,4796
720728197771,4796
720728297673,4802
720728397575,4794
720728497477,4795
720728597379,4796
720728697281,4868
720728797183,4790
720728897085,4791
720728996987,4794
720729096889,4801
720729196791,4794
720729296693,4793
720729396595,4793
720729496497,4796
720729596399,4794
720729696301,4793
720729796203,4791
720729896105,4798
720729996007,4791
720730095909,4794
720730195811,4795
720730295713,4795
720730395615,4795
720730495517,4793
720730595419,4794
720730695321,4859
720730795223,4794
720730895125,4836
720730995027,4793
720731094929,4795
720731194831,4795
720731294733,4794
720731394635,4796
720731494537,4802
720731594439,4818
720731694341,4793
720731794243,4797
720731894145,4791
720731994047,4792
720732093949,4796
720732193851,4795
720732293753,4805
720732393655,4797
720732493557,4798
720732593459,4796
720732693361,4852
720732793263,4799
720732893165,4794
720732993067,4795
720733092969,4804
720733192871,4796
720733292773,4797
720733392675,4797
720733492577,4797
720733592479,4797
720733692381,4797
720733792283,4797
720733892185,4801
720733992087,4794
720734091989,4797
720734191891,4797
720734291793,4797
720734391695,4796
720734491597,4797
720734591499,4798
720734691401,4876
720734791303,4799
720734891205,4792
720734991107,4793
720735091012,4820
720735190914,4798
720735290816,4796
720735390718,4797
720735490620,4807
720735590522,4796
720735690424,4797
720735790326,4798
720735890228,4798
720735990130,4793
720736090033,4977
720736189935,4797
720736289837,4810
720736389739,4799
720736489641,4800
720736589543,4801
720736689445,4834
720736789347,4800
720736889249,4798
720736989151,4792
720737089053,4806
720737188955,4795
720737288857,4798
720737388759,4798
720737488661,4794
720737588563,4794
720737688465,4796
720737788367,4794
720737888269,4809
720737988171,4794
720738088073,4794
720738187975,4796
720738287877,4795
720738387779,4795
720738487681,4795
720738587583,4794
720738687485,4861
720738787387,4796
720738887289,4796
720738987191,4795
720739087093,4793
720739186995,4794
720739286897,4798
720739386799,4797
720739486701,4808
720739586603,4794
720739686505,4795
720739786407,4795
720739886309,4796
720739986211,4795
720740086113,4790
720740186015,4792
720740285917,4810
720740385819,4796
720740485721,4796
720740585623,4756
720740685525,4832
720740785427,4795
720740885329,4827
720740985231,4795
720741085133,4806
720741185035,4793
720741284937,4796
720741384839,4796
720741484741,4794
720741584643,4795
720741684564,4796
720741784466,4795
720741884368,4808
720741984270,4796
720742084172,4794
720742184074,4794
720742283976,4798
720742383878,4797
720742483780,4796
720742583682,4802
720742683584,4812
720742783486,4820
720742883388,4797
720742983290,4800
720743083192,4795
720743183094,4795
720743282996,4799
720743382898,4800
720743482800,4811
720743582702,4803
720743682604,4805
720743782506,4843
720743882408,4803
720743982310,4797
720744082212,4798
720744182114,4797
720744282016,4808
720744381918,4800
720744481820,4800
720744581722,4799
720744681624,4799
720744781526,4842
720744881428,4802
720744981330,4801
720745081232,4931
720745181134,4795
720745281036,4795
720745380938,4799
720745480840,4798
720745580742,4799
720745680644,4801
720745780546,4836
720745880448,4812
720745980350,4804
720746080253,4867
720746180155,4793
720746280057,4794
720746379959,4795
720746479861,4833
720746579763,4798
720746679665,4807
720746779567,4804
720746879469,4798
720746979371,4799
720747079273,4798
720747179175,4791
720747279077,4790
720747378979,4793
720747478881,4802
720747578783,4795
720747678685,4792
720747778587,4794
720747878489,4793
720747978391,4794
720748078293,4793
720748178195,4789
720748278097,4799
720748377999,4795
720748477901,4791
720748577803,4792
720748677705,4796
720748777607,4795
720748877509,4794
720748977411,4794
720749077313,4800
720749177215,4794
720749277117,4791
720749377019,4791
720749476921,4794
720749576823,4792
720749676725,4793
720749776627,4794
720749876529,4803
720749976431,4794
720750076333,4793
720750176235,4792
720750276137,4790
720750376039,4790
720750475941,4793
720750575843,4792
720750675745,4801
720750775647,4794
720750875549,4795
720750975451,4794
720751075353,4794
720751175255,4794
720751275157,4790
720751375059,4790
720751474961,4800
720751574863,4792
720751674765,4794
720751774667,4830
720751874569,4794
720751974471,4795
720752074373,4794
720752174275,4794
720752274177,4800
720752374079,4792
720752473981,4795
720752573883,4796
720752673785,4797
720752773687,4833
720752873589,4796
720752973491,4795
720753073393,4805
720753173295,4796
720753273197,4793
720753373099,4795
720753473004,4794
720753572906,4797
720753672808,4796
720753772710,4832
720753872612,4807
720753972514,4797
720754072416,4796
720754172318,4799
720754272220,4796
720754372122,4793
720754472024,4828
720754571926,4797
720754671828,4807
720754771730,4796
720754871632,4797
720754971534,4799
720755071436,4797
720755171338,4803
720755271240,4797
720755371142,4793
720755471044,4802
720755570946,4797
720755670848,4798
720755770750,4797
720755870652,4797
720755970554,4799
720756070456,4839
720756170367,4960
720756270269,4812
720756370171,4873
720756470073,4797
720756569975,4801
720756669877,4800
720756769779,4800
720756869681,4802
720756969583,4797
720757069485,4816
720757169387,4835
720757269289,4798
720757369191,4874
720757469093,4792
720757568995,4794
720757668897,4795
720757768799,4795
720757868701,4809
720757968603,4799
720758068505,4801
720758168407,4831
720758268309,4795
720758368211,4873
720758468113,4794
720758568015,4791
720758667917,4817
720758767819,4798
720758867721,4799
720758967623,4798
720759067525,4797
720759167427,4834
720759267329,4796
720759367231,4869
720759467133,4805
720759567035,4792
720759666937,4798
720759766839,4797
720759866741,4796
720759966643,4796
720760066545,4836
720760166447,4796
720760266349,4809
720760366251,4867
720760466153,4792
720760566055,4794
720760665957,4805
720760765859,4798
720760865761,4795
720760965663,4798
720761065565,4845
720761165467,4795
720761265369,4798
720761365271,4802
720761465173,4794
720761565075,4828
720761664977,4797
720761764879,4794
720761864781,4810
720761964683,4794
720762064585,4829
720762164487,4799
720762264389,4796
720762364291,4794
720762464193,4794
720762564095,4828
720762663997,4856
720762763899,4799
720762863801,4798
720762963703,4798
720763063605,4868
720763163507,4799
720763263409,4801
720763363311,4800
720763463213,4811
720763563115,4795
720763663017,4799
720763762919,4800
720763862821,4803
720763962723,4799
720764062625,4802
720764162527,4798
720764262429,4811
720764362349,4800
720764462251,4803
720764562153,4795
720764662055,4872
720764761957,4799
720764861859,4800
720764961761,4800
720765061663,4812
720765161565,4805
720765261467,4801
720765361369,4798
720765461271,4802
720765561173,4793
720765661075,4798
720765760977,4799
720765860879,4812
720765960781,4799
720766060683,4800
720766160586,4946
720766260488,4797
720766360390,4798
720766460292,4798
720766560194,4795
720766660096,4837
720766759998,4797
720766859900,4797
720766959802,4832
720767059704,4797
720767159606,4797
720767259508,4797
720767359410,4797
720767459312,4805
720767559214,4796
720767659116,4790
720767759018,4791
720767858920,4793
720767958822,4829
720768058724,4794
720768158626,4794
720768258528,4822
720768358430,4793
720768458332,4794
720768558234,4794
720768658136,4868
720768758038,4792
720768857940,4793
720768957842,4830
720769057744,4800
720769157646,4792
720769257548,4792
720769357450,4791
720769457352,4794
720769557254,4793
720769657156,4791
720769757058,4791
720769856960,4801
720769956862,4905
720770056764,4794
720770156666,4794
720770256568,4794
720770356470,4794
720770456372,4864
720770556274,4792
720770656176,4856
720770756078,4792
720770855980,4793
720770955882,4830
720771055784,4793
720771155686,4793
720771255588,4795
720771355490,4794
720771455392,4880
720771555294,4795
720771655196,4790
720771755098,4790
720771855003,4791
720771954905,4794
720772054807,4794
720772154709,4792
720772254611,4801
720772354513,4794
720772454415,4876
720772554317,4795
720772654219,4829
720772754121,4790
720772854023,4792
720772953925,4808
720773053827,4804
720773153729,4797
720773253631,4796
720773353533,4796
720773453435,4894
720773553337,4796
720773653239,4798
720773753141,4794
720773853043,4793
720773952945,4809
720774052847,4796
720774152749,4795
720774252651,4796
720774352553,4796
720774452455,4892
720774552357,4797
720774652259,4878
720774752161,4799
720774852063,4794
720774951965,4811
720775051867,4796
720775151769,4803
720775251671,4797
720775351573,4798
720775451475,4831
720775551377,4797
720775651279,4797
720775751181,4793
720775851083,4794
720775950985,4807
720776050887,4797
720776150790,4881
720776250692,4812
720776350594,4800
720776450496,4822
720776550398,4801
720776650300,4837
720776750202,4797
720776850104,4795
720776950006,4808
720777049908,4812
720777149810,4799
720777249712,4806
720777349614,4799
720777449516,4813
720777549418,4801
720777649320,4798
720777749222,4800
720777849124,4806
720777949026,4793
720778048928,4794
720778148830,4797
720778248732,4837
720778348634,4798
720778448536,4797
720778548438,4797
720778648340,4827
720778748242,4799
720778848144,4793
720778948046,4792
720779047948,4796
720779147850,4793
720779247752,4799
720779347654,4798
720779447556,4812
720779547458,4797
720779647360,4795
720779747262,4796
720779847164,4792
720779947066,4792
720780046968,4797
720780146870,4829
720780246772,4813
720780346674,4799
720780446576,4797
720780546478,4794
720780646380,4795
720780746282,4802
720780846184,4794
720780946086,4794
720781045988,4807
720781145890,4794
720781245792,4797
720781345694,4794
720781445596,4796
720781545498,4798
720781645400,4796
720781745302,4795
720781845204,4810
720781945106,4793
720782045008,4793
720782144910,5037
720782244812,4993
720782344714,4990
720782444616,4989
720782544518,4989
720782644420,5002
720782744322,4799
720782844224,4798
720782944126,4792
720783044028,4794
720783143930,4792
720783243833,4798
720783343735,4799
720783443637,4812
720783543539,4800
720783643441,4799
720783743343,4798
720783843245,4799
720783943147,4796
720784043049,4798
720784142951,4801
720784242853,4811
720784342755,4800
720784442657,4799
720784542559,4800
720784642461,4800
720784742363,4801
720784842265,4799
720784942167,4794
720785042069,4808
720785141971,4800
720785241873,4800
720785341775,4799
720785441677,4802
720785541579,4797
720785641481,4800
720785741383,4801
720785841285,4812
720785941187,4796
720786041089,4795
720786140992,4960
720786240894,4796
720786340796,4796
720786440698,4797
720786540600,4798
720786640502,4805
720786740404,4797
720786840306,4797
720786940208,4797
720787040110,4795
720787140030,4796
720787239932,4796
720787339834,4797
720787439736,4806
720787539638,4797
720787639540,4798
720787739442,4797
720787839344,4798
720787939246,4796
720788039148,4791
720788139050,4791
720788238952,4803
720788338854,4793
720788438756,4796
720788538658,4794
720788638560,4793
720788738462,4797
720788838364,4793
720788938266,4793
720789038168,4800
720789138070,4788
720789237972,4794
720789337874,4793
720789437776,4793
720789537678,4793
720789637580,4794
720789737482,4792
720789837384,4801
720789937286,4794
720790037188,4790
720790137090,4791
720790236992,4794
720790336894,4793
720790436796,4793
720790536698,4794
720790636600,4803
720790736502,4793
720790836404,4793
720790936306,4795
720791036208,4789
720791136110,4791
720791236012,4789
720791335914,4791
720791435816,4800
720791535718,4793
720791635620,4794
720791735522,4795
720791835424,4795
720791935326,4792
720792035228,4794
720792135130,4824
720792235032,4798
720792334934,4794
720792434836,4792
720792534738,4794
720792634640,4795
720792734542,4794
720792834444,4794
720792934346,4795
720793034248,4802
720793134150,4791
720793234052,4827
720793333954,4796
720793433856,4796
720793533758,4796
720793633660,4832
720793733562,4830
720793833464,4804
720793933366,4797
720794033268,4799
720794133170,4794
720794233072,4794
720794332974,4795
720794432876,4797
720794532778,4798
720794632680,4807
720794732582,4845
720794832484,4808
720794932386,4805
720795032288,4803
720795132190,4799
720795232092,4793
720795331994,4795
720795431896,4806
720795531798,4798
720795631700,4797
720795731602,4832
720795831504,4799
720795931406,4798
720796031308,4799
720796131211,4944
720796231113,4882
720796331015,4799
720796430917,4800
720796530819,4801
720796630721,4802
720796730623,4840
720796830525,4797
720796930427,4801
720797030329,4812
720797130231,4797
720797230133,4832
720797330035,4795
720797429937,4802
720797529839,4800
720797629741,4801
720797729643,4799
720797829545,4812
720797929447,4798
720798029349,4800
720798129251,4799
720798229153,4829
720798329055,4797
720798428957,4799
720798528859,4798
720798628761,4810
720798728663,4800
720798828565,4795
720798928467,4796
720799028369,4798
720799128271,4799
720799228173,4793
720799328075,4790
720799427977,4811
720799527879,4802
720799627781,4795
720799727683,4794
720799827585,4798
720799927487,4795
720800027389,4798
720800127291,4800
720800227193,4806
720800327095,4792
720800426997,4796
720800526899,4765
720800626801,4795
720800726703,4798
720800826605,4794
720800926507,4797
720801026409,4809
720801126311,4801
720801226213,4796
720801326115,4793
720801426017,4793
720801525919,4801
720801625821,4797
720801725723,4795
720801825625,4810
720801925527,4796
720802025429,4796
720802125331,4800
720802225233,4796
720802325135,4793
720802425037,4795
720802524939,4800
720802624841,4809
720802724743,4795
720802824645,4796
720802924547,4797
720803024449,4794
720803124351,4802
720803224253,4798
720803324155,4792
720803424057,4806
720803523959,4804
720803623861,4813
720803723763,4798
720803823665,4799
720803923567,4809
720804023469,4800
720804123371,4802
720804223273,4813
720804323175,4836
720804423077,4798
720804522979,4800
720804622881,4798
720804722783,4801
720804822685,4801
720804922587,4799
720805022489,4812
720805122391,4798
720805222293,4798
720805322195,4795
720805422097,4797
720805521999,4799
720805621901,4800
720805721803,4799
720805821705,4812
720805921607,4798
720806021509,4800
720806121411,4874
720806221313,4795
720806321215,4796
720806421117,4794
720806521019,4795
720806620921,4806
720806720823,4799
720806820725,4798
720806920627,4799
720807020529,4796
720807120431,4797
720807220333,4795
720807320235,4797
720807420137,4803
720807520039,4795
720807619941,4798
720807719843,4798
720807819745,4796
720807919647,4797
720808019549,4797
720808119451,4798
720808219353,4806
720808319255,4798
720808419157,4790
720808519059,4791
720808618961,4793
720808718863,4796
720808818765,4794
720808918667,4793
720809018569,4802
720809118471,4793
720809218373,4793
720809318275,4798
720809418177,4790
720809518079,4792
720809617981,4794
720809717883,4795
720809817802,4803
720809917704,4795
720810017606,4793
720810117508,4794
720810217410,4794
720810317312,4793
720810417214,4792
720810517116,4790
720810617018,4797
720810716920,4793
720810816822,4793
720810916724,4794
720811016626,4794
720811116528,4793
720811216430,4793
720811316332,4794
720811416234,4801
720811516136,4790
720811616038,4790
720811715940,4792
720811815842,4791
720811915744,4792
720812015646,4793
720812115548,4794
720812215450,4800
720812315352,4793
720812415254,4795
720812515156,4794
720812615058,4791
720812714960,4794
720812814862,4793
720812914764,4795
720813014666,4804
720813114568,4793
720813214470,4795
720813314372,4794
720813414274,4797
720813514176,4791
720813614078,4791
720813713980,4798
720813813882,4806
720813913784,4796
720814013686,4798
720814113588,4798
720814213490,4797
720814313392,4799
720814413294,4796
720814513196,4794
720814613098,4803
720814713004,4794
720814812906,4798
720814912808,4798
720815012710,4800
720815112612,4802
720815212514,4798
720815312416,4798
720815412318,4808
720815512220,4798
720815612122,4794
720815712024,4795
720815811926,4796
720815911828,4798
720816011730,4797
720816111633,4963
720816211535,4813
720816311437,4835
720816411339,4801
720816511241,4800
720816611143,4795
720816711045,4796
720816810947,4798
720816910849,4800
720817010751,4812
720817110653,4801
720817210555,4802
720817310457,4800
720817410359,4800
720817510261,4803
720817610163,4798
720817710065,4797
720817809967,4812
720817909869,4801
720818009771,4801
720818109673,4800
720818209575,4798
720818309477,4804
720818409379,4798
720818509281,4835
720818609183,4806
720818709085,4795
720818808987,4798
720818908889,4796
720819008791,4869
720819108693,4797
720819208595,4798
720819308497,4797
720819408399,4809
720819508301,4869
720819608203,4794
720819708105,4792
720819808007,4794
720819907909,4797
720820007811,4868
720820107713,4794
720820207615,4810
720820307517,4798
720820407419,4797
720820507321,4827
720820607223,4796
720820707125,4792
720820807027,4794
720820906929,4795
720821006831,4809
720821106733,4798
720821206635,4797
720821306537,4796
720821406439,4799
720821506341,4795
720821606243,4795
720821706145,4793
720821806047,4805
720821905949,4796
720822005851,4797
720822105753,4794
720822205655,4800
720822305557,4794
720822405459,4796
720822505361,4794
720822605263,4809
720822705165,4793
720822805067,4796
720822904969,4798
720823004871,4798
720823104773,4797
720823204675,4795
720823304577,4798
720823404479,4807
720823504381,4797
720823604283,4795
720823704185,4794
720823804087,4794
720823903989,4800
720824003891,4795
720824103793,4799
720824203695,4824
720824303597,4799
720824403499,4801
720824503401,4801
720824603303,4800
720824703205,4818
720824803107,4795
720824903009,4796
720825002911,4799
720825102813,4799
720825202715,4814
720825302617,4798
720825402519,4808
720825502421,4760
720825602323,4802
720825702225,4814
720825802127,4809
720825902029,4798
720826001931,4800
720826101834,4976
720826201736,4810
720826301638,4797
720826401540,4797
720826501442,4797
720826601344,4805
720826701246,4836
720826801148,4794
720826901050,4793
720827000952,4799
720827100854,4796
720827200756,4811
720827300658,4796
720827400560,4842
720827500462,4797
720827600364,4798
720827700266,4814
720827800168,4794
720827900070,4793
720827999972,4798
720828099874,4797
720828199776,4817
720828299678,4798
720828399580,4833
720828499482,4799
720828599384,4798
720828699286,4851
720828799188,4792
720828899090,4790
720828998992,4806
720829098894,4794
720829198796,4793
720829298698,4793
720829398600,4829
720829498502,4795
720829598404,4793
720829698306,4794
720829798208,4801
720829898110,4790
720829998012,4790
720830097914,4794
720830197816,4793
720830297718,4794
720830397620,4794
720830497522,4798
720830597424,4801
720830697326,4868
720830797228,4793
720830897130,4789
720830997032,4791
720831096934,4794
720831196836,4794
720831296738,4792
720831396640,4801
720831496542,4795
720831596444,4793
720831696346,4793
720831796248,4794
720831896150,4792
720831996052,4790
720832095954,4794
720832195856,4802
720832295758,4794
720832395660,4792
720832495562,4792
720832595478,4795
720832695380,4842
720832795282,4794
720832895184,4791
720832995086,4799
720833094988,4792
720833194890,4793
720833294792,4793
720833394694,4793
720833494596,4796
720833594498,4796
720833694400,4794
720833794302,4802
720833894204,4790
720833994106,4793
720834094008,4790
720834193910,4796
720834293812,4796
720834393714,4798
720834493616,4796
720834593518,4806
720834693420,4847
720834793322,4799
720834893224,4798
720834993126,4795
720835093028,4795
720835192930,4797
720835292832,4797
720835392734,4806
720835492636,4797
720835592538,4795
720835692440,4798
720835792342,4797
720835892244,4798
720835992146,4796
720836092049,4891
720836191951,4813
720836291853,4800
720836391755,4838
720836491657,4801
720836591559,4808
720836691461,4873
720836791363,4801
720836891265,4797
720836991167,4809
720837091069,4796
720837190971,4797
720837290873,4797
720837390775,4798
720837490677,4797
720837590579,4806
720837690481,4802
720837790383,4811
720837890285,4799
720837990187,4796
720838090089,4798
720838189991,4799
720838289893,4800
720838389795,4800
720838489697,4800
720838589599,4811
720838689501,4850
720838789403,4799
720838889305,4800
720838989207,4801
720839089109,4792
720839189011,4795
720839288913,4798
720839388815,4808
720839488717,4794
720839588619,4798
720839688521,4794
720839788423,4796
720839888325,4795
720839988227,4794
720840088129,4795
720840188031,4806
720840287933,4796
720840387835,4794
720840487737,4796
720840587639,4794
720840687541,4870
720840787443,4798
720840887345,4797
720840987247,4808
720841087149,4804
720841187051,4792
720841286953,4798
720841386855,4797
720841486757,4798
720841586659,4797
720841686561,4799
720841786463,4809
720841886365,4796
720841986267,4805
720842086169,4794
720842186071,5000
720842285973,4992
720842385875,4988
720842485777,4988
720842585679,5001
720842685581,5024
720842785483,4799
720842885385,4795
720842985287,4799
720843085189,4793
720843185092,4796
720843284994,4799
720843384896,4812
720843484798,4795
720843584700,4796
720843684602,4797
720843784504,4797
720843884406,4795
720843984308,4798
720844084210,4798
720844184112,4809
720844284014,4793
720844383916,4800
720844483818,4802
720844583720,4799
720844683622,4799
720844783524,4799
720844883426,4800
720844983328,4814
720845083230,4998
720845183132,4798
720845283034,4796
720845382936,4799
720845482838,4801
720845582740,4801
720845682642,4800
720845782544,4813
720845882446,4802
720845982348,4805
720846082251,4973
720846182153,4801
720846282055,4793
720846381957,4795
720846481859,4834
720846581761,4806
720846681663,4799
720846781565,4797
720846881467,4941
720846981369,4798
720847081271,4798
720847181173,4793
720847281075,4792
720847380977,4804
720847480879,4798
720847580781,4797
720847680683,4798
720847780585,4797
720847880487,4797
720847980389,4798
720848080291,4798
720848180193,4802
720848280095,4794
720848379997,4798
720848479899,4797
720848579801,4795
720848679703,4797
720848779605,4797
720848879507,4976
720848979409,4806
720849079311,4796
720849179213,4798
720849279115,4789
720849379017,4792
720849478919,4794
720849578821,4793
720849678723,4794
720849778625,4801
720849878527,4792
720849978429,4792
720850078331,4795
720850178233,4794
720850278135,4790
720850378037,4792
720850477939,4793
720850577841,4800
720850677743,4794
720850777645,4793
720850877547,4795
720850977449,4792
720851077351,4829
720851177253,4795
720851277155,4790
720851377057,4799
720851476959,4794
720851576861,4793
720851676763,4793
720851776665,4793
720851876567,4793
720851976469,4793
720852076371,4793
720852176273,4802
720852276175,4791
720852376077,4792
720852475979,4794
720852575881,4793
720852675783,4794
720852775685,4792
720852875587,4794
720852975489,4803
720853075391,4794
720853175293,4794
720853275195,4792
720853375097,4790
720853474999,4794
720853574901,4794
720853674803,4793
720853774705,4801
720853874607,4793
720853974509,4794
720854074411,4793
720854174313,4794
720854274215,4793
720854374117,4791
720854474019,4791
720854573921,4804
720854673823,4800
720854773725,4798
720854873627,4797
720854973529,4797
720855073431,4798
720855173333,4797
720855273252,4800
720855373154,4802
720855473056,4794
720855572958,4798
720855672860,4797
720855772762,4797
720855872664,4798
720855972566,4800
720856072469,4956
720856172371,4816
720856272273,4827
720856372175,4799
720856472077,4795
720856571979,4798
720856671881,4803
720856771783,4801
720856871685,4800
720856971587,4857
720857071489,4800
720857171391,4800
720857271293,4799
720857371195,4796
720857471097,4797
720857570999,4799
720857670901,4799
720857770803,4813
720857870705,4801
720857970607,4798
720858070509,4803
720858170411,4802
720858270313,4799
720858370215,4872
720858470117,4797
720858570019,4807
720858669921,4803
720858769823,4801
720858869725,4801
720858969627,4799
720859069529,4806
720859169431,4803
720859269333,4802
720859369235,4886
720859469137,4791
720859569039,4792
720859668941,4792
720859768843,4795
720859868745,4796
720859968647,4796
720860068549,4799
720860168451,4808
720860268353,4796
720860368255,4869
720860468157,4794
720860568059,4793
720860667961,4801
720860767863,4798
720860867765,4798
720860967667,4811
720861067569,4803
720861167471,4794
720861267373,4794
720861367275,4868
720861467177,4794
720861567079,4792
720861666981,4795
720861766883,4810
720861866785,4794
720861966687,4793
720862066589,4798
720862166491,4796
720862266393,4795
720862366295,4872
720862466197,4794
720862566099,4806
720862666004,4802
720862765906,4795
720862865808,4797
720862965710,4797
720863065612,4797
720863165514,4795
720863265416,4796
720863365318,4813
720863465220,4796
720863565122,4792
720863665024,4793
720863764926,4797
720863864828,4795
720863964730,4799
720864064632,4798
720864164534,4809
720864264436,4797
720864364338,4796
720864464240,4795
720864564142,4793
720864664044,4838
720864763946,4801
720864863848,4800
720864963750,4812
720865063652,4834
720865163554,4799
720865263456,4797
720865363358,4800
720865463260,4798
720865563162,4796
720865663064,4797
720865762966,4812
720865862868,4799
720865962770,4800
720866062672,4835
720866162575,4881
720866262477,4794
720866362379,4797
720866462281,4796
720866562183,4801
720866662085,4864
720866761987,4799
720866861889,4799
720866961791,4796
720867061693,4797
720867161595,4796
720867261497,4799
720867361399,4806
720867461301,4797
720867561203,4793
720867661105,4794
720867761007,4793
720867860909,4797
720867960811,4798
720868060713,4797
720868160615,4806
720868260517,4797
720868360419,4797
720868460321,4808
720868560223,4797
720868660125,4830
720868760027,4792
720868859929,4797
720868959831,4841
720869059733,4796
720869159635,4796
720869259537,4797
720869359439,4800
720869459342,4799
720869559244,4795
720869659146,4790
720869759048,4799
720869858950,4793
720869958852,4872
720870058754,4793
720870158656,4792
720870258558,4794
720870358460,4793
720870458362,4794
720870558264,4808
720870658166,4866
720870758068,4789
720870857970,4794
720870957872,4827
720871057774,4793
720871157676,4793
720871257578,4794
720871357480,4802
720871457382,4794
720871557284,4793
720871657186,4791
720871757088,4790
720871856990,4792
720871956892,4828
720872056794,4793
720872156696,4803
720872256598,4794
720872356500,4794
720872456402,4862
720872556304,4795
720872656206,4848
720872756108,4790
720872856010,4790
720872955912,4835
720873055814,4793
720873155716,4792
720873255618,4793
720873355520,4793
720873455422,4872
720873555324,4794
720873655226,4793
720873755128,4801
720873855030,4790
720873954932,4792
720874054834,4794
720874154736,4795
720874254638,4794
720874354540,4793
720874454442,4877
720874554344,4801
720874654246,4841
720874754148,4791
720874854050,4791
720874953952,4809
720875053854,4796
720875153756,4796
720875253658,4796
720875353560,4804
720875453462,4893
720875553364,4797
720875653266,4795
720875753168,4795
720875853070,4793
720875952972,4808
720876052874,4797
720876152777,4995
720876252679,4803
720876352581,4802
720876452483,4897
720876552385,4799
720876652287,4873
720876752189,4794
720876852091,4798
720876951993,4824
720877051895,4802
720877151797,4801
720877251699,4799
720877351601,4799
720877451503,4827
720877551405,4801
720877651307,4798
720877751209,4810
720877851111,4796
720877951013,4809
720878050933,4802
720878150835,4800
720878250737,4800
720878350639,4801
720878450541,4827
720878550443,4812
720878650345,4837
720878750247,4799
720878850149,4793
720878950051,4806
720879049953,4799
720879149855,4799
720879249757,4799
720879349659,4812
720879449561,4813
720879549464,4803
720879649366,4800
720879749268,4800
720879849170,4793
720879949072,4792
720880048974,4794
720880148876,4808
720880248778,4799
720880348680,4795
720880448582,4796
720880548484,4796
720880648386,4795
720880748288,4799
720880848190,4791
720880948092,4805
720881047994,4794
720881147896,4830
720881247798,4802
720881347700,4794
720881447602,4797
720881547504,4796
720881647406,4799
720881747308,4809
720881847210,4796
720881947112,4794
720882047014,4793
720882146916,4795
720882246818,4801
720882346720,4798
720882446622,4796
720882546524,4808
720882646426,4796
720882746328,4796
720882846230,4797
720882946132,4793
720883046034,4793
720883145936,4796
720883245838,4801
720883345740,4807
720883445642,4795
720883545544,4792
720883645446,4794
720883745348,4795
720883845250,4800
720883945152,4794
720884045054,4791
720884144956,4808
720884244858,4801
720884344760,4799
720884444662,4796
720884544564,4799
720884644466,4798
720884744368,4799
720884844270,4802
720884944172,4806
720885044074,4795
720885143976,4801
720885243878,4800
720885343780,4800
720885443682,4798
720885543584,4800
720885643486,4800
720885743388,4813
720885843290,4799
720885943192,4798
720886043094,4796
720886142997,4949
720886242899,4795
720886342801,4799
720886442703,4796
720886542605,4804
720886642507,4796
720886742409,4799
720886842311,4797
720886942213,4798
720887042115,4794
720887142017,4794
720887241919,4796
720887341821,4804
720887441723,4796
720887541625,4797
720887641527,4797
720887741429,4799
720887841331,4798
720887941233,4798
720888041135,4794
720888141037,4838
720888240939,4797
720888340841,4798
720888440743,4798
720888540645,4797
720888640547,4805
720888740449,4798
720888840351,4797
720888940253,4805
720889040155,4795
720889140057,4794
720889239959,4799
720889339861,4797
720889439763,4797
720889539665,4797
720889639567,4797
720889739469,4805
720889839371,4797
720889939273,4797
720890039175,4792
720890139077,4790
720890238979,4793
720890338881,4794
720890438783,4793
720890538685,4802
720890638587,4794
720890738489,4793
720890838391,4794
720890938293,4793
720891038195,4791
720891138097,4790
720891237999,4792
720891337901,4801
720891437803,4794
720891537705,4795
720891637607,4794
720891737509,4827
720891837411,4794
720891937313,4792
720892037215,4793
720892137117,4799
720892237019,4790
720892336921,4793
720892436823,4793
720892536725,4793
720892636627,4794
720892736529,4792
720892836431,4793
720892936333,4800
720893036235,4794
720893136137,4791
720893236039,4790
720893335941,4793
720893435843,4794
720893535745,4794
720893635647,4793
720893735549,4804
720893835451,4792
720893935353,4794
720894035255,4794
720894135157,4791
720894235059,4791
720894334961,4792
720894434863,4793
720894534765,4802
720894634667,4794
720894734569,4800
720894834471,4793
720894934373,4794
720895034275,4796
720895134177,4795
720895234079,4791
720895333981,4805
720895433883,4795
720895533785,4795
720895633687,4796
720895733589,4796
720895833491,4796
720895933393,4797
720896033295,4798
720896133198,4900
720896233100,4796
720896333004,4795
720896432906,4798
720896532808,4801
720896632710,4801
720896732612,4876
720896832514,4802
720896932416,4811
720897032318,4805
720897132220,4806
720897232122,4800
720897332024,4798
720897431926,4800
720897531828,4800
720897631730,4799
720897731632,4814
720897831534,4798
720897931436,4798
720898031338,4800
720898131240,4799
720898231142,4829
720898331044,4795
720898430946,4799
720898530848,4814
720898630750,4800
720898730652,4798
720898830554,4801
720898930456,4798
720899030358,4800
720899130260,4798
720899230162,4831
720899330064,4811
720899429966,4798
720899529868,4801
720899629770,4799
720899729672,4983
720899829574,4801
720899929476,4800
720900029378,4803
720900129280,4817
720900229182,4836
720900329084,4791
720900428986,4796
720900528888,4798
720900628790,4796
720900728692,4799
720900828611,4799
720900928513,4808
720901028415,4799
720901128317,4797
720901228219,4794
720901328121,4792
720901428023,4791
720901527925,4802
720901627827,4833
720901727729,4811
720901827631,4795
720901927533,4797
720902027435,4795
720902127337,4802
720902227239,4994
720902327141,4989
720902427043,4987
720902526945,5003
720902626847,5029
720902726749,4795
720902826651,4796
720902926553,4806
720903026455,4817
720903126357,4800
720903226260,4800
720903326162,4807
720903426064,4795
720903525966,4801
720903625868,4832
720903725770,4799
720903825672,4794
720903925574,4798
720904025476,4800
720904125378,4813
720904225280,4801
720904325182,4795
720904425084,4794
720904524986,4799
720904624888,4830
720904724790,4796
720904824692,4794
720904924594,4808
720905024496,4794
720905124398,4795
720905224300,4796
720905324202,4790
720905424104,4793
720905524006,4797
720905623908,4836
720905723810,4814
720905823712,4800
720905923614,4800
720906023516,4799
720906123419,4902
720906223321,4802
720906323223,4798
720906423125,4794
720906523027,4803
720906622929,4796
720906722831,4802
720906822733,4798
720906922635,4796
720907022537,4799
720907122439,4797
720907222341,4797
720907322243,4805
720907422145,4795
720907522047,4793
720907621949,4806
720907721851,4797
720907821753,4796
720907921655,4796
720908021557,4797
720908121459,4806
720908221361,4798
720908321263,4798
720908421165,4794
720908521067,4795
720908620969,4796
720908720871,4797
720908820773,4796
720908920675,4805
720909020577,4798
720909120479,4797
720909220381,4798
720909320283,4798
720909420185,4795
720909520087,4795
720909619989,4797
720909719891,4805
720909819793,4798
720909919695,4797
720910019597,4797
720910119499,4797
720910219401,4797
720910319303,4797
720910419205,4790
720910519107,4799
720910619009,4791
720910718911,4796
720910818813,4794
720910918715,4792
720911018617,4795
720911118519,4793
720911218421,4794
720911318323,4801
720911418225,4793
720911518127,4791
720911618029,4790
720911717931,4793
720911817833,4792
720911917735,4792
720912017637,4794
720912117539,4802
720912217441,4795
720912317343,4830
720912417245,4794
720912517147,4790
720912617049,4789
720912716951,4793
720912816853,4794
720912916755,4800
720913016657,4794
720913116559,4797
720913216461,4793
720913316363,4794
720913416265,4794
720913516167,4791
720913616069,4790
720913715971,4801
720913815873,4795
720913915775,4793
720914015677,4793
720914115579,4792
720914215481,4794
720914315383,4795
720914415285,4795
720914515187,4798
720914615089,4790
720914714991,4794
720914814893,4795
720914914795,4792
720915014697,4792
720915114599,4793
720915214501,4794
720915314403,4802
720915414305,4795
720915514207,4791
720915614109,4793
720915714011,4790
720915813913,4797
720915913815,4796
720916013717,4797
720916113620,4962
720916213522,4801
720916313424,4799
720916413326,4802
720916513228,4800
720916613130,4797
720916713032,4799
720916812934,4800
720916912836,4813
720917012738,4800
720917112640,4798
720917212542,4800
720917312444,4799
720917412346,4802
720917512248,4800
720917612150,4795
720917712052,4810
720917811954,4800
720917911856,4800
720918011758,4801
720918111660,4800
720918211562,4800
720918311464,4799
720918411366,4800
720918511268,4813
720918611170,4797
720918711072,4797
720918810974,4799
720918910876,4803
720919010778,4802
720919110680,4799
720919210582,4800
720919310484,4811
720919410386,4800
720919510288,4800
720919610190,4796
720919710092,4797
720919809994,4798
720919909896,4800
720920009798,4803
720920109700,4811
720920209602,4799
720920309504,4801
720920409406,4800
720920509308,4846
720920609210,4799
720920709112,4796
720920809014,4790
720920908916,4811
720921008818,4866
720921108720,4796
720921208622,4793
720921308524,4798
720921408426,4798
720921508328,4868
720921608230,4798
720921708132,4805
720921808034,4793
720921907936,4798
720922007838,4877
720922107740,4797
720922207642,4797
720922307544,4796
720922407446,4797
720922507348,4840
720922607250,4797
720922707152,4790
720922807054,4794
720922906956,4794
720923006858,4801
720923106760,4797
720923206662,4800
720923306564,4808
720923406466,4796
720923506383,4795
720923606285,4796
720923706187,4794
720923806089,4795
720923905991,4797
720924005893,4794
720924105795,4807
720924205697,4797
720924305599,4796
720924405501,4794
720924505403,4795
720924605305,4796
720924705207,4800
720924805109,4794
720924905011,4806
720925004913,4798
720925104815,4794
720925204717,4799
720925304619,4795
720925404521,4798
720925504423,4799
720925604325,4797
720925704227,4809
720925804129,4792
720925904031,4792
720926003933,4800
720926103836,4860
720926203738,4808
720926303640,4796
720926403542,4831
720926503444,4804
720926603346,4798
720926703248,4820
720926803150,4794
720926903052,4794
720927002954,4797
720927102856,4796
720927202758,4915
720927302660,4900
720927402562,4917
720927502464,4953
720927602366,4884
720927702268,4897
720927802170,4870
720927902072,4899
720928001974,4867
720928101876,4874
720928201778,4877
720928301680,4866
720928401582,4902
720928501484,4865
720928601386,4866
720928701288,4936
720928801190,4988
720928901092,4996
720929000994,4902
720929100896,4903
720929200798,4915
720929300700,4902
720929400602,4938
720929500504,4937
720929600406,4887
720929700308,4910
720929800210,4881
720929900112,4865
720930000014,4863
720930099916,4865
720930199818,4881
720930299720,4901
720930399622,4936
720930499525,4873
720930599427,4866
720930699329,4935
720930799231,4882
720930899133,4887
720930999035,4932
720931098937,4899
720931198839,4931
720931298741,4905
720931398643,4932
720931498545,4984
720931598447,4948
720931698349,4880
720931798251,4876
720931898153,4861
720931998055,4897
720932097957,4870
720932197859,4863
720932297761,4863
720932397663,4863
720932497565,4863
720932597467,4862
720932697369,4938
720932797271,4915
720932897173,4889
720932997075,4881
720933096977,4896
720933196879,4898
720933296781,4896
720933396683,4898
720933496585,4897
720933596487,4927
720933696389,4963
720933796291,4878
720933896193,4875
720933996095,4861
720934095997,4861
720934195899,4863
720934295801,4862
720934395703,4898
720934495605,4907
720934595507,4864
720934695409,4915
720934795311,4875
720934895213,4878
720934995115,4880
720935095017,4895
720935194919,4896
720935294821,4942
720935394723,4897
720935494625,4899
720935594527,4898
720935694429,4885
720935794331,4882
720935894233,4876
720935994135,4859
720936094038,5074
720936193940,4905
720936293842,4902
720936393744,4904
720936493646,4904
720936593548,4900
720936693450,4920
720936793352,4902
720936893254,4949
720936993156,4922
720937093068,4889
720937192970,4937
720937292872,4905
720937392774,4941
720937492676,5032
720937592578,4992
720937692480,4956
720937792382,4926
720937892284,4884
720937992186,4920
720938092088,4866
720938191990,4903
720938291892,4871
720938391794,4907
720938491696,4919
720938591598,4940
720938691501,4946
720938791403,4904
720938891305,4885
720938991207,4922
720939091109,4886
720939191011,4902
720939290913,4919
720939390815,4974
720939490717,4904
720939590619,4992
720939690521,4904
720939790423,4942
720939890325,4901
720939990227,4883
720940090129,4881
720940190031,4938
720940289933,4905
720940389835,4868
720940489737,4869
720940589639,4906
720940689541,4939
720940789443,4871
720940889345,4881
720940989247,4936
720941089149,4927
720941189051,4899
720941288953,4900
720941388855,4901
720941488757,4986
720941588659,4986
720941688561,4914
720941788463,4936
720941888365,4922
720941988267,4882
720942088169,4865
720942188071,4864
720942287973,4897
720942387875,4867
720942487777,4879
720942587679,4901
720942687581,5009
720942787483,4866
720942887385,4868
720942987287,4879
720943087189,4919
720943187091,4884
720943286993,4912
720943386895,4898
720943486797,4987
720943586699,4989
720943686601,4900
720943786503,4903
720943886405,4924
720943986307,4897
720944086209,4893
720944186111,4864
720944286013,4935
720944385915,4902
720944485817,4864
720944585719,4868
720944685621,4976
720944785523,4934
720944885425,4913
720944985327,4917
720945085229,5147
720945185131,4957
720945285033,4932
720945384935,4939
720945484837,4987
720945584739,5132
720945684641,4995
720945784543,4935
720945884445,4936
720945984358,4958
