3537514467660,3170
3537514567599,1394
3537514667523,1415
3537514767447,1393
3537514867371,1387
3537514967293,1392
3537515067215,1390
3537515167139,1388
3537515267061,1388
3537515366983,1391
3537515466907,1395
3537515566829,1427
3537515666751,1382
3537515766673,1384
3537515866595,1385
3537515966517,1388
3537516066439,1385
3537516166361,1389
3537516266283,1389
3537516366205,1389
3537516466127,1387
3537516566049,1387
3537516665971,1388
3537516765894,1389
3537516865816,1388
3537516965738,1389
3537517065660,1389
3537517165582,1389
3537517265504,1382
3537517365426,1384
3537517465348,1401
3537517565270,1389
3537517665192,1384
3537517765114,1391
3537517865036,1391
3537517964958,1428
3537518064880,1390
3537518164802,1389
3537518264724,1391
3537518364646,1389
3537518464568,1388
3537518564490,1385
3537518664412,1425
3537518764334,1386
3537518864256,1380
3537518964178,1402
3537519064100,1385
3537519164022,1384
3537519263944,1389
3537519363868,1393
3537519463791,1458
3537519563713,1393
3537519663637,1392
3537519763561,1389
3537519863483,1389
3537519963405,1389
3537520063327,1386
3537520163249,1392
3537520263171,1392
3537520363093,1392
3537520463015,1456
3537520562937,1386
3537520662859,1393
3537520762781,1391
3537520862703,1393
3537520962625,1395
3537521062547,1385
3537521162469,1389
3537521262391,1387
3537521362313,1386
3537521462235,1388
3537521562157,1387
3537521662079,1389
3537521762004,1386
3537521861926,1390
3537521961848,1389
3537522061770,1382
3537522161692,1384
3537522261614,1391
3537522361536,1387
3537522461458,1389
3537522561380,1385
3537522661302,1423
3537522761224,1389
3537522861146,1386
3537522961068,1390
3537523060990,1393
3537523160912,1386
3537523260834,1387
3537523360756,1392
3537523460678,1391
3537523560600,1388
3537523660522,1380
3537523760444,1383
3537523860366,1385
3537523960288,1391
3537524060210,1387
3537524160132,1388
3537524260054,1386
3537524359976,1390
3537524459898,1391
3537524559820,1392
3537524659744,1458
3537524759668,1461
3537524859591,1486
3537524959513,1380
3537525059435,1398
3537525159357,1382
3537525259279,1421
3537525359201,1381
3537525459123,1379
3537525559047,1382
3537525658970,1382
3537525758892,1384
3537525858814,1385
3537525958736,1393
3537526058658,1389
3537526158580,1393
3537526258502,1381
3537526358424,1382
3537526458346,1387
3537526558268,1399
3537526658190,1424
3537526758112,1390
3537526858034,1441
3537526957956,1407
3537527057878,1385
3537527157800,1383
3537527257722,1389
3537527357644,1396
3537527457566,1388
3537527557488,1402
3537527657410,1384
3537527757332,1380
3537527857254,1380
3537527957176,1395
3537528057098,1388
3537528157020,1382
3537528256942,1400
3537528356864,1383
3537528456786,1425
3537528556708,1397
3537528656630,1385
3537528756552,1384
3537528856474,1380
3537528956396,1384
3537529056318,1381
3537529156240,1380
3537529256162,1380
3537529356084,1386
3537529456006,1381
3537529555928,1383
3537529655850,1390
3537529755772,1384
3537529855694,1382
3537529955616,1399
3537530055538,1380
3537530155460,1380
3537530255382,1381
3537530355304,1380
3537530455226,1382
3537530555148,1381
3537530655070,1412
3537530754992,1385
3537530854915,1398
3537530954837,1385
3537531054759,1401
3537531154681,1384
3537531254603,1379
3537531354525,1397
3537531454447,1381
3537531554369,1381
3537531654291,1380
3537531754213,1385
3537531854135,1381
3537531954057,1381
3537532053979,1399
3537532153901,1413
3537532253823,1388
3537532353745,1387
3537532453667,1400
3537532553589,1383
3537532653511,1383
3537532753434,1385
3537532853356,1384
3537532953278,1400
3537533053200,1387
3537533153123,1385
3537533253045,1383
3537533352967,1410
3537533452889,1403
3537533552811,1388
3537533652733,1386
3537533752655,1392
3537533852577,1379
3537533952499,1380
3537534052421,1385
3537534152343,1381
3537534252265,1392
3537534352187,1415
3537534452109,1381
3537534552031,1380
3537534651953,1448
3537534751877,1460
3537534851801,1455
3537534951723,1417
3537535051645,1388
3537535151567,1389
3537535251489,1385
3537535351411,1389
3537535451333,1391
3537535551255,1386
3537535651177,1390
3537535751099,1386
3537535851021,1388
3537535950943,1392
3537536050882,1393
3537536150804,1387
3537536250726,1391
3537536350648,1391
3537536450570,1380
3537536550493,1380
3537536650415,1386
3537536750337,1391
3537536850259,1401
3537536950181,1387
3537537050103,1389
3537537150025,1389
3537537249947,1388
3537537349869,1388
3537537449791,1390
3537537549713,1391
3537537649635,1386
3537537749557,1384
3537537849479,1385
3537537949401,1387
3537538049323,1381
3537538149245,1377
3537538249167,1387
3537538349089,1387
3537538449011,1387
3537538548933,1390
3537538648855,1392
3537538748777,1390
3537538848699,1387
3537538948621,1387
3537539048543,1389
3537539148465,1388
3537539248387,1389
3537539348309,1388
3537539448232,1404
3537539548154,1387
3537539648076,1382
3537539747998,1382
3537539847920,1462
3537539947842,1391
3537540047764,1392
3537540147686,1390
3537540247608,1387
3537540347530,1390
3537540447452,1387
3537540547374,1389
3537540647296,1386
3537540747218,1389
3537540847140,1385
3537540947062,1387
3537541046984,1389
3537541146906,1391
3537541246828,1384
3537541346750,1383
3537541446672,1391
3537541546594,1386
3537541646516,1386
3537541746438,1386
3537541846360,1387
3537541946282,1387
3537542046204,1387
3537542146126,1384
3537542246048,1386
3537542345970,1389
3537542445892,1460
3537542545814,1387
3537542645736,1390
3537542745658,1391
3537542845580,1380
3537542945502,1377
3537543045424,1390
3537543145346,1391
3537543245268,1390
3537543345190,1391
3537543445112,1386
3537543545034,1392
3537543644956,1390
3537543744878,1389
3537543844800,1387
3537543944722,1385
3537544044644,1388
3537544144566,1388
3537544244488,1387
3537544344410,1385
3537544444332,1377
3537544544254,1378
3537544644176,1390
3537544744098,1387
3537544844022,1446
3537544943946,1463
3537545043870,1389
3537545143792,1397
3537545243714,1397
3537545343636,1396
3537545443558,1404
3537545543480,1384
3537545643402,1388
3537545743324,1394
3537545843246,1384
3537545943168,1383
3537546043090,1383
3537546143012,1385
3537546242934,1386
3537546342856,1388
3537546442778,1393
3537546542700,1385
3537546642622,1405
3537546742544,1382
3537546842466,1399
3537546942388,1383
3537547042310,1396
3537547142232,1388
3537547242154,1386
3537547342076,1392
3537547441998,1385
3537547541920,1387
3537547641842,1384
3537547741764,1385
3537547841686,1385
3537547941608,1380
3537548041530,1388
3537548141452,1383
3537548241374,1380
3537548341296,1387
3537548441218,1385
3537548541140,1381
3537548641062,1381
3537548740984,1395
3537548840906,1384
3537548940828,1390
3537549040750,1385
3537549140672,1383
3537549240594,1381
3537549340516,1379
3537549440438,1420
3537549540360,1382
3537549640282,1380
3537549740204,1381
3537549840126,1382
3537549940048,1388
3537550039970,1394
3537550139892,1383
3537550239814,1389
3537550339736,1389
3537550439658,1383
3537550539580,1396
3537550639502,1387
3537550739425,1387
3537550839347,1382
3537550939269,1380
3537551039191,1382
3537551139113,1381
3537551239035,1378
3537551338957,1389
3537551438879,1397
3537551538801,1384
3537551638723,1385
3537551738645,1385
3537551838567,1381
3537551938489,1385
3537552038411,1381
3537552138333,1382
3537552238255,1381
3537552338177,1384
3537552438099,1381
3537552538021,1394
3537552637943,1382
3537552737866,1385
3537552837788,1385
3537552937710,1385
3537553037632,1385
3537553137554,1387
3537553237476,1393
3537553337398,1400
3537553437320,1380
3537553537242,1383
3537553637164,1381
3537553737086,1382
3537553837008,1380
3537553936930,1382
3537554036852,1402
3537554136774,1382
3537554236696,1385
3537554336618,1388
3537554436540,1382
3537554536462,1382
3537554636384,1387
3537554736306,1381
3537554836228,1379
3537554936150,1378
3537555036074,1460
3537555135998,1461
3537555235920,1461
3537555335842,1393
3537555435764,1392
3537555535686,1388
3537555635608,1379
3537555735530,1380
3537555835452,1388
3537555935374,1388
3537556035296,1387
3537556135218,1384
3537556235140,1385
3537556335062,1384
3537556434984,1390
3537556534906,1390
3537556634828,1390
3537556734750,1390
3537556834672,1393
3537556934594,1388
3537557034516,1388
3537557134438,1386
3537557234360,1380
3537557334282,1380
3537557434204,1386
3537557534126,1391
3537557634064,1386
3537557733986,1393
3537557833908,1391
3537557933830,1394
3537558033752,1394
3537558133674,1394
3537558233596,1390
3537558333518,1387
3537558433440,1393
3537558533362,1388
3537558633284,1388
3537558733206,1393
3537558833128,1382
3537558933050,1387
3537559032972,1392
3537559132894,1391
3537559232816,1393
3537559332738,1392
3537559432660,1395
3537559532582,1386
3537559632504,1386
3537559732426,1387
3537559832348,1386
3537559932270,1386
3537560032192,1385
3537560132114,1387
3537560232036,1389
3537560331958,1388
3537560431880,1376
3537560531802,1427
3537560631724,1390
3537560731646,1390
3537560831568,1387
3537560931490,1390
3537561031412,1458
3537561131334,1386
3537561231256,1386
3537561331178,1386
3537561431100,1387
3537561531022,1456
3537561630944,1389
3537561730866,1390
3537561830788,1388
3537561930710,1389
3537562030632,1386
3537562130554,1379
3537562230476,1386
3537562330398,1385
3537562430320,1386
3537562530242,1387
3537562630164,1385
3537562730086,1387
3537562830008,1386
3537562929930,1388
3537563029852,1386
3537563129774,1393
3537563229696,1393
3537563329618,1442
3537563429540,1389
3537563529462,1386
3537563629384,1376
3537563729307,1382
3537563829229,1383
3537563929151,1387
3537564029073,1383
3537564128995,1391
3537564228917,1389
3537564328839,1389
3537564428761,1403
3537564528683,1387
3537564628605,1386
3537564728527,1388
3537564828451,1445
3537564928373,1387
3537565028295,1387
3537565128217,1384
3537565228141,1451
3537565328065,1459
3537565427988,1468
3537565527910,1384
3537565627833,1383
3537565727755,1389
3537565827677,1385
3537565927599,1389
3537566027521,1382
3537566127443,1380
3537566227365,1381
3537566327287,1381
3537566427209,1439
3537566527131,1382
3537566627053,1389
3537566726975,1400
3537566826897,1436
3537566926819,1400
3537567026741,1386
3537567126663,1384
3537567226585,1380
3537567326507,1382
3537567426429,1396
3537567526351,1397
3537567626273,1384
3537567726195,1383
3537567826117,1378
3537567926039,1383
3537568025961,1385
3537568125883,1385
3537568225805,1411
3537568325727,1385
3537568425649,1429
3537568525571,1380
3537568625493,1386
3537568725415,1383
3537568825337,1381
3537568925259,1416
3537569025181,1382
3537569125103,1381
3537569225025,1403
3537569324947,1383
3537569424869,1395
3537569524791,1386
3537569624713,1397
3537569724635,1386
3537569824557,1380
3537569924479,1381
3537570024401,1398
3537570124323,1381
3537570224245,1382
3537570324167,1380
3537570424089,1395
3537570524011,1381
3537570623933,1397
3537570723855,1399
3537570823777,1390
3537570923699,1393
3537571023621,1389
3537571123543,1384
3537571223465,1385
3537571323388,1385
3537571423310,1387
3537571523232,1386
3537571623154,1436
3537571723076,1390
3537571822998,1389
3537571922920,1386
3537572022842,1387
3537572122764,1388
3537572222686,1387
3537572322608,1379
3537572422530,1394
3537572522452,1381
3537572622374,1385
3537572722296,1394
3537572822218,1380
3537572922140,1390
3537573022062,1394
3537573121984,1385
3537573221906,1383
3537573321828,1381
3537573421750,1405
3537573521672,1390
3537573621594,1382
3537573721517,1382
3537573821439,1384
3537573921361,1382
3537574021283,1381
3537574121205,1384
3537574221127,1386
3537574321049,1384
3537574420971,1383
3537574520894,1384
3537574620816,1399
3537574720738,1383
3537574820660,1383
3537574920582,1379
3537575020504,1382
3537575120426,1386
3537575220348,1381
3537575320272,1463
3537575420196,1455
3537575520118,1389
3537575620040,1393
3537575719962,1389
3537575819884,1392
3537575919806,1390
3537576019728,1390
3537576119650,1392
3537576219572,1447
3537576319494,1442
3537576419416,1437
3537576519338,1433
3537576619260,1445
3537576719182,1385
3537576819104,1386
3537576919026,1389
3537577018948,1392
3537577118870,1394
3537577218792,1392
3537577318714,1393
3537577418636,1390
3537577518558,1387
3537577618480,1388
3537577718402,1388
3537577818324,1386
3537577918246,1383
3537578018168,1375
3537578118090,1379
3537578218012,1391
3537578317934,1387
3537578417856,1390
3537578517778,1391
3537578617700,1392
3537578717622,1389
3537578817544,1385
3537578917466,1387
3537579017388,1385
3537579117329,1386
3537579217251,1388
3537579317173,1388
3537579417095,1385
3537579517017,1422
3537579616940,1385
3537579716862,1420
3537579816784,1388
3537579916706,1390
3537580016628,1391
3537580116550,1389
3537580216472,1384
3537580316394,1389
3537580416316,1387
3537580516238,1387
3537580616160,1386
3537580716082,1388
3537580816005,1383
3537580915927,1389
3537581015849,1390
3537581115771,1390
3537581215693,1421
3537581315615,1379
3537581415537,1391
3537581515459,1385
3537581615381,1388
3537581715303,1385
3537581815225,1389
3537581915147,1384
3537582015069,1387
3537582114991,1391
3537582214913,1390
3537582314835,1391
3537582414757,1390
3537582514679,1391
3537582614601,1390
3537582714524,1389
3537582814446,1383
3537582914368,1374
3537583014290,1388
3537583114212,1446
3537583214134,1446
3537583314056,1387
3537583413978,1390
3537583513900,1390
3537583613823,1394
3537583713745,1390
3537583813667,1394
3537583913589,1390
3537584013511,1389
3537584113433,1391
3537584213356,1394
3537584313278,1390
3537584413200,1383
3537584513122,1384
3537584613044,1387
3537584712966,1466
3537584812888,1396
3537584912810,1395
3537585012732,1392
3537585112654,1393
3537585212576,1389
3537585312498,1386
3537585412420,1385
3537585512344,1460
3537585612268,1450
3537585712192,1476
3537585812114,1438
3537585912036,1439
3537586011958,1440
3537586111880,1441
3537586211802,1508
3537586311724,1439
3537586411646,1441
3537586511568,1442
3537586611490,1436
3537586711413,1382
3537586811335,1386
3537586911257,1382
3537587011179,1380
3537587111101,1382
3537587211023,1382
3537587310945,1386
3537587410867,1388
3537587510790,1384
3537587610712,1468
3537587710634,1430
3537587810556,1380
3537587910478,1381
3537588010400,1386
3537588110322,1381
3537588210244,1381
3537588310166,1417
3537588410088,1391
3537588510010,1380
3537588609932,1382
3537588709854,1383
3537588809776,1390
3537588909698,1387
3537589009620,1386
3537589109542,1396
3537589209464,1381
3537589309386,1381
3537589409308,1383
3537589509230,1382
3537589609152,1386
3537589709074,1380
3537589808996,1384
3537589908918,1413
3537590008840,1384
3537590108762,1386
3537590208684,1390
3537590308606,1381
3537590408528,1392
3537590508450,1382
3537590608372,1382
3537590708294,1382
3537590808217,1383
3537590908139,1380
3537591008061,1381
3537591107983,1396
3537591207905,1386
3537591307827,1382
3537591407749,1384
3537591507671,1383
3537591607593,1380
3537591707515,1383
3537591807437,1386
3537591907359,1381
3537592007281,1392
3537592107203,1380
3537592207125,1385
3537592307047,1381
3537592406969,1385
3537592506891,1454
3537592606813,1391
3537592706735,1386
3537592806657,1394
3537592906579,1380
3537593006501,1381
3537593106423,1381
3537593206345,1393
3537593306267,1380
3537593406189,1379
3537593506111,1380
3537593606033,1387
3537593705955,1384
3537593805877,1387
3537593905799,1386
3537594005721,1392
3537594105643,1383
3537594205565,1383
3537594305487,1384
3537594405409,1385
3537594505331,1383
3537594605253,1381
3537594705176,1388
3537594805098,1382
3537594905020,1387
3537595004942,1401
3537595104864,1384
3537595204786,1382
3537595304708,1416
3537595404630,1384
3537595504552,1396
3537595604474,1453
3537595704396,1411
3537595804320,1495
3537595904242,1387
3537596004164,1384
3537596104086,1389
3537596204020,1391
3537596303942,1395
3537596403864,1393
3537596503786,1396
3537596603709,1392
3537596703631,1412
3537596803553,1389
3537596903475,1390
3537597003397,1392
3537597103319,1389
3537597203241,1398
3537597303163,1382
3537597403085,1391
3537597503007,1391
3537597602929,1405
3537597702851,1418
3537597802773,1391
3537597902695,1410
3537598002617,1401
3537598102539,1393
3537598202461,1391
3537598302383,1392
3537598402305,1385
3537598502227,1388
3537598602149,1390
3537598702071,1388
3537598801993,1385
3537598901915,1383
3537599001837,1388
3537599101759,1393
3537599201681,1390
3537599301603,1390
3537599401525,1387
3537599501447,1391
3537599601370,1390
3537599701292,1395
3537599801214,1388
3537599901136,1388
3537600001058,1385
3537600100980,1393
3537600200902,1392
3537600300824,1393
3537600400746,1384
3537600500668,1385
3537600600590,1386
3537600700527,1426
3537600800449,1388
3537600900371,1386
3537601000293,1391
3537601100215,1389
3537601200137,1390
3537601300059,1387
3537601399981,1389
3537601499903,1391
3537601599825,1390
3537601699747,1392
3537601799669,1392
3537601899591,1386
3537601999513,1378
3537602099435,1374
3537602199357,1386
3537602299279,1385
3537602399201,1386
3537602499123,1390
3537602599045,1389
3537602698967,1392
3537602798889,1389
3537602898811,1386
3537602998733,1405
3537603098655,1393
3537603198577,1390
3537603298499,1385
3537603398421,1385
3537603498343,1387
3537603598265,1384
3537603698187,1387
3537603798109,1389
3537603898031,1386
3537603997953,1389
3537604097875,1392
3537604197797,1390
3537604297719,1390
3537604397641,1389
3537604497563,1388
3537604597485,1386
3537604697408,1425
3537604797330,1387
3537604897252,1386
3537604997174,1385
3537605097096,1386
3537605197018,1376
3537605296940,1381
3537605396862,1393
3537605496784,1393
3537605596706,1388
3537605696630,1461
3537605796554,1455
3537605896476,1438
3537605996398,1437
3537606096320,1440
3537606196242,1436
3537606296164,1440
3537606396086,1434
3537606496008,1435
3537606595930,1438
3537606695852,1386
3537606795774,1383
3537606895696,1386
3537606995618,1381
3537607095540,1391
3537607195462,1382
3537607295384,1387
3537607395306,1381
3537607495228,1380
3537607595150,1381
3537607695072,1383
3537607794994,1385
3537607894916,1385
3537607994838,1385
3537608094760,1385
3537608194682,1384
3537608294604,1382
3537608394526,1560
3537608494448,1381
3537608594370,1382
3537608694292,1419
3537608794214,1391
3537608894136,1409
3537608994058,1386
3537609093980,1418
3537609193902,1423
3537609293825,1388
3537609393747,1389
3537609493669,1389
3537609593591,1385
3537609693513,1384
3537609793435,1385
3537609893357,1383
3537609993279,1445
3537610093201,1385
3537610193123,1385
3537610293045,1385
3537610392968,1398
3537610492890,1387
3537610592812,1391
3537610692734,1388
3537610792656,1397
3537610892578,1381
3537610992500,1392
3537611092422,1380
3537611192344,1383
3537611292266,1391
3537611392188,1381
3537611492110,1382
3537611592032,1380
3537611691954,1383
3537611791876,1387
3537611891798,1382
3537611991720,1386
3537612091642,1385
3537612191564,1381
3537612291486,1386
3537612391408,1381
3537612491330,1381
3537612591252,1382
3537612691174,1417
3537612791096,1383
3537612891018,1382
3537612990940,1384
3537613090862,1407
3537613190784,1388
3537613290706,1384
3537613390628,1386
3537613490550,1383
3537613590472,1381
3537613690394,1380
3537613790316,1382
3537613890238,1380
3537613990160,1393
3537614090082,1383
3537614190004,1381
3537614289926,1404
3537614389848,1385
3537614489770,1386
3537614589692,1383
3537614689614,1384
3537614789537,1417
3537614889459,1391
3537614989381,1388
3537615089303,1392
3537615189225,1386
3537615289147,1381
3537615389069,1396
3537615488991,1384
3537615588913,1383
3537615688835,1420
