3466858467421,1579
3466858567362,862
3466858667285,883
3466858767208,866
3466858867130,855
3466858967052,691
3466859066974,696
3466859166897,698
3466859266819,698
3466859366741,696
3466859466663,699
3466859566585,698
3466859666507,693
3466859766429,693
3466859866351,695
3466859966273,692
3466860066195,693
3466860166117,694
3466860266039,694
3466860365961,696
3466860465883,696
3466860565805,696
3466860665727,696
3466860765649,694
3466860865571,697
3466860965493,698
3466861065415,696
3466861165337,696
3466861265259,689
3466861365181,686
3466861465103,691
3466861565025,694
3466861664947,696
3466861764870,697
3466861864792,696
3466861964714,695
3466862064636,697
3466862164558,697
3466862264480,697
3466862364402,697
3466862464324,694
3466862564246,693
3466862664168,693
3466862764090,692
3466862864012,688
3466862963934,695
3466863063856,700
3466863163778,697
3466863263700,699
3466863363622,696
3466863463544,699
3466863563467,730
3466863663389,749
3466863763311,727
3466863863233,717
3466863963155,716
3466864063077,716
3466864162999,719
3466864262921,720
3466864362843,718
3466864462765,718
3466864562687,718
3466864662609,725
3466864762531,705
3466864862453,692
3466864962375,692
3466865062297,688
3466865162219,688
3466865262141,693
3466865362063,687
3466865461985,691
3466865561907,691
3466865661829,691
3466865761752,707
3466865861674,697
3466865961596,690
3466866061518,711
3466866161441,692
3466866261363,696
3466866361285,687
3466866461207,700
3466866561129,688
3466866661051,688
3466866760973,692
3466866860895,691
3466866960817,703
3466867060739,691
3466867160661,696
3466867260583,690
3466867360505,717
3466867460427,692
3466867560349,691
3466867660271,688
3466867760193,738
3466867860115,702
3466867960037,687
3466868059959,691
3466868159881,690
3466868259803,694
3466868359725,695
3466868459647,696
3466868559569,691
3466868659492,738
3466868759414,753
3466868859336,698
3466868959258,690
3466869059180,693
3466869159102,693
3466869259024,688
3466869358946,689
3466869458868,696
3466869558790,696
3466869658712,694
3466869758635,697
3466869858557,698
3466869958479,696
3466870058401,695
3466870158323,695
3466870258245,691
3466870358167,694
3466870458089,694
3466870558011,693
3466870657933,696
3466870757856,697
3466870857778,692
3466870957700,691
3466871057622,696
3466871157544,697
3466871257466,695
3466871357388,695
3466871457310,698
3466871557232,690
3466871657154,693
3466871757076,692
3466871856998,693
3466871956920,698
3466872056842,696
3466872156764,693
3466872256686,695
3466872356608,697
3466872456530,695
3466872556452,691
3466872656374,715
3466872756296,692
3466872856218,691
3466872956140,693
3466873056062,693
3466873155984,697
3466873255906,696
3466873355828,694
3466873455750,697
3466873555672,700
3466873655594,696
3466873755517,730
3466873855440,746
3466873955368,721
3466874055291,720
3466874155213,715
3466874255135,736
3466874355057,714
3466874454979,718
3466874554901,720
3466874654823,720
3466874754746,692
3466874854668,691
3466874954590,691
3466875054512,692
3466875154434,693
3466875254356,691
3466875354278,691
3466875454200,703
3466875554122,698
3466875654044,687
3466875753966,693
3466875853888,695
3466875953810,706
3466876053732,710
3466876153654,695
3466876253576,694
3466876353498,694
3466876453420,707
3466876553342,696
3466876653264,724
3466876753186,688
3466876853108,714
3466876953030,688
3466877052952,700
3466877152874,691
3466877252796,695
3466877352718,691
3466877452640,695
3466877552562,692
3466877652484,691
3466877752407,692
3466877852329,692
3466877952251,689
3466878052173,695
3466878152095,691
3466878252017,699
3466878351939,691
3466878451861,691
3466878551783,694
3466878651705,695
3466878751627,691
3466878851549,731
3466878951472,749
3466879051394,697
3466879151316,691
3466879251238,692
3466879351160,692
3466879451082,691
3466879551004,693
3466879650926,695
3466879750848,693
3466879850770,696
3466879950692,697
3466880050614,694
3466880150536,695
3466880250458,694
3466880350380,696
3466880450302,685
3466880550224,686
3466880650146,691
3466880750068,694
3466880849990,695
3466880949912,695
3466881049834,695
3466881149756,696
3466881249698,693
3466881349620,694
3466881449542,696
3466881549464,696
3466881649386,696
3466881749309,699
3466881849231,691
3466881949153,693
3466882049075,690
3466882148997,694
3466882248919,694
3466882348841,696
3466882448763,695
3466882548685,696
3466882648607,697
3466882748529,697
3466882848451,693
3466882948373,698
3466883048295,691
3466883148217,694
3466883248139,693
3466883348061,691
3466883447983,697
3466883547905,698
3466883647827,694
3466883747749,691
3466883847671,695
3466883947593,735
3466884047516,746
3466884147439,694
3466884247361,694
3466884347283,689
3466884447205,696
3466884547127,688
3466884647049,688
3466884746972,692
3466884846894,692
3466884946816,700
3466885046738,705
3466885146661,747
3466885246583,713
3466885346505,693
3466885446427,693
3466885546349,691
3466885646271,690
3466885746193,691
3466885846115,691
3466885946037,688
3466886045959,691
3466886145882,722
3466886245804,701
3466886345726,699
3466886445648,690
3466886545570,715
3466886645492,691
3466886745415,693
3466886845337,691
3466886945259,688
3466887045181,688
3466887145103,688
3466887245025,688
3466887344947,691
3466887444869,701
3466887544791,691
3466887644713,692
3466887744635,696
3466887844557,692
3466887944479,692
3466888044401,692
3466888144323,694
3466888244245,688
3466888344167,688
3466888444089,687
3466888544011,722
3466888643933,695
3466888743856,696
3466888843778,709
3466888943700,693
3466889043622,745
3466889143545,769
3466889243467,701
3466889343389,702
3466889443311,699
3466889543233,691
3466889643155,692
3466889743077,691
3466889842999,697
3466889942921,697
3466890042843,691
3466890142765,693
3466890242687,696
3466890342609,697
3466890442531,696
3466890542453,694
3466890642375,695
3466890742297,692
3466890842219,692
3466890942141,691
3466891042063,691
3466891141985,695
3466891241907,696
3466891341829,695
3466891441751,697
3466891541673,696
3466891641595,689
3466891741517,692
3466891841439,696
3466891941361,695
3466892041283,691
3466892141205,693
3466892241127,694
3466892341049,690
3466892440971,730
3466892540894,699
3466892640816,740
3466892740738,696
3466892840660,697
3466892940582,696
3466893040504,696
3466893140426,698
3466893240348,693
3466893340270,689
3466893440192,693
3466893540114,692
3466893640036,692
3466893739958,697
3466893839880,698
3466893939802,696
3466894039724,697
3466894139646,739
3466894239569,741
3466894339491,722
3466894439413,727
3466894539335,726
3466894639257,716
3466894739179,688
3466894839101,761
3466894939023,688
3466895038945,691
3466895138867,699
3466895238789,699
3466895338711,690
3466895438633,697
3466895538555,692
3466895638477,693
3466895738399,691
3466895838321,697
3466895938243,687
3466896038165,687
3466896138087,689
3466896238009,690
3466896337931,691
3466896437853,725
3466896537775,692
3466896637697,693
3466896737620,693
3466896837542,692
3466896937464,711
3466897037386,698
3466897137308,687
3466897237230,689
3466897337152,694
3466897437074,688
3466897536996,697
3466897636918,692
3466897736840,692
3466897836762,693
3466897936684,692
3466898036606,708
3466898136528,692
3466898236450,692
3466898336372,698
3466898436294,687
3466898536216,703
3466898636138,687
3466898736060,714
3466898835982,693
3466898935904,691
3466899035826,691
3466899135748,692
3466899235671,739
3466899335594,750
3466899435517,700
3466899535439,697
3466899635361,690
3466899735283,688
3466899835205,692
3466899935127,693
3466900035049,692
3466900134971,697
3466900234893,697
3466900334815,695
3466900434737,695
3466900534659,695
3466900634581,696
3466900734503,696
3466900834425,697
3466900934347,696
3466901034269,693
3466901134191,690
3466901234113,688
3466901334035,688
3466901433957,697
3466901533879,699
3466901633801,699
3466901733723,697
3466901833645,702
3466901933567,700
3466902033489,698
3466902133411,698
3466902233333,700
3466902333255,691
3466902433177,692
3466902533099,692
3466902633021,692
3466902732943,695
3466902832865,692
3466902932787,690
3466903032709,697
3466903132631,697
3466903232553,697
3466903332475,697
3466903432397,695
3466903532319,696
3466903632241,693
3466903732163,694
3466903832085,692
3466903932007,694
3466904031945,702
3466904131867,695
3466904231789,697
3466904331712,761
3466904431634,742
3466904531556,777
3466904631478,723
3466904731400,691
3466904831322,692
3466904931244,694
3466905031166,693
3466905131088,687
3466905231010,688
3466905330932,691
3466905430854,696
3466905530776,692
3466905630698,692
3466905730620,691
3466905830543,693
3466905930465,692
3466906030387,706
3466906130309,688
3466906230231,691
3466906330153,688
3466906430075,696
3466906529997,703
3466906629919,691
3466906729841,692
3466906829764,691
3466906929686,692
3466907029608,690
3466907129530,691
3466907229452,691
3466907329374,697
3466907429296,688
3466907529218,688
3466907629140,689
3466907729062,689
3466907828984,726
3466907928906,691
3466908028828,691
3466908128750,692
3466908228672,698
3466908328594,690
3466908428516,692
3466908528438,696
3466908628360,694
3466908728282,706
3466908828204,687
3466908928126,688
3466909028048,686
3466909127970,692
3466909227892,691
3466909327814,690
