3467015358594,9526
3467015458527,5544
3467015558449,5562
3467015658371,5539
3467015758293,5754
3467015858215,5751
3467015958137,5746
3467016058059,5748
3467016157982,5896
3467016257904,5544
3467016357826,5571
3467016457748,5543
3467016557670,5494
3467016657592,5565
3467016757515,5543
3467016857437,5527
3467016957359,5598
3467017057281,5528
3467017157203,5528
3467017257125,5526
3467017357047,5525
3467017456969,5534
3467017556891,5536
3467017656813,5581
3467017756736,5542
3467017856658,5524
3467017956580,5538
3467018056502,5540
3467018156425,5494
3467018256347,5496
3467018356269,5532
3467018456191,5529
3467018556113,5527
3467018656035,5611
3467018755958,5562
3467018855880,5536
3467018955802,5533
3467019055724,5533
3467019155646,5547
3467019255568,5537
3467019355490,5534
3467019455413,5533
3467019555335,5531
3467019655257,5533
3467019755179,5491
3467019855101,5492
3467019955023,5532
3467020054945,5534
3467020154867,5539
3467020254789,5540
3467020354711,5527
3467020454633,5605
3467020554556,5690
3467020654479,5588
3467020754402,5546
3467020854325,5525
3467020954248,5748
3467021054170,5743
3467021154093,5855
3467021254015,5832
3467021353937,5738
3467021453859,5535
3467021553781,5561
3467021653704,5527
3467021753627,5544
3467021853549,5525
3467021953471,5542
3467022053393,5551
3467022153315,5535
3467022253237,5532
3467022353159,5548
3467022453081,5554
3467022553004,5612
3467022652926,5604
3467022752849,5531
3467022852771,5546
3467022952693,5530
3467023052615,5550
3467023152537,5533
3467023252459,5548
3467023352381,5528
3467023452303,5527
3467023552225,5530
3467023652147,5522
3467023752069,5526
3467023851991,5546
3467023951913,5551
3467024051835,5533
3467024151757,5555
3467024251680,5712
3467024351602,5529
3467024451524,5622
3467024551447,5523
3467024651369,5824
3467024751291,5533
3467024851213,5525
3467024951135,5564
3467025051057,5516
3467025150979,5542
3467025250901,5538
3467025350823,5552
3467025450745,5551
3467025550667,5601
3467025650589,5677
3467025750512,5539
3467025850434,5538
3467025950356,5538
3467026050279,5778
3467026150202,5713
3467026250124,5718
3467026350046,5749
3467026449968,5809
3467026549890,5764
3467026649812,5789
3467026749735,5560
3467026849657,5540
3467026949579,5556
3467027049501,5540
3467027149423,5540
3467027249345,5533
3467027349267,5532
3467027449189,5545
3467027549111,5532
3467027649033,5553
3467027748955,5501
3467027848877,5500
3467027948799,5553
3467028048721,5534
3467028148644,5540
3467028248566,5543
3467028348488,5573
3467028448410,5535
3467028548332,5522
3467028648254,5572
3467028748176,5545
3467028848098,5536
3467028948020,5528
3467029047942,5529
3467029147864,5535
3467029247786,5531
3467029347708,5489
3467029447630,5531
3467029547552,5530
3467029647474,5536
3467029747396,5546
3467029847318,5533
3467029947240,5534
3467030047162,5529
3467030147084,5548
3467030247006,5532
3467030346928,5538
3467030446850,5528
3467030546772,5525
3467030646694,5600
3467030746617,6217
3467030846540,5549
3467030946462,5508
3467031046384,5530
3467031146307,5845
3467031246229,5769
3467031346151,5753
3467031446073,5733
3467031545995,5821
3467031645917,5754
3467031745839,5545
3467031845761,5567
3467031945683,5559
3467032045605,5523
3467032145527,5618
3467032245449,5534
3467032345371,5517
3467032445293,5565
3467032545215,5510
3467032645137,5516
3467032745059,5531
3467032844981,5523
3467032944903,5546
3467033044825,5549
3467033144748,5618
3467033244670,5534
3467033344592,5535
3467033444514,5519
3467033544436,5539
3467033644358,5540
3467033744280,5532
3467033844203,5521
3467033944125,5552
3467034044047,5523
3467034143969,5828
3467034243891,5518
3467034343813,5537
3467034443736,5524
3467034543658,5528
3467034643580,5533
3467034743502,5543
3467034843424,5538
3467034943346,5522
3467035043268,5567
3467035143190,5698
3467035243112,5544
3467035343034,5541
3467035442956,5519
3467035542878,5530
3467035642800,5539
3467035742723,5694
3467035842645,5682
3467035942567,5576
3467036042490,5535
3467036142412,5750
3467036242335,5798
3467036342257,5756
3467036442179,5760
3467036542101,5772
3467036642024,5749
3467036741947,5575
3467036841869,5539
3467036941813,5541
3467037041735,5536
3467037141657,5640
3467037241579,5542
3467037341501,5503
3467037441423,5500
3467037541345,5530
3467037641267,5535
3467037741189,5535
3467037841112,5538
3467037941034,5535
3467038040956,5538
3467038140878,5573
3467038240800,5538
3467038340722,5544
3467038440644,5542
3467038540566,5537
3467038640488,5542
3467038740410,5564
3467038840332,5533
3467038940254,5498
3467039040176,5498
3467039140098,5768
3467039240020,5550
3467039339942,5541
3467039439864,5537
3467039539786,5537
3467039639708,5545
3467039739630,5531
3467039839552,5544
3467039939474,5529
3467040039396,5541
3467040139318,5578
3467040239240,5538
3467040339162,5531
3467040439084,5545
3467040539006,5505
3467040638928,5520
3467040738851,5553
3467040838773,5606
3467040938696,5713
3467041038618,5515
3467041138541,5533
3467041238463,5563
3467041338386,6119
3467041438308,5753
3467041538230,5752
3467041638152,5730
3467041738074,5730
3467041837997,5739
3467041937919,5785
3467042037841,5527
3467042137763,5530
3467042237686,5603
3467042337608,5551
3467042437530,5544
3467042537452,5514
3467042637374,5517
3467042737296,5543
3467042837218,5523
3467042937140,5534
3467043037062,5544
3467043136984,5522
3467043236906,5514
3467043336828,5553
3467043436750,5523
3467043536672,5541
3467043636594,5534
3467043736516,5568
3467043836438,5559
3467043936360,5531
3467044036282,5540
3467044136204,5520
3467044236126,5529
3467044336048,5532
3467044435970,5554
3467044535892,5516
3467044635814,5530
3467044735736,5537
3467044835658,5520
3467044935580,5528
3467045035502,5539
3467045135424,5513
3467045235346,5574
3467045335268,5542
3467045435190,5781
3467045535112,5543
3467045635034,5542
3467045734956,5516
3467045834878,5520
3467045934801,5586
3467046034723,5718
3467046134646,5536
3467046234568,5532
3467046334490,5560
3467046434412,5777
3467046534334,5746
3467046634256,5749
3467046734179,5844
3467046834101,5787
3467046934023,5498
3467047033945,5504
3467047133867,5533
3467047233789,5538
3467047333711,5536
3467047433633,5532
3467047533555,5533
3467047633477,5532
3467047733399,5531
3467047833321,5536
3467047933243,5536
3467048033165,5532
3467048133087,5527
3467048233009,5529
3467048332931,5539
3467048432853,5542
3467048532776,5498
3467048632698,5496
3467048732620,5557
3467048832542,5540
3467048932464,5540
3467049032386,5543
3467049132308,5538
3467049232230,5537
3467049332152,5530
3467049432074,5533
3467049532011,5594
3467049631933,5538
3467049731855,5530
3467049831777,5543
3467049931699,5531
3467050031621,5610
3467050131543,5494
3467050231465,5503
3467050331387,5535
3467050431309,5538
3467050531231,5605
3467050631153,5532
3467050731075,5553
3467050830997,5534
3467050930919,5536
3467051030841,5640
3467051130763,5666
3467051230685,5516
3467051330607,5521
3467051430529,5561
3467051530451,5785
3467051630373,5756
3467051730295,5733
3467051830217,5788
3467051930139,5735
3467052030062,5757
3467052129984,5745
3467052229907,5540
3467052329829,5540
3467052429751,5560
3467052529673,5535
3467052629595,5565
3467052729517,5548
3467052829440,5523
3467052929362,5525
3467053029284,5519
3467053129206,5534
3467053229128,5524
3467053329050,5573
3467053428972,5583
3467053528894,5536
3467053628816,5554
3467053728738,5533
3467053828661,5546
3467053928583,5531
3467054028505,5552
3467054128427,5531
3467054228349,5535
3467054328271,5524
3467054428193,5519
3467054528115,5560
3467054628037,5519
3467054727959,5561
3467054827881,5530
3467054927803,5677
3467055027725,5610
3467055127647,5516
3467055227569,5530
3467055327491,5530
3467055427413,5537
3467055527335,5601
3467055627257,5547
3467055727179,5528
3467055827101,5531
3467055927023,5544
3467056026945,5594
3467056126867,5582
3467056226790,5680
3467056326712,5537
3467056426634,5522
3467056526556,5536
3467056626479,5727
3467056726402,5764
3467056826324,5870
3467056926246,5812
3467057026168,5839
3467057126091,5528
3467057226014,5533
3467057325936,5529
3467057425858,5538
3467057525780,5532
3467057625702,5537
3467057725624,5531
3467057825547,5534
3467057925469,5537
3467058025391,5525
3467058125313,5504
3467058225235,5497
3467058325157,5530
3467058425079,5525
3467058525022,5529
3467058624944,5534
3467058724867,5556
3467058824789,5529
3467058924711,5531
3467059024633,5529
3467059124555,5531
3467059224477,5534
3467059324399,5527
3467059424321,5531
3467059524243,5527
3467059624165,5535
3467059724088,5502
3467059824010,5504
3467059923932,5539
3467060023854,5536
3467060123776,5534
3467060223698,5535
3467060323620,5527
3467060423542,5533
3467060523464,5534
3467060623386,5530
3467060723309,5547
3467060823231,5532
3467060923153,5539
3467061023075,5534
3467061122997,5535
3467061222920,5607
3467061322842,5681
3467061422764,5559
3467061522686,5534
3467061622609,5520
3467061722531,5774
3467061822454,5737
3467061922376,5760
3467062022298,5734
3467062122220,5772
3467062222143,5769
3467062322065,5755
3467062421988,5537
3467062521910,5523
3467062621832,5547
3467062721755,5542
3467062821677,5520
3467062921599,5577
3467063021521,5520
3467063121444,5592
3467063221366,5533
3467063321288,5520
3467063421210,5538
3467063521132,5560
3467063621054,5517
3467063720976,5519
3467063820898,5540
3467063920820,5558
3467064020742,5551
3467064120664,5527
3467064220587,5560
3467064320509,5561
3467064420431,5572
3467064520353,5523
3467064620275,5555
3467064720197,5552
3467064820119,5534
3467064920041,5538
3467065019963,5550
3467065119885,5537
3467065219807,5518
3467065319729,5530
3467065419651,5525
3467065519573,5525
3467065619495,5522
3467065719417,5525
3467065819339,5545
3467065919261,5564
3467066019183,5543
3467066119105,5590
