734003681555,750
734003781473,371
734003881377,299
734003981279,299
734004081181,299
734004181083,299
734004280985,304
734004380888,305
734004480790,304
734004580692,299
734004680594,299
734004780496,299
734004880398,299
734004980300,299
734005080202,299
734005180104,299
734005280006,301
734005379908,307
734005479810,305
734005579712,302
734005679614,299
734005779516,299
734005879418,299
734005979320,299
734006079222,299
734006179124,299
734006279026,299
734006378928,302
734006478830,302
734006578732,302
734006678634,299
734006778536,299
734006878438,299
734006978340,299
734007078242,299
734007178144,299
734007278046,298
734007377948,302
734007477850,302
734007577752,302
734007677654,299
734007777556,299
734007877458,299
734007977360,299
734008077262,299
734008177164,298
734008277066,299
734008376968,304
734008476870,304
734008576772,304
734008676674,299
734008776576,299
734008876478,299
734008976380,299
734009076282,299
734009176184,299
734009276086,299
734009375988,305
734009475890,307
734009575792,305
734009675694,299
734009775596,299
734009875498,299
734009975400,299
734010075302,299
734010175204,299
734010275106,299
734010375008,299
734010474910,302
734010574812,302
734010674714,303
734010774616,299
734010874518,298
734010974420,299
734011074322,299
734011174224,299
734011274126,299
734011374028,299
734011473930,306
734011573832,305
734011673734,305
734011773636,299
734011873538,299
734011973440,299
734012073342,299
734012173244,299
734012273146,299
734012373048,301
734012472950,304
734012572852,305
734012672754,304
734012772656,299
734012872558,299
734012972460,299
734013072362,299
734013172264,299
734013272166,299
734013372068,299
734013471970,304
734013571872,306
734013671774,304
734013771677,329
734013871581,298
734013971483,299
734014071385,299
734014171287,301
734014271189,299
734014371091,299
734014470993,305
734014570895,305
734014670797,305
734014770699,299
734014870601,298
734014970503,299
734015070405,299
734015170307,299
734015270209,299
734015370111,299
734015470013,299
734015569915,302
734015669817,302
734015769719,303
734015869621,298
734015969523,299
734016069425,299
734016169327,299
734016269229,299
734016369131,299
734016469033,299
734016568935,303
734016668837,303
734016768739,302
734016868641,298
734016968543,299
734017068445,299
734017168347,299
734017268249,299
734017368151,300
734017468054,301
734017567956,304
734017667858,307
734017767760,304
734017867662,299
734017967564,299
734018067466,299
734018167368,300
734018267270,298
734018367172,298
734018467074,299
734018566976,304
734018666878,304
734018766780,304
734018866682,299
734018966584,300
734019066487,299
734019166389,300
734019266291,300
734019366193,299
734019466095,299
734019565997,302
734019665899,302
734019765801,303
734019865703,302
734019965605,298
734020065507,299
734020165409,299
734020265311,299
734020365213,299
734020465115,311
734020565017,300
734020664919,323
734020764821,302
734020864723,302
734020964625,298
734021064527,299
734021164429,298
734021264331,299
734021364233,300
734021464135,299
734021564037,301
734021663939,308
734021763841,310
734021863743,305
734021963645,299
734022063547,299
734022163449,299
734022263351,299
734022363253,299
734022463155,298
734022563057,299
734022662959,305
734022762861,305
734022862763,305
734022962665,300
734023062567,299
734023162469,298
734023262371,299
734023362273,299
734023462175,299
734023562077,299
734023661979,302
734023761881,316
734023861783,302
734023961685,299
734024061587,299
734024161489,299
734024261391,299
734024361293,298
734024461195,298
734024561097,299
734024660999,302
734024760901,302
734024860803,301
734024960705,302
734025060607,299
734025160509,299
734025260411,299
734025360313,299
734025460215,299
734025560117,299
734025660019,317
734025759921,306
734025859823,306
734025959725,314
734026059627,299
734026159529,299
734026259431,299
734026359333,299
734026459235,299
734026559137,299
734026659039,321
734026758941,304
734026858843,302
734026958745,303
734027058647,299
734027158550,299
734027258452,299
734027358354,299
734027458256,299
734027558158,299
734027658060,299
734027757983,303
734027857885,302
734027957787,302
734028057691,299
734028157593,299
734028257495,299
734028357397,299
734028457299,299
734028557201,301
734028657103,299
734028757005,299
734028856907,302
734028956809,302
734029056711,320
734029156613,299
734029256515,299
734029356417,300
734029456319,299
734029556222,299
734029656124,299
734029756028,302
734029855930,304
734029955832,307
734030055734,324
734030155636,299
734030255538,299
734030355440,299
734030455342,299
734030555244,299
734030655146,299
734030755048,299
734030854950,302
734030954852,303
734031054754,302
734031154656,298
734031254558,299
734031354460,299
734031454362,299
734031554264,299
734031654166,299
734031754068,299
734031853970,304
734031953872,317
734032053774,305
734032153676,299
734032253578,299
734032353480,299
734032453382,299
734032553284,299
734032653186,320
734032753088,299
734032852990,304
734032952892,302
734033052794,304
734033152696,299
734033252598,300
734033352500,300
734033452402,299
734033552304,299
734033652206,299
734033752109,313
734033852013,302
734033951915,305
734034051817,307
734034151719,303
734034251621,299
734034351523,299
734034451425,298
734034551327,299
734034651229,299
734034751131,299
734034851033,299
734034950935,303
734035050837,302
734035150739,303
734035250641,299
734035350543,299
734035450445,299
734035550347,299
734035650249,299
734035750151,300
734035850053,299
734035949955,302
734036049857,302
734036149759,301
734036249661,298
734036349563,299
734036449465,299
734036549367,300
734036649269,299
734036749171,299
734036849073,299
734036948975,305
734037048877,302
734037148779,304
734037248681,299
734037348583,299
734037448485,299
734037548387,299
734037648289,299
734037748191,299
734037848093,299
734037947995,305
734038047897,305
734038147799,307
734038247701,298
734038347603,300
734038447505,299
734038547407,299
734038647309,299
734038747211,300
734038847113,299
734038947015,299
734039046917,302
734039146819,302
734039246721,302
734039346623,299
734039446525,299
734039546427,300
734039646329,299
734039746231,301
734039846133,299
734039946035,299
734040045937,302
734040145839,302
734040245741,302
734040345643,299
734040445545,299
734040545447,300
734040645349,299
734040745251,300
734040845153,299
734040945055,299
734041044957,305
734041144859,303
734041244761,304
734041344663,299
734041444565,299
734041544467,299
734041644369,299
734041744271,299
734041844173,299
734041944075,301
734042043977,308
734042143879,308
734042243781,323
734042343683,310
734042443585,311
734042543487,312
734042643389,310
734042743291,299
734042843193,319
734042943095,300
734043042997,302
734043142899,302
734043242801,302
734043342703,301
734043442605,299
734043542507,299
734043642409,298
734043742311,313
734043842215,298
734043942118,298
734044042020,299
734044141922,302
734044241824,302
734044341726,302
734044441628,299
734044541530,300
734044641432,299
734044741335,299
734044841237,299
734044941139,299
734045041041,301
734045140943,304
734045240845,305
734045340747,302
734045440649,299
734045540551,299
734045640453,299
734045740355,300
734045840257,299
734045940159,299
734046040061,299
734046139963,304
734046239865,302
734046339767,305
734046439669,299
734046539571,299
734046639473,299
734046739375,299
734046839277,299
734046939179,299
734047039081,298
734047138983,301
734047238885,302
734047338787,302
734047438689,299
734047538591,299
734047638493,299
734047738395,299
734047838297,299
734047938199,298
734048038101,299
734048138004,299
734048237906,302
734048337808,302
734048437710,302
734048537612,299
734048637514,299
734048737416,299
734048837318,299
734048937220,299
734049037122,299
734049137024,301
734049236926,327
734049336828,305
734049436730,302
734049536632,299
734049636534,300
734049736436,299
734049836338,299
734049936240,299
734050036142,299
734050136044,299
734050235946,301
734050335848,302
734050435750,302
734050535652,299
734050635554,299
734050735456,299
734050835358,299
734050935260,299
734051035162,299
734051135064,299
734051234966,302
734051334868,302
734051434770,302
734051534672,299
734051634574,298
734051734476,299
734051834394,299
734051934296,299
734052034198,299
734052134100,299
734052234006,299
734052333908,306
734052433810,305
734052533712,306
734052633614,299
734052733516,299
734052833418,299
734052933320,299
734053033222,299
734053133124,299
734053233026,302
734053332928,305
734053432830,305
734053532732,302
734053632634,299
734053732537,312
734053832441,301
734053932343,299
734054032245,299
734054132147,300
734054232049,299
734054331951,301
734054431853,302
734054531755,302
734054631657,298
734054731559,299
734054831461,299
734054931363,299
734055031265,298
734055131167,299
734055231069,299
734055330971,301
734055430873,302
734055530775,303
734055630677,299
734055730579,300
734055830481,299
734055930383,299
734056030285,299
734056130187,299
734056230089,298
734056329991,303
734056429893,302
734056529795,303
734056629697,299
734056729599,299
734056829501,298
734056929403,299
734057029305,299
734057129207,299
734057229109,299
734057329011,303
734057428913,305
734057528815,305
734057628717,302
734057728619,299
734057828521,299
734057928423,298
734058028325,299
734058128227,299
734058228129,299
734058328031,299
734058427933,302
734058527835,303
734058627737,302
734058727639,299
734058827541,298
734058927443,300
734059027345,299
734059127247,300
734059227149,298
734059327051,299
734059426953,302
734059526855,302
734059626757,302
734059726659,300
734059826561,299
734059926463,299
734060026365,299
734060126267,298
734060226169,298
734060326071,299
734060425973,302
734060525875,303
734060625777,302
734060725679,302
734060825581,300
734060925483,299
734061025385,299
734061125287,299
734061225189,299
734061325091,300
734061424993,302
734061524895,303
734061624797,302
734061724699,299
734061824601,299
734061924503,299
734062024405,299
734062124307,300
734062224209,298
734062324111,299
734062424013,299
734062523915,307
734062623817,307
734062723719,307
734062823621,299
734062923523,299
734063023425,298
734063123327,299
734063223229,298
734063323131,299
734063423033,299
734063522935,302
734063622837,302
734063722739,316
734063822641,299
734063922543,299
734064022445,299
734064122347,299
734064222249,299
734064322151,299
734064422053,298
734064521955,303
734064621857,301
734064721759,305
734064821661,299
734064921563,299
734065021465,299
734065121367,299
734065221269,299
734065321171,299
734065421073,299
734065520975,305
734065620877,304
734065720779,305
734065820681,299
734065920583,299
734066020485,299
734066120387,299
734066220289,299
734066320191,299
734066420093,299
734066519995,302
734066619897,302
734066719799,302
734066819701,302
734066919603,299
734067019505,299
734067119407,299
734067219309,299
734067319211,299
734067419113,299
734067519015,301
734067618917,302
734067718819,305
734067818721,302
734067918623,298
734068018525,299
734068118427,299
734068218329,299
734068318231,299
734068418133,298
734068518035,299
734068617937,302
734068717839,302
734068817741,302
734068917643,299
734069017545,299
734069117447,299
734069217349,299
734069317251,299
734069417153,299
734069517055,302
734069616957,304
734069716859,305
734069816761,304
734069916663,299
734070016565,299
734070116468,300
734070216370,299
734070316272,299
734070416174,299
734070516076,299
734070615978,302
734070715880,302
734070815782,301
734070915684,299
734071015586,299
734071115488,298
734071215390,299
734071315292,299
734071415194,299
734071515096,299
734071614998,305
734071714900,303
734071814802,305
734071914704,302
734072014606,299
734072114508,299
734072214410,299
734072314312,298
734072414214,299
734072514116,299
734072614018,299
734072713920,306
734072813822,305
734072913724,304
734073013626,299
734073113528,299
734073213430,299
734073313332,299
734073413234,299
734073513136,299
734073613038,303
734073712940,318
734073812844,304
734073912746,303
734074012648,299
734074112550,299
734074212452,299
734074312354,300
734074412256,299
734074512158,341
734074612060,298
734074711962,302
734074811864,302
734074911766,303
734075011668,299
734075111570,299
734075211472,299
734075311374,299
734075411276,299
734075511178,300
734075611080,299
734075710982,306
734075810884,302
734075910803,307
734076010705,302
734076110607,299
734076210509,299
734076310411,299
734076410313,299
734076510215,300
734076610117,299
734076710019,299
734076809921,303
734076909823,303
734077009725,302
734077109627,299
734077209529,299
734077309431,314
734077409333,299
734077509235,299
734077609137,299
734077709039,303
734077808941,305
734077908843,304
734078008745,303
734078108647,299
734078208549,299
734078308451,299
734078408353,299
734078508255,299
734078608157,298
734078708059,299
734078807961,301
734078907863,302
734079007765,302
734079107667,298
734079207569,299
734079307471,298
734079407373,298
734079507275,300
734079607177,299
734079707079,300
734079806981,304
734079906883,302
734080006785,304
734080106687,299
734080206589,299
734080306491,299
734080406393,299
734080506295,300
734080606197,299
734080706099,299
734080806003,299
734080905905,302
734081005807,303
734081105709,302
734081205611,299
734081305513,300
734081405415,299
734081505317,299
734081605219,299
734081705121,299
734081805023,304
734081904925,305
734082004827,305
734082104729,303
734082204631,298
734082304533,298
734082404435,298
734082504337,299
734082604239,299
734082704141,299
734082804043,299
734082903945,306
734083003847,305
734083103749,305
734083203651,299
734083303553,299
734083403455,299
734083503357,299
734083603259,299
734083703162,313
734083803066,299
734083902968,305
734084002870,302
734084102772,304
734084202674,299
734084302576,299
734084402478,299
734084502380,299
734084602282,299
734084702184,299
734084802086,299
734084901988,302
734085001890,301
734085101792,301
734085201694,299
734085301596,299
734085401498,299
734085501400,299
734085601302,299
734085701204,299
734085801106,299
734085901008,303
734086000910,304
734086100812,306
734086200714,302
734086300616,299
734086400518,298
734086500420,299
734086600322,299
734086700224,299
734086800126,299
734086900028,299
734086999930,302
734087099832,301
734087199734,302
734087299636,299
734087399538,299
734087499440,299
734087599342,299
734087699244,299
734087799146,299
734087899048,299
734087998950,304
734088098852,302
734088198754,304
734088298656,299
734088398558,299
734088498460,299
734088598362,299
734088698264,316
734088798166,299
734088898068,299
734088997970,302
734089097872,301
734089197774,301
734089297676,299
734089397578,299
734089497480,299
734089597382,299
734089697284,299
734089797186,299
734089897088,299
734089996990,306
734090096892,305
734090196794,305
734090296696,299
734090396598,299
734090496500,299
734090596402,299
734090696304,301
734090796206,299
734090896108,300
734090996010,299
734091095912,302
734091195814,302
734091295716,302
734091395618,299
734091495520,299
734091595422,299
734091695324,299
734091795226,299
734091895128,299
734091995030,299
734092094932,304
734092194834,302
734092294736,306
734092394638,299
734092494540,299
734092594442,299
734092694344,299
734092794246,299
734092894148,299
734092994050,298
734093093952,306
734093193854,304
734093293756,305
734093393658,298
734093493560,299
734093593462,299
734093693364,312
734093793268,299
734093893170,300
734093993072,298
734094092974,307
734094192876,304
734094292778,305
734094392680,299
734094492582,298
734094592484,299
734094692386,315
734094792288,299
734094892190,300
734094992092,298
734095091994,303
734095191896,303
734095291798,303
734095391700,299
734095491602,299
734095591504,299
734095691406,299
734095791308,299
734095891210,298
734095991112,299
734096091014,299
734096190916,304
734096290818,302
734096390720,302
734096490622,299
734096590524,299
734096690426,300
734096790328,299
734096890230,298
734096990132,299
734097090034,299
734097189936,304
734097289838,303
734097389740,301
734097489642,299
734097589544,299
734097689446,299
734097789348,299
734097889250,299
734097989152,299
734098089054,300
734098188956,308
734098288858,304
734098388760,305
734098488662,299
734098588564,299
734098688466,299
734098788368,299
734098888270,300
734098988172,299
734099088074,299
734099187976,302
734099287878,302
734099387780,302
734099487682,299
734099587584,299
734099687486,299
734099787388,299
734099887290,299
734099987207,299
734100087109,299
734100187011,298
734100286913,306
734100386815,302
734100486717,303
734100586619,300
734100686521,299
734100786423,300
734100886325,299
734100986227,298
734101086129,299
734101186031,298
734101285933,303
734101385835,302
734101485737,302
734101585639,298
734101685541,299
734101785443,299
734101885345,299
734101985247,298
734102085149,300
734102185051,311
734102284953,314
734102384855,314
734102484757,315
734102584659,310
734102684561,299
734102784463,299
734102884365,300
734102984267,298
734103084169,299
734103184071,298
734103283973,304
734103383875,304
734103483777,304
734103583679,298
734103683581,313
734103783485,301
734103883387,300
734103983290,299
734104083192,299
734104183094,299
734104282996,302
734104382898,302
734104482800,303
734104582702,302
734104682604,299
734104782506,299
734104882408,299
734104982310,298
734105082212,299
734105182114,299
734105282016,299
734105381918,301
734105481820,302
734105581722,302
734105681624,299
734105781526,299
734105881428,299
734105981330,299
734106081232,299
734106181134,299
734106281036,303
734106380938,305
734106480840,305
734106580742,302
734106680644,299
734106780546,299
734106880448,299
734106980350,298
734107080252,299
734107180154,299
734107280056,299
734107379958,302
734107479860,302
734107579762,302
734107679664,299
734107779566,299
734107879468,299
734107979370,299
734108079272,299
734108179174,299
734108279076,299
734108378978,302
734108478880,302
734108578782,302
734108678684,299
734108778586,299
734108878488,299
734108978390,299
734109078292,299
734109178194,299
734109278096,299
734109377998,302
734109477900,302
734109577802,302
734109677704,302
734109777606,299
734109877508,299
734109977410,299
734110077312,300
734110177214,299
734110277116,299
734110377018,303
734110476920,305
734110576822,304
734110676724,302
734110776626,299
734110876528,299
734110976430,299
734111076332,299
734111176234,299
734111276136,299
734111376038,299
734111475940,302
734111575842,302
734111675744,303
734111775646,299
734111875548,299
734111975450,299
734112075352,298
734112175254,299
734112275156,299
734112375058,299
734112474960,303
734112574862,302
734112674764,303
734112774666,299
734112874568,299
734112974470,299
734113074372,299
734113174274,299
734113274176,299
734113374078,299
734113473980,306
734113573882,304
734113673784,305
734113773687,312
734113873591,299
734113973493,299
734114073395,300
734114173297,301
734114273199,299
734114373101,299
734114473004,303
734114572906,306
734114672808,306
734114772710,303
734114872612,300
734114972514,299
734115072416,299
734115172318,299
734115272220,298
734115372122,299
734115472024,299
734115571926,303
734115671828,303
734115771730,303
734115871632,299
734115971534,299
734116071436,299
734116171338,299
734116271240,298
734116371142,299
734116471044,299
734116570946,302
734116670848,302
734116770750,302
734116870652,299
734116970554,299
734117070456,299
734117170358,298
734117270260,299
734117370162,299
734117470064,299
734117569966,302
734117669868,303
734117769770,303
734117869672,299
734117969574,298
734118069476,299
734118169378,299
734118269280,299
734118369182,298
734118469084,299
734118568986,306
734118668888,307
734118768790,305
734118868692,299
734118968596,298
734119068498,299
734119168400,299
734119268302,299
734119368204,299
734119468106,299
734119568008,299
734119667910,303
734119767812,302
734119867714,302
734119967616,299
734120067518,299
734120167420,299
734120267322,299
734120367224,298
734120467126,300
734120567028,299
734120666930,302
734120766832,302
734120866734,302
734120966636,300
734121066538,299
734121166440,299
734121266342,300
734121366244,299
734121466146,299
734121566048,299
734121665950,302
734121765852,302
734121865754,303
734121965656,299
734122065558,299
734122165460,299
734122265362,299
734122365264,298
734122465166,299
734122565068,299
734122664970,327
734122764872,305
734122864774,305
734122964676,299
734123064578,299
734123164480,299
734123264382,300
734123364284,299
734123464186,313
734123564088,299
734123663990,306
734123763892,317
734123863796,304
734123963698,299
734124063617,299
734124163519,299
734124263421,299
734124363323,298
734124463225,299
734124563127,299
734124663029,298
734124762931,302
734124862833,302
734124962735,302
734125062637,299
734125162539,299
734125262441,299
734125362343,299
734125462245,299
734125562147,299
734125662049,299
734125761951,302
734125861853,301
734125961755,302
734126061657,299
734126161559,298
734126261461,299
734126361363,299
734126461265,299
734126561167,299
734126661069,299
734126760971,307
734126860873,306
734126960775,306
734127060677,299
734127160579,299
734127260481,301
734127360383,299
734127460285,299
734127560187,299
734127660089,312
734127759991,302
734127859893,302
734127959795,316
734128059697,299
734128159599,299
734128259501,299
734128359403,299
734128459305,299
734128559207,299
734128659109,318
734128759011,299
734128858913,301
734128958815,301
734129058717,302
734129158619,315
734129258521,299
734129358423,299
734129458325,298
734129558227,299
734129658129,299
734129758031,299
734129857933,302
734129957835,302
734130057737,302
734130157639,299
734130257541,299
734130357443,299
734130457345,299
734130557247,299
734130657149,299
734130757052,300
734130856954,307
734130956856,305
734131056758,305
734131156660,299
734131256562,299
734131356464,299
734131456366,299
734131556268,299
734131656170,299
734131756072,299
734131855974,302
734131955876,302
734132055778,302
734132155680,299
734132255582,299
734132355484,299
734132455386,299
734132555288,299
734132655190,299
734132755092,299
734132854994,302
734132954896,302
734133054798,302
734133154700,299
734133254602,299
734133354504,299
734133454406,299
734133554308,299
734133654210,299
734133754113,312
734133854017,298
734133953919,317
734134053821,306
734134153723,305
734134253625,299
734134353527,299
734134453429,299
734134553331,299
734134653233,314
734134753135,299
734134853037,302
734134952939,307
734135052841,305
734135152743,303
734135252645,299
734135352547,299
734135452449,299
734135552351,299
734135652253,300
734135752155,299
734135852057,299
734135951959,302
734136051861,303
734136151763,302
734136251665,299
734136351567,298
734136451469,299
734136551371,299
734136651273,299
734136751175,299
734136851077,299
734136950979,303
734137050881,302
734137150783,302
734137250685,300
734137350587,299
734137450489,299
734137550391,299
734137650293,299
734137750195,299
734137850097,299
734137949999,302
734138049901,303
734138149803,302
734138249705,301
734138349607,301
734138449509,298
734138549411,299
734138649313,299
734138749215,299
734138849117,300
734138949019,302
734139048921,306
734139148823,305
734139248725,302
734139348627,299
734139448529,299
734139548431,300
734139648333,300
734139748235,299
734139848137,299
734139948039,299
734140047941,302
734140147843,302
734140247745,302
734140347647,299
734140447549,299
734140547451,299
734140647353,299
734140747255,299
734140847157,299
734140947059,299
734141046961,302
734141146863,303
734141246765,303
734141346667,300
734141446569,299
734141546471,299
734141646373,299
734141746275,300
734141846177,300
734141946079,298
734142045981,302
734142145883,303
734142245785,302
734142345687,299
734142445589,299
734142545491,299
734142645393,299
734142745295,300
734142845197,300
734142945099,299
734143045004,299
734143144906,307
734143244808,305
734143344710,302
734143444612,299
734143544514,299
734143644416,300
734143744318,312
734143844220,299
734143944122,299
734144044024,298
734144143926,304
734144243828,307
734144343730,305
734144443632,299
734144543534,299
734144643436,299
734144743338,299
734144843240,299
734144943142,299
734145043044,301
734145142946,304
734145242848,305
734145342750,303
734145442652,299
734145542554,299
734145642456,299
734145742358,299
734145842260,299
734145942162,299
734146042064,300
734146141966,302
734146241868,302
734146341770,302
734146441672,299
734146541574,299
734146641476,299
734146741378,299
734146841280,299
734146941182,299
734147041084,299
734147140986,302
734147240888,306
734147340790,304
734147440692,299
734147540594,298
734147640496,299
734147740398,299
734147840300,299
734147940202,299
734148040104,299
734148140021,299
734148239923,302
734148339825,303
734148439727,302
734148539629,299
734148639531,299
734148739433,299
734148839335,299
734148939237,299
734149039139,299
734149139041,301
734149238943,305
734149338845,321
734149438747,302
734149538649,299
734149638551,299
734149738453,299
734149838355,299
734149938257,299
734150038159,299
734150138061,299
734150237963,302
734150337865,301
734150437767,302
734150537669,299
734150637571,299
734150737473,299
734150837375,299
734150937277,298
734151037179,299
734151137081,299
734151236983,302
734151336885,306
734151436787,305
734151536689,299
734151636591,300
734151736493,299
734151836395,299
734151936297,299
734152036199,299
734152136101,298
734152236004,299
734152335906,302
734152435808,302
734152535710,302
734152635612,299
734152735514,299
734152835416,299
734152935318,299
734153035220,299
734153135122,299
734153235024,302
734153334926,305
734153434828,305
734153534730,302
734153634632,299
734153734534,311
734153834436,298
734153934338,299
734154034240,300
734154134142,298
734154234044,298
734154333946,304
734154433848,304
734154533750,305
734154633652,319
734154733554,300
734154833456,300
734154933358,299
734155033260,299
734155133162,298
734155233064,300
734155332966,302
734155432868,306
734155532770,305
734155632672,300
734155732574,299
734155832476,299
734155932378,299
734156032280,299
734156132182,299
734156232084,299
734156331986,303
734156431888,303
734156531790,302
734156631692,299
734156731594,299
734156831496,299
734156931398,299
734157031300,299
734157131202,298
734157231104,319
734157331006,298
734157430908,302
734157530810,302
734157630712,302
734157730614,299
734157830516,299
734157930418,299
734158030320,299
734158130222,298
734158230124,299
734158330026,300
734158429928,303
734158529830,303
734158629732,302
734158729634,299
734158829536,300
734158929438,298
734159029340,299
734159129242,299
734159229144,301
734159329046,299
734159428948,303
734159528850,302
734159628752,302
734159728654,299
734159828556,299
734159928458,298
734160028360,299
734160128262,298
734160228164,299
734160328066,299
734160427968,307
734160527870,305
734160627772,304
734160727674,299
734160827576,299
734160927478,299
734161027380,299
734161127282,298
734161227184,300
734161327086,299
734161426988,302
734161526890,306
734161626792,303
734161726694,299
734161826596,301
734161926498,299
734162026400,300
734162126302,299
734162226204,313
734162326106,330
734162426008,311
734162525910,314
734162625812,315
734162725714,302
734162825616,300
734162925518,299
734163025420,299
734163125322,299
734163225224,299
734163325126,298
734163425028,299
734163524930,302
734163624832,303
734163724735,314
734163824637,299
734163924540,298
734164024442,299
734164124344,300
734164224246,299
734164324148,299
734164424050,301
734164523952,309
734164623854,307
734164723756,308
734164823658,299
734164923560,299
734165023462,299
734165123364,299
734165223266,299
734165323168,298
734165423070,299
734165522972,302
734165622874,304
734165722776,302
734165822678,298
734165922580,299
734166022482,299
734166122384,299
734166222286,299
734166322188,299
734166422090,299
734166521992,302
734166621894,302
734166721796,302
734166821698,299
734166921600,298
734167021502,299
734167121404,298
734167221306,298
734167321208,298
734167421110,298
734167521012,299
734167620914,302
734167720816,302
734167820718,302
734167920620,298
734168020522,299
734168120424,298
734168220326,299
734168320228,299
734168420130,299
734168520032,299
734168619934,302
734168719836,302
734168819738,301
734168919640,299
734169019542,299
734169119444,299
734169219346,299
734169319248,299
734169419150,299
734169519052,299
734169618954,301
734169718856,305
734169818758,301
734169918660,299
734170018562,299
734170118464,299
734170218366,299
734170318268,299
734170418170,299
734170518072,299
734170617974,302
734170717876,302
734170817778,302
734170917680,299
734171017582,299
734171117484,299
734171217386,298
734171317288,299
734171417190,299
734171517092,298
734171616994,302
734171716896,302
734171816798,302
734171916700,299
734172016602,299
734172116504,299
734172216423,298
734172316325,299
734172416227,299
734172516129,299
734172616031,301
734172715933,305
734172815835,304
734172915737,302
734173015639,298
734173115541,299
734173215443,299
734173315345,299
734173415247,299
734173515149,299
734173615051,299
734173714953,314
734173814855,305
734173914757,302
734174014659,300
734174114561,298
734174214463,298
734174314365,299
734174414267,299
734174514169,299
734174614071,298
734174713973,306
734174813875,306
734174913777,305
734175013679,299
734175113581,299
734175213483,299
734175313385,299
734175413287,299
734175513189,299
734175613091,300
734175712993,302
734175812895,303
734175912797,302
734176012699,304
734176112601,299
734176212503,299
734176312405,299
734176412307,300
734176512209,337
734176612111,299
734176712013,301
734176811915,305
734176911817,306
734177011719,302
734177111621,298
734177211523,300
734177311425,299
734177411327,298
734177511229,299
734177611131,299
734177711033,301
734177810935,304
734177910837,305
734178010739,303
734178110641,299
734178210543,299
734178310445,298
734178410347,299
734178510249,299
734178610151,298
734178710053,300
734178809955,302
734178909857,301
734179009759,302
734179109661,298
734179209563,299
734179309465,299
734179409367,299
734179509269,299
734179609171,300
734179709073,299
734179808975,302
734179908877,302
734180008779,302
734180108681,299
734180208583,299
734180308485,299
734180408387,300
734180508289,299
734180608191,300
734180708093,300
734180807995,305
734180907897,305
734181007799,305
734181107701,298
734181207603,299
734181307505,298
734181407407,299
734181507309,299
734181607211,298
734181707113,299
734181807015,301
734181906917,304
734182006819,306
734182106721,302
734182206623,298
734182306525,299
734182406427,300
734182506329,299
734182606231,298
734182706133,299
734182806035,300
734182905937,302
734183005839,303
734183105741,302
734183205643,299
734183305545,299
734183405447,299
734183505349,299
734183605251,300
734183705153,312
734183805055,299
734183904957,302
734184004859,302
734184104761,302
734184204663,299
734184304565,299
734184404467,299
734184504369,299
734184604271,298
734184704173,299
734184804075,299
734184903977,307
734185003879,307
734185103781,308
734185203683,299
734185303585,299
734185403487,299
734185503389,299
734185603291,299
734185703193,299
734185803095,299
734185902997,304
734186002899,305
734186102801,304
734186202703,303
734186302605,299
734186402507,299
734186502409,299
734186602311,299
734186702213,299
734186802115,299
734186902017,299
734187001919,302
734187101821,302
734187201723,302
734187301625,299
734187401527,299
734187501429,299
734187601331,299
734187701233,299
734187801135,299
734187901037,299
734188000939,301
734188100841,302
734188200743,301
734188300645,299
734188400547,299
734188500449,299
734188600351,299
734188700253,299
734188800155,299
734188900057,300
734188999959,304
734189099861,304
734189199763,305
734189299665,299
734189399567,299
734189499469,299
734189599371,299
734189699273,299
734189799175,299
734189899077,299
734189998979,305
734190098881,304
734190198783,304
734190298685,299
734190398587,299
734190498489,299
734190598391,312
734190698293,321
734190798195,299
734190898097,299
734190997999,302
734191097901,302
734191197803,302
734191297705,302
734191397607,299
734191497509,299
734191597411,299
734191697313,299
734191797215,299
734191897117,299
734191997019,299
734192096921,302
734192196823,302
734192296725,302
734192396627,299
734192496529,299
734192596431,299
734192696333,299
734192796235,299
734192896137,298
734192996039,302
734193095941,305
734193195843,304
734193295745,302
734193395647,299
734193495549,299
734193595451,298
734193695354,312
734193795256,299
734193895158,299
734193995060,299
734194094962,305
734194194864,304
734194294766,308
734194394668,299
734194494570,299
734194594472,298
734194694374,299
734194794276,300
734194894178,299
734194994080,299
734195093982,304
734195193884,304
734195293786,305
734195393688,301
734195493590,299
734195593492,300
734195693394,299
734195793296,299
734195893198,299
734195993100,298
734196093003,301
734196192905,308
734196292824,306
734196392726,303
734196492628,299
734196592530,299
734196692432,299
734196792334,299
734196892236,298
734196992138,299
734197092040,301
734197191942,302
734197291844,304
734197391746,302
734197491648,299
734197591550,299
734197691452,299
734197791354,299
734197891256,300
734197991158,300
734198091060,299
734198190962,305
734198290864,305
734198390766,305
734198490668,299
734198590570,299
734198690472,299
734198790374,299
734198890276,299
734198990178,300
734199090080,299
734199189982,302
734199289884,302
734199389786,302
734199489688,299
734199589590,300
734199689492,299
734199789394,299
734199889296,299
734199989198,298
734200089100,299
734200189004,301
734200288906,307
734200388808,305
734200488710,302
734200588612,299
734200688514,299
734200788416,299
734200888318,298
734200988220,299
734201088122,299
734201188024,303
734201287926,302
734201387828,304
734201487730,301
734201587632,299
734201687534,299
734201787436,299
734201887338,299
734201987240,300
734202087142,298
734202187044,301
734202286946,304
734202386848,305
734202486750,304
734202586652,299
734202686554,299
734202786456,300
734202886358,299
734202986260,299
734203086162,298
734203186064,299
734203285966,302
734203385868,303
734203485770,302
734203585672,300
734203685574,312
734203785478,298
734203885380,299
734203985282,299
734204085184,318
734204185086,299
734204284988,304
734204384890,307
734204484792,304
734204584694,299
734204684596,299
734204784498,299
734204884400,298
734204984302,299
734205084204,310
734205184106,299
734205284008,298
734205383910,304
734205483814,304
734205583716,304
734205683618,299
734205783520,298
734205883422,299
734205983324,299
734206083226,299
734206183128,299
734206283030,299
734206382932,302
734206482834,302
734206582736,301
734206682638,299
734206782540,299
734206882442,299
734206982344,299
734207082246,298
734207182148,299
734207282050,299
734207381952,302
734207481854,302
734207581756,303
734207681658,299
734207781560,299
734207881462,299
734207981364,299
734208081266,299
734208181168,299
734208281070,299
734208380972,302
734208480874,302
734208580776,301
734208680678,299
734208780580,299
734208880482,298
734208980384,299
734209080286,299
734209180188,299
734209280090,299
734209379992,317
734209479894,305
734209579796,306
734209679698,299
734209779600,299
734209879502,299
734209979404,299
734210079306,299
734210179208,299
734210279110,298
734210379012,299
734210478914,307
734210578816,302
734210678718,302
734210778620,299
734210878522,299
734210978424,299
734211078326,299
734211178228,299
734211278130,299
734211378032,299
734211477934,302
734211577836,302
734211677738,301
734211777640,299
734211877542,298
734211977444,299
734212077346,299
734212177248,299
734212277150,299
734212377052,299
734212476954,302
734212576856,302
734212676759,302
734212776661,299
734212876563,299
734212976465,299
734213076367,299
734213176269,299
734213276171,299
734213376073,299
734213475975,304
734213575877,304
734213675779,306
734213775682,312
734213875584,300
734213975486,300
734214075388,299
734214175290,298
734214275192,298
734214375094,299
734214474996,305
734214574898,307
734214674800,303
734214774702,304
734214874604,300
734214974506,299
734215074408,299
734215174310,299
734215274212,299
734215374114,299
734215474016,299
734215573918,306
734215673820,305
734215773722,305
734215873624,298
734215973526,300
734216073428,300
734216173330,299
734216273232,299
734216373134,300
734216473036,299
734216572938,303
734216672840,302
734216772742,302
734216872644,298
734216972546,299
734217072448,299
734217172350,299
734217272252,299
734217372154,299
734217472056,299
734217571958,302
734217671860,303
734217771762,303
734217871664,299
734217971566,300
734218071468,299
734218171370,298
734218271272,299
734218371174,299
734218471076,300
734218570978,305
734218670880,306
734218770782,307
734218870684,299
734218970586,298
734219070488,299
734219170390,298
734219270292,299
734219370194,299
734219470096,299
734219569998,302
734219669900,303
734219769802,302
734219869704,302
734219969606,299
734220069508,299
734220169410,299
734220269312,299
734220369230,299
734220469132,299
734220569034,299
734220668936,302
734220768838,302
734220868740,304
734220968642,299
734221068544,299
734221168446,299
734221268348,299
734221368250,299
734221468152,299
734221568054,299
734221667956,302
734221767858,302
734221867760,302
734221967662,300
734222067564,299
734222167466,313
734222267368,310
734222367270,311
734222467172,299
734222567074,299
734222666976,305
734222766878,306
734222866780,308
734222966682,299
734223066584,299
734223166486,299
734223266388,299
734223366290,299
734223466192,299
734223566094,300
734223665996,302
734223765898,314
734223865802,302
734223965705,302
734224065607,299
734224165509,299
734224265411,298
734224365313,299
734224465215,299
734224565117,299
734224665019,314
734224764921,302
734224864823,302
734224964725,302
734225064627,299
734225164529,299
734225264431,299
734225364333,299
734225464235,315
734225564137,299
734225664039,299
734225763941,304
734225863843,305
734225963745,305
734226063647,299
734226163549,299
734226263451,299
734226363353,299
734226463255,299
734226563157,299
734226663059,299
734226762961,306
734226862863,305
734226962765,307
734227062667,298
734227162569,299
734227262471,299
734227362373,298
734227462275,299
734227562177,299
734227662079,299
734227761981,301
734227861883,301
734227961785,302
734228061687,298
734228161589,318
734228261491,299
734228361393,299
734228461295,299
734228561197,299
734228661099,299
734228761004,299
734228860906,302
734228960808,302
734229060710,302
734229160612,298
734229260514,299
734229360416,299
734229460318,299
734229560220,299
734229660126,299
734229760028,299
734229859930,301
734229959832,315
734230059734,301
734230159636,299
734230259538,299
734230359440,299
734230459342,299
734230559244,299
734230659146,333
734230759048,303
734230858950,305
734230958852,305
734231058754,304
734231158656,298
734231258558,299
734231358460,299
734231458362,299
734231558264,299
734231658166,299
734231758068,299
734231857970,302
734231957872,302
734232057774,302
734232157676,299
734232257578,299
734232357480,299
734232457382,298
734232557284,299
734232657186,299
734232757088,299
734232856990,302
734232956892,302
734233056794,302
734233156696,299
734233256598,299
734233356500,299
734233456402,298
734233556304,299
734233656206,299
734233756109,312
734233856011,301
734233955913,306
734234055815,305
734234155717,302
734234255619,299
734234355521,299
734234455423,299
734234555325,299
734234655227,299
734234755129,300
734234855031,301
734234954933,302
734235054835,305
734235154737,302
734235254639,298
734235354541,298
734235454443,298
734235554345,299
734235654247,298
734235754149,300
734235854051,299
734235953953,318
734236053855,305
734236153757,305
734236253659,298
734236353561,299
734236453463,299
734236553365,299
734236653267,323
734236753169,299
734236853071,299
734236952973,304
734237052875,304
734237152777,305
734237252679,299
734237352581,299
734237452483,299
734237552385,299
734237652287,298
734237752189,299
734237852091,299
734237951993,305
734238051895,305
734238151797,304
734238251699,299
734238351601,298
734238451503,298
734238551405,299
734238651307,299
734238751209,300
734238851111,298
734238951013,301
734239050915,302
734239150817,305
734239250719,302
734239350621,299
734239450523,299
734239550425,300
734239650327,299
734239750229,298
734239850131,299
734239950033,299
734240049935,302
734240149837,301
734240249739,301
734240349641,300
734240449543,299
734240549445,299
734240649347,300
734240749249,299
734240849151,299
734240949053,299
734241048955,305
734241148857,303
734241248759,304
734241348661,298
734241448563,299
734241548465,299
734241648367,299
734241748269,299
734241848171,298
734241948073,299
734242047975,304
734242147877,304
734242247779,304
734242347681,298
734242447583,298
734242547485,299
734242647387,299
734242747289,300
734242847191,299
734242947093,298
734243046995,305
734243146897,302
734243246799,304
734243346701,303
734243446603,298
734243546505,300
734243646407,299
734243746310,311
734243846212,299
734243946114,299
734244046016,299
734244145918,302
734244245820,302
734244345722,302
734244445641,299
734244545543,298
734244645445,299
734244745347,299
734244845249,299
734244945151,299
734245045053,299
734245144955,305
734245244857,302
734245344759,302
734245444661,299
734245544563,299
734245644465,299
734245744367,299
734245844269,299
734245944171,299
734246044073,299
734246143975,307
734246243877,308
734246343779,322
734246443681,299
734246543583,302
734246643485,299
734246743387,300
734246843289,299
734246943191,299
734247043093,299
734247142995,304
734247242897,302
734247342799,322
734247442701,302
734247542603,299
734247642505,299
734247742407,299
734247842309,298
734247942211,299
734248042113,299
734248142015,299
734248241917,302
734248341819,302
734248441721,302
734248541623,299
734248641525,298
734248741427,299
734248841329,299
734248941231,299
734249041133,299
734249141035,299
734249240937,304
734249340839,301
734249440741,302
734249540643,299
734249640545,298
734249740447,299
734249840349,298
734249940251,299
734250040153,299
734250140055,300
734250239957,305
734250339859,305
734250439761,304
734250539663,298
734250639565,299
734250739467,299
734250839369,299
734250939271,299
734251039173,299
734251139075,299
734251238977,304
734251338879,302
734251438781,304
734251538683,299
734251638585,298
734251738487,299
734251838389,299
734251938291,299
734252038193,299
734252138095,299
734252237997,302
734252337899,302
734252437801,301
734252537703,302
734252637605,299
734252737507,299
734252837409,299
734252937311,299
734253037213,299
734253137115,299
734253237017,299
734253336919,305
734253436821,302
734253536723,301
734253636625,299
734253736528,311
734253836432,300
734253936334,301
734254036236,298
734254136138,299
734254236040,301
734254335942,304
734254435844,305
734254535746,302
734254635648,299
734254735550,300
734254835452,298
734254935354,299
734255035256,299
734255135158,299
734255235060,299
734255334962,305
734255434864,302
734255534766,306
734255634668,299
734255734570,299
734255834472,299
734255934374,298
734256034276,300
734256134178,299
734256234080,299
734256333982,306
734256433884,304
734256533786,305
734256633688,299
734256733590,299
734256833492,299
734256933394,298
734257033296,299
734257133198,300
734257233100,299
734257333004,299
734257432906,305
734257532808,302
734257632710,302
734257732612,299
734257832514,299
734257932416,299
734258032318,298
734258132220,299
734258232122,298
734258332024,302
734258431926,304
734258531828,306
734258631730,302
734258731632,300
734258831534,299
734258931436,298
734259031338,299
734259131240,299
734259231142,299
734259331044,302
734259430946,304
734259530848,303
734259630750,303
734259730652,299
734259830554,299
734259930456,298
734260030358,298
734260130260,298
734260230162,298
734260330064,300
734260429966,301
734260529868,303
734260629770,301
734260729672,299
734260829574,298
734260929476,299
734261029378,299
734261129280,299
734261229182,298
734261329084,298
734261428986,302
734261528888,305
734261628790,301
734261728692,299
734261828594,299
734261928496,299
734262028398,298
734262128300,299
734262228202,299
734262328104,299
734262428006,302
734262527908,304
734262627810,304
734262727712,303
734262827614,298
734262927516,299
734263027418,298
734263127320,298
734263227222,298
734263327124,299
734263427026,301
734263526928,306
734263626830,301
734263726732,314
734263826636,299
734263926538,298
734264026440,299
734264126342,298
734264226244,299
734264326146,299
734264426048,299
734264525950,302
734264625852,301
734264725754,302
734264825656,299
734264925558,299
734265025460,298
734265125362,299
734265225264,299
734265325166,298
734265425068,299
734265524970,302
734265624872,304
734265724774,302
734265824676,299
734265924578,299
734266024480,299
734266124382,299
734266224284,299
734266324186,299
734266424088,299
734266523990,307
734266623892,307
734266723794,308
734266823696,299
734266923598,298
734267023500,299
734267123402,298
734267223304,299
734267323206,299
734267423108,299
734267523010,302
734267622912,304
734267722814,302
734267822716,302
734267922618,298
734268022520,299
734268122422,299
734268222324,299
734268322226,299
734268422128,299
734268522044,299
734268621946,301
734268721848,302
734268821750,302
734268921652,299
734269021554,299
734269121456,299
734269221358,298
734269321260,299
734269421162,299
734269521064,299
734269620966,302
734269720868,304
734269820770,302
734269920672,299
734270020574,299
734270120476,299
734270220378,299
734270320280,299
734270420182,299
734270520084,299
734270619986,304
734270719888,305
734270819790,305
734270919692,299
734271019594,299
734271119496,298
734271219398,299
734271319300,299
734271419202,299
734271519104,299
734271619006,301
734271718908,307
734271818810,302
734271918712,302
734272018614,299
734272118516,299
734272218418,299
734272318320,299
734272418222,299
734272518124,299
734272618026,299
734272717928,302
734272817830,302
734272917732,301
734273017634,299
734273117536,299
734273217438,299
734273317340,298
734273417242,315
734273517144,299
734273617046,298
734273716949,313
734273816851,304
734273916753,304
734274016655,299
734274116557,299
734274216459,299
734274316361,299
734274416263,298
734274516165,299
734274616067,299
734274715969,306
734274815871,305
734274915773,305
734275015675,299
734275115577,298
734275215479,298
734275315381,299
734275415283,298
734275515185,299
734275615087,298
734275714989,305
734275814891,304
734275914793,302
734276014695,299
734276114597,299
734276214499,299
734276314401,299
734276414303,299
734276514205,299
734276614107,298
734276714009,299
734276813911,304
734276913813,304
734277013715,305
734277113617,300
734277213519,299
734277313421,299
734277413323,299
734277513225,299
734277613127,298
734277713029,299
734277812931,302
734277912833,305
734278012735,302
734278112637,299
734278212539,299
734278312441,299
734278412343,298
734278512246,335
734278612148,299
734278712051,301
734278811953,305
734278911855,305
734279011757,318
734279111659,299
734279211561,299
734279311463,299
734279411365,299
734279511267,300
734279611169,299
734279711071,300
734279810973,304
734279910875,305
734280010777,303
734280110679,299
734280210581,299
734280310483,299
734280410385,299
734280510287,299
734280610189,298
734280710091,299
734280809993,302
734280909895,302
734281009797,302
734281109699,299
734281209601,298
734281309503,299
734281409405,299
734281509307,300
734281609209,298
734281709111,299
734281809013,298
734281908915,302
734282008817,305
734282108719,303
734282208621,311
734282308523,311
734282408425,311
734282508327,311
734282608229,311
734282708131,300
734282808033,302
734282907935,305
734283007837,305
734283107739,302
734283207641,298
734283307543,299
734283407445,299
734283507347,300
734283607249,299
734283707151,311
734283807055,300
734283906959,355
734284006862,303
734284106764,303
734284206666,298
734284306568,299
734284406470,299
734284506372,299
734284606274,298
734284706176,299
734284806078,298
734284905980,301
734285005882,302
734285105784,302
734285205686,299
734285305588,298
734285405490,299
734285505392,299
734285605294,299
734285705196,299
734285805098,299
734285905003,299
734286004905,302
734286104807,316
734286204709,302
734286304611,299
734286404513,299
734286504415,299
734286604317,312
734286704219,316
734286804121,320
734286904023,334
734287003925,324
734287103827,322
734287203729,317
734287303631,298
734287403533,299
734287503435,299
734287603337,311
734287703239,315
734287803141,299
734287903043,299
734288002945,322
734288102847,302
734288202749,301
734288302651,299
734288402553,299
734288502455,299
734288602357,299
734288702259,299
734288802161,299
734288902063,299
734289001965,301
734289101867,303
734289201769,302
734289301671,298
734289401573,298
734289501475,299
734289601377,299
734289701279,299
734289801181,299
734289901083,299
734290000985,302
734290100887,301
734290200789,315
734290300691,299
734290400593,298
734290500495,299
734290600397,298
734290700299,313
734290800201,317
734290900103,311
734291000005,321
734291099907,313
734291199809,316
734291299711,302
734291399613,299
734291499515,299
734291599417,299
734291699319,312
734291799221,315
734291899123,319
734291999025,333
734292098927,321
734292198829,318
734292298731,302
734292398633,299
734292498535,299
734292598453,298
734292698355,312
734292798257,299
734292898159,298
734292998061,299
734293097963,302
734293197865,302
734293297767,302
734293397669,298
734293497571,310
734293597473,310
734293697375,313
734293797278,299
734293897180,299
734293997082,299
734294096984,303
734294196886,302
734294296788,316
734294396690,299
734294496592,299
734294596494,299
734294696396,300
734294796298,313
734294896200,317
734294996102,321
734295096005,299
734295195907,302
734295295809,302
734295395711,302
734295495613,300
734295595515,299
734295695417,299
734295795319,299
734295895221,298
734295995123,298
734296095025,298
734296194927,302
734296294829,306
734296394731,302
734296494633,299
734296594535,299
734296694437,299
734296794339,299
734296894241,315
734296994143,320
734297094045,299
734297193947,325
734297293849,303
734297393751,304
734297493653,299
734297593555,298
734297693457,300
734297793359,299
734297893261,299
734297993163,299
734298093065,298
734298192967,302
734298292869,302
734298392771,302
734298492673,299
734298592575,299
734298692477,315
734298792379,300
734298892281,299
734298992183,299
734299092085,299
734299191987,302
734299291889,302
734299391791,302
734299491693,300
734299591595,299
734299691497,299
734299791399,299
734299891301,313
734299991203,317
734300091105,321
734300191007,321
734300290909,322
734300390811,318
734300490713,302
734300590615,299
734300690517,299
734300790419,299
734300890321,313
734300990223,316
734301090125,299
734301190027,299
734301289929,321
734301389831,302
734301489733,302
734301589635,298
734301689537,299
734301789439,299
734301889341,299
734301989243,299
734302089145,299
734302189047,299
734302288949,303
734302388851,302
734302488753,302
734302588655,298
734302688557,300
734302788459,298
734302888361,299
734302988263,299
734303088165,298
734303188067,299
734303287969,302
734303387871,301
734303487773,302
734303587675,298
734303687577,311
734303787481,299
734303887383,299
734303987285,313
734304087187,317
734304187089,320
734304286991,325
734304386893,320
734304486795,317
734304586697,298
734304686599,299
734304786501,299
734304886403,299
734304986305,313
734305086207,331
734305186109,298
734305286011,298
734305385913,321
734305485815,301
734305585717,302
734305685619,299
734305785521,299
734305885423,299
734305985325,298
734306085227,298
734306185129,299
734306285031,298
734306384933,302
734306484835,302
734306584737,302
734306684639,299
734306784541,299
734306884443,299
734306984345,299
734307084247,299
734307184149,299
734307284051,299
734307383953,306
734307483855,304
734307583757,304
734307683659,299
734307783561,299
734307883463,299
734307983365,299
734308083267,313
734308183169,317
734308283071,322
734308382973,323
734308482875,319
734308582777,315
734308682679,299
734308782581,299
734308882483,298
734308982385,298
734309082287,314
734309182189,316
734309282091,298
734309381993,302
734309481895,320
734309581797,302
734309681699,298
734309781601,299
734309881503,299
734309981405,298
734310081307,298
734310181209,298
734310281111,299
734310381013,299
734310480915,301
734310580817,301
734310680719,303
734310780621,299
734310880523,300
734310980425,299
734311080327,298
734311180229,299
734311280131,298
734311380033,299
734311479935,302
734311579837,301
734311679739,301
734311779641,298
734311879543,298
734311979445,299
734312079358,299
734312179260,313
734312279162,318
734312379065,321
734312478967,322
734312578869,319
734312678771,315
734312778673,299
734312878575,299
734312978477,299
734313078379,299
734313178281,313
734313278183,317
734313378085,298
734313477987,302
734313577889,319
734313677791,302
734313777693,316
734313877597,300
734313977499,299
734314077401,299
734314177303,299
734314277205,299
734314377107,299
734314477009,299
734314576911,303
734314676813,303
734314776715,302
734314876617,299
734314976519,299
734315076421,299
734315176323,299
734315276225,299
734315376127,299
734315476029,300
734315575931,303
734315675833,302
734315775735,303
734315875637,299
734315975539,299
734316075441,299
734316175343,312
734316275245,317
734316375147,318
734316475049,334
734316574951,322
734316674868,321
734316774770,315
734316874672,299
734316974574,298
734317074476,300
734317174378,298
734317274280,314
734317374182,317
734317474084,299
734317573986,304
734317673888,323
734317773790,307
734317873692,299
734317973594,299
734318073496,299
734318173398,298
734318273300,299
734318373202,299
734318473104,299
734318573006,299
734318672908,302
734318772810,302
734318872712,301
734318972614,298
734319072516,298
734319172418,299
734319272320,299
734319372222,298
734319472124,299
734319572026,298
734319671928,302
734319771830,301
734319871732,301
734319971634,299
734320071536,299
734320171438,298
734320271340,312
734320371242,315
734320471144,319
734320571046,333
734320670948,321
734320770850,319
734320870752,314
734320970654,298
734321070556,299
734321170458,298
734321270360,299
734321370262,314
734321470164,318
734321570066,298
734321669968,303
734321769870,320
734321869772,303
734321969674,298
734322069576,299
734322169478,299
734322269380,299
734322369282,299
734322469184,299
734322569086,300
734322668988,303
734322768890,302
734322868792,302
734322968694,299
734323068596,298
734323168498,298
734323268400,299
734323368302,298
734323468204,300
734323568106,298
734323668008,298
734323767910,313
734323867812,302
734323967714,301
734324067616,299
734324167518,299
734324267420,299
734324367322,311
734324467224,315
734324567126,320
734324667028,334
734324766930,321
734324866832,317
734324966734,301
734325066636,299
734325166538,298
734325266440,298
734325366342,298
734325466244,315
734325566146,318
734325666048,298
734325765950,302
734325865852,318
734325965754,302
734326065656,298
734326165558,298
734326265460,299
734326365362,298
734326465264,298
734326565166,298
734326665068,318
734326764970,302
734326864872,302
734326964774,302
734327064676,298
734327164578,298
734327264480,298
734327364382,298
734327464284,317
734327564186,298
734327664088,298
734327763990,306
734327863892,306
734327963794,306
734328063696,298
734328163598,299
734328263500,299
734328363402,298
734328463304,313
734328563206,316
734328663108,320
734328763010,321
734328862912,319
734328962814,317
734329062716,302
734329162618,298
734329262520,299
734329362422,299
734329462324,299
734329562226,315
734329662128,319
734329762030,299
734329861932,302
734329961834,317
734330061736,302
734330161638,298
734330261540,299
734330361442,298
734330461344,299
734330561246,299
734330661148,299
734330761050,299
734330860952,302
734330960854,302
734331060756,302
734331160658,298
734331260560,299
734331360462,298
734331460364,299
734331560266,298
734331660168,298
734331760070,300
734331859972,301
734331959874,319
734332059776,301
734332159678,298
734332259580,299
734332359482,298
734332459384,299
734332559286,313
734332659188,356
734332759090,321
734332858992,323
734332958894,320
734333058796,316
734333158698,299
734333258600,299
734333358502,298
734333458404,298
734333558306,299
734333658208,316
734333758111,333
734333858015,300
734333957917,302
734334057819,318
734334157721,302
734334257623,299
734334357525,298
734334457427,299
734334557329,299
734334657231,300
734334757133,299
734334857035,299
734334956937,302
734335056839,302
734335156741,302
734335256643,299
734335356545,298
734335456447,300
734335556357,299
734335656259,299
734335756161,299
734335856063,298
734335955965,302
734336055867,302
734336155769,302
734336255671,299
734336355573,299
734336455475,299
734336555377,299
734336655279,314
734336755181,317
734336855083,321
734336954985,324
734337054887,321
734337154789,317
734337254691,299
734337354593,299
734337454495,298
734337554397,299
734337654299,299
734337754201,318
734337854103,321
734337954020,299
734338053922,305
734338153824,320
734338253726,306
734338353628,298
734338453530,298
734338553432,299
734338653334,299
734338753236,300
734338853138,299
734338953040,299
734339052942,302
734339152844,302
734339252746,301
734339352648,299
734339452550,299
734339552452,299
734339652359,298
734339752261,299
734339852163,298
734339952065,299
734340051967,302
734340151869,314
734340251771,303
734340351673,299
734340451575,299
734340551477,299
734340651379,299
734340751299,314
734340851201,317
734340951103,320
734341051005,322
734341150907,321
734341250809,318
734341350711,302
734341450613,298
734341550515,299
734341650417,298
734341750319,299
734341850221,317
734341950123,319
734342050025,299
734342149927,305
734342249829,318
734342349731,302
734342449633,299
734342549535,299
734342649437,300
734342749339,299
734342849241,298
734342949143,299
734343049045,299
734343148947,302
734343248849,302
734343348751,302
734343448653,300
734343548555,298
734343648457,299
734343748361,312
734343848263,299
734343948165,299
734344048067,299
734344147969,301
734344247871,302
734344347773,301
734344447675,299
734344547577,299
734344647479,299
734344747381,299
734344847283,313
734344947185,317
734345047087,321
734345146989,324
734345246891,319
734345346793,315
734345446695,314
734345546597,310
734345646499,310
734345746401,299
734345846303,299
734345946205,316
734346046107,320
734346146009,299
734346245911,301
734346345813,316
734346445715,301
734346545617,299
734346645519,299
734346745421,299
734346845323,311
734346945225,315
734347045127,319
734347145029,333
734347244931,321
734347344833,317
734347444735,314
734347544637,311
734347644539,310
734347744441,299
734347844355,298
734347944257,298
734348044159,299
734348144061,299
734348243963,304
734348343865,304
734348443767,305
734348543669,299
734348643571,298
734348743473,299
734348843375,300
734348943277,314
734349043179,317
734349143081,320
734349242983,323
734349342885,319
734349442787,314
734349542689,314
734349642591,310
734349742493,299
734349842395,299
734349942297,298
734350042199,317
734350142101,320
734350242004,298
734350341906,301
734350441808,316
734350541710,302
734350641612,299
734350741514,299
734350841416,298
734350941318,310
734351041220,311
734351141122,319
734351241024,321
734351340926,321
734351440828,317
734351540730,302
734351640632,298
734351740534,299
734351840436,299
734351940338,312
734352040240,299
734352140142,299
734352240044,299
734352339946,303
734352439848,302
734352539750,302
734352639652,299
734352739554,299
734352839456,299
734352939358,299
734353039260,314
734353139162,317
734353239070,320
734353338972,323
734353438874,314
734353538776,315
734353638678,310
734353738580,311
734353838484,299
734353938386,299
734354038288,298
734354138190,317
734354238092,320
734354337994,302
734354437896,302
734354537798,317
734354637700,299
734354737602,299
734354837504,298
734354937406,299
734355037308,299
734355137210,298
734355237112,299
734355337014,299
734355436916,302
734355536818,302
734355636720,302
734355736622,299
734355836524,299
734355936426,299
734356036328,312
734356136230,316
734356236132,320
734356336034,334
734356435936,322
734356535838,318
734356635740,302
734356735642,299
734356835544,299
734356935446,299
734357035348,300
734357135250,298
734357235152,299
734357335054,298
734357434956,302
734357534858,303
734357634760,302
734357734662,299
734357834564,299
734357934466,298
734358034368,300
734358134270,299
734358234172,299
734358334074,299
734358433976,306
734358533878,305
734358633780,305
734358733682,299
734358833584,298
734358933486,298
734359033388,299
734359133290,298
734359233192,298
734359333094,299
734359432996,302
734359532898,302
734359632800,301
734359732702,301
734359832604,299
734359932506,299
734360032408,299
734360132310,313
734360232212,317
734360332114,319
734360432016,323
734360531918,322
734360631820,316
734360731722,302
734360831624,299
734360931526,298
734361031428,300
734361131330,299
734361231232,299
734361331134,299
734361431036,298
734361530938,302
734361630840,301
734361730742,302
734361830644,299
734361930546,298
734362030448,298
734362130350,299
734362230252,299
734362330154,299
734362430056,300
734362529958,302
734362629860,302
734362729762,303
734362829664,299
734362929566,299
734363029468,298
734363129370,299
734363229272,299
734363329174,298
734363429076,299
734363528978,301
734363628880,301
734363728782,313
734363828686,298
734363928588,299
734364028490,299
734364128392,299
734364228294,314
734364328196,317
734364428098,321
734364528003,321
734364627905,320
734364727807,317
734364827725,302
734364927627,299
734365027529,299
734365127431,299
734365227333,298
734365327235,298
734365427137,298
734365527039,299
734365626941,302
734365726843,302
734365826745,302
734365926647,298
734366026549,298
734366126451,298
734366226353,298
734366326255,298
734366426157,298
734366526059,299
734366625961,302
734366725863,302
734366825765,301
734366925667,299
734367025569,298
734367125471,298
734367225373,299
734367325275,299
734367425177,299
734367525079,299
734367624981,302
734367724883,302
734367824785,301
734367924687,299
734368024589,298
734368124491,298
734368224393,299
734368324295,313
734368424197,316
734368524099,320
734368624008,320
734368723910,323
734368823812,321
734368923714,306
734369023616,299
734369123518,298
734369223420,299
734369323322,298
734369423224,298
734369523126,299
734369623028,299
734369722930,302
734369822832,302
734369922734,301
734370022636,298
734370122538,298
734370222440,298
734370322342,298
734370422244,298
734370522146,299
734370622048,299
734370721950,302
734370821852,301
734370921754,301
734371021656,299
734371121558,299
734371221460,299
734371321362,299
734371421264,299
734371521166,299
734371621068,298
734371720970,302
734371820872,302
734371920774,301
734372020676,299
734372120578,299
734372220480,299
734372320382,299
734372420284,313
734372520186,317
734372620088,321
734372719990,324
734372819892,319
734372919794,315
734373019696,299
734373119598,298
734373219500,299
734373319402,298
734373419304,298
734373519206,299
734373619108,298
734373719011,310
734373818915,302
734373918817,302
734374018719,302
734374118621,299
734374218523,299
734374318425,299
734374418327,299
734374518229,299
734374618131,299
734374718033,299
734374817935,302
734374917837,302
734375017739,302
734375117641,299
734375217543,298
734375317445,299
734375417347,299
734375517249,299
734375617151,298
734375717053,300
734375816955,301
734375916857,303
734376016759,302
734376116661,298
734376216563,300
734376316465,298
734376416367,299
734376516269,314
734376616171,319
734376716073,321
734376815975,323
734376915877,320
734377015779,315
734377115681,299
734377215583,298
734377315485,298
734377415387,298
734377515289,312
734377615191,316
734377715093,321
734377814995,325
734377914897,321
734378014799,316
734378114701,298
734378214603,298
734378314505,299
734378414407,298
734378514309,299
734378614211,299
734378714113,299
734378814015,299
734378913917,306
734379013819,319
734379113721,317
734379213623,311
734379313525,310
734379413427,311
734379513329,299
734379613231,298
734379713133,298
734379813035,298
734379912937,302
734380012839,302
734380112741,302
734380212643,300
734380312545,300
734380412447,298
734380512349,315
734380612251,314
734380712153,318
734380812068,322
734380911970,322
734381011872,338
734381111774,315
734381211676,298
734381311578,299
734381411480,298
734381511382,299
734381611284,298
734381711186,300
734381811088,299
734381910990,302
734382010892,303
734382110794,302
734382210696,299
734382310598,298
734382410500,298
734382510402,299
734382610304,299
734382710206,299
734382810108,298
734382910010,298
734383009912,301
734383109814,301
734383209716,302
734383309618,298
734383409520,299
734383509422,299
734383609324,299
734383709226,311
734383809130,298
734383909032,299
734384008934,301
734384108836,301
734384208738,302
734384308640,299
734384408542,298
734384508444,298
734384608356,299
734384708258,315
734384808160,318
734384908068,321
734385007970,324
734385107872,319
734385207774,315
734385307676,299
734385407578,299
734385507480,299
734385607382,298
734385707284,299
734385807186,299
734385907088,299
734386006990,301
734386106892,302
734386206794,301
734386306696,298
734386406598,298
734386506500,299
734386606402,299
734386706304,299
734386806206,299
734386906108,299
734387006010,299
734387105912,302
734387205814,301
734387305716,302
734387405618,299
734387505520,298
734387605422,298
734387705324,299
734387805226,299
734387905128,299
734388005030,299
734388104932,302
734388204834,302
734388304736,302
734388404638,298
734388504540,299
734388604442,298
734388704345,311
734388804247,314
734388904164,317
734389004070,322
734389103972,327
734389203874,334
734389303776,318
734389403678,299
734389503580,299
734389603482,299
734389703384,298
734389803286,299
734389903188,299
734390003090,299
734390102992,302
734390202894,301
734390302796,302
734390402698,298
734390502600,299
734390602502,299
734390702404,299
734390802306,299
734390902208,299
734391002110,299
734391102012,298
734391201914,302
734391301816,301
734391401718,302
734391501620,298
734391601522,298
734391701424,299
734391801326,298
734391901228,298
734392001130,299
734392101032,298
734392200934,302
734392300836,302
734392400738,301
734392500640,298
734392600542,298
734392700444,299
734392800355,298
734392900257,314
734393000159,318
734393100067,322
734393199969,323
734393299871,319
734393399773,315
734393499675,298
734393599577,299
734393699479,313
734393799383,300
734393899285,299
734393999187,298
734394099089,299
734394198991,301
734394298893,301
734394398795,302
734394498697,298
734394598599,299
734394698501,314
734394798403,299
734394898305,298
734394998207,298
734395098109,299
734395198011,298
734395297913,301
734395397815,302
734395497717,301
734395597619,298
734395697521,298
734395797423,298
734395897325,299
734395997227,298
734396097129,299
734396197031,300
734396296933,301
734396396835,302
734396496737,302
734396596639,299
734396696541,299
734396796443,299
734396896357,300
734396996259,315
734397096161,318
734397196065,322
734397295967,323
734397395869,320
734397495771,317
734397595673,299
734397695575,299
734397795477,300
734397895379,298
734397995281,299
734398095183,299
734398195085,298
734398294987,306
734398394889,301
734398494791,302
734398594693,299
734398694595,299
734398794497,299
734398894399,298
734398994301,299
734399094203,298
734399194105,299
734399294007,299
734399393909,307
734399493811,304
734399593713,306
734399693615,299
734399793517,299
734399893419,298
734399993321,302
734400093223,298
734400193125,299
734400293027,299
734400392929,302
734400492831,302
734400592733,301
734400692635,299
734400792537,299
734400892439,299
734400992341,312
734401092243,318
734401192145,319
734401292047,335
734401391949,323
734401491851,319
734401591753,315
734401691655,299
734401791557,300
734401891459,298
734401991361,299
734402091263,298
734402191165,300
734402291067,298
734402390969,302
734402490871,302
734402590773,302
734402690675,299
734402790577,299
734402890479,298
734402990381,299
734403090283,299
734403190185,298
734403290087,298
734403389989,303
734403489891,302
734403589793,302
734403689695,314
734403789599,299
734403889501,300
734403989405,299
734404089307,299
734404189209,299
734404289111,298
734404389013,298
734404488915,302
734404588817,302
734404688719,315
734404788621,299
734404888523,299
734404988425,299
734405088327,311
734405188229,315
734405288131,319
734405388033,334
734405487935,321
734405587837,317
734405687739,302
734405787643,299
734405887545,298
734405987447,299
734406087349,298
734406187251,299
734406287153,299
734406387055,299
734406486957,301
734406586859,303
734406686761,302
734406786663,299
734406886565,298
734406986467,299
734407086369,298
734407186271,299
734407286173,298
734407386075,299
734407485977,302
734407585879,302
734407685781,307
734407785683,298
734407885585,316
734407985487,299
734408085389,299
734408185291,299
734408285193,299
734408385095,299
734408484997,302
734408584899,302
734408684801,302
734408784703,302
734408884605,298
734408984507,299
734409084409,299
734409184311,312
734409284213,316
734409384115,319
734409484017,321
734409583919,325
734409683821,318
734409783723,305
734409883625,298
734409983527,298
734410083429,298
734410183331,298
734410283233,299
734410383135,299
734410483037,298
734410582939,302
734410682841,302
734410782743,302
734410882645,298
734410982547,299
734411082449,298
734411182351,298
734411282253,298
734411382155,299
734411482057,299
734411581959,302
734411681861,302
734411781763,302
734411881665,298
734411981567,299
734412081469,299
734412181371,299
734412281273,299
734412381175,298
734412481077,298
734412580979,301
734412680881,302
734412780783,301
734412880685,298
734412980603,299
734413080505,299
734413180407,299
734413280309,312
734413380211,316
734413480113,320
734413580015,321
734413679917,331
734413779821,319
734413879723,302
734413979625,298
734414079527,298
734414179429,299
734414279331,299
734414379233,298
734414479135,299
734414579037,299
734414678939,303
734414778841,303
734414878743,302
734414978645,299
734415078547,299
734415178449,299
734415278351,299
734415378253,299
734415478155,299
734415578057,298
734415677959,302
734415777861,303
734415877763,302
734415977665,299
734416077567,298
734416177469,299
734416277371,299
734416377273,298
734416477175,299
734416577077,299
734416676979,303
734416776881,302
734416876783,302
734416976685,299
734417076587,299
734417176489,298
734417276391,298
734417376293,298
734417476195,299
734417576097,298
734417675999,301
734417775901,302
734417875803,302
734417975705,301
734418075607,299
734418175509,298
734418275411,298
734418375313,312
734418475215,316
734418575117,320
734418675019,322
734418774921,322
734418874823,317
734418974725,302
734419074627,299
734419174529,298
734419274431,299
734419374333,300
734419474235,299
734419574137,299
734419674039,323
734419773941,323
734419873843,307
734419973745,304
734420073647,299
734420173549,299
734420273451,298
734420373353,299
734420473255,300
734420573157,299
734420673059,299
734420772961,302
734420872863,302
734420972765,303
734421072667,299
734421172569,299
734421272471,299
734421372373,299
734421472275,299
734421572177,299
734421672079,298
734421771981,302
734421871883,302
734421971785,302
734422071687,299
734422171589,298
734422271491,298
734422371393,299
734422471295,313
734422571197,317
734422671099,320
734422771004,320
734422870906,320
734422970808,317
734423070710,302
734423170612,298
734423270514,298
734423370416,299
734423470318,299
734423570220,298
734423670122,300
734423770024,333
734423869928,321
734423969830,302
734424069732,302
734424169634,299
734424269536,298
734424369438,299
734424469340,299
734424569242,298
734424669144,299
734424769046,299
734424868948,301
734424968850,302
734425068754,302
734425168656,298
734425268558,298
734425368460,298
734425468362,299
734425568264,298
734425668166,298
734425768068,299
734425867970,301
734425967872,302
734426067774,301
734426167676,298
734426267578,298
734426367480,298
734426467382,298
734426567284,314
734426667186,317
734426767088,321
734426866990,324
734426966892,319
734427066794,316
734427166696,299
734427266598,300
734427366500,299
734427466402,299
734427566304,298
734427666206,299
734427766108,299
734427866010,320
734427965912,320
734428065814,302
734428165716,302
734428265618,298
734428365520,298
734428465422,299
734428565324,298
734428665226,323
734428765128,299
734428865030,298
734428964932,303
734429064834,302
734429164736,302
734429264638,298
734429364540,299
734429464442,332
734429564344,298
734429664246,298
734429764148,299
734429864050,298
734429963952,304
734430063854,306
734430163756,305
734430263658,299
734430363560,299
734430463462,299
734430563364,299
734430663266,314
734430763168,318
734430863070,321
734430962972,322
734431062874,319
734431162776,315
734431262678,299
734431362580,299
734431462482,298
734431562384,299
734431662286,298
734431762188,298
734431862090,298
734431961992,324
734432061894,319
734432161796,302
734432261698,298
734432361600,298
734432461502,299
734432561404,299
734432661306,298
734432761208,299
734432861110,298
734432961012,299
734433060914,302
734433160816,301
734433260718,302
734433360620,298
734433460522,298
734433560424,299
734433660326,298
734433760228,313
734433860132,299
734433960034,320
734434059936,301
734434159838,301
734434259740,302
734434359642,298
734434459544,299
734434559446,300
734434659348,326
734434759250,315
734434859152,318
734434959067,321
734435058969,322
734435158871,319
734435258773,315
734435358675,300
734435458577,298
734435558479,299
734435658381,298
734435758283,299
734435858185,299
734435958087,298
734436057989,323
734436157891,321
734436257793,302
734436357695,298
734436457597,299
734436557499,298
734436657401,298
734436757303,300
734436857205,298
734436957121,300
734437057023,299
734437156925,303
734437256827,302
734437356729,302
734437456631,298
734437556533,299
734437656435,298
734437756337,300
734437856239,298
734437956141,298
734438056043,298
734438155945,302
734438255847,301
734438355749,302
734438455651,298
734438555553,300
734438655455,299
734438755360,299
734438855262,314
734438955164,318
734439055068,322
734439154970,325
734439254872,320
734439354774,315
734439454676,299
734439554578,299
734439654480,298
734439754382,299
734439854284,299
734439954186,299
734440054088,319
734440153990,328
734440253892,323
734440353794,304
734440453696,299
734440553598,298
734440653500,313
734440753402,299
734440853304,299
734440953206,299
734441053108,299
734441153010,299
734441252912,303
734441352814,301
734441452716,302
734441552618,299
734441652520,298
734441752422,300
734441852324,298
734441952226,298
734442052128,299
734442152030,298
734442251932,302
734442351834,301
734442451736,302
734442551638,300
734442651540,299
734442751442,300
734442851344,311
734442951246,315
734443051148,319
734443151050,336
734443250952,322
734443350854,319
734443450756,313
734443550658,299
734443650560,299
734443750462,310
734443850365,299
734443950267,298
734444050169,299
734444150071,299
734444249973,323
734444349875,319
734444449777,301
734444549679,299
734444649581,298
734444749483,299
734444849385,298
734444949287,299
734445049189,298
734445149091,298
734445248993,301
734445348895,302
734445448797,302
734445548699,298
734445648601,298
734445748503,299
734445848405,298
734445948307,299
734446048209,299
734446148111,298
734446248013,298
734446347915,301
734446447817,301
734446547719,302
734446647621,299
734446747523,299
734446847425,299
734446947327,312
734447047229,315
734447147131,319
734447247033,333
734447346935,321
734447446837,317
734447546739,301
734447646641,298
734447746543,299
734447846445,298
734447946347,311
734448046249,298
734448146151,299
734448246053,299
734448345955,321
734448445857,318
734448545759,301
734448645661,298
734448745563,299
734448845465,298
734448945367,299
734449045269,299
734449145171,298
734449245073,298
734449344975,302
734449444877,302
734449544779,302
734449644681,298
734449744583,299
734449844485,298
734449944387,298
734450044289,298
734450144191,299
734450244093,298
734450343995,303
734450443897,306
734450543799,305
734450643701,298
734450743603,299
734450843505,298
734450943407,299
734451043309,313
734451143211,318
734451243113,320
734451343015,321
734451442917,320
734451542819,316
734451642721,301
734451742623,299
734451842525,298
734451942427,298
734452042329,312
734452142231,299
734452242133,298
734452342035,298
734452441937,321
734452541839,317
734452641741,302
734452741643,299
734452841545,299
734452941447,299
734453041356,299
734453141258,298
734453241160,298
734453341062,299
734453440964,302
734453540866,302
734453640768,301
734453740670,314
734453840574,301
734453940476,298
734454040378,298
734454140280,298
734454240182,298
734454340084,298
734454439986,302
734454539888,302
734454639790,301
734454739692,299
734454839594,299
734454939496,299
734455039398,298
734455139300,312
734455239202,330
734455339104,321
734455439006,322
734455538908,321
734455638810,316
734455738712,302
734455838614,299
734455938516,298
734456038418,299
734456138320,312
734456238222,299
734456338124,299
734456438026,298
734456537928,322
734456637830,317
734456737732,302
734456837634,298
734456937536,300
734457037438,299
734457137340,312
734457237242,299
734457337144,298
734457437046,299
734457536948,302
734457636850,303
734457736752,303
734457836654,298
734457936556,300
734458036458,298
734458136360,299
734458236262,299
734458336164,298
734458436066,298
734458535968,303
734458635870,302
734458735772,302
734458835674,299
734458935576,299
734459035478,299
734459135380,298
734459235282,314
734459335184,318
734459435086,320
734459534988,324
734459634890,321
734459734792,317
734459834694,299
734459934596,298
734460034498,299
734460134400,299
734460234302,313
734460334204,299
734460434106,299
734460534008,299
734460633910,326
734460733812,319
734460833714,304
734460933616,299
734461033533,299
734461133435,299
734461233337,311
734461333239,298
734461433141,299
734461533043,298
734461632945,303
734461732847,303
734461832749,301
734461932651,299
734462032553,299
734462132455,298
734462232357,299
734462332259,298
734462432161,299
734462532063,299
734462631965,301
734462731867,302
734462831769,301
734462931671,298
734463031573,298
734463131475,298
734463231377,298
734463331279,314
734463431181,317
734463531083,321
734463630985,324
734463730887,331
734463830789,317
734463930692,317
734464030594,299
734464130496,299
734464230398,298
734464330300,312
734464430202,298
734464530104,299
734464630006,298
734464729908,322
734464829810,317
734464929712,302
734465029614,298
734465129516,298
734465229418,299
734465329320,312
734465429222,298
734465529124,299
734465629026,298
734465728928,302
734465828830,302
734465928732,301
734466028634,298
734466128536,299
734466228438,299
734466328340,298
734466428242,298
734466528144,299
734466628046,299
734466727948,302
734466827850,302
734466927752,301
734467027654,299
734467127556,299
734467227458,298
734467327364,299
734467427266,314
734467527168,318
734467627070,321
734467726972,323
734467826874,318
734467926776,315
734468026678,299
734468126580,299
734468226482,298
734468326384,299
734468426286,313
734468526188,299
734468626090,298
734468725992,302
734468825894,320
734468925796,315
734469025698,298
734469125600,299
734469225502,298
734469325404,298
734469425306,312
734469525208,298
734469625110,298
734469725012,299
734469824914,302
734469924816,301
734470024718,302
734470124620,299
734470224522,299
734470324424,298
734470424326,299
734470524228,299
734470624130,299
734470724032,299
734470823934,306
734470923836,304
734471023738,303
734471123640,298
734471223542,298
734471323444,299
734471423346,311
734471523248,315
734471623150,318
734471723052,334
734471822954,322
734471922856,319
734472022758,315
734472122660,299
734472222562,299
734472322464,298
734472422366,300
734472522268,314
734472622170,298
734472722072,299
734472821974,301
734472921876,319
734473021778,315
734473121680,298
734473221582,298
734473321484,299
734473421386,298
734473521288,313
734473621190,298
734473721092,312
734473820995,302
734473920897,301
734474020799,302
734474120701,302
734474220603,299
734474320505,299
734474420407,298
734474520309,300
734474620211,299
734474720113,299
734474820015,299
734474919917,301
734475019819,302
734475119721,301
734475219623,299
734475319525,299
734475419427,299
734475519329,312
734475619231,315
734475719133,319
734475819035,334
734475918937,321
734476018839,318
734476118741,302
734476218643,298
734476318545,298
734476418447,299
734476518349,298
734476618251,315
734476718153,299
734476818055,299
734476917957,302
734477017859,319
734477117761,314
734477217663,299
734477317565,299
734477417467,298
734477517369,299
734477617271,315
734477717173,300
734477817075,298
734477916977,320
734478016879,303
734478116781,302
734478216683,299
734478316585,298
734478416487,299
734478516389,299
734478616291,299
734478716193,299
734478816095,299
734478915997,301
734479015899,302
734479115801,302
734479215703,302
734479315605,300
734479415507,299
734479515409,299
734479615311,312
734479715213,317
734479815115,320
734479915017,322
734480014919,321
734480114821,319
734480214723,316
734480314625,298
734480414527,299
734480514429,299
734480614331,299
734480714233,316
734480814135,298
734480914037,299
734481013939,307
734481113841,321
734481213743,306
734481313645,299
734481413547,299
734481513449,298
734481613351,299
734481713253,315
734481813155,298
734481913057,298
734482012959,301
734482112861,302
734482212763,302
734482312665,298
734482412567,299
734482512469,300
734482612371,299
734482712273,299
734482812175,298
734482912077,298
734483011979,325
734483111881,302
734483211783,302
734483311685,299
734483411587,298
734483511489,298
734483611391,299
734483711294,324
734483811198,316
734483911100,320
734484011004,321
734484110906,320
734484210808,316
734484310710,302
734484410612,299
734484510514,298
734484610416,298
734484710318,299
734484810220,315
734484910122,298
734485010024,299
734485109941,303
734485209843,318
734485309745,301
734485409647,298
734485509549,298
734485609451,299
734485709353,299
734485809255,314
734485909157,299
734486009059,298
734486108961,301
734486208863,301
734486308765,301
734486408667,298
734486508569,299
734486608471,298
734486708373,299
734486808275,299
734486908177,298
734487008079,299
734487107981,301
734487207883,301
734487307785,302
734487407687,298
734487507589,299
734487607491,298
734487707393,299
734487807295,312
734487907197,316
734488007099,321
734488107003,322
734488206905,320
734488306807,315
734488406709,302
734488506611,298
734488606513,298
734488706415,299
734488806317,298
734488906219,316
734489006121,298
734489106023,298
734489205925,301
734489305827,317
734489405729,301
734489505631,298
734489605533,298
734489705435,299
734489805337,298
734489905239,315
734490005141,299
734490105043,298
734490204945,302
734490304847,301
734490404749,301
734490504651,299
734490604553,298
734490704456,310
734490804358,299
734490904260,299
734491004162,298
734491104064,298
734491203966,318
734491303868,307
734491403770,305
734491503672,298
734491603574,298
734491703476,298
734491803378,298
734491903280,313
734492003182,317
734492103084,322
734492202986,323
734492302888,318
734492402790,316
734492502692,298
734492602594,298
734492702496,299
734492802398,299
734492902300,299
734493002202,316
734493102104,298
734493202006,299
734493301908,301
734493401810,316
734493501712,301
734493601614,298
734493701516,312
734493801420,298
734493901322,298
734494001224,316
734494101126,299
734494201028,298
734494300930,302
734494400832,302
734494500734,302
734494600636,316
734494700538,299
734494800440,299
734494900342,299
734495000244,299
734495100146,298
734495200048,298
734495299950,303
734495399852,301
734495499754,302
734495599656,299
734495699558,299
734495799460,299
734495899363,299
734495999265,314
734496099167,319
734496199069,322
734496298971,324
734496398873,319
734496498775,316
734496598677,299
734496698579,299
734496798481,299
734496898383,299
734496998285,299
734497098187,317
734497198089,299
734497297991,302
734497397893,302
734497497795,316
734497597697,323
734497697599,300
734497797501,298
734497897403,298
734497997305,300
734498097207,317
734498197109,298
734498297011,298
734498396913,302
734498496815,303
734498596717,302
734498696619,299
734498796521,298
734498896423,299
734498996325,298
734499096227,299
734499196129,299
734499296031,300
734499395933,301
734499495835,302
734499595737,301
734499695639,300
734499795541,298
734499895443,298
734499995345,312
734500095247,315
734500195149,319
734500295051,334
734500394953,323
734500494855,319
734500594757,315
734500694659,299
734500794561,298
734500894463,299
734500994365,298
734501094267,299
734501194169,318
734501294071,299
734501393973,306
734501493875,305
734501593777,320
734501693679,299
734501793581,299
734501893483,299
734501993385,298
734502093287,299
734502193189,317
734502293091,303
734502392993,302
734502492895,304
734502592797,301
734502692699,299
734502792601,299
734502892503,298
734502992405,299
734503092307,298
734503192209,299
734503292111,299
734503392013,299
734503491915,301
734503591817,302
