3537720371551,8886
3537720471489,6890
3537720571411,6863
3537720671334,6877
3537720771257,6906
3537720871180,5769
3537720971102,5772
3537721071026,5767
3537721170948,5761
3537721270870,5767
3537721370792,5771
3537721470714,5771
3537721570636,5728
3537721670558,5730
3537721770480,5760
3537721870402,5763
3537721970324,5760
3537722070246,5763
3537722170168,5758
3537722270090,5757
3537722370012,5758
3537722469935,5804
3537722569858,5765
3537722669781,5759
3537722769703,5546
3537722869625,5537
3537722969547,5539
3537723069469,5536
3537723169391,5508
3537723269314,5500
3537723369236,5537
3537723469159,5543
3537723569081,5537
3537723669005,5534
3537723768927,5545
3537723868851,5539
3537723968773,5545
3537724068696,5538
3537724168618,5535
3537724268540,5539
3537724368462,5532
3537724468385,5532
3537724568307,5539
3537724668230,5533
3537724768153,5514
3537724868075,5501
3537724967997,5536
3537725067919,5539
3537725167841,5534
3537725267763,5536
3537725367685,5529
3537725467607,5649
3537725567529,5538
3537725667451,5532
3537725767373,5536
3537725867296,5531
3537725967218,5530
3537726067140,5530
3537726167062,5533
3537726266985,5542
3537726366907,5495
3537726466829,5502
3537726566751,5539
3537726666673,5560
3537726766596,5544
3537726866518,5534
3537726966441,5619
3537727066363,5539
3537727166285,5531
3537727266207,5534
3537727366129,5536
3537727466051,5532
3537727565974,5538
3537727665896,5536
3537727765818,5536
3537727865740,5537
3537727965662,5502
3537728065584,5498
3537728165506,5533
3537728265428,5526
3537728365350,5527
3537728465272,5740
3537728565195,5536
3537728665117,5571
3537728765040,5537
3537728864962,5538
3537728964884,5529
3537729064806,5539
3537729164728,5536
3537729264650,5537
3537729364572,5537
3537729464494,5542
3537729564416,5504
3537729664338,5498
3537729764261,5535
3537729864183,5535
3537729964105,5533
3537730064027,5616
3537730163949,5543
3537730263871,5539
3537730363793,5536
3537730463716,5537
3537730563640,5622
3537730663564,5743
3537730763487,5580
3537730863410,5787
3537730963333,5777
3537731063255,5534
3537731163177,5530
3537731263099,5564
3537731363021,5535
3537731462944,5564
3537731562866,5572
3537731662788,5555
3537731762710,5552
3537731862632,5539
3537731962554,5534
3537732062476,5541
3537732162398,5536
3537732262320,5770
3537732362243,5797
3537732462166,5772
3537732562088,5802
3537732662017,5819
3537732761940,5539
3537732861862,5542
3537732961784,5551
3537733061706,5544
3537733161628,5556
3537733261550,5545
3537733361472,5544
3537733461395,5533
3537733561317,5571
3537733661239,5545
3537733761161,5529
3537733861084,5547
3537733961006,5547
3537734060928,5548
3537734160850,5536
3537734260772,5560
3537734360694,5542
3537734460616,5534
3537734560538,5567
3537734660460,5626
3537734760383,5573
3537734860305,5533
3537734960227,5535
3537735060149,5551
3537735160071,5573
3537735259993,5556
3537735359915,5546
3537735459838,5668
3537735559760,5562
3537735659682,5543
3537735759604,5570
3537735859526,5549
3537735959448,5581
3537736059371,5601
3537736159293,5542
3537736259215,5535
3537736359137,5551
3537736459059,5538
3537736558981,5558
3537736658903,5616
3537736758826,5544
3537736858748,5541
3537736958670,5536
3537737058593,5544
3537737158515,5584
3537737258437,5544
3537737358359,5554
3537737458281,5560
3537737558203,5582
3537737658125,5529
3537737758047,5542
3537737857969,5534
3537737957891,5541
3537738057813,5552
3537738157735,5543
3537738257657,5536
3537738357579,5551
3537738457501,5537
3537738557423,5534
3537738657345,5610
3537738757267,5550
3537738857189,5555
3537738957111,5535
3537739057033,5537
3537739156955,5533
3537739256877,5532
3537739356799,5536
3537739456721,5661
3537739556643,5560
3537739656565,5554
3537739756487,5557
3537739856409,5558
3537739956333,5547
3537740056256,5551
3537740156178,5560
3537740256100,5531
3537740356022,5534
3537740455944,5577
3537740555867,5559
3537740655790,5651
3537740755714,5651
3537740855639,5640
3537740955561,5566
3537741055483,5777
3537741155405,5749
3537741255328,5538
3537741355250,5540
3537741455173,5536
3537741555095,5537
3537741655017,5538
3537741754939,5536
3537741854861,5535
3537741954802,5534
3537742054725,5536
3537742154647,5536
3537742254569,5537
3537742354491,5489
3537742454413,5500
3537742554336,5533
3537742654258,5616
3537742754180,5554
3537742854102,5533
3537742954024,5528
3537743053947,5542
3537743153869,5544
3537743253791,5540
3537743353713,5543
3537743453635,5559
3537743553557,5538
3537743653479,5540
3537743753402,5540
3537743853324,5536
3537743953246,5513
3537744053168,5506
3537744153090,5536
3537744253012,5537
3537744352934,5572
3537744452856,5558
3537744552778,5541
3537744652700,5616
3537744752623,5548
3537744852545,5545
3537744952467,5552
3537745052389,5540
3537745152311,5538
3537745252233,5539
3537745352155,5534
3537745452077,5552
3537745551999,5511
3537745651921,5509
3537745751843,5538
3537745851765,5546
3537745951687,5551
3537746051609,5543
3537746151531,5535
3537746251453,5536
3537746351375,5531
3537746451297,5542
3537746551219,5535
3537746651141,5609
3537746751064,5555
3537746850987,5548
3537746950909,5548
3537747050831,5543
3537747150753,5509
3537747250675,5513
3537747350597,5541
3537747450520,5552
3537747550443,5547
3537747650365,5539
3537747750287,5537
3537747850209,5540
3537747950131,5552
3537748050053,5540
3537748149975,5538
3537748249897,5536
3537748349819,5546
3537748449742,5552
3537748549664,5539
3537748649586,5577
3537748749509,5528
3537748849431,5499
3537748949353,5551
3537749049276,5535
3537749149198,5541
3537749249120,5532
3537749349043,5536
3537749448965,5554
3537749548887,5553
3537749648809,5537
3537749748732,5559
3537749848654,5539
3537749948576,5548
3537750048498,5542
3537750148420,5529
3537750248342,5532
3537750348264,5495
3537750448186,5499
3537750548108,5532
3537750648030,5564
3537750747953,5542
3537750847876,5535
3537750947800,5606
3537751047724,5680
3537751147646,5568
3537751247568,5776
3537751347490,5759
3537751447413,5552
3537751547335,5551
3537751647257,5531
3537751747180,5529
3537751847102,5548
3537751947024,5680
3537752046946,5582
3537752146868,5543
3537752246790,5544
3537752346712,5535
3537752446635,5546
3537752546557,5536
3537752646479,5532
3537752746401,5563
3537752846323,5556
3537752946245,5528
3537753046169,5544
3537753146091,5569
3537753246013,5529
3537753345935,5555
3537753445858,5545
3537753545780,5551
3537753645702,5636
3537753745624,5589
3537753845546,5534
3537753945468,5527
3537754045390,5536
3537754145312,5540
3537754245234,5564
3537754345156,5558
3537754445079,5570
3537754545004,5579
3537754644926,5570
3537754744849,5544
3537754844771,5537
3537754944693,5540
3537755044615,5555
3537755144537,5592
3537755244459,5556
3537755344381,5569
3537755444303,5550
3537755544225,5539
3537755644147,5574
3537755744069,5556
3537755843991,5565
3537755943913,5544
3537756043835,5548
3537756143757,5591
3537756243679,5551
3537756343601,5542
3537756443523,5542
3537756543445,5547
3537756643367,5559
3537756743290,5586
3537756843213,5568
3537756943135,5537
3537757043057,5547
3537757142979,5540
3537757242901,5536
3537757342823,5544
3537757442746,5556
3537757542668,5565
3537757642591,5553
3537757742513,5541
3537757842435,5532
3537757942357,5540
3537758042279,5565
3537758142201,5544
3537758242123,5542
3537758342045,5561
3537758441968,5610
3537758541890,5543
3537758641812,5553
3537758741735,5557
3537758841657,5561
3537758941579,5535
3537759041501,5576
3537759141423,5539
3537759241345,5549
3537759341267,5554
3537759441189,5572
3537759541111,5538
3537759641033,5533
3537759740956,5544
3537759840878,5564
3537759940800,5536
3537760040722,5672
3537760140644,5536
3537760240566,5541
3537760340488,5543
3537760440410,5550
3537760540332,5540
3537760640254,5543
3537760740177,5539
3537760840099,5529
3537760940021,5530
3537761039945,5609
3537761139870,5678
3537761239792,5572
3537761339715,5827
3537761439638,5750
3537761539562,5512
3537761639484,5501
3537761739407,5533
3537761839329,5539
3537761939251,5536
3537762039173,5540
3537762139095,5539
3537762239017,5531
3537762338939,5533
3537762438861,5543
3537762538783,5540
3537762638705,5541
3537762738628,5560
3537762838550,5542
3537762938472,5543
3537763038394,5532
3537763138316,5500
3537763238238,5497
3537763338160,5530
3537763438082,5534
3537763538019,5533
3537763637941,5538
3537763737863,5539
3537763837785,5536
3537763937707,5533
3537764037629,5537
3537764137552,5539
3537764237474,5541
3537764337396,5534
3537764437318,5530
3537764537241,5538
3537764637163,5536
3537764737086,5522
3537764837008,5499
3537764936930,5530
3537765036852,5532
3537765136774,5537
3537765236696,5538
3537765336618,5539
3537765436540,5537
3537765536462,5530
3537765636384,5532
3537765736307,5529
3537765836229,5533
3537765936151,5532
3537766036073,5535
3537766135995,5536
3537766235917,5539
3537766335839,5502
3537766435762,5509
3537766535684,5539
3537766635606,5538
3537766735529,5552
3537766835453,5532
3537766935376,5538
3537767035298,5530
3537767135220,5536
3537767235142,5531
3537767335064,5537
3537767434986,5538
3537767534908,5536
3537767634830,5538
3537767734753,5541
3537767834675,5538
3537767934597,5500
3537768034520,5506
3537768134442,5565
3537768234364,5535
3537768334286,5533
3537768434208,5531
3537768534130,5536
3537768634052,5535
3537768733975,5555
3537768833897,5539
3537768933819,5530
3537769033741,5542
3537769133663,5541
3537769233585,5544
3537769333507,5541
3537769433429,5539
3537769533352,5496
3537769633274,5503
3537769733196,5540
3537769833118,5535
3537769933040,5541
3537770032962,5538
3537770132884,5537
3537770232806,5535
3537770332728,5540
3537770432650,5545
3537770532572,5535
3537770632494,5542
3537770732417,5550
3537770832340,5545
3537770932262,5535
3537771032185,5577
3537771132109,5564
3537771232033,5670
3537771331955,5566
3537771431878,5778
3537771531801,5829
3537771631724,5551
3537771731646,5540
3537771831568,5534
3537771931490,5537
3537772031412,5604
3537772131335,5562
3537772231257,5553
3537772331179,5562
3537772431102,5534
3537772531025,5767
3537772630947,5763
3537772730869,5573
3537772830791,5534
3537772930713,5541
3537773030635,5584
3537773130557,5551
3537773230479,5564
3537773330401,5536
3537773430324,5536
3537773530246,5544
3537773630168,5569
3537773730090,5531
3537773830012,5563
3537773929934,5546
3537774029858,5549
3537774129780,5546
3537774229702,5543
3537774329625,5549
3537774429548,5582
3537774529471,5554
3537774629393,5531
3537774729316,5560
3537774829238,5549
3537774929160,5544
3537775029082,5541
3537775129004,5576
3537775228926,5529
3537775328848,5532
3537775428771,5611
3537775528693,5562
3537775628615,5560
3537775728537,5546
3537775828459,5564
3537775928383,5718
3537776028305,5744
3537776128229,5534
3537776228151,5561
3537776328073,5531
3537776427996,5611
3537776527918,5595
3537776627840,5538
3537776727762,5561
3537776827684,5642
3537776927606,5530
3537777027528,5601
3537777127450,5530
3537777227372,5566
3537777327294,5536
3537777427216,5615
3537777527138,5596
3537777627060,5530
3537777726983,5556
3537777826905,5541
3537777926827,5539
3537778026749,5574
3537778126671,5559
3537778226593,5545
3537778326516,5639
3537778426438,5637
3537778526360,5552
3537778626282,5541
3537778726204,5532
3537778826126,5531
3537778926048,5539
3537779025970,5669
3537779125892,5560
3537779225814,5539
3537779325736,5543
3537779425658,5646
3537779525581,5531
3537779625503,5568
3537779725425,5537
3537779825347,5544
3537779925269,5536
3537780025191,5556
3537780125113,5524
3537780225035,5546
3537780324957,5543
3537780424879,5617
3537780524801,5537
3537780624723,5545
3537780724646,5599
3537780824568,5536
3537780924490,5552
3537781024412,5532
3537781124334,5539
3537781224256,5534
3537781324180,5597
3537781424105,5757
3537781524027,5529
3537781623949,5779
3537781723872,5758
3537781823795,5763
3537781923718,5765
3537782023641,5763
3537782123563,5765
3537782223485,5758
3537782323407,5719
3537782423329,5808
3537782523251,5765
3537782623174,5842
3537782723096,5556
3537782823018,5542
3537782922940,5538
3537783022862,5543
3537783122784,5543
3537783222706,5545
3537783322628,5540
3537783422551,5590
3537783522473,5543
3537783622395,5536
3537783722318,5539
3537783822240,5538
3537783922162,5504
3537784022084,5506
3537784122006,5538
3537784221928,5541
3537784321850,5531
3537784421772,5564
3537784521694,5542
3537784621616,5540
3537784721538,5557
3537784821460,5544
3537784921382,5533
3537785021322,5539
3537785121245,5542
3537785221168,5539
3537785321090,5536
3537785421012,5549
3537785520934,5508
3537785620856,5497
3537785720778,5546
3537785820700,5546
3537785920622,5542
3537786020544,5538
3537786120466,5542
3537786220388,5529
3537786320310,5542
3537786420232,5554
3537786520154,5534
3537786620076,5529
3537786719999,5559
3537786819921,5533
3537786919843,5537
3537787019765,5540
3537787119687,5503
3537787219609,5502
3537787319531,5545
3537787419453,5552
3537787519375,5542
3537787619297,5534
3537787719219,5538
3537787819141,5537
3537787919063,5540
3537788018985,5548
3537788118907,5542
3537788218829,5542
3537788318751,5543
3537788418673,5547
3537788518596,5545
3537788618519,5540
3537788718441,5509
3537788818363,5498
3537788918285,5533
3537789018207,5530
3537789118130,5534
3537789218052,5532
3537789317974,5536
3537789417896,5547
3537789517818,5538
3537789617740,5533
3537789717662,5535
3537789817584,5535
3537789917506,5536
3537790017428,5535
3537790117350,5532
3537790217272,5531
3537790317194,5500
3537790417116,5490
3537790517038,5537
3537790616960,5532
3537790716883,5662
3537790816805,5535
3537790916727,5542
3537791016649,5533
3537791116571,5537
3537791216493,5534
3537791316415,5535
3537791416339,5605
3537791516264,5667
3537791616186,5545
3537791716109,5748
3537791816032,5760
3537791915956,5583
3537792015880,5537
3537792115802,5557
3537792215726,5772
3537792315648,5775
3537792415570,5766
3537792515492,5760
3537792615415,5767
3537792715338,5546
3537792815260,5559
3537792915182,5542
3537793015104,5535
3537793115026,5739
3537793214948,5539
3537793314870,5544
3537793414792,5533
3537793514716,5614
3537793614638,5624
3537793714560,5555
3537793814482,5539
3537793914404,5562
3537794014326,5546
3537794114250,5525
3537794214172,5535
3537794314094,5539
3537794414016,5537
3537794513938,5604
3537794613861,5537
3537794713783,5572
3537794813705,5530
3537794913627,5545
3537795013549,5546
3537795113471,5682
3537795213393,5529
3537795313315,5583
3537795413237,5552
3537795513159,5551
3537795613081,5558
3537795713005,5531
3537795812927,5538
3537795912849,5550
3537796012771,5530
3537796112693,5537
3537796212615,5553
3537796312537,5546
3537796412459,5538
3537796512382,5563
3537796612304,5556
3537796712227,5569
3537796812149,5553
3537796912071,5534
3537797011993,5543
3537797111915,5538
3537797211837,5593
3537797311760,5545
3537797411682,5541
3537797511605,5549
3537797611527,5588
3537797711449,5534
3537797811371,5531
3537797911293,5554
3537798011215,5534
3537798111137,5532
3537798211060,5540
3537798310982,5542
3537798410904,5573
3537798510826,5536
3537798610748,5560
3537798710671,5563
3537798810593,5558
3537798910515,5541
3537799010437,5544
3537799110359,5571
3537799210281,5537
3537799310203,5528
3537799410125,5549
3537799510047,5531
3537799609969,5549
3537799709891,5549
3537799809813,5534
3537799909735,5536
3537800009657,5540
3537800109580,5535
3537800209502,5555
3537800309424,5542
3537800409346,5565
3537800509268,5547
3537800609191,5544
3537800709114,5566
3537800809036,5543
3537800908958,5534
3537801008880,5531
3537801108802,5562
3537801208724,5564
3537801308646,5565
3537801408568,5600
3537801508492,5627
3537801608417,5646
3537801708339,5572
3537801808262,5778
3537801908185,5748
3537802008108,5760
3537802108031,5755
3537802207953,5759
3537802307875,5867
3537802407797,5761
3537802507719,5758
3537802607641,5760
3537802707564,5560
3537802807486,5538
3537802907408,5537
3537803007330,5528
3537803107252,5501
3537803207174,5499
3537803307096,5536
3537803407018,5535
3537803506940,5575
3537803606862,5584
3537803706784,5540
3537803806706,5719
3537803906628,5559
3537804006550,5562
3537804106472,5564
3537804206394,5557
3537804306316,5532
3537804406238,5538
3537804506160,5541
3537804606082,5538
3537804706005,5513
3537804805927,5502
3537804905849,5582
3537805005772,5540
3537805105694,5536
3537805205616,5538
3537805305538,5535
3537805405460,5535
3537805505382,5528
3537805605304,5568
3537805705226,5534
3537805805148,5531
3537805905070,5522
3537806004992,5538
3537806104914,5541
3537806204836,5545
3537806304758,5495
3537806404681,5501
3537806504603,5538
3537806604538,5541
3537806704462,5553
3537806804384,5529
3537806904306,5535
3537807004228,5533
3537807104150,5534
3537807204072,5528
3537807303994,5545
3537807403916,5538
3537807503839,5537
3537807603761,5535
3537807703684,5558
3537807803608,5540
3537807903530,5498
3537808003452,5508
3537808103374,5538
3537808203296,5551
3537808303218,5538
3537808403141,5537
3537808503063,5535
3537808602985,5536
3537808702908,5580
3537808802830,5549
3537808902752,5540
3537809002674,5541
3537809102596,5539
3537809202518,5552
3537809302440,5536
3537809402362,5534
3537809502284,5543
3537809602207,5539
3537809702129,5558
3537809802051,5537
3537809901973,5534
3537810001895,5541
3537810101817,5534
3537810201739,5559
3537810301662,5534
3537810401584,5537
3537810501506,5538
3537810601428,5526
3537810701351,5591
3537810801273,5531
3537810901195,5536
3537811001117,5534
3537811101039,5502
3537811200961,5522
3537811300883,5537
3537811400805,5536
3537811500727,5540
3537811600649,5541
3537811700573,5639
3537811800497,5686
3537811900419,5571
3537812000342,5776
3537812100265,5774
3537812200187,5571
3537812300109,5545
3537812400031,5532
3537812499953,5583
3537812599876,5564
3537812699800,5628
3537812799724,5532
3537812899646,5557
3537812999568,5598
3537813099491,5552
3537813199413,5599
3537813299335,5557
3537813399257,5537
3537813499179,5551
3537813599101,5542
3537813699023,5549
3537813798945,5544
3537813898867,5550
3537813998789,5534
3537814098711,5536
3537814198633,5561
3537814298555,5558
3537814398477,5531
3537814498400,5550
3537814598323,5530
3537814698246,5603
3537814798168,5532
3537814898090,5528
3537814998012,5527
3537815097934,5544
3537815197856,5548
3537815297778,5529
3537815397700,5549
3537815497622,5550
3537815597544,5536
3537815697467,5563
3537815797389,5574
3537815897311,5619
3537815997233,5533
3537816097155,5523
3537816197078,5566
3537816297004,5551
3537816396926,5535
3537816496848,5554
3537816596770,5547
3537816696692,5617
3537816796615,5536
3537816896537,5553
3537816996460,5553
3537817096382,5532
3537817196304,5537
3537817296226,5532
3537817396148,5535
3537817496071,5543
3537817595993,5572
3537817695916,5609
3537817795838,5596
3537817895760,5539
3537817995682,5567
3537818095604,5547
3537818195526,5548
3537818295448,5527
3537818395370,5539
3537818495293,5529
3537818595215,5530
3537818695138,5612
3537818795060,5539
3537818894982,5546
3537818994904,5548
3537819094826,5547
3537819194749,5550
3537819294671,5560
3537819394593,5529
3537819494516,5540
3537819594438,5571
3537819694360,5555
3537819794284,5548
3537819894206,5570
3537819994128,5544
3537820094050,5559
3537820193972,5546
3537820293895,5552
3537820393817,5552
3537820493739,5543
3537820593661,5529
3537820693584,5610
3537820793506,5537
3537820893428,5569
3537820993350,5546
3537821093272,5558
3537821193194,5536
3537821293116,5532
3537821393038,5543
3537821492960,5535
3537821592882,5558
3537821692804,5580
