735007051747,2797
735007151660,1201
735007251563,1199
735007351465,1231
735007451367,1198
735007551269,1198
735007651171,1197
735007751074,1197
735007850976,1201
735007950878,1204
735008050780,1197
735008150682,1199
735008250584,1198
735008350486,1198
735008450388,1198
735008550290,1198
735008650192,1198
735008750094,1203
735008849996,1201
735008949898,1201
735009049800,1198
735009149702,1197
735009249604,1198
735009349506,1198
735009449408,1198
735009549310,1200
735009649212,1198
735009749114,1198
735009849016,1197
735009948918,1201
735010048820,1200
735010148722,1198
735010248624,1197
735010348526,1199
735010448428,1198
735010548330,1198
735010648232,1197
735010748134,1198
735010848036,1198
735010947938,1201
735011047840,1201
735011147742,1200
735011247644,1198
735011347546,1197
735011447448,1198
735011547350,1198
735011647252,1198
735011747154,1198
735011847056,1197
735011946958,1203
735012046860,1201
735012146762,1233
735012246664,1198
735012346566,1198
735012446468,1198
735012546370,1199
735012646272,1198
735012746174,1200
735012846076,1198
735012945978,1201
735013045880,1201
735013145782,1198
735013245684,1198
735013345586,1197
735013445488,1197
735013545390,1200
735013645292,1198
735013745194,1198
735013845096,1197
735013944998,1201
735014044900,1201
735014144802,1201
735014244704,1197
735014344606,1200
735014444508,1197
735014544410,1198
735014644312,1198
735014744214,1198
735014844116,1197
735014944018,1197
735015043920,1204
735015143822,1206
735015243724,1201
735015343626,1200
735015443528,1200
735015543430,1201
735015643332,1202
735015743234,1201
735015843136,1201
735015943038,1203
735016042940,1205
735016142842,1204
735016242744,1197
735016342646,1200
735016442548,1198
735016542450,1198
735016642352,1198
735016742254,1200
735016842156,1198
735016942058,1198
735017041960,1201
735017141863,1333
735017241765,1199
735017341667,1198
735017441569,1197
735017541471,1202
735017641373,1199
735017741275,1198
735017841177,1198
735017941079,1198
735018040981,1201
735018140883,1203
735018240786,1199
735018340688,1201
735018440590,1198
735018540492,1198
735018640394,1197
735018740296,1204
735018840198,1197
735018940100,1197
735019040004,1198
735019139906,1204
735019239808,1202
735019339710,1198
735019439612,1197
735019539514,1199
735019639416,1197
735019739318,1199
735019839220,1198
735019939122,1202
735020039024,1199
735020138926,1201
735020238828,1201
735020338730,1199
735020438632,1197
735020538534,1197
735020638436,1198
735020738338,1202
735020838240,1199
735020938142,1197
735021038044,1198
735021137946,1202
735021237848,1201
735021337750,1198
735021437652,1199
735021537554,1201
735021637456,1197
735021737358,1201
735021837260,1200
735021937162,1253
735022037064,1197
735022136966,1201
735022236868,1202
735022336770,1201
735022436672,1198
735022536574,1198
735022636476,1197
735022736378,1198
735022836280,1196
735022936182,1198
735023036084,1199
735023135986,1205
735023235888,1202
735023335790,1197
735023435692,1197
735023535594,1198
735023635496,1198
735023735398,1198
735023835300,1199
735023935202,1256
735024035104,1199
735024135012,1196
735024234914,1201
735024334816,1201
735024434718,1200
735024534620,1198
735024634522,1200
735024734424,1202
735024834326,1197
735024934228,1199
735025034130,1199
735025134032,1197
735025233934,1204
735025333836,1204
735025433738,1201
735025533640,1204
735025633542,1202
735025733444,1201
735025833346,1201
735025933248,1202
735026033150,1202
735026133052,1200
735026232954,1204
735026332856,1207
735026432758,1198
735026532660,1197
735026632562,1197
735026732464,1198
735026832366,1198
735026932268,1198
735027032170,1198
735027132073,1314
735027231975,1201
735027331877,1200
735027431779,1198
735027531681,1198
735027631583,1198
735027731485,1198
735027831387,1197
735027931289,1198
735028031191,1197
735028131093,1198
735028230995,1202
735028330897,1203
735028430799,1206
735028530701,1197
735028630603,1197
735028730505,1201
735028830407,1198
735028930309,1198
735029030211,1198
735029130113,1197
735029230015,1199
735029329917,1201
735029429819,1201
735029529721,1200
735029629623,1196
735029729525,1198
735029829444,1199
735029929346,1198
735030029248,1198
735030129150,1198
735030229052,1198
735030328954,1207
735030428856,1200
735030528758,1197
735030628660,1197
735030728562,1198
735030828464,1197
735030928366,1219
735031028268,1198
735031128170,1200
735031228072,1198
735031327974,1205
735031427876,1201
735031527778,1198
735031627680,1198
735031727582,1198
735031827484,1198
735031927386,1199
735032027288,1199
735032127190,1200
735032227092,1198
735032326994,1200
735032426896,1201
735032526798,1198
735032626700,1197
735032726602,1200
735032826504,1198
735032926406,1198
735033026308,1198
735033126210,1197
735033226112,1197
735033326014,1198
735033425916,1203
735033525818,1204
735033625720,1198
735033725622,1198
735033825524,1197
735033925426,1198
735034025328,1198
735034125230,1198
735034225132,1198
735034325034,1200
735034424936,1200
735034524838,1202
735034624740,1198
735034724642,1198
735034824544,1198
735034924446,1200
735035024348,1198
735035124250,1202
735035224152,1197
735035324054,1197
735035423956,1203
735035523858,1204
735035623760,1200
735035723662,1201
735035823564,1201
735035923466,1203
735036023368,1201
735036123270,1202
735036223172,1201
735036323074,1221
735036422976,1204
735036522878,1205
735036622780,1198
735036722682,1200
735036822584,1197
735036922486,1199
735037022388,1198
735037122291,1298
735037222193,1199
735037322095,1200
735037421997,1202
735037521899,1205
735037621801,1202
735037721703,1197
735037821605,1198
735037921507,1198
735038021409,1198
735038121311,1197
735038221213,1198
735038321115,1201
735038421017,1199
735038520919,1202
735038620821,1201
735038720724,1200
735038820626,1198
735038920528,1199
735039020430,1200
735039120332,1201
735039220234,1199
735039320136,1199
735039420038,1199
735039519940,1201
735039619842,1202
735039719744,1196
735039819646,1197
735039919548,1201
735040019450,1198
735040119352,1197
735040219254,1199
735040319156,1197
735040419058,1199
735040518960,1202
735040618862,1200
735040718764,1202
735040818666,1198
735040918568,1199
735041018470,1198
735041118372,1198
735041218274,1211
735041318176,1198
735041418078,1198
735041517980,1205
735041617882,1202
735041717784,1198
735041817686,1197
735041917588,1198
735042017490,1197
735042117392,1198
735042217294,1197
735042317196,1202
735042417098,1198
735042517004,1198
735042616906,1201
735042716808,1203
735042816710,1198
735042916612,1197
735043016514,1197
735043116416,1202
735043216318,1197
735043316220,1200
735043416122,1241
735043516024,1198
735043615926,1201
735043715828,1201
735043815730,1198
735043915632,1201
735044015534,1196
735044115436,1198
735044215338,1197
735044315240,1198
735044415142,1197
735044515044,1199
735044614946,1201
735044714848,1205
735044814750,1197
735044914652,1197
735045014554,1198
735045114456,1200
735045214358,1200
735045314260,1198
735045414162,1197
735045514064,1202
735045613966,1205
735045713868,1205
735045813770,1200
735045913672,1201
735046013574,1201
735046113476,1201
735046213378,1201
735046313280,1204
735046413182,1202
735046513084,1202
735046612986,1204
735046712888,1204
735046812790,1198
735046912692,1197
735047012594,1198
735047112497,1298
735047212399,1198
735047312301,1198
735047412203,1198
735047512105,1198
735047612007,1198
735047711909,1201
735047811811,1200
735047911713,1199
735048011615,1197
735048111517,1198
735048211419,1198
735048311321,1198
735048411223,1198
735048511125,1198
735048611027,1198
735048710930,1203
735048810832,1203
735048910734,1202
735049010636,1200
735049110538,1199
735049210440,1197
735049310342,1198
735049410244,1197
735049510146,1200
735049610048,1198
735049709950,1200
735049809852,1200
735049909754,1198
735050009656,1198
735050109558,1198
735050209460,1197
735050309362,1200
735050409264,1197
735050509166,1202
735050609068,1197
735050708970,1202
735050808872,1200
735050908774,1198
735051008676,1198
735051108578,1200
735051208480,1198
735051308382,1198
735051408284,1198
735051508186,1198
735051608088,1198
735051707990,1201
735051807892,1201
735051907794,1200
735052007696,1197
735052107598,1197
735052207500,1198
735052307402,1198
735052407304,1198
735052507206,1198
735052607124,1199
735052707026,1200
735052806928,1201
735052906830,1201
735053006732,1197
735053106634,1198
735053206536,1198
735053306438,1198
735053406340,1198
735053506242,1200
735053606144,1197
735053706046,1198
735053805948,1200
735053905850,1201
735054005752,1197
735054105654,1198
735054205556,1197
735054305458,1199
735054405360,1198
735054505262,1197
735054605164,1201
735054705066,1199
735054804968,1201
735054904870,1201
735055004772,1198
735055104674,1200
735055204576,1197
735055304478,1198
735055404380,1198
735055504282,1198
735055604184,1198
735055704086,1199
735055803988,1203
735055903890,1207
735056003792,1200
735056103694,1200
735056203596,1213
735056303498,1200
735056403400,1200
735056503302,1201
735056603204,1236
735056703106,1224
735056803008,1202
735056902910,1204
735057002812,1205
735057102715,1306
735057202617,1199
735057302519,1200
735057402421,1197
735057502323,1201
735057602225,1198
735057702127,1198
735057802029,1199
735057901931,1199
735058001833,1202
735058101735,1199
735058201637,1198
735058301539,1201
735058401441,1197
735058501343,1199
735058601245,1198
735058701148,1222
735058801051,1201
735058900953,1201
735059000855,1202
735059100757,1201
735059200659,1199
735059300561,1197
735059400463,1197
735059500365,1198
735059600267,1197
735059700169,1198
735059800071,1199
735059899973,1205
735059999875,1201
735060099777,1196
735060199679,1198
735060299581,1197
735060399483,1198
735060499385,1198
735060599287,1197
735060699189,1201
735060799091,1198
735060898993,1200
735060998895,1206
735061098797,1197
735061198699,1197
735061298601,1198
735061398503,1199
735061498405,1201
735061598307,1197
735061698209,1198
735061798111,1197
735061898013,1198
735061997915,1201
735062097817,1201
735062197719,1248
735062297621,1249
735062397523,1247
735062497425,1246
735062597327,1246
735062697229,1218
735062797131,1198
735062897033,1198
735062996935,1202
735063096837,1204
735063196739,1198
735063296641,1198
735063396543,1197
735063496445,1201
735063596347,1199
735063696249,1197
735063796151,1197
735063896053,1202
735063995956,1199
735064095858,1200
735064195760,1197
735064295662,1198
735064395564,1197
735064495466,1198
735064595368,1197
735064695270,1219
735064795172,1198
735064895074,1198
735064994976,1201
735065094878,1203
735065194780,1198
735065294682,1201
735065394584,1199
735065494486,1201
735065594388,1200
735065694290,1198
735065794192,1198
735065894094,1197
735065993996,1204
735066093898,1205
735066193800,1204
735066293702,1205
735066393604,1200
735066493506,1202
735066593408,1202
735066693310,1201
735066793212,1201
735066893114,1201
735066993016,1202
735067092919,1325
735067192821,1204
735067292723,1198
735067392625,1197
735067492527,1198
735067592429,1198
735067692331,1198
735067792233,1198
735067892135,1200
735067992037,1198
735068091939,1201
735068191841,1201
735068291743,1197
735068391645,1197
735068491547,1198
735068591449,1198
735068691351,1236
735068791253,1198
735068891155,1197
735068991057,1199
735069090959,1201
735069190861,1209
735069290763,1198
735069390665,1197
735069490567,1200
735069590469,1198
735069690371,1198
735069790273,1197
735069890175,1198
735069990077,1197
735070089979,1201
735070189881,1200
735070289783,1199
735070389685,1233
735070489587,1198
735070589489,1198
735070689391,1217
735070789293,1198
735070889195,1197
735070989097,1198
735071088999,1202
735071188901,1201
735071288803,1201
735071388705,1197
735071488607,1198
735071588509,1198
735071688411,1199
735071788313,1199
735071888215,1200
735071988117,1197
735072088019,1197
735072187921,1201
735072287823,1200
735072387725,1198
735072487627,1198
735072587529,1197
735072687431,1201
735072787333,1197
735072887235,1233
735072987137,1198
735073087039,1198
735073186941,1200
735073286843,1201
735073386745,1197
735073486647,1200
735073586549,1197
735073686451,1197
735073786353,1197
735073886255,1197
735073986157,1198
735074086059,1198
735074185961,1201
735074285863,1202
735074385765,1197
735074485667,1198
735074585569,1197
735074685471,1199
735074785373,1198
735074885275,1198
735074985177,1198
735075085079,1256
735075184981,1200
735075284902,1201
735075384804,1202
735075484706,1198
735075584608,1198
735075684510,1198
735075784412,1199
735075884314,1200
735075984216,1198
735076084118,1198
735076184020,1198
735076283922,1203
735076383824,1203
735076483726,1200
735076583628,1200
735076683530,1203
735076783432,1201
735076883334,1201
735076983236,1201
735077083139,1303
735077183041,1202
735077282943,1204
735077382845,1205
735077482747,1202
735077582649,1198
735077682551,1199
735077782453,1199
735077882355,1205
735077982257,1198
735078082159,1198
735078182061,1198
735078281963,1205
735078381865,1201
735078481767,1197
735078581669,1197
735078681571,1199
735078781473,1198
735078881375,1198
735078981277,1198
735079081179,1200
735079181081,1199
735079280983,1201
735079380885,1201
735079480787,1200
735079580689,1197
735079680591,1199
735079780493,1197
735079880395,1202
735079980297,1198
735080080199,1198
735080180101,1197
735080280004,1197
735080379906,1201
735080479808,1202
735080579710,1198
735080679612,1201
735080779514,1198
735080879416,1197
735080979318,1200
735081079220,1198
735081179122,1197
735081279024,1198
735081378926,1203
735081478828,1204
735081578730,1198
735081678632,1198
735081778534,1199
735081878436,1198
735081978338,1198
735082078240,1198
735082178142,1199
735082278044,1201
735082377946,1201
735082477848,1202
735082577750,1199
735082677652,1198
735082777554,1198
735082877456,1197
735082977358,1198
735083077260,1201
735083177162,1199
735083277064,1199
735083376966,1203
735083476868,1202
735083576770,1198
735083676672,1198
735083776574,1198
735083876476,1201
735083976378,1199
735084076280,1198
735084176182,1198
735084276084,1198
735084375986,1200
735084475888,1201
735084575790,1199
735084675692,1201
735084775594,1200
735084875496,1197
735084975398,1198
735085075300,1198
735085175202,1199
735085275104,1197
735085375006,1198
735085474908,1204
735085574810,1201
735085674712,1197
735085774614,1197
735085874516,1233
735085974418,1198
735086074320,1198
735086174222,1199
735086274124,1202
735086374026,1197
735086473928,1205
735086573830,1202
735086673732,1201
735086773634,1201
735086873536,1218
735086973438,1201
735087073341,1303
735087173243,1201
735087273145,1201
735087373047,1201
735087472949,1209
735087572851,1207
735087672753,1199
735087772655,1197
735087872557,1200
735087972459,1198
735088072361,1197
735088172263,1198
735088272165,1198
735088372067,1198
735088471969,1201
735088571871,1200
735088671773,1200
735088771675,1197
735088871577,1197
735088971479,1199
735089071381,1198
735089171283,1198
735089271185,1198
735089371087,1198
735089470989,1203
735089570891,1202
735089670793,1198
735089770695,1198
735089870597,1197
735089970499,1197
735090070401,1198
735090170303,1196
735090270205,1200
735090370107,1197
735090470009,1198
735090569911,1201
735090669813,1201
735090769715,1198
735090869617,1198
735090969519,1197
735091069421,1199
735091169323,1197
735091269225,1197
735091369127,1197
735091469029,1198
735091568931,1202
735091668833,1201
735091768735,1197
735091868637,1200
735091968539,1198
735092068441,1199
735092168343,1198
735092268245,1198
735092368147,1198
735092468049,1199
735092567951,1201
735092667853,1209
735092767755,1198
735092867657,1197
735092967559,1198
735093067461,1198
735093167363,1197
735093267265,1198
735093367167,1198
735093467069,1200
735093566971,1201
735093666873,1201
735093766775,1197
735093866677,1198
735093966579,1198
735094066481,1198
735094166383,1198
735094266285,1199
735094366187,1198
735094466089,1198
735094565991,1200
735094665893,1201
735094765795,1197
735094865697,1198
735094965599,1198
735095065501,1200
735095165403,1198
735095265305,1197
735095365207,1198
735095465109,1210
735095565011,1198
735095664913,1201
735095764815,1201
735095864717,1199
735095964619,1198
735096064521,1198
735096164423,1199
735096264325,1199
735096364227,1199
735096464129,1267
735096564031,1199
735096663933,1222
735096763835,1205
735096863737,1200
735096963639,1200
735097063542,1312
735097163444,1202
735097263346,1202
735097363248,1202
735097463150,1210
735097563052,1201
735097662954,1203
735097762856,1203
735097862758,1198
735097962660,1198
735098062578,1200
735098162480,1200
735098262382,1202
735098362284,1198
735098462186,1197
735098562088,1197
735098661990,1236
735098761892,1202
735098861794,1197
735098961696,1198
735099061598,1201
735099161500,1199
735099261402,1197
735099361304,1197
735099461206,1197
735099561108,1200
735099661011,1200
735099760913,1202
735099860815,1204
735099960717,1199
735100060619,1200
735100160521,1199
735100260423,1198
735100360325,1198
735100460227,1198
735100560129,1198
735100660031,1218
735100759933,1202
735100859835,1200
735100959737,1233
735101059639,1197
735101159541,1199
735101259443,1198
735101359345,1197
735101459247,1202
735101559149,1197
735101659051,1268
735101758953,1202
735101858855,1201
735101958757,1199
735102058659,1197
735102158561,1196
735102258463,1202
735102358365,1198
735102458267,1197
735102558169,1199
735102658071,1232
735102757973,1201
735102857875,1202
735102957777,1198
735103057679,1201
735103157581,1199
735103257483,1198
735103357385,1198
735103457287,1198
735103557189,1198
735103657091,1198
735103756993,1201
735103856895,1204
735103956797,1198
735104056699,1198
735104156601,1196
735104256503,1199
735104356405,1199
735104456307,1198
735104556209,1200
735104656111,1237
735104756013,1200
735104855915,1201
735104955817,1200
735105055719,1199
735105155621,1197
735105255523,1199
735105355425,1198
735105455327,1201
735105555229,1198
735105655131,1198
735105755033,1199
735105854935,1202
735105954837,1197
735106054739,1197
735106154641,1198
735106254543,1202
735106354445,1198
735106454347,1197
735106554249,1198
735106654151,1198
735106754053,1199
735106853955,1204
735106953857,1218
735107053760,1335
735107153662,1201
735107253564,1200
735107353466,1201
735107453368,1211
735107553270,1201
735107653172,1200
735107753074,1201
735107852976,1206
735107952878,1216
735108052780,1198
735108152682,1197
735108252584,1199
735108352486,1199
735108452388,1198
735108552290,1198
735108652192,1237
735108752094,1199
735108851996,1202
735108951898,1202
735109051800,1221
735109151702,1198
735109251604,1198
735109351506,1233
735109451408,1200
735109551310,1197
735109651212,1197
735109751114,1198
735109851016,1198
735109950918,1201
735110050820,1219
735110150722,1197
735110250624,1200
735110350526,1197
735110450428,1198
735110550330,1198
735110650232,1198
735110750134,1197
735110850036,1197
735110949938,1201
735111049840,1203
735111149742,1198
735111249644,1197
735111349546,1198
735111449448,1199
735111549350,1198
735111649252,1198
735111749154,1198
735111849056,1200
735111948958,1201
735112048860,1201
735112148762,1198
735112248664,1197
735112348566,1198
735112448468,1197
735112548370,1198
735112648272,1200
735112748174,1197
735112848076,1198
735112947978,1200
735113047880,1201
735113147782,1197
735113247684,1198
735113347586,1197
735113447488,1202
735113547390,1197
735113647292,1197
735113747194,1198
735113847096,1198
735113946998,1201
735114046900,1201
735114146802,1197
735114246704,1200
735114346606,1198
735114446508,1197
735114546410,1197
735114646312,1198
735114746215,1197
735114846117,1198
735114946019,1199
735115045921,1203
735115145823,1200
735115245725,1198
735115345627,1198
735115445529,1198
735115545431,1198
735115645333,1197
735115745235,1198
735115845137,1200
735115945039,1198
735116044941,1201
735116144843,1201
735116244745,1198
735116344647,1198
735116444549,1198
735116544451,1198
735116644353,1200
735116744255,1198
735116844157,1198
735116944059,1198
735117043961,1204
735117143864,1331
735117243766,1201
735117343668,1201
735117443570,1204
735117543472,1200
735117643374,1201
735117743276,1202
735117843178,1201
735117943080,1201
735118042982,1204
735118142884,1205
735118242786,1201
735118342688,1198
735118442590,1200
735118542492,1200
735118642394,1197
735118742296,1198
735118842198,1198
735118942100,1212
735119042005,1201
735119141907,1201
735119241809,1202
735119341711,1197
735119441613,1197
735119541515,1198
735119641417,1198
735119741319,1199
735119841221,1201
735119941123,1197
735120041025,1200
735120140927,1203
735120240829,1201
735120340731,1198
735120440633,1198
735120540535,1200
735120640437,1201
735120740363,1204
735120840265,1198
735120940167,1198
735121040069,1200
735121139971,1200
735121239873,1201
735121339775,1196
735121439677,1201
735121539579,1198
735121639481,1197
735121739383,1198
735121839285,1198
735121939187,1198
735122039089,1199
735122138991,1200
735122238893,1255
735122338795,1249
735122438697,1244
735122538599,1246
735122638501,1316
735122738403,1198
735122838305,1198
735122938207,1198
735123038109,1200
735123138011,1199
735123237913,1200
735123337815,1202
735123437717,1197
735123537619,1199
735123637521,1198
735123737423,1198
735123837325,1201
735123937227,1198
735124037130,1197
735124137032,1198
735124236934,1201
735124336836,1201
735124436738,1198
735124536640,1198
735124636542,1201
735124736444,1199
735124836346,1198
735124936248,1197
735125036150,1200
735125136052,1198
735125235954,1202
735125335856,1201
735125435758,1201
735125535660,1198
735125635562,1198
735125735464,1198
735125835366,1198
735125935268,1198
735126035170,1199
735126135072,1198
735126234974,1205
735126334876,1200
735126434778,1200
735126534680,1198
735126634582,1202
735126734484,1200
735126834386,1197
735126934288,1199
735127034190,1201
735127134092,1315
735127233994,1205
735127333896,1204
735127433798,1200
735127533700,1201
735127633602,1201
735127733504,1201
735127833406,1203
735127933308,1201
735128033210,1201
735128133112,1201
735128233014,1201
735128332916,1205
735128432818,1204
735128532720,1199
735128632622,1200
735128732524,1199
735128832426,1197
735128932328,1198
735129032230,1198
735129132132,1198
735129232034,1198
735129331936,1201
735129431838,1203
735129531740,1199
735129631642,1197
735129731544,1198
735129831446,1197
735129931348,1197
735130031250,1198
735130131152,1197
735130231054,1199
735130330956,1202
735130430858,1201
735130530760,1198
735130630662,1197
735130730564,1198
735130830466,1197
735130930368,1198
735131030270,1199
735131130172,1198
735131230074,1197
735131329976,1200
735131429878,1201
735131529780,1197
735131629682,1198
735131729584,1198
735131829486,1199
735131929388,1198
735132029290,1198
735132129192,1198
735132229094,1198
735132328996,1205
735132428898,1200
735132528800,1198
735132628702,1199
735132728604,1198
735132828506,1198
735132928408,1198
735133028310,1198
735133128212,1197
735133228114,1197
735133328016,1201
735133427918,1202
735133527820,1200
735133627722,1198
735133727624,1198
735133827526,1197
735133927428,1198
735134027330,1197
735134127232,1197
735134227134,1200
735134327036,1198
735134426938,1200
735134526840,1200
735134626742,1198
735134726644,1198
735134826546,1197
735134926448,1197
735135026350,1200
735135126252,1198
735135226154,1198
735135326056,1198
735135425958,1201
735135525860,1201
735135625762,1249
735135725664,1199
735135825566,1200
735135925468,1198
735136025370,1198
735136125272,1198
735136225174,1198
735136325076,1198
735136424978,1201
735136524880,1200
735136624782,1200
735136724684,1199
735136824586,1198
735136924488,1198
735137024390,1198
735137124293,1310
735137224195,1204
735137324097,1207
735137423999,1208
735137523901,1204
735137623803,1203
735137723705,1200
735137823607,1201
735137923509,1201
735138023411,1202
735138123313,1201
735138223215,1204
735138323117,1202
735138423019,1202
735138522921,1204
735138622823,1203
735138722725,1198
735138822627,1197
735138922529,1198
735139022431,1202
735139122333,1199
735139222235,1199
735139322137,1197
735139422039,1198
735139521941,1201
735139621843,1201
735139721745,1199
735139821647,1201
735139921549,1234
735140021451,1198
735140121353,1198
735140221255,1199
735140321157,1199
735140421059,1200
735140520962,1202
735140620864,1206
735140720766,1199
735140820668,1200
735140920570,1198
735141020472,1198
735141120374,1198
735141220276,1198
735141320178,1197
735141420080,1202
735141519982,1201
735141619884,1202
735141719786,1197
735141819688,1197
735141919590,1197
735142019492,1197
735142119394,1197
735142219296,1200
735142319198,1198
735142419100,1199
735142519004,1197
735142618906,1201
735142718808,1202
735142818710,1197
735142918612,1198
735143018514,1201
735143118416,1198
735143218318,1199
735143318220,1198
735143418122,1198
735143518041,1202
735143617943,1201
735143717845,1200
735143817747,1202
735143917649,1199
735144017551,1199
735144117453,1198
735144217355,1198
735144317257,1198
735144417159,1198
735144517061,1197
735144616963,1205
735144716865,1207
735144816767,1198
735144916669,1198
735145016571,1199
735145116473,1198
735145216375,1198
735145316277,1198
735145416179,1201
735145516081,1198
735145615983,1201
735145715885,1202
735145815787,1198
735145915689,1197
735146015591,1199
735146115493,1198
735146215395,1201
735146315297,1199
735146415199,1198
735146515101,1197
735146615004,1198
735146714906,1201
735146814808,1202
735146914710,1197
735147014612,1202
735147114514,1295
735147214416,1198
735147314318,1198
735147414220,1198
735147514122,1198
735147614024,1199
735147713926,1203
735147813828,1206
735147913730,1200
735148013632,1201
735148113534,1238
735148213436,1223
735148313338,1201
735148413240,1201
735148513142,1201
735148613044,1202
735148712946,1204
735148812848,1204
735148912750,1197
735149012652,1198
735149112554,1198
735149212456,1198
735149312358,1198
735149412260,1200
735149512162,1198
735149612064,1198
735149711966,1201
735149811868,1201
735149911770,1198
735150011672,1198
735150111574,1197
735150211476,1199
735150311378,1198
735150411280,1197
735150511182,1198
735150611084,1199
735150710987,1201
735150810889,1202
735150910791,1197
735151010693,1199
735151110595,1201
735151210497,1200
735151310399,1200
735151410301,1200
735151510203,1198
735151610105,1198
735151710007,1197
735151809909,1203
735151909811,1200
735152009713,1198
735152109615,1197
735152209517,1198
735152309419,1197
735152409321,1197
735152509223,1197
735152609125,1200
735152709027,1198
735152808929,1201
735152908831,1200
735153008733,1197
735153108635,1198
735153208537,1198
735153308439,1198
735153408341,1200
735153508243,1199
735153608145,1198
735153708047,1198
735153807949,1200
735153907851,1201
735154007753,1197
735154107655,1198
735154207557,1200
735154307459,1197
735154407361,1197
735154507263,1198
735154607165,1210
735154707067,1198
735154806969,1201
735154906871,1201
735155006773,1200
735155106675,1197
735155206577,1198
735155306479,1198
735155406381,1198
735155506283,1198
735155606185,1198
735155706087,1198
735155805989,1203
735155905891,1200
735156005793,1197
735156105695,1198
735156205597,1198
735156305499,1198
735156405401,1198
735156505303,1198
735156605205,1200
735156705107,1198
735156805009,1197
735156904911,1202
735157004813,1202
735157104716,1311
735157204618,1198
735157304520,1198
735157404422,1203
735157504324,1199
735157604226,1198
735157704128,1198
735157804030,1197
735157903932,1205
735158003834,1204
735158103736,1201
735158203638,1216
735158303540,1201
735158403442,1200
735158503344,1202
735158603246,1222
735158703148,1221
735158803050,1201
735158902952,1205
735159002854,1216
735159102756,1197
735159202658,1198
735159302560,1197
735159402462,1200
735159502364,1198
735159602266,1221
735159702168,1198
735159802070,1201
735159901972,1200
735160001874,1201
735160101776,1197
735160201678,1198
735160301580,1201
735160401482,1200
735160501384,1198
735160601286,1202
735160701189,1218
735160801091,1527
735160900993,1202
735161000896,1203
735161100798,1197
735161200700,1198
735161300602,1198
735161400504,1202
735161500406,1197
735161600308,1197
735161700210,1197
735161800112,1199
735161900014,1198
735161999916,1201
735162099818,1202
735162199720,1200
735162299622,1198
735162399524,1198
735162499426,1198
735162599328,1197
735162699230,1198
735162799132,1198
735162899034,1197
735162998936,1204
735163098838,1200
735163198740,1198
735163298642,1198
735163398544,1197
735163498446,1199
735163598348,1198
735163698250,1197
735163798152,1201
735163898054,1197
735163997956,1201
735164097858,1201
735164197760,1199
735164297662,1198
735164397564,1197
735164497466,1196
735164597368,1201
735164697270,1221
735164797172,1198
735164897074,1198
735164996976,1202
735165096878,1201
735165196780,1198
735165296682,1197
735165396584,1201
735165496486,1197
735165596388,1199
735165696290,1197
735165796192,1198
735165896094,1198
735165995996,1200
735166095898,1202
735166195815,1205
735166295717,1198
735166395619,1197
735166495521,1198
735166595423,1197
735166695325,1220
735166795227,1197
735166895129,1198
735166995031,1202
735167094934,1297
735167194836,1203
735167294738,1202
735167394640,1197
735167494542,1198
735167594444,1198
735167694346,1198
735167794248,1200
735167894150,1198
735167994052,1197
735168093954,1204
735168193856,1205
735168293758,1201
735168393660,1201
735168493562,1201
735168593464,1203
735168693366,1202
735168793268,1202
735168893170,1201
735168993072,1202
735169092974,1203
735169192876,1204
735169292778,1198
735169392680,1200
735169492582,1198
735169592484,1197
735169692386,1198
735169792288,1198
735169892190,1197
735169992092,1199
735170091994,1202
735170191896,1204
735170291798,1200
735170391700,1197
735170491602,1197
735170591504,1197
735170691406,1234
735170791308,1198
735170891210,1198
735170991112,1201
735171091014,1199
735171190916,1201
735171290818,1201
735171390720,1198
735171490622,1198
735171590524,1197
735171690426,1199
735171790328,1200
735171890230,1198
735171990132,1198
735172090034,1198
735172189936,1201
735172289838,1200
735172389740,1198
735172489642,1197
735172589544,1200
735172689446,1198
735172789348,1197
735172889250,1198
735172989152,1198
735173089054,1198
735173188956,1201
735173288858,1253
735173388760,1200
735173488662,1198
735173588564,1197
735173688466,1198
735173788368,1199
735173888270,1198
735173988172,1198
735174088074,1198
735174187976,1203
735174287878,1201
735174387780,1199
735174487682,1198
735174587584,1197
735174687486,1198
735174787388,1198
735174887290,1232
735174987192,1200
735175087094,1252
735175186996,1201
735175286898,1200
735175386800,1198
735175486702,1197
735175586604,1198
735175686506,1198
735175786408,1201
735175886310,1233
735175986212,1198
735176086114,1198
735176186016,1198
735176285918,1200
735176385820,1201
735176485722,1197
735176585624,1200
735176685526,1198
735176785428,1198
735176885330,1198
735176985232,1198
735177085134,1300
735177185036,1200
735177284938,1205
735177384840,1204
735177484742,1198
735177584644,1198
735177684546,1200
735177784448,1197
735177884350,1198
735177984252,1199
735178084154,1198
735178184056,1202
735178283958,1205
735178383860,1213
735178483762,1200
735178583664,1201
735178683566,1224
735178783468,1203
735178883370,1200
735178983272,1204
735179083174,1202
735179183076,1200
735179282978,1204
735179382880,1205
735179482782,1198
735179582684,1197
735179682586,1198
735179782488,1201
735179882390,1199
735179982292,1198
735180082194,1199
735180182096,1198
735180281998,1200
735180381900,1200
735180481802,1201
735180581704,1202
735180681606,1199
735180781508,1198
735180881410,1197
735180981312,1197
735181081214,1198
735181181116,1199
735181281018,1199
735181380920,1202
735181480822,1201
735181580724,1197
735181680626,1198
735181780528,1198
735181880430,1198
735181980332,1198
735182080234,1198
735182180136,1252
735182280038,1245
735182379940,1251
735182479842,1249
735182579744,1245
735182679646,1198
735182779548,1198
735182879450,1197
735182979352,1201
735183079254,1197
735183179156,1199
735183279058,1198
735183378960,1201
735183478862,1201
735183578764,1197
735183678666,1199
735183778568,1201
735183878470,1198
735183978373,1200
735184078275,1197
735184178177,1198
735184278079,1199
735184377981,1200
735184477883,1201
735184577785,1201
735184677687,1198
735184777589,1199
735184877491,1197
735184977393,1197
735185077295,1198
735185177197,1199
735185277099,1199
735185377004,1202
735185476906,1202
735185576808,1200
735185676710,1198
735185776612,1200
735185876514,1198
735185976416,1198
735186076318,1198
735186176220,1200
735186276122,1197
735186376024,1198
735186475926,1200
735186575828,1200
735186675730,1198
735186775632,1198
735186875534,1198
735186975436,1201
735187075339,1317
735187175241,1198
735187275143,1199
735187375045,1197
735187474947,1202
735187574849,1201
735187674751,1198
735187774653,1200
735187874555,1198
735187974457,1197
735188074359,1198
735188174261,1197
735188274163,1198
735188374065,1197
735188473967,1203
735188573869,1205
735188673771,1202
735188773673,1201
735188873575,1201
735188973493,1203
735189073395,1201
735189173297,1201
735189273199,1201
735189373101,1203
735189473004,1201
735189572906,1205
735189672808,1205
735189772710,1197
735189872612,1198
735189972514,1198
735190072416,1198
735190172318,1200
735190272220,1198
735190372122,1198
735190472024,1199
735190571926,1202
735190671828,1201
735190771730,1197
735190871632,1198
735190971534,1200
735191071436,1198
735191171338,1198
735191271240,1197
735191371142,1199
735191471044,1198
735191570946,1201
735191670848,1201
735191770750,1200
735191870652,1197
735191970554,1197
735192070456,1198
735192170358,1197
735192270260,1198
735192370162,1198
735192470064,1199
735192569966,1203
735192669868,1204
735192769770,1197
735192869672,1198
735192969574,1198
735193069476,1198
735193169378,1197
735193269280,1198
735193369182,1200
735193469084,1198
735193568986,1200
735193668888,1201
735193768790,1197
735193868692,1198
735193968594,1198
735194068496,1198
735194168398,1199
735194268300,1198
735194368202,1198
735194468104,1197
735194568006,1198
735194667908,1209
735194767810,1201
735194867712,1197
735194967614,1199
735195067516,1198
735195167418,1198
735195267320,1198
735195367222,1198
735195467124,1198
735195567026,1199
735195666928,1201
735195766830,1203
735195866732,1198
735195966634,1198
735196066536,1198
735196166438,1198
735196266340,1198
735196366242,1198
735196466144,1198
735196566046,1200
735196665948,1201
735196765850,1200
735196865752,1198
735196965654,1199
735197065557,1304
735197165459,1200
735197265361,1199
735197365263,1202
735197465165,1201
735197565067,1198
735197664969,1201
735197764871,1202
735197864773,1197
735197964675,1199
735198064577,1198
735198164479,1201
735198264381,1199
735198364283,1199
735198464185,1268
735198564087,1198
735198663989,1217
735198763891,1205
735198863793,1200
735198963695,1204
735199063597,1201
735199163499,1201
735199263401,1202
735199363303,1201
735199463205,1207
735199563107,1202
735199663009,1201
735199762911,1207
735199862813,1205
735199962715,1198
735200062617,1198
735200162519,1198
735200262421,1197
735200362323,1197
735200462225,1198
735200562127,1201
735200662029,1235
735200761931,1202
735200861833,1201
735200961735,1197
735201061637,1198
735201161539,1197
735201261441,1198
735201361343,1201
735201461245,1197
735201561147,1199
735201661049,1199
735201760951,1201
735201860853,1201
735201960755,1199
735202060657,1197
735202160559,1201
735202260461,1199
735202360363,1200
735202460265,1199
735202560167,1198
735202660069,1213
735202759971,1202
735202859873,1201
735202959775,1242
735203059677,1197
735203159579,1198
735203259481,1198
735203359383,1198
735203459285,1199
735203559187,1197
735203659089,1268
735203758991,1204
735203858893,1200
735203958795,1198
735204058697,1197
735204158599,1199
735204258501,1198
735204358403,1197
735204458305,1198
735204558207,1202
735204658109,1245
735204758011,1199
735204857913,1199
735204957815,1201
735205057717,1197
735205157619,1198
735205257521,1197
735205357423,1202
735205457325,1198
735205557227,1198
735205657129,1198
735205757031,1197
735205856933,1202
735205956835,1200
735206056737,1197
735206156639,1201
735206256541,1198
735206356443,1198
735206456345,1197
735206556247,1199
735206656149,1234
735206756051,1199
735206855953,1199
735206955855,1205
735207055758,1325
735207155660,1199
735207255562,1220
735207355464,1198
735207455366,1198
735207555268,1198
735207655170,1197
735207755072,1200
735207854974,1201
735207954876,1201
735208054778,1197
735208154680,1198
735208254582,1198
735208354484,1198
735208454386,1198
735208554288,1200
735208654190,1198
735208754092,1198
735208853994,1204
735208953896,1216
735209053798,1200
735209153700,1200
735209253602,1201
735209353504,1202
735209453406,1213
735209553308,1200
735209653210,1201
735209753112,1201
735209853014,1201
735209952916,1217
735210052818,1204
735210152720,1200
735210252622,1198
735210352524,1197
735210452426,1198
735210552328,1198
735210652230,1219
735210752132,1198
735210852034,1198
735210951936,1203
735211051838,1201
735211151740,1197
735211251642,1197
735211351544,1198
735211451446,1198
735211551348,1199
735211651250,1198
735211751167,1208
735211851069,1199
735211950971,1200
735212050874,1201
735212150776,1197
735212250678,1197
735212350580,1198
735212450482,1198
735212550384,1200
735212650286,1198
735212750188,1198
735212850090,1197
735212949992,1200
735213049894,1201
735213149796,1197
735213249698,1232
735213349600,1200
735213449502,1198
735213549404,1198
735213649306,1198
735213749208,1198
735213849110,1197
735213949012,1197
735214048914,1201
735214148816,1203
735214248718,1233
735214348620,1198
735214448522,1198
735214548424,1198
735214648326,1197
735214748228,1198
735214848130,1197
735214948032,1200
735215047934,1200
735215147836,1201
735215247738,1216
735215347640,1198
735215447542,1198
735215547444,1197
735215647346,1197
735215747248,1200
735215847150,1197
735215947052,1198
735216046954,1200
735216146856,1237
735216246758,1197
735216346660,1198
735216446562,1198
735216546464,1200
735216646366,1198
735216746268,1198
735216846170,1197
735216946072,1197
735217045974,1200
735217145877,1306
735217245779,1200
735217345681,1201
735217445583,1199
735217545485,1198
735217645387,1197
735217745289,1197
735217845191,1198
735217945093,1198
735218044995,1203
735218144897,1204
735218244799,1197
735218344701,1199
735218444603,1198
735218544505,1198
735218644407,1198
735218744309,1198
735218844211,1197
735218944113,1202
735219044015,1199
735219143917,1204
735219243819,1204
735219343721,1200
735219443623,1201
735219543525,1200
735219643427,1200
735219743329,1205
735219843231,1201
735219943133,1201
735220043035,1202
735220142937,1203
735220242839,1204
735220342741,1197
735220442643,1197
735220542545,1201
735220642447,1197
735220742349,1198
735220842251,1198
735220942153,1197
735221042055,1199
735221141957,1202
735221241859,1201
735221341761,1201
735221441663,1197
735221541565,1198
735221641467,1197
735221741369,1198
735221841271,1197
735221941173,1198
735222041075,1198
735222140977,1205
735222240879,1201
735222340781,1197
735222440683,1198
735222540585,1198
735222640487,1197
735222740389,1202
735222840291,1197
735222940193,1202
735223040095,1197
735223139997,1201
735223239899,1201
735223339801,1196
735223439703,1197
735223539605,1198
735223639507,1199
735223739409,1202
735223839311,1197
735223939213,1196
735224039115,1199
735224139017,1199
735224238919,1201
735224338821,1201
735224438723,1198
735224538625,1202
735224638527,1199
735224738429,1198
735224838331,1198
735224938233,1197
735225038135,1198
735225138037,1198
735225237939,1201
735225337841,1205
735225437743,1198
735225537645,1198
735225637547,1197
735225737449,1198
735225837351,1198
735225937253,1197
735226037155,1199
735226137057,1201
735226236959,1200
735226336861,1200
735226436763,1198
735226536665,1198
735226636567,1197
735226736469,1199
735226836371,1198
735226936273,1201
735227036175,1198
735227136078,1310
735227235980,1201
735227335882,1201
735227435784,1198
735227535686,1198
735227635588,1198
735227735490,1200
735227835392,1197
735227935294,1198
735228035196,1198
735228135098,1197
735228235004,1197
735228334906,1201
735228434808,1201
735228534710,1200
735228634612,1198
735228734514,1198
735228834416,1198
735228934318,1197
735229034220,1198
735229134122,1198
735229234024,1198
735229333926,1205
735229433828,1203
735229533730,1200
735229633632,1200
735229733534,1201
735229833436,1201
735229933338,1201
735230033240,1201
735230133142,1203
735230233044,1201
735230332946,1204
735230432848,1204
735230532750,1198
735230632652,1198
735230732554,1198
735230832456,1197
735230932358,1200
735231032260,1198
735231132162,1198
735231232064,1198
735231331966,1200
735231431868,1201
735231531770,1198
735231631672,1197
735231731574,1200
735231831476,1199
735231931378,1198
735232031280,1199
735232131182,1198
735232231084,1198
735232330986,1201
735232430888,1200
735232530790,1198
735232630692,1197
735232730594,1198
735232830496,1197
735232930398,1198
735233030300,1198
735233130202,1198
735233230104,1197
735233330006,1199
735233429908,1202
735233529810,1200
735233629712,1198
735233729614,1197
735233829516,1232
735233929418,1197
735234029320,1197
735234129222,1199
735234229124,1198
735234329026,1197
735234428943,1202
735234528845,1200
735234628747,1198
735234728649,1198
735234828551,1198
735234928453,1200
735235028355,1197
735235128257,1198
735235228159,1198
735235328061,1201
735235427963,1200
735235527865,1201
735235627767,1197
735235727669,1200
735235827571,1197
735235927473,1197
735236027375,1198
735236127277,1197
735236227179,1198
735236327081,1198
735236426983,1201
735236526885,1203
735236626787,1197
735236726689,1198
735236826591,1197
735236926493,1198
735237026395,1198
735237126298,1298
735237226200,1219
735237326102,1201
735237426004,1197
735237525906,1202
735237625808,1202
735237725710,1197
735237825612,1199
735237925514,1198
735238025416,1198
735238125318,1202
735238225220,1232
735238325122,1199
735238425024,1198
735238524926,1201
735238624828,1200
735238724730,1199
735238824632,1198
735238924534,1202
735239024436,1198
735239124338,1200
735239224240,1198
735239324142,1199
735239424044,1198
735239523946,1204
735239623848,1202
735239723750,1203
735239823652,1201
735239923554,1202
735240023456,1200
735240123358,1201
735240223260,1202
735240323162,1224
735240423064,1201
735240522966,1208
735240622868,1205
735240722770,1198
735240822672,1198
735240922574,1198
735241022476,1198
735241122378,1200
735241222280,1197
735241322182,1201
735241422084,1198
735241521986,1201
735241621888,1201
735241721790,1199
735241821692,1197
735241921594,1197
735242021496,1198
735242121398,1202
735242221300,1249
735242321202,1246
735242421104,1245
735242521007,1202
735242620909,1202
735242720811,1202
735242820713,1197
735242920615,1203
735243020517,1198
735243120419,1198
735243220321,1200
735243320223,1199
735243420125,1198
735243520027,1200
735243619929,1201
735243719831,1205
735243819733,1197
735243919635,1198
735244019538,1198
735244119440,1198
735244219342,1198
735244319244,1197
735244419146,1197
735244519048,1201
735244618950,1200
735244718852,1200
735244818754,1198
735244918656,1197
735245018558,1197
735245118460,1197
735245218362,1197
735245318264,1202
735245418166,1205
735245518068,1198
735245617970,1201
735245717872,1201
735245817774,1198
735245917676,1198
735246017578,1198
735246117480,1202
735246217382,1199
735246317284,1197
735246417186,1197
735246517088,1197
735246616990,1199
735246716892,1202
735246816794,1197
735246916696,1202
735247016598,1197
735247116500,1305
735247216402,1198
735247316304,1198
735247416206,1198
735247516108,1198
735247616010,1198
735247715912,1203
735247815814,1200
735247915716,1198
735248015618,1198
735248115520,1197
735248215422,1197
735248315324,1198
735248415226,1198
735248515128,1200
735248615030,1198
735248714932,1201
735248814834,1201
735248914736,1198
735249014638,1198
735249114540,1197
735249214442,1198
735249314344,1200
735249414246,1198
735249514148,1199
735249614050,1199
735249713952,1204
735249813854,1204
735249913756,1200
735250013658,1200
735250113560,1203
735250213462,1200
735250313364,1202
735250413266,1202
735250513168,1201
735250613070,1201
735250712972,1205
735250812874,1204
735250912776,1199
735251012678,1198
735251112580,1198
735251212482,1199
735251312384,1198
735251412286,1199
735251512188,1198
735251612090,1197
735251711992,1204
735251811894,1202
735251911796,1198
735252011698,1198
735252111600,1197
735252211502,1198
735252311404,1197
735252411306,1198
735252511208,1200
735252611110,1199
735252711013,1198
735252810915,1201
735252910817,1201
735253010719,1198
735253110621,1197
735253210523,1197
735253310425,1199
735253410327,1200
735253510229,1200
735253610131,1199
735253710033,1199
735253809935,1200
735253909837,1200
735254009739,1198
735254109641,1200
735254209543,1197
735254309445,1197
735254409347,1198
735254509249,1197
735254609151,1197
735254709053,1198
735254808955,1201
735254908857,1203
735255008759,1198
735255108661,1198
735255208563,1198
735255308465,1198
735255408367,1198
735255508269,1198
735255608171,1198
735255708073,1200
735255807975,1201
735255907877,1201
735256007779,1198
735256107681,1198
735256207583,1197
735256307485,1197
735256407387,1197
735256507289,1200
735256607191,1211
735256707093,1198
735256806995,1200
735256906897,1201
735257006799,1198
735257106702,1317
735257206622,1199
735257306524,1202
735257406426,1199
735257506328,1197
735257606230,1235
735257706132,1198
735257806034,1196
735257905936,1200
735258005838,1201
735258105740,1202
735258205642,1198
735258305544,1198
735258405446,1200
735258505348,1199
735258605250,1198
735258705152,1199
735258805054,1199
735258904956,1205
735259004858,1202
735259104760,1198
735259204662,1199
735259304564,1198
735259404466,1198
735259504368,1198
735259604270,1199
735259704172,1202
735259804074,1198
735259903976,1203
735260003878,1204
735260103780,1200
735260203682,1213
735260303584,1200
735260403486,1201
735260503388,1204
735260603290,1201
735260703192,1224
735260803094,1201
735260902996,1204
735261002898,1204
735261102800,1197
735261202702,1196
735261302604,1201
735261402506,1198
735261502408,1198
735261602310,1198
735261702212,1198
735261802114,1198
735261902016,1198
735262001918,1201
735262101820,1203
735262201722,1198
735262301624,1197
735262401526,1197
735262501428,1198
735262601330,1198
735262701232,1216
735262801134,1199
735262901036,1202
735263000938,1201
735263100840,1202
735263200742,1197
735263300644,1197
735263400546,1200
735263500448,1197
735263600350,1199
735263700252,1201
735263800154,1197
735263900056,1199
735263999958,1201
735264099860,1202
735264199762,1197
735264299664,1198
735264399566,1199
735264499468,1202
735264599370,1198
735264699272,1198
735264799174,1199
735264899076,1198
735264998978,1208
735265098880,1203
735265198782,1198
735265298684,1201
735265398586,1198
735265498488,1198
735265598390,1197
735265698292,1197
735265798194,1198
735265898096,1199
735265997998,1200
735266097900,1204
735266197802,1197
735266297704,1198
735266397606,1197
735266497508,1198
735266597410,1200
735266697312,1235
735266797214,1198
735266897116,1202
735266997018,1197
735267096921,1331
735267196823,1200
735267296725,1198
735267396627,1198
735267496529,1198
735267596431,1198
735267696333,1200
735267796235,1198
735267896137,1197
735267996039,1198
735268095941,1201
735268195843,1200
735268295745,1197
735268395647,1197
735268495549,1200
735268595451,1197
735268695354,1210
735268795256,1198
735268895158,1200
735268995060,1198
735269094962,1200
735269194864,1207
735269294766,1204
735269394668,1198
735269494570,1198
735269594472,1197
735269694374,1198
735269794276,1198
735269894178,1198
735269994080,1198
735270093982,1205
735270193884,1204
735270293786,1200
735270393688,1201
735270493590,1200
735270593492,1200
735270693394,1201
735270793296,1201
735270893198,1204
735270993100,1201
735271093004,1201
735271192906,1205
735271292808,1204
735271392710,1197
735271492612,1198
735271592514,1197
735271692416,1200
735271792318,1197
735271892220,1198
735271992122,1198
735272092024,1204
735272191926,1201
735272291828,1201
735272391730,1197
735272491632,1200
735272591534,1198
735272691436,1234
735272791338,1198
735272891240,1197
735272991142,1199
735273091044,1198
735273190946,1201
735273290848,1203
735273390750,1197
735273490652,1197
735273590554,1198
735273690456,1198
735273790358,1197
735273890260,1199
735273990162,1205
735274090064,1200
735274189966,1200
735274289868,1200
735274389770,1197
735274489672,1198
735274589574,1197
735274689479,1199
735274789381,1198
735274889283,1200
735274989185,1198
735275089087,1252
735275188989,1200
735275288891,1201
735275388793,1198
735275488695,1197
735275588597,1197
735275688499,1200
735275788401,1198
735275888303,1197
735275988205,1198
735276088107,1198
735276188009,1197
735276287911,1201
735276387813,1200
735276487715,1199
735276587617,1198
735276687519,1198
735276787421,1198
735276887323,1198
735276987225,1198
735277087128,1313
735277187030,1198
735277286932,1204
735277386834,1202
735277486736,1197
735277586638,1197
735277686540,1199
735277786442,1199
735277886344,1197
735277986246,1198
735278086148,1201
735278186050,1197
735278285952,1203
735278385854,1201
735278485756,1200
735278585658,1196
735278685560,1198
735278785462,1198
735278885364,1200
735278985266,1198
735279085168,1198
735279185070,1198
735279284972,1201
735279384874,1202
735279484776,1198
735279584678,1197
735279684580,1201
735279784482,1200
735279884400,1199
735279984302,1200
735280084204,1198
735280184106,1198
735280284008,1200
735280383910,1203
735280483812,1245
735280583714,1201
735280683616,1201
735280783518,1200
735280883420,1202
735280983322,1201
735281083224,1201
735281183126,1201
735281283028,1205
735281382930,1204
735281482832,1205
735281582734,1199
735281682636,1198
735281782538,1199
735281882440,1197
735281982342,1197
735282082244,1201
735282182146,1198
735282282048,1199
735282381950,1201
735282481852,1201
735282581754,1197
735282681656,1197
735282781558,1198
735282881460,1200
735282981362,1197
735283081264,1200
735283181166,1205
735283281068,1201
735283380970,1201
735283480872,1201
735283580774,1197
735283680676,1197
735283780578,1197
735283880480,1199
735283980382,1198
735284080284,1198
735284180186,1198
735284280088,1197
735284379990,1200
735284479892,1205
735284579794,1198
735284679696,1199
735284779598,1198
735284879500,1199
735284979402,1198
735285079304,1197
735285179206,1199
735285279108,1201
735285379010,1197
735285478912,1201
735285578814,1201
735285678716,1198
735285778618,1198
735285878520,1199
735285978422,1198
735286078324,1202
735286178226,1197
735286278128,1198
735286378030,1197
735286477932,1201
735286577834,1201
735286677736,1199
735286777638,1198
735286877540,1201
735286977442,1201
735287077345,1297
735287177247,1198
735287277149,1198
735287377051,1198
735287476953,1200
735287576855,1200
735287676757,1200
735287776659,1198
735287876561,1197
735287976463,1197
735288076365,1198
735288176267,1198
735288276169,1203
735288376071,1197
735288475973,1203
735288575875,1201
735288675777,1198
735288775679,1198
735288875581,1197
735288975483,1198
735289075385,1198
735289175296,1199
735289275198,1199
735289375100,1198
735289475004,1198
735289574906,1200
735289674808,1201
735289774710,1198
735289874612,1197
735289974514,1198
735290074416,1200
735290174318,1198
735290274220,1198
735290374122,1198
735290474024,1199
735290573926,1204
735290673828,1205
735290773730,1201
735290873632,1203
735290973534,1200
735291073436,1201
735291173338,1201
735291273240,1201
735291373142,1201
735291473044,1201
735291572946,1203
735291672848,1206
735291772750,1197
735291872652,1197
735291972554,1198
735292072456,1198
735292172358,1198
735292272260,1197
735292372162,1204
735292472064,1200
735292571966,1201
735292671868,1205
735292771770,1198
735292871672,1198
735292971574,1197
735293071476,1198
735293171378,1197
735293271280,1200
735293371182,1199
735293471084,1200
735293570986,1201
735293670888,1202
735293770790,1197
735293870692,1197
735293970594,1197
735294070496,1200
735294170398,1198
735294270300,1198
735294370202,1198
735294470104,1198
735294570006,1197
735294669908,1201
735294769810,1201
735294869712,1200
735294969614,1198
735295069516,1197
735295169418,1198
735295269320,1197
735295369222,1198
735295469124,1197
735295569026,1198
735295668928,1203
735295768830,1201
735295868732,1197
735295968634,1198
735296068536,1197
735296168438,1197
735296268340,1198
735296368242,1198
735296468144,1200
735296568046,1198
735296667948,1206
735296767850,1201
735296867752,1197
735296967654,1197
735297067557,1304
735297167459,1200
735297267361,1222
735297367263,1199
735297467165,1199
735297567067,1199
735297666969,1200
735297766871,1202
735297866773,1198
735297966675,1198
735298066577,1201
735298166479,1198
735298266381,1197
735298366283,1197
735298466185,1197
735298566087,1200
735298665989,1202
735298765891,1202
735298865793,1201
735298965695,1197
735299065597,1200
735299165499,1197
735299265401,1198
735299365303,1199
735299465205,1198
735299565107,1197
735299665009,1201
735299764911,1200
735299864813,1201
735299964715,1198
735300064617,1199
735300164519,1198
735300264421,1199
735300364323,1198
735300464225,1273
735300564127,1199
735300664029,1219
735300763931,1204
735300863833,1240
735300963735,1236
735301063637,1202
735301163539,1201
735301263441,1204
735301363343,1202
735301463245,1220
735301563147,1201
735301663049,1201
735301762951,1202
735301862853,1204
735301962755,1198
735302062657,1201
735302162559,1249
735302262461,1245
735302362363,1246
735302462265,1246
735302562167,1246
735302662084,1284
735302761986,1201
735302861888,1204
735302961790,1198
735303061692,1198
735303161594,1198
735303261496,1197
735303361398,1197
735303461300,1198
735303561202,1198
735303661104,1201
735303761006,1199
735303860908,1203
735303960810,1201
735304060713,1199
735304160615,1198
735304260517,1198
735304360419,1198
735304460321,1201
735304560223,1199
735304660125,1199
735304760027,1198
735304859929,1203
735304959831,1238
735305059733,1198
735305159635,1197
735305259537,1200
735305359439,1198
735305459341,1199
735305559243,1197
735305659145,1266
735305759047,1200
735305858949,1202
735305958851,1202
735306058753,1201
735306158655,1199
735306258557,1197
735306358459,1198
735306458361,1198
735306558263,1198
735306658165,1227
735306758067,1197
735306857969,1204
735306957871,1202
735307057774,1324
735307157676,1197
735307257578,1197
735307357480,1197
735307457382,1197
735307557284,1198
735307657186,1199
735307757088,1198
735307856990,1200
735307956892,1200
735308056794,1198
735308156696,1198
735308256598,1197
735308356500,1197
735308456402,1200
735308556304,1197
735308656206,1234
735308756108,1198
735308856010,1197
735308955912,1200
735309055814,1202
735309155716,1197
735309255618,1199
735309355520,1198
735309455422,1198
735309555324,1198
735309655226,1199
735309755128,1197
735309855030,1198
735309954932,1201
735310054834,1203
735310154736,1197
735310254638,1197
735310354540,1198
735310454442,1198
735310554344,1198
735310654246,1199
735310754148,1198
735310854050,1200
735310953952,1214
735311053854,1204
735311153756,1199
735311253658,1200
735311353560,1200
735311453462,1213
735311553364,1200
735311653266,1203
735311753168,1201
735311853070,1201
735311952972,1216
735312052874,1204
735312152776,1197
735312252678,1198
735312352580,1198
735312452482,1200
735312552384,1197
735312652286,1235
735312752188,1198
735312852090,1198
735312951992,1201
735313051894,1200
735313151796,1198
735313251698,1200
735313351600,1216
735313451502,1197
735313551404,1198
735313651306,1197
735313751208,1200
735313851110,1200
735313951012,1198
735314050914,1203
735314150816,1200
735314250718,1199
735314350620,1231
735314450522,1198
735314550424,1198
735314650326,1197
735314750228,1198
735314850130,1199
735314950032,1198
735315049934,1200
735315149836,1200
735315249738,1197
735315349640,1211
735315449542,1198
735315549444,1197
735315649346,1200
735315749248,1198
735315849150,1198
735315949052,1197
735316048954,1200
735316148856,1200
735316248758,1197
735316348660,1197
735316448562,1199
735316548464,1197
735316648366,1197
735316748268,1198
735316848170,1197
735316948072,1198
735317047974,1220
735317147876,1303
735317247778,1240
735317347680,1198
735317447582,1199
735317547484,1199
735317647386,1198
735317747288,1198
735317847190,1198
735317947092,1197
735318046994,1207
735318146896,1201
735318246798,1197
735318346700,1197
735318446602,1199
735318546504,1198
735318646406,1198
735318746308,1199
735318846210,1201
735318946112,1198
735319046014,1197
735319145916,1202
735319245818,1201
735319345720,1197
735319445622,1198
735319545524,1198
735319645426,1202
735319745328,1197
735319845230,1197
735319945132,1198
735320045034,1197
735320144936,1200
735320244838,1255
735320344740,1197
735320444642,1202
735320544544,1199
735320644446,1199
735320744348,1197
735320844250,1197
735320944152,1197
735321044054,1168
735321143956,1204
735321243858,1212
735321343760,1201
735321443662,1200
735321543564,1202
735321643466,1200
735321743368,1203
735321843270,1202
735321943172,1204
735322043074,1204
735322142976,1204
735322242878,1204
735322342780,1198
735322442682,1197
735322542584,1198
735322642486,1197
735322742388,1198
735322842290,1201
735322942192,1199
735323042094,1198
735323141996,1199
735323241898,1200
735323341800,1197
735323441702,1197
735323541604,1198
735323641506,1201
735323741408,1198
735323841310,1197
735323941212,1199
735324041114,1198
735324141016,1215
735324240918,1200
735324340820,1201
735324440722,1201
735324540624,1199
735324640526,1199
735324740428,1203
735324840330,1197
735324940232,1198
735325040134,1198
735325140036,1197
735325239938,1204
735325339859,1201
735325439761,1197
735325539663,1197
735325639565,1197
735325739467,1199
735325839369,1197
735325939271,1197
735326039173,1202
735326139075,1197
735326238977,1201
735326338879,1200
735326438781,1197
735326538683,1199
735326638585,1197
735326738487,1197
735326838389,1200
735326938291,1197
735327038193,1198
735327138096,1304
735327237998,1203
735327337900,1200
735327437802,1201
735327537704,1198
735327637606,1199
735327737508,1198
735327837410,1197
735327937312,1198
735328037214,1198
735328137116,1198
735328237018,1197
735328336920,1200
735328436822,1202
735328536724,1197
735328636626,1197
735328736528,1200
735328836430,1197
735328936332,1198
735329036234,1198
735329136136,1198
735329236038,1199
735329335940,1200
735329435842,1201
735329535744,1198
735329635646,1197
735329735548,1198
735329835450,1197
735329935352,1198
735330035254,1200
735330135156,1198
735330235058,1198
735330334960,1201
735330434862,1201
735330534764,1198
735330634666,1198
735330734568,1198
735330834470,1200
735330934372,1198
735331034274,1198
735331134176,1200
735331234078,1197
735331333980,1203
735331433882,1203
735331533784,1200
735331633686,1203
735331733588,1200
735331833490,1201
735331933392,1201
735332033294,1201
735332133196,1202
735332233098,1200
735332333003,1200
735332432905,1205
735332532807,1211
735332632709,1198
735332732611,1198
735332832513,1197
735332932415,1198
735333032317,1197
735333132219,1198
735333232121,1200
735333332023,1198
735333431925,1201
735333531827,1200
735333631729,1197
735333731631,1198
735333831533,1198
735333931435,1198
735334031337,1200
735334131239,1198
735334231141,1198
735334331043,1199
735334430945,1200
735334530847,1200
735334630749,1197
735334730651,1198
735334830553,1198
735334930455,1197
735335030357,1198
735335130259,1198
735335230161,1197
735335330063,1198
735335429965,1201
735335529867,1203
735335629769,1200
735335729671,1197
735335829573,1198
735335929475,1198
735336029377,1198
735336129279,1198
735336229181,1198
735336329083,1198
735336428985,1203
735336528887,1201
735336628789,1198
735336728691,1198
735336828593,1198
735336928495,1198
735337028397,1198
735337128299,1315
735337228201,1202
735337328103,1203
735337428005,1199
735337527907,1202
735337627809,1200
735337727711,1196
735337827613,1197
735337927515,1198
735338027417,1201
735338127319,1197
735338227221,1198
735338327123,1198
735338427025,1197
735338526927,1196
735338626829,1200
735338726731,1198
735338826633,1201
735338926535,1198
735339026437,1198
735339126339,1198
735339226241,1198
735339326143,1198
735339426045,1197
735339525947,1201
735339625849,1204
735339725751,1197
735339825653,1197
735339925555,1198
735340025457,1198
735340125359,1198
735340225261,1197
735340325163,1204
735340425065,1202
735340524967,1201
735340624869,1203
735340724771,1198
735340824673,1197
735340924575,1199
735341024477,1199
735341124379,1198
735341224281,1201
735341324183,1197
735341424085,1199
735341523987,1203
735341623889,1205
735341723791,1200
735341823693,1201
735341923595,1201
735342023497,1204
735342123399,1201
735342223301,1202
735342323203,1201
735342423105,1200
735342523007,1200
735342622909,1205
735342722811,1207
735342822713,1201
735342922615,1198
735343022517,1200
735343122419,1197
735343222321,1198
735343322223,1197
735343422125,1197
735343522027,1199
735343621929,1205
735343721831,1201
735343821733,1198
735343921635,1198
735344021537,1197
735344121439,1197
735344221341,1197
735344321243,1200
735344421145,1201
735344521047,1200
735344620949,1201
735344720851,1201
735344820753,1199
735344920655,1198
735345020557,1199
735345120459,1198
735345220361,1201
735345320263,1197
735345420165,1198
735345520067,1198
735345619969,1200
735345719871,1204
735345819773,1198
735345919675,1199
735346019577,1201
735346119479,1198
735346219381,1197
735346319283,1198
735346419185,1199
735346519087,1198
735346618989,1201
735346718891,1202
735346818793,1200
735346918695,1198
735347018597,1197
735347118500,1300
735347218402,1198
735347318304,1198
735347418206,1197
735347518108,1197
735347618010,1199
735347717912,1202
735347817814,1200
735347917716,1197
735348017618,1197
735348117536,1198
735348217438,1199
735348317340,1198
735348417242,1216
735348517144,1198
735348617046,1198
735348716948,1201
735348816850,1201
735348916752,1198
735349016654,1197
735349116556,1197
735349216458,1200
735349316360,1197
735349416262,1197
735349516164,1197
735349616066,1197
735349715968,1200
735349815870,1201
735349915772,1198
735350015674,1200
735350115576,1197
735350215478,1197
735350315380,1198
735350415282,1198
735350515184,1198
735350615086,1197
735350714988,1201
735350814890,1202
735350914792,1197
735351014694,1198
735351114596,1198
735351214498,1198
735351314400,1198
735351414302,1198
735351514204,1199
735351614106,1200
735351714008,1199
735351813910,1203
735351913812,1203
735352013714,1201
735352113616,1200
735352213518,1200
735352313420,1201
735352413322,1203
735352513224,1201
735352613126,1200
735352713028,1201
735352812930,1204
735352912832,1204
735353012734,1197
735353112636,1198
735353212538,1199
735353312440,1197
735353412342,1198
735353512244,1198
735353612146,1198
735353712048,1197
735353811950,1201
735353911852,1200
735354011754,1199
735354111656,1198
735354211558,1197
735354311460,1198
735354411362,1197
735354511264,1199
735354611166,1200
735354711068,1197
735354810970,1203
735354910872,1201
735355010774,1198
735355110676,1198
735355210578,1197
735355310480,1197
735355410382,1198
735355510284,1198
735355610186,1235
735355710088,1201
735355809990,1203
735355909892,1202
735356009794,1199
735356109696,1197
735356209598,1197
735356309500,1197
735356409402,1199
735356509304,1198
735356609206,1198
735356709108,1198
735356809010,1197
735356908912,1200
735357008814,1200
735357108717,1310
735357208619,1202
735357308521,1198
735357408423,1198
735357508325,1199
735357608227,1192
735357708129,1197
735357808031,1198
735357907933,1200
735358007835,1205
735358107737,1198
735358207639,1198
735358307541,1198
735358407443,1198
735358507345,1198
735358607247,1197
735358707149,1199
735358807051,1201
735358906953,1201
735359006855,1202
735359106757,1198
735359206659,1197
735359306561,1198
735359406463,1196
735359506365,1198
735359606267,1201
735359706169,1198
735359806071,1197
735359905973,1202
735360005875,1201
735360105777,1197
735360205679,1197
735360305581,1197
735360405483,1201
735360505385,1198
735360605287,1198
735360705189,1198
735360805091,1197
735360904993,1202
735361004895,1203
735361104797,1197
735361204699,1201
735361304601,1199
735361404503,1198
735361504405,1197
735361604307,1197
735361704209,1199
735361804111,1198
735361904013,1197
735362003915,1207
735362103817,1203
735362203719,1264
735362303621,1248
735362403523,1249
735362503425,1250
735362603327,1250
735362703229,1222
735362803131,1205
735362903033,1201
735363002935,1203
735363102837,1205
735363202739,1198
735363302641,1197
735363402543,1197
735363502445,1197
735363602347,1202
735363702249,1198
735363802151,1197
735363902053,1198
735364001956,1201
735364101858,1201
735364201760,1197
735364301662,1198
735364401564,1202
735364501466,1199
735364601368,1197
735364701271,1216
735364801173,1198
735364901075,1197
735365000977,1202
735365100879,1203
735365200781,1201
735365300683,1198
735365400585,1198
735365500487,1198
735365600389,1199
735365700291,1198
735365800193,1198
735365900095,1198
735365999997,1204
735366099899,1202
735366199801,1197
735366299703,1197
735366399605,1198
735366499507,1198
735366599409,1197
735366699311,1198
735366799213,1202
735366899115,1197
735366999017,1198
735367098920,1320
735367198822,1202
735367298724,1197
735367398626,1198
735367498528,1198
735367598430,1199
735367698332,1198
735367798234,1198
735367898136,1197
735367998038,1197
735368097940,1200
735368197842,1200
735368297744,1198
735368397646,1200
735368497548,1198
735368597450,1198
735368697352,1234
735368797254,1198
735368897156,1198
735368997058,1197
735369096960,1202
735369196862,1208
735369296764,1197
735369396666,1198
735369496568,1197
735369596470,1197
735369696372,1198
735369796274,1198
735369896176,1198
735369996078,1203
735370095980,1200
735370195882,1201
735370295784,1198
735370395686,1198
735370495588,1198
735370595490,1198
735370695392,1217
735370795310,1201
735370895212,1199
735370995114,1198
735371095016,1198
735371194918,1200
735371294820,1204
735371394722,1198
735371494624,1197
735371594526,1201
735371694428,1198
735371794330,1198
735371894232,1198
735371994134,1198
735372094036,1198
735372193938,1204
735372293840,1207
735372393742,1205
735372493644,1200
735372593546,1200
735372693448,1202
735372793350,1201
735372893252,1201
735372993154,1201
735373093056,1201
735373192958,1205
735373292860,1204
735373392762,1197
735373492664,1198
735373592566,1196
735373692468,1198
735373792370,1198
735373892272,1200
735373992174,1200
735374092076,1198
735374191978,1201
735374291880,1201
735374391782,1198
735374491684,1198
735374591586,1198
735374691488,1233
735374791390,1200
735374891292,1199
735374991194,1198
735375091097,1219
735375190999,1201
735375290901,1201
735375390803,1200
735375490705,1198
735375590607,1200
735375690509,1198
735375790411,1197
735375890313,1201
735375990215,1198
735376090117,1198
735376190019,1198
735376289921,1201
735376389823,1202
735376489725,1198
735376589627,1198
735376689529,1198
735376789431,1198
735376889333,1197
735376989235,1198
735377089138,1308
735377189040,1202
735377288942,1203
735377388844,1203
735377488746,1199
735377588648,1199
735377688550,1198
735377788452,1199
735377888354,1197
735377988256,1201
735378088158,1198
735378188060,1198
735378287962,1200
735378387864,1202
735378487766,1198
735378587668,1197
735378687570,1199
735378787472,1201
735378887374,1198
735378987276,1197
735379087178,1197
735379187080,1198
735379286982,1200
735379386884,1201
735379486786,1199
735379586688,1202
735379686590,1196
735379786492,1197
735379886394,1197
735379986296,1198
735380086198,1197
735380186100,1197
735380286004,1197
735380385906,1205
735380485808,1202
735380585710,1199
735380685612,1199
735380785514,1198
735380885416,1197
735380985318,1199
735381085220,1198
735381185122,1201
735381285024,1198
735381384926,1201
735381484828,1201
735381584730,1198
735381684632,1198
735381784534,1197
735381884436,1198
735381984338,1202
735382084240,1198
735382184142,1199
735382284044,1198
735382383946,1203
735382483848,1204
735382583750,1200
735382683652,1200
735382783554,1204
735382883456,1201
735382983358,1201
735383083260,1203
735383183162,1202
735383283064,1201
735383382966,1204
735383482868,1205
735383582770,1201
735383682672,1198
735383782574,1198
735383882476,1197
735383982378,1197
735384082280,1197
735384182182,1198
735384282084,1197
735384381986,1204
735384481888,1202
735384581790,1197
735384681692,1198
735384781594,1199
735384881496,1199
735384981398,1199
735385081300,1199
735385181202,1202
735385281104,1197
735385381006,1198
735385480908,1201
735385580810,1200
735385680712,1196
735385780614,1197
735385880516,1198
735385980418,1197
735386080320,1199
735386180222,1197
735386280124,1198
735386380026,1197
735386479928,1200
735386579830,1201
735386679732,1197
735386779634,1201
735386879536,1198
735386979438,1198
735387079341,1313
735387179243,1197
735387279145,1209
735387379047,1197
735387478949,1201
735387578851,1203
735387678753,1198
735387778655,1197
735387878557,1197
735387978459,1198
735388078361,1197
735388178263,1198
735388278165,1203
735388378067,1200
735388477969,1201
735388577871,1201
735388677773,1198
735388777675,1198
735388877577,1198
735388977479,1197
735389077381,1198
735389177283,1200
735389277185,1198
735389377087,1198
735389476989,1201
735389576891,1202
735389676793,1198
735389776695,1197
735389876597,1197
735389976499,1199
735390076401,1198
735390176303,1197
735390276205,1198
735390376107,1198
735390476009,1197
735390575911,1200
735390675813,1206
735390775715,1199
735390875617,1196
735390975519,1198
735391075421,1198
735391175323,1198
735391275225,1198
735391375127,1198
735391475029,1199
735391574931,1203
735391674833,1201
735391774735,1197
735391874637,1198
735391974539,1198
735392074441,1198
735392174343,1198
735392274245,1198
735392374147,1200
735392474049,1199
735392573951,1204
735392673853,1206
735392773755,1200
735392873657,1201
735392973559,1201
735393073461,1200
735393173363,1202
735393273265,1201
735393373167,1201
735393473069,1201
735393572985,1207
735393672887,1205
735393772789,1197
735393872691,1198
735393972593,1199
735394072495,1197
735394172397,1198
735394272299,1197
735394372201,1199
735394472103,1198
735394572005,1198
735394671907,1201
735394771809,1203
735394871711,1197
735394971613,1198
735395071515,1197
735395171417,1197
735395271319,1198
735395371221,1199
735395471123,1198
735395571025,1201
735395670927,1200
735395770829,1201
735395870731,1197
735395970633,1198
735396070535,1232
735396170437,1198
735396270339,1197
735396370241,1200
735396470143,1197
735396570045,1198
735396669947,1201
735396769849,1200
735396869751,1197
735396969653,1198
735397069556,1325
735397169458,1203
735397269360,1198
735397369262,1199
735397469164,1204
735397569066,1198
735397668968,1201
735397768870,1201
735397868772,1198
735397968674,1201
735398068576,1198
735398168478,1198
735398268380,1199
735398368282,1197
735398468184,1198
735398568086,1198
735398667988,1210
735398767890,1204
735398867792,1199
735398967694,1198
735399067596,1197
735399167498,1198
735399267400,1197
735399367302,1198
735399467204,1197
735399567106,1202
735399667008,1198
735399766910,1201
735399866812,1201
735399966714,1198
735400066616,1198
735400166518,1197
735400266420,1199
735400366322,1202
735400466224,1199
735400566126,1197
735400666028,1198
735400765930,1200
735400865832,1201
735400965734,1197
735401065636,1198
735401165538,1201
735401265440,1197
735401365342,1198
735401465244,1198
735401565146,1199
735401665048,1198
735401764950,1202
735401864852,1201
735401964754,1201
735402064656,1198
735402164558,1198
735402264460,1197
735402364362,1197
735402464264,1269
735402564166,1202
735402664068,1212
735402763970,1207
735402863872,1203
735402963774,1200
735403063676,1201
735403163578,1201
735403263480,1200
735403363382,1202
735403463284,1222
735403563186,1206
735403663088,1203
735403762990,1204
735403862892,1204
735403962794,1198
735404062696,1198
735404162598,1199
735404262500,1198
735404362402,1202
735404462304,1198
735404562206,1198
735404662108,1234
735404762010,1199
735404861912,1199
735404961814,1202
735405061716,1198
735405161618,1201
735405261520,1197
735405361422,1198
735405461324,1527
735405561227,1198
735405661129,1200
735405761031,1198
735405860933,1201
735405960835,1204
735406060737,1198
735406160639,1198
735406260541,1200
735406360443,1197
735406460345,1198
735406560247,1197
735406660149,1199
735406760051,1202
735406859953,1200
735406959855,1239
735407059758,1314
735407159660,1200
735407259562,1198
735407359464,1198
735407459366,1198
735407559268,1222
735407659170,1269
735407759072,1198
735407858974,1201
735407958876,1215
735408058778,1198
735408158680,1198
735408258582,1197
735408358484,1200
735408458386,1198
735408558288,1198
735408658190,1246
735408758092,1198
735408857994,1200
735408957896,1200
735409057798,1198
735409157700,1199
735409257602,1197
735409357504,1197
735409457406,1198
735409557308,1197
735409657210,1198
735409757112,1198
735409857014,1198
735409956916,1203
735410056818,1201
735410156720,1197
735410256622,1197
735410356524,1197
735410456426,1198
735410556328,1198
735410656230,1234
735410756132,1200
735410856034,1197
735410955936,1202
735411055838,1200
735411155740,1197
735411255642,1197
735411355544,1198
735411455446,1198
735411555348,1200
735411655250,1198
735411755152,1198
735411855054,1197
735411954956,1202
735412054858,1200
735412154760,1197
735412254662,1198
735412354564,1200
735412454466,1198
735412554368,1198
735412654270,1199
735412754172,1198
735412854074,1197
735412953976,1216
735413053878,1203
735413153780,1202
735413253682,1200
735413353584,1201
735413453486,1215
735413553388,1200
735413653290,1201
735413753192,1201
735413853094,1200
735413952996,1218
735414052898,1203
735414152800,1197
735414252703,1197
735414352605,1197
735414452507,1198
735414552409,1197
735414652311,1220
735414752213,1201
735414852115,1198
735414952017,1198
735415051919,1201
735415151821,1200
735415251723,1197
735415351625,1197
735415451527,1197
735415551429,1199
735415651331,1199
735415751233,1199
735415851135,1198
735415951037,1197
735416050939,1213
735416150841,1202
735416250743,1197
735416350660,1214
735416450562,1197
735416550464,1198
735416650366,1197
735416750268,1198
735416850170,1197
735416950072,1198
735417049975,1335
735417149877,1204
735417249779,1197
735417349681,1234
735417449583,1199
735417549485,1199
735417649387,1197
735417749289,1199
735417849191,1198
735417949093,1202
735418048995,1202
735418148897,1200
735418248799,1197
735418348701,1196
735418448603,1198
735418548505,1198
735418648407,1197
735418748309,1202
735418848211,1199
735418948113,1198
735419048015,1198
735419147917,1202
735419247819,1200
735419347721,1197
735419447623,1197
735419547525,1201
735419647427,1198
735419747329,1199
735419847231,1197
735419947133,1198
735420047035,1196
735420146937,1236
735420246839,1200
735420346741,1201
735420446643,1198
735420546545,1198
735420646447,1199
735420746349,1198
735420846251,1201
735420946153,1203
735421046055,1197
735421145957,1204
735421245859,1201
735421345761,1198
735421445663,1198
735421545565,1197
735421645467,1198
735421745369,1197
735421845271,1200
735421945173,1202
735422045075,1198
735422144977,1249
735422244879,1250
735422344781,1247
735422444683,1246
735422544585,1246
735422644487,1246
735422744389,1203
735422844291,1197
735422944193,1198
735423044095,1198
735423143997,1202
735423243899,1205
735423343801,1203
735423443703,1201
735423543605,1204
735423643507,1201
735423743409,1201
735423843311,1200
735423943213,1202
735424043116,1201
735424143018,1200
735424242920,1204
735424342822,1207
735424442724,1197
735424542626,1199
735424642528,1198
735424742430,1197
735424842332,1198
735424942234,1197
735425042136,1198
735425142038,1202
735425241940,1201
735425341842,1202
735425441744,1198
735425541646,1198
735425641548,1198
735425741450,1199
735425841352,1199
735425941254,1201
735426041156,1199
735426141058,1197
735426240960,1201
735426340862,1202
735426440764,1199
735426540666,1198
735426640568,1236
735426740470,1205
735426840372,1198
735426940274,1198
735427040176,1198
735427140078,1309
735427239980,1201
735427339882,1201
735427439784,1198
735427539686,1200
735427639588,1197
735427739490,1198
735427839392,1198
735427939294,1198
735428039196,1197
735428139098,1197
735428239003,1198
735428338905,1202
735428438807,1201
735428538709,1197
735428638611,1198
735428738513,1197
735428838415,1198
735428938317,1198
735429038219,1198
735429138121,1199
735429238023,1197
735429337925,1201
735429437827,1201
735429537729,1198
735429637631,1198
735429737533,1198
735429837435,1197
735429937337,1201
735430037239,1198
735430137141,1198
735430237043,1197
735430336945,1200
735430436847,1200
735430536749,1197
735430636651,1198
735430736553,1200
735430836455,1200
735430936357,1198
735431036259,1198
735431136161,1198
735431236063,1198
735431335965,1200
735431435867,1204
735431535769,1200
735431635671,1197
735431735574,1198
735431835476,1199
735431935378,1197
735432035280,1198
735432135182,1197
735432235084,1198
735432334986,1203
735432434888,1201
735432534790,1198
735432634692,1199
735432734594,1199
735432834496,1198
735432934398,1198
735433034300,1198
735433134202,1200
735433234104,1197
735433334006,1198
735433433908,1203
735433533810,1204
735433633712,1199
735433733614,1200
735433833516,1201
735433933418,1202
735434033320,1201
735434133222,1200
735434233124,1201
735434333026,1201
735434432928,1204
735434532830,1204
735434632732,1197
735434732634,1200
735434832536,1197
735434932438,1198
735435032340,1197
735435132242,1197
735435232144,1197
735435332046,1198
735435431948,1200
735435531850,1203
735435631752,1198
735435731654,1198
735435831556,1197
735435931458,1198
735436031360,1198
735436131262,1199
735436231164,1197
735436331066,1200
735436430968,1202
735436530870,1202
735436630772,1198
735436730674,1198
735436830576,1197
735436930478,1198
735437030380,1198
735437130283,1309
735437230185,1198
735437330087,1199
735437429989,1202
735437529891,1200
735437629793,1197
735437729695,1198
735437829597,1198
735437929499,1201
735438029401,1199
735438129303,1234
735438229205,1198
735438329107,1197
735438429009,1200
735438528911,1201
735438628813,1202
735438728715,1201
735438828617,1198
735438928519,1200
735439028437,1200
735439128339,1213
735439228241,1199
735439328143,1201
735439428045,1198
735439527947,1205
735439627849,1202
735439727751,1198
735439827653,1197
735439927555,1200
735440027457,1198
735440127359,1200
735440227261,1199
735440327163,1201
735440427065,1199
735440526967,1201
735440626869,1201
735440726771,1198
735440826673,1197
735440926575,1198
735441026477,1198
735441126379,1202
735441226281,1198
735441326183,1200
735441426085,1199
735441525987,1201
735441625889,1202
735441725791,1197
735441825693,1197
735441925595,1237
735442025497,1198
735442125399,1198
735442225301,1198
735442325203,1198
735442425105,1197
735442525007,1197
735442624909,1202
735442724811,1205
735442824713,1197
735442924615,1198
735443024517,1199
735443124419,1198
735443224321,1197
735443324223,1198
735443424125,1198
735443524027,1202
735443623929,1202
735443723831,1204
735443823733,1200
735443923635,1201
735444023537,1201
735444123439,1199
735444223341,1202
735444323243,1240
735444423145,1201
735444523047,1202
735444622949,1206
735444722851,1205
735444822753,1198
735444922655,1198
735445022557,1197
735445122459,1202
735445222361,1197
735445322263,1199
735445422165,1197
735445522067,1198
735445621969,1201
735445721871,1201
735445821773,1196
735445921675,1201
735446021577,1198
735446121479,1198
735446221381,1197
735446321283,1199
735446421383,1231
735446521285,1197
735446621187,1197
735446721089,1201
735446820991,1201
735446920893,1201
735447020795,1197
735447120698,1299
735447220600,1198
735447320502,1198
735447420404,1200
735447520306,1200
735447620208,1197
735447720110,1197
735447820012,1198
735447919914,1201
735448019816,1200
735448119718,1198
735448219620,1198
735448319522,1200
735448419424,1197
735448519326,1198
735448619228,1198
735448719130,1198
735448819032,1197
735448918934,1202
735449018836,1202
735449118738,1199
735449218640,1197
735449318542,1198
735449418444,1198
735449518346,1198
735449618248,1197
735449718150,1198
735449818052,1197
735449917954,1202
735450017856,1201
735450117758,1197
735450217660,1197
735450317562,1197
735450417464,1198
735450517366,1197
735450617268,1198
735450717170,1200
735450817072,1198
735450916974,1201
735451016876,1201
735451116778,1198
735451216680,1198
735451316582,1197
735451416484,1197
735451516386,1200
735451616288,1198
735451716190,1198
735451816092,1198
735451915994,1200
735452015896,1200
735452115798,1198
735452215700,1197
735452315602,1199
735452415504,1197
735452515406,1198
735452615308,1197
735452715210,1198
735452815112,1197
735452915014,1197
735453014916,1201
735453114818,1203
735453214720,1197
735453314622,1197
735453414524,1198
735453514426,1198
735453614328,1198
735453714230,1199
735453814132,1198
735453914034,1200
735454013936,1203
735454113838,1203
735454213740,1201
735454313642,1201
735454413544,1200
735454513446,1202
735454613348,1201
735454713250,1204
735454813152,1201
735454913054,1201
735455012956,1205
735455112858,1213
735455212760,1197
735455312662,1198
735455412564,1197
735455512466,1200
735455612368,1198
735455712270,1197
735455812172,1198
735455912074,1197
735456011976,1213
735456111878,1201
735456211780,1197
735456311682,1200
735456411584,1541
735456511486,1198
735456611388,1199
735456711290,1198
735456811192,1197
735456911094,1197
735457010996,1201
735457110899,1332
735457210801,1198
735457310703,1198
735457410605,1198
735457510507,1198
735457610409,1199
735457710311,1198
735457810213,1198
735457910115,1200
735458010017,1199
735458109919,1201
735458209821,1202
735458309723,1198
735458409625,1198
735458509527,1198
735458609429,1198
735458709331,1201
735458809233,1200
735458909135,1197
735459009037,1198
735459108939,1200
735459208841,1202
735459308743,1197
735459408645,1198
735459508547,1201
735459608449,1198
735459708351,1199
735459808253,1198
735459908155,1198
735460008057,1197
735460107959,1200
735460207861,1201
735460307763,1201
735460407665,1198
735460507567,1198
735460607469,1196
735460707371,1196
735460807273,1196
735460907175,1196
735461007077,1198
735461106979,1205
735461206881,1202
735461306783,1199
735461406685,1198
735461506587,1198
735461606489,1199
735461706391,1199
735461806308,1199
735461906210,1201
735462006112,1197
735462106014,1198
735462205916,1200
735462305818,1200
735462405720,1199
735462505622,1198
735462605524,1197
735462705426,1202
735462805328,1197
735462905230,1198
735463005132,1198
735463105034,1198
735463204936,1201
735463304838,1200
735463404740,1196
735463504642,1201
735463604544,1197
735463704446,1199
735463804348,1198
735463904250,1199
735464004152,1200
735464104054,1199
735464203956,1215
735464303858,1212
735464403760,1199
735464503662,1202
735464603564,1201
735464703466,1224
735464803368,1201
735464903270,1200
735465003172,1201
735465103074,1205
735465202976,1217
735465302878,1204
735465402780,1196
735465502682,1198
735465602584,1198
735465702486,1197
735465802388,1198
735465902290,1201
735466002192,1196
735466102094,1199
735466201996,1199
735466301898,1200
735466401800,1198
735466501702,1198
735466601604,1199
735466701507,1201
735466801409,1198
735466901311,1197
735467001213,1197
735467101115,1222
735467201017,1232
735467300919,1201
735467400821,1202
735467500723,1200
735467600625,1198
735467700527,1197
735467800429,1198
735467900331,1197
735468000233,1198
735468100135,1197
735468200037,1213
735468299939,1202
735468399841,1201
735468499743,1198
735468599645,1197
735468699547,1198
735468799449,1198
735468899351,1198
735468999253,1203
735469099155,1200
735469199057,1198
735469298959,1201
735469398861,1200
735469498763,1198
735469598665,1197
735469698567,1198
735469798469,1197
735469898371,1200
735469998273,1198
735470098175,1198
735470198077,1198
735470297979,1202
735470397881,1202
735470497783,1198
735470597685,1197
735470697587,1236
735470797489,1198
735470897391,1197
735470997293,1197
735471097195,1198
735471197097,1196
735471296999,1200
735471396901,1201
735471496803,1203
735471596705,1197
735471696607,1198
735471796509,1197
735471896411,1197
735471996313,1198
735472096215,1198
735472196117,1198
735472296019,1199
735472395921,1201
735472495823,1200
735472595725,1197
735472695627,1198
735472795529,1198
735472895431,1198
735472995333,1197
735473095235,1199
735473195137,1198
735473295039,1198
735473394941,1201
735473494843,1201
735473594745,1198
735473694647,1198
735473794549,1198
735473894451,1200
735473994353,1198
735474094255,1198
735474194157,1207
735474294059,1203
735474393961,1203
735474493863,1209
735474593765,1199
735474693667,1203
735474793569,1200
735474893471,1200
735474993373,1200
735475093275,1200
735475193177,1202
735475293079,1201
735475392981,1204
735475492883,1207
735475592785,1197
735475692687,1197
735475792589,1197
735475892491,1197
735475992393,1197
735476092295,1198
735476192197,1198
735476292099,1200
735476392004,1197
735476491906,1201
735476591808,1201
735476691710,1234
735476791612,1198
735476891515,1198
735476991417,1198
735477091320,1317
735477191222,1200
735477291124,1198
735477391026,1199
735477490928,1201
735477590830,1203
735477690732,1199
735477790634,1197
735477890536,1201
735477990438,1198
735478090340,1197
735478190242,1197
735478290144,1198
735478390046,1198
735478489948,1202
735478589850,1201
735478689752,1202
735478789654,1199
735478889556,1198
735478989458,1199
735479089360,1197
735479189262,1198
735479289164,1196
735479389066,1197
735479488968,1205
735479588870,1201
735479688772,1198
735479788674,1199
735479888576,1198
735479988478,1197
735480088380,1197
735480188282,1197
735480288184,1201
735480388086,1197
735480487988,1200
735480587890,1201
735480687792,1198
735480787694,1198
735480887596,1198
735480987498,1198
735481087400,1203
735481187302,1198
735481287204,1199
735481387106,1197
735481487008,1197
735481586910,1201
735481686812,1202
735481786714,1198
735481886616,1201
735481986518,1197
735482086420,1198
735482186322,1249
735482286224,1246
735482386126,1245
735482486028,1246
735482585930,1249
735482685832,1205
735482785734,1198
735482885636,1232
735482985538,1197
735483085440,1198
735483185342,1198
735483285244,1197
735483385146,1199
735483485048,1201
735483584950,1200
735483684852,1203
735483784754,1198
735483884656,1199
735483984559,1237
735484084461,1198
735484184363,1199
735484284265,1202
735484384167,1198
735484484084,1199
735484583986,1205
735484683888,1205
735484783790,1201
735484883692,1200
735484983594,1201
735485083496,1252
735485183398,1200
735485283300,1201
735485383202,1202
735485483104,1202
735485583006,1201
735485682908,1205
735485782810,1204
735485882712,1201
735485982614,1197
735486082516,1199
735486182418,1198
735486282320,1198
735486382222,1198
735486482124,1199
735486582026,1197
735486681928,1205
735486781830,1201
735486881732,1198
735486981634,1199
735487081536,1311
735487181438,1200
735487281340,1198
735487381242,1197
735487481144,1200
735487581046,1197
735487680948,1201
735487780850,1201
735487880752,1197
735487980654,1197
735488080556,1197
735488180458,1197
735488280360,1198
735488380262,1197
735488480164,1199
735488580066,1198
735488679968,1201
735488779870,1201
735488879772,1197
735488979674,1198
735489079576,1200
735489179478,1198
735489279380,1197
735489379282,1198
735489479184,1198
735489579086,1198
735489678988,1201
735489778890,1201
735489878792,1256
735489978694,1198
735490078596,1198
735490178498,1197
735490278400,1197
735490378302,1198
735490478204,1197
735490578106,1198
735490678008,1200
735490777910,1201
735490877812,1201
735490977714,1198
735491077616,1198
735491177518,1198
735491277420,1197
735491377322,1197
735491477224,1199
735491577126,1198
735491677028,1197
735491776930,1200
735491876832,1201
735491976734,1197
735492076636,1197
735492176538,1197
735492276440,1200
735492376342,1198
735492476244,1197
735492576146,1197
735492676048,1198
735492775950,1201
735492875852,1201
735492975754,1197
735493075656,1200
735493175558,1197
735493275460,1198
735493375362,1197
735493475264,1198
735493575166,1198
735493675068,1198
735493774970,1201
735493874872,1206
735493974774,1197
735494074676,1198
735494174578,1197
735494274480,1197
735494374382,1198
735494474284,1198
735494574186,1198
735494674088,1201
735494773990,1204
735494873892,1203
735494973794,1202
735495073696,1200
735495173598,1200
735495273500,1200
735495373402,1200
735495473304,1203
735495573206,1201
735495673108,1201
735495773010,1201
735495872912,1203
735495972814,1204
735496072716,1197
735496172618,1198
735496272520,1200
735496372422,1197
735496472324,1198
735496572226,1197
735496672128,1198
735496772030,1198
735496871932,1200
735496971834,1200
735497071736,1316
735497171638,1199
735497271540,1199
735497371442,1197
735497471344,1198
735497571246,1197
735497671148,1198
735497771050,1199
735497870952,1206
735497970854,1200
735498070756,1199
735498170658,1196
735498270560,1198
735498370462,1197
735498470364,1198
735498570266,1198
735498670168,1202
735498770070,1198
735498869972,1200
735498969874,1201
735499069776,1197
735499169678,1197
735499269580,1197
735499369482,1198
735499469384,1202
735499569286,1198
735499669188,1198
735499769090,1198
735499868992,1202
735499968894,1202
735500068796,1197
735500168698,1197
735500268600,1201
735500368502,1198
735500468404,1198
735500568306,1198
735500668208,1200
735500768110,1198
735500868012,1197
735500967914,1201
735501067816,1203
735501167718,1197
735501267620,1197
735501367522,1197
735501467424,1197
735501567326,1199
735501667228,1199
735501767130,1197
735501867032,1201
735501966934,1201
735502066836,1201
735502166738,1198
735502266640,1197
735502366542,1198
735502466444,1197
735502566346,1198
735502666248,1202
735502766150,1209
735502866052,1197
735502965954,1201
735503065856,1200
735503165758,1198
735503265660,1197
735503365562,1197
735503465464,1202
735503565366,1197
735503665268,1199
735503765170,1199
735503865072,1197
735503964974,1201
735504064876,1201
735504164778,1198
735504264680,1202
735504364582,1198
735504464484,1256
735504564386,1198
735504664288,1234
735504764190,1199
735504864092,1198
735504963994,1204
735505063896,1207
735505163798,1201
735505263700,1200
735505363602,1203
735505463504,1241
735505563406,1201
735505663308,1200
735505763210,1201
735505863112,1205
735505963014,1201
735506062916,1204
735506162818,1205
735506262720,1197
735506362622,1197
735506462524,1197
735506562426,1198
735506662328,1222
735506762230,1199
735506862132,1198
735506962034,1197
