3450792846587,109
3450792946552,44
3450793046505,45
3450793146459,43
3450793246411,43
3450793346363,43
3450793446315,43
3450793546267,57
3450793646219,44
3450793746171,44
3450793846124,44
3450793946076,45
3450794046028,43
3450794145980,58
3450794245932,43
3450794345884,43
3450794445836,43
3450794545788,43
3450794645740,44
3450794745692,44
3450794845644,43
3450794945596,43
3450795045548,43
3450795145500,43
3450795245452,43
3450795345404,44
3450795445356,43
3450795545308,43
3450795645260,43
3450795745212,43
3450795845164,43
3450795945116,45
3450796045068,45
3450796145020,44
3450796244972,61
3450796344924,43
3450796444876,43
3450796544828,43
3450796644780,43
3450796744734,43
3450796844686,43
3450796944638,43
3450797044590,43
3450797144542,43
3450797244494,43
3450797344446,43
3450797444398,43
3450797544350,43
3450797644302,43
3450797744254,43
3450797844206,44
3450797944158,45
3450798044111,61
3450798144063,43
3450798244015,43
3450798343967,48
3450798443919,43
3450798543871,43
3450798643823,43
3450798743775,44
3450798843727,43
3450798943679,43
3450799043631,43
3450799143583,43
3450799243535,43
3450799343487,43
3450799443439,45
3450799543391,53
3450799643343,44
3450799743295,55
3450799843247,51
3450799943199,60
3450800043151,45
3450800143103,45
3450800243067,55
3450800343019,56
3450800442971,46
3450800542923,43
3450800642875,43
3450800742827,43
3450800842779,43
3450800942731,43
3450801042683,52
3450801142635,43
3450801242587,43
3450801342539,43
3450801442491,45
3450801542443,58
3450801642395,45
3450801742347,43
3450801842299,44
3450801942251,43
3450802042203,45
3450802142155,45
3450802242107,43
3450802342059,43
3450802442011,43
3450802541963,46
3450802641915,43
3450802741867,54
3450802841819,43
3450802941771,44
3450803041725,56
3450803141677,54
3450803241631,57
3450803341583,44
3450803441535,43
3450803541487,43
3450803641439,43
3450803741391,43
3450803841343,56
3450803941295,45
3450804041247,45
3450804141199,46
3450804241151,45
3450804341103,45
3450804441067,46
3450804541019,56
3450804640971,46
3450804740923,44
3450804840875,43
3450804940827,43
3450805040779,43
3450805140733,43
3450805240685,43
3450805340637,43
3450805440589,45
3450805540541,45
3450805640493,45
3450805740445,44
3450805840397,44
3450805940349,43
3450806040301,43
3450806140253,43
3450806240206,43
3450806340158,43
3450806440110,43
3450806540062,43
3450806640014,43
3450806739968,47
3450806839920,43
3450806939872,43
3450807039824,43
3450807139776,44
3450807239730,45
3450807339682,43
3450807439634,45
3450807539586,45
3450807639538,45
3450807739490,44
3450807839442,43
3450807939394,43
3450808039346,56
3450808139300,46
3450808239252,45
3450808339204,45
3450808439156,45
3450808539108,44
3450808639065,48
3450808739019,57
3450808838971,46
3450808938923,43
3450809038875,54
3450809138827,43
3450809238779,43
3450809338731,43
3450809438683,55
3450809538635,52
3450809638587,44
3450809738539,45
3450809838493,43
3450809938445,43
3450810038397,43
3450810138357,111
3450810238309,43
3450810338261,43
3450810438213,43
3450810538165,45
3450810638117,53
3450810738069,47
3450810838021,43
3450810937973,45
3450811037925,43
3450811137877,43
3450811237829,43
3450811337781,43
3450811437733,45
3450811537685,54
3450811637637,115
3450811737589,43
3450811837541,44
3450811937493,43
3450812037445,43
3450812137397,52
3450812237360,43
3450812337312,56
3450812437264,54
3450812537216,73
3450812637168,45
3450812737120,45
3450812837072,45
3450812937024,55
3450813036976,46
3450813136928,51
3450813236882,50
3450813336834,43
3450813436787,60
3450813536739,45
3450813636691,45
3450813736643,43
3450813836597,44
3450813936549,43
3450814036501,43
3450814136453,43
3450814236405,44
3450814336357,43
3450814436309,57
3450814536261,43
3450814636213,45
3450814736165,43
3450814836117,45
3450814936069,45
3450815036021,44
3450815135973,48
3450815235925,45
3450815335877,42
3450815435829,43
3450815535781,43
3450815635733,43
3450815735685,44
3450815835637,43
3450815935589,43
3450816035541,43
3450816135493,44
3450816235445,43
3450816335397,43
3450816435356,43
3450816535308,44
3450816635260,45
3450816735212,45
3450816835164,45
3450816935135,45
3450817035087,45
3450817135039,57
3450817234991,47
3450817334943,43
3450817434895,45
3450817534847,45
3450817634799,45
3450817734751,43
3450817834703,44
3450817934655,43
3450818034607,43
3450818134559,43
3450818234511,43
3450818334463,44
3450818434415,43
3450818534367,55
3450818634319,56
3450818734271,44
3450818834223,51
3450818934175,43
3450819034127,45
3450819134079,43
3450819234031,43
3450819333983,48
3450819433935,44
3450819533887,45
3450819633839,44
3450819733791,48
3450819833743,43
3450819933695,49
3450820033647,43
3450820133599,43
3450820233551,43
3450820333503,43
3450820433455,43
3450820533407,51
3450820633359,50
3450820733313,56
3450820833265,45
3450820933217,44
3450821033169,45
3450821133121,45
3450821233073,44
3450821333025,56
3450821432977,48
3450821532929,44
3450821632881,44
3450821732833,43
3450821832785,43
3450821932737,43
3450822032689,43
3450822132641,43
3450822232593,43
3450822332545,45
3450822432497,43
3450822532449,48
3450822632401,43
3450822732353,57
3450822832305,112
3450822932257,125
3450823032209,47
3450823132161,53
3450823232113,43
3450823332065,45
3450823432017,46
3450823531969,47
3450823631922,61
3450823731874,44
3450823831826,42
3450823931778,43
3450824031730,43
3450824131682,43
3450824231634,42
3450824331586,43
3450824431538,43
3450824531490,43
3450824631442,43
3450824731394,44
3450824831354,43
3450824931306,56
3450825031258,45
3450825131210,45
3450825231162,45
3450825331114,45
3450825431066,45
3450825531018,45
3450825630970,48
3450825730922,43
3450825830874,44
3450825930826,43
3450826030778,43
3450826130730,43
3450826230682,43
3450826330634,43
3450826430586,43
3450826530538,43
3450826630490,43
3450826730442,44
3450826830394,43
3450826930346,45
3450827030298,45
3450827130250,45
3450827230202,45
3450827330154,42
3450827430106,43
3450827530066,45
3450827630018,43
3450827729970,46
3450827829922,43
3450827929874,43
3450828029826,43
3450828129778,43
3450828229730,43
3450828329682,43
3450828429634,43
3450828529588,44
3450828629540,43
3450828729494,55
3450828829446,48
3450828929398,49
3450829029350,43
3450829129302,63
3450829229254,49
3450829329206,44
3450829429158,46
3450829529110,51
3450829629062,44
3450829729014,56
3450829828966,47
3450829928918,43
3450830028870,43
3450830128822,47
3450830228774,43
3450830328726,43
3450830428678,43
3450830528630,43
3450830628582,43
3450830728537,43
3450830828489,43
3450830928441,43
3450831028393,43
3450831128345,43
3450831228297,58
3450831328249,43
3450831428201,45
3450831528153,45
3450831628105,51
3450831728057,43
3450831828009,43
3450831927961,46
3450832027913,47
3450832127865,48
3450832227817,49
3450832327769,43
3450832427721,43
3450832527673,113
3450832627625,43
3450832727577,44
3450832827529,43
3450832927481,49
3450833027433,46
3450833127385,43
3450833227346,43
3450833327298,63
3450833427250,44
3450833527202,50
3450833627154,46
3450833727106,60
3450833827067,47
3450833927019,57
3450834026971,46
3450834126923,43
3450834226875,44
3450834326827,44
3450834426779,43
3450834526731,43
3450834626683,42
3450834726637,44
3450834826589,43
3450834926541,44
3450835026493,44
3450835126445,43
3450835226397,43
3450835326349,43
3450835426301,45
3450835526253,45
3450835626205,44
3450835726157,45
3450835826109,43
3450835926061,43
3450836026013,55
3450836125965,46
3450836225918,43
3450836325870,43
3450836425822,43
3450836525774,43
3450836625726,44
3450836725678,44
3450836825630,43
3450836925582,44
3450837025534,43
3450837125486,43
3450837225438,44
3450837325390,43
3450837425342,45
3450837525294,45
3450837625246,45
3450837725198,45
3450837825151,46
3450837925103,45
3450838025067,45
3450838125019,56
3450838224971,47
3450838324923,43
3450838424875,43
3450838524827,43
3450838624779,43
3450838724733,44
3450838824685,43
3450838924637,43
3450839024589,58
3450839124542,45
3450839224494,43
3450839324446,43
3450839424398,43
3450839524350,42
3450839624302,43
3450839724254,45
3450839824206,43
3450839924158,43
3450840024110,43
3450840124068,46
3450840224020,47
3450840323972,49
3450840423924,43
3450840523876,43
3450840623828,43
3450840723782,43
3450840823734,43
3450840923686,43
3450841023657,47
3450841123609,47
3450841223561,43
3450841323513,43
3450841423465,45
3450841523417,50
3450841623369,44
3450841723321,56
3450841823274,46
3450841923226,67
3450842023178,45
3450842123130,44
3450842223082,45
3450842323034,63
3450842422986,46
3450842522938,43
3450842622890,43
3450842722842,46
3450842822794,43
3450842922746,43
3450843022698,47
3450843122650,43
3450843222602,43
3450843322554,47
3450843422506,44
3450843522458,49
3450843622410,44
3450843722362,43
