3450486733785,114
3450486833751,44
3450486933703,44
3450487033655,43
3450487133607,44
3450487233559,43
3450487333511,43
3450487433463,45
3450487533415,45
3450487633367,45
3450487733319,43
3450487833271,56
3450487933223,45
3450488033175,45
3450488133127,45
3450488233079,45
3450488333031,44
3450488432983,60
3450488532935,43
3450488632887,43
3450488732839,43
3450488832791,43
3450488932743,43
3450489032695,43
3450489132647,43
3450489232599,43
3450489332551,43
3450489432503,43
3450489532462,43
3450489632414,43
3450489732366,43
3450489832318,44
3450489932270,57
3450490032222,47
3450490132174,45
3450490232126,45
3450490332078,45
3450490432030,44
3450490531982,59
3450490631934,43
3450490731886,44
3450490831838,43
3450490931790,45
3450491031742,45
3450491131694,45
3450491231646,44
3450491331598,43
3450491431550,43
3450491531502,43
3450491631454,43
3450491731406,43
3450491831358,44
3450491931320,57
3450492031272,45
3450492131224,45
3450492231176,44
3450492331128,45
3450492431080,53
3450492531032,57
3450492630984,46
3450492730936,43
3450492830888,43
3450492930840,43
3450493030792,43
3450493130744,54
3450493230696,43
3450493330648,54
3450493430600,45
3450493530552,43
3450493630504,54
3450493730456,49
3450493830408,44
3450493930360,43
3450494030312,45
3450494130264,43
3450494230216,43
3450494330168,43
3450494430120,43
3450494530072,43
3450494630024,56
3450494729976,46
3450494829928,55
3450494929880,43
3450495029832,43
3450495129784,43
3450495229736,43
3450495329688,43
3450495429640,45
3450495529592,45
3450495629544,43
3450495729496,43
3450495829448,43
3450495929400,43
3450496029360,44
3450496129312,57
3450496229264,45
3450496329216,45
3450496429168,45
3450496529120,63
3450496629072,45
3450496729024,57
3450496828976,46
3450496928928,44
3450497028880,52
3450497128832,44
3450497228784,43
3450497328736,43
3450497428688,43
3450497528640,45
3450497628592,45
3450497728544,43
3450497828496,44
3450497928448,43
3450498028400,43
3450498128352,43
3450498228304,57
3450498328256,43
3450498428208,45
3450498528160,43
3450498628112,43
3450498728064,44
3450498828016,44
3450498927968,46
3450499027920,44
3450499127872,43
3450499227824,43
3450499327776,43
3450499427728,45
3450499527680,45
3450499627632,45
3450499727584,44
3450499827536,43
3450499927488,43
3450500027440,43
3450500127392,44
3450500227344,56
3450500327296,45
3450500427248,44
3450500527200,45
3450500627152,45
3450500727105,45
3450500827067,44
3450500927019,56
3450501026971,47
3450501126923,43
3450501226875,43
3450501326827,44
3450501426779,45
3450501526731,43
3450501626683,45
3450501726635,43
3450501826588,43
3450501926540,43
3450502026492,43
3450502126444,52
3450502226396,43
3450502326348,74
3450502426300,45
3450502526252,43
3450502626204,43
3450502726156,53
3450502826108,44
3450502926060,43
3450503026012,45
3450503125964,56
3450503225916,43
3450503325868,43
3450503425820,47
3450503525772,43
3450503625724,54
3450503725676,43
3450503825628,43
3450503925580,43
3450504025532,112
3450504125484,43
3450504225436,43
3450504325388,50
3450504425340,55
3450504525292,84
3450504625244,59
3450504725196,45
3450504825148,45
3450504925100,45
3450505025052,57
3450505125004,43
3450505224956,43
3450505324908,51
3450505424860,54
3450505524812,45
3450505624764,43
3450505724716,48
3450505824668,44
3450505924620,43
3450506024572,43
3450506124524,43
3450506224477,45
3450506324429,45
3450506424381,42
3450506524333,55
3450506624285,43
3450506724237,44
3450506824189,43
3450506924141,71
3450507024093,43
3450507124045,50
3450507223997,55
3450507323949,43
3450507423901,45
3450507523853,47
3450507623805,45
3450507723757,44
3450507823709,43
3450507923661,43
3450508023613,43
3450508123565,43
3450508223517,44
3450508323469,43
3450508423421,43
3450508523373,43
3450508623325,55
3450508723278,45
3450508823230,45
3450508923182,45
3450509023134,45
3450509123086,45
3450509223038,57
3450509322990,47
3450509422942,45
3450509522894,43
3450509622846,45
3450509722798,44
3450509822750,44
3450509922702,43
3450510022654,43
3450510122606,43
3450510222558,43
3450510322510,43
3450510422462,43
3450510522414,43
3450510622366,43
3450510722318,44
3450510822290,44
3450510922242,43
3450511022194,43
3450511122146,48
3450511222098,43
3450511322050,44
3450511422004,44
3450511521956,48
3450511621908,45
3450511721860,43
3450511821812,43
3450511921764,43
3450512021716,45
3450512121668,43
3450512221620,44
3450512321572,51
3450512421524,48
3450512521476,43
3450512621428,43
3450512721380,43
3450512821332,56
3450512921284,44
3450513021236,45
3450513121188,45
3450513221140,45
3450513321092,45
3450513421044,53
3450513520996,48
3450513620948,77
3450513720900,43
3450513820852,43
3450513920804,43
3450514020756,43
3450514120708,43
3450514220660,43
3450514320612,43
3450514420564,43
3450514520516,47
3450514620468,48
3450514720420,43
3450514820372,43
3450514920324,43
3450515020276,45
3450515120228,45
3450515220180,110
3450515320132,43
3450515420084,51
3450515520036,42
3450515619988,52
3450515719940,43
3450515819892,49
3450515919844,43
3450516019796,43
3450516119748,43
3450516219700,43
3450516319652,43
3450516419604,43
3450516519556,43
3450516619508,45
3450516719460,43
3450516819412,102
3450516919364,47
3450517019316,62
3450517119268,51
3450517219220,45
3450517319172,47
3450517419124,54
3450517519076,45
3450517619028,45
3450517718980,47
3450517818933,44
3450517918885,43
3450518018837,43
3450518118789,43
3450518218741,43
3450518318693,43
3450518418645,43
3450518518597,43
3450518618549,42
3450518718501,43
3450518818453,43
3450518918405,43
3450519018357,43
3450519118309,44
3450519218261,43
3450519318213,44
3450519418165,43
3450519518117,45
3450519618069,45
3450519718021,43
3450519817973,46
3450519917925,42
3450520017877,43
3450520117829,43
3450520217781,43
3450520317733,43
3450520417685,43
3450520517637,43
3450520617589,43
3450520717541,44
3450520817493,43
3450520917445,43
3450521017397,43
3450521117349,44
3450521217301,57
3450521317253,45
3450521417205,45
3450521517157,45
3450521617109,45
3450521717065,45
3450521817017,57
3450521916969,46
3450522016921,43
3450522116873,43
3450522216825,44
3450522316777,43
3450522416729,43
3450522516681,52
3450522616633,43
3450522716585,43
3450522816537,43
3450522916489,44
3450523016441,50
3450523116403,44
3450523216355,43
3450523316307,60
3450523416259,43
3450523516211,49
3450523616163,47
3450523716115,51
3450523816067,43
3450523916019,43
3450524015971,45
3450524115923,43
3450524215875,43
3450524315827,43
3450524415779,43
3450524515731,43
3450524615683,43
3450524715635,43
3450524815587,43
3450524915539,47
3450525015491,43
3450525115443,43
3450525215395,43
3450525315349,44
3450525415301,57
3450525515253,45
3450525615205,44
3450525715157,45
3450525815110,45
3450525915066,45
3450526015018,56
3450526114970,48
3450526214922,43
3450526314874,43
3450526414826,97
3450526514778,48
3450526614730,43
3450526714682,43
3450526814634,43
3450526914586,44
3450527014538,44
3450527114490,47
3450527214442,43
3450527314394,43
3450527414346,46
3450527514298,44
3450527614250,52
3450527714202,44
3450527814154,45
3450527914106,45
3450528014058,43
3450528114010,44
3450528213962,49
3450528313914,43
3450528413866,43
3450528513818,43
3450528613770,44
3450528713722,43
3450528813674,44
3450528913626,43
3450529013578,43
3450529113530,43
3450529213482,43
3450529313434,43
3450529413386,44
3450529513338,45
3450529613290,56
3450529713242,46
3450529813194,46
3450529913146,45
3450530013098,45
3450530113050,45
3450530213003,44
3450530312955,43
3450530412907,43
3450530512859,43
3450530612811,43
3450530712764,43
3450530812716,43
3450530912668,43
3450531012620,44
3450531112572,43
3450531212524,43
3450531312476,43
3450531412428,43
3450531512380,45
3450531612332,44
3450531712284,43
3450531812236,43
3450531912188,43
3450532012140,43
3450532112092,43
3450532212044,44
3450532311996,46
3450532411948,43
3450532511900,43
3450532611852,43
3450532711805,53
3450532811757,44
3450532911709,45
3450533011661,43
3450533111613,43
3450533211565,46
3450533311517,46
3450533411469,43
3450533511421,44
3450533611373,45
3450533711325,56
3450533811277,47
3450533911229,45
3450534011181,45
3450534111133,45
3450534211085,46
3450534311037,100
3450534410989,46
3450534510941,43
3450534610893,43
3450534710845,44
3450534810797,43
3450534910766,63
3450535010718,45
3450535110670,43
3450535210622,43
3450535310574,43
3450535410526,43
3450535510478,44
3450535610430,45
3450535710382,45
3450535810334,47
3450535910286,43
3450536010238,43
3450536110190,43
3450536210143,43
3450536310095,43
3450536410047,47
3450536509999,48
3450536609951,43
3450536709903,43
3450536809855,43
3450536909807,43
3450537009759,43
3450537109711,45
3450537209663,43
3450537309615,43
3450537409567,43
3450537509519,45
3450537609471,44
