735509318546,5423
735509418464,2990
735509518368,2396
735509618272,2396
735509718174,2396
735509818076,2396
735509917978,2399
735510017882,2400
735510117786,2398
735510217688,2403
735510317590,2396
735510417492,2396
735510517394,2396
735510617296,2396
735510717200,2396
735510817102,2397
735510917004,2396
735511016906,2404
735511116810,2397
735511216712,2399
735511316614,2399
735511416516,2395
735511516418,2396
735511616320,2397
735511716222,2396
735511816124,2400
735511916026,2395
735512015930,2398
735512115834,2398
735512215736,2398
735512315638,2398
735512415540,2395
735512515442,2396
735512615344,2399
735512715246,2396
735512815148,2395
735512915050,2395
735513014952,2405
735513114854,2399
735513214756,2399
735513314658,2399
735513414560,2400
735513514462,2396
735513614364,2396
735513714266,2397
735513814168,2396
735513914070,2397
735514013972,2402
735514113874,2402
735514213776,2405
735514313678,2402
735514413580,2399
735514513482,2400
735514613384,2399
735514713286,2400
735514813188,2399
735514913090,2400
735515012992,2406
735515112894,2404
735515212796,2403
735515312698,2403
735515412600,2403
735515512502,2399
735515612404,2400
735515712306,2400
735515812208,2403
735515912110,2400
735516012012,2400
735516111914,2403
735516211816,2403
735516311720,2402
735516411622,2403
735516511524,2396
735516611426,2400
735516711328,2397
735516811230,2396
735516911132,2397
735517011034,2397
735517110936,2398
735517210838,2397
735517310740,2399
735517410642,2403
735517510544,2396
735517610448,2396
735517710350,2395
735517810252,2394
735517910154,2395
735518010056,2396
735518109958,2399
735518209860,2403
735518309762,2399
735518409664,2399
735518509566,2396
735518609468,2398
735518709371,2395
735518809273,2394
735518909175,2395
735519009077,2401
735519108979,2397
735519208881,2399
735519308783,2398
735519408686,2544
735519508590,2397
735519608492,2396
735519708394,2395
735519808296,2404
735519908198,2396
735520008100,2397
735520108004,2395
735520207906,2398
735520307808,2399
735520407710,2400
735520507612,2399
735520607514,2401
735520707417,2396
735520807319,2396
735520907221,2395
735521007123,2395
735521107025,2397
735521206927,2399
735521306829,2401
735521406731,2406
735521506633,2399
735521606535,2396
735521706437,2398
735521806339,2396
735521906241,2396
735522006143,2395
735522106045,2395
735522205947,2406
735522305849,2402
735522405751,2398
735522505653,2400
735522605555,2395
735522705458,2396
735522805360,2396
735522905262,2393
735523005164,2403
735523105066,2395
735523204968,2400
735523304870,2402
735523404772,2399
735523504674,2398
735523604576,2398
735523704478,2397
735523804380,2402
735523904282,2396
735524004184,2396
735524104086,2395
735524203988,2416
735524303890,2404
735524403792,2401
735524503694,2402
735524603596,2408
735524703498,2420
735524803400,2400
735524903302,2398
735525003204,2400
735525103106,2399
735525203008,2410
735525302910,2403
735525402813,2409
735525502715,2407
735525602617,2404
735525702519,2459
735525802421,2400
735525902323,2402
735526002225,2398
735526102127,2398
735526202029,2418
735526301931,2402
735526401833,2404
735526501735,2402
735526601637,2404
735526701539,2396
735526801441,2396
735526901343,2397
735527001245,2403
735527101147,2396
735527201049,2395
735527300951,2400
735527400853,2400
735527500755,2400
735527600657,2398
735527700560,2398
735527800462,2403
735527900364,2395
735528000266,2398
735528100168,2400
735528200070,2398
735528299972,2399
735528399874,2398
735528499776,2400
735528599678,2406
735528699580,2434
735528799482,2395
735528899384,2396
735528999286,2403
735529099188,2397
735529199090,2395
735529298992,2400
735529398894,2404
735529498798,2533
735529598702,2398
735529698604,2435
735529798506,2395
735529898408,2396
735529998310,2394
735530098212,2395
735530198114,2396
735530298016,2396
735530397918,2399
735530497820,2399
735530597722,2399
735530697624,2435
735530797526,2396
735530897428,2394
735530997330,2400
735531097232,2396
735531197134,2394
735531297036,2395
735531396938,2397
735531496840,2399
735531596742,2397
735531696644,2399
735531796546,2399
735531896448,2395
735531996350,2395
735532096271,2398
735532196173,2395
735532296075,2395
735532395977,2399
735532495879,2400
735532595781,2403
735532695684,2400
735532795586,2396
735532895488,2396
735532995390,2399
735533095292,2396
735533195194,2397
735533295096,2396
735533394998,2403
735533494900,2400
735533594802,2399
735533694704,2399
735533794606,2401
735533894508,2395
735533994410,2396
735534094312,2396
735534194214,2400
735534294116,2401
735534394018,2396
735534493920,2402
735534593822,2400
735534693724,2438
735534793626,2402
735534893528,2400
735534993430,2403
735535093332,2402
735535193234,2399
735535293136,2403
735535393038,2399
735535492940,2403
735535592842,2401
735535692744,2404
735535792646,2406
735535892548,2398
735535992450,2400
735536092352,2399
735536192254,2400
735536292156,2399
735536392058,2399
735536491960,2411
735536591862,2407
735536691764,2439
735536791666,2407
735536891568,2396
735536991470,2395
735537091372,2395
735537191274,2396
735537291176,2396
735537391078,2400
735537490980,2400
735537590882,2402
735537690784,2399
735537790686,2400
735537890588,2397
735537990490,2396
735538090392,2397
735538190294,2400
735538290196,2396
735538390098,2396
735538490003,2395
735538589905,2398
735538689808,2399
735538789710,2400
735538889612,2433
735538989514,2401
735539089416,2395
735539189318,2396
735539289220,2396
735539389124,2536
735539489028,2397
735539588930,2402
735539688832,2401
735539788734,2407
735539888636,2436
735539988538,2395
735540088440,2397
735540188342,2396
735540288244,2396
735540388146,2396
735540488048,2396
735540587950,2406
735540687852,2437
735540787754,2398
735540887656,2400
735540987558,2397
735541087460,2396
735541187362,2397
735541287264,2397
735541387166,2403
735541487068,2396
735541586970,2401
735541686872,2398
735541786774,2399
735541886676,2400
735541986578,2397
735542086480,2397
735542186382,2503
735542286284,2491
735542386186,2490
735542486088,2494
735542585990,2495
735542685894,2399
735542785796,2401
735542885698,2398
735542985600,2407
735543085502,2396
735543185404,2397
735543285306,2396
735543385208,2395
735543485110,2396
735543585012,2398
735543684914,2401
735543784816,2408
735543884718,2399
735543984621,2406
735544084523,2396
735544184425,2396
735544284327,2398
735544384229,2396
735544484131,2396
735544584033,2404
735544683935,2402
735544783837,2404
735544883739,2401
735544983641,2402
735545083543,2498
735545183445,2400
735545283347,2399
735545383249,2416
735545483151,2400
735545583053,2400
735545682955,2404
735545782857,2402
735545882759,2402
735545982661,2411
735546082563,2398
735546182465,2405
735546282367,2401
735546382269,2398
735546482171,2400
735546582073,2398
735546681975,2412
735546781877,2402
735546881779,2402
735546981681,2408
735547081583,2395
735547181485,2394
735547281387,2397
735547381289,2398
735547481191,2398
735547581093,2396
735547680995,2400
735547780897,2409
735547880799,2401
735547980701,2400
735548080603,2402
735548180505,2397
735548280407,2397
735548380309,2395
735548480211,2396
735548580113,2403
735548680015,2395
735548779917,2401
735548879819,2400
735548979721,2398
735549079623,2398
735549179525,2394
735549279427,2394
735549379331,2537
735549479235,2402
735549579137,2396
735549679039,2396
735549778941,2398
735549878843,2398
735549978745,2398
735550078647,2398
735550178549,2401
735550278451,2396
735550378353,2395
735550478255,2397
735550578157,2396
735550678059,2396
735550777961,2398
735550877863,2399
735550977765,2404
735551077667,2407
735551177569,2401
735551277471,2400
735551377373,2399
735551477275,2396
735551577177,2395
735551677079,2396
735551776981,2403
735551876883,2398
735551976785,2398
735552076687,2398
735552176589,2397
735552276491,2395
735552376393,2397
735552476295,2396
735552576197,2399
735552676099,2396
735552776004,2396
735552875906,2398
735552975808,2399
735553075710,2398
735553175612,2398
735553275514,2396
735553375416,2400
735553475318,2396
735553575220,2396
735553675122,2397
735553775024,2396
735553874926,2399
735553974828,2399
735554074730,2399
735554174632,2404
735554274534,2396
735554374436,2396
735554474338,2396
735554574240,2396
735554674143,2397
735554774045,2396
735554873964,2403
735554973866,2406
735555073768,2402
735555173670,2402
735555273572,2398
735555373475,2399
735555473377,2399
735555573279,2400
735555673181,2399
735555773083,2403
735555872985,2402
735555972887,2402
735556072789,2402
735556172691,2402
735556272593,2399
735556372495,2398
735556472397,2399
735556572299,2403
735556672202,2399
735556772104,2399
735556872006,2399
735556971908,2403
735557071810,2402
735557171712,2401
735557271614,2402
735557371516,2401
735557471418,2396
735557571320,2395
735557671222,2396
735557771124,2396
735557871026,2396
735557970928,2399
735558070830,2398
735558170732,2403
735558270634,2401
735558370536,2397
735558470438,2397
735558570340,2397
735558670242,2397
735558770144,2396
735558870046,2396
735558969948,2403
735559069850,2398
735559169752,2399
735559269654,2400
735559369558,2519
735559469462,2399
735559569364,2372
735559669266,2397
735559769168,2403
735559869070,2396
735559968972,2400
735560068874,2401
735560168776,2399
735560268678,2403
735560368580,2397
735560468482,2396
735560568384,2402
735560668287,2397
735560768189,2397
735560868091,2395
735560967993,2399
735561067895,2397
735561167797,2399
735561267699,2398
735561367601,2406
735561467503,2396
735561567405,2398
735561667307,2397
735561767209,2397
735561867111,2396
735561967013,2396
735562066915,2400
735562166817,2405
735562266719,2398
735562366621,2400
735562466523,2397
735562566425,2398
735562666327,2405
735562766229,2397
735562866131,2396
735562966033,2404
735563065935,2400
735563165837,2399
735563265739,2398
735563365641,2435
735563465543,2399
735563565445,2396
735563665347,2396
735563765249,2403
735563865151,2396
735563965053,2397
735564064955,2399
735564164857,2402
735564264759,2399
735564364661,2435
735564464563,2453
735564564465,2403
735564664367,2433
735564764269,2398
735564864171,2398
735564964073,2396
735565063975,2400
735565163877,2402
735565263779,2402
735565363681,2409
735565463583,2478
735565563485,2398
735565663387,2399
735565763289,2399
735565863191,2398
735565963093,2399
735566062995,2401
735566162897,2410
735566262799,2401
735566362701,2401
735566462603,2468
735566562505,2400
735566662408,2418
735566762310,2399
735566862212,2398
735566962114,2407
735567062016,2399
735567161918,2400
735567261820,2403
735567361722,2401
735567461624,2409
735567561526,2396
735567661428,2396
735567761330,2404
735567861232,2394
735567961134,2396
735568061036,2395
735568160938,2400
735568260840,2400
735568360742,2398
735568460644,2401
735568560546,2403
735568660449,2435
735568760351,2396
735568860253,2398
735568960155,2416
735569060057,2396
735569159959,2400
735569259861,2401
735569359765,2535
735569459669,2398
735569559571,2396
735569659474,2485
735569759376,2396
735569859278,2395
735569959180,2431
735570059082,2396
735570158984,2402
735570258886,2400
735570358788,2399
735570458690,2400
735570558592,2499
735570658494,2517
735570758396,2473
735570858298,2397
735570958200,2437
735571058102,2396
735571158004,2396
735571257906,2398
735571357808,2399
735571457710,2399
735571557612,2398
735571657514,2460
735571757416,2400
735571857318,2396
735571957220,2396
735572057122,2396
735572157024,2396
735572256926,2398
735572356828,2398
735572456730,2399
735572556632,2404
735572656534,2410
735572756436,2397
735572856338,2396
735572956240,2397
735573056142,2395
735573156044,2396
735573255946,2398
735573355848,2403
735573455750,2398
735573555652,2398
735573655554,2397
735573755456,2395
735573855358,2395
735573955260,2396
735574055162,2395
735574155064,2400
735574254966,2403
735574354868,2399
735574454770,2400
735574554672,2400
735574654574,2436
735574754476,2396
735574854378,2395
735574954280,2401
735575054182,2397
735575154084,2397
735575253986,2402
735575353888,2402
735575453790,2414
735575553692,2402
735575653594,2400
735575753496,2404
735575853398,2400
735575953300,2412
735576053202,2400
735576153104,2400
735576253006,2402
735576352908,2403
735576452810,2415
735576552712,2408
735576652614,2438
735576752516,2402
735576852418,2399
735576952320,2412
735577052222,2399
735577152124,2399
735577252026,2399
735577351928,2406
735577451830,2413
735577551749,2404
735577651651,2402
735577751553,2395
735577851455,2396
735577951357,2395
735578051259,2396
735578151161,2399
735578251063,2396
735578350965,2401
735578450867,2399
735578550769,2399
735578650671,2399
735578750574,2397
735578850476,2394
735578950378,2400
735579050280,2397
735579150182,2395
735579250084,2395
735579349988,2531
735579449892,2399
735579549794,2402
735579649696,2400
735579749598,2408
735579849500,2396
735579949402,2397
735580049304,2399
735580149206,2395
735580249108,2394
735580349010,2432
735580448912,2400
735580548814,2407
735580648716,2399
735580748618,2399
735580848520,2395
735580948422,2396
735581048324,2432
735581148226,2396
735581248128,2398
735581348030,2432
735581447932,2399
735581547834,2407
735581647736,2399
735581747638,2400
735581847540,2397
735581947442,2396
735582047344,2395
735582147246,2402
735582247148,2395
735582347050,2398
735582446952,2400
735582546854,2399
735582646756,2402
735582746658,2398
735582846560,2431
735582946462,2402
735583046364,2404
735583146266,2397
735583246168,2395
735583346070,2394
735583445972,2400
735583545874,2400
735583645776,2399
735583745678,2406
735583845580,2396
735583945482,2396
735584045384,2395
735584145286,2395
735584245188,2396
735584345090,2396
735584444992,2400
735584544894,2407
735584644796,2401
735584744698,2399
735584844600,2397
735584944502,2396
735585044404,2396
735585144306,2395
735585244208,2395
735585344110,2404
735585444012,2395
735585543914,2402
735585643816,2400
735585743718,2403
735585843620,2401
735585943522,2400
735586043424,2398
735586143326,2407
735586243228,2399
735586343130,2402
735586443032,2401
735586542934,2403
735586642836,2404
735586742738,2403
735586842640,2405
735586942542,2407
735587042444,2401
735587142346,2401
735587242248,2399
735587342150,2400
735587442052,2400
735587541954,2402
735587641856,2402
735587741758,2410
735587841660,2402
735587941562,2399
735588041464,2396
735588141366,2430
735588241268,2395
735588341170,2396
735588441072,2396
735588540974,2406
735588640876,2400
735588740778,2403
735588840680,2401
735588940582,2397
735589040484,2431
735589140386,2399
735589240288,2394
735589340192,2546
735589440096,2398
735589539998,2400
735589639900,2398
735589739802,2402
735589839704,2398
735589939606,2399
735590039508,2430
735590139410,2399
735590239312,2395
735590339214,2397
735590439116,2395
735590539018,2395
735590638920,2399
735590738822,2404
735590838724,2399
735590938626,2403
735591038528,2395
735591138430,2397
735591238332,2396
735591338234,2396
735591438136,2396
735591538038,2397
735591637940,2399
735591737842,2404
735591837744,2399
735591937646,2400
735592037548,2396
735592137450,2397
735592237352,2396
735592337254,2396
735592437156,2396
735592537058,2400
735592636960,2407
735592736862,2399
735592836764,2398
735592936666,2407
735593036568,2397
735593136470,2396
735593236372,2395
735593336274,2399
735593436176,2397
735593536078,2396
735593635980,2399
735593735882,2399
735593835784,2399
735593935686,2399
735594035588,2396
735594135490,2399
735594235392,2396
735594335294,2396
735594435196,2396
735594535098,2397
735594635004,2395
735594734906,2400
735594834808,2398
735594934710,2403
735595034612,2400
735595134514,2396
735595234416,2396
735595334318,2396
735595434220,2395
735595534122,2397
735595634024,2397
735595733926,2405
735595833828,2401
735595933730,2402
735596033632,2403
735596133534,2398
735596233436,2399
735596333338,2399
735596433240,2400
735596533142,2402
735596633044,2399
735596732946,2408
735596832848,2402
735596932750,2402
735597032652,2403
735597132554,2398
735597232456,2398
735597332358,2403
735597432260,2398
735597532162,2399
735597632064,2400
735597731966,2402
735597831868,2402
735597931770,2402
735598031672,2402
735598131574,2400
735598231476,2396
735598331378,2396
735598431280,2395
735598531182,2396
735598631084,2396
735598730986,2400
735598830888,2399
735598930790,2403
735599030692,2398
735599130594,2397
735599230496,2397
735599330400,2525
735599430304,2396
735599530206,2431
735599630108,2395
735599730010,2405
735599829912,2399
735599929814,2401
735600029716,2402
735600129618,2404
735600229520,2397
735600329438,2398
735600429340,2396
735600529242,2403
735600629144,2397
735600729046,2397
735600828948,2400
735600928850,2399
735601028752,2401
735601128654,2399
735601228556,2393
735601328458,2407
735601428360,2397
735601528262,2397
735601628164,2397
735601728066,2395
735601827968,2402
735601927870,2401
735602027772,2398
735602127674,2408
735602227576,2500
735602327478,2499
735602427380,2492
735602527282,2491
735602627184,2491
735602727086,2397
735602826988,2398
735602926890,2406
735603026792,2398
735603126694,2399
735603226596,2395
735603326498,2400
735603426400,2361
735603526302,2397
735603626204,2395
735603726106,2403
735603826008,2396
735603925910,2398
735604025813,2402
735604125715,2399
735604225617,2401
735604325519,2396
735604425421,2397
735604525323,2403
735604625225,2395
735604725127,2397
735604825029,2396
735604924931,2400
735605024833,2400
735605124735,2398
735605224637,2401
735605324539,2403
735605424441,2395
735605524343,2396
735605624245,2398
735605724147,2397
735605824049,2395
735605923951,2400
735606023853,2403
735606123755,2408
735606223657,2401
735606323559,2399
735606423461,2400
735606523363,2400
735606623265,2399
735606723168,2400
735606823070,2400
735606922972,2409
735607022874,2403
735607122776,2403
735607222678,2400
735607322580,2401
735607422482,2399
735607522384,2401
735607622286,2399
735607722188,2407
735607822090,2401
735607921992,2404
735608021894,2403
735608121796,2403
735608221698,2400
735608321600,2396
735608421502,2394
735608521404,2403
735608621306,2396
735608721208,2395
735608821110,2396
735608921012,2394
735609020914,2398
735609120816,2401
735609220718,2400
735609320621,2405
735609420523,2397
735609520427,2534
735609620331,2398
735609720233,2395
735609820135,2395
735609920037,2400
735610019939,2399
735610119841,2403
735610219743,2399
735610319645,2398
735610419547,2396
735610519449,2395
735610619351,2395
735610719254,2396
735610819156,2396
735610919058,2400
735611018960,2401
735611118862,2398
735611218764,2399
735611318666,2398
735611418568,2397
735611518470,2397
735611618372,2397
735611718274,2401
735611818176,2396
735611918078,2395
735612017980,2400
735612117882,2398
735612217784,2399
735612317686,2399
735612417588,2397
735612517490,2401
735612617392,2397
735612717295,2396
735612817197,2396
735612917099,2395
735613017004,2395
735613116906,2399
735613216808,2399
735613316710,2402
735613416612,2437
735613516514,2395
735613616416,2396
735613716318,2396
735613816220,2396
735613916122,2396
735614016024,2396
735614115927,2403
735614215829,2398
735614315731,2399
735614415633,2400
735614515535,2396
735614615437,2395
735614715340,2397
735614815242,2396
735614915144,2400
735615015046,2397
735615114948,2399
735615214850,2399
735615314752,2398
735615414654,2398
735615514556,2396
735615614458,2396
735615714360,2401
735615814262,2396
735615914164,2396
735616014066,2396
735616113968,2403
735616213870,2401
735616313772,2401
735616413674,2402
735616513576,2405
735616613478,2399
735616713381,2400
735616813283,2399
735616913185,2400
735617013087,2400
735617112989,2402
735617212891,2403
735617312793,2406
735617412695,2404
735617512597,2400
735617612499,2399
735617712401,2401
735617812303,2399
735617912205,2400
735618012107,2399
735618112009,2404
735618211911,2403
735618311813,2402
735618411715,2402
735618511617,2404
735618611519,2395
735618711421,2396
735618811323,2396
735618911225,2400
735619011127,2398
735619111029,2396
735619210931,2399
735619310833,2398
735619410737,2512
735619510641,2400
735619610543,2395
735619710445,2403
735619810347,2397
735619910249,2395
735620010151,2399
735620110053,2397
735620209955,2399
735620309857,2360
735620409759,2399
735620509661,2406
735620609563,2398
735620709465,2396
735620809367,2396
735620909269,2396
735621009171,2395
735621109073,2396
735621208975,2399
735621308877,2406
735621408779,2398
735621508681,2398
735621608583,2395
735621708485,2394
735621808387,2395
735621908289,2395
735622008191,2484
735622108093,2402
735622207995,2399
735622307897,2399
735622407799,2401
735622507701,2401
735622607603,2396
735622707505,2397
735622807407,2395
735622907309,2403
735623007227,2397
735623107129,2396
735623207031,2398
735623306933,2401
735623406835,2399
735623506737,2400
735623606639,2398
735623706541,2404
735623806443,2395
735623906345,2397
735624006247,2394
735624106149,2398
735624206051,2397
735624305953,2400
735624405855,2402
735624505757,2408
735624605659,2399
735624705561,2397
735624805463,2396
735624905365,2397
735625005267,2398
735625105169,2397
735625205071,2396
735625304973,2406
735625404875,2398
735625504777,2398
735625604679,2398
735625704581,2397
735625804483,2397
735625904385,2397
735626004287,2396
735626104189,2404
735626204091,2394
735626303993,2402
735626403895,2404
735626503797,2403
735626603699,2401
735626703601,2426
735626803503,2400
735626903405,2406
735627003307,2399
735627103209,2398
735627203111,2415
735627303013,2398
735627402915,2401
735627502817,2404
735627602719,2405
735627702621,2424
735627802523,2399
735627902425,2399
735628002327,2435
735628102229,2399
735628202131,2412
735628302033,2398
735628401935,2403
735628501837,2410
735628601739,2401
735628701641,2428
735628801543,2396
735628901445,2395
735629001347,2397
735629101249,2397
735629201151,2393
735629301053,2402
735629400957,2529
735629500861,2398
735629600763,2400
735629700665,2399
735629800567,2397
735629900469,2396
735630000371,2395
735630100273,2399
735630200175,2396
735630300077,2396
735630399979,2398
735630499881,2399
735630599783,2399
735630699685,2435
735630799587,2396
735630899489,2399
735630999391,2396
735631099293,2395
735631199195,2396
735631299097,2398
735631398999,2398
735631498901,2401
735631598803,2398
735631698705,2403
735631798607,2398
735631898509,2396
735631998411,2395
735632098313,2397
735632198215,2395
735632298117,2397
735632398019,2396
735632497921,2400
735632597823,2400
735632697725,2436
735632797627,2399
735632897529,2396
735632997431,2395
735633097333,2397
735633197235,2396
735633297137,2401
735633397039,2396
735633496941,2399
735633596843,2399
735633696745,2399
735633796647,2399
735633896549,2432
735633996451,2396
735634096353,2401
735634196255,2394
735634296157,2396
735634396059,2397
735634495961,2399
735634595863,2399
735634695765,2399
735634795667,2400
735634895569,2400
735634995471,2396
735635095373,2396
735635195275,2395
735635295177,2396
735635395079,2396
735635494981,2400
735635594883,2399
735635694785,2404
735635794687,2398
735635894589,2397
735635994491,2397
735636094393,2395
735636194295,2396
735636294197,2400
735636394099,2396
735636494006,2400
735636593908,2401
735636693810,2438
735636793712,2402
735636893614,2437
735636993516,2399
735637093418,2398
735637193320,2400
735637293222,2407
735637393124,2400
735637493026,2400
735637592928,2401
735637692830,2401
735637792732,2403
735637892634,2437
735637992536,2401
735638092438,2402
735638192340,2399
735638292242,2399
735638392144,2400
735638492046,2399
735638591948,2403
735638691851,2439
735638791753,2402
735638891655,2442
735638991557,2396
735639091459,2396
735639191361,2395
735639291263,2395
735639391167,2507
735639491071,2396
735639590973,2398
735639690875,2405
735639790777,2399
735639890679,2398
735639990581,2398
735640090483,2396
735640190385,2396
735640290287,2395
735640390189,2396
735640490091,2404
735640589993,2399
735640689895,2432
735640789797,2400
735640889701,2399
735640989603,2396
735641089505,2396
735641189407,2432
735641289309,2403
735641389211,2396
735641489113,2397
735641589015,2396
735641688917,2400
735641788819,2400
735641888721,2399
735641988623,2398
735642088525,2402
735642188427,2396
735642288329,2394
735642388231,2395
735642488133,2396
735642588035,2395
735642687937,2436
735642787839,2400
735642887741,2406
735642987643,2398
735643087545,2394
735643187447,2397
735643287349,2396
735643387251,2396
735643487153,2393
735643587055,2395
735643686957,2405
735643786859,2402
735643886761,2398
735643986663,2400
735644086565,2397
735644186467,2396
735644286369,2395
735644386271,2395
735644486173,2405
735644586075,2395
735644685977,2399
735644785879,2399
735644885781,2398
735644985683,2398
735645085585,2490
735645185487,2396
735645285389,2404
735645385291,2398
735645485193,2433
735645585095,2394
735645684997,2402
735645784916,2400
735645884818,2399
735645984720,2398
735646084622,2407
735646184524,2395
735646284426,2395
735646384328,2396
735646484230,2430
735646584132,2397
735646684034,2397
735646783936,2401
735646883838,2408
735646983740,2400
735647083642,2401
735647183544,2398
735647283446,2399
735647383348,2400
735647483250,2436
735647583152,2400
735647683054,2405
735647782956,2404
735647882858,2401
735647982760,2402
735648082662,2402
735648182564,2400
735648282466,2399
735648382368,2402
735648482270,2407
735648582172,2400
735648682074,2400
735648781976,2404
735648881878,2403
735648981780,2404
735649081682,2404
735649181584,2395
735649281486,2403
735649381389,2517
735649481293,2397
735649581195,2396
735649681097,2395
735649780999,2399
735649880901,2398
735649980804,2399
735650080706,2405
735650180608,2399
735650280510,2395
735650380412,2397
735650480314,2396
735650580216,2396
735650680118,2396
735650780021,2397
735650879923,2402
735650979825,2399
735651079727,2399
735651179629,2398
735651279531,2396
735651379433,2396
735651479335,2396
735651579237,2395
735651679139,2401
735651779041,2395
735651878943,2399
735651978845,2400
735652078747,2398
735652178649,2399
735652278551,2396
735652378453,2397
735652478355,2400
735652578257,2397
735652678159,2396
735652778061,2396
735652877963,2398
735652977865,2400
735653077767,2398
735653177669,2399
735653277571,2400
735653377473,2402
735653477375,2401
735653577277,2401
735653677179,2401
735653777081,2396
735653876983,2400
735653976885,2399
735654076787,2403
735654176689,2399
735654276591,2396
735654376493,2396
735654476395,2396
735654576297,2396
735654676200,2404
735654776102,2395
735654876004,2400
735654975906,2398
735655075808,2398
735655175710,2405
735655275612,2398
735655375514,2395
735655475416,2396
735655575318,2396
735655675220,2401
735655775122,2395
735655875024,2396
735655974926,2399
735656074828,2400
735656174730,2400
735656274632,2399
735656374534,2396
735656474436,2401
735656574338,2397
735656674240,2398
735656774142,2396
735656874044,2396
735656973946,2402
735657073848,2402
735657173750,2402
735657273652,2406
735657373554,2399
735657473456,2400
735657573358,2399
735657673260,2399
735657773162,2399
735657873064,2399
735657972966,2403
735658072868,2407
735658172770,2402
735658272672,2402
735658372574,2399
735658472476,2400
735658572378,2399
735658672281,2401
735658772183,2400
735658872085,2404
735658971987,2403
735659071889,2401
735659171791,2403
735659271693,2402
735659371596,2394
735659471498,2395
735659571400,2394
735659671302,2399
735659771205,2395
735659871107,2394
735659971009,2395
735660070911,2396
735660170813,2398
735660270715,2396
735660370617,2397
735660470519,2399
735660570421,2394
735660670323,2394
735660770225,2395
735660870127,2394
735660970029,2395
735661069931,2396
735661169833,2396
735661269735,2400
735661369637,2397
735661469539,2394
735661569441,2394
735661669343,2393
735661769245,2395
735661869147,2395
735661969049,2394
735662068951,2401
735662168853,2498
735662268755,2492
735662368657,2495
735662468559,2493
735662568461,2490
735662668365,2449
735662768269,2397
735662868171,2404
735662968073,2395
735663067975,2398
735663167877,2399
735663267779,2398
735663367681,2400
735663467583,2396
735663567485,2397
735663667387,2403
735663767289,2394
735663867191,2396
735663967093,2396
735664066996,2400
735664166898,2399
735664266800,2399
735664366702,2400
735664466604,2407
735664566506,2395
735664666408,2403
735664766310,2397
735664866212,2398
735664966114,2396
735665066016,2395
735665165918,2398
735665265820,2407
735665365722,2400
735665465624,2400
735665565526,2394
735665665428,2396
735665765330,2396
735665865232,2395
735665965134,2395
735666065036,2403
735666164938,2398
735666264840,2399
735666364742,2400
735666464645,2453
735666564547,2395
735666664449,2433
735666764351,2398
735666864253,2404
735666964155,2395
735667064057,2399
735667163959,2401
735667263861,2405
735667363763,2402
735667463665,2481
735667563567,2399
735667663469,2406
735667763371,2398
735667863273,2398
735667963175,2400
735668063077,2402
735668162979,2404
735668262881,2402
735668362783,2403
735668462703,2488
735668562605,2404
735668662508,2413
735668762410,2400
735668862312,2398
735668962214,2400
735669062116,2398
735669162018,2400
735669261920,2408
735669361822,2401
735669461724,2406
735669561626,2402
735669661528,2394
735669761430,2395
735669861332,2395
735669961235,2534
735670061139,2399
735670161041,2396
735670260943,2399
735670360845,2399
735670460747,2403
735670560649,2401
735670660551,2432
735670760453,2397
735670860355,2400
735670960257,2412
735671060159,2396
735671160061,2396
735671259963,2400
735671359865,2399
735671459767,2400
735671559669,2399
735671659571,2456
735671759473,2395
735671859375,2396
735671959277,2430
735672059179,2395
735672159081,2396
735672258983,2399
735672358885,2399
735672458787,2404
735672558689,2399
735672658591,2517
735672758493,2396
735672858395,2429
735672958297,2432
735673058199,2395
735673158101,2396
735673258004,2400
735673357906,2399
735673457808,2399
735673557710,2399
735673657612,2466
735673757514,2396
735673857416,2395
735673957318,2396
735674057220,2401
735674157122,2396
735674257024,2395
735674356926,2399
735674456828,2399
735674556730,2399
735674656632,2411
735674756535,2396
735674856437,2400
735674956339,2395
735675056241,2395
735675156143,2396
735675256045,2396
735675355947,2444
735675455849,2399
735675555751,2398
735675655653,2403
735675755555,2395
735675855457,2395
735675955359,2395
735676055261,2395
735676155163,2395
735676255065,2397
735676354967,2400
735676454869,2404
735676554771,2400
735676654673,2435
735676754575,2395
735676854477,2395
735676954379,2396
735677054281,2396
735677154183,2395
735677254085,2400
735677353987,2402
735677453889,2414
735677553791,2401
735677653693,2402
735677753595,2399
735677853497,2399
735677953399,2411
735678053301,2403
735678153203,2399
735678253105,2400
735678353007,2400
735678452909,2415
735678552811,2402
735678652713,2440
735678752616,2402
735678852518,2404
735678952420,2412
735679052322,2423
735679152224,2398
735679252126,2400
735679352029,2397
735679451931,2414
735679551833,2400
735679651736,2544
735679751640,2404
735679851542,2397
735679951444,2396
735680051346,2395
735680151248,2394
735680251150,2396
735680351052,2396
735680450955,2413
735680550859,2403
735680650761,2402
735680750663,2407
735680850565,2395
735680950467,2395
735681050369,2396
735681150271,2397
735681250173,2402
735681350075,2397
735681449977,2399
735681549879,2401
735681649781,2400
735681749683,2402
735681849585,2396
735681949487,2396
735682049389,2439
735682149291,2372
735682249193,2396
735682349095,2396
735682448997,2399
735682548899,2401
735682648801,2398
735682748703,2399
735682848605,2405
735682948507,2432
735683048409,2430
735683148311,2396
735683248213,2395
735683348115,2395
735683448017,2397
735683547919,2400
735683647821,2401
735683747723,2398
735683847625,2399
735683947527,2396
735684047429,2413
735684147331,2412
735684247233,2395
735684347135,2398
735684447037,2404
735684546939,2399
735684646841,2398
735684746743,2400
735684846645,2398
735684946547,2395
735685046449,2395
735685146351,2396
735685246253,2404
735685346155,2397
735685446057,2394
735685545959,2400
735685645861,2400
735685745763,2399
735685845665,2401
735685945567,2397
735686045469,2404
735686145371,2399
735686245273,2397
735686345175,2397
735686445077,2395
735686544979,2400
735686644881,2400
735686744783,2400
735686844685,2406
735686944587,2399
735687044489,2398
735687144391,2394
735687244293,2396
735687344195,2397
735687444097,2397
735687543999,2403
735687643901,2409
735687743803,2401
735687843705,2405
735687943607,2403
735688043509,2399
735688143411,2399
735688243313,2400
735688343215,2399
735688443117,2407
735688543019,2399
735688642921,2403
735688742823,2405
735688842725,2402
735688942627,2403
735689042529,2400
735689142431,2401
735689242333,2405
735689342237,2525
735689442141,2399
735689542043,2399
735689641945,2402
735689741847,2404
735689841749,2401
735689941651,2403
735690041553,2400
735690141455,2396
735690241357,2395
735690341259,2396
735690441161,2397
735690541063,2396
735690640965,2399
735690740868,2404
735690840770,2402
735690940672,2400
735691040574,2397
735691140476,2395
735691240393,2398
735691340295,2396
735691440197,2396
735691540099,2395
735691640004,2399
735691739906,2403
735691839808,2399
735691939710,2397
735692039613,2399
735692139515,2396
735692239417,2395
735692339319,2396
735692439221,2400
735692539123,2395
735692639025,2395
735692738927,2403
735692838829,2397
735692938731,2399
735693038633,2399
735693138535,2396
735693238437,2400
735693338339,2396
735693438241,2396
735693538143,2396
735693638045,2396
735693737947,2399
735693837849,2399
735693937751,2399
735694037653,2404
735694137555,2395
735694237457,2395
735694337359,2396
735694437261,2396
735694537163,2396
735694637065,2397
735694736967,2400
735694836869,2402
735694936771,2398
735695036673,2400
735695136575,2396
735695236477,2396
735695336379,2396
735695436281,2395
735695536183,2396
735695636085,2400
735695735987,2399
735695835889,2400
735695935791,2398
735696035693,2399
735696135595,2434
735696235497,2396
735696335399,2396
735696435301,2399
735696535203,2396
735696635105,2395
735696735007,2395
735696834909,2400
735696934811,2488
735697034713,2398
735697134615,2399
735697234517,2400
735697334419,2396
735697434321,2395
735697534223,2396
735697634125,2395
735697734027,2396
735697833929,2401
735697933831,2401
735698033733,2406
735698133635,2402
735698233537,2399
735698333439,2399
735698433341,2400
735698533243,2399
735698633145,2400
735698733047,2400
735698832949,2406
735698932851,2463
735699032753,2403
735699132655,2402
735699232557,2398
735699332460,2398
735699432364,2512
735699532268,2400
735699632170,2406
735699732072,2400
735699831974,2402
735699931876,2402
735700031778,2400
735700131680,2404
735700231582,2396
735700331484,2399
735700431386,2403
735700531288,2396
735700631190,2397
735700731092,2397
735700830994,2401
735700930896,2399
735701030798,2401
735701130700,2401
735701230602,2405
735701330504,2397
735701430406,2395
735701530308,2396
735701630210,2396
735701730112,2397
735701830014,2395
735701929916,2398
735702029818,2405
735702129720,2399
735702229622,2398
735702329524,2395
735702429426,2396
735702529328,2398
735702629230,2394
735702729132,2396
735702829034,2403
735702928936,2397
735703028838,2398
735703128740,2400
735703228642,2401
735703328544,2398
735703428446,2395
735703528348,2397
735703628250,2401
735703728152,2398
735703828054,2394
735703927956,2401
735704027858,2399
735704127760,2401
735704227662,2408
735704327564,2400
735704427466,2402
735704527368,2399
735704627270,2435
735704727172,2397
735704827074,2399
735704926976,2399
735705026878,2400
735705126780,2399
735705226682,2406
735705326584,2395
735705426486,2395
735705526388,2395
735705626290,2395
735705726192,2397
735705826094,2396
735705925996,2401
735706025898,2404
735706125800,2398
735706225702,2398
735706325604,2400
735706425506,2395
735706525408,2396
735706625310,2415
735706725212,2397
735706825114,2402
735706925016,2396
735707024918,2400
735707124820,2398
735707224722,2399
735707324624,2400
735707424526,2397
735707524428,2396
735707624330,2438
735707724232,2396
735707824134,2396
735707924036,2398
735708023938,2404
735708123840,2401
735708223742,2403
735708323644,2439
735708423546,2406
735708523448,2398
735708623350,2435
735708723253,2401
735708823155,2399
735708923057,2399
735709022959,2404
735709122861,2400
735709222763,2409
735709322666,2513
735709422570,2398
735709522472,2399
735709622374,2398
735709722276,2398
735709822178,2398
735709922080,2398
735710021982,2407
735710121884,2402
735710221786,2402
735710321688,2402
735710421590,2396
735710521492,2396
735710621394,2395
735710721296,2396
735710821198,2399
735710921100,2397
735711021004,2396
735711120906,2401
735711220808,2400
735711320710,2399
735711420612,2399
735711520514,2397
735711620416,2399
735711720318,2397
735711820220,2395
735711920122,2396
735712020024,2396
735712119926,2398
735712219828,2398
735712319730,2398
735712419632,2402
735712519534,2395
735712619436,2394
735712719338,2397
735712819240,2397
735712919142,2395
735713019044,2396
735713118946,2399
735713218848,2402
735713318750,2398
735713418652,2471
735713518554,2396
735713618456,2396
735713718358,2397
735713818260,2396
735713918162,2396
735714018079,2401
735714117981,2398
735714217883,2400
735714317786,2399
735714417688,2400
735714517591,2396
735714617493,2396
735714717395,2397
735714817297,2401
735714917199,2396
735715017101,2395
735715117004,2397
735715216906,2399
735715316808,2398
735715416710,2399
735715516612,2399
735715616514,2400
735715716416,2396
735715816318,2396
735715916220,2396
735716016122,2397
735716116024,2396
735716215926,2397
735716315828,2400
735716415730,2403
735716515632,2400
735716615534,2395
735716715436,2397
735716815338,2396
735716915240,2396
735717015142,2395
735717115044,2396
735717214946,2402
735717314848,2399
735717414750,2400
735717514652,2400
735717614554,2396
735717714456,2396
735717814358,2396
735717914260,2396
735718014162,2401
735718114064,2396
735718213966,2407
735718313868,2402
735718413770,2401
735718513672,2402
735718613574,2399
735718713477,2400
735718813379,2404
735718913281,2399
735719013183,2435
735719113085,2400
735719212987,2402
735719312889,2403
735719412793,2469
735719512695,2403
735719612597,2410
735719712499,2400
735719812401,2400
735719912303,2399
735720012205,2400
735720112107,2399
735720212009,2398
735720311911,2402
735720411813,2410
735720511715,2403
735720611617,2402
735720711519,2397
735720811421,2395
735720911323,2394
735721011225,2395
735721111127,2398
735721211029,2403
735721310931,2399
735721410833,2400
735721510735,2399
735721610637,2401
735721710539,2395
735721810441,2395
735721910343,2396
735722010245,2403
735722110147,2395
735722210049,2493
735722309951,2496
735722409853,2496
735722509755,2495
735722609657,2494
735722709559,2400
735722809461,2403
735722909363,2396
735723009265,2398
735723109167,2396
735723209069,2395
735723308971,2396
735723408873,2397
735723508775,2400
735723608677,2404
735723708579,2395
735723808481,2395
735723908383,2397
735724008286,2395
735724108188,2396
735724208090,2398
735724307992,2398
735724407894,2405
735724507796,2400
735724607698,2397
735724707601,2395
735724807503,2394
735724907405,2395
735725007307,2395
735725107209,2396
735725207111,2401
735725307013,2396
735725406915,2400
735725506817,2401
735725606719,2400
735725706621,2399
735725806523,2395
735725906425,2396
735726006327,2402
735726106229,2395
735726206131,2395
735726306033,2395
735726405935,2399
735726505837,2401
735726605739,2398
735726705641,2399
735726805543,2404
735726905445,2396
735727005347,2398
735727105249,2397
735727205151,2396
735727305053,2394
735727404955,2398
735727504857,2399
735727604759,2408
735727704661,2400
735727804563,2396
735727904465,2394
735728004367,2394
735728104269,2397
735728204171,2394
735728304073,2397
735728403975,2408
735728503877,2403
735728603779,2403
735728703681,2424
735728803583,2400
735728903486,2398
735729003388,2400
735729103290,2398
735729203192,2419
735729303094,2399
735729402997,2509
735729502901,2403
735729602803,2402
735729702705,2416
735729802607,2402
735729902509,2399
735730002411,2404
735730102313,2400
735730202215,2412
735730302117,2400
735730402019,2399
735730501921,2404
735730601823,2402
735730701726,2423
735730801628,2406
735730901530,2395
735731001432,2395
735731101334,2396
735731201236,2396
735731301138,2397
735731401040,2396
735731500942,2399
735731600844,2404
735731700746,2401
735731800648,2399
735731900550,2395
735732000452,2397
735732100354,2395
735732200256,2396
735732300158,2395
735732400060,2400
735732499962,2407
735732599864,2399
735732699767,2435
735732799669,2403
735732899571,2395
735732999473,2401
735733099375,2396
735733199277,2400
735733299179,2396
735733399081,2396
735733498983,2399
735733598885,2399
735733698787,2400
735733798689,2399
735733898591,2396
735733998493,2399
735734098395,2397
735734198297,2395
735734298199,2395
735734398101,2395
735734498005,2396
735734597907,2397
735734697810,2435
735734797712,2399
735734897614,2399
735734997516,2396
735735097418,2396
735735197320,2395
735735297222,2396
735735397124,2396
735735497026,2397
735735596928,2474
735735696830,2399
735735796732,2398
735735896634,2399
735735996536,2395
735736096438,2396
735736196340,2395
735736296242,2396
735736396144,2400
735736496046,2395
735736595948,2399
735736695867,2418
735736795769,2398
735736895671,2401
735736995573,2395
735737095475,2395
735737195377,2401
735737295279,2396
735737395181,2395
735737495083,2399
735737594985,2399
735737694887,2400
735737794789,2401
735737894691,2398
735737994593,2401
735738094495,2396
735738194397,2396
735738294299,2401
735738394201,2395
735738494103,2397
735738594006,2396
735738693908,2438
735738793810,2406
735738893712,2401
735738993614,2403
735739093516,2398
735739193418,2399
735739293320,2403
735739393224,2521
735739493128,2402
735739593030,2405
735739692932,2402
735739792834,2402
735739892736,2401
735739992638,2403
735740092540,2399
735740192442,2399
735740292344,2400
735740392246,2407
735740492148,2401
735740592050,2399
735740691952,2438
735740791854,2403
735740891756,2402
735740991658,2404
735741091560,2396
735741191462,2403
735741291364,2397
735741391266,2397
735741491168,2396
735741591070,2397
735741690973,2400
735741790875,2399
735741890777,2398
735741990679,2408
735742090581,2395
735742190483,2397
735742290385,2395
735742390287,2396
735742490189,2395
735742590091,2396
735742689993,2419
735742789895,2407
735742889797,2399
735742989699,2401
735743089601,2395
735743189503,2396
735743289405,2396
735743389307,2395
735743489209,2395
735743589111,2402
735743689013,2396
735743788915,2399
735743888817,2398
735743988719,2400
735744088621,2399
735744188523,2395
735744288425,2395
735744388327,2403
735744488229,2396
735744588131,2398
735744688033,2432
735744787935,2399
735744887837,2399
735744987739,2399
735745087641,2487
735745187543,2403
735745287445,2398
735745387347,2396
735745487249,2396
735745587151,2395
735745687053,2397
735745786955,2399
735745886857,2399
735745986759,2406
735746086661,2398
735746186563,2396
735746286465,2397
735746386367,2397
735746486269,2395
735746586171,2397
735746686073,2398
735746785975,2405
735746885877,2399
735746985779,2402
735747085681,2401
735747185583,2395
735747285485,2397
735747385387,2396
735747485289,2398
735747585191,2403
735747685093,2396
735747784995,2399
735747884897,2398
735747984799,2401
735748084701,2398
735748184603,2396
735748284505,2397
735748384407,2402
735748484309,2399
735748584211,2395
735748684113,2397
735748784015,2394
735748883917,2401
735748983819,2402
735749083721,2402
735749183623,2409
735749283525,2401
735749383429,2507
735749483333,2434
735749583235,2398
735749683137,2399
735749783039,2399
735749882941,2403
735749982843,2408
735750082745,2404
735750182647,2402
735750282549,2399
735750382451,2400
735750482353,2400
735750582255,2399
735750682158,2401
735750782060,2403
735750881962,2402
735750981864,2402
735751081766,2407
735751181668,2402
735751281570,2396
735751381472,2394
735751481374,2396
735751581276,2399
735751681178,2396
735751781080,2395
735751880982,2397
735751980884,2399
735752080786,2400
735752180688,2399
735752280590,2396
735752380492,2399
735752480394,2396
735752580296,2396
735752680198,2396
735752780100,2396
735752880004,2396
735752979906,2397
735753079808,2398
735753179710,2402
735753279612,2399
735753379514,2396
735753479416,2396
735753579318,2396
735753679220,2395
735753779122,2395
735753879024,2395
735753978926,2403
735754078828,2398
735754178730,2398
735754278632,2398
735754378534,2396
735754478436,2396
735754578338,2397
735754678240,2397
735754778142,2401
735754878044,2395
735754977946,2401
735755077848,2399
735755177750,2399
735755277652,2398
735755377554,2397
735755477456,2396
735755577358,2400
735755677260,2402
735755777162,2401
735755877064,2400
735755976966,2404
735756076868,2399
735756176770,2401
735756276672,2399
735756376574,2399
735756476476,2396
735756576378,2396
735756676280,2396
735756776182,2486
735756876084,2395
735756975986,2398
735757075888,2398
735757175790,2403
735757275692,2400
735757375594,2395
735757475496,2395
735757575398,2396
735757675300,2396
735757775202,2396
735757875104,2396
735757975006,2400
735758074908,2400
735758174810,2400
735758274712,2398
735758374614,2400
735758474516,2396
735758574418,2395
735758674321,2397
735758774223,2401
735758874125,2397
735758974027,2395
735759073929,2401
735759173831,2401
735759273733,2401
735759373637,2539
735759473557,2403
735759573459,2407
735759673361,2400
735759773263,2402
735759873165,2400
735759973067,2399
735760072969,2403
735760172871,2403
735760272773,2403
735760372675,2409
735760472577,2398
735760572479,2401
735760672381,2402
735760772283,2401
735760872185,2399
735760972087,2399
735761071989,2401
735761171891,2409
735761271793,2402
735761371695,2403
735761471597,2396
735761571499,2395
735761671401,2397
735761771303,2397
735761871205,2395
735761971107,2402
735762071009,2398
735762170911,2401
735762270813,2397
735762370715,2398
735762470617,2399
735762570519,2395
735762670421,2395
735762770323,2403
735762870225,2395
735762970127,2396
735763070029,2399
735763169931,2398
735763269833,2434
735763369735,2400
735763469637,2399
735763569539,2404
735763669441,2394
735763769343,2395
735763869245,2396
735763969147,2396
735764069049,2396
735764168951,2399
735764268853,2399
735764368755,2407
735764468657,2401
735764568559,2395
735764668462,2396
735764768364,2395
735764868266,2397
735764968168,2397
735765068070,2397
735765167972,2407
735765267874,2434
735765367776,2397
735765467678,2401
735765567580,2395
735765667482,2396
735765767384,2396
735765867286,2394
735765967188,2403
735766067090,2398
735766166992,2403
735766266894,2434
735766366796,2490
735766466698,2400
735766566600,2397
735766666502,2404
735766766404,2402
735766866306,2398
735766966208,2396
735767066110,2397
735767166012,2398
735767265914,2420
735767365816,2399
735767465718,2401
735767565620,2407
735767665522,2397
735767765424,2397
735767865326,2397
735767965228,2396
735768065130,2396
735768165032,2397
735768264934,2399
735768364836,2501
735768464738,2434
735768564640,2399
735768664542,2433
735768764444,2396
735768864346,2397
735768964248,2396
735769064150,2397
735769164052,2463
735769263954,2401
735769363857,2403
735769463761,2584
735769563665,2404
735769663567,2399
735769763469,2400
735769863371,2397
735769963273,2403
735770063175,2399
735770163077,2398
735770262979,2402
735770362881,2404
735770462783,2477
735770562685,2402
735770662587,2399
735770762489,2405
735770862391,2397
735770962293,2399
735771062195,2399
735771162097,2399
735771261999,2402
735771361901,2402
735771461803,2408
735771561705,2407
735771661607,2403
735771761509,2397
735771861411,2395
735771961313,2397
735772061215,2396
735772161117,2396
735772261019,2397
735772360921,2403
735772460823,2398
735772560725,2400
735772660627,2435
735772760529,2394
735772860431,2396
735772960335,2395
735773060237,2397
735773160139,2400
735773260041,2395
735773359943,2398
735773459845,2399
735773559747,2399
735773659649,2449
735773759551,2396
735773859453,2396
735773959355,2435
735774059257,2395
735774159159,2395
735774259061,2395
735774358963,2404
735774458865,2399
735774558767,2399
735774658669,2517
735774758571,2400
735774858473,2396
735774958375,2432
735775058277,2397
735775158179,2396
735775258081,2396
735775357983,2399
735775457885,2399
735775557787,2403
735775657689,2481
735775757591,2395
735775857493,2396
735775957395,2395
735776057297,2397
735776157199,2396
735776257101,2396
735776357004,2399
735776456906,2399
735776556808,2399
735776656710,2411
735776756612,2399
735776856514,2396
735776956416,2396
735777056318,2396
735777156220,2399
735777256122,2397
735777356024,2396
735777455926,2399
735777555828,2399
735777655730,2398
735777755632,2400
735777855534,2396
735777955436,2399
735778055338,2395
735778155240,2394
735778255142,2396
735778355044,2396
735778454946,2398
735778554848,2399
735778654750,2435
735778754653,2403
735778854555,2396
735778954457,2396
735779054359,2397
735779154261,2396
735779254163,2395
735779354074,2395
735779453978,2550
735779553882,2409
735779653784,2402
735779753686,2402
735779853588,2398
735779953490,2411
735780053392,2398
735780153294,2401
735780253196,2401
735780353098,2406
735780453003,2411
735780552905,2403
735780652807,2439
735780752709,2405
735780852611,2402
735780952513,2411
735781052415,2402
735781152317,2406
735781252219,2399
735781352121,2399
735781452023,2413
735781551925,2401
735781651827,2401
735781751729,2401
735781851631,2402
735781951533,2403
735782051435,2398
735782151355,2494
735782251257,2491
735782351159,2491
735782451061,2399
735782550963,2405
735782650865,2414
735782750767,2407
735782850669,2404
735782950571,2396
735783050473,2397
735783150375,2394
735783250277,2396
735783350179,2394
735783450081,2397
735783549983,2406
735783649885,2400
735783749787,2399
735783849689,2400
735783949591,2397
735784049494,2395
735784149396,2395
735784249298,2398
735784349200,2403
735784449102,2397
735784549004,2397
735784648906,2401
735784748808,2401
735784848710,2398
735784948612,2398
735785048514,2396
735785148416,2404
735785248318,2431
735785348220,2396
735785448122,2395
735785548024,2398
735785647926,2399
735785747828,2398
735785847730,2400
735785947632,2396
735786047534,2396
735786147436,2395
735786247338,2396
735786347240,2398
735786447142,2395
735786547044,2395
735786646946,2399
735786746848,2406
735786846750,2398
735786946652,2401
735787046554,2397
735787146456,2395
735787246358,2432
735787346260,2397
735787446162,2397
735787546064,2404
735787645966,2398
735787745868,2400
735787845770,2398
735787945672,2401
735788045574,2395
735788145476,2395
735788245378,2432
735788345280,2403
735788445182,2396
735788545084,2395
735788644986,2399
735788744888,2399
735788844790,2399
735788944692,2398
735789044594,2395
735789144496,2402
735789244398,2413
735789344302,2512
735789444206,2395
735789544108,2395
735789644010,2396
735789743912,2402
735789843814,2402
735789943716,2405
735790043618,2402
735790143520,2399
735790243422,2399
735790343324,2400
735790443226,2400
735790543128,2400
735790643030,2401
735790742933,2407
735790842835,2402
735790942737,2402
735791042639,2403
735791142541,2399
735791242443,2399
735791342345,2399
735791442247,2401
735791542149,2405
735791642051,2399
735791741953,2402
735791841855,2402
735791941757,2402
735792041659,2412
735792141561,2431
735792241463,2396
735792341365,2400
735792441267,2396
735792541169,2395
735792641071,2397
735792740974,2404
735792840876,2398
735792940778,2398
735793040680,2397
735793140582,2399
735793240484,2396
735793340386,2395
735793440288,2397
735793540190,2395
735793640092,2394
735793739994,2402
735793839896,2398
735793939798,2402
735794039700,2399
735794139602,2395
735794239504,2395
735794339406,2396
735794439308,2395
735794539210,2395
735794639112,2395
735794739014,2404
735794838916,2400
735794938818,2398
735795038720,2399
735795138622,2399
735795238524,2395
735795338426,2396
735795438328,2395
735795538230,2399
735795638132,2396
735795738034,2396
735795837936,2399
735795937838,2399
735796037740,2399
735796137642,2399
735796237544,2395
735796337446,2401
735796437348,2395
735796537250,2396
735796637152,2396
735796737054,2397
735796836956,2399
735796936858,2399
735797036760,2398
735797136662,2403
735797236564,2395
735797336466,2396
735797436368,2395
735797536270,2396
735797636172,2396
735797736074,2397
735797835976,2398
735797935878,2403
735798035780,2398
735798135682,2398
735798235584,2434
735798335486,2396
735798435388,2396
735798535290,2396
735798635192,2396
735798735094,2400
735798834996,2398
735798934898,2398
735799034800,2490
735799134702,2399
735799234604,2434
735799334508,2515
735799434412,2397
735799534314,2404
735799634216,2395
735799734118,2397
735799834020,2397
735799933922,2402
735800033824,2402
735800133726,2401
735800233628,2404
735800333530,2406
735800433432,2400
735800533334,2399
735800633236,2399
735800733138,2400
735800833040,2400
735800932942,2402
735801032844,2403
735801132746,2409
735801232648,2402
735801332550,2401
735801432452,2398
735801532354,2400
735801632256,2398
735801732158,2400
735801832060,2401
735801931962,2410
735802031864,2425
735802131766,2401
735802231668,2403
735802331570,2394
735802431472,2395
735802531374,2397
735802631276,2394
735802731178,2403
735802831080,2397
735802930982,2399
735803030884,2401
735803130786,2364
735803230688,2402
735803330590,2397
735803430492,2396
735803530394,2403
735803630296,2395
735803730198,2396
735803830100,2397
735803930004,2395
735804029906,2397
735804129808,2405
735804229710,2399
735804329612,2406
735804429514,2396
735804529416,2396
735804629318,2397
735804729220,2397
735804829122,2397
735804929040,2397
735805028942,2400
735805128844,2406
735805228746,2401
735805328648,2403
735805428550,2393
735805528452,2394
735805628354,2396
735805728256,2395
735805828158,2397
735805928060,2402
735806027962,2399
735806127864,2399
735806227766,2398
735806327668,2403
735806427570,2396
735806527472,2395
735806627374,2397
735806727276,2403
735806827178,2397
735806927080,2397
735807026982,2399
735807126884,2401
735807226786,2398
735807326688,2402
735807426590,2398
735807526492,2403
735807626394,2398
735807726296,2399
735807826198,2397
735807926100,2393
735808026004,2397
735808125906,2398
735808225808,2398
735808325710,2406
735808425612,2400
735808525514,2398
735808625416,2396
735808725318,2397
735808825220,2396
735808925122,2394
735809025024,2397
735809124926,2406
735809224828,2398
735809324731,2397
735809424635,2514
735809524539,2395
735809624441,2396
735809724343,2395
735809824245,2396
735809924147,2399
735810024049,2396
735810123951,2400
735810223853,2402
735810323755,2401
735810423657,2401
735810523559,2399
735810623461,2399
735810723364,2403
735810823266,2399
735810923168,2399
735811023070,2399
735811122972,2402
735811222874,2402
735811322776,2403
735811422678,2402
735811522580,2404
735811622482,2398
735811722384,2399
735811822286,2400
735811922188,2399
735812022090,2398
735812121992,2403
735812221894,2402
735812321796,2407
735812421698,2401
735812521600,2397
735812621502,2396
735812721405,2395
735812821307,2396
735812921209,2396
735813021111,2397
735813121013,2399
735813220915,2399
735813320817,2398
735813420719,2398
735813520621,2401
735813620523,2396
735813720425,2396
735813820327,2395
735813920229,2400
735814020131,2396
735814120033,2395
735814219935,2398
735814319837,2399
735814419739,2399
735814519641,2398
735814619543,2396
735814719446,2400
735814819348,2396
735814919250,2396
735815019152,2395
735815119054,2395
735815218956,2399
735815318858,2397
735815418760,2398
735815518662,2411
735815618564,2395
735815718466,2395
735815818368,2394
735815918270,2395
735816018172,2397
735816118074,2398
735816217976,2399
735816317878,2419
735816417780,2399
735816517682,2400
735816617584,2396
735816717487,2395
735816817389,2397
735816917291,2396
735817017193,2395
735817117095,2400
735817216997,2399
735817316899,2399
735817416801,2399
735817516703,2398
735817616605,2400
735817716507,2395
735817816409,2395
735817916311,2399
735818016213,2395
735818116115,2396
735818216017,2396
735818315919,2397
735818415821,2435
735818515723,2398
735818615625,2398
735818715528,2400
735818815430,2396
735818915332,2395
735819015234,2396
735819115136,2395
735819215038,2395
735819314940,2440
735819414844,2521
735819514748,2407
735819614650,2399
735819714552,2396
735819814454,2397
735819914356,2394
735820014258,2398
735820114160,2398
735820214062,2394
735820313964,2409
735820413866,2401
735820513768,2404
735820613670,2405
735820713573,2402
735820813475,2400
735820913377,2401
735821013279,2402
735821113181,2406
735821213083,2399
735821312985,2403
735821412887,2403
735821512789,2403
735821612691,2403
735821712593,2401
735821812495,2398
735821912397,2406
735822012299,2399
735822112201,2400
735822212103,2400
735822312005,2399
735822411907,2401
735822511809,2403
735822611711,2402
735822711613,2410
735822811515,2395
735822911417,2361
735823011319,2405
735823111221,2397
735823211123,2398
735823311025,2398
735823410927,2509
735823510829,2406
735823610731,2399
735823710633,2400
735823810535,2394
735823910437,2394
735824010339,2398
735824110241,2398
735824210143,2397
735824310045,2403
735824409947,2401
735824509849,2425
735824609751,2399
735824709654,2399
735824809556,2397
735824909458,2469
735825009360,2398
735825109262,2403
735825209164,2394
735825309066,2431
735825408968,2402
735825508870,2403
735825608772,2398
735825708674,2400
735825808576,2398
735825908478,2403
735826008380,2398
735826108282,2394
735826208184,2395
735826308086,2395
735826407988,2399
735826507890,2398
735826607792,2399
735826707694,2407
735826807596,2394
735826907498,2395
735827007400,2396
735827107302,2397
735827207204,2394
735827307106,2404
735827407008,2397
735827506910,2406
735827606830,2400
735827706732,2400
735827806634,2398
735827906536,2396
735828006438,2395
735828106340,2397
735828206242,2397
735828306144,2404
735828406046,2396
735828505948,2401
735828605850,2400
735828705752,2401
735828805654,2397
735828905556,2396
735829005458,2397
735829105360,2403
735829205262,2394
735829305164,2396
735829405077,2555
735829504981,2400
735829604883,2398
735829704785,2400
735829804687,2399
735829904589,2400
735830004491,2395
735830104393,2396
735830204295,2396
735830304197,2397
735830404099,2396
735830504006,2395
735830603908,2401
735830703810,2427
735830803712,2402
735830903614,2402
735831003516,2399
735831103418,2398
735831203320,2411
735831303222,2399
735831403124,2399
735831503026,2403
735831602928,2402
735831702830,2417
735831802732,2403
735831902634,2403
735832002536,2400
735832102438,2471
735832202340,2412
735832302242,2403
735832402144,2400
735832502046,2398
735832601948,2402
735832701851,2424
735832801753,2402
735832901655,2402
735833001557,2396
735833101459,2400
735833201361,2396
735833301263,2396
735833401165,2396
735833501067,2395
735833600969,2400
735833700871,2399
735833800773,2399
735833900675,2404
735834000577,2395
735834100479,2396
735834200381,2396
735834300283,2395
735834400185,2397
735834500087,2396
735834599989,2398
735834699891,2440
735834799793,2399
735834899695,2488
735834999597,2396
735835099499,2395
735835199401,2396
735835299303,2395
735835399205,2396
735835499107,2400
735835599009,2394
735835698911,2400
735835798813,2399
735835898715,2399
735835998617,2399
735836098519,2396
735836198421,2395
735836298323,2399
735836398225,2396
735836498127,2396
735836598029,2396
735836697931,2435
735836797833,2399
735836897735,2398
735836997637,2407
735837097539,2396
735837197441,2396
735837297343,2396
735837397245,2395
735837497147,2397
735837597049,2395
735837696951,2400
735837796853,2399
735837896755,2403
735837996657,2400
735838096559,2396
735838196461,2397
735838296363,2395
735838396265,2396
735838496167,2397
735838596069,2395
735838695972,2421
735838795874,2398
735838895776,2399
735838995678,2400
735839095580,2395
735839195482,2397
735839295384,2395
735839395287,2395
735839495189,2399
735839595091,2394
735839694993,2397
735839794895,2398
735839894797,2397
735839994699,2397
735840094601,2394
735840194503,2395
735840294405,2403
735840394308,2536
735840494212,2402
735840594114,2396
735840694016,2435
735840793918,2405
735840893820,2402
735840993722,2403
735841093624,2409
735841193526,2401
735841293428,2401
735841393330,2399
735841493232,2398
735841593134,2398
735841693036,2399
735841792938,2402
735841892840,2408
735841992742,2406
735842092644,2402
735842192546,2498
735842292448,2402
735842392350,2401
735842492252,2399
735842592154,2401
735842692056,2442
735842791958,2405
735842891860,2402
735842991762,2401
735843091664,2401
735843191566,2396
735843291468,2395
735843391370,2396
735843491272,2403
735843591174,2398
735843691076,2395
735843790978,2401
735843890880,2435
735843990783,2404
735844090685,2399
735844190587,2395
735844290489,2403
735844390391,2395
735844490293,2397
735844590195,2393
735844690097,2433
735844789999,2401
735844889901,2398
735844989803,2401
735845089705,2479
735845189607,2398
735845289509,2397
735845389411,2396
735845489313,2397
735845589215,2395
735845689117,2397
735845789019,2397
735845888921,2407
735845988823,2401
735846088725,2399
735846188627,2401
735846288529,2396
735846388431,2393
735846488333,2394
735846588235,2396
735846688137,2440
735846788039,2397
735846887941,2401
735846987843,2401
735847087745,2400
735847187647,2396
735847287549,2394
735847387451,2395
735847487353,2403
735847587255,2397
735847687157,2397
735847787059,2395
735847886961,2405
735847986863,2400
735848086765,2399
735848186667,2407
735848286569,2402
735848386471,2394
735848486373,2394
735848586275,2396
735848686177,2397
735848786079,2395
735848885981,2398
735848985883,2401
735849085785,2405
735849185687,2398
735849285589,2395
735849385493,2510
735849485397,2396
735849585299,2397
735849685201,2395
735849785103,2398
735849885005,2399
735849984907,2398
735850084809,2400
735850184711,2399
735850284613,2398
735850384531,2398
735850484433,2396
735850584335,2397
735850684237,2401
735850784139,2396
735850884041,2396
735850983943,2402
735851083845,2402
735851183747,2402
735851283649,2438
735851383551,2400
735851483453,2404
735851583355,2398
735851683257,2400
735851783159,2400
735851883061,2399
735851982963,2475
735852082865,2402
735852182767,2403
735852282669,2441
735852382571,2399
735852482473,2399
735852582375,2399
735852682278,2399
735852782180,2400
735852882082,2399
735852981984,2402
735853081886,2407
735853181788,2402
735853281690,2426
735853381592,2395
735853481494,2397
735853581396,2395
735853681298,2397
735853781200,2396
735853881102,2401
735853981004,2395
735854080906,2399
735854180808,2398
735854280710,2398
735854380612,2399
735854480514,2396
735854580416,2395
735854680318,2402
735854780220,2396
735854880122,2396
735854980024,2396
735855079926,2400
735855179828,2399
735855279730,2399
735855379632,2398
735855479534,2400
735855579436,2396
735855679338,2396
735855779240,2396
735855879142,2394
735855979044,2396
735856078946,2398
735856178848,2398
735856278750,2402
735856378652,2398
735856478554,2396
735856578456,2396
735856678359,2396
735856778261,2395
735856878163,2397
735856978065,2396
735857077967,2402
735857177869,2398
735857277771,2398
735857377673,2400
735857477575,2397
735857577477,2397
735857677379,2396
735857777281,2397
735857877183,2400
735857977085,2402
735858076987,2402
735858176889,2402
735858276791,2402
735858376693,2400
735858476595,2396
735858576497,2396
735858676400,2400
735858776302,2397
735858876204,2396
735858976106,2396
735859076008,2396
735859175910,2398
735859275812,2433
735859375715,2397
735859475617,2401
735859575519,2395
735859675421,2394
735859775323,2395
735859875226,2395
735859975128,2394
735860075030,2394
735860174932,2397
735860274834,2401
735860374736,2395
735860474638,2397
735860574540,2394
735860674443,2540
735860774347,2398
735860874249,2396
735860974151,2398
735861074053,2403
735861173955,2402
735861273857,2401
735861373759,2405
735861473661,2403
735861573563,2401
735861673465,2401
735861773367,2401
735861873269,2405
735861973171,2399
735862073073,2399
735862172975,2401
735862272877,2405
735862372779,2403
735862472682,2404
735862572584,2398
735862672486,2407
735862772388,2401
735862872290,2399
735862972192,2398
735863072094,2400
735863171996,2408
735863271898,2405
735863371800,2402
735863471702,2411
735863571604,2394
735863671506,2395
735863771408,2396
735863871310,2396
735863971213,2397
735864071115,2398
735864171017,2396
735864270919,2407
735864370821,2399
735864470723,2397
735864570625,2399
735864670527,2396
735864770429,2398
735864870333,2398
735864970235,2396
735865070137,2439
735865170039,2395
735865269941,2400
735865369843,2399
735865469745,2399
735865569647,2398
735865669549,2397
735865769451,2397
735865869353,2403
735865969255,2396
735866069157,2433
735866169059,2396
735866268961,2404
735866368863,2400
735866468765,2399
735866568667,2403
735866668570,2404
735866768472,2396
735866868374,2396
735866968276,2396
735867068178,2398
735867168080,2396
735867267982,2402
735867367884,2401
735867467786,2406
735867567688,2400
735867667590,2395
735867767492,2398
735867867394,2396
735867967296,2395
735868067198,2396
735868167100,2397
735868267004,2403
735868366906,2400
735868466808,2399
735868566710,2398
735868666612,2408
735868766514,2396
735868866416,2396
735868966318,2396
735869066220,2402
735869166122,2398
735869266024,2398
735869365926,2396
735869465828,2397
735869565730,2396
735869665632,2397
735869765534,2395
735869865436,2400
735869965338,2394
735870065240,2394
735870165142,2394
735870265044,2395
735870364946,2397
735870464849,2420
735870564751,2397
735870664653,2441
735870764555,2395
735870864457,2394
735870964359,2393
735871064261,2397
735871164163,2393
735871264065,2394
735871363967,2398
735871463869,2484
735871563771,2399
735871663673,2401
735871763575,2399
735871863477,2397
735871963379,2398
735872063281,2397
735872163183,2400
735872263085,2404
735872362987,2400
735872462889,2476
735872562791,2402
735872662694,2463
735872762598,2399
735872862500,2399
735872962402,2398
735873062319,2405
735873162221,2400
735873262123,2398
735873362025,2400
735873461927,2408
735873561829,2403
735873661731,2402
735873761633,2402
735873861535,2400
735873961437,2397
735874061339,2396
735874161241,2397
735874261143,2395
735874361045,2397
735874460947,2398
735874560849,2399
735874660751,2440
735874760653,2400
735874860555,2395
735874960457,2396
735875060359,2396
735875160261,2395
735875260163,2395
735875360065,2397
735875459967,2403
735875559869,2399
735875659771,2434
735875759673,2400
735875859575,2396
735875959477,2432
735876059379,2395
735876159281,2396
735876259183,2400
735876359085,2395
735876458987,2398
735876558889,2399
735876658791,2516
735876758694,2398
735876858596,2394
735876958498,2431
735877058400,2400
735877158302,2396
735877258204,2396
735877358106,2395
735877458008,2396
735877557910,2397
735877657812,2586
735877757714,2397
735877857616,2402
735877957518,2395
735878057420,2397
735878157322,2396
735878257224,2395
735878357126,2396
735878457028,2396
735878556930,2398
735878656832,2427
735878756735,2399
735878856637,2398
735878956539,2395
735879056441,2395
735879156343,2396
735879256245,2394
735879356149,2518
735879456053,2403
735879555955,2400
735879655857,2398
735879755759,2399
735879855661,2398
735879955563,2397
735880055465,2395
735880155367,2397
735880255269,2402
735880355171,2395
735880455073,2397
735880554975,2399
735880654877,2541
735880754779,2399
735880854681,2397
735880954583,2396
735881054485,2404
735881154387,2396
735881254289,2397
735881354191,2396
735881454093,2398
735881553995,2400
735881653897,2401
735881753799,2402
735881853701,2409
735881953603,2414
735882053505,2400
735882153407,2404
735882253309,2402
735882353211,2398
735882453113,2412
735882553015,2400
735882652917,2449
735882752820,2402
735882852722,2402
735882952624,2414
735883052526,2399
735883152428,2400
735883252330,2399
735883352232,2400
735883452134,2418
735883552036,2402
735883651938,2403
735883751840,2403
735883851742,2402
735883951644,2416
735884051546,2396
735884151448,2395
735884251350,2404
735884351252,2397
735884451154,2396
735884551057,2398
735884650959,2417
735884750861,2399
735884850763,2398
735884950665,2399
735885050567,2403
735885150469,2397
735885250371,2396
735885350273,2432
735885450175,2396
735885550077,2396
735885649979,2364
735885749881,2401
735885849783,2405
735885949685,2397
735886049587,2397
735886149489,2396
735886249391,2399
735886349293,2401
735886449195,2395
735886549097,2396
735886648999,2405
735886748901,2399
735886848803,2400
735886948705,2403
735887048607,2400
735887148509,2396
735887248411,2396
735887348313,2432
735887448215,2403
735887548117,2395
735887648019,2397
735887747921,2400
735887847823,2400
735887947725,2399
735888047627,2398
735888147529,2396
735888247431,2395
735888347333,2431
735888447235,2395
735888547137,2380
735888647039,2396
735888746941,2402
735888846843,2397
735888946745,2400
735889046647,2424
735889146549,2398
735889246451,2415
735889346355,2537
735889446259,2395
735889546161,2396
735889646063,2396
735889745965,2402
735889845867,2402
735889945769,2400
735890045671,2398
735890145573,2396
735890245475,2395
735890345377,2397
735890445279,2396
735890545181,2395
735890645083,2401
735890744985,2400
735890844887,2398
735890944789,2400
735891044691,2399
735891144593,2396
735891244495,2396
735891344397,2395
735891444299,2400
735891544201,2396
735891644103,2395
735891744006,2397
735891843908,2402
735891943810,2401
735892043712,2402
735892143614,2401
735892243516,2403
735892343418,2399
735892443320,2400
735892543222,2400
735892643124,2400
735892743027,2399
735892842929,2402
735892942831,2403
735893042733,2407
735893142635,2403
735893242537,2400
735893342439,2400
735893442341,2400
735893542243,2399
735893642145,2399
735893742048,2402
735893841950,2415
735893941852,2402
735894041754,2402
735894141656,2401
735894241558,2396
735894341460,2395
735894441362,2394
735894541264,2398
735894641166,2401
735894741069,2396
735894840971,2398
735894940873,2399
735895040775,2400
735895140677,2399
735895240579,2395
735895340481,2396
735895440383,2399
735895540285,2396
735895640187,2430
735895740089,2400
735895840009,2398
735895939911,2398
735896039813,2398
735896139715,2399
735896239617,2403
735896339519,2396
735896439421,2397
735896539324,2396
735896639226,2430
735896739128,2400
735896839030,2395
735896938932,2399
735897038834,2403
735897138736,2399
735897238638,2399
735897338540,2396
735897438442,2396
735897538345,2397
735897638247,2394
735897738149,2397
735897838051,2400
735897937953,2399
735898037855,2399
735898137757,2399
735898237659,2399
735898337561,2396
735898437463,2396
735898537365,2396
735898637267,2401
735898737170,2396
735898837072,2395
735898936974,2399
735899036876,2399
735899136778,2399
735899236680,2399
735899336584,2525
735899436486,2475
735899536388,2396
735899636290,2396
735899736192,2398
735899836094,2398
735899935996,2399
735900035898,2398
735900135800,2435
735900235702,2406
735900335604,2400
735900435506,2395
735900535408,2396
735900635310,2396
735900735212,2396
735900835114,2397
735900935016,2395
735901034918,2442
735901134820,2398
735901234722,2399
735901334624,2399
735901434526,2395
735901534428,2397
735901634330,2395
735901734232,2396
735901834134,2404
735901934036,2397
735902033938,2403
735902133840,2401
735902233742,2498
735902333644,2498
735902433546,2499
735902533448,2494
735902633350,2502
735902733252,2401
735902833154,2401
735902933056,2400
735903032958,2403
735903132860,2402
735903232762,2402
735903332664,2407
735903432566,2407
735903532468,2403
735903632370,2401
735903732272,2403
735903832174,2400
735903932076,2398
735904031979,2405
735904131881,2402
735904231783,2409
735904331685,2401
735904431587,2394
735904531489,2395
735904631391,2395
735904731294,2397
735904831196,2395
735904931098,2398
735905031003,2403
735905130905,2403
735905230807,2399
735905330709,2398
735905430611,2399
735905530513,2399
735905630415,2396
735905730317,2395
735905830219,2402
735905930121,2397
735906030023,2396
735906129925,2399
735906229827,2398
735906329729,2400
735906429631,2399
735906529533,2398
735906629435,2401
735906729337,2397
735906829239,2395
735906929141,2395
735907029043,2394
735907128945,2398
735907228847,2397
735907328749,2401
735907428651,2406
735907528553,2398
735907628455,2394
735907728357,2400
735907828259,2395
735907928161,2396
735908028063,2395
735908127965,2399
735908227867,2401
735908327769,2514
735908427671,2400
735908527573,2395
735908627475,2395
735908727377,2398
735908827279,2395
735908927181,2395
735909027083,2402
735909126985,2401
735909226887,2403
735909326791,2540
735909426695,2402
735909526597,2395
735909626499,2395
735909726401,2431
735909826303,2400
735909926205,2396
735910026107,2397
735910126009,2396
735910225911,2399
735910325813,2398
735910425715,2402
735910525617,2398
735910625519,2401
735910725421,2397
735910825323,2396
735910925225,2396
735911025127,2396
735911125029,2396
735911224931,2399
735911324833,2398
735911424735,2404
735911524637,2399
735911624539,2396
735911724441,2396
735911824343,2396
735911924245,2396
735912024147,2396
735912124049,2397
735912223951,2406
735912323853,2436
735912423755,2402
735912523657,2402
735912623559,2398
735912723462,2399
735912823364,2398
735912923266,2400
735913023168,2404
735913123070,2399
735913222972,2405
735913322874,2403
735913422776,2403
735913522678,2402
735913622580,2399
735913722482,2399
735913822384,2403
735913922286,2399
735914022188,2399
735914122090,2400
735914221992,2402
735914321894,2402
735914421796,2402
735914521698,2403
735914621600,2399
735914721503,2394
735914821405,2396
735914921307,2396
735915021209,2396
735915121111,2396
735915221013,2395
735915320915,2398
735915420817,2403
735915520719,2397
735915620621,2397
735915720523,2395
735915820425,2395
735915920327,2395
735916020229,2395
735916120131,2395
735916220033,2400
735916319935,2398
735916419837,2398
735916519739,2400
735916619641,2398
735916719544,2394
735916819446,2396
735916919348,2395
735917019250,2399
735917119152,2396
735917219054,2396
735917318956,2402
735917418858,2399
735917518760,2399
735917618662,2398
735917718564,2396
735917818466,2399
735917918368,2396
735918018270,2395
735918118172,2395
735918218074,2394
735918317976,2400
735918417878,2400
735918517780,2398
735918617698,2405
735918717601,2395
735918817503,2396
735918917405,2396
735919017307,2397
735919117209,2396
735919217111,2395
735919317014,2541
735919416918,2406
735919516820,2399
735919616722,2401
735919716624,2401
735919816526,2395
735919916428,2396
735920016330,2395
735920116232,2395
735920216134,2404
735920316036,2395
735920415938,2399
735920515840,2402
735920615742,2398
735920715644,2399
735920815546,2395
735920915448,2397
735921015350,2402
735921115252,2394
735921215154,2395
735921315056,2395
735921414958,2398
735921514860,2400
735921614762,2400
735921714664,2406
735921814566,2402
735921914468,2397
735922014370,2396
735922114272,2397
735922214174,2395
735922314076,2397
735922413978,2400
735922513880,2403
735922613782,2408
735922713685,2402
735922813587,2401
735922913489,2400
735923013391,2400
735923113293,2399
735923213195,2399
735923313097,2400
735923412999,2409
735923512901,2404
735923612803,2403
735923712705,2406
735923812607,2401
735923912509,2401
735924012411,2398
735924112313,2401
735924212215,2405
735924312117,2399
735924412019,2399
735924511921,2404
735924611823,2401
735924711726,2404
735924811628,2403
735924911530,2395
735925011432,2403
735925111334,2397
735925211236,2398
735925311138,2396
735925411040,2397
735925510942,2400
735925610844,2399
735925710746,2398
735925810648,2406
735925910550,2393
735926010452,2396
735926110354,2396
735926210256,2395
735926310158,2394
735926410060,2396
735926509962,2437
735926609864,2406
735926709766,2399
735926809668,2400
735926909570,2395
735927009472,2397
735927109374,2394
735927209276,2395
735927309178,2396
735927409080,2403
735927508982,2401
735927608884,2399
735927708786,2400
735927808688,2398
735927908590,2396
735928008492,2399
735928108394,2398
735928208296,2404
735928308198,2411
735928408100,2395
735928508004,2396
735928607906,2399
735928707808,2399
735928807710,2399
735928907612,2399
735929007514,2403
735929107416,2395
735929207318,2394
735929307220,2396
735929407124,2517
735929507028,2395
735929606930,2398
735929706832,2399
735929806734,2402
735929906636,2397
735930006538,2396
735930106440,2396
735930206342,2396
735930306244,2396
735930406146,2396
735930506048,2396
735930605950,2402
735930705853,2398
735930805755,2399
735930905657,2399
735931005559,2395
735931105461,2396
735931205363,2395
735931305265,2395
735931405167,2400
735931505069,2397
735931604971,2399
735931704873,2399
735931804775,2397
735931904677,2399
735932004579,2396
735932104481,2396
735932204383,2403
735932304285,2396
735932404187,2396
735932504089,2397
735932603991,2402
735932703894,2421
735932803796,2401
735932903698,2402
735933003600,2406
735933103502,2399
735933203404,2412
735933303306,2399
735933403208,2400
735933503110,2400
735933603012,2399
735933702914,2417
735933802816,2407
735933902718,2402
735934002620,2401
735934102522,2399
735934202425,2414
735934302327,2399
735934402229,2399
735934502131,2398
735934602033,2404
735934701936,2424
735934801838,2403
735934901740,2402
735935001642,2402
735935101544,2395
735935201446,2433
735935301348,2396
735935401250,2400
735935501152,2396
735935601054,2395
735935700956,2399
735935800858,2399
735935900760,2399
735936000662,2399
735936100564,2396
735936200466,2401
735936300368,2396
735936400270,2396
735936500172,2397
735936600074,2396
735936699976,2434
735936799878,2399
735936899780,2399
735936999682,2409
735937099584,2395
735937199486,2395
735937299388,2395
735937399290,2396
735937499192,2396
735937599094,2395
735937698996,2400
735937798898,2402
735937898800,2399
735937998702,2398
735938098604,2395
735938198506,2395
735938298408,2396
735938398310,2396
735938498212,2396
735938598114,2400
735938698016,2433
735938797918,2399
735938897820,2398
735938997722,2398
735939097624,2397
735939197526,2395
735939297428,2395
735939397332,2506
735939497236,2397
735939597138,2397
735939697040,2395
735939796942,2399
735939896844,2400
735939996746,2400
735940096648,2398
735940196550,2400
735940296452,2395
735940396354,2397
735940496256,2394
735940596158,2396
735940696060,2433
735940795962,2396
735940895864,2400
735940995766,2407
735941095668,2402
735941195570,2397
735941295486,2400
735941395390,2395
735941495292,2395
735941595194,2395
735941695096,2395
735941794998,2407
735941894900,2400
735941994802,2401
735942094704,2398
735942194606,2402
735942294508,2399
735942394410,2397
735942494312,2397
735942594214,2403
735942694116,2435
735942794018,2396
735942893920,2402
735942993822,2400
735943093724,2402
735943193626,2401
735943293528,2403
735943393430,2406
735943493332,2400
735943593234,2397
735943693136,2400
735943793038,2398
735943892940,2402
735943992842,2403
735944092744,2405
735944192646,2410
735944292548,2399
735944392450,2398
735944492352,2398
735944592254,2400
735944692156,2437
735944792058,2399
735944891960,2441
735944991862,2409
735945091764,2405
735945191666,2408
735945291568,2395
735945391470,2395
735945491372,2398
735945591274,2394
735945691176,2397
735945791078,2403
735945890980,2437
735945990882,2400
735946090784,2399
735946190686,2399
735946290588,2394
735946390490,2397
735946490392,2398
735946590294,2403
735946690196,2432
735946790098,2398
735946890003,2395
735946989905,2401
735947089807,2397
735947189709,2400
735947289611,2399
735947389513,2403
735947489415,2396
735947589317,2396
735947689219,2395
735947789121,2397
735947889023,2397
735947988925,2400
735948088827,2398
735948188729,2406
735948288631,2398
735948388533,2395
735948488435,2395
735948588337,2394
735948688239,2432
735948788141,2396
735948888043,2397
735948987945,2411
735949087847,2400
735949187749,2400
735949287651,2399
735949387555,2544
735949487459,2395
735949587361,2395
735949687263,2395
735949787165,2400
735949887067,2395
735949986969,2399
735950086871,2398
735950186773,2398
735950286675,2398
735950386577,2396
735950486479,2396
735950586381,2400
735950686283,2396
735950786185,2397
735950886087,2396
735950985989,2399
735951085891,2399
735951185793,2398
735951285695,2398
735951385597,2401
735951485499,2394
735951585401,2395
735951685303,2396
735951785205,2396
735951885107,2396
735951985009,2396
735952084911,2399
735952184813,2404
735952284715,2398
735952384617,2399
735952484519,2395
735952584421,2395
735952684323,2397
735952784225,2396
735952884127,2395
735952984029,2400
735953083931,2402
735953183833,2400
735953283735,2402
735953383637,2402
735953483539,2399
735953583441,2398
735953683343,2399
735953783245,2403
735953883147,2400
735953983049,2398
735954082951,2403
735954182853,2403
735954282755,2403
735954382657,2403
735954482559,2399
735954582461,2402
735954682364,2400
735954782266,2400
735954882168,2400
735954982070,2400
735955081972,2459
735955181874,2403
735955281776,2403
735955381678,2406
735955481580,2396
735955581482,2395
735955681384,2397
735955781286,2397
735955881188,2395
735955981090,2395
735956080992,2399
735956180894,2402
735956280796,2399
735956380698,2399
735956480600,2395
735956580502,2396
735956680404,2397
735956780306,2396
735956880208,2395
735956980110,2400
735957080012,2396
735957179914,2398
735957279816,2399
735957379718,2399
735957479620,2399
735957579522,2396
735957679424,2396
735957779326,2399
735957879228,2395
735957979130,2395
735958079032,2395
735958178934,2399
735958278836,2399
735958378738,2398
735958478640,2397
735958578542,2400
735958678445,2395
735958778347,2395
735958878249,2394
735958978151,2395
735959078053,2395
735959177955,2399
735959277857,2399
735959377761,2523
735959477665,2400
735959577567,2395
735959677469,2396
735959777371,2396
735959877273,2397
735959977175,2395
735960077077,2396
735960176979,2406
735960276881,2400
735960376783,2402
735960476685,2401
735960576587,2398
735960676489,2398
735960776391,2397
735960876293,2396
735960976195,2402
735961076097,2396
735961175999,2397
735961275901,2398
735961375803,2399
735961475705,2398
735961575607,2400
735961675509,2395
735961775411,2403
735961875313,2397
735961975215,2396
735962075117,2396
735962175019,2493
735962274921,2494
735962374823,2496
735962474725,2496
735962574627,2503
735962674529,2396
735962774431,2397
735962874333,2396
735962974235,2397
735963074137,2395
735963174039,2396
735963273941,2411
735963373843,2408
735963473745,2404
735963573647,2401
735963673549,2401
735963773451,2399
735963873353,2398
735963973255,2402
735964073173,2405
735964173075,2406
735964272977,2402
735964372879,2402
735964472781,2403
735964572683,2402
735964672585,2399
735964772487,2401
735964872389,2399
735964972291,2406
735965072193,2398
735965172095,2400
735965271997,2402
735965371899,2402
735965471801,2405
735965571703,2401
735965671605,2403
735965771507,2402
735965871409,2397
735965971311,2395
735966071213,2396
735966171115,2395
735966271017,2394
735966370919,2396
735966470821,2401
735966570723,2407
735966670625,2399
735966770527,2396
735966870429,2393
735966970331,2397
735967070233,2396
735967170135,2395
735967270037,2397
735967369939,2407
735967469841,2398
735967569743,2398
735967669645,2399
735967769547,2396
735967869449,2397
735967969351,2394
735968069253,2396
735968169155,2403
735968269057,2398
735968368959,2405
735968468861,2400
735968568763,2401
735968668665,2406
735968768567,2396
735968868469,2395
735968968371,2404
735969068273,2398
735969168175,2394
735969268077,2396
735969367981,2435
735969467885,2400
735969567787,2400
735969667689,2399
735969767591,2400
735969867493,2396
735969967395,2395
735970067297,2395
735970167199,2396
735970267101,2395
735970367003,2397
735970466905,2399
735970566807,2404
735970666709,2409
735970766612,2399
735970866514,2396
735970966416,2395
735971066318,2395
735971166220,2396
735971266122,2396
735971366024,2400
735971465926,2400
735971565828,2399
735971665730,2399
735971765632,2399
735971865534,2396
735971965436,2396
735972065338,2396
735972165240,2401
735972265142,2396
735972365044,2396
735972464947,2422
735972564849,2398
735972664751,2435
735972764653,2400
735972864555,2397
735972964457,2420
735973064359,2396
735973164261,2396
735973264163,2396
735973364065,2396
735973463967,2475
735973563869,2402
735973663771,2402
735973763673,2406
735973863577,2399
735973963479,2400
735974063381,2399
735974163283,2399
735974263185,2399
735974363087,2399
735974462989,2478
735974562891,2406
735974662793,2402
735974762695,2403
735974862597,2399
735974962499,2398
735975062401,2399
735975162303,2399
735975262205,2399
735975362107,2403
735975462009,2404
735975561911,2401
735975661813,2403
735975761715,2401
735975861617,2401
735975961519,2396
735976061421,2397
735976161323,2399
735976261225,2398
735976361127,2395
735976461029,2395
735976560931,2398
735976660833,2436
735976760735,2397
735976860637,2398
735976960539,2400
735977060441,2396
735977160343,2395
735977260245,2396
735977360147,2396
735977460049,2394
735977559951,2399
735977659853,2421
735977759755,2403
735977859657,2398
735977959559,2431
735978059461,2395
735978159363,2395
735978259265,2395
735978359167,2396
735978459069,2396
735978558971,2404
735978658873,2514
735978758775,2400
735978858677,2398
735978958579,2434
735979058481,2395
735979158383,2395
735979258285,2396
735979358188,2399
735979458090,2393
735979557992,2397
735979657894,2478
735979757796,2397
735979857698,2396
735979957602,2553
735980057506,2398
735980157408,2403
735980257310,2396
735980357212,2397
735980457114,2396
735980557016,2398
735980656918,2428
735980756820,2411
735980856722,2399
735980956624,2406
735981056526,2396
735981156428,2397
735981256330,2396
735981356232,2396
735981456134,2395
735981556036,2396
735981655938,2400
735981755840,2406
735981855742,2399
735981955644,2400
735982055546,2394
735982155448,2394
735982255350,2396
735982355252,2397
735982455154,2396
735982555056,2403
735982654958,2435
735982754860,2400
735982854762,2401
735982954664,2399
735983054566,2396
735983154468,2397
735983254370,2398
735983354272,2438
735983454174,2397
735983554076,2395
735983653978,2401
735983753880,2401
735983853782,2402
735983953684,2415
735984053586,2399
735984153488,2406
735984253390,2403
735984353292,2423
735984453194,2413
735984553096,2398
735984652998,2439
735984752900,2403
735984852802,2403
735984952704,2421
735985052606,2403
735985152508,2400
735985252410,2399
735985352312,2399
735985452214,2411
735985552116,2401
735985652018,2398
735985751920,2409
735985851822,2404
735985951724,2414
735986051626,2444
735986151528,2396
735986251430,2399
735986351332,2396
735986451234,2395
735986551136,2402
735986651038,2416
735986750954,2402
735986850856,2399
735986950758,2400
735987050660,2434
735987150562,2395
735987250464,2395
735987350366,2402
735987450268,2396
735987550170,2394
735987650072,2394
735987749974,2399
735987849876,2400
735987949778,2399
735988049680,2400
735988149582,2402
735988249484,2397
735988349386,2394
735988449288,2396
735988549190,2395
735988649092,2397
735988748994,2399
735988848896,2399
735988948798,2405
735989048700,2418
735989148602,2395
735989248504,2398
735989348408,2540
735989448312,2396
735989548214,2396
735989648116,2394
735989748018,2399
735989847920,2399
735989947822,2399
735990047724,2432
735990147626,2398
735990247528,2395
735990347430,2396
735990447332,2395
735990547234,2396
735990647136,2396
735990747038,2396
735990846940,2397
735990946842,2400
735991046744,2433
735991146646,2399
735991246548,2395
735991346450,2400
735991446352,2396
735991546254,2395
735991646156,2430
735991746058,2396
735991845960,2399
735991945862,2399
735992045764,2399
735992145666,2406
735992245568,2394
735992345470,2395
735992445372,2395
735992545274,2397
735992645176,2396
735992745078,2396
735992844980,2398
735992944882,2404
735993044784,2399
735993144686,2399
735993244588,2395
735993344490,2396
735993444392,2397
735993544294,2396
735993644196,2395
735993744098,2400
735993844006,2396
735993943908,2401
735994043810,2403
735994143712,2401
735994243614,2403
735994343516,2399
735994443418,2399
735994543320,2402
735994643222,2400
735994743124,2400
735994843026,2400
735994942928,2402
735995042830,2403
735995142732,2401
735995242634,2402
735995342536,2403
735995442438,2400
735995542340,2399
735995642242,2399
735995742144,2399
735995842046,2399
735995941948,2401
735996041850,2403
735996141752,2442
735996241654,2402
735996341556,2397
735996441458,2398
735996541360,2396
735996641262,2396
735996741164,2395
735996841066,2396
735996940968,2509
735997040870,2399
735997140772,2399
735997240674,2399
735997340576,2396
735997440478,2396
735997540380,2396
735997640282,2395
735997740184,2404
735997840086,2395
735997939988,2399
735998039890,2399
735998139792,2398
735998239694,2399
735998339596,2436
735998439498,2395
735998539400,2401
735998639302,2396
735998739204,2400
735998839106,2395
735998939008,2501
735999038910,2513
735999138812,2399
735999238714,2398
735999338616,2435
735999438520,2520
735999538424,2396
735999638326,2397
735999738228,2362
735999838130,2397
735999938032,2396
736000037934,2434
736000137836,2405
736000237738,2397
736000337640,2397
736000437542,2396
736000537444,2396
736000637346,2399
736000737248,2396
736000837150,2395
736000937052,2403
736001036954,2399
736001136856,2398
736001236758,2399
736001336660,2399
736001436562,2397
736001536464,2398
736001636366,2396
736001736268,2403
736001836170,2398
736001936072,2394
736002035974,2399
736002135876,2400
736002235778,2399
736002335680,2399
736002435582,2394
736002535484,2402
736002635386,2396
736002735288,2397
736002835190,2397
736002935092,2397
736003034994,2400
736003134896,2400
736003234798,2398
736003334700,2407
736003434602,2397
736003534504,2398
736003634406,2396
736003734308,2396
736003834210,2398
736003934112,2395
736004034014,2399
736004133916,2409
736004233818,2401
736004333720,2403
736004433622,2403
736004533524,2400
736004633426,2397
736004733328,2399
736004833230,2399
736004933132,2405
736005033034,2399
736005132936,2402
736005232838,2401
736005332740,2404
736005432642,2402
736005532544,2401
736005632446,2398
736005732348,2406
736005832250,2399
736005932152,2399
736006032054,2397
736006131956,2411
736006231858,2401
736006331760,2402
736006431662,2410
736006531564,2403
736006631466,2397
736006731368,2396
736006831270,2397
736006931172,2394
736007031074,2398
736007130976,2401
736007230878,2400
736007330780,2407
736007430682,2399
736007530584,2396
736007630486,2397
736007730388,2395
736007830290,2395
736007930192,2396
736008030094,2394
736008129996,2411
736008229898,2400
736008329800,2399
736008429702,2399
736008529604,2400
736008629506,2397
736008729408,2396
736008829310,2395
736008929212,2405
736009029114,2397
736009129016,2395
736009228918,2398
