3466909868773,3197
3466909968707,1467
3466910068630,1462
3466910168553,1456
3466910268475,1487
3466910368397,1448
3466910468319,1446
3466910568241,1388
3466910668164,1390
3466910768087,1389
3466910868009,1387
3466910967931,1391
3466911067853,1383
3466911167775,1378
3466911267697,1384
3466911367619,1385
3466911467541,1383
3466911567463,1382
3466911667385,1382
3466911767307,1383
3466911867229,1382
3466911967151,1381
3466912067073,1381
3466912166995,1387
3466912266917,1384
3466912366839,1386
3466912466761,1384
3466912566683,1389
3466912666605,1372
3466912766527,1370
3466912866449,1380
3466912966371,1381
3466913066293,1383
3466913166215,1380
3466913266137,1383
3466913366059,1382
3466913465981,1387
3466913565903,1386
3466913665825,1386
3466913765748,1384
3466913865670,1382
3466913965592,1381
3466914065514,1383
3466914165436,1379
3466914265358,1372
3466914365280,1374
3466914465202,1381
3466914565124,1379
3466914665046,1416
3466914764968,1390
3466914864890,1384
3466914964812,1459
3466915064734,1480
3466915164657,1467
3466915264580,1390
3466915364502,1384
3466915464424,1386
3466915564346,1381
3466915664268,1380
3466915764190,1378
3466915864112,1381
3466915964034,1380
3466916063956,1394
3466916163879,1388
3466916263801,1387
3466916363723,1385
3466916463645,1397
3466916563567,1394
3466916663490,1385
3466916763413,1389
3466916863335,1384
3466916963257,1389
3466917063179,1384
3466917163101,1403
3466917263023,1383
3466917362945,1387
3466917462867,1406
3466917562789,1387
3466917662711,1411
3466917762634,1388
3466917862556,1390
3466917962478,1379
3466918062400,1385
3466918162322,1381
3466918262244,1380
3466918362166,1381
3466918462088,1379
3466918562010,1390
3466918661932,1425
3466918761854,1385
3466918861776,1383
3466918961698,1383
3466919061620,1384
3466919161543,1413
3466919261465,1379
3466919361387,1379
3466919461309,1381
3466919561231,1389
3466919661153,1396
3466919761076,1386
3466919860998,1382
3466919960920,1388
3466920060843,1454
3466920160766,1473
3466920260689,1440
3466920360612,1436
3466920460534,1434
3466920560456,1435
3466920660378,1426
3466920760301,1375
3466920860223,1380
3466920960145,1380
3466921060067,1380
3466921159989,1381
3466921259911,1386
3466921359833,1384
3466921459755,1383
3466921559677,1387
3466921659599,1380
3466921759522,1377
3466921859444,1381
3466921959366,1379
3466922059288,1378
3466922159210,1382
3466922259132,1370
3466922359054,1376
3466922458976,1421
3466922558898,1383
3466922658820,1419
3466922758742,1386
3466922858664,1386
3466922958586,1382
3466923058508,1379
3466923158430,1379
3466923258352,1383
3466923358274,1378
3466923458197,1381
3466923558119,1380
3466923658042,1415
3466923757964,1385
3466923857886,1374
3466923957808,1371
3466924057730,1382
3466924157652,1383
3466924257574,1380
3466924357496,1374
3466924457418,1380
3466924557340,1379
3466924657262,1382
3466924757184,1383
3466924857106,1379
3466924957028,1381
3466925056950,1386
3466925156873,1462
3466925256796,1478
3466925356719,1438
3466925456641,1463
3466925556563,1504
3466925656485,1437
3466925756408,1447
3466925856330,1450
3466925956252,1443
3466926056174,1434
3466926156097,1436
3466926256019,1435
3466926355941,1436
3466926455863,1439
3466926555785,1470
3466926655707,1474
3466926755629,1382
3466926855551,1395
3466926955473,1379
3466927055395,1379
3466927155317,1379
3466927255239,1381
3466927355161,1399
3466927455083,1391
3466927555005,1390
3466927654927,1397
3466927754849,1382
3466927854771,1382
3466927954693,1390
3466928054615,1382
3466928154537,1388
3466928254459,1395
3466928354381,1401
3466928454303,1393
3466928554225,1380
3466928654147,1418
3466928754069,1379
3466928853991,1391
3466928953913,1400
3466929053835,1387
3466929153757,1386
3466929253679,1386
3466929353601,1383
3466929453523,1397
3466929553445,1383
3466929653367,1385
3466929753290,1388
3466929853212,1383
3466929953135,1432
3466930053058,1387
3466930152980,1398
3466930252902,1461
3466930352825,1463
3466930452747,1454
3466930552669,1441
3466930652591,1482
3466930752513,1378
3466930852435,1382
3466930952357,1379
3466931052279,1381
3466931152201,1384
3466931252123,1379
3466931352045,1380
3466931451986,1381
3466931551908,1382
3466931651830,1383
3466931751752,1383
3466931851674,1376
3466931951596,1372
3466932051518,1380
3466932151440,1382
3466932251362,1381
3466932351284,1414
3466932451206,1382
3466932551128,1379
3466932651050,1379
3466932750972,1384
3466932850894,1382
3466932950816,1384
3466933050738,1383
3466933150660,1386
3466933250582,1379
3466933350504,1381
3466933450426,1367
3466933550348,1369
3466933650270,1376
3466933750193,1382
3466933850115,1382
3466933950037,1382
3466934049959,1383
3466934149881,1387
3466934249803,1385
3466934349725,1382
3466934449647,1384
3466934549569,1379
3466934649491,1378
3466934749414,1380
3466934849336,1379
3466934949258,1379
3466935049180,1370
3466935149102,1368
3466935249024,1413
3466935348947,1453
3466935448870,1461
3466935548793,1436
3466935648716,1439
3466935748638,1492
3466935848560,1471
3466935948482,1486
3466936048404,1436
3466936148326,1446
3466936248248,1436
3466936348170,1451
3466936448092,1451
3466936548014,1435
3466936647936,1440
3466936747858,1384
3466936847780,1387
3466936947702,1391
3466937047624,1383
3466937147546,1392
3466937247468,1381
3466937347390,1379
3466937447312,1389
3466937547234,1381
3466937647156,1378
3466937747078,1383
3466937847004,1380
3466937946926,1382
3466938046848,1388
3466938146770,1420
3466938246692,1399
3466938346614,1380
3466938446536,1388
3466938546458,1380
3466938646380,1378
3466938746303,1386
3466938846225,1380
3466938946147,1379
3466939046069,1388
3466939145991,1464
3466939245913,1389
3466939345835,1397
3466939445757,1385
3466939545679,1384
3466939645601,1380
3466939745523,1379
3466939845445,1379
3466939945367,1488
3466940045289,1379
3466940145212,1414
3466940245134,1392
3466940345056,1396
3466940444978,1470
3466940544901,1471
3466940644823,1434
3466940744745,1384
3466940844667,1381
3466940944589,1382
3466941044511,1380
3466941144433,1377
3466941244355,1383
3466941344277,1381
3466941444199,1370
3466941544121,1371
3466941644043,1382
3466941743965,1386
3466941843887,1391
3466941943809,1387
3466942043731,1388
3466942143653,1407
3466942243575,1381
3466942343497,1384
3466942443419,1385
3466942543341,1386
3466942643263,1384
3466942743186,1387
3466942843109,1389
3466942943031,1381
3466943042953,1378
3466943142875,1395
3466943242797,1388
3466943342719,1385
3466943442641,1386
3466943542563,1381
3466943642485,1379
3466943742407,1381
3466943842329,1379
3466943942251,1379
3466944042173,1379
3466944142095,1377
3466944242017,1381
3466944341939,1384
3466944441861,1384
3466944541783,1384
3466944641705,1373
3466944741627,1370
3466944841549,1380
3466944941471,1379
3466945041393,1381
3466945141315,1380
3466945241237,1379
3466945341159,1382
3466945441081,1452
3466945541004,1441
3466945640927,1456
3466945740850,1447
3466945840773,1439
3466945940695,1439
3466946040617,1454
3466946140539,1436
3466946240462,1436
3466946340384,1436
3466946440306,1456
3466946540228,1454
3466946640151,1438
3466946740074,1380
3466946839996,1382
3466946939918,1386
3466947039840,1382
3466947139762,1383
3466947239684,1391
3466947339606,1381
3466947439528,1386
3466947539450,1379
3466947639372,1383
3466947739294,1380
3466947839216,1380
3466947939138,1446
3466948039060,1380
3466948138982,1384
3466948238904,1385
3466948338826,1384
3466948438748,1383
3466948538670,1383
3466948638592,1379
3466948738514,1384
3466948838436,1381
3466948938358,1390
3466949038280,1379
3466949138202,1381
3466949238124,1387
3466949338046,1381
3466949437968,1388
3466949537890,1382
3466949637812,1390
3466949737734,1391
3466949837657,1386
3466949937579,1386
3466950037501,1380
3466950137423,1390
3466950237345,1379
3466950337268,1385
3466950437190,1390
3466950537112,1378
3466950637034,1457
3466950736957,1475
3466950836879,1480
3466950936801,1384
3466951036723,1375
3466951136645,1374
3466951236567,1379
3466951336489,1380
3466951436411,1380
3466951536333,1378
3466951636255,1381
3466951736177,1380
3466951836099,1379
3466951936021,1381
3466952035943,1382
3466952135865,1384
3466952235787,1381
3466952335709,1383
3466952435631,1383
3466952535553,1380
3466952635475,1373
3466952735397,1371
3466952835319,1380
3466952935241,1380
3466953035182,1387
3466953135104,1381
3466953235026,1382
3466953334948,1385
3466953434870,1381
3466953534792,1385
3466953634714,1385
3466953734636,1384
3466953834559,1380
3466953934481,1381
3466954034403,1381
3466954134325,1377
3466954234247,1373
3466954334169,1373
3466954434091,1380
3466954534013,1381
3466954633935,1386
3466954733857,1387
3466954833779,1385
3466954933701,1385
3466955033623,1388
3466955133545,1384
3466955233467,1381
3466955333389,1383
3466955433311,1385
3466955533233,1383
3466955633155,1383
3466955733078,1463
3466955833003,1466
3466955932925,1440
3466956032848,1458
3466956132770,1449
3466956232692,1386
3466956332614,1384
3466956432536,1383
3466956532458,1380
3466956632380,1391
3466956732302,1395
3466956832224,1380
3466956932146,1384
3466957032068,1381
3466957131990,1382
3466957231912,1384
3466957331834,1382
3466957431756,1382
3466957531678,1400
3466957631600,1385
3466957731522,1380
3466957831445,1382
3466957931367,1385
3466958031289,1380
3466958131211,1383
3466958231133,1382
3466958331055,1380
3466958430977,1393
3466958530899,1420
3466958630821,1388
3466958730743,1386
3466958830665,1383
3466958930587,1424
3466959030509,1379
3466959130431,1409
3466959230353,1381
3466959330275,1380
3466959430197,1396
3466959530119,1384
3466959630041,1382
3466959729963,1383
3466959829885,1384
3466959929807,1383
3466960029729,1424
3466960129651,1383
3466960229573,1382
3466960329495,1381
3466960429417,1397
3466960529339,1409
3466960629261,1379
3466960729184,1386
